[0.027s] Invoking command in '/home/xinzhu/sentry_ws/build/rm_utils': CMAKE_PREFIX_PATH=${CMAKE_PREFIX_PATH}:/home/xinzhu/Desktop/sentry_ws/install/control_panel:/opt/ros/humble PS1=%F{green}%n@%m%f%F{white}:%f%F{blue}%~%f%F{white}$%f /usr/local/bin/cmake /home/xinzhu/sentry_ws/src/rm_utils -DCMAKE_BUILD_TYPE=Release -DAMENT_CMAKE_SYMLINK_INSTALL=1 -DCMAKE_INSTALL_PREFIX=/home/xinzhu/sentry_ws/install/rm_utils
[0.191s] -- The C compiler identification is GNU 11.4.0
[0.191s] [0mCMake Deprecation Warning at CMakeLists.txt:1 (cmake_minimum_required):
[0.191s]   Compatibility with CMake < 3.10 will be removed from a future version of
[0.191s]   CMake.
[0.191s] 
[0.191s]   Update the VERSION argument <min> value.  Or, use the <min>...<max> syntax
[0.191s]   to tell CMake that the project requires at least <min> but has been updated
[0.191s]   to work with policies introduced by <max> or earlier.
[0.191s] 
[0.191s] [0m
[0.263s] -- The CXX compiler identification is GNU 11.4.0
[0.271s] -- Detecting C compiler ABI info
[0.328s] -- Detecting C compiler ABI info - done
[0.342s] -- Check for working C compiler: /usr/bin/cc - skipped
[0.343s] -- Detecting C compile features
[0.343s] -- Detecting C compile features - done
[0.353s] -- Detecting CXX compiler ABI info
[0.408s] -- Detecting CXX compiler ABI info - done
[0.423s] -- Check for working CXX compiler: /usr/bin/c++ - skipped
[0.423s] -- Detecting CXX compile features
[0.423s] -- Detecting CXX compile features - done
[0.432s] -- Found ament_cmake: 1.3.13 (/opt/ros/humble/share/ament_cmake/cmake)
[0.552s] -- Found Python3: /usr/bin/python3 (found version "3.10.12") found components: Interpreter
[0.603s] -- Override CMake install command with custom implementation using symlinks instead of copying resources
[0.643s] -- Found rclcpp: 16.0.18 (/opt/ros/humble/share/rclcpp/cmake)
[0.713s] -- Found rosidl_generator_c: 3.1.8 (/opt/ros/humble/share/rosidl_generator_c/cmake)
[0.719s] -- Found rosidl_adapter: 3.1.8 (/opt/ros/humble/share/rosidl_adapter/cmake)
[0.736s] -- Found rosidl_generator_cpp: 3.1.8 (/opt/ros/humble/share/rosidl_generator_cpp/cmake)
[0.758s] -- Using all available rosidl_typesupport_c: rosidl_typesupport_fastrtps_c;rosidl_typesupport_introspection_c
[0.786s] -- Using all available rosidl_typesupport_cpp: rosidl_typesupport_fastrtps_cpp;rosidl_typesupport_introspection_cpp
[0.878s] -- Found rmw_implementation_cmake: 6.1.2 (/opt/ros/humble/share/rmw_implementation_cmake/cmake)
[0.884s] -- Found rmw_fastrtps_cpp: 6.2.10 (/opt/ros/humble/share/rmw_fastrtps_cpp/cmake)
[0.976s] -- Found OpenSSL: /usr/lib/x86_64-linux-gnu/libcrypto.so (found version "3.0.2")
[1.014s] -- Found FastRTPS: /opt/ros/humble/include
[1.056s] -- Using RMW implementation 'rmw_fastrtps_cpp' as default
[1.072s] -- Performing Test CMAKE_HAVE_LIBC_PTHREAD
[1.129s] -- Performing Test CMAKE_HAVE_LIBC_PTHREAD - Success
[1.130s] -- Found Threads: TRUE
[1.246s] -- Found eigen3_cmake_module: 0.1.1 (/opt/ros/humble/share/eigen3_cmake_module/cmake)
[1.258s] -- Found Eigen3: TRUE (found version "3.4.0")
[1.262s] -- Found geometry_msgs: 4.9.1 (/opt/ros/humble/share/geometry_msgs/cmake)
[1.298s] -- Found OpenCV: /usr/local (found suitable version "4.7.0", minimum required is "4")
[2.375s] -- Found AMD headers in: /usr/include/suitesparse
[2.380s] -- Found AMD library: /usr/lib/x86_64-linux-gnu/libamd.so
[2.382s] -- Found CAMD headers in: /usr/include/suitesparse
[2.385s] -- Found CAMD library: /usr/lib/x86_64-linux-gnu/libcamd.so
[2.386s] -- Found CCOLAMD headers in: /usr/include/suitesparse
[2.392s] -- Found CCOLAMD library: /usr/lib/x86_64-linux-gnu/libccolamd.so
[2.392s] -- Found CHOLMOD headers in: /usr/include/suitesparse
[2.394s] -- Found CHOLMOD library: /usr/lib/x86_64-linux-gnu/libcholmod.so
[2.394s] -- Found COLAMD headers in: /usr/include/suitesparse
[2.397s] -- Found COLAMD library: /usr/lib/x86_64-linux-gnu/libcolamd.so
[2.398s] -- Found SPQR headers in: /usr/include/suitesparse
[2.400s] -- Found SPQR library: /usr/lib/x86_64-linux-gnu/libspqr.so
[2.402s] -- Found Config headers in: /usr/include/suitesparse
[2.404s] -- Found Config library: /usr/lib/x86_64-linux-gnu/libsuitesparseconfig.so
[2.417s] -- Found Intel Thread Building Blocks (TBB) library (2021.5 / ) include location: . Assuming SuiteSparseQR was compiled with TBB.
[2.417s] -- Looking for shm_open in rt
[2.581s] -- Looking for shm_open in rt - found
[2.581s] -- Adding librt to SuiteSparse_config libraries (required on Linux & Unix [not OSX] if SuiteSparse is compiled with timing).
[2.599s] -- Could NOT find METIS (missing: METIS_INCLUDE_DIR METIS_LIBRARY) 
[2.601s] -- Found SuiteSparse: /usr/include/suitesparse (found suitable version "5.10.1", minimum required is "5.10.1") found components: AMD CAMD CCOLAMD CHOLMOD COLAMD SPQR Config
[2.611s] -- Found required Ceres dependency: Eigen version 3.4.0 in /usr/share/eigen3/cmake
[2.667s] -- Found required Ceres dependency: glog
[2.668s] -- Found required Ceres dependency: gflags
[2.673s] -- Found Ceres version: 2.2.0 installed in: /usr/local with components: [EigenSparse, SparseLinearAlgebraLibrary, LAPACK, SuiteSparse, SchurSpecializations]
[2.698s] -- Found ament_lint_auto: 0.12.15 (/opt/ros/humble/share/ament_lint_auto/cmake)
[2.994s] -- Added test 'cppcheck' to perform static code analysis on C / C++ code
[2.995s] -- Configured cppcheck include dirs: /home/xinzhu/sentry_ws/src/rm_utils/include
[2.995s] -- Configured cppcheck exclude dirs and/or files: 
[2.997s] -- Added test 'lint_cmake' to check CMake code style
[3.000s] -- Added test 'xmllint' to check XML markup files
[3.004s] -- Configuring done (3.0s)
[3.065s] -- Generating done (0.1s)
[3.071s] -- Build files have been written to: /home/xinzhu/sentry_ws/build/rm_utils
[3.119s] Invoked command in '/home/xinzhu/sentry_ws/build/rm_utils' returned '0': CMAKE_PREFIX_PATH=${CMAKE_PREFIX_PATH}:/home/xinzhu/Desktop/sentry_ws/install/control_panel:/opt/ros/humble PS1=%F{green}%n@%m%f%F{white}:%f%F{blue}%~%f%F{white}$%f /usr/local/bin/cmake /home/xinzhu/sentry_ws/src/rm_utils -DCMAKE_BUILD_TYPE=Release -DAMENT_CMAKE_SYMLINK_INSTALL=1 -DCMAKE_INSTALL_PREFIX=/home/xinzhu/sentry_ws/install/rm_utils
[3.119s] Invoking command in '/home/xinzhu/sentry_ws/build/rm_utils': CMAKE_PREFIX_PATH=${CMAKE_PREFIX_PATH}:/home/xinzhu/Desktop/sentry_ws/install/control_panel:/opt/ros/humble PS1=%F{green}%n@%m%f%F{white}:%f%F{blue}%~%f%F{white}$%f /usr/local/bin/cmake --build /home/xinzhu/sentry_ws/build/rm_utils -- -j16 -l16
[3.194s] [  8%] [32mBuilding CXX object CMakeFiles/rm_utils.dir/src/math/utils.cpp.o[0m
[3.194s] [ 16%] [32mBuilding CXX object CMakeFiles/fytlogger.dir/src/logger/logger_impl.cpp.o[0m
[3.197s] [ 33%] [32mBuilding CXX object CMakeFiles/fytlogger.dir/src/logger/writer.cpp.o[0m
[3.197s] [ 33%] [32mBuilding CXX object CMakeFiles/fytlogger.dir/src/logger/logger_pool.cpp.o[0m
[3.202s] [ 41%] [32mBuilding CXX object CMakeFiles/rm_utils.dir/src/math/trajectory_compensator.cpp.o[0m
[3.208s] [ 50%] [32mBuilding CXX object CMakeFiles/rm_utils.dir/src/math/manual_compensator.cpp.o[0m
[3.208s] [ 58%] [32mBuilding CXX object CMakeFiles/rm_utils.dir/src/math/pnp_solver.cpp.o[0m
[3.210s] [ 66%] [32mBuilding CXX object CMakeFiles/rm_utils.dir/src/math/extended_kalman_filter.cpp.o[0m
[3.215s] [ 75%] [32mBuilding CXX object CMakeFiles/rm_utils.dir/src/url_resolver.cpp.o[0m
[3.217s] [ 83%] [32mBuilding CXX object CMakeFiles/rm_utils.dir/src/heartbeat.cpp.o[0m
[6.815s] [ 91%] [32m[1mLinking CXX shared library libfytlogger.so[0m
[7.062s] [ 91%] Built target fytlogger
[18.786s] [100%] [32m[1mLinking CXX shared library librm_utils.so[0m
[19.031s] [100%] Built target rm_utils
[19.045s] Invoked command in '/home/xinzhu/sentry_ws/build/rm_utils' returned '0': CMAKE_PREFIX_PATH=${CMAKE_PREFIX_PATH}:/home/xinzhu/Desktop/sentry_ws/install/control_panel:/opt/ros/humble PS1=%F{green}%n@%m%f%F{white}:%f%F{blue}%~%f%F{white}$%f /usr/local/bin/cmake --build /home/xinzhu/sentry_ws/build/rm_utils -- -j16 -l16
[19.045s] Invoking command in '/home/xinzhu/sentry_ws/build/rm_utils': CMAKE_PREFIX_PATH=${CMAKE_PREFIX_PATH}:/home/xinzhu/Desktop/sentry_ws/install/control_panel:/opt/ros/humble PS1=%F{green}%n@%m%f%F{white}:%f%F{blue}%~%f%F{white}$%f /usr/local/bin/cmake --install /home/xinzhu/sentry_ws/build/rm_utils
[19.049s] -- Install configuration: "Release"
[19.049s] -- Execute custom install script
[19.049s] -- Symlinking: /home/xinzhu/sentry_ws/install/rm_utils/include/rm_utils/assert.hpp
[19.055s] -- Symlinking: /home/xinzhu/sentry_ws/install/rm_utils/include/rm_utils/common.hpp
[19.063s] -- Symlinking: /home/xinzhu/sentry_ws/install/rm_utils/include/rm_utils/heartbeat.hpp
[19.071s] -- Symlinking: /home/xinzhu/sentry_ws/install/rm_utils/include/rm_utils/logger/README.md
[19.082s] -- Symlinking: /home/xinzhu/sentry_ws/install/rm_utils/include/rm_utils/logger/exception.hpp
[19.087s] -- Symlinking: /home/xinzhu/sentry_ws/install/rm_utils/include/rm_utils/logger/impl/global_mutex.hpp
[19.093s] -- Symlinking: /home/xinzhu/sentry_ws/install/rm_utils/include/rm_utils/logger/impl/logger_impl.hpp
[19.098s] -- Symlinking: /home/xinzhu/sentry_ws/install/rm_utils/include/rm_utils/logger/impl/writer.hpp
[19.104s] -- Symlinking: /home/xinzhu/sentry_ws/install/rm_utils/include/rm_utils/logger/log.hpp
[19.109s] -- Symlinking: /home/xinzhu/sentry_ws/install/rm_utils/include/rm_utils/logger/logger_pool.hpp
[19.116s] -- Symlinking: /home/xinzhu/sentry_ws/install/rm_utils/include/rm_utils/logger/types.hpp
[19.122s] -- Symlinking: /home/xinzhu/sentry_ws/install/rm_utils/include/rm_utils/math/extended_kalman_filter.hpp
[19.127s] -- Symlinking: /home/xinzhu/sentry_ws/install/rm_utils/include/rm_utils/math/manual_compensator.hpp
[19.133s] -- Symlinking: /home/xinzhu/sentry_ws/install/rm_utils/include/rm_utils/math/particle_filter.hpp
[19.142s] -- Symlinking: /home/xinzhu/sentry_ws/install/rm_utils/include/rm_utils/math/pnp_solver.hpp
[19.153s] -- Symlinking: /home/xinzhu/sentry_ws/install/rm_utils/include/rm_utils/math/trajectory_compensator.hpp
[19.156s] -- Symlinking: /home/xinzhu/sentry_ws/install/rm_utils/include/rm_utils/math/utils.hpp
[19.161s] -- Symlinking: /home/xinzhu/sentry_ws/install/rm_utils/include/rm_utils/url_resolver.hpp
[19.167s] -- Symlinking: /home/xinzhu/sentry_ws/install/rm_utils/share/rm_utils/environment/library_path.sh
[19.173s] -- Symlinking: /home/xinzhu/sentry_ws/install/rm_utils/share/rm_utils/environment/library_path.dsv
[19.179s] -- Symlinking: /home/xinzhu/sentry_ws/install/rm_utils/share/ament_index/resource_index/package_run_dependencies/rm_utils
[19.192s] -- Symlinking: /home/xinzhu/sentry_ws/install/rm_utils/share/ament_index/resource_index/parent_prefix_path/rm_utils
[19.199s] -- Symlinking: /home/xinzhu/sentry_ws/install/rm_utils/share/rm_utils/environment/ament_prefix_path.sh
[19.213s] -- Symlinking: /home/xinzhu/sentry_ws/install/rm_utils/share/rm_utils/environment/ament_prefix_path.dsv
[19.219s] -- Symlinking: /home/xinzhu/sentry_ws/install/rm_utils/share/rm_utils/environment/path.sh
[19.228s] -- Symlinking: /home/xinzhu/sentry_ws/install/rm_utils/share/rm_utils/environment/path.dsv
[19.234s] -- Symlinking: /home/xinzhu/sentry_ws/install/rm_utils/share/rm_utils/local_setup.bash
[19.244s] -- Symlinking: /home/xinzhu/sentry_ws/install/rm_utils/share/rm_utils/local_setup.sh
[19.247s] -- Symlinking: /home/xinzhu/sentry_ws/install/rm_utils/share/rm_utils/local_setup.zsh
[19.252s] -- Symlinking: /home/xinzhu/sentry_ws/install/rm_utils/share/rm_utils/local_setup.dsv
[19.258s] -- Symlinking: /home/xinzhu/sentry_ws/install/rm_utils/share/rm_utils/package.dsv
[19.263s] -- Symlinking: /home/xinzhu/sentry_ws/install/rm_utils/share/ament_index/resource_index/packages/rm_utils
[19.269s] -- Symlinking: /home/xinzhu/sentry_ws/install/rm_utils/share/rm_utils/cmake/ament_cmake_export_targets-extras.cmake
[19.274s] -- Symlinking: /home/xinzhu/sentry_ws/install/rm_utils/share/rm_utils/cmake/ament_cmake_export_dependencies-extras.cmake
[19.280s] -- Symlinking: /home/xinzhu/sentry_ws/install/rm_utils/share/rm_utils/cmake/rm_utilsConfig.cmake
[19.285s] -- Symlinking: /home/xinzhu/sentry_ws/install/rm_utils/share/rm_utils/cmake/rm_utilsConfig-version.cmake
[19.291s] -- Symlinking: /home/xinzhu/sentry_ws/install/rm_utils/share/rm_utils/package.xml
[19.297s] -- Installing: /home/xinzhu/sentry_ws/install/rm_utils/lib/librm_utils.so
[19.297s] -- Set non-toolchain portion of runtime path of "/home/xinzhu/sentry_ws/install/rm_utils/lib/librm_utils.so" to ""
[19.297s] -- Installing: /home/xinzhu/sentry_ws/install/rm_utils/lib/libfytlogger.so
[19.298s] -- Installing: /home/xinzhu/sentry_ws/install/rm_utils/share/rm_utils/cmake/rm_utilsExport.cmake
[19.299s] -- Installing: /home/xinzhu/sentry_ws/install/rm_utils/share/rm_utils/cmake/rm_utilsExport-release.cmake
[19.300s] -- Installing: /home/xinzhu/sentry_ws/install/rm_utils/share/rm_utils/cmake/fytloggerExport.cmake
[19.302s] -- Installing: /home/xinzhu/sentry_ws/install/rm_utils/share/rm_utils/cmake/fytloggerExport-release.cmake
[19.303s] Invoked command in '/home/xinzhu/sentry_ws/build/rm_utils' returned '0': CMAKE_PREFIX_PATH=${CMAKE_PREFIX_PATH}:/home/xinzhu/Desktop/sentry_ws/install/control_panel:/opt/ros/humble PS1=%F{green}%n@%m%f%F{white}:%f%F{blue}%~%f%F{white}$%f /usr/local/bin/cmake --install /home/xinzhu/sentry_ws/build/rm_utils
