[0.046s] Invoking command in '/home/xinzhu/sentry_ws/build/rm_utils': CMAKE_PREFIX_PATH=${CMAKE_PREFIX_PATH}:/home/xinzhu/Desktop/sentry_ws/install/control_panel:/opt/ros/humble PS1=%F{green}%n@%m%f%F{white}:%f%F{blue}%~%f%F{white}$%f /usr/local/bin/cmake /home/xinzhu/sentry_ws/src/rm_utils -DAMENT_CMAKE_SYMLINK_INSTALL=1 -DCMAKE_INSTALL_PREFIX=/home/xinzhu/sentry_ws/install/rm_utils
[0.270s] -- Found ament_cmake: 1.3.13 (/opt/ros/humble/share/ament_cmake/cmake)
[0.270s] -- Override CMake install command with custom implementation using symlinks instead of copying resources
[0.270s] -- Found rclcpp: 16.0.18 (/opt/ros/humble/share/rclcpp/cmake)
[0.270s] -- Found rosidl_generator_c: 3.1.8 (/opt/ros/humble/share/rosidl_generator_c/cmake)
[0.270s] -- Found rosidl_adapter: 3.1.8 (/opt/ros/humble/share/rosidl_adapter/cmake)
[0.270s] -- Found rosidl_generator_cpp: 3.1.8 (/opt/ros/humble/share/rosidl_generator_cpp/cmake)
[0.271s] [0mCMake Deprecation Warning at CMakeLists.txt:1 (cmake_minimum_required):
[0.271s]   Compatibility with CMake < 3.10 will be removed from a future version of
[0.272s]   CMake.
[0.272s] 
[0.272s]   Update the VERSION argument <min> value.  Or, use the <min>...<max> syntax
[0.272s]   to tell CMake that the project requires at least <min> but has been updated
[0.272s]   to work with policies introduced by <max> or earlier.
[0.272s] 
[0.272s] [0m
[0.279s] -- Using all available rosidl_typesupport_c: rosidl_typesupport_fastrtps_c;rosidl_typesupport_introspection_c
[0.293s] -- Using all available rosidl_typesupport_cpp: rosidl_typesupport_fastrtps_cpp;rosidl_typesupport_introspection_cpp
[0.357s] -- Found rmw_implementation_cmake: 6.1.2 (/opt/ros/humble/share/rmw_implementation_cmake/cmake)
[0.361s] -- Found rmw_fastrtps_cpp: 6.2.10 (/opt/ros/humble/share/rmw_fastrtps_cpp/cmake)
[0.537s] -- Using RMW implementation 'rmw_fastrtps_cpp' as default
[0.622s] -- Found eigen3_cmake_module: 0.1.1 (/opt/ros/humble/share/eigen3_cmake_module/cmake)
[0.624s] -- Found geometry_msgs: 4.9.1 (/opt/ros/humble/share/geometry_msgs/cmake)
[0.842s] -- Found AMD headers in: /usr/include/suitesparse
[0.842s] -- Found AMD library: /usr/lib/x86_64-linux-gnu/libamd.so
[0.843s] -- Found CAMD headers in: /usr/include/suitesparse
[0.843s] -- Found CAMD library: /usr/lib/x86_64-linux-gnu/libcamd.so
[0.843s] -- Found CCOLAMD headers in: /usr/include/suitesparse
[0.843s] -- Found CCOLAMD library: /usr/lib/x86_64-linux-gnu/libccolamd.so
[0.843s] -- Found CHOLMOD headers in: /usr/include/suitesparse
[0.843s] -- Found CHOLMOD library: /usr/lib/x86_64-linux-gnu/libcholmod.so
[0.843s] -- Found COLAMD headers in: /usr/include/suitesparse
[0.843s] -- Found COLAMD library: /usr/lib/x86_64-linux-gnu/libcolamd.so
[0.843s] -- Found SPQR headers in: /usr/include/suitesparse
[0.843s] -- Found SPQR library: /usr/lib/x86_64-linux-gnu/libspqr.so
[0.843s] -- Found Config headers in: /usr/include/suitesparse
[0.843s] -- Found Config library: /usr/lib/x86_64-linux-gnu/libsuitesparseconfig.so
[0.845s] -- Found Intel Thread Building Blocks (TBB) library (2021.5 / ) include location: . Assuming SuiteSparseQR was compiled with TBB.
[0.845s] -- Adding librt to SuiteSparse_config libraries (required on Linux & Unix [not OSX] if SuiteSparse is compiled with timing).
[0.856s] -- Could NOT find METIS (missing: METIS_INCLUDE_DIR METIS_LIBRARY) 
[0.860s] -- Found required Ceres dependency: Eigen version 3.4.0 in /usr/share/eigen3/cmake
[0.867s] -- Found required Ceres dependency: glog
[0.868s] -- Found required Ceres dependency: gflags
[0.869s] -- Found Ceres version: 2.2.0 installed in: /usr/local with components: [EigenSparse, SparseLinearAlgebraLibrary, LAPACK, SuiteSparse, SchurSpecializations]
[0.878s] -- Found ament_lint_auto: 0.12.15 (/opt/ros/humble/share/ament_lint_auto/cmake)
[0.948s] -- Added test 'cppcheck' to perform static code analysis on C / C++ code
[0.948s] -- Configured cppcheck include dirs: /home/xinzhu/sentry_ws/src/rm_utils/include
[0.948s] -- Configured cppcheck exclude dirs and/or files: 
[0.949s] -- Added test 'lint_cmake' to check CMake code style
[0.950s] -- Added test 'xmllint' to check XML markup files
[0.952s] -- Configuring done (0.9s)
[0.996s] -- Generating done (0.0s)
[1.000s] -- Build files have been written to: /home/xinzhu/sentry_ws/build/rm_utils
[1.012s] Invoked command in '/home/xinzhu/sentry_ws/build/rm_utils' returned '0': CMAKE_PREFIX_PATH=${CMAKE_PREFIX_PATH}:/home/xinzhu/Desktop/sentry_ws/install/control_panel:/opt/ros/humble PS1=%F{green}%n@%m%f%F{white}:%f%F{blue}%~%f%F{white}$%f /usr/local/bin/cmake /home/xinzhu/sentry_ws/src/rm_utils -DAMENT_CMAKE_SYMLINK_INSTALL=1 -DCMAKE_INSTALL_PREFIX=/home/xinzhu/sentry_ws/install/rm_utils
[1.013s] Invoking command in '/home/xinzhu/sentry_ws/build/rm_utils': CMAKE_PREFIX_PATH=${CMAKE_PREFIX_PATH}:/home/xinzhu/Desktop/sentry_ws/install/control_panel:/opt/ros/humble PS1=%F{green}%n@%m%f%F{white}:%f%F{blue}%~%f%F{white}$%f /usr/local/bin/cmake --build /home/xinzhu/sentry_ws/build/rm_utils -- -j16 -l16
[1.042s] [ 33%] Built target fytlogger
[1.054s] [100%] Built target rm_utils
[1.060s] Invoked command in '/home/xinzhu/sentry_ws/build/rm_utils' returned '0': CMAKE_PREFIX_PATH=${CMAKE_PREFIX_PATH}:/home/xinzhu/Desktop/sentry_ws/install/control_panel:/opt/ros/humble PS1=%F{green}%n@%m%f%F{white}:%f%F{blue}%~%f%F{white}$%f /usr/local/bin/cmake --build /home/xinzhu/sentry_ws/build/rm_utils -- -j16 -l16
[1.062s] Invoking command in '/home/xinzhu/sentry_ws/build/rm_utils': CMAKE_PREFIX_PATH=${CMAKE_PREFIX_PATH}:/home/xinzhu/Desktop/sentry_ws/install/control_panel:/opt/ros/humble PS1=%F{green}%n@%m%f%F{white}:%f%F{blue}%~%f%F{white}$%f /usr/local/bin/cmake --install /home/xinzhu/sentry_ws/build/rm_utils
[1.067s] -- Install configuration: "Release"
[1.067s] -- Execute custom install script
[1.068s] -- Up-to-date symlink: /home/xinzhu/sentry_ws/install/rm_utils/include/rm_utils/assert.hpp
[1.068s] -- Up-to-date symlink: /home/xinzhu/sentry_ws/install/rm_utils/include/rm_utils/common.hpp
[1.068s] -- Up-to-date symlink: /home/xinzhu/sentry_ws/install/rm_utils/include/rm_utils/heartbeat.hpp
[1.069s] -- Up-to-date symlink: /home/xinzhu/sentry_ws/install/rm_utils/include/rm_utils/logger/README.md
[1.069s] -- Up-to-date symlink: /home/xinzhu/sentry_ws/install/rm_utils/include/rm_utils/logger/exception.hpp
[1.070s] -- Up-to-date symlink: /home/xinzhu/sentry_ws/install/rm_utils/include/rm_utils/logger/impl/global_mutex.hpp
[1.071s] -- Up-to-date symlink: /home/xinzhu/sentry_ws/install/rm_utils/include/rm_utils/logger/impl/logger_impl.hpp
[1.072s] -- Up-to-date symlink: /home/xinzhu/sentry_ws/install/rm_utils/include/rm_utils/logger/impl/writer.hpp
[1.072s] -- Up-to-date symlink: /home/xinzhu/sentry_ws/install/rm_utils/include/rm_utils/logger/log.hpp
[1.072s] -- Up-to-date symlink: /home/xinzhu/sentry_ws/install/rm_utils/include/rm_utils/logger/logger_pool.hpp
[1.072s] -- Up-to-date symlink: /home/xinzhu/sentry_ws/install/rm_utils/include/rm_utils/logger/types.hpp
[1.072s] -- Up-to-date symlink: /home/xinzhu/sentry_ws/install/rm_utils/include/rm_utils/math/extended_kalman_filter.hpp
[1.073s] -- Up-to-date symlink: /home/xinzhu/sentry_ws/install/rm_utils/include/rm_utils/math/manual_compensator.hpp
[1.073s] -- Up-to-date symlink: /home/xinzhu/sentry_ws/install/rm_utils/include/rm_utils/math/particle_filter.hpp
[1.073s] -- Up-to-date symlink: /home/xinzhu/sentry_ws/install/rm_utils/include/rm_utils/math/pnp_solver.hpp
[1.074s] -- Up-to-date symlink: /home/xinzhu/sentry_ws/install/rm_utils/include/rm_utils/math/trajectory_compensator.hpp
[1.074s] -- Up-to-date symlink: /home/xinzhu/sentry_ws/install/rm_utils/include/rm_utils/math/utils.hpp
[1.074s] -- Up-to-date symlink: /home/xinzhu/sentry_ws/install/rm_utils/include/rm_utils/url_resolver.hpp
[1.076s] -- Up-to-date symlink: /home/xinzhu/sentry_ws/install/rm_utils/share/rm_utils/environment/library_path.sh
[1.076s] -- Up-to-date symlink: /home/xinzhu/sentry_ws/install/rm_utils/share/rm_utils/environment/library_path.dsv
[1.077s] -- Up-to-date symlink: /home/xinzhu/sentry_ws/install/rm_utils/share/ament_index/resource_index/package_run_dependencies/rm_utils
[1.077s] -- Up-to-date symlink: /home/xinzhu/sentry_ws/install/rm_utils/share/ament_index/resource_index/parent_prefix_path/rm_utils
[1.077s] -- Up-to-date symlink: /home/xinzhu/sentry_ws/install/rm_utils/share/rm_utils/environment/ament_prefix_path.sh
[1.078s] -- Up-to-date symlink: /home/xinzhu/sentry_ws/install/rm_utils/share/rm_utils/environment/ament_prefix_path.dsv
[1.078s] -- Up-to-date symlink: /home/xinzhu/sentry_ws/install/rm_utils/share/rm_utils/environment/path.sh
[1.078s] -- Up-to-date symlink: /home/xinzhu/sentry_ws/install/rm_utils/share/rm_utils/environment/path.dsv
[1.079s] -- Up-to-date symlink: /home/xinzhu/sentry_ws/install/rm_utils/share/rm_utils/local_setup.bash
[1.081s] -- Up-to-date symlink: /home/xinzhu/sentry_ws/install/rm_utils/share/rm_utils/local_setup.sh
[1.081s] -- Up-to-date symlink: /home/xinzhu/sentry_ws/install/rm_utils/share/rm_utils/local_setup.zsh
[1.081s] -- Up-to-date symlink: /home/xinzhu/sentry_ws/install/rm_utils/share/rm_utils/local_setup.dsv
[1.081s] -- Symlinking: /home/xinzhu/sentry_ws/install/rm_utils/share/rm_utils/package.dsv
[1.085s] -- Up-to-date symlink: /home/xinzhu/sentry_ws/install/rm_utils/share/ament_index/resource_index/packages/rm_utils
[1.086s] -- Up-to-date symlink: /home/xinzhu/sentry_ws/install/rm_utils/share/rm_utils/cmake/ament_cmake_export_targets-extras.cmake
[1.086s] -- Up-to-date symlink: /home/xinzhu/sentry_ws/install/rm_utils/share/rm_utils/cmake/ament_cmake_export_dependencies-extras.cmake
[1.086s] -- Up-to-date symlink: /home/xinzhu/sentry_ws/install/rm_utils/share/rm_utils/cmake/rm_utilsConfig.cmake
[1.087s] -- Up-to-date symlink: /home/xinzhu/sentry_ws/install/rm_utils/share/rm_utils/cmake/rm_utilsConfig-version.cmake
[1.087s] -- Up-to-date symlink: /home/xinzhu/sentry_ws/install/rm_utils/share/rm_utils/package.xml
[1.088s] -- Up-to-date: /home/xinzhu/sentry_ws/install/rm_utils/lib/librm_utils.so
[1.089s] -- Up-to-date: /home/xinzhu/sentry_ws/install/rm_utils/lib/libfytlogger.so
[1.090s] -- Up-to-date: /home/xinzhu/sentry_ws/install/rm_utils/share/rm_utils/cmake/rm_utilsExport.cmake
[1.090s] -- Up-to-date: /home/xinzhu/sentry_ws/install/rm_utils/share/rm_utils/cmake/rm_utilsExport-release.cmake
[1.090s] -- Up-to-date: /home/xinzhu/sentry_ws/install/rm_utils/share/rm_utils/cmake/fytloggerExport.cmake
[1.090s] -- Up-to-date: /home/xinzhu/sentry_ws/install/rm_utils/share/rm_utils/cmake/fytloggerExport-release.cmake
[1.092s] Invoked command in '/home/xinzhu/sentry_ws/build/rm_utils' returned '0': CMAKE_PREFIX_PATH=${CMAKE_PREFIX_PATH}:/home/xinzhu/Desktop/sentry_ws/install/control_panel:/opt/ros/humble PS1=%F{green}%n@%m%f%F{white}:%f%F{blue}%~%f%F{white}$%f /usr/local/bin/cmake --install /home/xinzhu/sentry_ws/build/rm_utils
