[0mCMake Deprecation Warning at CMakeLists.txt:1 (cmake_minimum_required):
  Compatibility with CMake < 3.10 will be removed from a future version of
  CMake.

  Update the VERSION argument <min> value.  Or, use the <min>...<max> syntax
  to tell CMake that the project requires at least <min> but has been updated
  to work with policies introduced by <max> or earlier.

[0m
-- Found ament_cmake_auto: 1.3.13 (/opt/ros/humble/share/ament_cmake_auto/cmake)
-- Override CMake install command with custom implementation using symlinks instead of copying resources
-- Found ament_lint_auto: 0.12.15 (/opt/ros/humble/share/ament_lint_auto/cmake)
-- Added test 'lint_cmake' to check CMake code style
-- Added test 'xmllint' to check XML markup files
-- Configuring done (0.2s)
-- Generating done (0.0s)
-- Build files have been written to: /home/xinzhu/sentry_ws/build/rm_auto_aim
-- Install configuration: "Release"
-- Execute custom install script
-- Up-to-date symlink: /home/xinzhu/sentry_ws/install/rm_auto_aim/share/ament_index/resource_index/package_run_dependencies/rm_auto_aim
-- Up-to-date symlink: /home/xinzhu/sentry_ws/install/rm_auto_aim/share/ament_index/resource_index/parent_prefix_path/rm_auto_aim
-- Up-to-date symlink: /home/xinzhu/sentry_ws/install/rm_auto_aim/share/rm_auto_aim/environment/ament_prefix_path.sh
-- Up-to-date symlink: /home/xinzhu/sentry_ws/install/rm_auto_aim/share/rm_auto_aim/environment/ament_prefix_path.dsv
-- Up-to-date symlink: /home/xinzhu/sentry_ws/install/rm_auto_aim/share/rm_auto_aim/environment/path.sh
-- Up-to-date symlink: /home/xinzhu/sentry_ws/install/rm_auto_aim/share/rm_auto_aim/environment/path.dsv
-- Up-to-date symlink: /home/xinzhu/sentry_ws/install/rm_auto_aim/share/rm_auto_aim/local_setup.bash
-- Up-to-date symlink: /home/xinzhu/sentry_ws/install/rm_auto_aim/share/rm_auto_aim/local_setup.sh
-- Up-to-date symlink: /home/xinzhu/sentry_ws/install/rm_auto_aim/share/rm_auto_aim/local_setup.zsh
-- Up-to-date symlink: /home/xinzhu/sentry_ws/install/rm_auto_aim/share/rm_auto_aim/local_setup.dsv
-- Symlinking: /home/xinzhu/sentry_ws/install/rm_auto_aim/share/rm_auto_aim/package.dsv
-- Up-to-date symlink: /home/xinzhu/sentry_ws/install/rm_auto_aim/share/ament_index/resource_index/packages/rm_auto_aim
-- Up-to-date symlink: /home/xinzhu/sentry_ws/install/rm_auto_aim/share/rm_auto_aim/cmake/rm_auto_aimConfig.cmake
-- Up-to-date symlink: /home/xinzhu/sentry_ws/install/rm_auto_aim/share/rm_auto_aim/cmake/rm_auto_aimConfig-version.cmake
-- Up-to-date symlink: /home/xinzhu/sentry_ws/install/rm_auto_aim/share/rm_auto_aim/package.xml
