[0.127s] Invoking command in '/home/xinzhu/sentry_ws/build/rm_camera_driver': AMENT_PREFIX_PATH=/home/xinzhu/sentry_ws/install/rm_utils:${AMENT_PREFIX_PATH} CMAKE_PREFIX_PATH=/home/xinzhu/sentry_ws/install/rm_utils:/home/xinzhu/Desktop/sentry_ws/install/terrain_analysis_ext:/home/xinzhu/Desktop/sentry_ws/install/terrain_analysis:/home/xinzhu/Desktop/sentry_ws/install/sentry_description:/home/xinzhu/Desktop/sentry_ws/install/sentry_bringup:/home/xinzhu/Desktop/sentry_ws/install/sensor_scan_generation:/home/xinzhu/Desktop/sentry_ws/install/rm_bringup:/home/xinzhu/Desktop/sentry_ws/install/rm_serial_driver:/home/xinzhu/Desktop/sentry_ws/install/rm_camera_driver:/home/xinzhu/Desktop/sentry_ws/install/rm_auto_aim:/home/xinzhu/Desktop/sentry_ws/install/armor_solver:/home/xinzhu/Desktop/sentry_ws/install/armor_detector:/home/xinzhu/Desktop/sentry_ws/install/rm_utils:/home/xinzhu/Desktop/sentry_ws/install/rm_robot_description:/home/xinzhu/Desktop/sentry_ws/install/rm_decision_cpp:/home/xinzhu/Desktop/sentry_ws/install/cmd_chassis:/home/xinzhu/Desktop/sentry_ws/install/rm_interfaces:/home/xinzhu/Desktop/sentry_ws/install/fast_lio:/home/xinzhu/Desktop/sentry_ws/install/livox_ros_driver2:/home/xinzhu/Desktop/sentry_ws/install/icp_relocalization:/home/xinzhu/Desktop/sentry_ws/install/costmap_intensity:/home/xinzhu/Desktop/sentry_ws/install/behaviortree_cpp:/home/xinzhu/Desktop/sentry_ws/install/behavior_ext_plugins:/home/xinzhu/Desktop/sentry_ws/install/auto_aim_interfaces:/home/xinzhu/Desktop/sentry_ws/install/control_panel:/opt/ros/humble LD_LIBRARY_PATH=/home/xinzhu/sentry_ws/install/rm_utils/lib:${LD_LIBRARY_PATH} PS1=%F{green}%n@%m%f%F{white}:%f%F{blue}%~%f%F{white}$%f /usr/local/bin/cmake --build /home/xinzhu/sentry_ws/build/rm_camera_driver -- -j16 -l16
[0.160s] [ 25%] Built target rm_camera_driver_node
[0.161s] [ 50%] Built target video_player_node
[0.165s] [100%] Built target rm_camera_driver
[0.190s] Invoked command in '/home/xinzhu/sentry_ws/build/rm_camera_driver' returned '0': AMENT_PREFIX_PATH=/home/xinzhu/sentry_ws/install/rm_utils:${AMENT_PREFIX_PATH} CMAKE_PREFIX_PATH=/home/xinzhu/sentry_ws/install/rm_utils:/home/xinzhu/Desktop/sentry_ws/install/terrain_analysis_ext:/home/xinzhu/Desktop/sentry_ws/install/terrain_analysis:/home/xinzhu/Desktop/sentry_ws/install/sentry_description:/home/xinzhu/Desktop/sentry_ws/install/sentry_bringup:/home/xinzhu/Desktop/sentry_ws/install/sensor_scan_generation:/home/xinzhu/Desktop/sentry_ws/install/rm_bringup:/home/xinzhu/Desktop/sentry_ws/install/rm_serial_driver:/home/xinzhu/Desktop/sentry_ws/install/rm_camera_driver:/home/xinzhu/Desktop/sentry_ws/install/rm_auto_aim:/home/xinzhu/Desktop/sentry_ws/install/armor_solver:/home/xinzhu/Desktop/sentry_ws/install/armor_detector:/home/xinzhu/Desktop/sentry_ws/install/rm_utils:/home/xinzhu/Desktop/sentry_ws/install/rm_robot_description:/home/xinzhu/Desktop/sentry_ws/install/rm_decision_cpp:/home/xinzhu/Desktop/sentry_ws/install/cmd_chassis:/home/xinzhu/Desktop/sentry_ws/install/rm_interfaces:/home/xinzhu/Desktop/sentry_ws/install/fast_lio:/home/xinzhu/Desktop/sentry_ws/install/livox_ros_driver2:/home/xinzhu/Desktop/sentry_ws/install/icp_relocalization:/home/xinzhu/Desktop/sentry_ws/install/costmap_intensity:/home/xinzhu/Desktop/sentry_ws/install/behaviortree_cpp:/home/xinzhu/Desktop/sentry_ws/install/behavior_ext_plugins:/home/xinzhu/Desktop/sentry_ws/install/auto_aim_interfaces:/home/xinzhu/Desktop/sentry_ws/install/control_panel:/opt/ros/humble LD_LIBRARY_PATH=/home/xinzhu/sentry_ws/install/rm_utils/lib:${LD_LIBRARY_PATH} PS1=%F{green}%n@%m%f%F{white}:%f%F{blue}%~%f%F{white}$%f /usr/local/bin/cmake --build /home/xinzhu/sentry_ws/build/rm_camera_driver -- -j16 -l16
[0.190s] Invoking command in '/home/xinzhu/sentry_ws/build/rm_camera_driver': AMENT_PREFIX_PATH=/home/xinzhu/sentry_ws/install/rm_utils:${AMENT_PREFIX_PATH} CMAKE_PREFIX_PATH=/home/xinzhu/sentry_ws/install/rm_utils:/home/xinzhu/Desktop/sentry_ws/install/terrain_analysis_ext:/home/xinzhu/Desktop/sentry_ws/install/terrain_analysis:/home/xinzhu/Desktop/sentry_ws/install/sentry_description:/home/xinzhu/Desktop/sentry_ws/install/sentry_bringup:/home/xinzhu/Desktop/sentry_ws/install/sensor_scan_generation:/home/xinzhu/Desktop/sentry_ws/install/rm_bringup:/home/xinzhu/Desktop/sentry_ws/install/rm_serial_driver:/home/xinzhu/Desktop/sentry_ws/install/rm_camera_driver:/home/xinzhu/Desktop/sentry_ws/install/rm_auto_aim:/home/xinzhu/Desktop/sentry_ws/install/armor_solver:/home/xinzhu/Desktop/sentry_ws/install/armor_detector:/home/xinzhu/Desktop/sentry_ws/install/rm_utils:/home/xinzhu/Desktop/sentry_ws/install/rm_robot_description:/home/xinzhu/Desktop/sentry_ws/install/rm_decision_cpp:/home/xinzhu/Desktop/sentry_ws/install/cmd_chassis:/home/xinzhu/Desktop/sentry_ws/install/rm_interfaces:/home/xinzhu/Desktop/sentry_ws/install/fast_lio:/home/xinzhu/Desktop/sentry_ws/install/livox_ros_driver2:/home/xinzhu/Desktop/sentry_ws/install/icp_relocalization:/home/xinzhu/Desktop/sentry_ws/install/costmap_intensity:/home/xinzhu/Desktop/sentry_ws/install/behaviortree_cpp:/home/xinzhu/Desktop/sentry_ws/install/behavior_ext_plugins:/home/xinzhu/Desktop/sentry_ws/install/auto_aim_interfaces:/home/xinzhu/Desktop/sentry_ws/install/control_panel:/opt/ros/humble LD_LIBRARY_PATH=/home/xinzhu/sentry_ws/install/rm_utils/lib:${LD_LIBRARY_PATH} PS1=%F{green}%n@%m%f%F{white}:%f%F{blue}%~%f%F{white}$%f /usr/local/bin/cmake --install /home/xinzhu/sentry_ws/build/rm_camera_driver
[0.200s] -- Install configuration: "Release"
[0.200s] -- Execute custom install script
[0.200s] -- Up-to-date symlink: /home/xinzhu/sentry_ws/install/rm_camera_driver/lib/x86_64/1555df0c238ef408c62d6ff58221ca8742fb56f0.cache
[0.200s] -- Up-to-date symlink: /home/xinzhu/sentry_ws/install/rm_camera_driver/lib/x86_64/452e5af839bed9a84b2a73eb107232d644aabef8.cache
[0.200s] -- Up-to-date symlink: /home/xinzhu/sentry_ws/install/rm_camera_driver/lib/x86_64/GxGVTL.cti
[0.200s] -- Up-to-date symlink: /home/xinzhu/sentry_ws/install/rm_camera_driver/lib/x86_64/GxU3VTL.cti
[0.200s] -- Up-to-date symlink: /home/xinzhu/sentry_ws/install/rm_camera_driver/lib/x86_64/bc4b08373788f18282ff1e747a98dd6c21a8b629.cache
[0.200s] -- Up-to-date symlink: /home/xinzhu/sentry_ws/install/rm_camera_driver/lib/x86_64/libgxiapi.so
[0.200s] -- Up-to-date symlink: /home/xinzhu/sentry_ws/install/rm_camera_driver/lib/x86_64/libgxiapi.so.1.0.1904.8241
[0.201s] -- Up-to-date symlink: /home/xinzhu/sentry_ws/install/rm_camera_driver/lib/rm_camera_driver/rm_camera_driver_node
[0.201s] -- Up-to-date symlink: /home/xinzhu/sentry_ws/install/rm_camera_driver/lib/rm_camera_driver/video_player_node
[0.201s] -- Up-to-date symlink: /home/xinzhu/sentry_ws/install/rm_camera_driver/include/daheng/DxImageProc.h
[0.201s] -- Up-to-date symlink: /home/xinzhu/sentry_ws/install/rm_camera_driver/include/daheng/GxIAPI.h
[0.201s] -- Up-to-date symlink: /home/xinzhu/sentry_ws/install/rm_camera_driver/include/rm_camera_driver/daheng_camera.hpp
[0.201s] -- Up-to-date symlink: /home/xinzhu/sentry_ws/install/rm_camera_driver/include/rm_camera_driver/recorder.hpp
[0.202s] -- Up-to-date symlink: /home/xinzhu/sentry_ws/install/rm_camera_driver/share/rm_camera_driver/environment/library_path.sh
[0.202s] -- Up-to-date symlink: /home/xinzhu/sentry_ws/install/rm_camera_driver/share/rm_camera_driver/environment/library_path.dsv
[0.202s] -- Up-to-date symlink: /home/xinzhu/sentry_ws/install/rm_camera_driver/lib/librm_camera_driver.so
[0.202s] -- Up-to-date symlink: /home/xinzhu/sentry_ws/install/rm_camera_driver/share/ament_index/resource_index/package_run_dependencies/rm_camera_driver
[0.202s] -- Up-to-date symlink: /home/xinzhu/sentry_ws/install/rm_camera_driver/share/ament_index/resource_index/parent_prefix_path/rm_camera_driver
[0.202s] -- Up-to-date symlink: /home/xinzhu/sentry_ws/install/rm_camera_driver/share/rm_camera_driver/environment/ament_prefix_path.sh
[0.202s] -- Up-to-date symlink: /home/xinzhu/sentry_ws/install/rm_camera_driver/share/rm_camera_driver/environment/ament_prefix_path.dsv
[0.202s] -- Up-to-date symlink: /home/xinzhu/sentry_ws/install/rm_camera_driver/share/rm_camera_driver/environment/path.sh
[0.202s] -- Up-to-date symlink: /home/xinzhu/sentry_ws/install/rm_camera_driver/share/rm_camera_driver/environment/path.dsv
[0.202s] -- Up-to-date symlink: /home/xinzhu/sentry_ws/install/rm_camera_driver/share/rm_camera_driver/local_setup.bash
[0.202s] -- Up-to-date symlink: /home/xinzhu/sentry_ws/install/rm_camera_driver/share/rm_camera_driver/local_setup.sh
[0.202s] -- Up-to-date symlink: /home/xinzhu/sentry_ws/install/rm_camera_driver/share/rm_camera_driver/local_setup.zsh
[0.202s] -- Up-to-date symlink: /home/xinzhu/sentry_ws/install/rm_camera_driver/share/rm_camera_driver/local_setup.dsv
[0.203s] -- Symlinking: /home/xinzhu/sentry_ws/install/rm_camera_driver/share/rm_camera_driver/package.dsv
[0.205s] -- Up-to-date symlink: /home/xinzhu/sentry_ws/install/rm_camera_driver/share/ament_index/resource_index/packages/rm_camera_driver
[0.205s] -- Up-to-date symlink: /home/xinzhu/sentry_ws/install/rm_camera_driver/share/ament_index/resource_index/rclcpp_components/rm_camera_driver
[0.205s] -- Up-to-date symlink: /home/xinzhu/sentry_ws/install/rm_camera_driver/share/rm_camera_driver/cmake/ament_cmake_export_dependencies-extras.cmake
[0.205s] -- Up-to-date symlink: /home/xinzhu/sentry_ws/install/rm_camera_driver/share/rm_camera_driver/cmake/ament_cmake_export_include_directories-extras.cmake
[0.206s] -- Up-to-date symlink: /home/xinzhu/sentry_ws/install/rm_camera_driver/share/rm_camera_driver/cmake/ament_cmake_export_libraries-extras.cmake
[0.206s] -- Up-to-date symlink: /home/xinzhu/sentry_ws/install/rm_camera_driver/share/rm_camera_driver/cmake/rm_camera_driverConfig.cmake
[0.206s] -- Up-to-date symlink: /home/xinzhu/sentry_ws/install/rm_camera_driver/share/rm_camera_driver/cmake/rm_camera_driverConfig-version.cmake
[0.206s] -- Up-to-date symlink: /home/xinzhu/sentry_ws/install/rm_camera_driver/share/rm_camera_driver/package.xml
[0.220s] Invoked command in '/home/xinzhu/sentry_ws/build/rm_camera_driver' returned '0': AMENT_PREFIX_PATH=/home/xinzhu/sentry_ws/install/rm_utils:${AMENT_PREFIX_PATH} CMAKE_PREFIX_PATH=/home/xinzhu/sentry_ws/install/rm_utils:/home/xinzhu/Desktop/sentry_ws/install/terrain_analysis_ext:/home/xinzhu/Desktop/sentry_ws/install/terrain_analysis:/home/xinzhu/Desktop/sentry_ws/install/sentry_description:/home/xinzhu/Desktop/sentry_ws/install/sentry_bringup:/home/xinzhu/Desktop/sentry_ws/install/sensor_scan_generation:/home/xinzhu/Desktop/sentry_ws/install/rm_bringup:/home/xinzhu/Desktop/sentry_ws/install/rm_serial_driver:/home/xinzhu/Desktop/sentry_ws/install/rm_camera_driver:/home/xinzhu/Desktop/sentry_ws/install/rm_auto_aim:/home/xinzhu/Desktop/sentry_ws/install/armor_solver:/home/xinzhu/Desktop/sentry_ws/install/armor_detector:/home/xinzhu/Desktop/sentry_ws/install/rm_utils:/home/xinzhu/Desktop/sentry_ws/install/rm_robot_description:/home/xinzhu/Desktop/sentry_ws/install/rm_decision_cpp:/home/xinzhu/Desktop/sentry_ws/install/cmd_chassis:/home/xinzhu/Desktop/sentry_ws/install/rm_interfaces:/home/xinzhu/Desktop/sentry_ws/install/fast_lio:/home/xinzhu/Desktop/sentry_ws/install/livox_ros_driver2:/home/xinzhu/Desktop/sentry_ws/install/icp_relocalization:/home/xinzhu/Desktop/sentry_ws/install/costmap_intensity:/home/xinzhu/Desktop/sentry_ws/install/behaviortree_cpp:/home/xinzhu/Desktop/sentry_ws/install/behavior_ext_plugins:/home/xinzhu/Desktop/sentry_ws/install/auto_aim_interfaces:/home/xinzhu/Desktop/sentry_ws/install/control_panel:/opt/ros/humble LD_LIBRARY_PATH=/home/xinzhu/sentry_ws/install/rm_utils/lib:${LD_LIBRARY_PATH} PS1=%F{green}%n@%m%f%F{white}:%f%F{blue}%~%f%F{white}$%f /usr/local/bin/cmake --install /home/xinzhu/sentry_ws/build/rm_camera_driver
