[0.115s] Invoking command in '/home/xinzhu/sentry_ws/build/terrain_analysis': CMAKE_PREFIX_PATH=${CMAKE_PREFIX_PATH}:/home/xinzhu/sentry_ws/install/control_panel:/home/xinzhu/Desktop/sentry_ws/install/control_panel:/opt/ros/humble PS1=%F{green}%n@%m%f%F{white}:%f%F{blue}%~%f%F{white}$%f /usr/local/bin/cmake --build /home/xinzhu/sentry_ws/build/terrain_analysis -- -j16 -l16
[0.162s] [ 50%] Built target exchangeField
[0.195s] [100%] Built target terrainAnalysis
[0.250s] Invoked command in '/home/xinzhu/sentry_ws/build/terrain_analysis' returned '0': CMAKE_PREFIX_PATH=${CMAKE_PREFIX_PATH}:/home/xinzhu/sentry_ws/install/control_panel:/home/xinzhu/Desktop/sentry_ws/install/control_panel:/opt/ros/humble PS1=%F{green}%n@%m%f%F{white}:%f%F{blue}%~%f%F{white}$%f /usr/local/bin/cmake --build /home/xinzhu/sentry_ws/build/terrain_analysis -- -j16 -l16
[0.251s] Invoking command in '/home/xinzhu/sentry_ws/build/terrain_analysis': CMAKE_PREFIX_PATH=${CMAKE_PREFIX_PATH}:/home/xinzhu/sentry_ws/install/control_panel:/home/xinzhu/Desktop/sentry_ws/install/control_panel:/opt/ros/humble PS1=%F{green}%n@%m%f%F{white}:%f%F{blue}%~%f%F{white}$%f /usr/local/bin/cmake --install /home/xinzhu/sentry_ws/build/terrain_analysis
[0.259s] -- Install configuration: "Release"
[0.263s] -- Execute custom install script
[0.264s] -- Up-to-date symlink: /home/xinzhu/sentry_ws/install/terrain_analysis/lib/terrain_analysis/terrainAnalysis
[0.265s] -- Up-to-date symlink: /home/xinzhu/sentry_ws/install/terrain_analysis/lib/terrain_analysis/exchangeField
[0.266s] -- Up-to-date symlink: /home/xinzhu/sentry_ws/install/terrain_analysis/share/terrain_analysis/launch/exchangeFiled.launch
[0.267s] -- Up-to-date symlink: /home/xinzhu/sentry_ws/install/terrain_analysis/share/terrain_analysis/launch/terrain_analysis.launch
[0.267s] -- Up-to-date symlink: /home/xinzhu/sentry_ws/install/terrain_analysis/share/ament_index/resource_index/package_run_dependencies/terrain_analysis
[0.267s] -- Up-to-date symlink: /home/xinzhu/sentry_ws/install/terrain_analysis/share/ament_index/resource_index/parent_prefix_path/terrain_analysis
[0.268s] -- Up-to-date symlink: /home/xinzhu/sentry_ws/install/terrain_analysis/share/terrain_analysis/environment/ament_prefix_path.sh
[0.268s] -- Up-to-date symlink: /home/xinzhu/sentry_ws/install/terrain_analysis/share/terrain_analysis/environment/ament_prefix_path.dsv
[0.268s] -- Up-to-date symlink: /home/xinzhu/sentry_ws/install/terrain_analysis/share/terrain_analysis/environment/path.sh
[0.268s] -- Up-to-date symlink: /home/xinzhu/sentry_ws/install/terrain_analysis/share/terrain_analysis/environment/path.dsv
[0.268s] -- Up-to-date symlink: /home/xinzhu/sentry_ws/install/terrain_analysis/share/terrain_analysis/local_setup.bash
[0.268s] -- Up-to-date symlink: /home/xinzhu/sentry_ws/install/terrain_analysis/share/terrain_analysis/local_setup.sh
[0.268s] -- Up-to-date symlink: /home/xinzhu/sentry_ws/install/terrain_analysis/share/terrain_analysis/local_setup.zsh
[0.268s] -- Up-to-date symlink: /home/xinzhu/sentry_ws/install/terrain_analysis/share/terrain_analysis/local_setup.dsv
[0.269s] -- Symlinking: /home/xinzhu/sentry_ws/install/terrain_analysis/share/terrain_analysis/package.dsv
[0.273s] -- Up-to-date symlink: /home/xinzhu/sentry_ws/install/terrain_analysis/share/ament_index/resource_index/packages/terrain_analysis
[0.273s] -- Up-to-date symlink: /home/xinzhu/sentry_ws/install/terrain_analysis/share/terrain_analysis/cmake/terrain_analysisConfig.cmake
[0.276s] -- Up-to-date symlink: /home/xinzhu/sentry_ws/install/terrain_analysis/share/terrain_analysis/cmake/terrain_analysisConfig-version.cmake
[0.277s] -- Up-to-date symlink: /home/xinzhu/sentry_ws/install/terrain_analysis/share/terrain_analysis/package.xml
[0.299s] Invoked command in '/home/xinzhu/sentry_ws/build/terrain_analysis' returned '0': CMAKE_PREFIX_PATH=${CMAKE_PREFIX_PATH}:/home/xinzhu/sentry_ws/install/control_panel:/home/xinzhu/Desktop/sentry_ws/install/control_panel:/opt/ros/humble PS1=%F{green}%n@%m%f%F{white}:%f%F{blue}%~%f%F{white}$%f /usr/local/bin/cmake --install /home/xinzhu/sentry_ws/build/terrain_analysis
