-- Found ament_cmake: 1.3.14 (/opt/ros/humble/share/ament_cmake/cmake)
-- Override CMake install command with custom implementation using symlinks instead of copying resources
-- Found rosidl_default_generators: 1.2.1 (/opt/ros/humble/share/rosidl_default_generators/cmake)
-- Using all available rosidl_typesupport_c: rosidl_typesupport_fastrtps_c;rosidl_typesupport_introspection_c
-- Found rosidl_adapter: 3.1.8 (/opt/ros/humble/share/rosidl_adapter/cmake)
-- Using all available rosidl_typesupport_cpp: rosidl_typesupport_fastrtps_cpp;rosidl_typesupport_introspection_cpp
-- Found std_msgs: 4.9.1 (/opt/ros/humble/share/std_msgs/cmake)
-- Found geometry_msgs: 4.9.1 (/opt/ros/humble/share/geometry_msgs/cmake)
-- Found nav_msgs: 4.9.1 (/opt/ros/humble/share/nav_msgs/cmake)
-- Found ament_cmake_ros: 0.10.0 (/opt/ros/humble/share/ament_cmake_ros/cmake)
-- Using all available rosidl_typesupport_c: rosidl_typesupport_fastrtps_c;rosidl_typesupport_introspection_c
-- Using all available rosidl_typesupport_cpp: rosidl_typesupport_fastrtps_cpp;rosidl_typesupport_introspection_cpp
-- Found python_cmake_module: 0.10.0 (/opt/ros/humble/share/python_cmake_module/cmake)
-- Using PYTHON_EXECUTABLE: /usr/bin/python3
-- Using PYTHON_INCLUDE_DIRS: /usr/include/python3.10
-- Using PYTHON_LIBRARIES: /usr/lib/x86_64-linux-gnu/libpython3.10.so
-- Configuring done (2.1s)
-- Generating done (0.1s)
-- Build files have been written to: /home/xinzhu/sentry_ws/build/rm_interfaces
[  1%] [34m[1mGenerating C code for ROS interfaces[0m
[  2%] [34m[1mGenerating Rust code for ROS interfaces[0m
[  3%] [34m[1mGenerating C++ code for ROS interfaces[0m
[  3%] Built target ament_cmake_python_symlink_rm_interfaces
running egg_info
writing rm_interfaces.egg-info/PKG-INFO
writing dependency_links to rm_interfaces.egg-info/dependency_links.txt
writing top-level names to rm_interfaces.egg-info/top_level.txt
reading manifest file 'rm_interfaces.egg-info/SOURCES.txt'
writing manifest file 'rm_interfaces.egg-info/SOURCES.txt'
[  3%] Built target ament_cmake_python_build_rm_interfaces_egg
[  3%] Built target rm_interfaces__rs
[  3%] Built target rm_interfaces__cpp
[  5%] [34m[1mGenerating C++ type support dispatch for ROS interfaces[0m
[  6%] [34m[1mGenerating C++ type support for eProsima Fast-RTPS[0m
[  7%] [34m[1mGenerating C++ introspection for ROS interfaces[0m
[ 10%] [32mBuilding C object CMakeFiles/rm_interfaces__rosidl_generator_c.dir/rosidl_generator_c/rm_interfaces/msg/detail/chassis_cmd__functions.c.o[0m
[ 10%] [32mBuilding C object CMakeFiles/rm_interfaces__rosidl_generator_c.dir/rosidl_generator_c/rm_interfaces/msg/detail/game_state__functions.c.o[0m
[ 12%] [32mBuilding C object CMakeFiles/rm_interfaces__rosidl_generator_c.dir/rosidl_generator_c/rm_interfaces/msg/detail/sentry_cmd__functions.c.o[0m
[ 12%] [32mBuilding C object CMakeFiles/rm_interfaces__rosidl_generator_c.dir/rosidl_generator_c/rm_interfaces/msg/detail/gimbal__functions.c.o[0m
[ 13%] [32mBuilding C object CMakeFiles/rm_interfaces__rosidl_generator_c.dir/rosidl_generator_c/rm_interfaces/msg/detail/gimbal_cmd__functions.c.o[0m
[ 15%] [32mBuilding C object CMakeFiles/rm_interfaces__rosidl_generator_c.dir/rosidl_generator_c/rm_interfaces/msg/detail/shoot_cmd__functions.c.o[0m
[ 16%] [32mBuilding C object CMakeFiles/rm_interfaces__rosidl_generator_c.dir/rosidl_generator_c/rm_interfaces/msg/detail/robot_mode__functions.c.o[0m
[ 17%] [32m[1mLinking C shared library librm_interfaces__rosidl_generator_c.so[0m
[ 17%] Built target rm_interfaces__rosidl_generator_c
[ 18%] [34m[1mGenerating C type support for eProsima Fast-RTPS[0m
[ 20%] [34m[1mGenerating C introspection for ROS interfaces[0m
[ 21%] [34m[1mGenerating C type support dispatch for ROS interfaces[0m
[ 22%] [32mBuilding CXX object CMakeFiles/rm_interfaces__rosidl_typesupport_fastrtps_cpp.dir/rosidl_typesupport_fastrtps_cpp/rm_interfaces/msg/detail/dds_fastrtps/game_state__type_support.cpp.o[0m
[ 23%] [32mBuilding CXX object CMakeFiles/rm_interfaces__rosidl_typesupport_fastrtps_cpp.dir/rosidl_typesupport_fastrtps_cpp/rm_interfaces/msg/detail/dds_fastrtps/sentry_cmd__type_support.cpp.o[0m
[ 25%] [32mBuilding CXX object CMakeFiles/rm_interfaces__rosidl_typesupport_fastrtps_cpp.dir/rosidl_typesupport_fastrtps_cpp/rm_interfaces/msg/detail/dds_fastrtps/chassis_cmd__type_support.cpp.o[0m
[ 26%] [32mBuilding CXX object CMakeFiles/rm_interfaces__rosidl_typesupport_fastrtps_cpp.dir/rosidl_typesupport_fastrtps_cpp/rm_interfaces/msg/detail/dds_fastrtps/gimbal__type_support.cpp.o[0m
[ 27%] [32mBuilding CXX object CMakeFiles/rm_interfaces__rosidl_typesupport_fastrtps_cpp.dir/rosidl_typesupport_fastrtps_cpp/rm_interfaces/msg/detail/dds_fastrtps/gimbal_cmd__type_support.cpp.o[0m
[ 28%] [32mBuilding CXX object CMakeFiles/rm_interfaces__rosidl_typesupport_fastrtps_cpp.dir/rosidl_typesupport_fastrtps_cpp/rm_interfaces/msg/detail/dds_fastrtps/shoot_cmd__type_support.cpp.o[0m
[ 30%] [32mBuilding CXX object CMakeFiles/rm_interfaces__rosidl_typesupport_fastrtps_cpp.dir/rosidl_typesupport_fastrtps_cpp/rm_interfaces/msg/detail/dds_fastrtps/robot_mode__type_support.cpp.o[0m
[ 31%] [32mBuilding CXX object CMakeFiles/rm_interfaces__rosidl_typesupport_cpp.dir/rosidl_typesupport_cpp/rm_interfaces/msg/sentry_cmd__type_support.cpp.o[0m
[ 32%] [32mBuilding CXX object CMakeFiles/rm_interfaces__rosidl_typesupport_cpp.dir/rosidl_typesupport_cpp/rm_interfaces/msg/chassis_cmd__type_support.cpp.o[0m
[ 33%] [32mBuilding CXX object CMakeFiles/rm_interfaces__rosidl_typesupport_cpp.dir/rosidl_typesupport_cpp/rm_interfaces/msg/game_state__type_support.cpp.o[0m
[ 35%] [32mBuilding CXX object CMakeFiles/rm_interfaces__rosidl_typesupport_cpp.dir/rosidl_typesupport_cpp/rm_interfaces/msg/gimbal__type_support.cpp.o[0m
[ 36%] [32mBuilding CXX object CMakeFiles/rm_interfaces__rosidl_typesupport_cpp.dir/rosidl_typesupport_cpp/rm_interfaces/msg/gimbal_cmd__type_support.cpp.o[0m
[ 37%] [32mBuilding C object CMakeFiles/rm_interfaces__rosidl_typesupport_introspection_c.dir/rosidl_typesupport_introspection_c/rm_interfaces/msg/detail/game_state__type_support.c.o[0m
[ 38%] [32mBuilding C object CMakeFiles/rm_interfaces__rosidl_typesupport_introspection_c.dir/rosidl_typesupport_introspection_c/rm_interfaces/msg/detail/sentry_cmd__type_support.c.o[0m
[ 40%] [32mBuilding CXX object CMakeFiles/rm_interfaces__rosidl_typesupport_introspection_cpp.dir/rosidl_typesupport_introspection_cpp/rm_interfaces/msg/detail/game_state__type_support.cpp.o[0m
[ 41%] [32mBuilding C object CMakeFiles/rm_interfaces__rosidl_typesupport_introspection_c.dir/rosidl_typesupport_introspection_c/rm_interfaces/msg/detail/chassis_cmd__type_support.c.o[0m
[ 42%] [32mBuilding CXX object CMakeFiles/rm_interfaces__rosidl_typesupport_cpp.dir/rosidl_typesupport_cpp/rm_interfaces/msg/shoot_cmd__type_support.cpp.o[0m
[ 43%] [32mBuilding CXX object CMakeFiles/rm_interfaces__rosidl_typesupport_cpp.dir/rosidl_typesupport_cpp/rm_interfaces/msg/robot_mode__type_support.cpp.o[0m
[ 45%] [32mBuilding C object CMakeFiles/rm_interfaces__rosidl_typesupport_introspection_c.dir/rosidl_typesupport_introspection_c/rm_interfaces/msg/detail/gimbal__type_support.c.o[0m
[ 46%] [32mBuilding CXX object CMakeFiles/rm_interfaces__rosidl_typesupport_c.dir/rosidl_typesupport_c/rm_interfaces/msg/game_state__type_support.cpp.o[0m
[ 47%] [32mBuilding CXX object CMakeFiles/rm_interfaces__rosidl_typesupport_introspection_cpp.dir/rosidl_typesupport_introspection_cpp/rm_interfaces/msg/detail/sentry_cmd__type_support.cpp.o[0m
[ 48%] [32mBuilding CXX object CMakeFiles/rm_interfaces__rosidl_typesupport_introspection_cpp.dir/rosidl_typesupport_introspection_cpp/rm_interfaces/msg/detail/chassis_cmd__type_support.cpp.o[0m
[ 50%] [32mBuilding C object CMakeFiles/rm_interfaces__rosidl_typesupport_introspection_c.dir/rosidl_typesupport_introspection_c/rm_interfaces/msg/detail/gimbal_cmd__type_support.c.o[0m
[ 51%] [32mBuilding CXX object CMakeFiles/rm_interfaces__rosidl_typesupport_c.dir/rosidl_typesupport_c/rm_interfaces/msg/sentry_cmd__type_support.cpp.o[0m
[ 52%] [32mBuilding C object CMakeFiles/rm_interfaces__rosidl_typesupport_introspection_c.dir/rosidl_typesupport_introspection_c/rm_interfaces/msg/detail/shoot_cmd__type_support.c.o[0m
[ 53%] [32mBuilding CXX object CMakeFiles/rm_interfaces__rosidl_typesupport_fastrtps_c.dir/rosidl_typesupport_fastrtps_c/rm_interfaces/msg/detail/game_state__type_support_c.cpp.o[0m
[ 55%] [32mBuilding CXX object CMakeFiles/rm_interfaces__rosidl_typesupport_introspection_cpp.dir/rosidl_typesupport_introspection_cpp/rm_interfaces/msg/detail/gimbal__type_support.cpp.o[0m
[ 56%] [32mBuilding CXX object CMakeFiles/rm_interfaces__rosidl_typesupport_c.dir/rosidl_typesupport_c/rm_interfaces/msg/chassis_cmd__type_support.cpp.o[0m
[ 57%] [32mBuilding CXX object CMakeFiles/rm_interfaces__rosidl_typesupport_introspection_cpp.dir/rosidl_typesupport_introspection_cpp/rm_interfaces/msg/detail/gimbal_cmd__type_support.cpp.o[0m
[ 58%] [32mBuilding C object CMakeFiles/rm_interfaces__rosidl_typesupport_introspection_c.dir/rosidl_typesupport_introspection_c/rm_interfaces/msg/detail/robot_mode__type_support.c.o[0m
[ 60%] [32mBuilding CXX object CMakeFiles/rm_interfaces__rosidl_typesupport_fastrtps_c.dir/rosidl_typesupport_fastrtps_c/rm_interfaces/msg/detail/sentry_cmd__type_support_c.cpp.o[0m
[ 61%] [32mBuilding CXX object CMakeFiles/rm_interfaces__rosidl_typesupport_c.dir/rosidl_typesupport_c/rm_interfaces/msg/gimbal__type_support.cpp.o[0m
[ 62%] [32m[1mLinking C shared library librm_interfaces__rosidl_typesupport_introspection_c.so[0m
[ 63%] [32mBuilding CXX object CMakeFiles/rm_interfaces__rosidl_typesupport_c.dir/rosidl_typesupport_c/rm_interfaces/msg/gimbal_cmd__type_support.cpp.o[0m
[ 63%] Built target rm_interfaces__rosidl_typesupport_introspection_c
[ 65%] [32mBuilding CXX object CMakeFiles/rm_interfaces__rosidl_typesupport_introspection_cpp.dir/rosidl_typesupport_introspection_cpp/rm_interfaces/msg/detail/shoot_cmd__type_support.cpp.o[0m
[ 66%] [32mBuilding CXX object CMakeFiles/rm_interfaces__rosidl_typesupport_introspection_cpp.dir/rosidl_typesupport_introspection_cpp/rm_interfaces/msg/detail/robot_mode__type_support.cpp.o[0m
[ 67%] [32mBuilding CXX object CMakeFiles/rm_interfaces__rosidl_typesupport_c.dir/rosidl_typesupport_c/rm_interfaces/msg/shoot_cmd__type_support.cpp.o[0m
[ 68%] [32mBuilding CXX object CMakeFiles/rm_interfaces__rosidl_typesupport_fastrtps_c.dir/rosidl_typesupport_fastrtps_c/rm_interfaces/msg/detail/chassis_cmd__type_support_c.cpp.o[0m
[ 70%] [32mBuilding CXX object CMakeFiles/rm_interfaces__rosidl_typesupport_c.dir/rosidl_typesupport_c/rm_interfaces/msg/robot_mode__type_support.cpp.o[0m
[ 71%] [32mBuilding CXX object CMakeFiles/rm_interfaces__rosidl_typesupport_fastrtps_c.dir/rosidl_typesupport_fastrtps_c/rm_interfaces/msg/detail/gimbal__type_support_c.cpp.o[0m
[ 72%] [32m[1mLinking CXX shared library librm_interfaces__rosidl_typesupport_c.so[0m
[ 73%] [32mBuilding CXX object CMakeFiles/rm_interfaces__rosidl_typesupport_fastrtps_c.dir/rosidl_typesupport_fastrtps_c/rm_interfaces/msg/detail/gimbal_cmd__type_support_c.cpp.o[0m
[ 75%] [32mBuilding CXX object CMakeFiles/rm_interfaces__rosidl_typesupport_fastrtps_c.dir/rosidl_typesupport_fastrtps_c/rm_interfaces/msg/detail/shoot_cmd__type_support_c.cpp.o[0m
[ 76%] [32m[1mLinking CXX shared library librm_interfaces__rosidl_typesupport_fastrtps_cpp.so[0m
[ 76%] Built target rm_interfaces__rosidl_typesupport_c
[ 77%] [32m[1mLinking CXX shared library librm_interfaces__rosidl_typesupport_cpp.so[0m
[ 78%] [32mBuilding CXX object CMakeFiles/rm_interfaces__rosidl_typesupport_fastrtps_c.dir/rosidl_typesupport_fastrtps_c/rm_interfaces/msg/detail/robot_mode__type_support_c.cpp.o[0m
[ 78%] Built target rm_interfaces__rosidl_typesupport_cpp
[ 78%] Built target rm_interfaces__rosidl_typesupport_fastrtps_cpp
[ 80%] [32m[1mLinking CXX shared library librm_interfaces__rosidl_typesupport_introspection_cpp.so[0m
[ 81%] [32m[1mLinking CXX shared library librm_interfaces__rosidl_typesupport_fastrtps_c.so[0m
[ 81%] Built target rm_interfaces__rosidl_typesupport_introspection_cpp
[ 81%] Built target rm_interfaces__rosidl_typesupport_fastrtps_c
[ 81%] Built target rm_interfaces
[ 82%] [34m[1mGenerating Python code for ROS interfaces[0m
[ 82%] Built target rm_interfaces__py
[ 83%] [32mBuilding C object CMakeFiles/rm_interfaces__rosidl_generator_py.dir/rosidl_generator_py/rm_interfaces/msg/_game_state_s.c.o[0m
[ 85%] [32mBuilding C object CMakeFiles/rm_interfaces__rosidl_generator_py.dir/rosidl_generator_py/rm_interfaces/msg/_sentry_cmd_s.c.o[0m
[ 86%] [32mBuilding C object CMakeFiles/rm_interfaces__rosidl_generator_py.dir/rosidl_generator_py/rm_interfaces/msg/_chassis_cmd_s.c.o[0m
[ 87%] [32mBuilding C object CMakeFiles/rm_interfaces__rosidl_generator_py.dir/rosidl_generator_py/rm_interfaces/msg/_gimbal_s.c.o[0m
[ 88%] [32mBuilding C object CMakeFiles/rm_interfaces__rosidl_generator_py.dir/rosidl_generator_py/rm_interfaces/msg/_gimbal_cmd_s.c.o[0m
[ 90%] [32mBuilding C object CMakeFiles/rm_interfaces__rosidl_generator_py.dir/rosidl_generator_py/rm_interfaces/msg/_shoot_cmd_s.c.o[0m
[ 91%] [32mBuilding C object CMakeFiles/rm_interfaces__rosidl_generator_py.dir/rosidl_generator_py/rm_interfaces/msg/_robot_mode_s.c.o[0m
[ 92%] [32m[1mLinking C shared library rosidl_generator_py/rm_interfaces/librm_interfaces__rosidl_generator_py.so[0m
[ 92%] Built target rm_interfaces__rosidl_generator_py
[ 93%] [32mBuilding C object CMakeFiles/rm_interfaces__rosidl_typesupport_c__pyext.dir/rosidl_generator_py/rm_interfaces/_rm_interfaces_s.ep.rosidl_typesupport_c.c.o[0m
[ 95%] [32mBuilding C object CMakeFiles/rm_interfaces__rosidl_typesupport_fastrtps_c__pyext.dir/rosidl_generator_py/rm_interfaces/_rm_interfaces_s.ep.rosidl_typesupport_fastrtps_c.c.o[0m
[ 96%] [32mBuilding C object CMakeFiles/rm_interfaces__rosidl_typesupport_introspection_c__pyext.dir/rosidl_generator_py/rm_interfaces/_rm_interfaces_s.ep.rosidl_typesupport_introspection_c.c.o[0m
[ 97%] [32m[1mLinking C shared library rosidl_generator_py/rm_interfaces/rm_interfaces_s__rosidl_typesupport_c.cpython-310-x86_64-linux-gnu.so[0m
[ 98%] [32m[1mLinking C shared library rosidl_generator_py/rm_interfaces/rm_interfaces_s__rosidl_typesupport_introspection_c.cpython-310-x86_64-linux-gnu.so[0m
[100%] [32m[1mLinking C shared library rosidl_generator_py/rm_interfaces/rm_interfaces_s__rosidl_typesupport_fastrtps_c.cpython-310-x86_64-linux-gnu.so[0m
[100%] Built target rm_interfaces__rosidl_typesupport_fastrtps_c__pyext
[100%] Built target rm_interfaces__rosidl_typesupport_c__pyext
[100%] Built target rm_interfaces__rosidl_typesupport_introspection_c__pyext
-- Install configuration: "Release"
-- Execute custom install script
-- Up-to-date symlink: /home/xinzhu/sentry_ws/install/rm_interfaces/share/ament_index/resource_index/rosidl_interfaces/rm_interfaces
-- Up-to-date symlink: /home/xinzhu/sentry_ws/install/rm_interfaces/include/rm_interfaces/rm_interfaces/msg/chassis_cmd.h
-- Up-to-date symlink: /home/xinzhu/sentry_ws/install/rm_interfaces/include/rm_interfaces/rm_interfaces/msg/detail/chassis_cmd__functions.h
-- Up-to-date symlink: /home/xinzhu/sentry_ws/install/rm_interfaces/include/rm_interfaces/rm_interfaces/msg/detail/chassis_cmd__struct.h
-- Up-to-date symlink: /home/xinzhu/sentry_ws/install/rm_interfaces/include/rm_interfaces/rm_interfaces/msg/detail/chassis_cmd__type_support.h
-- Up-to-date symlink: /home/xinzhu/sentry_ws/install/rm_interfaces/include/rm_interfaces/rm_interfaces/msg/detail/game_state__functions.h
-- Up-to-date symlink: /home/xinzhu/sentry_ws/install/rm_interfaces/include/rm_interfaces/rm_interfaces/msg/detail/game_state__struct.h
-- Up-to-date symlink: /home/xinzhu/sentry_ws/install/rm_interfaces/include/rm_interfaces/rm_interfaces/msg/detail/game_state__type_support.h
-- Up-to-date symlink: /home/xinzhu/sentry_ws/install/rm_interfaces/include/rm_interfaces/rm_interfaces/msg/detail/gimbal__functions.h
-- Up-to-date symlink: /home/xinzhu/sentry_ws/install/rm_interfaces/include/rm_interfaces/rm_interfaces/msg/detail/gimbal__struct.h
-- Up-to-date symlink: /home/xinzhu/sentry_ws/install/rm_interfaces/include/rm_interfaces/rm_interfaces/msg/detail/gimbal__type_support.h
-- Up-to-date symlink: /home/xinzhu/sentry_ws/install/rm_interfaces/include/rm_interfaces/rm_interfaces/msg/detail/gimbal_cmd__functions.h
-- Up-to-date symlink: /home/xinzhu/sentry_ws/install/rm_interfaces/include/rm_interfaces/rm_interfaces/msg/detail/gimbal_cmd__struct.h
-- Up-to-date symlink: /home/xinzhu/sentry_ws/install/rm_interfaces/include/rm_interfaces/rm_interfaces/msg/detail/gimbal_cmd__type_support.h
-- Up-to-date symlink: /home/xinzhu/sentry_ws/install/rm_interfaces/include/rm_interfaces/rm_interfaces/msg/detail/robot_mode__functions.h
-- Up-to-date symlink: /home/xinzhu/sentry_ws/install/rm_interfaces/include/rm_interfaces/rm_interfaces/msg/detail/robot_mode__struct.h
-- Up-to-date symlink: /home/xinzhu/sentry_ws/install/rm_interfaces/include/rm_interfaces/rm_interfaces/msg/detail/robot_mode__type_support.h
-- Up-to-date symlink: /home/xinzhu/sentry_ws/install/rm_interfaces/include/rm_interfaces/rm_interfaces/msg/detail/sentry_cmd__functions.h
-- Up-to-date symlink: /home/xinzhu/sentry_ws/install/rm_interfaces/include/rm_interfaces/rm_interfaces/msg/detail/sentry_cmd__struct.h
-- Up-to-date symlink: /home/xinzhu/sentry_ws/install/rm_interfaces/include/rm_interfaces/rm_interfaces/msg/detail/sentry_cmd__type_support.h
-- Up-to-date symlink: /home/xinzhu/sentry_ws/install/rm_interfaces/include/rm_interfaces/rm_interfaces/msg/detail/shoot_cmd__functions.h
-- Up-to-date symlink: /home/xinzhu/sentry_ws/install/rm_interfaces/include/rm_interfaces/rm_interfaces/msg/detail/shoot_cmd__struct.h
-- Up-to-date symlink: /home/xinzhu/sentry_ws/install/rm_interfaces/include/rm_interfaces/rm_interfaces/msg/detail/shoot_cmd__type_support.h
-- Up-to-date symlink: /home/xinzhu/sentry_ws/install/rm_interfaces/include/rm_interfaces/rm_interfaces/msg/game_state.h
-- Up-to-date symlink: /home/xinzhu/sentry_ws/install/rm_interfaces/include/rm_interfaces/rm_interfaces/msg/gimbal.h
-- Up-to-date symlink: /home/xinzhu/sentry_ws/install/rm_interfaces/include/rm_interfaces/rm_interfaces/msg/gimbal_cmd.h
-- Up-to-date symlink: /home/xinzhu/sentry_ws/install/rm_interfaces/include/rm_interfaces/rm_interfaces/msg/robot_mode.h
-- Up-to-date symlink: /home/xinzhu/sentry_ws/install/rm_interfaces/include/rm_interfaces/rm_interfaces/msg/rosidl_generator_c__visibility_control.h
-- Up-to-date symlink: /home/xinzhu/sentry_ws/install/rm_interfaces/include/rm_interfaces/rm_interfaces/msg/sentry_cmd.h
-- Up-to-date symlink: /home/xinzhu/sentry_ws/install/rm_interfaces/include/rm_interfaces/rm_interfaces/msg/shoot_cmd.h
-- Up-to-date symlink: /home/xinzhu/sentry_ws/install/rm_interfaces/share/rm_interfaces/environment/library_path.sh
-- Up-to-date symlink: /home/xinzhu/sentry_ws/install/rm_interfaces/share/rm_interfaces/environment/library_path.dsv
-- Up-to-date symlink: /home/xinzhu/sentry_ws/install/rm_interfaces/include/rm_interfaces/rm_interfaces/msg/detail/chassis_cmd__rosidl_typesupport_fastrtps_c.h
-- Up-to-date symlink: /home/xinzhu/sentry_ws/install/rm_interfaces/include/rm_interfaces/rm_interfaces/msg/detail/game_state__rosidl_typesupport_fastrtps_c.h
-- Up-to-date symlink: /home/xinzhu/sentry_ws/install/rm_interfaces/include/rm_interfaces/rm_interfaces/msg/detail/gimbal__rosidl_typesupport_fastrtps_c.h
-- Up-to-date symlink: /home/xinzhu/sentry_ws/install/rm_interfaces/include/rm_interfaces/rm_interfaces/msg/detail/gimbal_cmd__rosidl_typesupport_fastrtps_c.h
-- Up-to-date symlink: /home/xinzhu/sentry_ws/install/rm_interfaces/include/rm_interfaces/rm_interfaces/msg/detail/robot_mode__rosidl_typesupport_fastrtps_c.h
-- Up-to-date symlink: /home/xinzhu/sentry_ws/install/rm_interfaces/include/rm_interfaces/rm_interfaces/msg/detail/sentry_cmd__rosidl_typesupport_fastrtps_c.h
-- Up-to-date symlink: /home/xinzhu/sentry_ws/install/rm_interfaces/include/rm_interfaces/rm_interfaces/msg/detail/shoot_cmd__rosidl_typesupport_fastrtps_c.h
-- Up-to-date symlink: /home/xinzhu/sentry_ws/install/rm_interfaces/include/rm_interfaces/rm_interfaces/msg/rosidl_typesupport_fastrtps_c__visibility_control.h
-- Up-to-date symlink: /home/xinzhu/sentry_ws/install/rm_interfaces/include/rm_interfaces/rm_interfaces/msg/detail/chassis_cmd__rosidl_typesupport_introspection_c.h
-- Up-to-date symlink: /home/xinzhu/sentry_ws/install/rm_interfaces/include/rm_interfaces/rm_interfaces/msg/detail/game_state__rosidl_typesupport_introspection_c.h
-- Up-to-date symlink: /home/xinzhu/sentry_ws/install/rm_interfaces/include/rm_interfaces/rm_interfaces/msg/detail/gimbal__rosidl_typesupport_introspection_c.h
-- Up-to-date symlink: /home/xinzhu/sentry_ws/install/rm_interfaces/include/rm_interfaces/rm_interfaces/msg/detail/gimbal_cmd__rosidl_typesupport_introspection_c.h
-- Up-to-date symlink: /home/xinzhu/sentry_ws/install/rm_interfaces/include/rm_interfaces/rm_interfaces/msg/detail/robot_mode__rosidl_typesupport_introspection_c.h
-- Up-to-date symlink: /home/xinzhu/sentry_ws/install/rm_interfaces/include/rm_interfaces/rm_interfaces/msg/detail/sentry_cmd__rosidl_typesupport_introspection_c.h
-- Up-to-date symlink: /home/xinzhu/sentry_ws/install/rm_interfaces/include/rm_interfaces/rm_interfaces/msg/detail/shoot_cmd__rosidl_typesupport_introspection_c.h
-- Up-to-date symlink: /home/xinzhu/sentry_ws/install/rm_interfaces/include/rm_interfaces/rm_interfaces/msg/rosidl_typesupport_introspection_c__visibility_control.h
-- Up-to-date symlink: /home/xinzhu/sentry_ws/install/rm_interfaces/include/rm_interfaces/rm_interfaces/msg/chassis_cmd.hpp
-- Up-to-date symlink: /home/xinzhu/sentry_ws/install/rm_interfaces/include/rm_interfaces/rm_interfaces/msg/detail/chassis_cmd__builder.hpp
-- Up-to-date symlink: /home/xinzhu/sentry_ws/install/rm_interfaces/include/rm_interfaces/rm_interfaces/msg/detail/chassis_cmd__struct.hpp
-- Up-to-date symlink: /home/xinzhu/sentry_ws/install/rm_interfaces/include/rm_interfaces/rm_interfaces/msg/detail/chassis_cmd__traits.hpp
-- Up-to-date symlink: /home/xinzhu/sentry_ws/install/rm_interfaces/include/rm_interfaces/rm_interfaces/msg/detail/chassis_cmd__type_support.hpp
-- Up-to-date symlink: /home/xinzhu/sentry_ws/install/rm_interfaces/include/rm_interfaces/rm_interfaces/msg/detail/game_state__builder.hpp
-- Up-to-date symlink: /home/xinzhu/sentry_ws/install/rm_interfaces/include/rm_interfaces/rm_interfaces/msg/detail/game_state__struct.hpp
-- Up-to-date symlink: /home/xinzhu/sentry_ws/install/rm_interfaces/include/rm_interfaces/rm_interfaces/msg/detail/game_state__traits.hpp
-- Up-to-date symlink: /home/xinzhu/sentry_ws/install/rm_interfaces/include/rm_interfaces/rm_interfaces/msg/detail/game_state__type_support.hpp
-- Up-to-date symlink: /home/xinzhu/sentry_ws/install/rm_interfaces/include/rm_interfaces/rm_interfaces/msg/detail/gimbal__builder.hpp
-- Up-to-date symlink: /home/xinzhu/sentry_ws/install/rm_interfaces/include/rm_interfaces/rm_interfaces/msg/detail/gimbal__struct.hpp
-- Up-to-date symlink: /home/xinzhu/sentry_ws/install/rm_interfaces/include/rm_interfaces/rm_interfaces/msg/detail/gimbal__traits.hpp
-- Up-to-date symlink: /home/xinzhu/sentry_ws/install/rm_interfaces/include/rm_interfaces/rm_interfaces/msg/detail/gimbal__type_support.hpp
-- Up-to-date symlink: /home/xinzhu/sentry_ws/install/rm_interfaces/include/rm_interfaces/rm_interfaces/msg/detail/gimbal_cmd__builder.hpp
-- Up-to-date symlink: /home/xinzhu/sentry_ws/install/rm_interfaces/include/rm_interfaces/rm_interfaces/msg/detail/gimbal_cmd__struct.hpp
-- Up-to-date symlink: /home/xinzhu/sentry_ws/install/rm_interfaces/include/rm_interfaces/rm_interfaces/msg/detail/gimbal_cmd__traits.hpp
-- Up-to-date symlink: /home/xinzhu/sentry_ws/install/rm_interfaces/include/rm_interfaces/rm_interfaces/msg/detail/gimbal_cmd__type_support.hpp
-- Up-to-date symlink: /home/xinzhu/sentry_ws/install/rm_interfaces/include/rm_interfaces/rm_interfaces/msg/detail/robot_mode__builder.hpp
-- Up-to-date symlink: /home/xinzhu/sentry_ws/install/rm_interfaces/include/rm_interfaces/rm_interfaces/msg/detail/robot_mode__struct.hpp
-- Up-to-date symlink: /home/xinzhu/sentry_ws/install/rm_interfaces/include/rm_interfaces/rm_interfaces/msg/detail/robot_mode__traits.hpp
-- Up-to-date symlink: /home/xinzhu/sentry_ws/install/rm_interfaces/include/rm_interfaces/rm_interfaces/msg/detail/robot_mode__type_support.hpp
-- Up-to-date symlink: /home/xinzhu/sentry_ws/install/rm_interfaces/include/rm_interfaces/rm_interfaces/msg/detail/sentry_cmd__builder.hpp
-- Up-to-date symlink: /home/xinzhu/sentry_ws/install/rm_interfaces/include/rm_interfaces/rm_interfaces/msg/detail/sentry_cmd__struct.hpp
-- Up-to-date symlink: /home/xinzhu/sentry_ws/install/rm_interfaces/include/rm_interfaces/rm_interfaces/msg/detail/sentry_cmd__traits.hpp
-- Up-to-date symlink: /home/xinzhu/sentry_ws/install/rm_interfaces/include/rm_interfaces/rm_interfaces/msg/detail/sentry_cmd__type_support.hpp
-- Up-to-date symlink: /home/xinzhu/sentry_ws/install/rm_interfaces/include/rm_interfaces/rm_interfaces/msg/detail/shoot_cmd__builder.hpp
-- Up-to-date symlink: /home/xinzhu/sentry_ws/install/rm_interfaces/include/rm_interfaces/rm_interfaces/msg/detail/shoot_cmd__struct.hpp
-- Up-to-date symlink: /home/xinzhu/sentry_ws/install/rm_interfaces/include/rm_interfaces/rm_interfaces/msg/detail/shoot_cmd__traits.hpp
-- Up-to-date symlink: /home/xinzhu/sentry_ws/install/rm_interfaces/include/rm_interfaces/rm_interfaces/msg/detail/shoot_cmd__type_support.hpp
-- Up-to-date symlink: /home/xinzhu/sentry_ws/install/rm_interfaces/include/rm_interfaces/rm_interfaces/msg/game_state.hpp
-- Up-to-date symlink: /home/xinzhu/sentry_ws/install/rm_interfaces/include/rm_interfaces/rm_interfaces/msg/gimbal.hpp
-- Up-to-date symlink: /home/xinzhu/sentry_ws/install/rm_interfaces/include/rm_interfaces/rm_interfaces/msg/gimbal_cmd.hpp
-- Up-to-date symlink: /home/xinzhu/sentry_ws/install/rm_interfaces/include/rm_interfaces/rm_interfaces/msg/robot_mode.hpp
-- Up-to-date symlink: /home/xinzhu/sentry_ws/install/rm_interfaces/include/rm_interfaces/rm_interfaces/msg/rosidl_generator_cpp__visibility_control.hpp
-- Up-to-date symlink: /home/xinzhu/sentry_ws/install/rm_interfaces/include/rm_interfaces/rm_interfaces/msg/sentry_cmd.hpp
-- Up-to-date symlink: /home/xinzhu/sentry_ws/install/rm_interfaces/include/rm_interfaces/rm_interfaces/msg/shoot_cmd.hpp
-- Up-to-date symlink: /home/xinzhu/sentry_ws/install/rm_interfaces/include/rm_interfaces/rm_interfaces/msg/detail/chassis_cmd__rosidl_typesupport_fastrtps_cpp.hpp
-- Up-to-date symlink: /home/xinzhu/sentry_ws/install/rm_interfaces/include/rm_interfaces/rm_interfaces/msg/detail/game_state__rosidl_typesupport_fastrtps_cpp.hpp
-- Up-to-date symlink: /home/xinzhu/sentry_ws/install/rm_interfaces/include/rm_interfaces/rm_interfaces/msg/detail/gimbal__rosidl_typesupport_fastrtps_cpp.hpp
-- Up-to-date symlink: /home/xinzhu/sentry_ws/install/rm_interfaces/include/rm_interfaces/rm_interfaces/msg/detail/gimbal_cmd__rosidl_typesupport_fastrtps_cpp.hpp
-- Up-to-date symlink: /home/xinzhu/sentry_ws/install/rm_interfaces/include/rm_interfaces/rm_interfaces/msg/detail/robot_mode__rosidl_typesupport_fastrtps_cpp.hpp
-- Up-to-date symlink: /home/xinzhu/sentry_ws/install/rm_interfaces/include/rm_interfaces/rm_interfaces/msg/detail/sentry_cmd__rosidl_typesupport_fastrtps_cpp.hpp
-- Up-to-date symlink: /home/xinzhu/sentry_ws/install/rm_interfaces/include/rm_interfaces/rm_interfaces/msg/detail/shoot_cmd__rosidl_typesupport_fastrtps_cpp.hpp
-- Up-to-date symlink: /home/xinzhu/sentry_ws/install/rm_interfaces/include/rm_interfaces/rm_interfaces/msg/rosidl_typesupport_fastrtps_cpp__visibility_control.h
-- Up-to-date symlink: /home/xinzhu/sentry_ws/install/rm_interfaces/include/rm_interfaces/rm_interfaces/msg/detail/chassis_cmd__rosidl_typesupport_introspection_cpp.hpp
-- Up-to-date symlink: /home/xinzhu/sentry_ws/install/rm_interfaces/include/rm_interfaces/rm_interfaces/msg/detail/game_state__rosidl_typesupport_introspection_cpp.hpp
-- Up-to-date symlink: /home/xinzhu/sentry_ws/install/rm_interfaces/include/rm_interfaces/rm_interfaces/msg/detail/gimbal__rosidl_typesupport_introspection_cpp.hpp
-- Up-to-date symlink: /home/xinzhu/sentry_ws/install/rm_interfaces/include/rm_interfaces/rm_interfaces/msg/detail/gimbal_cmd__rosidl_typesupport_introspection_cpp.hpp
-- Up-to-date symlink: /home/xinzhu/sentry_ws/install/rm_interfaces/include/rm_interfaces/rm_interfaces/msg/detail/robot_mode__rosidl_typesupport_introspection_cpp.hpp
-- Up-to-date symlink: /home/xinzhu/sentry_ws/install/rm_interfaces/include/rm_interfaces/rm_interfaces/msg/detail/sentry_cmd__rosidl_typesupport_introspection_cpp.hpp
-- Up-to-date symlink: /home/xinzhu/sentry_ws/install/rm_interfaces/include/rm_interfaces/rm_interfaces/msg/detail/shoot_cmd__rosidl_typesupport_introspection_cpp.hpp
-- Up-to-date symlink: /home/xinzhu/sentry_ws/install/rm_interfaces/share/rm_interfaces/environment/pythonpath.sh
-- Up-to-date symlink: /home/xinzhu/sentry_ws/install/rm_interfaces/share/rm_interfaces/environment/pythonpath.dsv
-- Up-to-date symlink: /home/xinzhu/sentry_ws/install/rm_interfaces/local/lib/python3.10/dist-packages/rm_interfaces-0.0.1-py3.10.egg-info/PKG-INFO
-- Up-to-date symlink: /home/xinzhu/sentry_ws/install/rm_interfaces/local/lib/python3.10/dist-packages/rm_interfaces-0.0.1-py3.10.egg-info/SOURCES.txt
-- Up-to-date symlink: /home/xinzhu/sentry_ws/install/rm_interfaces/local/lib/python3.10/dist-packages/rm_interfaces-0.0.1-py3.10.egg-info/dependency_links.txt
-- Up-to-date symlink: /home/xinzhu/sentry_ws/install/rm_interfaces/local/lib/python3.10/dist-packages/rm_interfaces-0.0.1-py3.10.egg-info/top_level.txt
-- Up-to-date symlink: /home/xinzhu/sentry_ws/install/rm_interfaces/local/lib/python3.10/dist-packages/rm_interfaces/__init__.py
-- Up-to-date symlink: /home/xinzhu/sentry_ws/install/rm_interfaces/local/lib/python3.10/dist-packages/rm_interfaces/_rm_interfaces_s.ep.rosidl_typesupport_c.c
-- Up-to-date symlink: /home/xinzhu/sentry_ws/install/rm_interfaces/local/lib/python3.10/dist-packages/rm_interfaces/_rm_interfaces_s.ep.rosidl_typesupport_fastrtps_c.c
-- Up-to-date symlink: /home/xinzhu/sentry_ws/install/rm_interfaces/local/lib/python3.10/dist-packages/rm_interfaces/_rm_interfaces_s.ep.rosidl_typesupport_introspection_c.c
-- Up-to-date symlink: /home/xinzhu/sentry_ws/install/rm_interfaces/local/lib/python3.10/dist-packages/rm_interfaces/librm_interfaces__rosidl_generator_py.so
-- Up-to-date symlink: /home/xinzhu/sentry_ws/install/rm_interfaces/local/lib/python3.10/dist-packages/rm_interfaces/msg/__init__.py
-- Up-to-date symlink: /home/xinzhu/sentry_ws/install/rm_interfaces/local/lib/python3.10/dist-packages/rm_interfaces/msg/_chassis_cmd.py
-- Up-to-date symlink: /home/xinzhu/sentry_ws/install/rm_interfaces/local/lib/python3.10/dist-packages/rm_interfaces/msg/_chassis_cmd_s.c
-- Up-to-date symlink: /home/xinzhu/sentry_ws/install/rm_interfaces/local/lib/python3.10/dist-packages/rm_interfaces/msg/_game_state.py
-- Up-to-date symlink: /home/xinzhu/sentry_ws/install/rm_interfaces/local/lib/python3.10/dist-packages/rm_interfaces/msg/_game_state_s.c
-- Up-to-date symlink: /home/xinzhu/sentry_ws/install/rm_interfaces/local/lib/python3.10/dist-packages/rm_interfaces/msg/_gimbal.py
-- Up-to-date symlink: /home/xinzhu/sentry_ws/install/rm_interfaces/local/lib/python3.10/dist-packages/rm_interfaces/msg/_gimbal_cmd.py
-- Up-to-date symlink: /home/xinzhu/sentry_ws/install/rm_interfaces/local/lib/python3.10/dist-packages/rm_interfaces/msg/_gimbal_cmd_s.c
-- Up-to-date symlink: /home/xinzhu/sentry_ws/install/rm_interfaces/local/lib/python3.10/dist-packages/rm_interfaces/msg/_gimbal_s.c
-- Up-to-date symlink: /home/xinzhu/sentry_ws/install/rm_interfaces/local/lib/python3.10/dist-packages/rm_interfaces/msg/_robot_mode.py
-- Up-to-date symlink: /home/xinzhu/sentry_ws/install/rm_interfaces/local/lib/python3.10/dist-packages/rm_interfaces/msg/_robot_mode_s.c
-- Up-to-date symlink: /home/xinzhu/sentry_ws/install/rm_interfaces/local/lib/python3.10/dist-packages/rm_interfaces/msg/_sentry_cmd.py
-- Up-to-date symlink: /home/xinzhu/sentry_ws/install/rm_interfaces/local/lib/python3.10/dist-packages/rm_interfaces/msg/_sentry_cmd_s.c
-- Up-to-date symlink: /home/xinzhu/sentry_ws/install/rm_interfaces/local/lib/python3.10/dist-packages/rm_interfaces/msg/_shoot_cmd.py
-- Up-to-date symlink: /home/xinzhu/sentry_ws/install/rm_interfaces/local/lib/python3.10/dist-packages/rm_interfaces/msg/_shoot_cmd_s.c
-- Up-to-date symlink: /home/xinzhu/sentry_ws/install/rm_interfaces/local/lib/python3.10/dist-packages/rm_interfaces/rm_interfaces_s__rosidl_typesupport_c.cpython-310-x86_64-linux-gnu.so
-- Up-to-date symlink: /home/xinzhu/sentry_ws/install/rm_interfaces/local/lib/python3.10/dist-packages/rm_interfaces/rm_interfaces_s__rosidl_typesupport_fastrtps_c.cpython-310-x86_64-linux-gnu.so
-- Up-to-date symlink: /home/xinzhu/sentry_ws/install/rm_interfaces/local/lib/python3.10/dist-packages/rm_interfaces/rm_interfaces_s__rosidl_typesupport_introspection_c.cpython-310-x86_64-linux-gnu.so
-- Up-to-date symlink: /home/xinzhu/sentry_ws/install/rm_interfaces/local/lib/python3.10/dist-packages/rm_interfaces/rm_interfaces_s__rosidl_typesupport_fastrtps_c.cpython-310-x86_64-linux-gnu.so
-- Up-to-date symlink: /home/xinzhu/sentry_ws/install/rm_interfaces/local/lib/python3.10/dist-packages/rm_interfaces/rm_interfaces_s__rosidl_typesupport_introspection_c.cpython-310-x86_64-linux-gnu.so
-- Up-to-date symlink: /home/xinzhu/sentry_ws/install/rm_interfaces/local/lib/python3.10/dist-packages/rm_interfaces/rm_interfaces_s__rosidl_typesupport_c.cpython-310-x86_64-linux-gnu.so
-- Symlinking: /home/xinzhu/sentry_ws/install/rm_interfaces/share/ament_index/resource_index/rust_packages/rm_interfaces
-- Symlinking: /home/xinzhu/sentry_ws/install/rm_interfaces/share/rm_interfaces/rust/Cargo.toml
-- Symlinking: /home/xinzhu/sentry_ws/install/rm_interfaces/share/rm_interfaces/rust/build.rs
-- Symlinking: /home/xinzhu/sentry_ws/install/rm_interfaces/share/rm_interfaces/rust/src/lib.rs
-- Symlinking: /home/xinzhu/sentry_ws/install/rm_interfaces/share/rm_interfaces/rust/src/msg.rs
-- Symlinking: /home/xinzhu/sentry_ws/install/rm_interfaces/share/rm_interfaces/rust/src/msg/rmw.rs
-- Up-to-date symlink: /home/xinzhu/sentry_ws/install/rm_interfaces/share/rm_interfaces/msg/GameState.idl
-- Up-to-date symlink: /home/xinzhu/sentry_ws/install/rm_interfaces/share/rm_interfaces/msg/SentryCmd.idl
-- Up-to-date symlink: /home/xinzhu/sentry_ws/install/rm_interfaces/share/rm_interfaces/msg/ChassisCmd.idl
-- Up-to-date symlink: /home/xinzhu/sentry_ws/install/rm_interfaces/share/rm_interfaces/msg/Gimbal.idl
-- Up-to-date symlink: /home/xinzhu/sentry_ws/install/rm_interfaces/share/rm_interfaces/msg/GimbalCmd.idl
-- Up-to-date symlink: /home/xinzhu/sentry_ws/install/rm_interfaces/share/rm_interfaces/msg/ShootCmd.idl
-- Up-to-date symlink: /home/xinzhu/sentry_ws/install/rm_interfaces/share/rm_interfaces/msg/RobotMode.idl
-- Up-to-date symlink: /home/xinzhu/sentry_ws/install/rm_interfaces/share/rm_interfaces/referee/GameState.msg
-- Up-to-date symlink: /home/xinzhu/sentry_ws/install/rm_interfaces/share/rm_interfaces/referee/SentryCmd.msg
-- Up-to-date symlink: /home/xinzhu/sentry_ws/install/rm_interfaces/share/rm_interfaces/msg/ChassisCmd.msg
-- Up-to-date symlink: /home/xinzhu/sentry_ws/install/rm_interfaces/share/rm_interfaces/msg/Gimbal.msg
-- Up-to-date symlink: /home/xinzhu/sentry_ws/install/rm_interfaces/share/rm_interfaces/msg/GimbalCmd.msg
-- Up-to-date symlink: /home/xinzhu/sentry_ws/install/rm_interfaces/share/rm_interfaces/msg/ShootCmd.msg
-- Up-to-date symlink: /home/xinzhu/sentry_ws/install/rm_interfaces/share/rm_interfaces/msg/RobotMode.msg
-- Up-to-date symlink: /home/xinzhu/sentry_ws/install/rm_interfaces/share/ament_index/resource_index/package_run_dependencies/rm_interfaces
-- Up-to-date symlink: /home/xinzhu/sentry_ws/install/rm_interfaces/share/ament_index/resource_index/parent_prefix_path/rm_interfaces
-- Up-to-date symlink: /home/xinzhu/sentry_ws/install/rm_interfaces/share/rm_interfaces/environment/ament_prefix_path.sh
-- Up-to-date symlink: /home/xinzhu/sentry_ws/install/rm_interfaces/share/rm_interfaces/environment/ament_prefix_path.dsv
-- Up-to-date symlink: /home/xinzhu/sentry_ws/install/rm_interfaces/share/rm_interfaces/environment/path.sh
-- Up-to-date symlink: /home/xinzhu/sentry_ws/install/rm_interfaces/share/rm_interfaces/environment/path.dsv
-- Up-to-date symlink: /home/xinzhu/sentry_ws/install/rm_interfaces/share/rm_interfaces/local_setup.bash
-- Up-to-date symlink: /home/xinzhu/sentry_ws/install/rm_interfaces/share/rm_interfaces/local_setup.sh
-- Up-to-date symlink: /home/xinzhu/sentry_ws/install/rm_interfaces/share/rm_interfaces/local_setup.zsh
-- Up-to-date symlink: /home/xinzhu/sentry_ws/install/rm_interfaces/share/rm_interfaces/local_setup.dsv
-- Symlinking: /home/xinzhu/sentry_ws/install/rm_interfaces/share/rm_interfaces/package.dsv
-- Up-to-date symlink: /home/xinzhu/sentry_ws/install/rm_interfaces/share/ament_index/resource_index/packages/rm_interfaces
-- Up-to-date symlink: /home/xinzhu/sentry_ws/install/rm_interfaces/share/rm_interfaces/cmake/rosidl_cmake-extras.cmake
-- Up-to-date symlink: /home/xinzhu/sentry_ws/install/rm_interfaces/share/rm_interfaces/cmake/ament_cmake_export_dependencies-extras.cmake
-- Up-to-date symlink: /home/xinzhu/sentry_ws/install/rm_interfaces/share/rm_interfaces/cmake/ament_cmake_export_include_directories-extras.cmake
-- Up-to-date symlink: /home/xinzhu/sentry_ws/install/rm_interfaces/share/rm_interfaces/cmake/ament_cmake_export_libraries-extras.cmake
-- Up-to-date symlink: /home/xinzhu/sentry_ws/install/rm_interfaces/share/rm_interfaces/cmake/ament_cmake_export_targets-extras.cmake
-- Up-to-date symlink: /home/xinzhu/sentry_ws/install/rm_interfaces/share/rm_interfaces/cmake/rosidl_cmake_export_typesupport_targets-extras.cmake
-- Up-to-date symlink: /home/xinzhu/sentry_ws/install/rm_interfaces/share/rm_interfaces/cmake/rosidl_cmake_export_typesupport_libraries-extras.cmake
-- Up-to-date symlink: /home/xinzhu/sentry_ws/install/rm_interfaces/share/rm_interfaces/cmake/rm_interfacesConfig.cmake
-- Up-to-date symlink: /home/xinzhu/sentry_ws/install/rm_interfaces/share/rm_interfaces/cmake/rm_interfacesConfig-version.cmake
-- Up-to-date symlink: /home/xinzhu/sentry_ws/install/rm_interfaces/share/rm_interfaces/package.xml
-- Installing: /home/xinzhu/sentry_ws/install/rm_interfaces/lib/librm_interfaces__rosidl_generator_c.so
-- Set non-toolchain portion of runtime path of "/home/xinzhu/sentry_ws/install/rm_interfaces/lib/librm_interfaces__rosidl_generator_c.so" to ""
-- Installing: /home/xinzhu/sentry_ws/install/rm_interfaces/lib/librm_interfaces__rosidl_typesupport_fastrtps_c.so
-- Set non-toolchain portion of runtime path of "/home/xinzhu/sentry_ws/install/rm_interfaces/lib/librm_interfaces__rosidl_typesupport_fastrtps_c.so" to ""
-- Installing: /home/xinzhu/sentry_ws/install/rm_interfaces/lib/librm_interfaces__rosidl_typesupport_introspection_c.so
-- Set non-toolchain portion of runtime path of "/home/xinzhu/sentry_ws/install/rm_interfaces/lib/librm_interfaces__rosidl_typesupport_introspection_c.so" to ""
-- Installing: /home/xinzhu/sentry_ws/install/rm_interfaces/lib/librm_interfaces__rosidl_typesupport_c.so
-- Set non-toolchain portion of runtime path of "/home/xinzhu/sentry_ws/install/rm_interfaces/lib/librm_interfaces__rosidl_typesupport_c.so" to ""
-- Installing: /home/xinzhu/sentry_ws/install/rm_interfaces/lib/librm_interfaces__rosidl_typesupport_fastrtps_cpp.so
-- Set non-toolchain portion of runtime path of "/home/xinzhu/sentry_ws/install/rm_interfaces/lib/librm_interfaces__rosidl_typesupport_fastrtps_cpp.so" to ""
-- Installing: /home/xinzhu/sentry_ws/install/rm_interfaces/lib/librm_interfaces__rosidl_typesupport_introspection_cpp.so
-- Set non-toolchain portion of runtime path of "/home/xinzhu/sentry_ws/install/rm_interfaces/lib/librm_interfaces__rosidl_typesupport_introspection_cpp.so" to ""
-- Installing: /home/xinzhu/sentry_ws/install/rm_interfaces/lib/librm_interfaces__rosidl_typesupport_cpp.so
-- Set non-toolchain portion of runtime path of "/home/xinzhu/sentry_ws/install/rm_interfaces/lib/librm_interfaces__rosidl_typesupport_cpp.so" to ""
Listing '/home/xinzhu/sentry_ws/install/rm_interfaces/local/lib/python3.10/dist-packages/rm_interfaces'...
Compiling '/home/xinzhu/sentry_ws/install/rm_interfaces/local/lib/python3.10/dist-packages/rm_interfaces/__init__.py'...
Listing '/home/xinzhu/sentry_ws/install/rm_interfaces/local/lib/python3.10/dist-packages/rm_interfaces/msg'...
Compiling '/home/xinzhu/sentry_ws/install/rm_interfaces/local/lib/python3.10/dist-packages/rm_interfaces/msg/__init__.py'...
Compiling '/home/xinzhu/sentry_ws/install/rm_interfaces/local/lib/python3.10/dist-packages/rm_interfaces/msg/_chassis_cmd.py'...
Compiling '/home/xinzhu/sentry_ws/install/rm_interfaces/local/lib/python3.10/dist-packages/rm_interfaces/msg/_game_state.py'...
Compiling '/home/xinzhu/sentry_ws/install/rm_interfaces/local/lib/python3.10/dist-packages/rm_interfaces/msg/_gimbal.py'...
Compiling '/home/xinzhu/sentry_ws/install/rm_interfaces/local/lib/python3.10/dist-packages/rm_interfaces/msg/_gimbal_cmd.py'...
Compiling '/home/xinzhu/sentry_ws/install/rm_interfaces/local/lib/python3.10/dist-packages/rm_interfaces/msg/_robot_mode.py'...
Compiling '/home/xinzhu/sentry_ws/install/rm_interfaces/local/lib/python3.10/dist-packages/rm_interfaces/msg/_sentry_cmd.py'...
Compiling '/home/xinzhu/sentry_ws/install/rm_interfaces/local/lib/python3.10/dist-packages/rm_interfaces/msg/_shoot_cmd.py'...
-- Installing: /home/xinzhu/sentry_ws/install/rm_interfaces/lib/librm_interfaces__rosidl_generator_py.so
-- Set non-toolchain portion of runtime path of "/home/xinzhu/sentry_ws/install/rm_interfaces/lib/librm_interfaces__rosidl_generator_py.so" to ""
-- Up-to-date: /home/xinzhu/sentry_ws/install/rm_interfaces/share/rm_interfaces/cmake/export_rm_interfaces__rosidl_generator_cExport.cmake
-- Up-to-date: /home/xinzhu/sentry_ws/install/rm_interfaces/share/rm_interfaces/cmake/export_rm_interfaces__rosidl_generator_cExport-release.cmake
-- Up-to-date: /home/xinzhu/sentry_ws/install/rm_interfaces/share/rm_interfaces/cmake/export_rm_interfaces__rosidl_typesupport_fastrtps_cExport.cmake
-- Up-to-date: /home/xinzhu/sentry_ws/install/rm_interfaces/share/rm_interfaces/cmake/export_rm_interfaces__rosidl_typesupport_fastrtps_cExport-release.cmake
-- Up-to-date: /home/xinzhu/sentry_ws/install/rm_interfaces/share/rm_interfaces/cmake/rm_interfaces__rosidl_typesupport_introspection_cExport.cmake
-- Up-to-date: /home/xinzhu/sentry_ws/install/rm_interfaces/share/rm_interfaces/cmake/rm_interfaces__rosidl_typesupport_introspection_cExport-release.cmake
-- Up-to-date: /home/xinzhu/sentry_ws/install/rm_interfaces/share/rm_interfaces/cmake/rm_interfaces__rosidl_typesupport_cExport.cmake
-- Up-to-date: /home/xinzhu/sentry_ws/install/rm_interfaces/share/rm_interfaces/cmake/rm_interfaces__rosidl_typesupport_cExport-release.cmake
-- Up-to-date: /home/xinzhu/sentry_ws/install/rm_interfaces/share/rm_interfaces/cmake/export_rm_interfaces__rosidl_generator_cppExport.cmake
-- Up-to-date: /home/xinzhu/sentry_ws/install/rm_interfaces/share/rm_interfaces/cmake/export_rm_interfaces__rosidl_typesupport_fastrtps_cppExport.cmake
-- Up-to-date: /home/xinzhu/sentry_ws/install/rm_interfaces/share/rm_interfaces/cmake/export_rm_interfaces__rosidl_typesupport_fastrtps_cppExport-release.cmake
-- Up-to-date: /home/xinzhu/sentry_ws/install/rm_interfaces/share/rm_interfaces/cmake/rm_interfaces__rosidl_typesupport_introspection_cppExport.cmake
-- Up-to-date: /home/xinzhu/sentry_ws/install/rm_interfaces/share/rm_interfaces/cmake/rm_interfaces__rosidl_typesupport_introspection_cppExport-release.cmake
-- Up-to-date: /home/xinzhu/sentry_ws/install/rm_interfaces/share/rm_interfaces/cmake/rm_interfaces__rosidl_typesupport_cppExport.cmake
-- Up-to-date: /home/xinzhu/sentry_ws/install/rm_interfaces/share/rm_interfaces/cmake/rm_interfaces__rosidl_typesupport_cppExport-release.cmake
-- Up-to-date: /home/xinzhu/sentry_ws/install/rm_interfaces/share/rm_interfaces/cmake/export_rm_interfaces__rosidl_generator_pyExport.cmake
-- Up-to-date: /home/xinzhu/sentry_ws/install/rm_interfaces/share/rm_interfaces/cmake/export_rm_interfaces__rosidl_generator_pyExport-release.cmake
