[0.014s] Invoking command in '/home/xinzhu/sentry_ws/build/rm_interfaces': CMAKE_PREFIX_PATH=${CMAKE_PREFIX_PATH}:/home/xinzhu/Desktop/sentry_ws/install/control_panel:/opt/ros/humble PS1=%F{green}%n@%m%f%F{white}:%f%F{blue}%~%f%F{white}$%f /usr/local/bin/cmake --build /home/xinzhu/sentry_ws/build/rm_interfaces -- -j16 -l16
[0.030s] [0mCMake Deprecation Warning at CMakeLists.txt:1 (cmake_minimum_required):
[0.030s]   Compatibility with CMake < 3.10 will be removed from a future version of
[0.030s]   CMake.
[0.030s] 
[0.030s]   Update the VERSION argument <min> value.  Or, use the <min>...<max> syntax
[0.030s]   to tell CMake that the project requires at least <min> but has been updated
[0.030s]   to work with policies introduced by <max> or earlier.
[0.030s] 
[0.030s] [0m
[0.036s] -- Found ament_cmake: 1.3.14 (/opt/ros/humble/share/ament_cmake/cmake)
[0.164s] -- Override CMake install command with custom implementation using symlinks instead of copying resources
[0.169s] -- Found rosidl_default_generators: 1.2.1 (/opt/ros/humble/share/rosidl_default_generators/cmake)
[0.172s] -- Using all available rosidl_typesupport_c: rosidl_typesupport_fastrtps_c;rosidl_typesupport_introspection_c
[0.173s] -- Found rosidl_adapter: 3.1.8 (/opt/ros/humble/share/rosidl_adapter/cmake)
[0.197s] -- Using all available rosidl_typesupport_cpp: rosidl_typesupport_fastrtps_cpp;rosidl_typesupport_introspection_cpp
[0.219s] -- Found std_msgs: 4.9.1 (/opt/ros/humble/share/std_msgs/cmake)
[0.238s] -- Found geometry_msgs: 4.9.1 (/opt/ros/humble/share/geometry_msgs/cmake)
[0.249s] -- Found nav_msgs: 4.9.1 (/opt/ros/humble/share/nav_msgs/cmake)
[0.600s] -- Found ament_cmake_ros: 0.10.0 (/opt/ros/humble/share/ament_cmake_ros/cmake)
[1.279s] -- Using all available rosidl_typesupport_c: rosidl_typesupport_fastrtps_c;rosidl_typesupport_introspection_c
[1.948s] -- Using all available rosidl_typesupport_cpp: rosidl_typesupport_fastrtps_cpp;rosidl_typesupport_introspection_cpp
[1.950s] [33mCMake Warning (dev) at /opt/ros/humble/share/rosidl_generator_py/cmake/rosidl_generator_py_generate_interfaces.cmake:20 (find_package):
[1.950s]   Policy CMP0148 is not set: The FindPythonInterp and FindPythonLibs modules
[1.950s]   are removed.  Run "cmake --help-policy CMP0148" for policy details.  Use
[1.950s]   the cmake_policy command to set the policy and suppress this warning.
[1.950s] 
[1.950s] Call Stack (most recent call first):
[1.950s]   /opt/ros/humble/share/ament_cmake_core/cmake/core/ament_execute_extensions.cmake:48 (include)
[1.950s]   /opt/ros/humble/share/rosidl_cmake/cmake/rosidl_generate_interfaces.cmake:286 (ament_execute_extensions)
[1.950s]   CMakeLists.txt:16 (rosidl_generate_interfaces)
[1.950s] This warning is for project developers.  Use -Wno-dev to suppress it.
[1.950s] [0m
[1.964s] -- Found python_cmake_module: 0.10.0 (/opt/ros/humble/share/python_cmake_module/cmake)
[1.964s] [33mCMake Warning (dev) at /opt/ros/humble/share/python_cmake_module/cmake/Modules/FindPythonExtra.cmake:52 (find_package):
[1.964s]   Policy CMP0148 is not set: The FindPythonInterp and FindPythonLibs modules
[1.964s]   are removed.  Run "cmake --help-policy CMP0148" for policy details.  Use
[1.964s]   the cmake_policy command to set the policy and suppress this warning.
[1.964s] 
[1.964s] Call Stack (most recent call first):
[1.964s]   /opt/ros/humble/share/rosidl_generator_py/cmake/rosidl_generator_py_generate_interfaces.cmake:23 (find_package)
[1.964s]   /opt/ros/humble/share/ament_cmake_core/cmake/core/ament_execute_extensions.cmake:48 (include)
[1.964s]   /opt/ros/humble/share/rosidl_cmake/cmake/rosidl_generate_interfaces.cmake:286 (ament_execute_extensions)
[1.964s]   CMakeLists.txt:16 (rosidl_generate_interfaces)
[1.964s] This warning is for project developers.  Use -Wno-dev to suppress it.
[1.965s] [0m
[1.979s] [33mCMake Warning (dev) at /opt/ros/humble/share/python_cmake_module/cmake/Modules/FindPythonExtra.cmake:140 (find_package):
[1.979s]   Policy CMP0148 is not set: The FindPythonInterp and FindPythonLibs modules
[1.979s]   are removed.  Run "cmake --help-policy CMP0148" for policy details.  Use
[1.979s]   the cmake_policy command to set the policy and suppress this warning.
[1.979s] 
[1.979s] Call Stack (most recent call first):
[1.979s]   /opt/ros/humble/share/rosidl_generator_py/cmake/rosidl_generator_py_generate_interfaces.cmake:23 (find_package)
[1.979s]   /opt/ros/humble/share/ament_cmake_core/cmake/core/ament_execute_extensions.cmake:48 (include)
[1.979s]   /opt/ros/humble/share/rosidl_cmake/cmake/rosidl_generate_interfaces.cmake:286 (ament_execute_extensions)
[1.979s]   CMakeLists.txt:16 (rosidl_generate_interfaces)
[1.979s] This warning is for project developers.  Use -Wno-dev to suppress it.
[1.979s] [0m
[1.981s] -- Using PYTHON_EXECUTABLE: /usr/bin/python3
[1.981s] -- Using PYTHON_INCLUDE_DIRS: /usr/include/python3.10
[1.981s] -- Using PYTHON_LIBRARIES: /usr/lib/x86_64-linux-gnu/libpython3.10.so
[2.170s] -- Configuring done (2.1s)
[2.224s] -- Generating done (0.1s)
[2.232s] -- Build files have been written to: /home/xinzhu/sentry_ws/build/rm_interfaces
[2.249s] [  1%] [34m[1mGenerating C code for ROS interfaces[0m
[2.254s] [  2%] [34m[1mGenerating Rust code for ROS interfaces[0m
[2.257s] [  3%] [34m[1mGenerating C++ code for ROS interfaces[0m
[2.258s] [  3%] Built target ament_cmake_python_symlink_rm_interfaces
[2.457s] running egg_info
[2.457s] writing rm_interfaces.egg-info/PKG-INFO
[2.458s] writing dependency_links to rm_interfaces.egg-info/dependency_links.txt
[2.458s] writing top-level names to rm_interfaces.egg-info/top_level.txt
[2.460s] reading manifest file 'rm_interfaces.egg-info/SOURCES.txt'
[2.461s] writing manifest file 'rm_interfaces.egg-info/SOURCES.txt'
[2.483s] [  3%] Built target ament_cmake_python_build_rm_interfaces_egg
[2.808s] [  3%] Built target rm_interfaces__rs
[2.822s] [  3%] Built target rm_interfaces__cpp
[2.828s] [  5%] [34m[1mGenerating C++ type support dispatch for ROS interfaces[0m
[2.828s] [  6%] [34m[1mGenerating C++ type support for eProsima Fast-RTPS[0m
[2.828s] [  7%] [34m[1mGenerating C++ introspection for ROS interfaces[0m
[2.845s] [ 10%] [32mBuilding C object CMakeFiles/rm_interfaces__rosidl_generator_c.dir/rosidl_generator_c/rm_interfaces/msg/detail/chassis_cmd__functions.c.o[0m
[2.845s] [ 10%] [32mBuilding C object CMakeFiles/rm_interfaces__rosidl_generator_c.dir/rosidl_generator_c/rm_interfaces/msg/detail/game_state__functions.c.o[0m
[2.846s] [ 12%] [32mBuilding C object CMakeFiles/rm_interfaces__rosidl_generator_c.dir/rosidl_generator_c/rm_interfaces/msg/detail/sentry_cmd__functions.c.o[0m
[2.846s] [ 12%] [32mBuilding C object CMakeFiles/rm_interfaces__rosidl_generator_c.dir/rosidl_generator_c/rm_interfaces/msg/detail/gimbal__functions.c.o[0m
[2.846s] [ 13%] [32mBuilding C object CMakeFiles/rm_interfaces__rosidl_generator_c.dir/rosidl_generator_c/rm_interfaces/msg/detail/gimbal_cmd__functions.c.o[0m
[2.846s] [ 15%] [32mBuilding C object CMakeFiles/rm_interfaces__rosidl_generator_c.dir/rosidl_generator_c/rm_interfaces/msg/detail/shoot_cmd__functions.c.o[0m
[2.847s] [ 16%] [32mBuilding C object CMakeFiles/rm_interfaces__rosidl_generator_c.dir/rosidl_generator_c/rm_interfaces/msg/detail/robot_mode__functions.c.o[0m
[2.955s] [ 17%] [32m[1mLinking C shared library librm_interfaces__rosidl_generator_c.so[0m
[2.984s] [ 17%] Built target rm_interfaces__rosidl_generator_c
[2.990s] [ 18%] [34m[1mGenerating C type support for eProsima Fast-RTPS[0m
[2.990s] [ 20%] [34m[1mGenerating C introspection for ROS interfaces[0m
[2.991s] [ 21%] [34m[1mGenerating C type support dispatch for ROS interfaces[0m
[3.465s] [ 22%] [32mBuilding CXX object CMakeFiles/rm_interfaces__rosidl_typesupport_fastrtps_cpp.dir/rosidl_typesupport_fastrtps_cpp/rm_interfaces/msg/detail/dds_fastrtps/game_state__type_support.cpp.o[0m
[3.465s] [ 23%] [32mBuilding CXX object CMakeFiles/rm_interfaces__rosidl_typesupport_fastrtps_cpp.dir/rosidl_typesupport_fastrtps_cpp/rm_interfaces/msg/detail/dds_fastrtps/sentry_cmd__type_support.cpp.o[0m
[3.465s] [ 25%] [32mBuilding CXX object CMakeFiles/rm_interfaces__rosidl_typesupport_fastrtps_cpp.dir/rosidl_typesupport_fastrtps_cpp/rm_interfaces/msg/detail/dds_fastrtps/chassis_cmd__type_support.cpp.o[0m
[3.468s] [ 26%] [32mBuilding CXX object CMakeFiles/rm_interfaces__rosidl_typesupport_fastrtps_cpp.dir/rosidl_typesupport_fastrtps_cpp/rm_interfaces/msg/detail/dds_fastrtps/gimbal__type_support.cpp.o[0m
[3.475s] [ 27%] [32mBuilding CXX object CMakeFiles/rm_interfaces__rosidl_typesupport_fastrtps_cpp.dir/rosidl_typesupport_fastrtps_cpp/rm_interfaces/msg/detail/dds_fastrtps/gimbal_cmd__type_support.cpp.o[0m
[3.475s] [ 28%] [32mBuilding CXX object CMakeFiles/rm_interfaces__rosidl_typesupport_fastrtps_cpp.dir/rosidl_typesupport_fastrtps_cpp/rm_interfaces/msg/detail/dds_fastrtps/shoot_cmd__type_support.cpp.o[0m
[3.477s] [ 30%] [32mBuilding CXX object CMakeFiles/rm_interfaces__rosidl_typesupport_fastrtps_cpp.dir/rosidl_typesupport_fastrtps_cpp/rm_interfaces/msg/detail/dds_fastrtps/robot_mode__type_support.cpp.o[0m
[3.500s] [ 31%] [32mBuilding CXX object CMakeFiles/rm_interfaces__rosidl_typesupport_cpp.dir/rosidl_typesupport_cpp/rm_interfaces/msg/sentry_cmd__type_support.cpp.o[0m
[3.500s] [ 32%] [32mBuilding CXX object CMakeFiles/rm_interfaces__rosidl_typesupport_cpp.dir/rosidl_typesupport_cpp/rm_interfaces/msg/chassis_cmd__type_support.cpp.o[0m
[3.500s] [ 33%] [32mBuilding CXX object CMakeFiles/rm_interfaces__rosidl_typesupport_cpp.dir/rosidl_typesupport_cpp/rm_interfaces/msg/game_state__type_support.cpp.o[0m
[3.506s] [ 35%] [32mBuilding CXX object CMakeFiles/rm_interfaces__rosidl_typesupport_cpp.dir/rosidl_typesupport_cpp/rm_interfaces/msg/gimbal__type_support.cpp.o[0m
[3.506s] [ 36%] [32mBuilding CXX object CMakeFiles/rm_interfaces__rosidl_typesupport_cpp.dir/rosidl_typesupport_cpp/rm_interfaces/msg/gimbal_cmd__type_support.cpp.o[0m
[3.731s] [ 37%] [32mBuilding C object CMakeFiles/rm_interfaces__rosidl_typesupport_introspection_c.dir/rosidl_typesupport_introspection_c/rm_interfaces/msg/detail/game_state__type_support.c.o[0m
[3.841s] [ 38%] [32mBuilding C object CMakeFiles/rm_interfaces__rosidl_typesupport_introspection_c.dir/rosidl_typesupport_introspection_c/rm_interfaces/msg/detail/sentry_cmd__type_support.c.o[0m
[3.844s] [ 40%] [32mBuilding CXX object CMakeFiles/rm_interfaces__rosidl_typesupport_introspection_cpp.dir/rosidl_typesupport_introspection_cpp/rm_interfaces/msg/detail/game_state__type_support.cpp.o[0m
[3.949s] [ 41%] [32mBuilding C object CMakeFiles/rm_interfaces__rosidl_typesupport_introspection_c.dir/rosidl_typesupport_introspection_c/rm_interfaces/msg/detail/chassis_cmd__type_support.c.o[0m
[3.973s] [ 42%] [32mBuilding CXX object CMakeFiles/rm_interfaces__rosidl_typesupport_cpp.dir/rosidl_typesupport_cpp/rm_interfaces/msg/shoot_cmd__type_support.cpp.o[0m
[4.077s] [ 43%] [32mBuilding CXX object CMakeFiles/rm_interfaces__rosidl_typesupport_cpp.dir/rosidl_typesupport_cpp/rm_interfaces/msg/robot_mode__type_support.cpp.o[0m
[4.082s] [ 45%] [32mBuilding C object CMakeFiles/rm_interfaces__rosidl_typesupport_introspection_c.dir/rosidl_typesupport_introspection_c/rm_interfaces/msg/detail/gimbal__type_support.c.o[0m
[4.104s] [ 46%] [32mBuilding CXX object CMakeFiles/rm_interfaces__rosidl_typesupport_c.dir/rosidl_typesupport_c/rm_interfaces/msg/game_state__type_support.cpp.o[0m
[4.127s] [ 47%] [32mBuilding CXX object CMakeFiles/rm_interfaces__rosidl_typesupport_introspection_cpp.dir/rosidl_typesupport_introspection_cpp/rm_interfaces/msg/detail/sentry_cmd__type_support.cpp.o[0m
[4.172s] [ 48%] [32mBuilding CXX object CMakeFiles/rm_interfaces__rosidl_typesupport_introspection_cpp.dir/rosidl_typesupport_introspection_cpp/rm_interfaces/msg/detail/chassis_cmd__type_support.cpp.o[0m
[4.175s] [ 50%] [32mBuilding C object CMakeFiles/rm_interfaces__rosidl_typesupport_introspection_c.dir/rosidl_typesupport_introspection_c/rm_interfaces/msg/detail/gimbal_cmd__type_support.c.o[0m
[4.189s] [ 51%] [32mBuilding CXX object CMakeFiles/rm_interfaces__rosidl_typesupport_c.dir/rosidl_typesupport_c/rm_interfaces/msg/sentry_cmd__type_support.cpp.o[0m
[4.194s] [ 52%] [32mBuilding C object CMakeFiles/rm_interfaces__rosidl_typesupport_introspection_c.dir/rosidl_typesupport_introspection_c/rm_interfaces/msg/detail/shoot_cmd__type_support.c.o[0m
[4.219s] [ 53%] [32mBuilding CXX object CMakeFiles/rm_interfaces__rosidl_typesupport_fastrtps_c.dir/rosidl_typesupport_fastrtps_c/rm_interfaces/msg/detail/game_state__type_support_c.cpp.o[0m
[4.233s] [ 55%] [32mBuilding CXX object CMakeFiles/rm_interfaces__rosidl_typesupport_introspection_cpp.dir/rosidl_typesupport_introspection_cpp/rm_interfaces/msg/detail/gimbal__type_support.cpp.o[0m
[4.256s] [ 56%] [32mBuilding CXX object CMakeFiles/rm_interfaces__rosidl_typesupport_c.dir/rosidl_typesupport_c/rm_interfaces/msg/chassis_cmd__type_support.cpp.o[0m
[4.267s] [ 57%] [32mBuilding CXX object CMakeFiles/rm_interfaces__rosidl_typesupport_introspection_cpp.dir/rosidl_typesupport_introspection_cpp/rm_interfaces/msg/detail/gimbal_cmd__type_support.cpp.o[0m
[4.277s] [ 58%] [32mBuilding C object CMakeFiles/rm_interfaces__rosidl_typesupport_introspection_c.dir/rosidl_typesupport_introspection_c/rm_interfaces/msg/detail/robot_mode__type_support.c.o[0m
[4.291s] [ 60%] [32mBuilding CXX object CMakeFiles/rm_interfaces__rosidl_typesupport_fastrtps_c.dir/rosidl_typesupport_fastrtps_c/rm_interfaces/msg/detail/sentry_cmd__type_support_c.cpp.o[0m
[4.340s] [ 61%] [32mBuilding CXX object CMakeFiles/rm_interfaces__rosidl_typesupport_c.dir/rosidl_typesupport_c/rm_interfaces/msg/gimbal__type_support.cpp.o[0m
[4.355s] [ 62%] [32m[1mLinking C shared library librm_interfaces__rosidl_typesupport_introspection_c.so[0m
[4.409s] [ 63%] [32mBuilding CXX object CMakeFiles/rm_interfaces__rosidl_typesupport_c.dir/rosidl_typesupport_c/rm_interfaces/msg/gimbal_cmd__type_support.cpp.o[0m
[4.419s] [ 63%] Built target rm_interfaces__rosidl_typesupport_introspection_c
[4.434s] [ 65%] [32mBuilding CXX object CMakeFiles/rm_interfaces__rosidl_typesupport_introspection_cpp.dir/rosidl_typesupport_introspection_cpp/rm_interfaces/msg/detail/shoot_cmd__type_support.cpp.o[0m
[4.439s] [ 66%] [32mBuilding CXX object CMakeFiles/rm_interfaces__rosidl_typesupport_introspection_cpp.dir/rosidl_typesupport_introspection_cpp/rm_interfaces/msg/detail/robot_mode__type_support.cpp.o[0m
[4.460s] [ 67%] [32mBuilding CXX object CMakeFiles/rm_interfaces__rosidl_typesupport_c.dir/rosidl_typesupport_c/rm_interfaces/msg/shoot_cmd__type_support.cpp.o[0m
[4.496s] [ 68%] [32mBuilding CXX object CMakeFiles/rm_interfaces__rosidl_typesupport_fastrtps_c.dir/rosidl_typesupport_fastrtps_c/rm_interfaces/msg/detail/chassis_cmd__type_support_c.cpp.o[0m
[4.554s] [ 70%] [32mBuilding CXX object CMakeFiles/rm_interfaces__rosidl_typesupport_c.dir/rosidl_typesupport_c/rm_interfaces/msg/robot_mode__type_support.cpp.o[0m
[4.574s] [ 71%] [32mBuilding CXX object CMakeFiles/rm_interfaces__rosidl_typesupport_fastrtps_c.dir/rosidl_typesupport_fastrtps_c/rm_interfaces/msg/detail/gimbal__type_support_c.cpp.o[0m
[4.665s] [ 72%] [32m[1mLinking CXX shared library librm_interfaces__rosidl_typesupport_c.so[0m
[4.691s] [ 73%] [32mBuilding CXX object CMakeFiles/rm_interfaces__rosidl_typesupport_fastrtps_c.dir/rosidl_typesupport_fastrtps_c/rm_interfaces/msg/detail/gimbal_cmd__type_support_c.cpp.o[0m
[4.734s] [ 75%] [32mBuilding CXX object CMakeFiles/rm_interfaces__rosidl_typesupport_fastrtps_c.dir/rosidl_typesupport_fastrtps_c/rm_interfaces/msg/detail/shoot_cmd__type_support_c.cpp.o[0m
[4.751s] [ 76%] [32m[1mLinking CXX shared library librm_interfaces__rosidl_typesupport_fastrtps_cpp.so[0m
[4.778s] [ 76%] Built target rm_interfaces__rosidl_typesupport_c
[4.783s] [ 77%] [32m[1mLinking CXX shared library librm_interfaces__rosidl_typesupport_cpp.so[0m
[4.788s] [ 78%] [32mBuilding CXX object CMakeFiles/rm_interfaces__rosidl_typesupport_fastrtps_c.dir/rosidl_typesupport_fastrtps_c/rm_interfaces/msg/detail/robot_mode__type_support_c.cpp.o[0m
[4.874s] [ 78%] Built target rm_interfaces__rosidl_typesupport_cpp
[5.061s] [ 78%] Built target rm_interfaces__rosidl_typesupport_fastrtps_cpp
[5.531s] [ 80%] [32m[1mLinking CXX shared library librm_interfaces__rosidl_typesupport_introspection_cpp.so[0m
[5.596s] [ 81%] [32m[1mLinking CXX shared library librm_interfaces__rosidl_typesupport_fastrtps_c.so[0m
[5.625s] [ 81%] Built target rm_interfaces__rosidl_typesupport_introspection_cpp
[5.695s] [ 81%] Built target rm_interfaces__rosidl_typesupport_fastrtps_c
[5.729s] [ 81%] Built target rm_interfaces
[5.763s] [ 82%] [34m[1mGenerating Python code for ROS interfaces[0m
[7.772s] [ 82%] Built target rm_interfaces__py
[7.826s] [ 83%] [32mBuilding C object CMakeFiles/rm_interfaces__rosidl_generator_py.dir/rosidl_generator_py/rm_interfaces/msg/_game_state_s.c.o[0m
[7.830s] [ 85%] [32mBuilding C object CMakeFiles/rm_interfaces__rosidl_generator_py.dir/rosidl_generator_py/rm_interfaces/msg/_sentry_cmd_s.c.o[0m
[7.835s] [ 86%] [32mBuilding C object CMakeFiles/rm_interfaces__rosidl_generator_py.dir/rosidl_generator_py/rm_interfaces/msg/_chassis_cmd_s.c.o[0m
[7.847s] [ 87%] [32mBuilding C object CMakeFiles/rm_interfaces__rosidl_generator_py.dir/rosidl_generator_py/rm_interfaces/msg/_gimbal_s.c.o[0m
[7.847s] [ 88%] [32mBuilding C object CMakeFiles/rm_interfaces__rosidl_generator_py.dir/rosidl_generator_py/rm_interfaces/msg/_gimbal_cmd_s.c.o[0m
[7.847s] [ 90%] [32mBuilding C object CMakeFiles/rm_interfaces__rosidl_generator_py.dir/rosidl_generator_py/rm_interfaces/msg/_shoot_cmd_s.c.o[0m
[7.854s] [ 91%] [32mBuilding C object CMakeFiles/rm_interfaces__rosidl_generator_py.dir/rosidl_generator_py/rm_interfaces/msg/_robot_mode_s.c.o[0m
[8.148s] [ 92%] [32m[1mLinking C shared library rosidl_generator_py/rm_interfaces/librm_interfaces__rosidl_generator_py.so[0m
[8.175s] [ 92%] Built target rm_interfaces__rosidl_generator_py
[8.188s] [ 93%] [32mBuilding C object CMakeFiles/rm_interfaces__rosidl_typesupport_c__pyext.dir/rosidl_generator_py/rm_interfaces/_rm_interfaces_s.ep.rosidl_typesupport_c.c.o[0m
[8.190s] [ 95%] [32mBuilding C object CMakeFiles/rm_interfaces__rosidl_typesupport_fastrtps_c__pyext.dir/rosidl_generator_py/rm_interfaces/_rm_interfaces_s.ep.rosidl_typesupport_fastrtps_c.c.o[0m
[8.191s] [ 96%] [32mBuilding C object CMakeFiles/rm_interfaces__rosidl_typesupport_introspection_c__pyext.dir/rosidl_generator_py/rm_interfaces/_rm_interfaces_s.ep.rosidl_typesupport_introspection_c.c.o[0m
[8.308s] [ 97%] [32m[1mLinking C shared library rosidl_generator_py/rm_interfaces/rm_interfaces_s__rosidl_typesupport_c.cpython-310-x86_64-linux-gnu.so[0m
[8.311s] [ 98%] [32m[1mLinking C shared library rosidl_generator_py/rm_interfaces/rm_interfaces_s__rosidl_typesupport_introspection_c.cpython-310-x86_64-linux-gnu.so[0m
[8.316s] [100%] [32m[1mLinking C shared library rosidl_generator_py/rm_interfaces/rm_interfaces_s__rosidl_typesupport_fastrtps_c.cpython-310-x86_64-linux-gnu.so[0m
[8.337s] [100%] Built target rm_interfaces__rosidl_typesupport_fastrtps_c__pyext
[8.337s] [100%] Built target rm_interfaces__rosidl_typesupport_c__pyext
[8.339s] [100%] Built target rm_interfaces__rosidl_typesupport_introspection_c__pyext
[8.345s] Invoked command in '/home/xinzhu/sentry_ws/build/rm_interfaces' returned '0': CMAKE_PREFIX_PATH=${CMAKE_PREFIX_PATH}:/home/xinzhu/Desktop/sentry_ws/install/control_panel:/opt/ros/humble PS1=%F{green}%n@%m%f%F{white}:%f%F{blue}%~%f%F{white}$%f /usr/local/bin/cmake --build /home/xinzhu/sentry_ws/build/rm_interfaces -- -j16 -l16
[8.346s] Invoking command in '/home/xinzhu/sentry_ws/build/rm_interfaces': CMAKE_PREFIX_PATH=${CMAKE_PREFIX_PATH}:/home/xinzhu/Desktop/sentry_ws/install/control_panel:/opt/ros/humble PS1=%F{green}%n@%m%f%F{white}:%f%F{blue}%~%f%F{white}$%f /usr/local/bin/cmake --install /home/xinzhu/sentry_ws/build/rm_interfaces
[8.348s] -- Install configuration: "Release"
[8.349s] -- Execute custom install script
[8.349s] -- Up-to-date symlink: /home/xinzhu/sentry_ws/install/rm_interfaces/share/ament_index/resource_index/rosidl_interfaces/rm_interfaces
[8.349s] -- Up-to-date symlink: /home/xinzhu/sentry_ws/install/rm_interfaces/include/rm_interfaces/rm_interfaces/msg/chassis_cmd.h
[8.349s] -- Up-to-date symlink: /home/xinzhu/sentry_ws/install/rm_interfaces/include/rm_interfaces/rm_interfaces/msg/detail/chassis_cmd__functions.h
[8.350s] -- Up-to-date symlink: /home/xinzhu/sentry_ws/install/rm_interfaces/include/rm_interfaces/rm_interfaces/msg/detail/chassis_cmd__struct.h
[8.350s] -- Up-to-date symlink: /home/xinzhu/sentry_ws/install/rm_interfaces/include/rm_interfaces/rm_interfaces/msg/detail/chassis_cmd__type_support.h
[8.350s] -- Up-to-date symlink: /home/xinzhu/sentry_ws/install/rm_interfaces/include/rm_interfaces/rm_interfaces/msg/detail/game_state__functions.h
[8.350s] -- Up-to-date symlink: /home/xinzhu/sentry_ws/install/rm_interfaces/include/rm_interfaces/rm_interfaces/msg/detail/game_state__struct.h
[8.350s] -- Up-to-date symlink: /home/xinzhu/sentry_ws/install/rm_interfaces/include/rm_interfaces/rm_interfaces/msg/detail/game_state__type_support.h
[8.350s] -- Up-to-date symlink: /home/xinzhu/sentry_ws/install/rm_interfaces/include/rm_interfaces/rm_interfaces/msg/detail/gimbal__functions.h
[8.350s] -- Up-to-date symlink: /home/xinzhu/sentry_ws/install/rm_interfaces/include/rm_interfaces/rm_interfaces/msg/detail/gimbal__struct.h
[8.350s] -- Up-to-date symlink: /home/xinzhu/sentry_ws/install/rm_interfaces/include/rm_interfaces/rm_interfaces/msg/detail/gimbal__type_support.h
[8.350s] -- Up-to-date symlink: /home/xinzhu/sentry_ws/install/rm_interfaces/include/rm_interfaces/rm_interfaces/msg/detail/gimbal_cmd__functions.h
[8.350s] -- Up-to-date symlink: /home/xinzhu/sentry_ws/install/rm_interfaces/include/rm_interfaces/rm_interfaces/msg/detail/gimbal_cmd__struct.h
[8.350s] -- Up-to-date symlink: /home/xinzhu/sentry_ws/install/rm_interfaces/include/rm_interfaces/rm_interfaces/msg/detail/gimbal_cmd__type_support.h
[8.350s] -- Up-to-date symlink: /home/xinzhu/sentry_ws/install/rm_interfaces/include/rm_interfaces/rm_interfaces/msg/detail/robot_mode__functions.h
[8.351s] -- Up-to-date symlink: /home/xinzhu/sentry_ws/install/rm_interfaces/include/rm_interfaces/rm_interfaces/msg/detail/robot_mode__struct.h
[8.351s] -- Up-to-date symlink: /home/xinzhu/sentry_ws/install/rm_interfaces/include/rm_interfaces/rm_interfaces/msg/detail/robot_mode__type_support.h
[8.351s] -- Up-to-date symlink: /home/xinzhu/sentry_ws/install/rm_interfaces/include/rm_interfaces/rm_interfaces/msg/detail/sentry_cmd__functions.h
[8.351s] -- Up-to-date symlink: /home/xinzhu/sentry_ws/install/rm_interfaces/include/rm_interfaces/rm_interfaces/msg/detail/sentry_cmd__struct.h
[8.351s] -- Up-to-date symlink: /home/xinzhu/sentry_ws/install/rm_interfaces/include/rm_interfaces/rm_interfaces/msg/detail/sentry_cmd__type_support.h
[8.351s] -- Up-to-date symlink: /home/xinzhu/sentry_ws/install/rm_interfaces/include/rm_interfaces/rm_interfaces/msg/detail/shoot_cmd__functions.h
[8.351s] -- Up-to-date symlink: /home/xinzhu/sentry_ws/install/rm_interfaces/include/rm_interfaces/rm_interfaces/msg/detail/shoot_cmd__struct.h
[8.351s] -- Up-to-date symlink: /home/xinzhu/sentry_ws/install/rm_interfaces/include/rm_interfaces/rm_interfaces/msg/detail/shoot_cmd__type_support.h
[8.351s] -- Up-to-date symlink: /home/xinzhu/sentry_ws/install/rm_interfaces/include/rm_interfaces/rm_interfaces/msg/game_state.h
[8.351s] -- Up-to-date symlink: /home/xinzhu/sentry_ws/install/rm_interfaces/include/rm_interfaces/rm_interfaces/msg/gimbal.h
[8.351s] -- Up-to-date symlink: /home/xinzhu/sentry_ws/install/rm_interfaces/include/rm_interfaces/rm_interfaces/msg/gimbal_cmd.h
[8.351s] -- Up-to-date symlink: /home/xinzhu/sentry_ws/install/rm_interfaces/include/rm_interfaces/rm_interfaces/msg/robot_mode.h
[8.351s] -- Up-to-date symlink: /home/xinzhu/sentry_ws/install/rm_interfaces/include/rm_interfaces/rm_interfaces/msg/rosidl_generator_c__visibility_control.h
[8.351s] -- Up-to-date symlink: /home/xinzhu/sentry_ws/install/rm_interfaces/include/rm_interfaces/rm_interfaces/msg/sentry_cmd.h
[8.351s] -- Up-to-date symlink: /home/xinzhu/sentry_ws/install/rm_interfaces/include/rm_interfaces/rm_interfaces/msg/shoot_cmd.h
[8.351s] -- Up-to-date symlink: /home/xinzhu/sentry_ws/install/rm_interfaces/share/rm_interfaces/environment/library_path.sh
[8.351s] -- Up-to-date symlink: /home/xinzhu/sentry_ws/install/rm_interfaces/share/rm_interfaces/environment/library_path.dsv
[8.351s] -- Up-to-date symlink: /home/xinzhu/sentry_ws/install/rm_interfaces/include/rm_interfaces/rm_interfaces/msg/detail/chassis_cmd__rosidl_typesupport_fastrtps_c.h
[8.351s] -- Up-to-date symlink: /home/xinzhu/sentry_ws/install/rm_interfaces/include/rm_interfaces/rm_interfaces/msg/detail/game_state__rosidl_typesupport_fastrtps_c.h
[8.351s] -- Up-to-date symlink: /home/xinzhu/sentry_ws/install/rm_interfaces/include/rm_interfaces/rm_interfaces/msg/detail/gimbal__rosidl_typesupport_fastrtps_c.h
[8.351s] -- Up-to-date symlink: /home/xinzhu/sentry_ws/install/rm_interfaces/include/rm_interfaces/rm_interfaces/msg/detail/gimbal_cmd__rosidl_typesupport_fastrtps_c.h
[8.351s] -- Up-to-date symlink: /home/xinzhu/sentry_ws/install/rm_interfaces/include/rm_interfaces/rm_interfaces/msg/detail/robot_mode__rosidl_typesupport_fastrtps_c.h
[8.351s] -- Up-to-date symlink: /home/xinzhu/sentry_ws/install/rm_interfaces/include/rm_interfaces/rm_interfaces/msg/detail/sentry_cmd__rosidl_typesupport_fastrtps_c.h
[8.352s] -- Up-to-date symlink: /home/xinzhu/sentry_ws/install/rm_interfaces/include/rm_interfaces/rm_interfaces/msg/detail/shoot_cmd__rosidl_typesupport_fastrtps_c.h
[8.352s] -- Up-to-date symlink: /home/xinzhu/sentry_ws/install/rm_interfaces/include/rm_interfaces/rm_interfaces/msg/rosidl_typesupport_fastrtps_c__visibility_control.h
[8.352s] -- Up-to-date symlink: /home/xinzhu/sentry_ws/install/rm_interfaces/include/rm_interfaces/rm_interfaces/msg/detail/chassis_cmd__rosidl_typesupport_introspection_c.h
[8.352s] -- Up-to-date symlink: /home/xinzhu/sentry_ws/install/rm_interfaces/include/rm_interfaces/rm_interfaces/msg/detail/game_state__rosidl_typesupport_introspection_c.h
[8.352s] -- Up-to-date symlink: /home/xinzhu/sentry_ws/install/rm_interfaces/include/rm_interfaces/rm_interfaces/msg/detail/gimbal__rosidl_typesupport_introspection_c.h
[8.352s] -- Up-to-date symlink: /home/xinzhu/sentry_ws/install/rm_interfaces/include/rm_interfaces/rm_interfaces/msg/detail/gimbal_cmd__rosidl_typesupport_introspection_c.h
[8.352s] -- Up-to-date symlink: /home/xinzhu/sentry_ws/install/rm_interfaces/include/rm_interfaces/rm_interfaces/msg/detail/robot_mode__rosidl_typesupport_introspection_c.h
[8.352s] -- Up-to-date symlink: /home/xinzhu/sentry_ws/install/rm_interfaces/include/rm_interfaces/rm_interfaces/msg/detail/sentry_cmd__rosidl_typesupport_introspection_c.h
[8.352s] -- Up-to-date symlink: /home/xinzhu/sentry_ws/install/rm_interfaces/include/rm_interfaces/rm_interfaces/msg/detail/shoot_cmd__rosidl_typesupport_introspection_c.h
[8.352s] -- Up-to-date symlink: /home/xinzhu/sentry_ws/install/rm_interfaces/include/rm_interfaces/rm_interfaces/msg/rosidl_typesupport_introspection_c__visibility_control.h
[8.353s] -- Up-to-date symlink: /home/xinzhu/sentry_ws/install/rm_interfaces/include/rm_interfaces/rm_interfaces/msg/chassis_cmd.hpp
[8.353s] -- Up-to-date symlink: /home/xinzhu/sentry_ws/install/rm_interfaces/include/rm_interfaces/rm_interfaces/msg/detail/chassis_cmd__builder.hpp
[8.353s] -- Up-to-date symlink: /home/xinzhu/sentry_ws/install/rm_interfaces/include/rm_interfaces/rm_interfaces/msg/detail/chassis_cmd__struct.hpp
[8.353s] -- Up-to-date symlink: /home/xinzhu/sentry_ws/install/rm_interfaces/include/rm_interfaces/rm_interfaces/msg/detail/chassis_cmd__traits.hpp
[8.353s] -- Up-to-date symlink: /home/xinzhu/sentry_ws/install/rm_interfaces/include/rm_interfaces/rm_interfaces/msg/detail/chassis_cmd__type_support.hpp
[8.353s] -- Up-to-date symlink: /home/xinzhu/sentry_ws/install/rm_interfaces/include/rm_interfaces/rm_interfaces/msg/detail/game_state__builder.hpp
[8.353s] -- Up-to-date symlink: /home/xinzhu/sentry_ws/install/rm_interfaces/include/rm_interfaces/rm_interfaces/msg/detail/game_state__struct.hpp
[8.353s] -- Up-to-date symlink: /home/xinzhu/sentry_ws/install/rm_interfaces/include/rm_interfaces/rm_interfaces/msg/detail/game_state__traits.hpp
[8.353s] -- Up-to-date symlink: /home/xinzhu/sentry_ws/install/rm_interfaces/include/rm_interfaces/rm_interfaces/msg/detail/game_state__type_support.hpp
[8.353s] -- Up-to-date symlink: /home/xinzhu/sentry_ws/install/rm_interfaces/include/rm_interfaces/rm_interfaces/msg/detail/gimbal__builder.hpp
[8.353s] -- Up-to-date symlink: /home/xinzhu/sentry_ws/install/rm_interfaces/include/rm_interfaces/rm_interfaces/msg/detail/gimbal__struct.hpp
[8.353s] -- Up-to-date symlink: /home/xinzhu/sentry_ws/install/rm_interfaces/include/rm_interfaces/rm_interfaces/msg/detail/gimbal__traits.hpp
[8.353s] -- Up-to-date symlink: /home/xinzhu/sentry_ws/install/rm_interfaces/include/rm_interfaces/rm_interfaces/msg/detail/gimbal__type_support.hpp
[8.353s] -- Up-to-date symlink: /home/xinzhu/sentry_ws/install/rm_interfaces/include/rm_interfaces/rm_interfaces/msg/detail/gimbal_cmd__builder.hpp
[8.353s] -- Up-to-date symlink: /home/xinzhu/sentry_ws/install/rm_interfaces/include/rm_interfaces/rm_interfaces/msg/detail/gimbal_cmd__struct.hpp
[8.353s] -- Up-to-date symlink: /home/xinzhu/sentry_ws/install/rm_interfaces/include/rm_interfaces/rm_interfaces/msg/detail/gimbal_cmd__traits.hpp
[8.353s] -- Up-to-date symlink: /home/xinzhu/sentry_ws/install/rm_interfaces/include/rm_interfaces/rm_interfaces/msg/detail/gimbal_cmd__type_support.hpp
[8.353s] -- Up-to-date symlink: /home/xinzhu/sentry_ws/install/rm_interfaces/include/rm_interfaces/rm_interfaces/msg/detail/robot_mode__builder.hpp
[8.353s] -- Up-to-date symlink: /home/xinzhu/sentry_ws/install/rm_interfaces/include/rm_interfaces/rm_interfaces/msg/detail/robot_mode__struct.hpp
[8.353s] -- Up-to-date symlink: /home/xinzhu/sentry_ws/install/rm_interfaces/include/rm_interfaces/rm_interfaces/msg/detail/robot_mode__traits.hpp
[8.354s] -- Up-to-date symlink: /home/xinzhu/sentry_ws/install/rm_interfaces/include/rm_interfaces/rm_interfaces/msg/detail/robot_mode__type_support.hpp
[8.354s] -- Up-to-date symlink: /home/xinzhu/sentry_ws/install/rm_interfaces/include/rm_interfaces/rm_interfaces/msg/detail/sentry_cmd__builder.hpp
[8.354s] -- Up-to-date symlink: /home/xinzhu/sentry_ws/install/rm_interfaces/include/rm_interfaces/rm_interfaces/msg/detail/sentry_cmd__struct.hpp
[8.354s] -- Up-to-date symlink: /home/xinzhu/sentry_ws/install/rm_interfaces/include/rm_interfaces/rm_interfaces/msg/detail/sentry_cmd__traits.hpp
[8.354s] -- Up-to-date symlink: /home/xinzhu/sentry_ws/install/rm_interfaces/include/rm_interfaces/rm_interfaces/msg/detail/sentry_cmd__type_support.hpp
[8.354s] -- Up-to-date symlink: /home/xinzhu/sentry_ws/install/rm_interfaces/include/rm_interfaces/rm_interfaces/msg/detail/shoot_cmd__builder.hpp
[8.354s] -- Up-to-date symlink: /home/xinzhu/sentry_ws/install/rm_interfaces/include/rm_interfaces/rm_interfaces/msg/detail/shoot_cmd__struct.hpp
[8.354s] -- Up-to-date symlink: /home/xinzhu/sentry_ws/install/rm_interfaces/include/rm_interfaces/rm_interfaces/msg/detail/shoot_cmd__traits.hpp
[8.354s] -- Up-to-date symlink: /home/xinzhu/sentry_ws/install/rm_interfaces/include/rm_interfaces/rm_interfaces/msg/detail/shoot_cmd__type_support.hpp
[8.354s] -- Up-to-date symlink: /home/xinzhu/sentry_ws/install/rm_interfaces/include/rm_interfaces/rm_interfaces/msg/game_state.hpp
[8.354s] -- Up-to-date symlink: /home/xinzhu/sentry_ws/install/rm_interfaces/include/rm_interfaces/rm_interfaces/msg/gimbal.hpp
[8.354s] -- Up-to-date symlink: /home/xinzhu/sentry_ws/install/rm_interfaces/include/rm_interfaces/rm_interfaces/msg/gimbal_cmd.hpp
[8.354s] -- Up-to-date symlink: /home/xinzhu/sentry_ws/install/rm_interfaces/include/rm_interfaces/rm_interfaces/msg/robot_mode.hpp
[8.354s] -- Up-to-date symlink: /home/xinzhu/sentry_ws/install/rm_interfaces/include/rm_interfaces/rm_interfaces/msg/rosidl_generator_cpp__visibility_control.hpp
[8.354s] -- Up-to-date symlink: /home/xinzhu/sentry_ws/install/rm_interfaces/include/rm_interfaces/rm_interfaces/msg/sentry_cmd.hpp
[8.354s] -- Up-to-date symlink: /home/xinzhu/sentry_ws/install/rm_interfaces/include/rm_interfaces/rm_interfaces/msg/shoot_cmd.hpp
[8.354s] -- Up-to-date symlink: /home/xinzhu/sentry_ws/install/rm_interfaces/include/rm_interfaces/rm_interfaces/msg/detail/chassis_cmd__rosidl_typesupport_fastrtps_cpp.hpp
[8.355s] -- Up-to-date symlink: /home/xinzhu/sentry_ws/install/rm_interfaces/include/rm_interfaces/rm_interfaces/msg/detail/game_state__rosidl_typesupport_fastrtps_cpp.hpp
[8.355s] -- Up-to-date symlink: /home/xinzhu/sentry_ws/install/rm_interfaces/include/rm_interfaces/rm_interfaces/msg/detail/gimbal__rosidl_typesupport_fastrtps_cpp.hpp
[8.355s] -- Up-to-date symlink: /home/xinzhu/sentry_ws/install/rm_interfaces/include/rm_interfaces/rm_interfaces/msg/detail/gimbal_cmd__rosidl_typesupport_fastrtps_cpp.hpp
[8.355s] -- Up-to-date symlink: /home/xinzhu/sentry_ws/install/rm_interfaces/include/rm_interfaces/rm_interfaces/msg/detail/robot_mode__rosidl_typesupport_fastrtps_cpp.hpp
[8.355s] -- Up-to-date symlink: /home/xinzhu/sentry_ws/install/rm_interfaces/include/rm_interfaces/rm_interfaces/msg/detail/sentry_cmd__rosidl_typesupport_fastrtps_cpp.hpp
[8.355s] -- Up-to-date symlink: /home/xinzhu/sentry_ws/install/rm_interfaces/include/rm_interfaces/rm_interfaces/msg/detail/shoot_cmd__rosidl_typesupport_fastrtps_cpp.hpp
[8.355s] -- Up-to-date symlink: /home/xinzhu/sentry_ws/install/rm_interfaces/include/rm_interfaces/rm_interfaces/msg/rosidl_typesupport_fastrtps_cpp__visibility_control.h
[8.355s] -- Up-to-date symlink: /home/xinzhu/sentry_ws/install/rm_interfaces/include/rm_interfaces/rm_interfaces/msg/detail/chassis_cmd__rosidl_typesupport_introspection_cpp.hpp
[8.355s] -- Up-to-date symlink: /home/xinzhu/sentry_ws/install/rm_interfaces/include/rm_interfaces/rm_interfaces/msg/detail/game_state__rosidl_typesupport_introspection_cpp.hpp
[8.355s] -- Up-to-date symlink: /home/xinzhu/sentry_ws/install/rm_interfaces/include/rm_interfaces/rm_interfaces/msg/detail/gimbal__rosidl_typesupport_introspection_cpp.hpp
[8.355s] -- Up-to-date symlink: /home/xinzhu/sentry_ws/install/rm_interfaces/include/rm_interfaces/rm_interfaces/msg/detail/gimbal_cmd__rosidl_typesupport_introspection_cpp.hpp
[8.355s] -- Up-to-date symlink: /home/xinzhu/sentry_ws/install/rm_interfaces/include/rm_interfaces/rm_interfaces/msg/detail/robot_mode__rosidl_typesupport_introspection_cpp.hpp
[8.355s] -- Up-to-date symlink: /home/xinzhu/sentry_ws/install/rm_interfaces/include/rm_interfaces/rm_interfaces/msg/detail/sentry_cmd__rosidl_typesupport_introspection_cpp.hpp
[8.355s] -- Up-to-date symlink: /home/xinzhu/sentry_ws/install/rm_interfaces/include/rm_interfaces/rm_interfaces/msg/detail/shoot_cmd__rosidl_typesupport_introspection_cpp.hpp
[8.355s] -- Up-to-date symlink: /home/xinzhu/sentry_ws/install/rm_interfaces/share/rm_interfaces/environment/pythonpath.sh
[8.356s] -- Up-to-date symlink: /home/xinzhu/sentry_ws/install/rm_interfaces/share/rm_interfaces/environment/pythonpath.dsv
[8.356s] -- Up-to-date symlink: /home/xinzhu/sentry_ws/install/rm_interfaces/local/lib/python3.10/dist-packages/rm_interfaces-0.0.1-py3.10.egg-info/PKG-INFO
[8.356s] -- Up-to-date symlink: /home/xinzhu/sentry_ws/install/rm_interfaces/local/lib/python3.10/dist-packages/rm_interfaces-0.0.1-py3.10.egg-info/SOURCES.txt
[8.356s] -- Up-to-date symlink: /home/xinzhu/sentry_ws/install/rm_interfaces/local/lib/python3.10/dist-packages/rm_interfaces-0.0.1-py3.10.egg-info/dependency_links.txt
[8.356s] -- Up-to-date symlink: /home/xinzhu/sentry_ws/install/rm_interfaces/local/lib/python3.10/dist-packages/rm_interfaces-0.0.1-py3.10.egg-info/top_level.txt
[8.356s] -- Up-to-date symlink: /home/xinzhu/sentry_ws/install/rm_interfaces/local/lib/python3.10/dist-packages/rm_interfaces/__init__.py
[8.356s] -- Up-to-date symlink: /home/xinzhu/sentry_ws/install/rm_interfaces/local/lib/python3.10/dist-packages/rm_interfaces/_rm_interfaces_s.ep.rosidl_typesupport_c.c
[8.356s] -- Up-to-date symlink: /home/xinzhu/sentry_ws/install/rm_interfaces/local/lib/python3.10/dist-packages/rm_interfaces/_rm_interfaces_s.ep.rosidl_typesupport_fastrtps_c.c
[8.356s] -- Up-to-date symlink: /home/xinzhu/sentry_ws/install/rm_interfaces/local/lib/python3.10/dist-packages/rm_interfaces/_rm_interfaces_s.ep.rosidl_typesupport_introspection_c.c
[8.356s] -- Up-to-date symlink: /home/xinzhu/sentry_ws/install/rm_interfaces/local/lib/python3.10/dist-packages/rm_interfaces/librm_interfaces__rosidl_generator_py.so
[8.356s] -- Up-to-date symlink: /home/xinzhu/sentry_ws/install/rm_interfaces/local/lib/python3.10/dist-packages/rm_interfaces/msg/__init__.py
[8.357s] -- Up-to-date symlink: /home/xinzhu/sentry_ws/install/rm_interfaces/local/lib/python3.10/dist-packages/rm_interfaces/msg/_chassis_cmd.py
[8.357s] -- Up-to-date symlink: /home/xinzhu/sentry_ws/install/rm_interfaces/local/lib/python3.10/dist-packages/rm_interfaces/msg/_chassis_cmd_s.c
[8.357s] -- Up-to-date symlink: /home/xinzhu/sentry_ws/install/rm_interfaces/local/lib/python3.10/dist-packages/rm_interfaces/msg/_game_state.py
[8.357s] -- Up-to-date symlink: /home/xinzhu/sentry_ws/install/rm_interfaces/local/lib/python3.10/dist-packages/rm_interfaces/msg/_game_state_s.c
[8.357s] -- Up-to-date symlink: /home/xinzhu/sentry_ws/install/rm_interfaces/local/lib/python3.10/dist-packages/rm_interfaces/msg/_gimbal.py
[8.357s] -- Up-to-date symlink: /home/xinzhu/sentry_ws/install/rm_interfaces/local/lib/python3.10/dist-packages/rm_interfaces/msg/_gimbal_cmd.py
[8.357s] -- Up-to-date symlink: /home/xinzhu/sentry_ws/install/rm_interfaces/local/lib/python3.10/dist-packages/rm_interfaces/msg/_gimbal_cmd_s.c
[8.357s] -- Up-to-date symlink: /home/xinzhu/sentry_ws/install/rm_interfaces/local/lib/python3.10/dist-packages/rm_interfaces/msg/_gimbal_s.c
[8.357s] -- Up-to-date symlink: /home/xinzhu/sentry_ws/install/rm_interfaces/local/lib/python3.10/dist-packages/rm_interfaces/msg/_robot_mode.py
[8.357s] -- Up-to-date symlink: /home/xinzhu/sentry_ws/install/rm_interfaces/local/lib/python3.10/dist-packages/rm_interfaces/msg/_robot_mode_s.c
[8.357s] -- Up-to-date symlink: /home/xinzhu/sentry_ws/install/rm_interfaces/local/lib/python3.10/dist-packages/rm_interfaces/msg/_sentry_cmd.py
[8.357s] -- Up-to-date symlink: /home/xinzhu/sentry_ws/install/rm_interfaces/local/lib/python3.10/dist-packages/rm_interfaces/msg/_sentry_cmd_s.c
[8.357s] -- Up-to-date symlink: /home/xinzhu/sentry_ws/install/rm_interfaces/local/lib/python3.10/dist-packages/rm_interfaces/msg/_shoot_cmd.py
[8.357s] -- Up-to-date symlink: /home/xinzhu/sentry_ws/install/rm_interfaces/local/lib/python3.10/dist-packages/rm_interfaces/msg/_shoot_cmd_s.c
[8.357s] -- Up-to-date symlink: /home/xinzhu/sentry_ws/install/rm_interfaces/local/lib/python3.10/dist-packages/rm_interfaces/rm_interfaces_s__rosidl_typesupport_c.cpython-310-x86_64-linux-gnu.so
[8.357s] -- Up-to-date symlink: /home/xinzhu/sentry_ws/install/rm_interfaces/local/lib/python3.10/dist-packages/rm_interfaces/rm_interfaces_s__rosidl_typesupport_fastrtps_c.cpython-310-x86_64-linux-gnu.so
[8.357s] -- Up-to-date symlink: /home/xinzhu/sentry_ws/install/rm_interfaces/local/lib/python3.10/dist-packages/rm_interfaces/rm_interfaces_s__rosidl_typesupport_introspection_c.cpython-310-x86_64-linux-gnu.so
[8.357s] -- Up-to-date symlink: /home/xinzhu/sentry_ws/install/rm_interfaces/local/lib/python3.10/dist-packages/rm_interfaces/rm_interfaces_s__rosidl_typesupport_fastrtps_c.cpython-310-x86_64-linux-gnu.so
[8.358s] -- Up-to-date symlink: /home/xinzhu/sentry_ws/install/rm_interfaces/local/lib/python3.10/dist-packages/rm_interfaces/rm_interfaces_s__rosidl_typesupport_introspection_c.cpython-310-x86_64-linux-gnu.so
[8.358s] -- Up-to-date symlink: /home/xinzhu/sentry_ws/install/rm_interfaces/local/lib/python3.10/dist-packages/rm_interfaces/rm_interfaces_s__rosidl_typesupport_c.cpython-310-x86_64-linux-gnu.so
[8.358s] -- Symlinking: /home/xinzhu/sentry_ws/install/rm_interfaces/share/ament_index/resource_index/rust_packages/rm_interfaces
[8.361s] -- Symlinking: /home/xinzhu/sentry_ws/install/rm_interfaces/share/rm_interfaces/rust/Cargo.toml
[8.363s] -- Symlinking: /home/xinzhu/sentry_ws/install/rm_interfaces/share/rm_interfaces/rust/build.rs
[8.366s] -- Symlinking: /home/xinzhu/sentry_ws/install/rm_interfaces/share/rm_interfaces/rust/src/lib.rs
[8.368s] -- Symlinking: /home/xinzhu/sentry_ws/install/rm_interfaces/share/rm_interfaces/rust/src/msg.rs
[8.370s] -- Symlinking: /home/xinzhu/sentry_ws/install/rm_interfaces/share/rm_interfaces/rust/src/msg/rmw.rs
[8.372s] -- Up-to-date symlink: /home/xinzhu/sentry_ws/install/rm_interfaces/share/rm_interfaces/msg/GameState.idl
[8.372s] -- Up-to-date symlink: /home/xinzhu/sentry_ws/install/rm_interfaces/share/rm_interfaces/msg/SentryCmd.idl
[8.373s] -- Up-to-date symlink: /home/xinzhu/sentry_ws/install/rm_interfaces/share/rm_interfaces/msg/ChassisCmd.idl
[8.373s] -- Up-to-date symlink: /home/xinzhu/sentry_ws/install/rm_interfaces/share/rm_interfaces/msg/Gimbal.idl
[8.373s] -- Up-to-date symlink: /home/xinzhu/sentry_ws/install/rm_interfaces/share/rm_interfaces/msg/GimbalCmd.idl
[8.373s] -- Up-to-date symlink: /home/xinzhu/sentry_ws/install/rm_interfaces/share/rm_interfaces/msg/ShootCmd.idl
[8.373s] -- Up-to-date symlink: /home/xinzhu/sentry_ws/install/rm_interfaces/share/rm_interfaces/msg/RobotMode.idl
[8.373s] -- Up-to-date symlink: /home/xinzhu/sentry_ws/install/rm_interfaces/share/rm_interfaces/referee/GameState.msg
[8.373s] -- Up-to-date symlink: /home/xinzhu/sentry_ws/install/rm_interfaces/share/rm_interfaces/referee/SentryCmd.msg
[8.373s] -- Up-to-date symlink: /home/xinzhu/sentry_ws/install/rm_interfaces/share/rm_interfaces/msg/ChassisCmd.msg
[8.373s] -- Up-to-date symlink: /home/xinzhu/sentry_ws/install/rm_interfaces/share/rm_interfaces/msg/Gimbal.msg
[8.373s] -- Up-to-date symlink: /home/xinzhu/sentry_ws/install/rm_interfaces/share/rm_interfaces/msg/GimbalCmd.msg
[8.373s] -- Up-to-date symlink: /home/xinzhu/sentry_ws/install/rm_interfaces/share/rm_interfaces/msg/ShootCmd.msg
[8.373s] -- Up-to-date symlink: /home/xinzhu/sentry_ws/install/rm_interfaces/share/rm_interfaces/msg/RobotMode.msg
[8.373s] -- Up-to-date symlink: /home/xinzhu/sentry_ws/install/rm_interfaces/share/ament_index/resource_index/package_run_dependencies/rm_interfaces
[8.373s] -- Up-to-date symlink: /home/xinzhu/sentry_ws/install/rm_interfaces/share/ament_index/resource_index/parent_prefix_path/rm_interfaces
[8.373s] -- Up-to-date symlink: /home/xinzhu/sentry_ws/install/rm_interfaces/share/rm_interfaces/environment/ament_prefix_path.sh
[8.374s] -- Up-to-date symlink: /home/xinzhu/sentry_ws/install/rm_interfaces/share/rm_interfaces/environment/ament_prefix_path.dsv
[8.374s] -- Up-to-date symlink: /home/xinzhu/sentry_ws/install/rm_interfaces/share/rm_interfaces/environment/path.sh
[8.374s] -- Up-to-date symlink: /home/xinzhu/sentry_ws/install/rm_interfaces/share/rm_interfaces/environment/path.dsv
[8.374s] -- Up-to-date symlink: /home/xinzhu/sentry_ws/install/rm_interfaces/share/rm_interfaces/local_setup.bash
[8.374s] -- Up-to-date symlink: /home/xinzhu/sentry_ws/install/rm_interfaces/share/rm_interfaces/local_setup.sh
[8.374s] -- Up-to-date symlink: /home/xinzhu/sentry_ws/install/rm_interfaces/share/rm_interfaces/local_setup.zsh
[8.374s] -- Up-to-date symlink: /home/xinzhu/sentry_ws/install/rm_interfaces/share/rm_interfaces/local_setup.dsv
[8.374s] -- Symlinking: /home/xinzhu/sentry_ws/install/rm_interfaces/share/rm_interfaces/package.dsv
[8.376s] -- Up-to-date symlink: /home/xinzhu/sentry_ws/install/rm_interfaces/share/ament_index/resource_index/packages/rm_interfaces
[8.376s] -- Up-to-date symlink: /home/xinzhu/sentry_ws/install/rm_interfaces/share/rm_interfaces/cmake/rosidl_cmake-extras.cmake
[8.377s] -- Up-to-date symlink: /home/xinzhu/sentry_ws/install/rm_interfaces/share/rm_interfaces/cmake/ament_cmake_export_dependencies-extras.cmake
[8.377s] -- Up-to-date symlink: /home/xinzhu/sentry_ws/install/rm_interfaces/share/rm_interfaces/cmake/ament_cmake_export_include_directories-extras.cmake
[8.377s] -- Up-to-date symlink: /home/xinzhu/sentry_ws/install/rm_interfaces/share/rm_interfaces/cmake/ament_cmake_export_libraries-extras.cmake
[8.377s] -- Up-to-date symlink: /home/xinzhu/sentry_ws/install/rm_interfaces/share/rm_interfaces/cmake/ament_cmake_export_targets-extras.cmake
[8.377s] -- Up-to-date symlink: /home/xinzhu/sentry_ws/install/rm_interfaces/share/rm_interfaces/cmake/rosidl_cmake_export_typesupport_targets-extras.cmake
[8.377s] -- Up-to-date symlink: /home/xinzhu/sentry_ws/install/rm_interfaces/share/rm_interfaces/cmake/rosidl_cmake_export_typesupport_libraries-extras.cmake
[8.377s] -- Up-to-date symlink: /home/xinzhu/sentry_ws/install/rm_interfaces/share/rm_interfaces/cmake/rm_interfacesConfig.cmake
[8.377s] -- Up-to-date symlink: /home/xinzhu/sentry_ws/install/rm_interfaces/share/rm_interfaces/cmake/rm_interfacesConfig-version.cmake
[8.377s] -- Up-to-date symlink: /home/xinzhu/sentry_ws/install/rm_interfaces/share/rm_interfaces/package.xml
[8.378s] -- Installing: /home/xinzhu/sentry_ws/install/rm_interfaces/lib/librm_interfaces__rosidl_generator_c.so
[8.378s] -- Set non-toolchain portion of runtime path of "/home/xinzhu/sentry_ws/install/rm_interfaces/lib/librm_interfaces__rosidl_generator_c.so" to ""
[8.379s] -- Installing: /home/xinzhu/sentry_ws/install/rm_interfaces/lib/librm_interfaces__rosidl_typesupport_fastrtps_c.so
[8.379s] -- Set non-toolchain portion of runtime path of "/home/xinzhu/sentry_ws/install/rm_interfaces/lib/librm_interfaces__rosidl_typesupport_fastrtps_c.so" to ""
[8.380s] -- Installing: /home/xinzhu/sentry_ws/install/rm_interfaces/lib/librm_interfaces__rosidl_typesupport_introspection_c.so
[8.380s] -- Set non-toolchain portion of runtime path of "/home/xinzhu/sentry_ws/install/rm_interfaces/lib/librm_interfaces__rosidl_typesupport_introspection_c.so" to ""
[8.381s] -- Installing: /home/xinzhu/sentry_ws/install/rm_interfaces/lib/librm_interfaces__rosidl_typesupport_c.so
[8.381s] -- Set non-toolchain portion of runtime path of "/home/xinzhu/sentry_ws/install/rm_interfaces/lib/librm_interfaces__rosidl_typesupport_c.so" to ""
[8.382s] -- Installing: /home/xinzhu/sentry_ws/install/rm_interfaces/lib/librm_interfaces__rosidl_typesupport_fastrtps_cpp.so
[8.382s] -- Set non-toolchain portion of runtime path of "/home/xinzhu/sentry_ws/install/rm_interfaces/lib/librm_interfaces__rosidl_typesupport_fastrtps_cpp.so" to ""
[8.383s] -- Installing: /home/xinzhu/sentry_ws/install/rm_interfaces/lib/librm_interfaces__rosidl_typesupport_introspection_cpp.so
[8.383s] -- Set non-toolchain portion of runtime path of "/home/xinzhu/sentry_ws/install/rm_interfaces/lib/librm_interfaces__rosidl_typesupport_introspection_cpp.so" to ""
[8.384s] -- Installing: /home/xinzhu/sentry_ws/install/rm_interfaces/lib/librm_interfaces__rosidl_typesupport_cpp.so
[8.384s] -- Set non-toolchain portion of runtime path of "/home/xinzhu/sentry_ws/install/rm_interfaces/lib/librm_interfaces__rosidl_typesupport_cpp.so" to ""
[8.420s] Listing '/home/xinzhu/sentry_ws/install/rm_interfaces/local/lib/python3.10/dist-packages/rm_interfaces'...
[8.420s] Compiling '/home/xinzhu/sentry_ws/install/rm_interfaces/local/lib/python3.10/dist-packages/rm_interfaces/__init__.py'...
[8.420s] Listing '/home/xinzhu/sentry_ws/install/rm_interfaces/local/lib/python3.10/dist-packages/rm_interfaces/msg'...
[8.420s] Compiling '/home/xinzhu/sentry_ws/install/rm_interfaces/local/lib/python3.10/dist-packages/rm_interfaces/msg/__init__.py'...
[8.420s] Compiling '/home/xinzhu/sentry_ws/install/rm_interfaces/local/lib/python3.10/dist-packages/rm_interfaces/msg/_chassis_cmd.py'...
[8.420s] Compiling '/home/xinzhu/sentry_ws/install/rm_interfaces/local/lib/python3.10/dist-packages/rm_interfaces/msg/_game_state.py'...
[8.420s] Compiling '/home/xinzhu/sentry_ws/install/rm_interfaces/local/lib/python3.10/dist-packages/rm_interfaces/msg/_gimbal.py'...
[8.420s] Compiling '/home/xinzhu/sentry_ws/install/rm_interfaces/local/lib/python3.10/dist-packages/rm_interfaces/msg/_gimbal_cmd.py'...
[8.420s] Compiling '/home/xinzhu/sentry_ws/install/rm_interfaces/local/lib/python3.10/dist-packages/rm_interfaces/msg/_robot_mode.py'...
[8.420s] Compiling '/home/xinzhu/sentry_ws/install/rm_interfaces/local/lib/python3.10/dist-packages/rm_interfaces/msg/_sentry_cmd.py'...
[8.420s] Compiling '/home/xinzhu/sentry_ws/install/rm_interfaces/local/lib/python3.10/dist-packages/rm_interfaces/msg/_shoot_cmd.py'...
[8.425s] -- Installing: /home/xinzhu/sentry_ws/install/rm_interfaces/lib/librm_interfaces__rosidl_generator_py.so
[8.425s] -- Set non-toolchain portion of runtime path of "/home/xinzhu/sentry_ws/install/rm_interfaces/lib/librm_interfaces__rosidl_generator_py.so" to ""
[8.425s] -- Up-to-date: /home/xinzhu/sentry_ws/install/rm_interfaces/share/rm_interfaces/cmake/export_rm_interfaces__rosidl_generator_cExport.cmake
[8.425s] -- Up-to-date: /home/xinzhu/sentry_ws/install/rm_interfaces/share/rm_interfaces/cmake/export_rm_interfaces__rosidl_generator_cExport-release.cmake
[8.425s] -- Up-to-date: /home/xinzhu/sentry_ws/install/rm_interfaces/share/rm_interfaces/cmake/export_rm_interfaces__rosidl_typesupport_fastrtps_cExport.cmake
[8.425s] -- Up-to-date: /home/xinzhu/sentry_ws/install/rm_interfaces/share/rm_interfaces/cmake/export_rm_interfaces__rosidl_typesupport_fastrtps_cExport-release.cmake
[8.426s] -- Up-to-date: /home/xinzhu/sentry_ws/install/rm_interfaces/share/rm_interfaces/cmake/rm_interfaces__rosidl_typesupport_introspection_cExport.cmake
[8.426s] -- Up-to-date: /home/xinzhu/sentry_ws/install/rm_interfaces/share/rm_interfaces/cmake/rm_interfaces__rosidl_typesupport_introspection_cExport-release.cmake
[8.426s] -- Up-to-date: /home/xinzhu/sentry_ws/install/rm_interfaces/share/rm_interfaces/cmake/rm_interfaces__rosidl_typesupport_cExport.cmake
[8.426s] -- Up-to-date: /home/xinzhu/sentry_ws/install/rm_interfaces/share/rm_interfaces/cmake/rm_interfaces__rosidl_typesupport_cExport-release.cmake
[8.426s] -- Up-to-date: /home/xinzhu/sentry_ws/install/rm_interfaces/share/rm_interfaces/cmake/export_rm_interfaces__rosidl_generator_cppExport.cmake
[8.426s] -- Up-to-date: /home/xinzhu/sentry_ws/install/rm_interfaces/share/rm_interfaces/cmake/export_rm_interfaces__rosidl_typesupport_fastrtps_cppExport.cmake
[8.426s] -- Up-to-date: /home/xinzhu/sentry_ws/install/rm_interfaces/share/rm_interfaces/cmake/export_rm_interfaces__rosidl_typesupport_fastrtps_cppExport-release.cmake
[8.426s] -- Up-to-date: /home/xinzhu/sentry_ws/install/rm_interfaces/share/rm_interfaces/cmake/rm_interfaces__rosidl_typesupport_introspection_cppExport.cmake
[8.426s] -- Up-to-date: /home/xinzhu/sentry_ws/install/rm_interfaces/share/rm_interfaces/cmake/rm_interfaces__rosidl_typesupport_introspection_cppExport-release.cmake
[8.427s] -- Up-to-date: /home/xinzhu/sentry_ws/install/rm_interfaces/share/rm_interfaces/cmake/rm_interfaces__rosidl_typesupport_cppExport.cmake
[8.427s] -- Up-to-date: /home/xinzhu/sentry_ws/install/rm_interfaces/share/rm_interfaces/cmake/rm_interfaces__rosidl_typesupport_cppExport-release.cmake
[8.427s] -- Up-to-date: /home/xinzhu/sentry_ws/install/rm_interfaces/share/rm_interfaces/cmake/export_rm_interfaces__rosidl_generator_pyExport.cmake
[8.427s] -- Up-to-date: /home/xinzhu/sentry_ws/install/rm_interfaces/share/rm_interfaces/cmake/export_rm_interfaces__rosidl_generator_pyExport-release.cmake
[8.428s] Invoked command in '/home/xinzhu/sentry_ws/build/rm_interfaces' returned '0': CMAKE_PREFIX_PATH=${CMAKE_PREFIX_PATH}:/home/xinzhu/Desktop/sentry_ws/install/control_panel:/opt/ros/humble PS1=%F{green}%n@%m%f%F{white}:%f%F{blue}%~%f%F{white}$%f /usr/local/bin/cmake --install /home/xinzhu/sentry_ws/build/rm_interfaces
