[0.689s] Invoking command in '/home/xinzhu/sentry_ws/build/control_panel': PS1=%F{green}%n@%m%f%F{white}:%f%F{blue}%~%f%F{white}$%f PYTHONPATH=/home/xinzhu/sentry_ws/build/control_panel/prefix_override:/usr/lib/python3/dist-packages/colcon_core/task/python/colcon_distutils_commands:/home/xinzhu/sentry_ws/install/control_panel/lib/python3.10/site-packages:${PYTHONPATH} /usr/bin/python3 -W ignore:setup.py install is deprecated -W ignore:easy_install command is deprecated setup.py develop --editable --build-directory /home/xinzhu/sentry_ws/build/control_panel/build --no-deps symlink_data
[0.875s] running develop
[0.991s] running egg_info
[0.991s] creating control_panel.egg-info
[0.991s] writing control_panel.egg-info/PKG-INFO
[0.991s] writing dependency_links to control_panel.egg-info/dependency_links.txt
[0.991s] writing entry points to control_panel.egg-info/entry_points.txt
[0.991s] writing requirements to control_panel.egg-info/requires.txt
[0.991s] writing top-level names to control_panel.egg-info/top_level.txt
[0.992s] writing manifest file 'control_panel.egg-info/SOURCES.txt'
[0.993s] reading manifest file 'control_panel.egg-info/SOURCES.txt'
[0.993s] writing manifest file 'control_panel.egg-info/SOURCES.txt'
[0.994s] running build_ext
[0.995s] Creating /home/xinzhu/sentry_ws/install/control_panel/lib/python3.10/site-packages/control-panel.egg-link (link to .)
[0.995s] Installing control_panel script to /home/xinzhu/sentry_ws/install/control_panel/lib/control_panel
[0.995s] 
[0.995s] Installed /home/xinzhu/sentry_ws/build/control_panel
[0.995s] running symlink_data
[0.996s] creating /home/xinzhu/sentry_ws/install/control_panel/share/ament_index
[0.996s] creating /home/xinzhu/sentry_ws/install/control_panel/share/ament_index/resource_index
[0.996s] creating /home/xinzhu/sentry_ws/install/control_panel/share/ament_index/resource_index/packages
[0.996s] symbolically linking /home/xinzhu/sentry_ws/build/control_panel/resource/control_panel -> /home/xinzhu/sentry_ws/install/control_panel/share/ament_index/resource_index/packages
[0.996s] symbolically linking /home/xinzhu/sentry_ws/build/control_panel/package.xml -> /home/xinzhu/sentry_ws/install/control_panel/share/control_panel
[1.019s] Invoked command in '/home/xinzhu/sentry_ws/build/control_panel' returned '0': PS1=%F{green}%n@%m%f%F{white}:%f%F{blue}%~%f%F{white}$%f PYTHONPATH=/home/xinzhu/sentry_ws/build/control_panel/prefix_override:/usr/lib/python3/dist-packages/colcon_core/task/python/colcon_distutils_commands:/home/xinzhu/sentry_ws/install/control_panel/lib/python3.10/site-packages:${PYTHONPATH} /usr/bin/python3 -W ignore:setup.py install is deprecated -W ignore:easy_install command is deprecated setup.py develop --editable --build-directory /home/xinzhu/sentry_ws/build/control_panel/build --no-deps symlink_data
