[0.011s] Invoking command in '/home/xinzhu/sentry_ws/build/rm_camera_driver': AMENT_PREFIX_PATH=/home/xinzhu/sentry_ws/install/rm_utils:${AMENT_PREFIX_PATH} CMAKE_PREFIX_PATH=/home/xinzhu/sentry_ws/install/rm_utils:/home/xinzhu/Desktop/sentry_ws/install/sentry_description:/home/xinzhu/Desktop/sentry_ws/install/sentry_bringup:/home/xinzhu/Desktop/sentry_ws/install/sensor_scan_generation:/home/xinzhu/Desktop/sentry_ws/install/rm_rune:/home/xinzhu/Desktop/sentry_ws/install/rune_solver:/home/xinzhu/Desktop/sentry_ws/install/rune_detector:/home/xinzhu/Desktop/sentry_ws/install/rm_serial_driver:/home/xinzhu/Desktop/sentry_ws/install/rm_auto_aim:/home/xinzhu/Desktop/sentry_ws/install/armor_solver:/home/xinzhu/Desktop/sentry_ws/install/armor_detector:/home/xinzhu/Desktop/sentry_ws/install/rm_utils:/home/xinzhu/Desktop/sentry_ws/install/rm_robot_description:/home/xinzhu/Desktop/sentry_ws/install/rm_interfaces:/home/xinzhu/Desktop/sentry_ws/install/livox_ros_driver2:/home/xinzhu/Desktop/sentry_ws/install/costmap_intensity:/home/xinzhu/Desktop/sentry_ws/install/behavior_ext_plugins:/home/xinzhu/Desktop/sentry_ws/install/auto_aim_interfaces:/home/xinzhu/Desktop/sentry_ws/install/control_panel:/opt/ros/humble LD_LIBRARY_PATH=/home/xinzhu/sentry_ws/install/rm_utils/lib:${LD_LIBRARY_PATH} PS1=%F{green}%n@%m%f%F{white}:%f%F{blue}%~%f%F{white}$%f /usr/local/bin/cmake --build /home/xinzhu/sentry_ws/build/rm_camera_driver -- -j16 -l16
[0.041s] [ 25%] Built target rm_camera_driver_node
[0.041s] [ 50%] Built target video_player_node
[0.042s] [ 62%] [32mBuilding CXX object CMakeFiles/rm_camera_driver.dir/src/daheng_camera.cpp.o[0m
[5.363s] [ 75%] [32m[1mLinking CXX shared library librm_camera_driver.so[0m
[5.590s] [100%] Built target rm_camera_driver
[5.594s] Invoked command in '/home/xinzhu/sentry_ws/build/rm_camera_driver' returned '0': AMENT_PREFIX_PATH=/home/xinzhu/sentry_ws/install/rm_utils:${AMENT_PREFIX_PATH} CMAKE_PREFIX_PATH=/home/xinzhu/sentry_ws/install/rm_utils:/home/xinzhu/Desktop/sentry_ws/install/sentry_description:/home/xinzhu/Desktop/sentry_ws/install/sentry_bringup:/home/xinzhu/Desktop/sentry_ws/install/sensor_scan_generation:/home/xinzhu/Desktop/sentry_ws/install/rm_rune:/home/xinzhu/Desktop/sentry_ws/install/rune_solver:/home/xinzhu/Desktop/sentry_ws/install/rune_detector:/home/xinzhu/Desktop/sentry_ws/install/rm_serial_driver:/home/xinzhu/Desktop/sentry_ws/install/rm_auto_aim:/home/xinzhu/Desktop/sentry_ws/install/armor_solver:/home/xinzhu/Desktop/sentry_ws/install/armor_detector:/home/xinzhu/Desktop/sentry_ws/install/rm_utils:/home/xinzhu/Desktop/sentry_ws/install/rm_robot_description:/home/xinzhu/Desktop/sentry_ws/install/rm_interfaces:/home/xinzhu/Desktop/sentry_ws/install/livox_ros_driver2:/home/xinzhu/Desktop/sentry_ws/install/costmap_intensity:/home/xinzhu/Desktop/sentry_ws/install/behavior_ext_plugins:/home/xinzhu/Desktop/sentry_ws/install/auto_aim_interfaces:/home/xinzhu/Desktop/sentry_ws/install/control_panel:/opt/ros/humble LD_LIBRARY_PATH=/home/xinzhu/sentry_ws/install/rm_utils/lib:${LD_LIBRARY_PATH} PS1=%F{green}%n@%m%f%F{white}:%f%F{blue}%~%f%F{white}$%f /usr/local/bin/cmake --build /home/xinzhu/sentry_ws/build/rm_camera_driver -- -j16 -l16
[5.599s] Invoking command in '/home/xinzhu/sentry_ws/build/rm_camera_driver': AMENT_PREFIX_PATH=/home/xinzhu/sentry_ws/install/rm_utils:${AMENT_PREFIX_PATH} CMAKE_PREFIX_PATH=/home/xinzhu/sentry_ws/install/rm_utils:/home/xinzhu/Desktop/sentry_ws/install/sentry_description:/home/xinzhu/Desktop/sentry_ws/install/sentry_bringup:/home/xinzhu/Desktop/sentry_ws/install/sensor_scan_generation:/home/xinzhu/Desktop/sentry_ws/install/rm_rune:/home/xinzhu/Desktop/sentry_ws/install/rune_solver:/home/xinzhu/Desktop/sentry_ws/install/rune_detector:/home/xinzhu/Desktop/sentry_ws/install/rm_serial_driver:/home/xinzhu/Desktop/sentry_ws/install/rm_auto_aim:/home/xinzhu/Desktop/sentry_ws/install/armor_solver:/home/xinzhu/Desktop/sentry_ws/install/armor_detector:/home/xinzhu/Desktop/sentry_ws/install/rm_utils:/home/xinzhu/Desktop/sentry_ws/install/rm_robot_description:/home/xinzhu/Desktop/sentry_ws/install/rm_interfaces:/home/xinzhu/Desktop/sentry_ws/install/livox_ros_driver2:/home/xinzhu/Desktop/sentry_ws/install/costmap_intensity:/home/xinzhu/Desktop/sentry_ws/install/behavior_ext_plugins:/home/xinzhu/Desktop/sentry_ws/install/auto_aim_interfaces:/home/xinzhu/Desktop/sentry_ws/install/control_panel:/opt/ros/humble LD_LIBRARY_PATH=/home/xinzhu/sentry_ws/install/rm_utils/lib:${LD_LIBRARY_PATH} PS1=%F{green}%n@%m%f%F{white}:%f%F{blue}%~%f%F{white}$%f /usr/local/bin/cmake --install /home/xinzhu/sentry_ws/build/rm_camera_driver
[5.602s] -- Install configuration: "Release"
[5.602s] -- Execute custom install script
[5.603s] -- Up-to-date symlink: /home/xinzhu/sentry_ws/install/rm_camera_driver/lib/x86_64/1555df0c238ef408c62d6ff58221ca8742fb56f0.cache
[5.603s] -- Up-to-date symlink: /home/xinzhu/sentry_ws/install/rm_camera_driver/lib/x86_64/452e5af839bed9a84b2a73eb107232d644aabef8.cache
[5.603s] -- Up-to-date symlink: /home/xinzhu/sentry_ws/install/rm_camera_driver/lib/x86_64/GxGVTL.cti
[5.603s] -- Up-to-date symlink: /home/xinzhu/sentry_ws/install/rm_camera_driver/lib/x86_64/GxU3VTL.cti
[5.603s] -- Up-to-date symlink: /home/xinzhu/sentry_ws/install/rm_camera_driver/lib/x86_64/bc4b08373788f18282ff1e747a98dd6c21a8b629.cache
[5.603s] -- Up-to-date symlink: /home/xinzhu/sentry_ws/install/rm_camera_driver/lib/x86_64/libgxiapi.so
[5.603s] -- Up-to-date symlink: /home/xinzhu/sentry_ws/install/rm_camera_driver/lib/x86_64/libgxiapi.so.1.0.1904.8241
[5.604s] -- Up-to-date symlink: /home/xinzhu/sentry_ws/install/rm_camera_driver/lib/rm_camera_driver/rm_camera_driver_node
[5.604s] -- Up-to-date symlink: /home/xinzhu/sentry_ws/install/rm_camera_driver/lib/rm_camera_driver/video_player_node
[5.604s] -- Up-to-date symlink: /home/xinzhu/sentry_ws/install/rm_camera_driver/include/daheng/DxImageProc.h
[5.604s] -- Up-to-date symlink: /home/xinzhu/sentry_ws/install/rm_camera_driver/include/daheng/GxIAPI.h
[5.604s] -- Up-to-date symlink: /home/xinzhu/sentry_ws/install/rm_camera_driver/include/rm_camera_driver/daheng_camera.hpp
[5.604s] -- Up-to-date symlink: /home/xinzhu/sentry_ws/install/rm_camera_driver/include/rm_camera_driver/recorder.hpp
[5.605s] -- Up-to-date symlink: /home/xinzhu/sentry_ws/install/rm_camera_driver/share/rm_camera_driver/environment/library_path.sh
[5.605s] -- Up-to-date symlink: /home/xinzhu/sentry_ws/install/rm_camera_driver/share/rm_camera_driver/environment/library_path.dsv
[5.605s] -- Up-to-date symlink: /home/xinzhu/sentry_ws/install/rm_camera_driver/lib/librm_camera_driver.so
[5.605s] -- Up-to-date symlink: /home/xinzhu/sentry_ws/install/rm_camera_driver/share/ament_index/resource_index/package_run_dependencies/rm_camera_driver
[5.605s] -- Up-to-date symlink: /home/xinzhu/sentry_ws/install/rm_camera_driver/share/ament_index/resource_index/parent_prefix_path/rm_camera_driver
[5.605s] -- Up-to-date symlink: /home/xinzhu/sentry_ws/install/rm_camera_driver/share/rm_camera_driver/environment/ament_prefix_path.sh
[5.605s] -- Up-to-date symlink: /home/xinzhu/sentry_ws/install/rm_camera_driver/share/rm_camera_driver/environment/ament_prefix_path.dsv
[5.605s] -- Up-to-date symlink: /home/xinzhu/sentry_ws/install/rm_camera_driver/share/rm_camera_driver/environment/path.sh
[5.605s] -- Up-to-date symlink: /home/xinzhu/sentry_ws/install/rm_camera_driver/share/rm_camera_driver/environment/path.dsv
[5.605s] -- Up-to-date symlink: /home/xinzhu/sentry_ws/install/rm_camera_driver/share/rm_camera_driver/local_setup.bash
[5.605s] -- Up-to-date symlink: /home/xinzhu/sentry_ws/install/rm_camera_driver/share/rm_camera_driver/local_setup.sh
[5.605s] -- Up-to-date symlink: /home/xinzhu/sentry_ws/install/rm_camera_driver/share/rm_camera_driver/local_setup.zsh
[5.605s] -- Up-to-date symlink: /home/xinzhu/sentry_ws/install/rm_camera_driver/share/rm_camera_driver/local_setup.dsv
[5.605s] -- Symlinking: /home/xinzhu/sentry_ws/install/rm_camera_driver/share/rm_camera_driver/package.dsv
[5.608s] -- Up-to-date symlink: /home/xinzhu/sentry_ws/install/rm_camera_driver/share/ament_index/resource_index/packages/rm_camera_driver
[5.608s] -- Up-to-date symlink: /home/xinzhu/sentry_ws/install/rm_camera_driver/share/ament_index/resource_index/rclcpp_components/rm_camera_driver
[5.608s] -- Up-to-date symlink: /home/xinzhu/sentry_ws/install/rm_camera_driver/share/rm_camera_driver/cmake/ament_cmake_export_dependencies-extras.cmake
[5.608s] -- Up-to-date symlink: /home/xinzhu/sentry_ws/install/rm_camera_driver/share/rm_camera_driver/cmake/ament_cmake_export_include_directories-extras.cmake
[5.608s] -- Up-to-date symlink: /home/xinzhu/sentry_ws/install/rm_camera_driver/share/rm_camera_driver/cmake/ament_cmake_export_libraries-extras.cmake
[5.608s] -- Up-to-date symlink: /home/xinzhu/sentry_ws/install/rm_camera_driver/share/rm_camera_driver/cmake/rm_camera_driverConfig.cmake
[5.608s] -- Up-to-date symlink: /home/xinzhu/sentry_ws/install/rm_camera_driver/share/rm_camera_driver/cmake/rm_camera_driverConfig-version.cmake
[5.608s] -- Up-to-date symlink: /home/xinzhu/sentry_ws/install/rm_camera_driver/share/rm_camera_driver/package.xml
[5.609s] Invoked command in '/home/xinzhu/sentry_ws/build/rm_camera_driver' returned '0': AMENT_PREFIX_PATH=/home/xinzhu/sentry_ws/install/rm_utils:${AMENT_PREFIX_PATH} CMAKE_PREFIX_PATH=/home/xinzhu/sentry_ws/install/rm_utils:/home/xinzhu/Desktop/sentry_ws/install/sentry_description:/home/xinzhu/Desktop/sentry_ws/install/sentry_bringup:/home/xinzhu/Desktop/sentry_ws/install/sensor_scan_generation:/home/xinzhu/Desktop/sentry_ws/install/rm_rune:/home/xinzhu/Desktop/sentry_ws/install/rune_solver:/home/xinzhu/Desktop/sentry_ws/install/rune_detector:/home/xinzhu/Desktop/sentry_ws/install/rm_serial_driver:/home/xinzhu/Desktop/sentry_ws/install/rm_auto_aim:/home/xinzhu/Desktop/sentry_ws/install/armor_solver:/home/xinzhu/Desktop/sentry_ws/install/armor_detector:/home/xinzhu/Desktop/sentry_ws/install/rm_utils:/home/xinzhu/Desktop/sentry_ws/install/rm_robot_description:/home/xinzhu/Desktop/sentry_ws/install/rm_interfaces:/home/xinzhu/Desktop/sentry_ws/install/livox_ros_driver2:/home/xinzhu/Desktop/sentry_ws/install/costmap_intensity:/home/xinzhu/Desktop/sentry_ws/install/behavior_ext_plugins:/home/xinzhu/Desktop/sentry_ws/install/auto_aim_interfaces:/home/xinzhu/Desktop/sentry_ws/install/control_panel:/opt/ros/humble LD_LIBRARY_PATH=/home/xinzhu/sentry_ws/install/rm_utils/lib:${LD_LIBRARY_PATH} PS1=%F{green}%n@%m%f%F{white}:%f%F{blue}%~%f%F{white}$%f /usr/local/bin/cmake --install /home/xinzhu/sentry_ws/build/rm_camera_driver
