[0mCMake Deprecation Warning at CMakeLists.txt:1 (cmake_minimum_required):
  Compatibility with CMake < 3.10 will be removed from a future version of
  CMake.

  Update the VERSION argument <min> value.  Or, use the <min>...<max> syntax
  to tell CMake that the project requires at least <min> but has been updated
  to work with policies introduced by <max> or earlier.

[0m
In file included from [01m[K/home/xinzhu/Documents/Galaxy_Linux-x86/Galaxy_camera/inc/GxIAPI.h:12[m[K,
                 from [01m[K/home/xinzhu/sentry_ws/src/daheng_simple_driver/src/driver_node.cpp:7[m[K:
[01m[K/home/xinzhu/Documents/Galaxy_Linux-x86/Galaxy_camera/inc/GXDef.h:173:1:[m[K [01;35m[Kwarning: [m[K‘[01m[Ktypedef[m[K’ was ignored in this declaration
  173 | [01;35m[Ktypedef[m[K enum GX_IP_CONFIGURE_MODE_LIST
      | [01;35m[K^~~~~~~[m[K
[01m[K/home/xinzhu/sentry_ws/src/daheng_simple_driver/src/driver_node.cpp:[m[K In member function ‘[01m[Kvoid DahengSimpleDriver::grabLoop()[m[K’:
[01m[K/home/xinzhu/sentry_ws/src/daheng_simple_driver/src/driver_node.cpp:89:52:[m[K [01;31m[Kerror: [m[Kinvalid conversion from ‘[01m[Kint[m[K’ to ‘[01m[KGX_FRAME_DATA*[m[K’ [[01;31m[K]8;;https://gcc.gnu.org/onlinedocs/gcc/Warning-Options.html#index-fpermissive-fpermissive]8;;[m[K]
   89 |             GX_STATUS status = GXGetImage(device_, [01;31m[K1000[m[K, &frame);
      |                                                    [01;31m[K^~~~[m[K
      |                                                    [01;31m[K|[m[K
      |                                                    [01;31m[Kint[m[K
In file included from [01m[K/home/xinzhu/sentry_ws/src/daheng_simple_driver/src/driver_node.cpp:7[m[K:
[01m[K/home/xinzhu/Documents/Galaxy_Linux-x86/Galaxy_camera/inc/GxIAPI.h:1635:57:[m[K [01;36m[Knote: [m[K  initializing argument 2 of ‘[01m[KGX_STATUS GXGetImage(GX_DEV_HANDLE, GX_FRAME_DATA*, uint32_t)[m[K’
 1635 | GX_API GXGetImage(GX_DEV_HANDLE hDevice, [01;36m[KGX_FRAME_DATA *pFrameData[m[K, uint32_t nTimeout);
      |                                          [01;36m[K~~~~~~~~~~~~~~~^~~~~~~~~~[m[K
[01m[K/home/xinzhu/sentry_ws/src/daheng_simple_driver/src/driver_node.cpp:89:58:[m[K [01;31m[Kerror: [m[Kinvalid conversion from ‘[01m[KGX_FRAME_DATA*[m[K’ to ‘[01m[Kuint32_t[m[K’ {aka ‘[01m[Kunsigned int[m[K’} [[01;31m[K]8;;https://gcc.gnu.org/onlinedocs/gcc/Warning-Options.html#index-fpermissive-fpermissive]8;;[m[K]
   89 |             GX_STATUS status = GXGetImage(device_, 1000, [01;31m[K&frame[m[K);
      |                                                          [01;31m[K^~~~~~[m[K
      |                                                          [01;31m[K|[m[K
      |                                                          [01;31m[KGX_FRAME_DATA*[m[K
In file included from [01m[K/home/xinzhu/sentry_ws/src/daheng_simple_driver/src/driver_node.cpp:7[m[K:
[01m[K/home/xinzhu/Documents/Galaxy_Linux-x86/Galaxy_camera/inc/GxIAPI.h:1635:78:[m[K [01;36m[Knote: [m[K  initializing argument 3 of ‘[01m[KGX_STATUS GXGetImage(GX_DEV_HANDLE, GX_FRAME_DATA*, uint32_t)[m[K’
 1635 | e(GX_DEV_HANDLE hDevice, GX_FRAME_DATA *pFrameData, [01;36m[Kuint32_t nTimeout[m[K);
      |                                                     [01;36m[K~~~~~~~~~^~~~~~~~[m[K

[01m[K/home/xinzhu/sentry_ws/src/daheng_simple_driver/src/driver_node.cpp:100:13:[m[K [01;31m[Kerror: [m[K‘[01m[KGXFreeImage[m[K’ was not declared in this scope; did you mean ‘[01m[KGXGetImage[m[K’?
  100 |             [01;31m[KGXFreeImage[m[K(&frame);
      |             [01;31m[K^~~~~~~~~~~[m[K
      |             [32m[KGXGetImage[m[K
gmake[2]: *** [CMakeFiles/driver_node.dir/build.make:79：CMakeFiles/driver_node.dir/src/driver_node.cpp.o] 错误 1
gmake[1]: *** [CMakeFiles/Makefile2:153：CMakeFiles/driver_node.dir/all] 错误 2
gmake: *** [Makefile:146：all] 错误 2
