[0mCMake Deprecation Warning at CMakeLists.txt:1 (cmake_minimum_required):
  Compatibility with CMake < 3.10 will be removed from a future version of
  CMake.

  Update the VERSION argument <min> value.  Or, use the <min>...<max> syntax
  to tell CMake that the project requires at least <min> but has been updated
  to work with policies introduced by <max> or earlier.

[0m
-- The C compiler identification is GNU 11.4.0
-- The CXX compiler identification is GNU 11.4.0
-- Detecting C compiler ABI info
-- Detecting C compiler ABI info - done
-- Check for working C compiler: /usr/bin/cc - skipped
-- Detecting C compile features
-- Detecting C compile features - done
-- Detecting CXX compiler ABI info
-- Detecting CXX compiler ABI info - done
-- Check for working CXX compiler: /usr/bin/c++ - skipped
-- Detecting CXX compile features
-- Detecting CXX compile features - done
-- Found ament_cmake: 1.3.14 (/opt/ros/humble/share/ament_cmake/cmake)
-- Found Python3: /usr/bin/python3 (found version "3.10.12") found components: Interpreter
-- Found rclcpp: 16.0.19 (/opt/ros/humble/share/rclcpp/cmake)
-- Found rosidl_generator_c: 3.1.8 (/opt/ros/humble/share/rosidl_generator_c/cmake)
-- Found rosidl_adapter: 3.1.8 (/opt/ros/humble/share/rosidl_adapter/cmake)
-- Found rosidl_generator_cpp: 3.1.8 (/opt/ros/humble/share/rosidl_generator_cpp/cmake)
-- Using all available rosidl_typesupport_c: rosidl_typesupport_fastrtps_c;rosidl_typesupport_introspection_c
-- Using all available rosidl_typesupport_cpp: rosidl_typesupport_fastrtps_cpp;rosidl_typesupport_introspection_cpp
-- Found rmw_implementation_cmake: 6.1.2 (/opt/ros/humble/share/rmw_implementation_cmake/cmake)
-- Found rmw_fastrtps_cpp: 6.2.10 (/opt/ros/humble/share/rmw_fastrtps_cpp/cmake)
-- Found OpenSSL: /usr/lib/x86_64-linux-gnu/libcrypto.so (found version "3.0.2")
-- Found FastRTPS: /opt/ros/humble/include
-- Using RMW implementation 'rmw_fastrtps_cpp' as default
-- Performing Test CMAKE_HAVE_LIBC_PTHREAD
-- Performing Test CMAKE_HAVE_LIBC_PTHREAD - Success
-- Found Threads: TRUE
-- Found sensor_msgs: 4.9.1 (/opt/ros/humble/share/sensor_msgs/cmake)
-- Found cv_bridge: 3.2.1 (/opt/ros/humble/share/cv_bridge/cmake)
-- Found OpenCV: /usr/local (found version "4.7.0")
-- Configuring done (1.1s)
-- Generating done (0.0s)
-- Build files have been written to: /home/xinzhu/sentry_ws/build/daheng_simple_driver
[ 50%] [32mBuilding CXX object CMakeFiles/driver_node.dir/src/driver_node.cpp.o[0m
In file included from [01m[K/home/xinzhu/Documents/Galaxy_Linux-x86/Galaxy_camera/inc/GxIAPI.h:12[m[K,
                 from [01m[K/home/xinzhu/sentry_ws/src/daheng_simple_driver/src/driver_node.cpp:7[m[K:
[01m[K/home/xinzhu/Documents/Galaxy_Linux-x86/Galaxy_camera/inc/GXDef.h:173:1:[m[K [01;35m[Kwarning: [m[K‘[01m[Ktypedef[m[K’ was ignored in this declaration
  173 | [01;35m[Ktypedef[m[K enum GX_IP_CONFIGURE_MODE_LIST
      | [01;35m[K^~~~~~~[m[K
[01m[K/home/xinzhu/sentry_ws/src/daheng_simple_driver/src/driver_node.cpp:[m[K In member function ‘[01m[Kvoid DahengSimpleDriver::grabLoop()[m[K’:
[01m[K/home/xinzhu/sentry_ws/src/daheng_simple_driver/src/driver_node.cpp:89:52:[m[K [01;31m[Kerror: [m[Kinvalid conversion from ‘[01m[Kint[m[K’ to ‘[01m[KGX_FRAME_DATA*[m[K’ [[01;31m[K]8;;https://gcc.gnu.org/onlinedocs/gcc/Warning-Options.html#index-fpermissive-fpermissive]8;;[m[K]
   89 |             GX_STATUS status = GXGetImage(device_, [01;31m[K1000[m[K, &frame);
      |                                                    [01;31m[K^~~~[m[K
      |                                                    [01;31m[K|[m[K
      |                                                    [01;31m[Kint[m[K
In file included from [01m[K/home/xinzhu/sentry_ws/src/daheng_simple_driver/src/driver_node.cpp:7[m[K:
[01m[K/home/xinzhu/Documents/Galaxy_Linux-x86/Galaxy_camera/inc/GxIAPI.h:1635:57:[m[K [01;36m[Knote: [m[K  initializing argument 2 of ‘[01m[KGX_STATUS GXGetImage(GX_DEV_HANDLE, GX_FRAME_DATA*, uint32_t)[m[K’
 1635 | GX_API GXGetImage(GX_DEV_HANDLE hDevice, [01;36m[KGX_FRAME_DATA *pFrameData[m[K, uint32_t nTimeout);
      |                                          [01;36m[K~~~~~~~~~~~~~~~^~~~~~~~~~[m[K
[01m[K/home/xinzhu/sentry_ws/src/daheng_simple_driver/src/driver_node.cpp:89:58:[m[K [01;31m[Kerror: [m[Kinvalid conversion from ‘[01m[KGX_FRAME_DATA*[m[K’ to ‘[01m[Kuint32_t[m[K’ {aka ‘[01m[Kunsigned int[m[K’} [[01;31m[K]8;;https://gcc.gnu.org/onlinedocs/gcc/Warning-Options.html#index-fpermissive-fpermissive]8;;[m[K]
   89 |             GX_STATUS status = GXGetImage(device_, 1000, [01;31m[K&frame[m[K);
      |                                                          [01;31m[K^~~~~~[m[K
      |                                                          [01;31m[K|[m[K
      |                                                          [01;31m[KGX_FRAME_DATA*[m[K
In file included from [01m[K/home/xinzhu/sentry_ws/src/daheng_simple_driver/src/driver_node.cpp:7[m[K:
[01m[K/home/xinzhu/Documents/Galaxy_Linux-x86/Galaxy_camera/inc/GxIAPI.h:1635:78:[m[K [01;36m[Knote: [m[K  initializing argument 3 of ‘[01m[KGX_STATUS GXGetImage(GX_DEV_HANDLE, GX_FRAME_DATA*, uint32_t)[m[K’
 1635 | e(GX_DEV_HANDLE hDevice, GX_FRAME_DATA *pFrameData, [01;36m[Kuint32_t nTimeout[m[K);
      |                                                     [01;36m[K~~~~~~~~~^~~~~~~~[m[K

[01m[K/home/xinzhu/sentry_ws/src/daheng_simple_driver/src/driver_node.cpp:100:13:[m[K [01;31m[Kerror: [m[K‘[01m[KGXFreeImage[m[K’ was not declared in this scope; did you mean ‘[01m[KGXGetImage[m[K’?
  100 |             [01;31m[KGXFreeImage[m[K(&frame);
      |             [01;31m[K^~~~~~~~~~~[m[K
      |             [32m[KGXGetImage[m[K
gmake[2]: *** [CMakeFiles/driver_node.dir/build.make:79：CMakeFiles/driver_node.dir/src/driver_node.cpp.o] 错误 1
gmake[1]: *** [CMakeFiles/Makefile2:153：CMakeFiles/driver_node.dir/all] 错误 2
gmake: *** [Makefile:146：all] 错误 2
