[0.010s] Invoking command in '/home/xinzhu/sentry_ws/build/daheng_simple_driver': CMAKE_PREFIX_PATH=${CMAKE_PREFIX_PATH}:/home/xinzhu/sentry_ws/install/control_panel:/home/xinzhu/Desktop/sentry_ws/install/control_panel:/opt/ros/humble PS1=%F{green}%n@%m%f%F{white}:%f%F{blue}%~%f%F{white}$%f /usr/local/bin/cmake /home/xinzhu/sentry_ws/src/daheng_simple_driver -DCMAKE_INSTALL_PREFIX=/home/xinzhu/sentry_ws/install/daheng_simple_driver
[0.047s] [0mCMake Deprecation Warning at CMakeLists.txt:1 (cmake_minimum_required):
[0.047s]   Compatibility with CMake < 3.10 will be removed from a future version of
[0.047s]   CMake.
[0.047s] 
[0.047s]   Update the VERSION argument <min> value.  Or, use the <min>...<max> syntax
[0.047s]   to tell CMake that the project requires at least <min> but has been updated
[0.047s]   to work with policies introduced by <max> or earlier.
[0.047s] 
[0.047s] [0m
[0.140s] -- The C compiler identification is GNU 11.4.0
[0.218s] -- The CXX compiler identification is GNU 11.4.0
[0.229s] -- Detecting C compiler ABI info
[0.287s] -- Detecting C compiler ABI info - done
[0.297s] -- Check for working C compiler: /usr/bin/cc - skipped
[0.297s] -- Detecting C compile features
[0.298s] -- Detecting C compile features - done
[0.309s] -- Detecting CXX compiler ABI info
[0.361s] -- Detecting CXX compiler ABI info - done
[0.371s] -- Check for working CXX compiler: /usr/bin/c++ - skipped
[0.371s] -- Detecting CXX compile features
[0.371s] -- Detecting CXX compile features - done
[0.384s] -- Found ament_cmake: 1.3.14 (/opt/ros/humble/share/ament_cmake/cmake)
[0.485s] -- Found Python3: /usr/bin/python3 (found version "3.10.12") found components: Interpreter
[0.591s] -- Found rclcpp: 16.0.19 (/opt/ros/humble/share/rclcpp/cmake)
[0.648s] -- Found rosidl_generator_c: 3.1.8 (/opt/ros/humble/share/rosidl_generator_c/cmake)
[0.655s] -- Found rosidl_adapter: 3.1.8 (/opt/ros/humble/share/rosidl_adapter/cmake)
[0.666s] -- Found rosidl_generator_cpp: 3.1.8 (/opt/ros/humble/share/rosidl_generator_cpp/cmake)
[0.683s] -- Using all available rosidl_typesupport_c: rosidl_typesupport_fastrtps_c;rosidl_typesupport_introspection_c
[0.702s] -- Using all available rosidl_typesupport_cpp: rosidl_typesupport_fastrtps_cpp;rosidl_typesupport_introspection_cpp
[0.759s] -- Found rmw_implementation_cmake: 6.1.2 (/opt/ros/humble/share/rmw_implementation_cmake/cmake)
[0.764s] -- Found rmw_fastrtps_cpp: 6.2.10 (/opt/ros/humble/share/rmw_fastrtps_cpp/cmake)
[0.852s] -- Found OpenSSL: /usr/lib/x86_64-linux-gnu/libcrypto.so (found version "3.0.2")
[0.877s] -- Found FastRTPS: /opt/ros/humble/include
[0.917s] -- Using RMW implementation 'rmw_fastrtps_cpp' as default
[0.930s] -- Performing Test CMAKE_HAVE_LIBC_PTHREAD
[0.986s] -- Performing Test CMAKE_HAVE_LIBC_PTHREAD - Success
[0.987s] -- Found Threads: TRUE
[1.048s] -- Found sensor_msgs: 4.9.1 (/opt/ros/humble/share/sensor_msgs/cmake)
[1.085s] -- Found cv_bridge: 3.2.1 (/opt/ros/humble/share/cv_bridge/cmake)
[1.093s] -- Found OpenCV: /usr/local (found version "4.7.0")
[1.136s] -- Configuring done (1.1s)
[1.146s] -- Generating done (0.0s)
[1.148s] -- Build files have been written to: /home/xinzhu/sentry_ws/build/daheng_simple_driver
[1.154s] Invoked command in '/home/xinzhu/sentry_ws/build/daheng_simple_driver' returned '0': CMAKE_PREFIX_PATH=${CMAKE_PREFIX_PATH}:/home/xinzhu/sentry_ws/install/control_panel:/home/xinzhu/Desktop/sentry_ws/install/control_panel:/opt/ros/humble PS1=%F{green}%n@%m%f%F{white}:%f%F{blue}%~%f%F{white}$%f /usr/local/bin/cmake /home/xinzhu/sentry_ws/src/daheng_simple_driver -DCMAKE_INSTALL_PREFIX=/home/xinzhu/sentry_ws/install/daheng_simple_driver
[1.156s] Invoking command in '/home/xinzhu/sentry_ws/build/daheng_simple_driver': CMAKE_PREFIX_PATH=${CMAKE_PREFIX_PATH}:/home/xinzhu/sentry_ws/install/control_panel:/home/xinzhu/Desktop/sentry_ws/install/control_panel:/opt/ros/humble PS1=%F{green}%n@%m%f%F{white}:%f%F{blue}%~%f%F{white}$%f /usr/local/bin/cmake --build /home/xinzhu/sentry_ws/build/daheng_simple_driver -- -j16 -l16
[1.180s] [ 50%] [32mBuilding CXX object CMakeFiles/driver_node.dir/src/driver_node.cpp.o[0m
[2.976s] In file included from [01m[K/home/xinzhu/Documents/Galaxy_Linux-x86/Galaxy_camera/inc/GxIAPI.h:12[m[K,
[2.976s]                  from [01m[K/home/xinzhu/sentry_ws/src/daheng_simple_driver/src/driver_node.cpp:7[m[K:
[2.976s] [01m[K/home/xinzhu/Documents/Galaxy_Linux-x86/Galaxy_camera/inc/GXDef.h:173:1:[m[K [01;35m[Kwarning: [m[K‘[01m[Ktypedef[m[K’ was ignored in this declaration
[2.976s]   173 | [01;35m[Ktypedef[m[K enum GX_IP_CONFIGURE_MODE_LIST
[2.976s]       | [01;35m[K^~~~~~~[m[K
[2.988s] [01m[K/home/xinzhu/sentry_ws/src/daheng_simple_driver/src/driver_node.cpp:[m[K In member function ‘[01m[Kvoid DahengSimpleDriver::grabLoop()[m[K’:
[2.988s] [01m[K/home/xinzhu/sentry_ws/src/daheng_simple_driver/src/driver_node.cpp:89:52:[m[K [01;31m[Kerror: [m[Kinvalid conversion from ‘[01m[Kint[m[K’ to ‘[01m[KGX_FRAME_DATA*[m[K’ [[01;31m[K]8;;https://gcc.gnu.org/onlinedocs/gcc/Warning-Options.html#index-fpermissive-fpermissive]8;;[m[K]
[2.988s]    89 |             GX_STATUS status = GXGetImage(device_, [01;31m[K1000[m[K, &frame);
[2.988s]       |                                                    [01;31m[K^~~~[m[K
[2.988s]       |                                                    [01;31m[K|[m[K
[2.988s]       |                                                    [01;31m[Kint[m[K
[2.988s] In file included from [01m[K/home/xinzhu/sentry_ws/src/daheng_simple_driver/src/driver_node.cpp:7[m[K:
[2.988s] [01m[K/home/xinzhu/Documents/Galaxy_Linux-x86/Galaxy_camera/inc/GxIAPI.h:1635:57:[m[K [01;36m[Knote: [m[K  initializing argument 2 of ‘[01m[KGX_STATUS GXGetImage(GX_DEV_HANDLE, GX_FRAME_DATA*, uint32_t)[m[K’
[2.988s]  1635 | GX_API GXGetImage(GX_DEV_HANDLE hDevice, [01;36m[KGX_FRAME_DATA *pFrameData[m[K, uint32_t nTimeout);
[2.988s]       |                                          [01;36m[K~~~~~~~~~~~~~~~^~~~~~~~~~[m[K
[2.988s] [01m[K/home/xinzhu/sentry_ws/src/daheng_simple_driver/src/driver_node.cpp:89:58:[m[K [01;31m[Kerror: [m[Kinvalid conversion from ‘[01m[KGX_FRAME_DATA*[m[K’ to ‘[01m[Kuint32_t[m[K’ {aka ‘[01m[Kunsigned int[m[K’} [[01;31m[K]8;;https://gcc.gnu.org/onlinedocs/gcc/Warning-Options.html#index-fpermissive-fpermissive]8;;[m[K]
[2.988s]    89 |             GX_STATUS status = GXGetImage(device_, 1000, [01;31m[K&frame[m[K);
[2.988s]       |                                                          [01;31m[K^~~~~~[m[K
[2.988s]       |                                                          [01;31m[K|[m[K
[2.988s]       |                                                          [01;31m[KGX_FRAME_DATA*[m[K
[2.988s] In file included from [01m[K/home/xinzhu/sentry_ws/src/daheng_simple_driver/src/driver_node.cpp:7[m[K:
[2.988s] [01m[K/home/xinzhu/Documents/Galaxy_Linux-x86/Galaxy_camera/inc/GxIAPI.h:1635:78:[m[K [01;36m[Knote: [m[K  initializing argument 3 of ‘[01m[KGX_STATUS GXGetImage(GX_DEV_HANDLE, GX_FRAME_DATA*, uint32_t)[m[K’
[2.988s]  1635 | e(GX_DEV_HANDLE hDevice, GX_FRAME_DATA *pFrameData, [01;36m[Kuint32_t nTimeout[m[K);
[2.988s]       |                                                     [01;36m[K~~~~~~~~~^~~~~~~~[m[K
[2.988s] 
[2.996s] [01m[K/home/xinzhu/sentry_ws/src/daheng_simple_driver/src/driver_node.cpp:100:13:[m[K [01;31m[Kerror: [m[K‘[01m[KGXFreeImage[m[K’ was not declared in this scope; did you mean ‘[01m[KGXGetImage[m[K’?
[2.996s]   100 |             [01;31m[KGXFreeImage[m[K(&frame);
[2.996s]       |             [01;31m[K^~~~~~~~~~~[m[K
[2.996s]       |             [32m[KGXGetImage[m[K
[3.883s] gmake[2]: *** [CMakeFiles/driver_node.dir/build.make:79：CMakeFiles/driver_node.dir/src/driver_node.cpp.o] 错误 1
[3.883s] gmake[1]: *** [CMakeFiles/Makefile2:153：CMakeFiles/driver_node.dir/all] 错误 2
[3.883s] gmake: *** [Makefile:146：all] 错误 2
[3.884s] Invoked command in '/home/xinzhu/sentry_ws/build/daheng_simple_driver' returned '2': CMAKE_PREFIX_PATH=${CMAKE_PREFIX_PATH}:/home/xinzhu/sentry_ws/install/control_panel:/home/xinzhu/Desktop/sentry_ws/install/control_panel:/opt/ros/humble PS1=%F{green}%n@%m%f%F{white}:%f%F{blue}%~%f%F{white}$%f /usr/local/bin/cmake --build /home/xinzhu/sentry_ws/build/daheng_simple_driver -- -j16 -l16
