-- The C compiler identification is GNU 11.4.0
-- The CXX compiler identification is GNU 11.4.0
-- Detecting C compiler ABI info
-- Detecting C compiler ABI info - done
-- Check for working C compiler: /usr/bin/cc - skipped
-- Detecting C compile features
-- Detecting C compile features - done
-- Detecting CXX compiler ABI info
-- Detecting CXX compiler ABI info - done
-- Check for working CXX compiler: /usr/bin/c++ - skipped
-- Detecting CXX compile features
-- Detecting CXX compile features - done
-- Found ament_cmake_auto: 1.3.13 (/opt/ros/humble/share/ament_cmake_auto/cmake)
-- Found Python3: /usr/bin/python3 (found version "3.10.12") found components: Interpreter
-- Override CMake install command with custom implementation using symlinks instead of copying resources
-- Found rosidl_generator_c: 3.1.8 (/opt/ros/humble/share/rosidl_generator_c/cmake)
-- Found rosidl_adapter: 3.1.8 (/opt/ros/humble/share/rosidl_adapter/cmake)
-- Found rosidl_generator_cpp: 3.1.8 (/opt/ros/humble/share/rosidl_generator_cpp/cmake)
-- Using all available rosidl_typesupport_c: rosidl_typesupport_fastrtps_c;rosidl_typesupport_introspection_c
-- Using all available rosidl_typesupport_cpp: rosidl_typesupport_fastrtps_cpp;rosidl_typesupport_introspection_cpp
-- Found rmw_implementation_cmake: 6.1.2 (/opt/ros/humble/share/rmw_implementation_cmake/cmake)
-- Found rmw_fastrtps_cpp: 6.2.10 (/opt/ros/humble/share/rmw_fastrtps_cpp/cmake)
-- Found OpenSSL: /usr/lib/x86_64-linux-gnu/libcrypto.so (found version "3.0.2")
-- Found FastRTPS: /opt/ros/humble/include
-- Using RMW implementation 'rmw_fastrtps_cpp' as default
-- Performing Test CMAKE_HAVE_LIBC_PTHREAD
-- Performing Test CMAKE_HAVE_LIBC_PTHREAD - Success
-- Found Threads: TRUE
-- Found eigen3_cmake_module: 0.1.1 (/opt/ros/humble/share/eigen3_cmake_module/cmake)
-- Found Eigen3: TRUE (found version "3.4.0")
-- Ensuring Eigen3 include directory is part of orocos-kdl CMake target
-- Found AMD headers in: /usr/include/suitesparse
-- Found AMD library: /usr/lib/x86_64-linux-gnu/libamd.so
-- Found CAMD headers in: /usr/include/suitesparse
-- Found CAMD library: /usr/lib/x86_64-linux-gnu/libcamd.so
-- Found CCOLAMD headers in: /usr/include/suitesparse
-- Found CCOLAMD library: /usr/lib/x86_64-linux-gnu/libccolamd.so
-- Found CHOLMOD headers in: /usr/include/suitesparse
-- Found CHOLMOD library: /usr/lib/x86_64-linux-gnu/libcholmod.so
-- Found COLAMD headers in: /usr/include/suitesparse
-- Found COLAMD library: /usr/lib/x86_64-linux-gnu/libcolamd.so
-- Found SPQR headers in: /usr/include/suitesparse
-- Found SPQR library: /usr/lib/x86_64-linux-gnu/libspqr.so
-- Found Config headers in: /usr/include/suitesparse
-- Found Config library: /usr/lib/x86_64-linux-gnu/libsuitesparseconfig.so
-- Found Intel Thread Building Blocks (TBB) library (2021.5 / ) include location: . Assuming SuiteSparseQR was compiled with TBB.
-- Looking for shm_open in rt
-- Looking for shm_open in rt - found
-- Adding librt to SuiteSparse_config libraries (required on Linux & Unix [not OSX] if SuiteSparse is compiled with timing).
-- Could NOT find METIS (missing: METIS_INCLUDE_DIR METIS_LIBRARY) 
-- Found ament_lint_auto: 0.12.15 (/opt/ros/humble/share/ament_lint_auto/cmake)
-- Found ament_cmake_gtest: 1.3.13 (/opt/ros/humble/share/ament_cmake_gtest/cmake)
-- Added test 'cppcheck' to perform static code analysis on C / C++ code
-- Configured cppcheck include dirs: /home/xinzhu/sentry_ws/src/rm_auto_aim/armor_solver/include
-- Configured cppcheck exclude dirs and/or files: 
-- Added test 'lint_cmake' to check CMake code style
-- Added test 'xmllint' to check XML markup files
-- Added test 'clang_format' to check C / C++ code style
-- Configuring done (2.2s)
-- Generating done (0.0s)
-- Build files have been written to: /home/xinzhu/sentry_ws/build/armor_solver
[ 16%] [32mBuilding CXX object CMakeFiles/armor_solver.dir/src/armor_solver.cpp.o[0m
[ 33%] [32mBuilding CXX object CMakeFiles/armor_solver.dir/src/armor_tracker.cpp.o[0m
[ 50%] [32mBuilding CXX object CMakeFiles/armor_solver.dir/src/armor_solver_node.cpp.o[0m
[ 66%] [32m[1mLinking CXX shared library libarmor_solver.so[0m
[ 66%] Built target armor_solver
[ 83%] [32mBuilding CXX object CMakeFiles/armor_solver_node.dir/rclcpp_components/node_main_armor_solver_node.cpp.o[0m
[100%] [32m[1mLinking CXX executable armor_solver_node[0m
[100%] Built target armor_solver_node
-- Install configuration: "Release"
-- Execute custom install script
-- Symlinking: /home/xinzhu/sentry_ws/install/armor_solver/lib/armor_solver/armor_solver_node
-- Symlinking: /home/xinzhu/sentry_ws/install/armor_solver/include/armor_solver/armor_solver.hpp
-- Symlinking: /home/xinzhu/sentry_ws/install/armor_solver/include/armor_solver/armor_solver_node.hpp
-- Symlinking: /home/xinzhu/sentry_ws/install/armor_solver/include/armor_solver/armor_tracker.hpp
-- Symlinking: /home/xinzhu/sentry_ws/install/armor_solver/include/armor_solver/motion_model.hpp
-- Symlinking: /home/xinzhu/sentry_ws/install/armor_solver/share/armor_solver/environment/library_path.sh
-- Symlinking: /home/xinzhu/sentry_ws/install/armor_solver/share/armor_solver/environment/library_path.dsv
-- Symlinking: /home/xinzhu/sentry_ws/install/armor_solver/lib/libarmor_solver.so
-- Symlinking: /home/xinzhu/sentry_ws/install/armor_solver/share/ament_index/resource_index/package_run_dependencies/armor_solver
-- Symlinking: /home/xinzhu/sentry_ws/install/armor_solver/share/ament_index/resource_index/parent_prefix_path/armor_solver
-- Symlinking: /home/xinzhu/sentry_ws/install/armor_solver/share/armor_solver/environment/ament_prefix_path.sh
-- Symlinking: /home/xinzhu/sentry_ws/install/armor_solver/share/armor_solver/environment/ament_prefix_path.dsv
-- Symlinking: /home/xinzhu/sentry_ws/install/armor_solver/share/armor_solver/environment/path.sh
-- Symlinking: /home/xinzhu/sentry_ws/install/armor_solver/share/armor_solver/environment/path.dsv
-- Symlinking: /home/xinzhu/sentry_ws/install/armor_solver/share/armor_solver/local_setup.bash
-- Symlinking: /home/xinzhu/sentry_ws/install/armor_solver/share/armor_solver/local_setup.sh
-- Symlinking: /home/xinzhu/sentry_ws/install/armor_solver/share/armor_solver/local_setup.zsh
-- Symlinking: /home/xinzhu/sentry_ws/install/armor_solver/share/armor_solver/local_setup.dsv
-- Symlinking: /home/xinzhu/sentry_ws/install/armor_solver/share/armor_solver/package.dsv
-- Symlinking: /home/xinzhu/sentry_ws/install/armor_solver/share/ament_index/resource_index/packages/armor_solver
-- Symlinking: /home/xinzhu/sentry_ws/install/armor_solver/share/ament_index/resource_index/rclcpp_components/armor_solver
-- Symlinking: /home/xinzhu/sentry_ws/install/armor_solver/share/armor_solver/cmake/ament_cmake_export_dependencies-extras.cmake
-- Symlinking: /home/xinzhu/sentry_ws/install/armor_solver/share/armor_solver/cmake/ament_cmake_export_include_directories-extras.cmake
-- Symlinking: /home/xinzhu/sentry_ws/install/armor_solver/share/armor_solver/cmake/ament_cmake_export_libraries-extras.cmake
-- Symlinking: /home/xinzhu/sentry_ws/install/armor_solver/share/armor_solver/cmake/armor_solverConfig.cmake
-- Symlinking: /home/xinzhu/sentry_ws/install/armor_solver/share/armor_solver/cmake/armor_solverConfig-version.cmake
-- Symlinking: /home/xinzhu/sentry_ws/install/armor_solver/share/armor_solver/package.xml
