[0.235s] Invoking command in '/home/xinzhu/sentry_ws/build/sentry_bringup': CMAKE_PREFIX_PATH=${CMAKE_PREFIX_PATH}:/home/xinzhu/Desktop/sentry_ws/install/control_panel:/opt/ros/humble PS1=%F{green}%n@%m%f%F{white}:%f%F{blue}%~%f%F{white}$%f /usr/local/bin/cmake /home/xinzhu/sentry_ws/src/sentry_bringup -DAMENT_CMAKE_SYMLINK_INSTALL=1 -DCMAKE_INSTALL_PREFIX=/home/xinzhu/sentry_ws/install/sentry_bringup
[0.258s] -- Found ament_cmake: 1.3.13 (/opt/ros/humble/share/ament_cmake/cmake)
[0.258s] [0mCMake Deprecation Warning at CMakeLists.txt:1 (cmake_minimum_required):
[0.258s]   Compatibility with CMake < 3.10 will be removed from a future version of
[0.258s]   CMake.
[0.259s] 
[0.259s]   Update the VERSION argument <min> value.  Or, use the <min>...<max> syntax
[0.259s]   to tell CMake that the project requires at least <min> but has been updated
[0.259s]   to work with policies introduced by <max> or earlier.
[0.259s] 
[0.259s] [0m
[0.471s] -- Override CMake install command with custom implementation using symlinks instead of copying resources
[0.479s] -- Found nav2_bringup: 1.1.20 (/opt/ros/humble/share/nav2_bringup/cmake)
[0.479s] -- Found ament_lint_auto: 0.12.15 (/opt/ros/humble/share/ament_lint_auto/cmake)
[0.573s] -- Added test 'flake8' to check Python code syntax and style conventions
[0.574s] -- Added test 'lint_cmake' to check CMake code style
[0.575s] -- Added test 'pep257' to check Python code against some of the docstring style conventions in PEP 257
[0.577s] -- Added test 'xmllint' to check XML markup files
[0.579s] -- Configuring done (0.3s)
[0.587s] -- Generating done (0.0s)
[0.588s] -- Build files have been written to: /home/xinzhu/sentry_ws/build/sentry_bringup
[0.594s] Invoked command in '/home/xinzhu/sentry_ws/build/sentry_bringup' returned '0': CMAKE_PREFIX_PATH=${CMAKE_PREFIX_PATH}:/home/xinzhu/Desktop/sentry_ws/install/control_panel:/opt/ros/humble PS1=%F{green}%n@%m%f%F{white}:%f%F{blue}%~%f%F{white}$%f /usr/local/bin/cmake /home/xinzhu/sentry_ws/src/sentry_bringup -DAMENT_CMAKE_SYMLINK_INSTALL=1 -DCMAKE_INSTALL_PREFIX=/home/xinzhu/sentry_ws/install/sentry_bringup
[0.594s] Invoking command in '/home/xinzhu/sentry_ws/build/sentry_bringup': CMAKE_PREFIX_PATH=${CMAKE_PREFIX_PATH}:/home/xinzhu/Desktop/sentry_ws/install/control_panel:/opt/ros/humble PS1=%F{green}%n@%m%f%F{white}:%f%F{blue}%~%f%F{white}$%f /usr/local/bin/cmake --build /home/xinzhu/sentry_ws/build/sentry_bringup -- -j16 -l16
[0.738s] Invoked command in '/home/xinzhu/sentry_ws/build/sentry_bringup' returned '0': CMAKE_PREFIX_PATH=${CMAKE_PREFIX_PATH}:/home/xinzhu/Desktop/sentry_ws/install/control_panel:/opt/ros/humble PS1=%F{green}%n@%m%f%F{white}:%f%F{blue}%~%f%F{white}$%f /usr/local/bin/cmake --build /home/xinzhu/sentry_ws/build/sentry_bringup -- -j16 -l16
[0.739s] Invoking command in '/home/xinzhu/sentry_ws/build/sentry_bringup': CMAKE_PREFIX_PATH=${CMAKE_PREFIX_PATH}:/home/xinzhu/Desktop/sentry_ws/install/control_panel:/opt/ros/humble PS1=%F{green}%n@%m%f%F{white}:%f%F{blue}%~%f%F{white}$%f /usr/local/bin/cmake --install /home/xinzhu/sentry_ws/build/sentry_bringup
[0.764s] -- Install configuration: "Release"
[0.764s] -- Execute custom install script
[0.765s] -- Up-to-date symlink: /home/xinzhu/sentry_ws/install/sentry_bringup/share/sentry_bringup/launch/bringup_all_in_one.launch.py
[0.765s] -- Up-to-date symlink: /home/xinzhu/sentry_ws/install/sentry_bringup/share/sentry_bringup/launch/bringup_without_relocalization.py
[0.765s] -- Up-to-date symlink: /home/xinzhu/sentry_ws/install/sentry_bringup/share/sentry_bringup/launch/mapping.launch.py
[0.765s] -- Up-to-date symlink: /home/xinzhu/sentry_ws/install/sentry_bringup/share/sentry_bringup/launch/navigation.launch.py
[0.765s] -- Up-to-date symlink: /home/xinzhu/sentry_ws/install/sentry_bringup/share/sentry_bringup/launch/octomap_server_intensity.launch.py
[0.765s] -- Up-to-date symlink: /home/xinzhu/sentry_ws/install/sentry_bringup/share/sentry_bringup/launch/relocalization.launch.py
[0.765s] -- Up-to-date symlink: /home/xinzhu/sentry_ws/install/sentry_bringup/share/sentry_bringup/launch/view_map.py
[0.765s] -- Up-to-date symlink: /home/xinzhu/sentry_ws/install/sentry_bringup/share/sentry_bringup/maps/GlobalMap.pcd
[0.765s] -- Up-to-date symlink: /home/xinzhu/sentry_ws/install/sentry_bringup/share/sentry_bringup/maps/GlobalMap2.pcd
[0.765s] -- Up-to-date symlink: /home/xinzhu/sentry_ws/install/sentry_bringup/share/sentry_bringup/maps/RMUC2024_2.pcd
[0.765s] -- Up-to-date symlink: /home/xinzhu/sentry_ws/install/sentry_bringup/share/sentry_bringup/maps/RMUL.png
[0.765s] -- Up-to-date symlink: /home/xinzhu/sentry_ws/install/sentry_bringup/share/sentry_bringup/maps/RMUL.yaml
[0.765s] -- Up-to-date symlink: /home/xinzhu/sentry_ws/install/sentry_bringup/share/sentry_bringup/maps/map.pcd
[0.765s] -- Up-to-date symlink: /home/xinzhu/sentry_ws/install/sentry_bringup/share/sentry_bringup/maps/rmuc2024.png
[0.765s] -- Up-to-date symlink: /home/xinzhu/sentry_ws/install/sentry_bringup/share/sentry_bringup/maps/rmuc2024.yaml
[0.765s] -- Up-to-date symlink: /home/xinzhu/sentry_ws/install/sentry_bringup/share/sentry_bringup/maps/test_map.png
[0.765s] -- Up-to-date symlink: /home/xinzhu/sentry_ws/install/sentry_bringup/share/sentry_bringup/maps/test_map.yaml
[0.765s] -- Up-to-date symlink: /home/xinzhu/sentry_ws/install/sentry_bringup/share/sentry_bringup/params/fast_lio_mapping_param.yaml
[0.766s] -- Up-to-date symlink: /home/xinzhu/sentry_ws/install/sentry_bringup/share/sentry_bringup/params/fast_lio_relocalization_param.yaml
[0.766s] -- Up-to-date symlink: /home/xinzhu/sentry_ws/install/sentry_bringup/share/sentry_bringup/params/fast_lio_sam_mapping_param.yaml
[0.766s] -- Up-to-date symlink: /home/xinzhu/sentry_ws/install/sentry_bringup/share/sentry_bringup/params/nav2_params.yaml
[0.766s] -- Up-to-date symlink: /home/xinzhu/sentry_ws/install/sentry_bringup/share/sentry_bringup/params/segmentation_params.yaml
[0.766s] -- Up-to-date symlink: /home/xinzhu/sentry_ws/install/sentry_bringup/share/sentry_bringup/behavior_tree/nav_to_pose_with_consistent_replanning_and_if_path_becomes_invalid.xml
[0.766s] -- Up-to-date symlink: /home/xinzhu/sentry_ws/install/sentry_bringup/share/sentry_bringup/behavior_tree/navigate_through_pose_w_replanning_and_recovery.xml
[0.766s] -- Up-to-date symlink: /home/xinzhu/sentry_ws/install/sentry_bringup/share/sentry_bringup/behavior_tree/navigate_to_pose_w_replanning_and_recovery.xml
[0.766s] -- Up-to-date symlink: /home/xinzhu/sentry_ws/install/sentry_bringup/share/sentry_bringup/behavior_tree/navigate_to_pose_w_replanning_goal_patience_and_recovery.xml
[0.766s] -- Up-to-date symlink: /home/xinzhu/sentry_ws/install/sentry_bringup/share/sentry_bringup/behavior_tree/navigate_w_recovery_and_replanning_only_if_path_becomes_invalid.xml
[0.766s] -- Up-to-date symlink: /home/xinzhu/sentry_ws/install/sentry_bringup/share/sentry_bringup/rviz/compare.rviz
[0.766s] -- Up-to-date symlink: /home/xinzhu/sentry_ws/install/sentry_bringup/share/sentry_bringup/rviz/loam_livox.rviz
[0.766s] -- Up-to-date symlink: /home/xinzhu/sentry_ws/install/sentry_bringup/share/sentry_bringup/rviz/nav2_default_view.rviz
[0.766s] -- Up-to-date symlink: /home/xinzhu/sentry_ws/install/sentry_bringup/share/ament_index/resource_index/package_run_dependencies/sentry_bringup
[0.766s] -- Up-to-date symlink: /home/xinzhu/sentry_ws/install/sentry_bringup/share/ament_index/resource_index/parent_prefix_path/sentry_bringup
[0.766s] -- Up-to-date symlink: /home/xinzhu/sentry_ws/install/sentry_bringup/share/sentry_bringup/environment/ament_prefix_path.sh
[0.766s] -- Up-to-date symlink: /home/xinzhu/sentry_ws/install/sentry_bringup/share/sentry_bringup/environment/ament_prefix_path.dsv
[0.766s] -- Up-to-date symlink: /home/xinzhu/sentry_ws/install/sentry_bringup/share/sentry_bringup/environment/path.sh
[0.766s] -- Up-to-date symlink: /home/xinzhu/sentry_ws/install/sentry_bringup/share/sentry_bringup/environment/path.dsv
[0.766s] -- Up-to-date symlink: /home/xinzhu/sentry_ws/install/sentry_bringup/share/sentry_bringup/local_setup.bash
[0.766s] -- Up-to-date symlink: /home/xinzhu/sentry_ws/install/sentry_bringup/share/sentry_bringup/local_setup.sh
[0.766s] -- Up-to-date symlink: /home/xinzhu/sentry_ws/install/sentry_bringup/share/sentry_bringup/local_setup.zsh
[0.766s] -- Up-to-date symlink: /home/xinzhu/sentry_ws/install/sentry_bringup/share/sentry_bringup/local_setup.dsv
[0.766s] -- Symlinking: /home/xinzhu/sentry_ws/install/sentry_bringup/share/sentry_bringup/package.dsv
[0.767s] -- Up-to-date symlink: /home/xinzhu/sentry_ws/install/sentry_bringup/share/ament_index/resource_index/packages/sentry_bringup
[0.767s] -- Up-to-date symlink: /home/xinzhu/sentry_ws/install/sentry_bringup/share/sentry_bringup/cmake/sentry_bringupConfig.cmake
[0.767s] -- Up-to-date symlink: /home/xinzhu/sentry_ws/install/sentry_bringup/share/sentry_bringup/cmake/sentry_bringupConfig-version.cmake
[0.767s] -- Up-to-date symlink: /home/xinzhu/sentry_ws/install/sentry_bringup/share/sentry_bringup/package.xml
[0.809s] Invoked command in '/home/xinzhu/sentry_ws/build/sentry_bringup' returned '0': CMAKE_PREFIX_PATH=${CMAKE_PREFIX_PATH}:/home/xinzhu/Desktop/sentry_ws/install/control_panel:/opt/ros/humble PS1=%F{green}%n@%m%f%F{white}:%f%F{blue}%~%f%F{white}$%f /usr/local/bin/cmake --install /home/xinzhu/sentry_ws/build/sentry_bringup
