[0.008s] Invoking command in '/home/xinzhu/sentry_ws/build/daheng_simple_driver': CMAKE_PREFIX_PATH=${CMAKE_PREFIX_PATH}:/home/xinzhu/sentry_ws/install/control_panel:/home/xinzhu/Desktop/sentry_ws/install/control_panel:/opt/ros/humble PS1=%F{green}%n@%m%f%F{white}:%f%F{blue}%~%f%F{white}$%f /usr/local/bin/cmake --build /home/xinzhu/sentry_ws/build/daheng_simple_driver -- -j16 -l16
[0.019s] [0mCMake Deprecation Warning at CMakeLists.txt:1 (cmake_minimum_required):
[0.019s]   Compatibility with CMake < 3.10 will be removed from a future version of
[0.019s]   CMake.
[0.019s] 
[0.019s]   Update the VERSION argument <min> value.  Or, use the <min>...<max> syntax
[0.019s]   to tell CMake that the project requires at least <min> but has been updated
[0.019s]   to work with policies introduced by <max> or earlier.
[0.019s] 
[0.019s] [0m
[0.023s] -- Found ament_cmake: 1.3.14 (/opt/ros/humble/share/ament_cmake/cmake)
[0.163s] -- Found rclcpp: 16.0.19 (/opt/ros/humble/share/rclcpp/cmake)
[0.182s] -- Found rosidl_generator_c: 3.1.8 (/opt/ros/humble/share/rosidl_generator_c/cmake)
[0.183s] -- Found rosidl_adapter: 3.1.8 (/opt/ros/humble/share/rosidl_adapter/cmake)
[0.187s] -- Found rosidl_generator_cpp: 3.1.8 (/opt/ros/humble/share/rosidl_generator_cpp/cmake)
[0.193s] -- Using all available rosidl_typesupport_c: rosidl_typesupport_fastrtps_c;rosidl_typesupport_introspection_c
[0.202s] -- Using all available rosidl_typesupport_cpp: rosidl_typesupport_fastrtps_cpp;rosidl_typesupport_introspection_cpp
[0.224s] -- Found rmw_implementation_cmake: 6.1.2 (/opt/ros/humble/share/rmw_implementation_cmake/cmake)
[0.226s] -- Found rmw_fastrtps_cpp: 6.2.10 (/opt/ros/humble/share/rmw_fastrtps_cpp/cmake)
[0.307s] -- Using RMW implementation 'rmw_fastrtps_cpp' as default
[0.342s] -- Found sensor_msgs: 4.9.1 (/opt/ros/humble/share/sensor_msgs/cmake)
[0.364s] -- Found cv_bridge: 3.2.1 (/opt/ros/humble/share/cv_bridge/cmake)
[0.407s] -- Configuring done (0.4s)
[0.467s] -- Generating done (0.1s)
[0.471s] -- Build files have been written to: /home/xinzhu/sentry_ws/build/daheng_simple_driver
[0.499s] [ 50%] [32mBuilding CXX object CMakeFiles/driver_node.dir/src/driver_node.cpp.o[0m
[0.504s] [01m[K/home/xinzhu/sentry_ws/src/daheng_simple_driver/src/driver_node.cpp:1:10:[m[K [01;31m[Kfatal error: [m[Krclcpp/rclcpp.hpp: 没有那个文件或目录
[0.504s]     1 | #include [01;31m[K<rclcpp/rclcpp.hpp>[m[K
[0.504s]       |          [01;31m[K^~~~~~~~~~~~~~~~~~~[m[K
[0.505s] compilation terminated.
[0.505s] gmake[2]: *** [CMakeFiles/driver_node.dir/build.make:79：CMakeFiles/driver_node.dir/src/driver_node.cpp.o] 错误 1
[0.505s] gmake[1]: *** [CMakeFiles/Makefile2:153：CMakeFiles/driver_node.dir/all] 错误 2
[0.505s] gmake: *** [Makefile:146：all] 错误 2
[0.506s] Invoked command in '/home/xinzhu/sentry_ws/build/daheng_simple_driver' returned '2': CMAKE_PREFIX_PATH=${CMAKE_PREFIX_PATH}:/home/xinzhu/sentry_ws/install/control_panel:/home/xinzhu/Desktop/sentry_ws/install/control_panel:/opt/ros/humble PS1=%F{green}%n@%m%f%F{white}:%f%F{blue}%~%f%F{white}$%f /usr/local/bin/cmake --build /home/xinzhu/sentry_ws/build/daheng_simple_driver -- -j16 -l16
