-- Found ament_cmake: 1.3.13 (/opt/ros/humble/share/ament_cmake/cmake)
-- Override CMake install command with custom implementation using symlinks instead of copying resources
-- Found rclcpp: 16.0.18 (/opt/ros/humble/share/rclcpp/cmake)
-- Found rosidl_generator_c: 3.1.8 (/opt/ros/humble/share/rosidl_generator_c/cmake)
-- Found rosidl_adapter: 3.1.8 (/opt/ros/humble/share/rosidl_adapter/cmake)
-- Found rosidl_generator_cpp: 3.1.8 (/opt/ros/humble/share/rosidl_generator_cpp/cmake)
-- Using all available rosidl_typesupport_c: rosidl_typesupport_fastrtps_c;rosidl_typesupport_introspection_c
-- Using all available rosidl_typesupport_cpp: rosidl_typesupport_fastrtps_cpp;rosidl_typesupport_introspection_cpp
-- Found rmw_implementation_cmake: 6.1.2 (/opt/ros/humble/share/rmw_implementation_cmake/cmake)
-- Found rmw_fastrtps_cpp: 6.2.10 (/opt/ros/humble/share/rmw_fastrtps_cpp/cmake)
-- Using RMW implementation 'rmw_fastrtps_cpp' as default
-- Found rm_interfaces: 0.0.1 (/home/xinzhu/sentry_ws/install/rm_interfaces/share/rm_interfaces/cmake)
-- Found sensor_msgs: 4.9.1 (/opt/ros/humble/share/sensor_msgs/cmake)
-- Found nav2_msgs: 1.1.20 (/opt/ros/humble/share/nav2_msgs/cmake)
-- Found tf2: 0.25.19 (/opt/ros/humble/share/tf2/cmake)
-- Found tf2_ros: 0.25.19 (/opt/ros/humble/share/tf2_ros/cmake)
-- Found tf2_geometry_msgs: 0.25.19 (/opt/ros/humble/share/tf2_geometry_msgs/cmake)
-- Found eigen3_cmake_module: 0.1.1 (/opt/ros/humble/share/eigen3_cmake_module/cmake)
-- Ensuring Eigen3 include directory is part of orocos-kdl CMake target
-- Configuring done (0.7s)
-- Generating done (0.0s)
-- Build files have been written to: /home/xinzhu/sentry_ws/build/cmd_chassis
[ 25%] Built target fake_joint
[ 50%] Built target twist2chassis_cmd
[ 75%] Built target twist_transformer
[100%] Built target rot_imu
-- Install configuration: "Release"
-- Execute custom install script
-- Up-to-date symlink: /home/xinzhu/sentry_ws/install/cmd_chassis/lib/cmd_chassis/fake_joint
-- Up-to-date symlink: /home/xinzhu/sentry_ws/install/cmd_chassis/lib/cmd_chassis/rot_imu
-- Up-to-date symlink: /home/xinzhu/sentry_ws/install/cmd_chassis/lib/cmd_chassis/twist_transformer
-- Up-to-date symlink: /home/xinzhu/sentry_ws/install/cmd_chassis/lib/cmd_chassis/twist2chassis_cmd
-- Up-to-date symlink: /home/xinzhu/sentry_ws/install/cmd_chassis/share/ament_index/resource_index/package_run_dependencies/cmd_chassis
-- Up-to-date symlink: /home/xinzhu/sentry_ws/install/cmd_chassis/share/ament_index/resource_index/parent_prefix_path/cmd_chassis
-- Up-to-date symlink: /home/xinzhu/sentry_ws/install/cmd_chassis/share/cmd_chassis/environment/ament_prefix_path.sh
-- Up-to-date symlink: /home/xinzhu/sentry_ws/install/cmd_chassis/share/cmd_chassis/environment/ament_prefix_path.dsv
-- Up-to-date symlink: /home/xinzhu/sentry_ws/install/cmd_chassis/share/cmd_chassis/environment/path.sh
-- Up-to-date symlink: /home/xinzhu/sentry_ws/install/cmd_chassis/share/cmd_chassis/environment/path.dsv
-- Up-to-date symlink: /home/xinzhu/sentry_ws/install/cmd_chassis/share/cmd_chassis/local_setup.bash
-- Up-to-date symlink: /home/xinzhu/sentry_ws/install/cmd_chassis/share/cmd_chassis/local_setup.sh
-- Up-to-date symlink: /home/xinzhu/sentry_ws/install/cmd_chassis/share/cmd_chassis/local_setup.zsh
-- Up-to-date symlink: /home/xinzhu/sentry_ws/install/cmd_chassis/share/cmd_chassis/local_setup.dsv
-- Symlinking: /home/xinzhu/sentry_ws/install/cmd_chassis/share/cmd_chassis/package.dsv
-- Up-to-date symlink: /home/xinzhu/sentry_ws/install/cmd_chassis/share/ament_index/resource_index/packages/cmd_chassis
-- Up-to-date symlink: /home/xinzhu/sentry_ws/install/cmd_chassis/share/cmd_chassis/cmake/cmd_chassisConfig.cmake
-- Up-to-date symlink: /home/xinzhu/sentry_ws/install/cmd_chassis/share/cmd_chassis/cmake/cmd_chassisConfig-version.cmake
-- Up-to-date symlink: /home/xinzhu/sentry_ws/install/cmd_chassis/share/cmd_chassis/package.xml
