[0.315s] Invoking command in '/home/xinzhu/sentry_ws/build/costmap_intensity': CMAKE_PREFIX_PATH=${CMAKE_PREFIX_PATH}:/home/xinzhu/Desktop/sentry_ws/install/control_panel:/opt/ros/humble PS1=%F{green}%n@%m%f%F{white}:%f%F{blue}%~%f%F{white}$%f /usr/local/bin/cmake --build /home/xinzhu/sentry_ws/build/costmap_intensity -- -j16 -l16
[0.372s] [100%] Built target costmap_intensity_core
[0.465s] Invoked command in '/home/xinzhu/sentry_ws/build/costmap_intensity' returned '0': CMAKE_PREFIX_PATH=${CMAKE_PREFIX_PATH}:/home/xinzhu/Desktop/sentry_ws/install/control_panel:/opt/ros/humble PS1=%F{green}%n@%m%f%F{white}:%f%F{blue}%~%f%F{white}$%f /usr/local/bin/cmake --build /home/xinzhu/sentry_ws/build/costmap_intensity -- -j16 -l16
[0.467s] Invoking command in '/home/xinzhu/sentry_ws/build/costmap_intensity': CMAKE_PREFIX_PATH=${CMAKE_PREFIX_PATH}:/home/xinzhu/Desktop/sentry_ws/install/control_panel:/opt/ros/humble PS1=%F{green}%n@%m%f%F{white}:%f%F{blue}%~%f%F{white}$%f /usr/local/bin/cmake --install /home/xinzhu/sentry_ws/build/costmap_intensity
[0.540s] -- Install configuration: "Release"
[0.540s] -- Execute custom install script
[0.540s] -- Up-to-date symlink: /home/xinzhu/sentry_ws/install/costmap_intensity/lib/libcostmap_intensity_core.so
[0.540s] -- Up-to-date symlink: /home/xinzhu/sentry_ws/install/costmap_intensity/share/costmap_intensity//costmap_intensity.xml
[0.540s] -- Up-to-date symlink: /home/xinzhu/sentry_ws/install/costmap_intensity/share/ament_index/resource_index/package_run_dependencies/costmap_intensity
[0.540s] -- Up-to-date symlink: /home/xinzhu/sentry_ws/install/costmap_intensity/share/ament_index/resource_index/parent_prefix_path/costmap_intensity
[0.541s] -- Up-to-date symlink: /home/xinzhu/sentry_ws/install/costmap_intensity/share/costmap_intensity/environment/ament_prefix_path.sh
[0.541s] -- Up-to-date symlink: /home/xinzhu/sentry_ws/install/costmap_intensity/share/costmap_intensity/environment/ament_prefix_path.dsv
[0.541s] -- Up-to-date symlink: /home/xinzhu/sentry_ws/install/costmap_intensity/share/costmap_intensity/environment/path.sh
[0.541s] -- Up-to-date symlink: /home/xinzhu/sentry_ws/install/costmap_intensity/share/costmap_intensity/environment/path.dsv
[0.541s] -- Up-to-date symlink: /home/xinzhu/sentry_ws/install/costmap_intensity/share/costmap_intensity/local_setup.bash
[0.541s] -- Up-to-date symlink: /home/xinzhu/sentry_ws/install/costmap_intensity/share/costmap_intensity/local_setup.sh
[0.542s] -- Up-to-date symlink: /home/xinzhu/sentry_ws/install/costmap_intensity/share/costmap_intensity/local_setup.zsh
[0.542s] -- Up-to-date symlink: /home/xinzhu/sentry_ws/install/costmap_intensity/share/costmap_intensity/local_setup.dsv
[0.542s] -- Symlinking: /home/xinzhu/sentry_ws/install/costmap_intensity/share/costmap_intensity/package.dsv
[0.542s] -- Up-to-date symlink: /home/xinzhu/sentry_ws/install/costmap_intensity/share/ament_index/resource_index/packages/costmap_intensity
[0.542s] -- Up-to-date symlink: /home/xinzhu/sentry_ws/install/costmap_intensity/share/ament_index/resource_index/nav2_costmap_2d__pluginlib__plugin/costmap_intensity
[0.543s] -- Up-to-date symlink: /home/xinzhu/sentry_ws/install/costmap_intensity/share/costmap_intensity/cmake/costmap_intensityConfig.cmake
[0.543s] -- Up-to-date symlink: /home/xinzhu/sentry_ws/install/costmap_intensity/share/costmap_intensity/cmake/costmap_intensityConfig-version.cmake
[0.543s] -- Up-to-date symlink: /home/xinzhu/sentry_ws/install/costmap_intensity/share/costmap_intensity/package.xml
[0.565s] Invoked command in '/home/xinzhu/sentry_ws/build/costmap_intensity' returned '0': CMAKE_PREFIX_PATH=${CMAKE_PREFIX_PATH}:/home/xinzhu/Desktop/sentry_ws/install/control_panel:/opt/ros/humble PS1=%F{green}%n@%m%f%F{white}:%f%F{blue}%~%f%F{white}$%f /usr/local/bin/cmake --install /home/xinzhu/sentry_ws/build/costmap_intensity
