[0.013s] Invoking command in '/home/xinzhu/sentry_ws/build/armor_solver': AMENT_PREFIX_PATH=/home/xinzhu/sentry_ws/install/rm_utils:/home/xinzhu/sentry_ws/install/auto_aim_interfaces:${AMENT_PREFIX_PATH} CMAKE_PREFIX_PATH=/home/xinzhu/sentry_ws/install/rm_utils:/home/xinzhu/sentry_ws/install/auto_aim_interfaces:/home/xinzhu/Desktop/sentry_ws/install/sentry_description:/home/xinzhu/Desktop/sentry_ws/install/sentry_bringup:/home/xinzhu/Desktop/sentry_ws/install/sensor_scan_generation:/home/xinzhu/Desktop/sentry_ws/install/rm_rune:/home/xinzhu/Desktop/sentry_ws/install/rune_solver:/home/xinzhu/Desktop/sentry_ws/install/rune_detector:/home/xinzhu/Desktop/sentry_ws/install/rm_serial_driver:/home/xinzhu/Desktop/sentry_ws/install/rm_auto_aim:/home/xinzhu/Desktop/sentry_ws/install/armor_solver:/home/xinzhu/Desktop/sentry_ws/install/armor_detector:/home/xinzhu/Desktop/sentry_ws/install/rm_utils:/home/xinzhu/Desktop/sentry_ws/install/rm_robot_description:/home/xinzhu/Desktop/sentry_ws/install/rm_interfaces:/home/xinzhu/Desktop/sentry_ws/install/livox_ros_driver2:/home/xinzhu/Desktop/sentry_ws/install/costmap_intensity:/home/xinzhu/Desktop/sentry_ws/install/behavior_ext_plugins:/home/xinzhu/Desktop/sentry_ws/install/auto_aim_interfaces:/home/xinzhu/Desktop/sentry_ws/install/control_panel:/opt/ros/humble LD_LIBRARY_PATH=/home/xinzhu/sentry_ws/install/rm_utils/lib:/home/xinzhu/sentry_ws/install/auto_aim_interfaces/lib:${LD_LIBRARY_PATH} PS1=%F{green}%n@%m%f%F{white}:%f%F{blue}%~%f%F{white}$%f PYTHONPATH=/home/xinzhu/sentry_ws/install/auto_aim_interfaces/local/lib/python3.10/dist-packages:${PYTHONPATH} /usr/local/bin/cmake --build /home/xinzhu/sentry_ws/build/armor_solver -- -j16 -l16
[0.032s] -- Found ament_cmake_auto: 1.3.14 (/opt/ros/humble/share/ament_cmake_auto/cmake)
[0.177s] -- Override CMake install command with custom implementation using symlinks instead of copying resources
[0.246s] -- Found rosidl_generator_c: 3.1.8 (/opt/ros/humble/share/rosidl_generator_c/cmake)
[0.247s] -- Found rosidl_adapter: 3.1.8 (/opt/ros/humble/share/rosidl_adapter/cmake)
[0.251s] -- Found rosidl_generator_cpp: 3.1.8 (/opt/ros/humble/share/rosidl_generator_cpp/cmake)
[0.257s] -- Using all available rosidl_typesupport_c: rosidl_typesupport_fastrtps_c;rosidl_typesupport_introspection_c
[0.266s] -- Using all available rosidl_typesupport_cpp: rosidl_typesupport_fastrtps_cpp;rosidl_typesupport_introspection_cpp
[0.289s] -- Found rmw_implementation_cmake: 6.1.2 (/opt/ros/humble/share/rmw_implementation_cmake/cmake)
[0.291s] -- Found rmw_fastrtps_cpp: 6.2.10 (/opt/ros/humble/share/rmw_fastrtps_cpp/cmake)
[0.370s] -- Using RMW implementation 'rmw_fastrtps_cpp' as default
[0.481s] -- Found eigen3_cmake_module: 0.1.1 (/opt/ros/humble/share/eigen3_cmake_module/cmake)
[0.482s] -- Ensuring Eigen3 include directory is part of orocos-kdl CMake target
[0.645s] -- Found AMD headers in: /usr/include/suitesparse
[0.645s] -- Found AMD library: /usr/lib/x86_64-linux-gnu/libamd.so
[0.645s] -- Found CAMD headers in: /usr/include/suitesparse
[0.645s] -- Found CAMD library: /usr/lib/x86_64-linux-gnu/libcamd.so
[0.645s] -- Found CCOLAMD headers in: /usr/include/suitesparse
[0.645s] -- Found CCOLAMD library: /usr/lib/x86_64-linux-gnu/libccolamd.so
[0.646s] -- Found CHOLMOD headers in: /usr/include/suitesparse
[0.646s] -- Found CHOLMOD library: /usr/lib/x86_64-linux-gnu/libcholmod.so
[0.646s] -- Found COLAMD headers in: /usr/include/suitesparse
[0.646s] -- Found COLAMD library: /usr/lib/x86_64-linux-gnu/libcolamd.so
[0.646s] -- Found SPQR headers in: /usr/include/suitesparse
[0.646s] -- Found SPQR library: /usr/lib/x86_64-linux-gnu/libspqr.so
[0.646s] -- Found Config headers in: /usr/include/suitesparse
[0.646s] -- Found Config library: /usr/lib/x86_64-linux-gnu/libsuitesparseconfig.so
[0.646s] -- Found Intel Thread Building Blocks (TBB) library (2021.5 / ) include location: . Assuming SuiteSparseQR was compiled with TBB.
[0.646s] -- Adding librt to SuiteSparse_config libraries (required on Linux & Unix [not OSX] if SuiteSparse is compiled with timing).
[0.650s] -- Could NOT find METIS (missing: METIS_INCLUDE_DIR METIS_LIBRARY) 
[0.665s] -- Found ament_lint_auto: 0.12.15 (/opt/ros/humble/share/ament_lint_auto/cmake)
[0.668s] -- Found ament_cmake_gtest: 1.3.14 (/opt/ros/humble/share/ament_cmake_gtest/cmake)
[0.669s] [0mIn this package, headers install destination is set to `include` by ament_auto_package. It is recommended to install `include/armor_solver` instead and will be the default behavior of ament_auto_package from ROS 2 Kilted Kaiju. On distributions before Kilted, ament_auto_package behaves the same way when you use USE_SCOPED_HEADER_INSTALL_DIR option.[0m
[0.675s] -- Added test 'cppcheck' to perform static code analysis on C / C++ code
[0.675s] -- Configured cppcheck include dirs: /home/xinzhu/sentry_ws/src/rm_auto_aim/armor_solver/include
[0.675s] -- Configured cppcheck exclude dirs and/or files: 
[0.675s] -- Added test 'lint_cmake' to check CMake code style
[0.676s] -- Added test 'xmllint' to check XML markup files
[0.676s] -- Added test 'clang_format' to check C / C++ code style
[0.679s] -- Configuring done (0.7s)
[0.698s] -- Generating done (0.0s)
[0.700s] -- Build files have been written to: /home/xinzhu/sentry_ws/build/armor_solver
[0.725s] [ 33%] Built target armor_solver_node
[0.745s] [ 66%] [32mBuilding CXX object CMakeFiles/armor_solver.dir/src/armor_tracker.cpp.o[0m
[0.745s] [ 66%] [32mBuilding CXX object CMakeFiles/armor_solver.dir/src/armor_solver.cpp.o[0m
[0.745s] [ 83%] [32mBuilding CXX object CMakeFiles/armor_solver.dir/src/armor_solver_node.cpp.o[0m
[19.521s] [100%] [32m[1mLinking CXX shared library libarmor_solver.so[0m
[19.674s] [100%] Built target armor_solver
[19.678s] Invoked command in '/home/xinzhu/sentry_ws/build/armor_solver' returned '0': AMENT_PREFIX_PATH=/home/xinzhu/sentry_ws/install/rm_utils:/home/xinzhu/sentry_ws/install/auto_aim_interfaces:${AMENT_PREFIX_PATH} CMAKE_PREFIX_PATH=/home/xinzhu/sentry_ws/install/rm_utils:/home/xinzhu/sentry_ws/install/auto_aim_interfaces:/home/xinzhu/Desktop/sentry_ws/install/sentry_description:/home/xinzhu/Desktop/sentry_ws/install/sentry_bringup:/home/xinzhu/Desktop/sentry_ws/install/sensor_scan_generation:/home/xinzhu/Desktop/sentry_ws/install/rm_rune:/home/xinzhu/Desktop/sentry_ws/install/rune_solver:/home/xinzhu/Desktop/sentry_ws/install/rune_detector:/home/xinzhu/Desktop/sentry_ws/install/rm_serial_driver:/home/xinzhu/Desktop/sentry_ws/install/rm_auto_aim:/home/xinzhu/Desktop/sentry_ws/install/armor_solver:/home/xinzhu/Desktop/sentry_ws/install/armor_detector:/home/xinzhu/Desktop/sentry_ws/install/rm_utils:/home/xinzhu/Desktop/sentry_ws/install/rm_robot_description:/home/xinzhu/Desktop/sentry_ws/install/rm_interfaces:/home/xinzhu/Desktop/sentry_ws/install/livox_ros_driver2:/home/xinzhu/Desktop/sentry_ws/install/costmap_intensity:/home/xinzhu/Desktop/sentry_ws/install/behavior_ext_plugins:/home/xinzhu/Desktop/sentry_ws/install/auto_aim_interfaces:/home/xinzhu/Desktop/sentry_ws/install/control_panel:/opt/ros/humble LD_LIBRARY_PATH=/home/xinzhu/sentry_ws/install/rm_utils/lib:/home/xinzhu/sentry_ws/install/auto_aim_interfaces/lib:${LD_LIBRARY_PATH} PS1=%F{green}%n@%m%f%F{white}:%f%F{blue}%~%f%F{white}$%f PYTHONPATH=/home/xinzhu/sentry_ws/install/auto_aim_interfaces/local/lib/python3.10/dist-packages:${PYTHONPATH} /usr/local/bin/cmake --build /home/xinzhu/sentry_ws/build/armor_solver -- -j16 -l16
[19.685s] Invoking command in '/home/xinzhu/sentry_ws/build/armor_solver': AMENT_PREFIX_PATH=/home/xinzhu/sentry_ws/install/rm_utils:/home/xinzhu/sentry_ws/install/auto_aim_interfaces:${AMENT_PREFIX_PATH} CMAKE_PREFIX_PATH=/home/xinzhu/sentry_ws/install/rm_utils:/home/xinzhu/sentry_ws/install/auto_aim_interfaces:/home/xinzhu/Desktop/sentry_ws/install/sentry_description:/home/xinzhu/Desktop/sentry_ws/install/sentry_bringup:/home/xinzhu/Desktop/sentry_ws/install/sensor_scan_generation:/home/xinzhu/Desktop/sentry_ws/install/rm_rune:/home/xinzhu/Desktop/sentry_ws/install/rune_solver:/home/xinzhu/Desktop/sentry_ws/install/rune_detector:/home/xinzhu/Desktop/sentry_ws/install/rm_serial_driver:/home/xinzhu/Desktop/sentry_ws/install/rm_auto_aim:/home/xinzhu/Desktop/sentry_ws/install/armor_solver:/home/xinzhu/Desktop/sentry_ws/install/armor_detector:/home/xinzhu/Desktop/sentry_ws/install/rm_utils:/home/xinzhu/Desktop/sentry_ws/install/rm_robot_description:/home/xinzhu/Desktop/sentry_ws/install/rm_interfaces:/home/xinzhu/Desktop/sentry_ws/install/livox_ros_driver2:/home/xinzhu/Desktop/sentry_ws/install/costmap_intensity:/home/xinzhu/Desktop/sentry_ws/install/behavior_ext_plugins:/home/xinzhu/Desktop/sentry_ws/install/auto_aim_interfaces:/home/xinzhu/Desktop/sentry_ws/install/control_panel:/opt/ros/humble LD_LIBRARY_PATH=/home/xinzhu/sentry_ws/install/rm_utils/lib:/home/xinzhu/sentry_ws/install/auto_aim_interfaces/lib:${LD_LIBRARY_PATH} PS1=%F{green}%n@%m%f%F{white}:%f%F{blue}%~%f%F{white}$%f PYTHONPATH=/home/xinzhu/sentry_ws/install/auto_aim_interfaces/local/lib/python3.10/dist-packages:${PYTHONPATH} /usr/local/bin/cmake --install /home/xinzhu/sentry_ws/build/armor_solver
[19.688s] -- Install configuration: "Release"
[19.688s] -- Execute custom install script
[19.688s] -- Up-to-date symlink: /home/xinzhu/sentry_ws/install/armor_solver/lib/armor_solver/armor_solver_node
[19.688s] -- Up-to-date symlink: /home/xinzhu/sentry_ws/install/armor_solver/include/armor_solver/armor_solver.hpp
[19.688s] -- Up-to-date symlink: /home/xinzhu/sentry_ws/install/armor_solver/include/armor_solver/armor_solver_node.hpp
[19.688s] -- Up-to-date symlink: /home/xinzhu/sentry_ws/install/armor_solver/include/armor_solver/armor_tracker.hpp
[19.689s] -- Up-to-date symlink: /home/xinzhu/sentry_ws/install/armor_solver/include/armor_solver/motion_model.hpp
[19.689s] -- Up-to-date symlink: /home/xinzhu/sentry_ws/install/armor_solver/share/armor_solver/environment/library_path.sh
[19.689s] -- Up-to-date symlink: /home/xinzhu/sentry_ws/install/armor_solver/share/armor_solver/environment/library_path.dsv
[19.689s] -- Up-to-date symlink: /home/xinzhu/sentry_ws/install/armor_solver/lib/libarmor_solver.so
[19.689s] -- Up-to-date symlink: /home/xinzhu/sentry_ws/install/armor_solver/share/ament_index/resource_index/package_run_dependencies/armor_solver
[19.689s] -- Up-to-date symlink: /home/xinzhu/sentry_ws/install/armor_solver/share/ament_index/resource_index/parent_prefix_path/armor_solver
[19.689s] -- Up-to-date symlink: /home/xinzhu/sentry_ws/install/armor_solver/share/armor_solver/environment/ament_prefix_path.sh
[19.689s] -- Up-to-date symlink: /home/xinzhu/sentry_ws/install/armor_solver/share/armor_solver/environment/ament_prefix_path.dsv
[19.689s] -- Up-to-date symlink: /home/xinzhu/sentry_ws/install/armor_solver/share/armor_solver/environment/path.sh
[19.689s] -- Up-to-date symlink: /home/xinzhu/sentry_ws/install/armor_solver/share/armor_solver/environment/path.dsv
[19.689s] -- Up-to-date symlink: /home/xinzhu/sentry_ws/install/armor_solver/share/armor_solver/local_setup.bash
[19.689s] -- Up-to-date symlink: /home/xinzhu/sentry_ws/install/armor_solver/share/armor_solver/local_setup.sh
[19.690s] -- Up-to-date symlink: /home/xinzhu/sentry_ws/install/armor_solver/share/armor_solver/local_setup.zsh
[19.690s] -- Up-to-date symlink: /home/xinzhu/sentry_ws/install/armor_solver/share/armor_solver/local_setup.dsv
[19.690s] -- Symlinking: /home/xinzhu/sentry_ws/install/armor_solver/share/armor_solver/package.dsv
[19.694s] -- Up-to-date symlink: /home/xinzhu/sentry_ws/install/armor_solver/share/ament_index/resource_index/packages/armor_solver
[19.694s] -- Up-to-date symlink: /home/xinzhu/sentry_ws/install/armor_solver/share/ament_index/resource_index/rclcpp_components/armor_solver
[19.694s] -- Up-to-date symlink: /home/xinzhu/sentry_ws/install/armor_solver/share/armor_solver/cmake/ament_cmake_export_dependencies-extras.cmake
[19.694s] -- Up-to-date symlink: /home/xinzhu/sentry_ws/install/armor_solver/share/armor_solver/cmake/ament_cmake_export_include_directories-extras.cmake
[19.694s] -- Up-to-date symlink: /home/xinzhu/sentry_ws/install/armor_solver/share/armor_solver/cmake/ament_cmake_export_libraries-extras.cmake
[19.694s] -- Up-to-date symlink: /home/xinzhu/sentry_ws/install/armor_solver/share/armor_solver/cmake/armor_solverConfig.cmake
[19.694s] -- Up-to-date symlink: /home/xinzhu/sentry_ws/install/armor_solver/share/armor_solver/cmake/armor_solverConfig-version.cmake
[19.695s] -- Up-to-date symlink: /home/xinzhu/sentry_ws/install/armor_solver/share/armor_solver/package.xml
[19.695s] Invoked command in '/home/xinzhu/sentry_ws/build/armor_solver' returned '0': AMENT_PREFIX_PATH=/home/xinzhu/sentry_ws/install/rm_utils:/home/xinzhu/sentry_ws/install/auto_aim_interfaces:${AMENT_PREFIX_PATH} CMAKE_PREFIX_PATH=/home/xinzhu/sentry_ws/install/rm_utils:/home/xinzhu/sentry_ws/install/auto_aim_interfaces:/home/xinzhu/Desktop/sentry_ws/install/sentry_description:/home/xinzhu/Desktop/sentry_ws/install/sentry_bringup:/home/xinzhu/Desktop/sentry_ws/install/sensor_scan_generation:/home/xinzhu/Desktop/sentry_ws/install/rm_rune:/home/xinzhu/Desktop/sentry_ws/install/rune_solver:/home/xinzhu/Desktop/sentry_ws/install/rune_detector:/home/xinzhu/Desktop/sentry_ws/install/rm_serial_driver:/home/xinzhu/Desktop/sentry_ws/install/rm_auto_aim:/home/xinzhu/Desktop/sentry_ws/install/armor_solver:/home/xinzhu/Desktop/sentry_ws/install/armor_detector:/home/xinzhu/Desktop/sentry_ws/install/rm_utils:/home/xinzhu/Desktop/sentry_ws/install/rm_robot_description:/home/xinzhu/Desktop/sentry_ws/install/rm_interfaces:/home/xinzhu/Desktop/sentry_ws/install/livox_ros_driver2:/home/xinzhu/Desktop/sentry_ws/install/costmap_intensity:/home/xinzhu/Desktop/sentry_ws/install/behavior_ext_plugins:/home/xinzhu/Desktop/sentry_ws/install/auto_aim_interfaces:/home/xinzhu/Desktop/sentry_ws/install/control_panel:/opt/ros/humble LD_LIBRARY_PATH=/home/xinzhu/sentry_ws/install/rm_utils/lib:/home/xinzhu/sentry_ws/install/auto_aim_interfaces/lib:${LD_LIBRARY_PATH} PS1=%F{green}%n@%m%f%F{white}:%f%F{blue}%~%f%F{white}$%f PYTHONPATH=/home/xinzhu/sentry_ws/install/auto_aim_interfaces/local/lib/python3.10/dist-packages:${PYTHONPATH} /usr/local/bin/cmake --install /home/xinzhu/sentry_ws/build/armor_solver
