[0.021s] Invoking command in '/home/xinzhu/sentry_ws/build/rm_serial_driver': AMENT_PREFIX_PATH=/home/xinzhu/sentry_ws/install/rm_utils:/home/xinzhu/sentry_ws/install/rm_interfaces:/home/xinzhu/sentry_ws/install/auto_aim_interfaces:${AMENT_PREFIX_PATH} CMAKE_PREFIX_PATH=/home/xinzhu/sentry_ws/install/rm_utils:/home/xinzhu/sentry_ws/install/rm_interfaces:/home/xinzhu/sentry_ws/install/auto_aim_interfaces:/home/xinzhu/Desktop/sentry_ws/install/terrain_analysis_ext:/home/xinzhu/Desktop/sentry_ws/install/terrain_analysis:/home/xinzhu/Desktop/sentry_ws/install/sentry_description:/home/xinzhu/Desktop/sentry_ws/install/sentry_bringup:/home/xinzhu/Desktop/sentry_ws/install/sensor_scan_generation:/home/xinzhu/Desktop/sentry_ws/install/rm_bringup:/home/xinzhu/Desktop/sentry_ws/install/rm_serial_driver:/home/xinzhu/Desktop/sentry_ws/install/rm_camera_driver:/home/xinzhu/Desktop/sentry_ws/install/rm_auto_aim:/home/xinzhu/Desktop/sentry_ws/install/armor_solver:/home/xinzhu/Desktop/sentry_ws/install/armor_detector:/home/xinzhu/Desktop/sentry_ws/install/rm_utils:/home/xinzhu/Desktop/sentry_ws/install/rm_robot_description:/home/xinzhu/Desktop/sentry_ws/install/rm_decision_cpp:/home/xinzhu/Desktop/sentry_ws/install/cmd_chassis:/home/xinzhu/Desktop/sentry_ws/install/rm_interfaces:/home/xinzhu/Desktop/sentry_ws/install/fast_lio:/home/xinzhu/Desktop/sentry_ws/install/livox_ros_driver2:/home/xinzhu/Desktop/sentry_ws/install/icp_relocalization:/home/xinzhu/Desktop/sentry_ws/install/costmap_intensity:/home/xinzhu/Desktop/sentry_ws/install/behaviortree_cpp:/home/xinzhu/Desktop/sentry_ws/install/behavior_ext_plugins:/home/xinzhu/Desktop/sentry_ws/install/auto_aim_interfaces:/home/xinzhu/Desktop/sentry_ws/install/control_panel:/opt/ros/humble LD_LIBRARY_PATH=/home/xinzhu/sentry_ws/install/rm_utils/lib:/home/xinzhu/sentry_ws/install/rm_interfaces/lib:/home/xinzhu/sentry_ws/install/auto_aim_interfaces/lib:${LD_LIBRARY_PATH} PS1=%F{green}%n@%m%f%F{white}:%f%F{blue}%~%f%F{white}$%f PYTHONPATH=/home/xinzhu/sentry_ws/install/rm_interfaces/local/lib/python3.10/dist-packages:/home/xinzhu/sentry_ws/install/auto_aim_interfaces/local/lib/python3.10/dist-packages:${PYTHONPATH} /usr/local/bin/cmake /home/xinzhu/sentry_ws/src/rm_hardware_driver/rm_serial_driver -DAMENT_CMAKE_SYMLINK_INSTALL=1 -DCMAKE_INSTALL_PREFIX=/home/xinzhu/sentry_ws/install/rm_serial_driver
[0.034s] -- Found ament_cmake_auto: 1.3.13 (/opt/ros/humble/share/ament_cmake_auto/cmake)
[0.215s] -- Override CMake install command with custom implementation using symlinks instead of copying resources
[0.309s] -- Found rosidl_generator_c: 3.1.8 (/opt/ros/humble/share/rosidl_generator_c/cmake)
[0.311s] -- Found rosidl_adapter: 3.1.8 (/opt/ros/humble/share/rosidl_adapter/cmake)
[0.316s] -- Found rosidl_generator_cpp: 3.1.8 (/opt/ros/humble/share/rosidl_generator_cpp/cmake)
[0.326s] -- Using all available rosidl_typesupport_c: rosidl_typesupport_fastrtps_c;rosidl_typesupport_introspection_c
[0.338s] -- Using all available rosidl_typesupport_cpp: rosidl_typesupport_fastrtps_cpp;rosidl_typesupport_introspection_cpp
[0.367s] -- Found rmw_implementation_cmake: 6.1.2 (/opt/ros/humble/share/rmw_implementation_cmake/cmake)
[0.369s] -- Found rmw_fastrtps_cpp: 6.2.10 (/opt/ros/humble/share/rmw_fastrtps_cpp/cmake)
[0.485s] -- Using RMW implementation 'rmw_fastrtps_cpp' as default
[0.582s] -- Found asio_cmake_module: 1.2.0 (/opt/ros/humble/share/asio_cmake_module/cmake)
[0.680s] -- Found eigen3_cmake_module: 0.1.1 (/opt/ros/humble/share/eigen3_cmake_module/cmake)
[0.681s] -- Ensuring Eigen3 include directory is part of orocos-kdl CMake target
[0.901s] -- Found AMD headers in: /usr/include/suitesparse
[0.901s] -- Found AMD library: /usr/lib/x86_64-linux-gnu/libamd.so
[0.901s] -- Found CAMD headers in: /usr/include/suitesparse
[0.901s] -- Found CAMD library: /usr/lib/x86_64-linux-gnu/libcamd.so
[0.901s] -- Found CCOLAMD headers in: /usr/include/suitesparse
[0.901s] -- Found CCOLAMD library: /usr/lib/x86_64-linux-gnu/libccolamd.so
[0.901s] -- Found CHOLMOD headers in: /usr/include/suitesparse
[0.901s] -- Found CHOLMOD library: /usr/lib/x86_64-linux-gnu/libcholmod.so
[0.901s] -- Found COLAMD headers in: /usr/include/suitesparse
[0.901s] -- Found COLAMD library: /usr/lib/x86_64-linux-gnu/libcolamd.so
[0.901s] -- Found SPQR headers in: /usr/include/suitesparse
[0.901s] -- Found SPQR library: /usr/lib/x86_64-linux-gnu/libspqr.so
[0.902s] -- Found Config headers in: /usr/include/suitesparse
[0.902s] -- Found Config library: /usr/lib/x86_64-linux-gnu/libsuitesparseconfig.so
[0.902s] -- Found Intel Thread Building Blocks (TBB) library (2021.5 / ) include location: . Assuming SuiteSparseQR was compiled with TBB.
[0.902s] -- Adding librt to SuiteSparse_config libraries (required on Linux & Unix [not OSX] if SuiteSparse is compiled with timing).
[0.907s] -- Could NOT find METIS (missing: METIS_INCLUDE_DIR METIS_LIBRARY) 
[0.944s] -- Found ament_lint_auto: 0.12.15 (/opt/ros/humble/share/ament_lint_auto/cmake)
[0.948s] -- Found ament_cmake_gtest: 1.3.13 (/opt/ros/humble/share/ament_cmake_gtest/cmake)
[0.949s] -- Found gtest sources under '/opt/ros/humble/src/gtest_vendor': C++ tests using 'Google Test' will be built
[0.950s] [0mCMake Deprecation Warning at /opt/ros/humble/src/gtest_vendor/CMakeLists.txt:2 (cmake_minimum_required):
[0.950s]   Compatibility with CMake < 3.10 will be removed from a future version of
[0.950s]   CMake.
[0.950s] 
[0.950s]   Update the VERSION argument <min> value.  Or, use the <min>...<max> syntax
[0.950s]   to tell CMake that the project requires at least <min> but has been updated
[0.950s]   to work with policies introduced by <max> or earlier.
[0.950s] 
[0.950s] [0m
[0.953s] [0mIn this package, headers install destination is set to `include` by ament_auto_package. It is recommended to install `include/rm_serial_driver` instead and will be the default behavior of ament_auto_package from ROS 2 Kilted Kaiju. On distributions before Kilted, ament_auto_package behaves the same way when you use USE_SCOPED_HEADER_INSTALL_DIR option.[0m
[0.960s] -- Added test 'cppcheck' to perform static code analysis on C / C++ code
[0.961s] -- Configured cppcheck include dirs: /home/xinzhu/sentry_ws/src/rm_hardware_driver/rm_serial_driver/include
[0.961s] -- Configured cppcheck exclude dirs and/or files: 
[0.962s] -- Added test 'lint_cmake' to check CMake code style
[0.963s] -- Added test 'xmllint' to check XML markup files
[0.964s] -- Added test 'clang_format' to check C / C++ code style
[0.969s] -- Configuring done (0.9s)
[1.031s] -- Generating done (0.1s)
[1.037s] -- Build files have been written to: /home/xinzhu/sentry_ws/build/rm_serial_driver
[1.051s] Invoked command in '/home/xinzhu/sentry_ws/build/rm_serial_driver' returned '0': AMENT_PREFIX_PATH=/home/xinzhu/sentry_ws/install/rm_utils:/home/xinzhu/sentry_ws/install/rm_interfaces:/home/xinzhu/sentry_ws/install/auto_aim_interfaces:${AMENT_PREFIX_PATH} CMAKE_PREFIX_PATH=/home/xinzhu/sentry_ws/install/rm_utils:/home/xinzhu/sentry_ws/install/rm_interfaces:/home/xinzhu/sentry_ws/install/auto_aim_interfaces:/home/xinzhu/Desktop/sentry_ws/install/terrain_analysis_ext:/home/xinzhu/Desktop/sentry_ws/install/terrain_analysis:/home/xinzhu/Desktop/sentry_ws/install/sentry_description:/home/xinzhu/Desktop/sentry_ws/install/sentry_bringup:/home/xinzhu/Desktop/sentry_ws/install/sensor_scan_generation:/home/xinzhu/Desktop/sentry_ws/install/rm_bringup:/home/xinzhu/Desktop/sentry_ws/install/rm_serial_driver:/home/xinzhu/Desktop/sentry_ws/install/rm_camera_driver:/home/xinzhu/Desktop/sentry_ws/install/rm_auto_aim:/home/xinzhu/Desktop/sentry_ws/install/armor_solver:/home/xinzhu/Desktop/sentry_ws/install/armor_detector:/home/xinzhu/Desktop/sentry_ws/install/rm_utils:/home/xinzhu/Desktop/sentry_ws/install/rm_robot_description:/home/xinzhu/Desktop/sentry_ws/install/rm_decision_cpp:/home/xinzhu/Desktop/sentry_ws/install/cmd_chassis:/home/xinzhu/Desktop/sentry_ws/install/rm_interfaces:/home/xinzhu/Desktop/sentry_ws/install/fast_lio:/home/xinzhu/Desktop/sentry_ws/install/livox_ros_driver2:/home/xinzhu/Desktop/sentry_ws/install/icp_relocalization:/home/xinzhu/Desktop/sentry_ws/install/costmap_intensity:/home/xinzhu/Desktop/sentry_ws/install/behaviortree_cpp:/home/xinzhu/Desktop/sentry_ws/install/behavior_ext_plugins:/home/xinzhu/Desktop/sentry_ws/install/auto_aim_interfaces:/home/xinzhu/Desktop/sentry_ws/install/control_panel:/opt/ros/humble LD_LIBRARY_PATH=/home/xinzhu/sentry_ws/install/rm_utils/lib:/home/xinzhu/sentry_ws/install/rm_interfaces/lib:/home/xinzhu/sentry_ws/install/auto_aim_interfaces/lib:${LD_LIBRARY_PATH} PS1=%F{green}%n@%m%f%F{white}:%f%F{blue}%~%f%F{white}$%f PYTHONPATH=/home/xinzhu/sentry_ws/install/rm_interfaces/local/lib/python3.10/dist-packages:/home/xinzhu/sentry_ws/install/auto_aim_interfaces/local/lib/python3.10/dist-packages:${PYTHONPATH} /usr/local/bin/cmake /home/xinzhu/sentry_ws/src/rm_hardware_driver/rm_serial_driver -DAMENT_CMAKE_SYMLINK_INSTALL=1 -DCMAKE_INSTALL_PREFIX=/home/xinzhu/sentry_ws/install/rm_serial_driver
[1.052s] Invoking command in '/home/xinzhu/sentry_ws/build/rm_serial_driver': AMENT_PREFIX_PATH=/home/xinzhu/sentry_ws/install/rm_utils:/home/xinzhu/sentry_ws/install/rm_interfaces:/home/xinzhu/sentry_ws/install/auto_aim_interfaces:${AMENT_PREFIX_PATH} CMAKE_PREFIX_PATH=/home/xinzhu/sentry_ws/install/rm_utils:/home/xinzhu/sentry_ws/install/rm_interfaces:/home/xinzhu/sentry_ws/install/auto_aim_interfaces:/home/xinzhu/Desktop/sentry_ws/install/terrain_analysis_ext:/home/xinzhu/Desktop/sentry_ws/install/terrain_analysis:/home/xinzhu/Desktop/sentry_ws/install/sentry_description:/home/xinzhu/Desktop/sentry_ws/install/sentry_bringup:/home/xinzhu/Desktop/sentry_ws/install/sensor_scan_generation:/home/xinzhu/Desktop/sentry_ws/install/rm_bringup:/home/xinzhu/Desktop/sentry_ws/install/rm_serial_driver:/home/xinzhu/Desktop/sentry_ws/install/rm_camera_driver:/home/xinzhu/Desktop/sentry_ws/install/rm_auto_aim:/home/xinzhu/Desktop/sentry_ws/install/armor_solver:/home/xinzhu/Desktop/sentry_ws/install/armor_detector:/home/xinzhu/Desktop/sentry_ws/install/rm_utils:/home/xinzhu/Desktop/sentry_ws/install/rm_robot_description:/home/xinzhu/Desktop/sentry_ws/install/rm_decision_cpp:/home/xinzhu/Desktop/sentry_ws/install/cmd_chassis:/home/xinzhu/Desktop/sentry_ws/install/rm_interfaces:/home/xinzhu/Desktop/sentry_ws/install/fast_lio:/home/xinzhu/Desktop/sentry_ws/install/livox_ros_driver2:/home/xinzhu/Desktop/sentry_ws/install/icp_relocalization:/home/xinzhu/Desktop/sentry_ws/install/costmap_intensity:/home/xinzhu/Desktop/sentry_ws/install/behaviortree_cpp:/home/xinzhu/Desktop/sentry_ws/install/behavior_ext_plugins:/home/xinzhu/Desktop/sentry_ws/install/auto_aim_interfaces:/home/xinzhu/Desktop/sentry_ws/install/control_panel:/opt/ros/humble LD_LIBRARY_PATH=/home/xinzhu/sentry_ws/install/rm_utils/lib:/home/xinzhu/sentry_ws/install/rm_interfaces/lib:/home/xinzhu/sentry_ws/install/auto_aim_interfaces/lib:${LD_LIBRARY_PATH} PS1=%F{green}%n@%m%f%F{white}:%f%F{blue}%~%f%F{white}$%f PYTHONPATH=/home/xinzhu/sentry_ws/install/rm_interfaces/local/lib/python3.10/dist-packages:/home/xinzhu/sentry_ws/install/auto_aim_interfaces/local/lib/python3.10/dist-packages:${PYTHONPATH} /usr/local/bin/cmake --build /home/xinzhu/sentry_ws/build/rm_serial_driver -- -j16 -l16
[1.076s] [ 11%] Built target gtest
[1.078s] [ 23%] Built target virtual_serial_node
[1.080s] [ 35%] Built target gtest_main
[1.081s] [ 47%] Built target rm_serial_driver_node
[1.095s] [ 88%] Built target rm_serial_driver
[1.110s] [100%] Built target test_fixed_packet_tool
[1.115s] Invoked command in '/home/xinzhu/sentry_ws/build/rm_serial_driver' returned '0': AMENT_PREFIX_PATH=/home/xinzhu/sentry_ws/install/rm_utils:/home/xinzhu/sentry_ws/install/rm_interfaces:/home/xinzhu/sentry_ws/install/auto_aim_interfaces:${AMENT_PREFIX_PATH} CMAKE_PREFIX_PATH=/home/xinzhu/sentry_ws/install/rm_utils:/home/xinzhu/sentry_ws/install/rm_interfaces:/home/xinzhu/sentry_ws/install/auto_aim_interfaces:/home/xinzhu/Desktop/sentry_ws/install/terrain_analysis_ext:/home/xinzhu/Desktop/sentry_ws/install/terrain_analysis:/home/xinzhu/Desktop/sentry_ws/install/sentry_description:/home/xinzhu/Desktop/sentry_ws/install/sentry_bringup:/home/xinzhu/Desktop/sentry_ws/install/sensor_scan_generation:/home/xinzhu/Desktop/sentry_ws/install/rm_bringup:/home/xinzhu/Desktop/sentry_ws/install/rm_serial_driver:/home/xinzhu/Desktop/sentry_ws/install/rm_camera_driver:/home/xinzhu/Desktop/sentry_ws/install/rm_auto_aim:/home/xinzhu/Desktop/sentry_ws/install/armor_solver:/home/xinzhu/Desktop/sentry_ws/install/armor_detector:/home/xinzhu/Desktop/sentry_ws/install/rm_utils:/home/xinzhu/Desktop/sentry_ws/install/rm_robot_description:/home/xinzhu/Desktop/sentry_ws/install/rm_decision_cpp:/home/xinzhu/Desktop/sentry_ws/install/cmd_chassis:/home/xinzhu/Desktop/sentry_ws/install/rm_interfaces:/home/xinzhu/Desktop/sentry_ws/install/fast_lio:/home/xinzhu/Desktop/sentry_ws/install/livox_ros_driver2:/home/xinzhu/Desktop/sentry_ws/install/icp_relocalization:/home/xinzhu/Desktop/sentry_ws/install/costmap_intensity:/home/xinzhu/Desktop/sentry_ws/install/behaviortree_cpp:/home/xinzhu/Desktop/sentry_ws/install/behavior_ext_plugins:/home/xinzhu/Desktop/sentry_ws/install/auto_aim_interfaces:/home/xinzhu/Desktop/sentry_ws/install/control_panel:/opt/ros/humble LD_LIBRARY_PATH=/home/xinzhu/sentry_ws/install/rm_utils/lib:/home/xinzhu/sentry_ws/install/rm_interfaces/lib:/home/xinzhu/sentry_ws/install/auto_aim_interfaces/lib:${LD_LIBRARY_PATH} PS1=%F{green}%n@%m%f%F{white}:%f%F{blue}%~%f%F{white}$%f PYTHONPATH=/home/xinzhu/sentry_ws/install/rm_interfaces/local/lib/python3.10/dist-packages:/home/xinzhu/sentry_ws/install/auto_aim_interfaces/local/lib/python3.10/dist-packages:${PYTHONPATH} /usr/local/bin/cmake --build /home/xinzhu/sentry_ws/build/rm_serial_driver -- -j16 -l16
[1.117s] Invoking command in '/home/xinzhu/sentry_ws/build/rm_serial_driver': AMENT_PREFIX_PATH=/home/xinzhu/sentry_ws/install/rm_utils:/home/xinzhu/sentry_ws/install/rm_interfaces:/home/xinzhu/sentry_ws/install/auto_aim_interfaces:${AMENT_PREFIX_PATH} CMAKE_PREFIX_PATH=/home/xinzhu/sentry_ws/install/rm_utils:/home/xinzhu/sentry_ws/install/rm_interfaces:/home/xinzhu/sentry_ws/install/auto_aim_interfaces:/home/xinzhu/Desktop/sentry_ws/install/terrain_analysis_ext:/home/xinzhu/Desktop/sentry_ws/install/terrain_analysis:/home/xinzhu/Desktop/sentry_ws/install/sentry_description:/home/xinzhu/Desktop/sentry_ws/install/sentry_bringup:/home/xinzhu/Desktop/sentry_ws/install/sensor_scan_generation:/home/xinzhu/Desktop/sentry_ws/install/rm_bringup:/home/xinzhu/Desktop/sentry_ws/install/rm_serial_driver:/home/xinzhu/Desktop/sentry_ws/install/rm_camera_driver:/home/xinzhu/Desktop/sentry_ws/install/rm_auto_aim:/home/xinzhu/Desktop/sentry_ws/install/armor_solver:/home/xinzhu/Desktop/sentry_ws/install/armor_detector:/home/xinzhu/Desktop/sentry_ws/install/rm_utils:/home/xinzhu/Desktop/sentry_ws/install/rm_robot_description:/home/xinzhu/Desktop/sentry_ws/install/rm_decision_cpp:/home/xinzhu/Desktop/sentry_ws/install/cmd_chassis:/home/xinzhu/Desktop/sentry_ws/install/rm_interfaces:/home/xinzhu/Desktop/sentry_ws/install/fast_lio:/home/xinzhu/Desktop/sentry_ws/install/livox_ros_driver2:/home/xinzhu/Desktop/sentry_ws/install/icp_relocalization:/home/xinzhu/Desktop/sentry_ws/install/costmap_intensity:/home/xinzhu/Desktop/sentry_ws/install/behaviortree_cpp:/home/xinzhu/Desktop/sentry_ws/install/behavior_ext_plugins:/home/xinzhu/Desktop/sentry_ws/install/auto_aim_interfaces:/home/xinzhu/Desktop/sentry_ws/install/control_panel:/opt/ros/humble LD_LIBRARY_PATH=/home/xinzhu/sentry_ws/install/rm_utils/lib:/home/xinzhu/sentry_ws/install/rm_interfaces/lib:/home/xinzhu/sentry_ws/install/auto_aim_interfaces/lib:${LD_LIBRARY_PATH} PS1=%F{green}%n@%m%f%F{white}:%f%F{blue}%~%f%F{white}$%f PYTHONPATH=/home/xinzhu/sentry_ws/install/rm_interfaces/local/lib/python3.10/dist-packages:/home/xinzhu/sentry_ws/install/auto_aim_interfaces/local/lib/python3.10/dist-packages:${PYTHONPATH} /usr/local/bin/cmake --install /home/xinzhu/sentry_ws/build/rm_serial_driver
[1.119s] -- Install configuration: "Release"
[1.120s] -- Execute custom install script
[1.120s] -- Up-to-date symlink: /home/xinzhu/sentry_ws/install/rm_serial_driver/lib/rm_serial_driver/rm_serial_driver_node
[1.120s] -- Up-to-date symlink: /home/xinzhu/sentry_ws/install/rm_serial_driver/lib/rm_serial_driver/virtual_serial_node
[1.121s] -- Up-to-date symlink: /home/xinzhu/sentry_ws/install/rm_serial_driver/include/rm_serial_driver/fixed_packet.hpp
[1.121s] -- Up-to-date symlink: /home/xinzhu/sentry_ws/install/rm_serial_driver/include/rm_serial_driver/fixed_packet_tool.hpp
[1.121s] -- Up-to-date symlink: /home/xinzhu/sentry_ws/install/rm_serial_driver/include/rm_serial_driver/protocol.hpp
[1.122s] -- Up-to-date symlink: /home/xinzhu/sentry_ws/install/rm_serial_driver/include/rm_serial_driver/protocol/default_protocol.hpp
[1.122s] -- Up-to-date symlink: /home/xinzhu/sentry_ws/install/rm_serial_driver/include/rm_serial_driver/protocol/infantry_protocol.hpp
[1.122s] -- Up-to-date symlink: /home/xinzhu/sentry_ws/install/rm_serial_driver/include/rm_serial_driver/protocol/sentry_protocol.hpp
[1.122s] -- Up-to-date symlink: /home/xinzhu/sentry_ws/install/rm_serial_driver/include/rm_serial_driver/protocol_factory.hpp
[1.122s] -- Up-to-date symlink: /home/xinzhu/sentry_ws/install/rm_serial_driver/include/rm_serial_driver/serial_driver_node.hpp
[1.122s] -- Up-to-date symlink: /home/xinzhu/sentry_ws/install/rm_serial_driver/include/rm_serial_driver/transporter_interface.hpp
[1.122s] -- Up-to-date symlink: /home/xinzhu/sentry_ws/install/rm_serial_driver/include/rm_serial_driver/uart_transporter.hpp
[1.123s] -- Up-to-date symlink: /home/xinzhu/sentry_ws/install/rm_serial_driver/share/rm_serial_driver/environment/library_path.sh
[1.123s] -- Up-to-date symlink: /home/xinzhu/sentry_ws/install/rm_serial_driver/share/rm_serial_driver/environment/library_path.dsv
[1.123s] -- Up-to-date symlink: /home/xinzhu/sentry_ws/install/rm_serial_driver/lib/librm_serial_driver.so
[1.123s] -- Up-to-date symlink: /home/xinzhu/sentry_ws/install/rm_serial_driver/share/ament_index/resource_index/package_run_dependencies/rm_serial_driver
[1.123s] -- Up-to-date symlink: /home/xinzhu/sentry_ws/install/rm_serial_driver/share/ament_index/resource_index/parent_prefix_path/rm_serial_driver
[1.123s] -- Up-to-date symlink: /home/xinzhu/sentry_ws/install/rm_serial_driver/share/rm_serial_driver/environment/ament_prefix_path.sh
[1.123s] -- Up-to-date symlink: /home/xinzhu/sentry_ws/install/rm_serial_driver/share/rm_serial_driver/environment/ament_prefix_path.dsv
[1.123s] -- Up-to-date symlink: /home/xinzhu/sentry_ws/install/rm_serial_driver/share/rm_serial_driver/environment/path.sh
[1.124s] -- Up-to-date symlink: /home/xinzhu/sentry_ws/install/rm_serial_driver/share/rm_serial_driver/environment/path.dsv
[1.124s] -- Up-to-date symlink: /home/xinzhu/sentry_ws/install/rm_serial_driver/share/rm_serial_driver/local_setup.bash
[1.124s] -- Up-to-date symlink: /home/xinzhu/sentry_ws/install/rm_serial_driver/share/rm_serial_driver/local_setup.sh
[1.124s] -- Up-to-date symlink: /home/xinzhu/sentry_ws/install/rm_serial_driver/share/rm_serial_driver/local_setup.zsh
[1.124s] -- Up-to-date symlink: /home/xinzhu/sentry_ws/install/rm_serial_driver/share/rm_serial_driver/local_setup.dsv
[1.124s] -- Symlinking: /home/xinzhu/sentry_ws/install/rm_serial_driver/share/rm_serial_driver/package.dsv
[1.128s] -- Up-to-date symlink: /home/xinzhu/sentry_ws/install/rm_serial_driver/share/ament_index/resource_index/packages/rm_serial_driver
[1.129s] -- Up-to-date symlink: /home/xinzhu/sentry_ws/install/rm_serial_driver/share/ament_index/resource_index/rclcpp_components/rm_serial_driver
[1.129s] -- Up-to-date symlink: /home/xinzhu/sentry_ws/install/rm_serial_driver/share/rm_serial_driver/cmake/ament_cmake_export_dependencies-extras.cmake
[1.129s] -- Up-to-date symlink: /home/xinzhu/sentry_ws/install/rm_serial_driver/share/rm_serial_driver/cmake/ament_cmake_export_include_directories-extras.cmake
[1.129s] -- Up-to-date symlink: /home/xinzhu/sentry_ws/install/rm_serial_driver/share/rm_serial_driver/cmake/ament_cmake_export_libraries-extras.cmake
[1.129s] -- Up-to-date symlink: /home/xinzhu/sentry_ws/install/rm_serial_driver/share/rm_serial_driver/cmake/rm_serial_driverConfig.cmake
[1.129s] -- Up-to-date symlink: /home/xinzhu/sentry_ws/install/rm_serial_driver/share/rm_serial_driver/cmake/rm_serial_driverConfig-version.cmake
[1.129s] -- Up-to-date symlink: /home/xinzhu/sentry_ws/install/rm_serial_driver/share/rm_serial_driver/package.xml
[1.130s] Invoked command in '/home/xinzhu/sentry_ws/build/rm_serial_driver' returned '0': AMENT_PREFIX_PATH=/home/xinzhu/sentry_ws/install/rm_utils:/home/xinzhu/sentry_ws/install/rm_interfaces:/home/xinzhu/sentry_ws/install/auto_aim_interfaces:${AMENT_PREFIX_PATH} CMAKE_PREFIX_PATH=/home/xinzhu/sentry_ws/install/rm_utils:/home/xinzhu/sentry_ws/install/rm_interfaces:/home/xinzhu/sentry_ws/install/auto_aim_interfaces:/home/xinzhu/Desktop/sentry_ws/install/terrain_analysis_ext:/home/xinzhu/Desktop/sentry_ws/install/terrain_analysis:/home/xinzhu/Desktop/sentry_ws/install/sentry_description:/home/xinzhu/Desktop/sentry_ws/install/sentry_bringup:/home/xinzhu/Desktop/sentry_ws/install/sensor_scan_generation:/home/xinzhu/Desktop/sentry_ws/install/rm_bringup:/home/xinzhu/Desktop/sentry_ws/install/rm_serial_driver:/home/xinzhu/Desktop/sentry_ws/install/rm_camera_driver:/home/xinzhu/Desktop/sentry_ws/install/rm_auto_aim:/home/xinzhu/Desktop/sentry_ws/install/armor_solver:/home/xinzhu/Desktop/sentry_ws/install/armor_detector:/home/xinzhu/Desktop/sentry_ws/install/rm_utils:/home/xinzhu/Desktop/sentry_ws/install/rm_robot_description:/home/xinzhu/Desktop/sentry_ws/install/rm_decision_cpp:/home/xinzhu/Desktop/sentry_ws/install/cmd_chassis:/home/xinzhu/Desktop/sentry_ws/install/rm_interfaces:/home/xinzhu/Desktop/sentry_ws/install/fast_lio:/home/xinzhu/Desktop/sentry_ws/install/livox_ros_driver2:/home/xinzhu/Desktop/sentry_ws/install/icp_relocalization:/home/xinzhu/Desktop/sentry_ws/install/costmap_intensity:/home/xinzhu/Desktop/sentry_ws/install/behaviortree_cpp:/home/xinzhu/Desktop/sentry_ws/install/behavior_ext_plugins:/home/xinzhu/Desktop/sentry_ws/install/auto_aim_interfaces:/home/xinzhu/Desktop/sentry_ws/install/control_panel:/opt/ros/humble LD_LIBRARY_PATH=/home/xinzhu/sentry_ws/install/rm_utils/lib:/home/xinzhu/sentry_ws/install/rm_interfaces/lib:/home/xinzhu/sentry_ws/install/auto_aim_interfaces/lib:${LD_LIBRARY_PATH} PS1=%F{green}%n@%m%f%F{white}:%f%F{blue}%~%f%F{white}$%f PYTHONPATH=/home/xinzhu/sentry_ws/install/rm_interfaces/local/lib/python3.10/dist-packages:/home/xinzhu/sentry_ws/install/auto_aim_interfaces/local/lib/python3.10/dist-packages:${PYTHONPATH} /usr/local/bin/cmake --install /home/xinzhu/sentry_ws/build/rm_serial_driver
