[0.007s] Invoking command in '/home/xinzhu/sentry_ws/build/sentry_description': CMAKE_PREFIX_PATH=${CMAKE_PREFIX_PATH}:/home/xinzhu/Desktop/sentry_ws/install/control_panel:/opt/ros/humble PS1=%F{green}%n@%m%f%F{white}:%f%F{blue}%~%f%F{white}$%f /usr/local/bin/cmake /home/xinzhu/sentry_ws/src/sentry_description -DCMAKE_BUILD_TYPE=Release -DAMENT_CMAKE_SYMLINK_INSTALL=1 -DCMAKE_INSTALL_PREFIX=/home/xinzhu/sentry_ws/install/sentry_description
[0.010s] [0mCMake Deprecation Warning at CMakeLists.txt:1 (cmake_minimum_required):
[0.010s]   Compatibility with CMake < 3.10 will be removed from a future version of
[0.010s]   CMake.
[0.010s] 
[0.010s]   Update the VERSION argument <min> value.  Or, use the <min>...<max> syntax
[0.010s]   to tell CMake that the project requires at least <min> but has been updated
[0.010s]   to work with policies introduced by <max> or earlier.
[0.010s] 
[0.011s] [0m
[0.058s] -- The C compiler identification is GNU 11.4.0
[0.122s] -- The CXX compiler identification is GNU 11.4.0
[0.131s] -- Detecting C compiler ABI info
[0.187s] -- Detecting C compiler ABI info - done
[0.207s] -- Check for working C compiler: /usr/bin/cc - skipped
[0.208s] -- Detecting C compile features
[0.208s] -- Detecting C compile features - done
[0.220s] -- Detecting CXX compiler ABI info
[0.296s] -- Detecting CXX compiler ABI info - done
[0.310s] -- Check for working CXX compiler: /usr/bin/c++ - skipped
[0.310s] -- Detecting CXX compile features
[0.310s] -- Detecting CXX compile features - done
[0.317s] -- Found ament_cmake: 1.3.13 (/opt/ros/humble/share/ament_cmake/cmake)
[0.503s] -- Found Python3: /usr/bin/python3 (found version "3.10.12") found components: Interpreter
[0.700s] -- Override CMake install command with custom implementation using symlinks instead of copying resources
[0.841s] -- Found ament_lint_auto: 0.12.15 (/opt/ros/humble/share/ament_lint_auto/cmake)
[1.124s] -- Added test 'copyright' to check source files copyright and LICENSE
[1.130s] -- Added test 'flake8' to check Python code syntax and style conventions
[1.137s] -- Added test 'lint_cmake' to check CMake code style
[1.144s] -- Added test 'pep257' to check Python code against some of the docstring style conventions in PEP 257
[1.145s] -- Added test 'xmllint' to check XML markup files
[1.146s] -- Configuring done (1.1s)
[1.155s] -- Generating done (0.0s)
[1.159s] -- Build files have been written to: /home/xinzhu/sentry_ws/build/sentry_description
[1.212s] Invoked command in '/home/xinzhu/sentry_ws/build/sentry_description' returned '0': CMAKE_PREFIX_PATH=${CMAKE_PREFIX_PATH}:/home/xinzhu/Desktop/sentry_ws/install/control_panel:/opt/ros/humble PS1=%F{green}%n@%m%f%F{white}:%f%F{blue}%~%f%F{white}$%f /usr/local/bin/cmake /home/xinzhu/sentry_ws/src/sentry_description -DCMAKE_BUILD_TYPE=Release -DAMENT_CMAKE_SYMLINK_INSTALL=1 -DCMAKE_INSTALL_PREFIX=/home/xinzhu/sentry_ws/install/sentry_description
[1.217s] Invoking command in '/home/xinzhu/sentry_ws/build/sentry_description': CMAKE_PREFIX_PATH=${CMAKE_PREFIX_PATH}:/home/xinzhu/Desktop/sentry_ws/install/control_panel:/opt/ros/humble PS1=%F{green}%n@%m%f%F{white}:%f%F{blue}%~%f%F{white}$%f /usr/local/bin/cmake --build /home/xinzhu/sentry_ws/build/sentry_description -- -j16 -l16
[1.274s] Invoked command in '/home/xinzhu/sentry_ws/build/sentry_description' returned '0': CMAKE_PREFIX_PATH=${CMAKE_PREFIX_PATH}:/home/xinzhu/Desktop/sentry_ws/install/control_panel:/opt/ros/humble PS1=%F{green}%n@%m%f%F{white}:%f%F{blue}%~%f%F{white}$%f /usr/local/bin/cmake --build /home/xinzhu/sentry_ws/build/sentry_description -- -j16 -l16
[1.282s] Invoking command in '/home/xinzhu/sentry_ws/build/sentry_description': CMAKE_PREFIX_PATH=${CMAKE_PREFIX_PATH}:/home/xinzhu/Desktop/sentry_ws/install/control_panel:/opt/ros/humble PS1=%F{green}%n@%m%f%F{white}:%f%F{blue}%~%f%F{white}$%f /usr/local/bin/cmake --install /home/xinzhu/sentry_ws/build/sentry_description
[1.288s] -- Install configuration: "Release"
[1.288s] -- Execute custom install script
[1.289s] -- Symlinking: /home/xinzhu/sentry_ws/install/sentry_description/share/sentry_description/launch/view_model.launch.py
[1.300s] -- Symlinking: /home/xinzhu/sentry_ws/install/sentry_description/share/sentry_description/launch/view_model.rviz
[1.312s] -- Symlinking: /home/xinzhu/sentry_ws/install/sentry_description/share/sentry_description/meshes/base_link.STL
[1.321s] -- Symlinking: /home/xinzhu/sentry_ws/install/sentry_description/share/sentry_description/meshes/camera_link.STL
[1.332s] -- Symlinking: /home/xinzhu/sentry_ws/install/sentry_description/share/sentry_description/meshes/gimbal_odom.STL
[1.346s] -- Symlinking: /home/xinzhu/sentry_ws/install/sentry_description/share/sentry_description/meshes/lidar_link.STL
[1.358s] -- Symlinking: /home/xinzhu/sentry_ws/install/sentry_description/share/sentry_description/meshes/pitch_link.STL
[1.378s] -- Symlinking: /home/xinzhu/sentry_ws/install/sentry_description/share/sentry_description/meshes/shoot_link.STL
[1.384s] -- Symlinking: /home/xinzhu/sentry_ws/install/sentry_description/share/sentry_description/meshes/yaw_link.STL
[1.398s] -- Symlinking: /home/xinzhu/sentry_ws/install/sentry_description/share/sentry_description/urdf/sentry_description.urdf
[1.408s] -- Symlinking: /home/xinzhu/sentry_ws/install/sentry_description/share/ament_index/resource_index/package_run_dependencies/sentry_description
[1.415s] -- Symlinking: /home/xinzhu/sentry_ws/install/sentry_description/share/ament_index/resource_index/parent_prefix_path/sentry_description
[1.427s] -- Symlinking: /home/xinzhu/sentry_ws/install/sentry_description/share/sentry_description/environment/ament_prefix_path.sh
[1.435s] -- Symlinking: /home/xinzhu/sentry_ws/install/sentry_description/share/sentry_description/environment/ament_prefix_path.dsv
[1.449s] -- Symlinking: /home/xinzhu/sentry_ws/install/sentry_description/share/sentry_description/environment/path.sh
[1.459s] -- Symlinking: /home/xinzhu/sentry_ws/install/sentry_description/share/sentry_description/environment/path.dsv
[1.469s] -- Symlinking: /home/xinzhu/sentry_ws/install/sentry_description/share/sentry_description/local_setup.bash
[1.480s] -- Symlinking: /home/xinzhu/sentry_ws/install/sentry_description/share/sentry_description/local_setup.sh
[1.495s] -- Symlinking: /home/xinzhu/sentry_ws/install/sentry_description/share/sentry_description/local_setup.zsh
[1.506s] -- Symlinking: /home/xinzhu/sentry_ws/install/sentry_description/share/sentry_description/local_setup.dsv
[1.522s] -- Symlinking: /home/xinzhu/sentry_ws/install/sentry_description/share/sentry_description/package.dsv
[1.533s] -- Symlinking: /home/xinzhu/sentry_ws/install/sentry_description/share/ament_index/resource_index/packages/sentry_description
[1.544s] -- Symlinking: /home/xinzhu/sentry_ws/install/sentry_description/share/sentry_description/cmake/sentry_descriptionConfig.cmake
[1.560s] -- Symlinking: /home/xinzhu/sentry_ws/install/sentry_description/share/sentry_description/cmake/sentry_descriptionConfig-version.cmake
[1.570s] -- Symlinking: /home/xinzhu/sentry_ws/install/sentry_description/share/sentry_description/package.xml
[1.580s] Invoked command in '/home/xinzhu/sentry_ws/build/sentry_description' returned '0': CMAKE_PREFIX_PATH=${CMAKE_PREFIX_PATH}:/home/xinzhu/Desktop/sentry_ws/install/control_panel:/opt/ros/humble PS1=%F{green}%n@%m%f%F{white}:%f%F{blue}%~%f%F{white}$%f /usr/local/bin/cmake --install /home/xinzhu/sentry_ws/build/sentry_description
