-- Found ament_cmake_auto: 1.3.14 (/opt/ros/humble/share/ament_cmake_auto/cmake)
-- Override CMake install command with custom implementation using symlinks instead of copying resources
-- Found rosidl_generator_c: 3.1.8 (/opt/ros/humble/share/rosidl_generator_c/cmake)
-- Found rosidl_adapter: 3.1.8 (/opt/ros/humble/share/rosidl_adapter/cmake)
-- Found rosidl_generator_cpp: 3.1.8 (/opt/ros/humble/share/rosidl_generator_cpp/cmake)
-- Using all available rosidl_typesupport_c: rosidl_typesupport_fastrtps_c;rosidl_typesupport_introspection_c
-- Using all available rosidl_typesupport_cpp: rosidl_typesupport_fastrtps_cpp;rosidl_typesupport_introspection_cpp
-- Found rmw_implementation_cmake: 6.1.2 (/opt/ros/humble/share/rmw_implementation_cmake/cmake)
-- Found rmw_fastrtps_cpp: 6.2.10 (/opt/ros/humble/share/rmw_fastrtps_cpp/cmake)
-- Using RMW implementation 'rmw_fastrtps_cpp' as default
-- Found asio_cmake_module: 1.2.0 (/opt/ros/humble/share/asio_cmake_module/cmake)
-- Found eigen3_cmake_module: 0.1.1 (/opt/ros/humble/share/eigen3_cmake_module/cmake)
-- Ensuring Eigen3 include directory is part of orocos-kdl CMake target
-- Found AMD headers in: /usr/include/suitesparse
-- Found AMD library: /usr/lib/x86_64-linux-gnu/libamd.so
-- Found CAMD headers in: /usr/include/suitesparse
-- Found CAMD library: /usr/lib/x86_64-linux-gnu/libcamd.so
-- Found CCOLAMD headers in: /usr/include/suitesparse
-- Found CCOLAMD library: /usr/lib/x86_64-linux-gnu/libccolamd.so
-- Found CHOLMOD headers in: /usr/include/suitesparse
-- Found CHOLMOD library: /usr/lib/x86_64-linux-gnu/libcholmod.so
-- Found COLAMD headers in: /usr/include/suitesparse
-- Found COLAMD library: /usr/lib/x86_64-linux-gnu/libcolamd.so
-- Found SPQR headers in: /usr/include/suitesparse
-- Found SPQR library: /usr/lib/x86_64-linux-gnu/libspqr.so
-- Found Config headers in: /usr/include/suitesparse
-- Found Config library: /usr/lib/x86_64-linux-gnu/libsuitesparseconfig.so
-- Found Intel Thread Building Blocks (TBB) library (2021.5 / ) include location: . Assuming SuiteSparseQR was compiled with TBB.
-- Adding librt to SuiteSparse_config libraries (required on Linux & Unix [not OSX] if SuiteSparse is compiled with timing).
-- Could NOT find METIS (missing: METIS_INCLUDE_DIR METIS_LIBRARY) 
-- Found ament_lint_auto: 0.12.15 (/opt/ros/humble/share/ament_lint_auto/cmake)
-- Found ament_cmake_gtest: 1.3.14 (/opt/ros/humble/share/ament_cmake_gtest/cmake)
-- Found gtest sources under '/opt/ros/humble/src/gtest_vendor': C++ tests using 'Google Test' will be built
[0mCMake Deprecation Warning at /opt/ros/humble/src/gtest_vendor/CMakeLists.txt:2 (cmake_minimum_required):
  Compatibility with CMake < 3.10 will be removed from a future version of
  CMake.

  Update the VERSION argument <min> value.  Or, use the <min>...<max> syntax
  to tell CMake that the project requires at least <min> but has been updated
  to work with policies introduced by <max> or earlier.

[0m
[0mIn this package, headers install destination is set to `include` by ament_auto_package. It is recommended to install `include/rm_serial_driver` instead and will be the default behavior of ament_auto_package from ROS 2 Kilted Kaiju. On distributions before Kilted, ament_auto_package behaves the same way when you use USE_SCOPED_HEADER_INSTALL_DIR option.[0m
-- Added test 'cppcheck' to perform static code analysis on C / C++ code
-- Configured cppcheck include dirs: /home/xinzhu/sentry_ws/src/rm_hardware_driver/rm_serial_driver/include
-- Configured cppcheck exclude dirs and/or files: 
-- Added test 'lint_cmake' to check CMake code style
-- Added test 'xmllint' to check XML markup files
-- Added test 'clang_format' to check C / C++ code style
-- Configuring done (0.7s)
-- Generating done (0.0s)
-- Build files have been written to: /home/xinzhu/sentry_ws/build/rm_serial_driver
[ 11%] Built target gtest_main
[ 23%] Built target virtual_serial_node
[ 35%] Built target rm_serial_driver_node
[ 47%] Built target gtest
[ 58%] [32mBuilding CXX object CMakeFiles/rm_serial_driver.dir/src/protocol/infantry_protocol.cpp.o[0m
[ 58%] [32mBuilding CXX object CMakeFiles/rm_serial_driver.dir/src/protocol/default_protocol.cpp.o[0m
[ 64%] [32mBuilding CXX object CMakeFiles/rm_serial_driver.dir/src/protocol/sentry_protocol.cpp.o[0m
[ 70%] [32mBuilding CXX object CMakeFiles/rm_serial_driver.dir/src/serial_driver_node.cpp.o[0m
[ 82%] [32mBuilding CXX object CMakeFiles/rm_serial_driver.dir/src/virtual_serial_node.cpp.o[0m
[ 82%] [32mBuilding CXX object CMakeFiles/rm_serial_driver.dir/src/transporter_driver/uart_transporter.cpp.o[0m
[ 88%] [32m[1mLinking CXX shared library librm_serial_driver.so[0m
[ 88%] Built target rm_serial_driver
[ 94%] [32mBuilding CXX object CMakeFiles/test_fixed_packet_tool.dir/test/test_fixed_packet_tool.cpp.o[0m
[100%] [32m[1mLinking CXX executable test_fixed_packet_tool[0m
[100%] Built target test_fixed_packet_tool
-- Install configuration: "Release"
-- Execute custom install script
-- Up-to-date symlink: /home/xinzhu/sentry_ws/install/rm_serial_driver/lib/rm_serial_driver/rm_serial_driver_node
-- Up-to-date symlink: /home/xinzhu/sentry_ws/install/rm_serial_driver/lib/rm_serial_driver/virtual_serial_node
-- Up-to-date symlink: /home/xinzhu/sentry_ws/install/rm_serial_driver/include/rm_serial_driver/fixed_packet.hpp
-- Up-to-date symlink: /home/xinzhu/sentry_ws/install/rm_serial_driver/include/rm_serial_driver/fixed_packet_tool.hpp
-- Up-to-date symlink: /home/xinzhu/sentry_ws/install/rm_serial_driver/include/rm_serial_driver/protocol.hpp
-- Up-to-date symlink: /home/xinzhu/sentry_ws/install/rm_serial_driver/include/rm_serial_driver/protocol/default_protocol.hpp
-- Up-to-date symlink: /home/xinzhu/sentry_ws/install/rm_serial_driver/include/rm_serial_driver/protocol/infantry_protocol.hpp
-- Up-to-date symlink: /home/xinzhu/sentry_ws/install/rm_serial_driver/include/rm_serial_driver/protocol/sentry_protocol.hpp
-- Up-to-date symlink: /home/xinzhu/sentry_ws/install/rm_serial_driver/include/rm_serial_driver/protocol_factory.hpp
-- Up-to-date symlink: /home/xinzhu/sentry_ws/install/rm_serial_driver/include/rm_serial_driver/serial_driver_node.hpp
-- Up-to-date symlink: /home/xinzhu/sentry_ws/install/rm_serial_driver/include/rm_serial_driver/transporter_interface.hpp
-- Up-to-date symlink: /home/xinzhu/sentry_ws/install/rm_serial_driver/include/rm_serial_driver/uart_transporter.hpp
-- Up-to-date symlink: /home/xinzhu/sentry_ws/install/rm_serial_driver/share/rm_serial_driver/environment/library_path.sh
-- Up-to-date symlink: /home/xinzhu/sentry_ws/install/rm_serial_driver/share/rm_serial_driver/environment/library_path.dsv
-- Up-to-date symlink: /home/xinzhu/sentry_ws/install/rm_serial_driver/lib/librm_serial_driver.so
-- Up-to-date symlink: /home/xinzhu/sentry_ws/install/rm_serial_driver/share/ament_index/resource_index/package_run_dependencies/rm_serial_driver
-- Up-to-date symlink: /home/xinzhu/sentry_ws/install/rm_serial_driver/share/ament_index/resource_index/parent_prefix_path/rm_serial_driver
-- Up-to-date symlink: /home/xinzhu/sentry_ws/install/rm_serial_driver/share/rm_serial_driver/environment/ament_prefix_path.sh
-- Up-to-date symlink: /home/xinzhu/sentry_ws/install/rm_serial_driver/share/rm_serial_driver/environment/ament_prefix_path.dsv
-- Up-to-date symlink: /home/xinzhu/sentry_ws/install/rm_serial_driver/share/rm_serial_driver/environment/path.sh
-- Up-to-date symlink: /home/xinzhu/sentry_ws/install/rm_serial_driver/share/rm_serial_driver/environment/path.dsv
-- Up-to-date symlink: /home/xinzhu/sentry_ws/install/rm_serial_driver/share/rm_serial_driver/local_setup.bash
-- Up-to-date symlink: /home/xinzhu/sentry_ws/install/rm_serial_driver/share/rm_serial_driver/local_setup.sh
-- Up-to-date symlink: /home/xinzhu/sentry_ws/install/rm_serial_driver/share/rm_serial_driver/local_setup.zsh
-- Up-to-date symlink: /home/xinzhu/sentry_ws/install/rm_serial_driver/share/rm_serial_driver/local_setup.dsv
-- Symlinking: /home/xinzhu/sentry_ws/install/rm_serial_driver/share/rm_serial_driver/package.dsv
-- Up-to-date symlink: /home/xinzhu/sentry_ws/install/rm_serial_driver/share/ament_index/resource_index/packages/rm_serial_driver
-- Up-to-date symlink: /home/xinzhu/sentry_ws/install/rm_serial_driver/share/ament_index/resource_index/rclcpp_components/rm_serial_driver
-- Up-to-date symlink: /home/xinzhu/sentry_ws/install/rm_serial_driver/share/rm_serial_driver/cmake/ament_cmake_export_dependencies-extras.cmake
-- Up-to-date symlink: /home/xinzhu/sentry_ws/install/rm_serial_driver/share/rm_serial_driver/cmake/ament_cmake_export_include_directories-extras.cmake
-- Up-to-date symlink: /home/xinzhu/sentry_ws/install/rm_serial_driver/share/rm_serial_driver/cmake/ament_cmake_export_libraries-extras.cmake
-- Up-to-date symlink: /home/xinzhu/sentry_ws/install/rm_serial_driver/share/rm_serial_driver/cmake/rm_serial_driverConfig.cmake
-- Up-to-date symlink: /home/xinzhu/sentry_ws/install/rm_serial_driver/share/rm_serial_driver/cmake/rm_serial_driverConfig-version.cmake
-- Up-to-date symlink: /home/xinzhu/sentry_ws/install/rm_serial_driver/share/rm_serial_driver/package.xml
