[0.015s] Invoking command in '/home/xinzhu/sentry_ws/build/rm_serial_driver': AMENT_PREFIX_PATH=/home/xinzhu/sentry_ws/install/rm_utils:/home/xinzhu/sentry_ws/install/rm_interfaces:/home/xinzhu/sentry_ws/install/auto_aim_interfaces:${AMENT_PREFIX_PATH} CMAKE_PREFIX_PATH=/home/xinzhu/sentry_ws/install/rm_utils:/home/xinzhu/sentry_ws/install/rm_interfaces:/home/xinzhu/sentry_ws/install/auto_aim_interfaces:/home/xinzhu/Desktop/sentry_ws/install/sentry_description:/home/xinzhu/Desktop/sentry_ws/install/sentry_bringup:/home/xinzhu/Desktop/sentry_ws/install/sensor_scan_generation:/home/xinzhu/Desktop/sentry_ws/install/rm_rune:/home/xinzhu/Desktop/sentry_ws/install/rune_solver:/home/xinzhu/Desktop/sentry_ws/install/rune_detector:/home/xinzhu/Desktop/sentry_ws/install/rm_serial_driver:/home/xinzhu/Desktop/sentry_ws/install/rm_auto_aim:/home/xinzhu/Desktop/sentry_ws/install/armor_solver:/home/xinzhu/Desktop/sentry_ws/install/armor_detector:/home/xinzhu/Desktop/sentry_ws/install/rm_utils:/home/xinzhu/Desktop/sentry_ws/install/rm_robot_description:/home/xinzhu/Desktop/sentry_ws/install/rm_interfaces:/home/xinzhu/Desktop/sentry_ws/install/livox_ros_driver2:/home/xinzhu/Desktop/sentry_ws/install/costmap_intensity:/home/xinzhu/Desktop/sentry_ws/install/behavior_ext_plugins:/home/xinzhu/Desktop/sentry_ws/install/auto_aim_interfaces:/home/xinzhu/Desktop/sentry_ws/install/control_panel:/opt/ros/humble LD_LIBRARY_PATH=/home/xinzhu/sentry_ws/install/rm_utils/lib:/home/xinzhu/sentry_ws/install/rm_interfaces/lib:/home/xinzhu/sentry_ws/install/auto_aim_interfaces/lib:${LD_LIBRARY_PATH} PS1=%F{green}%n@%m%f%F{white}:%f%F{blue}%~%f%F{white}$%f PYTHONPATH=/home/xinzhu/sentry_ws/install/rm_interfaces/local/lib/python3.10/dist-packages:/home/xinzhu/sentry_ws/install/auto_aim_interfaces/local/lib/python3.10/dist-packages:${PYTHONPATH} /usr/local/bin/cmake --build /home/xinzhu/sentry_ws/build/rm_serial_driver -- -j16 -l16
[0.032s] -- Found ament_cmake_auto: 1.3.14 (/opt/ros/humble/share/ament_cmake_auto/cmake)
[0.171s] -- Override CMake install command with custom implementation using symlinks instead of copying resources
[0.239s] -- Found rosidl_generator_c: 3.1.8 (/opt/ros/humble/share/rosidl_generator_c/cmake)
[0.241s] -- Found rosidl_adapter: 3.1.8 (/opt/ros/humble/share/rosidl_adapter/cmake)
[0.245s] -- Found rosidl_generator_cpp: 3.1.8 (/opt/ros/humble/share/rosidl_generator_cpp/cmake)
[0.251s] -- Using all available rosidl_typesupport_c: rosidl_typesupport_fastrtps_c;rosidl_typesupport_introspection_c
[0.259s] -- Using all available rosidl_typesupport_cpp: rosidl_typesupport_fastrtps_cpp;rosidl_typesupport_introspection_cpp
[0.282s] -- Found rmw_implementation_cmake: 6.1.2 (/opt/ros/humble/share/rmw_implementation_cmake/cmake)
[0.283s] -- Found rmw_fastrtps_cpp: 6.2.10 (/opt/ros/humble/share/rmw_fastrtps_cpp/cmake)
[0.367s] -- Using RMW implementation 'rmw_fastrtps_cpp' as default
[0.433s] -- Found asio_cmake_module: 1.2.0 (/opt/ros/humble/share/asio_cmake_module/cmake)
[0.516s] -- Found eigen3_cmake_module: 0.1.1 (/opt/ros/humble/share/eigen3_cmake_module/cmake)
[0.516s] -- Ensuring Eigen3 include directory is part of orocos-kdl CMake target
[0.707s] -- Found AMD headers in: /usr/include/suitesparse
[0.707s] -- Found AMD library: /usr/lib/x86_64-linux-gnu/libamd.so
[0.707s] -- Found CAMD headers in: /usr/include/suitesparse
[0.707s] -- Found CAMD library: /usr/lib/x86_64-linux-gnu/libcamd.so
[0.707s] -- Found CCOLAMD headers in: /usr/include/suitesparse
[0.707s] -- Found CCOLAMD library: /usr/lib/x86_64-linux-gnu/libccolamd.so
[0.707s] -- Found CHOLMOD headers in: /usr/include/suitesparse
[0.707s] -- Found CHOLMOD library: /usr/lib/x86_64-linux-gnu/libcholmod.so
[0.707s] -- Found COLAMD headers in: /usr/include/suitesparse
[0.707s] -- Found COLAMD library: /usr/lib/x86_64-linux-gnu/libcolamd.so
[0.707s] -- Found SPQR headers in: /usr/include/suitesparse
[0.708s] -- Found SPQR library: /usr/lib/x86_64-linux-gnu/libspqr.so
[0.708s] -- Found Config headers in: /usr/include/suitesparse
[0.708s] -- Found Config library: /usr/lib/x86_64-linux-gnu/libsuitesparseconfig.so
[0.708s] -- Found Intel Thread Building Blocks (TBB) library (2021.5 / ) include location: . Assuming SuiteSparseQR was compiled with TBB.
[0.708s] -- Adding librt to SuiteSparse_config libraries (required on Linux & Unix [not OSX] if SuiteSparse is compiled with timing).
[0.712s] -- Could NOT find METIS (missing: METIS_INCLUDE_DIR METIS_LIBRARY) 
[0.748s] -- Found ament_lint_auto: 0.12.15 (/opt/ros/humble/share/ament_lint_auto/cmake)
[0.752s] -- Found ament_cmake_gtest: 1.3.14 (/opt/ros/humble/share/ament_cmake_gtest/cmake)
[0.753s] -- Found gtest sources under '/opt/ros/humble/src/gtest_vendor': C++ tests using 'Google Test' will be built
[0.754s] [0mCMake Deprecation Warning at /opt/ros/humble/src/gtest_vendor/CMakeLists.txt:2 (cmake_minimum_required):
[0.754s]   Compatibility with CMake < 3.10 will be removed from a future version of
[0.754s]   CMake.
[0.754s] 
[0.755s]   Update the VERSION argument <min> value.  Or, use the <min>...<max> syntax
[0.755s]   to tell CMake that the project requires at least <min> but has been updated
[0.755s]   to work with policies introduced by <max> or earlier.
[0.755s] 
[0.755s] [0m
[0.757s] [0mIn this package, headers install destination is set to `include` by ament_auto_package. It is recommended to install `include/rm_serial_driver` instead and will be the default behavior of ament_auto_package from ROS 2 Kilted Kaiju. On distributions before Kilted, ament_auto_package behaves the same way when you use USE_SCOPED_HEADER_INSTALL_DIR option.[0m
[0.771s] -- Added test 'cppcheck' to perform static code analysis on C / C++ code
[0.771s] -- Configured cppcheck include dirs: /home/xinzhu/sentry_ws/src/rm_hardware_driver/rm_serial_driver/include
[0.771s] -- Configured cppcheck exclude dirs and/or files: 
[0.772s] -- Added test 'lint_cmake' to check CMake code style
[0.772s] -- Added test 'xmllint' to check XML markup files
[0.773s] -- Added test 'clang_format' to check C / C++ code style
[0.775s] -- Configuring done (0.7s)
[0.823s] -- Generating done (0.0s)
[0.829s] -- Build files have been written to: /home/xinzhu/sentry_ws/build/rm_serial_driver
[0.853s] [ 11%] Built target gtest_main
[0.857s] [ 23%] Built target virtual_serial_node
[0.859s] [ 35%] Built target rm_serial_driver_node
[0.864s] [ 47%] Built target gtest
[0.886s] [ 58%] [32mBuilding CXX object CMakeFiles/rm_serial_driver.dir/src/protocol/infantry_protocol.cpp.o[0m
[0.887s] [ 58%] [32mBuilding CXX object CMakeFiles/rm_serial_driver.dir/src/protocol/default_protocol.cpp.o[0m
[0.887s] [ 64%] [32mBuilding CXX object CMakeFiles/rm_serial_driver.dir/src/protocol/sentry_protocol.cpp.o[0m
[0.888s] [ 70%] [32mBuilding CXX object CMakeFiles/rm_serial_driver.dir/src/serial_driver_node.cpp.o[0m
[0.888s] [ 82%] [32mBuilding CXX object CMakeFiles/rm_serial_driver.dir/src/virtual_serial_node.cpp.o[0m
[0.888s] [ 82%] [32mBuilding CXX object CMakeFiles/rm_serial_driver.dir/src/transporter_driver/uart_transporter.cpp.o[0m
[16.942s] [ 88%] [32m[1mLinking CXX shared library librm_serial_driver.so[0m
[17.182s] [ 88%] Built target rm_serial_driver
[17.194s] [ 94%] [32mBuilding CXX object CMakeFiles/test_fixed_packet_tool.dir/test/test_fixed_packet_tool.cpp.o[0m
[19.583s] [100%] [32m[1mLinking CXX executable test_fixed_packet_tool[0m
[19.695s] [100%] Built target test_fixed_packet_tool
[19.699s] Invoked command in '/home/xinzhu/sentry_ws/build/rm_serial_driver' returned '0': AMENT_PREFIX_PATH=/home/xinzhu/sentry_ws/install/rm_utils:/home/xinzhu/sentry_ws/install/rm_interfaces:/home/xinzhu/sentry_ws/install/auto_aim_interfaces:${AMENT_PREFIX_PATH} CMAKE_PREFIX_PATH=/home/xinzhu/sentry_ws/install/rm_utils:/home/xinzhu/sentry_ws/install/rm_interfaces:/home/xinzhu/sentry_ws/install/auto_aim_interfaces:/home/xinzhu/Desktop/sentry_ws/install/sentry_description:/home/xinzhu/Desktop/sentry_ws/install/sentry_bringup:/home/xinzhu/Desktop/sentry_ws/install/sensor_scan_generation:/home/xinzhu/Desktop/sentry_ws/install/rm_rune:/home/xinzhu/Desktop/sentry_ws/install/rune_solver:/home/xinzhu/Desktop/sentry_ws/install/rune_detector:/home/xinzhu/Desktop/sentry_ws/install/rm_serial_driver:/home/xinzhu/Desktop/sentry_ws/install/rm_auto_aim:/home/xinzhu/Desktop/sentry_ws/install/armor_solver:/home/xinzhu/Desktop/sentry_ws/install/armor_detector:/home/xinzhu/Desktop/sentry_ws/install/rm_utils:/home/xinzhu/Desktop/sentry_ws/install/rm_robot_description:/home/xinzhu/Desktop/sentry_ws/install/rm_interfaces:/home/xinzhu/Desktop/sentry_ws/install/livox_ros_driver2:/home/xinzhu/Desktop/sentry_ws/install/costmap_intensity:/home/xinzhu/Desktop/sentry_ws/install/behavior_ext_plugins:/home/xinzhu/Desktop/sentry_ws/install/auto_aim_interfaces:/home/xinzhu/Desktop/sentry_ws/install/control_panel:/opt/ros/humble LD_LIBRARY_PATH=/home/xinzhu/sentry_ws/install/rm_utils/lib:/home/xinzhu/sentry_ws/install/rm_interfaces/lib:/home/xinzhu/sentry_ws/install/auto_aim_interfaces/lib:${LD_LIBRARY_PATH} PS1=%F{green}%n@%m%f%F{white}:%f%F{blue}%~%f%F{white}$%f PYTHONPATH=/home/xinzhu/sentry_ws/install/rm_interfaces/local/lib/python3.10/dist-packages:/home/xinzhu/sentry_ws/install/auto_aim_interfaces/local/lib/python3.10/dist-packages:${PYTHONPATH} /usr/local/bin/cmake --build /home/xinzhu/sentry_ws/build/rm_serial_driver -- -j16 -l16
[19.704s] Invoking command in '/home/xinzhu/sentry_ws/build/rm_serial_driver': AMENT_PREFIX_PATH=/home/xinzhu/sentry_ws/install/rm_utils:/home/xinzhu/sentry_ws/install/rm_interfaces:/home/xinzhu/sentry_ws/install/auto_aim_interfaces:${AMENT_PREFIX_PATH} CMAKE_PREFIX_PATH=/home/xinzhu/sentry_ws/install/rm_utils:/home/xinzhu/sentry_ws/install/rm_interfaces:/home/xinzhu/sentry_ws/install/auto_aim_interfaces:/home/xinzhu/Desktop/sentry_ws/install/sentry_description:/home/xinzhu/Desktop/sentry_ws/install/sentry_bringup:/home/xinzhu/Desktop/sentry_ws/install/sensor_scan_generation:/home/xinzhu/Desktop/sentry_ws/install/rm_rune:/home/xinzhu/Desktop/sentry_ws/install/rune_solver:/home/xinzhu/Desktop/sentry_ws/install/rune_detector:/home/xinzhu/Desktop/sentry_ws/install/rm_serial_driver:/home/xinzhu/Desktop/sentry_ws/install/rm_auto_aim:/home/xinzhu/Desktop/sentry_ws/install/armor_solver:/home/xinzhu/Desktop/sentry_ws/install/armor_detector:/home/xinzhu/Desktop/sentry_ws/install/rm_utils:/home/xinzhu/Desktop/sentry_ws/install/rm_robot_description:/home/xinzhu/Desktop/sentry_ws/install/rm_interfaces:/home/xinzhu/Desktop/sentry_ws/install/livox_ros_driver2:/home/xinzhu/Desktop/sentry_ws/install/costmap_intensity:/home/xinzhu/Desktop/sentry_ws/install/behavior_ext_plugins:/home/xinzhu/Desktop/sentry_ws/install/auto_aim_interfaces:/home/xinzhu/Desktop/sentry_ws/install/control_panel:/opt/ros/humble LD_LIBRARY_PATH=/home/xinzhu/sentry_ws/install/rm_utils/lib:/home/xinzhu/sentry_ws/install/rm_interfaces/lib:/home/xinzhu/sentry_ws/install/auto_aim_interfaces/lib:${LD_LIBRARY_PATH} PS1=%F{green}%n@%m%f%F{white}:%f%F{blue}%~%f%F{white}$%f PYTHONPATH=/home/xinzhu/sentry_ws/install/rm_interfaces/local/lib/python3.10/dist-packages:/home/xinzhu/sentry_ws/install/auto_aim_interfaces/local/lib/python3.10/dist-packages:${PYTHONPATH} /usr/local/bin/cmake --install /home/xinzhu/sentry_ws/build/rm_serial_driver
[19.706s] -- Install configuration: "Release"
[19.706s] -- Execute custom install script
[19.706s] -- Up-to-date symlink: /home/xinzhu/sentry_ws/install/rm_serial_driver/lib/rm_serial_driver/rm_serial_driver_node
[19.706s] -- Up-to-date symlink: /home/xinzhu/sentry_ws/install/rm_serial_driver/lib/rm_serial_driver/virtual_serial_node
[19.706s] -- Up-to-date symlink: /home/xinzhu/sentry_ws/install/rm_serial_driver/include/rm_serial_driver/fixed_packet.hpp
[19.707s] -- Up-to-date symlink: /home/xinzhu/sentry_ws/install/rm_serial_driver/include/rm_serial_driver/fixed_packet_tool.hpp
[19.707s] -- Up-to-date symlink: /home/xinzhu/sentry_ws/install/rm_serial_driver/include/rm_serial_driver/protocol.hpp
[19.707s] -- Up-to-date symlink: /home/xinzhu/sentry_ws/install/rm_serial_driver/include/rm_serial_driver/protocol/default_protocol.hpp
[19.707s] -- Up-to-date symlink: /home/xinzhu/sentry_ws/install/rm_serial_driver/include/rm_serial_driver/protocol/infantry_protocol.hpp
[19.707s] -- Up-to-date symlink: /home/xinzhu/sentry_ws/install/rm_serial_driver/include/rm_serial_driver/protocol/sentry_protocol.hpp
[19.707s] -- Up-to-date symlink: /home/xinzhu/sentry_ws/install/rm_serial_driver/include/rm_serial_driver/protocol_factory.hpp
[19.707s] -- Up-to-date symlink: /home/xinzhu/sentry_ws/install/rm_serial_driver/include/rm_serial_driver/serial_driver_node.hpp
[19.707s] -- Up-to-date symlink: /home/xinzhu/sentry_ws/install/rm_serial_driver/include/rm_serial_driver/transporter_interface.hpp
[19.707s] -- Up-to-date symlink: /home/xinzhu/sentry_ws/install/rm_serial_driver/include/rm_serial_driver/uart_transporter.hpp
[19.707s] -- Up-to-date symlink: /home/xinzhu/sentry_ws/install/rm_serial_driver/share/rm_serial_driver/environment/library_path.sh
[19.707s] -- Up-to-date symlink: /home/xinzhu/sentry_ws/install/rm_serial_driver/share/rm_serial_driver/environment/library_path.dsv
[19.707s] -- Up-to-date symlink: /home/xinzhu/sentry_ws/install/rm_serial_driver/lib/librm_serial_driver.so
[19.707s] -- Up-to-date symlink: /home/xinzhu/sentry_ws/install/rm_serial_driver/share/ament_index/resource_index/package_run_dependencies/rm_serial_driver
[19.707s] -- Up-to-date symlink: /home/xinzhu/sentry_ws/install/rm_serial_driver/share/ament_index/resource_index/parent_prefix_path/rm_serial_driver
[19.708s] -- Up-to-date symlink: /home/xinzhu/sentry_ws/install/rm_serial_driver/share/rm_serial_driver/environment/ament_prefix_path.sh
[19.708s] -- Up-to-date symlink: /home/xinzhu/sentry_ws/install/rm_serial_driver/share/rm_serial_driver/environment/ament_prefix_path.dsv
[19.708s] -- Up-to-date symlink: /home/xinzhu/sentry_ws/install/rm_serial_driver/share/rm_serial_driver/environment/path.sh
[19.708s] -- Up-to-date symlink: /home/xinzhu/sentry_ws/install/rm_serial_driver/share/rm_serial_driver/environment/path.dsv
[19.708s] -- Up-to-date symlink: /home/xinzhu/sentry_ws/install/rm_serial_driver/share/rm_serial_driver/local_setup.bash
[19.708s] -- Up-to-date symlink: /home/xinzhu/sentry_ws/install/rm_serial_driver/share/rm_serial_driver/local_setup.sh
[19.708s] -- Up-to-date symlink: /home/xinzhu/sentry_ws/install/rm_serial_driver/share/rm_serial_driver/local_setup.zsh
[19.708s] -- Up-to-date symlink: /home/xinzhu/sentry_ws/install/rm_serial_driver/share/rm_serial_driver/local_setup.dsv
[19.708s] -- Symlinking: /home/xinzhu/sentry_ws/install/rm_serial_driver/share/rm_serial_driver/package.dsv
[19.711s] -- Up-to-date symlink: /home/xinzhu/sentry_ws/install/rm_serial_driver/share/ament_index/resource_index/packages/rm_serial_driver
[19.712s] -- Up-to-date symlink: /home/xinzhu/sentry_ws/install/rm_serial_driver/share/ament_index/resource_index/rclcpp_components/rm_serial_driver
[19.712s] -- Up-to-date symlink: /home/xinzhu/sentry_ws/install/rm_serial_driver/share/rm_serial_driver/cmake/ament_cmake_export_dependencies-extras.cmake
[19.712s] -- Up-to-date symlink: /home/xinzhu/sentry_ws/install/rm_serial_driver/share/rm_serial_driver/cmake/ament_cmake_export_include_directories-extras.cmake
[19.712s] -- Up-to-date symlink: /home/xinzhu/sentry_ws/install/rm_serial_driver/share/rm_serial_driver/cmake/ament_cmake_export_libraries-extras.cmake
[19.712s] -- Up-to-date symlink: /home/xinzhu/sentry_ws/install/rm_serial_driver/share/rm_serial_driver/cmake/rm_serial_driverConfig.cmake
[19.712s] -- Up-to-date symlink: /home/xinzhu/sentry_ws/install/rm_serial_driver/share/rm_serial_driver/cmake/rm_serial_driverConfig-version.cmake
[19.712s] -- Up-to-date symlink: /home/xinzhu/sentry_ws/install/rm_serial_driver/share/rm_serial_driver/package.xml
[19.713s] Invoked command in '/home/xinzhu/sentry_ws/build/rm_serial_driver' returned '0': AMENT_PREFIX_PATH=/home/xinzhu/sentry_ws/install/rm_utils:/home/xinzhu/sentry_ws/install/rm_interfaces:/home/xinzhu/sentry_ws/install/auto_aim_interfaces:${AMENT_PREFIX_PATH} CMAKE_PREFIX_PATH=/home/xinzhu/sentry_ws/install/rm_utils:/home/xinzhu/sentry_ws/install/rm_interfaces:/home/xinzhu/sentry_ws/install/auto_aim_interfaces:/home/xinzhu/Desktop/sentry_ws/install/sentry_description:/home/xinzhu/Desktop/sentry_ws/install/sentry_bringup:/home/xinzhu/Desktop/sentry_ws/install/sensor_scan_generation:/home/xinzhu/Desktop/sentry_ws/install/rm_rune:/home/xinzhu/Desktop/sentry_ws/install/rune_solver:/home/xinzhu/Desktop/sentry_ws/install/rune_detector:/home/xinzhu/Desktop/sentry_ws/install/rm_serial_driver:/home/xinzhu/Desktop/sentry_ws/install/rm_auto_aim:/home/xinzhu/Desktop/sentry_ws/install/armor_solver:/home/xinzhu/Desktop/sentry_ws/install/armor_detector:/home/xinzhu/Desktop/sentry_ws/install/rm_utils:/home/xinzhu/Desktop/sentry_ws/install/rm_robot_description:/home/xinzhu/Desktop/sentry_ws/install/rm_interfaces:/home/xinzhu/Desktop/sentry_ws/install/livox_ros_driver2:/home/xinzhu/Desktop/sentry_ws/install/costmap_intensity:/home/xinzhu/Desktop/sentry_ws/install/behavior_ext_plugins:/home/xinzhu/Desktop/sentry_ws/install/auto_aim_interfaces:/home/xinzhu/Desktop/sentry_ws/install/control_panel:/opt/ros/humble LD_LIBRARY_PATH=/home/xinzhu/sentry_ws/install/rm_utils/lib:/home/xinzhu/sentry_ws/install/rm_interfaces/lib:/home/xinzhu/sentry_ws/install/auto_aim_interfaces/lib:${LD_LIBRARY_PATH} PS1=%F{green}%n@%m%f%F{white}:%f%F{blue}%~%f%F{white}$%f PYTHONPATH=/home/xinzhu/sentry_ws/install/rm_interfaces/local/lib/python3.10/dist-packages:/home/xinzhu/sentry_ws/install/auto_aim_interfaces/local/lib/python3.10/dist-packages:${PYTHONPATH} /usr/local/bin/cmake --install /home/xinzhu/sentry_ws/build/rm_serial_driver
