[0.049s] Invoking command in '/home/xinzhu/sentry_ws/build/livox_ros_driver2': CMAKE_PREFIX_PATH=${CMAKE_PREFIX_PATH}:/home/xinzhu/Desktop/sentry_ws/install/control_panel:/opt/ros/humble PS1=%F{green}%n@%m%f%F{white}:%f%F{blue}%~%f%F{white}$%f /usr/local/bin/cmake /home/xinzhu/sentry_ws/src/livox_ros_driver2 -DAMENT_CMAKE_SYMLINK_INSTALL=1 -DCMAKE_INSTALL_PREFIX=/home/xinzhu/sentry_ws/install/livox_ros_driver2
[0.270s] -- livox_ros_driver2 version: 1.0.0
[0.271s] -- Found ament_cmake_auto: 1.3.13 (/opt/ros/humble/share/ament_cmake_auto/cmake)
[0.271s] -- Override CMake install command with custom implementation using symlinks instead of copying resources
[0.297s] -- Using all available rosidl_typesupport_c: rosidl_typesupport_fastrtps_c;rosidl_typesupport_introspection_c
[0.300s] -- Found rosidl_adapter: 3.1.8 (/opt/ros/humble/share/rosidl_adapter/cmake)
[0.346s] -- Using all available rosidl_typesupport_cpp: rosidl_typesupport_fastrtps_cpp;rosidl_typesupport_introspection_cpp
[0.446s] -- Found rmw_implementation_cmake: 6.1.2 (/opt/ros/humble/share/rmw_implementation_cmake/cmake)
[0.449s] -- Found rmw_fastrtps_cpp: 6.2.10 (/opt/ros/humble/share/rmw_fastrtps_cpp/cmake)
[0.614s] -- Using RMW implementation 'rmw_fastrtps_cpp' as default
[0.849s] [33mCMake Warning (dev) at /usr/lib/x86_64-linux-gnu/cmake/pcl/PCLConfig.cmake:146 (find_package):
[0.849s]   Policy CMP0144 is not set: find_package uses upper-case <PACKAGENAME>_ROOT
[0.849s]   variables.  Run "cmake --help-policy CMP0144" for policy details.  Use the
[0.850s]   cmake_policy command to set the policy and suppress this warning.
[0.850s] 
[0.850s]   CMake variable EIGEN_ROOT is set to:
[0.850s] 
[0.850s]     /usr/include/eigen3
[0.850s] 
[0.850s]   For compatibility, find_package is ignoring the variable, but code in a
[0.850s]   .cmake module might still use it.
[0.850s] Call Stack (most recent call first):
[0.850s]   /usr/lib/x86_64-linux-gnu/cmake/pcl/PCLConfig.cmake:299 (find_eigen)
[0.850s]   /usr/lib/x86_64-linux-gnu/cmake/pcl/PCLConfig.cmake:543 (find_external_library)
[0.850s]   /opt/ros/humble/share/pcl_conversions/cmake/ament_cmake_export_dependencies-extras.cmake:21 (find_package)
[0.850s]   /opt/ros/humble/share/pcl_conversions/cmake/pcl_conversionsConfig.cmake:41 (include)
[0.850s]   /opt/ros/humble/share/ament_cmake_auto/cmake/ament_auto_find_build_dependencies.cmake:67 (find_package)
[0.850s]   CMakeLists.txt:234 (ament_auto_find_build_dependencies)
[0.850s] This warning is for project developers.  Use -Wno-dev to suppress it.
[0.850s] [0m
[0.859s] -- Eigen found (include: /usr/include/eigen3, version: 3.4.0)
[0.859s] [33mCMake Warning (dev) at /usr/lib/x86_64-linux-gnu/cmake/pcl/PCLConfig.cmake:128 (find_package):
[0.859s]   Policy CMP0167 is not set: The FindBoost module is removed.  Run "cmake
[0.860s]   --help-policy CMP0167" for policy details.  Use the cmake_policy command to
[0.860s]   set the policy and suppress this warning.
[0.860s] 
[0.860s] Call Stack (most recent call first):
[0.860s]   /usr/lib/x86_64-linux-gnu/cmake/pcl/PCLConfig.cmake:297 (find_boost)
[0.860s]   /usr/lib/x86_64-linux-gnu/cmake/pcl/PCLConfig.cmake:543 (find_external_library)
[0.860s]   /opt/ros/humble/share/pcl_conversions/cmake/ament_cmake_export_dependencies-extras.cmake:21 (find_package)
[0.860s]   /opt/ros/humble/share/pcl_conversions/cmake/pcl_conversionsConfig.cmake:41 (include)
[0.860s]   /opt/ros/humble/share/ament_cmake_auto/cmake/ament_auto_find_build_dependencies.cmake:67 (find_package)
[0.860s]   CMakeLists.txt:234 (ament_auto_find_build_dependencies)
[0.861s] This warning is for project developers.  Use -Wno-dev to suppress it.
[0.861s] [0m
[0.879s] [33mCMake Warning (dev) at /usr/lib/x86_64-linux-gnu/cmake/pcl/Modules/FindFLANN.cmake:44 (find_package):
[0.879s]   Policy CMP0144 is not set: find_package uses upper-case <PACKAGENAME>_ROOT
[0.879s]   variables.  Run "cmake --help-policy CMP0144" for policy details.  Use the
[0.879s]   cmake_policy command to set the policy and suppress this warning.
[0.879s] 
[0.879s]   CMake variable FLANN_ROOT is set to:
[0.879s] 
[0.879s]     /usr
[0.879s] 
[0.880s]   For compatibility, find_package is ignoring the variable, but code in a
[0.880s]   .cmake module might still use it.
[0.880s] Call Stack (most recent call first):
[0.880s]   /usr/lib/x86_64-linux-gnu/cmake/pcl/PCLConfig.cmake:256 (find_package)
[0.880s]   /usr/lib/x86_64-linux-gnu/cmake/pcl/PCLConfig.cmake:301 (find_flann)
[0.880s]   /usr/lib/x86_64-linux-gnu/cmake/pcl/PCLConfig.cmake:543 (find_external_library)
[0.880s]   /opt/ros/humble/share/pcl_conversions/cmake/ament_cmake_export_dependencies-extras.cmake:21 (find_package)
[0.880s]   /opt/ros/humble/share/pcl_conversions/cmake/pcl_conversionsConfig.cmake:41 (include)
[0.880s]   /opt/ros/humble/share/ament_cmake_auto/cmake/ament_auto_find_build_dependencies.cmake:67 (find_package)
[0.880s]   CMakeLists.txt:234 (ament_auto_find_build_dependencies)
[0.880s] This warning is for project developers.  Use -Wno-dev to suppress it.
[0.880s] [0m
[0.903s] -- FLANN found (include: /usr/include, lib: /usr/lib/x86_64-linux-gnu/libflann_cpp.so)
[1.436s] -- OpenNI found (version: 1.5.4.0, include: /usr/include/ni, lib: /usr/lib/libOpenNI.so;libusb::libusb)
[1.443s] -- OpenNI2 found (version: 2.2.0.33, include: /usr/include/openni2, lib: /usr/lib/x86_64-linux-gnu/libOpenNI2.so;libusb::libusb)
[1.731s] [33mCMake Warning (dev) at /usr/lib/x86_64-linux-gnu/cmake/pcl/PCLConfig.cmake:128 (find_package):
[1.731s]   Policy CMP0167 is not set: The FindBoost module is removed.  Run "cmake
[1.731s]   --help-policy CMP0167" for policy details.  Use the cmake_policy command to
[1.731s]   set the policy and suppress this warning.
[1.731s] 
[1.731s] Call Stack (most recent call first):
[1.731s]   /usr/lib/x86_64-linux-gnu/cmake/pcl/PCLConfig.cmake:297 (find_boost)
[1.731s]   /usr/lib/x86_64-linux-gnu/cmake/pcl/PCLConfig.cmake:543 (find_external_library)
[1.731s]   /opt/ros/humble/share/pcl_conversions/cmake/ament_cmake_export_dependencies-extras.cmake:21 (find_package)
[1.731s]   /opt/ros/humble/share/pcl_conversions/cmake/pcl_conversionsConfig.cmake:41 (include)
[1.731s]   /opt/ros/humble/share/ament_cmake_auto/cmake/ament_auto_find_build_dependencies.cmake:67 (find_package)
[1.731s]   CMakeLists.txt:234 (ament_auto_find_build_dependencies)
[1.731s] This warning is for project developers.  Use -Wno-dev to suppress it.
[1.731s] [0m
[1.745s] -- Eigen found (include: /usr/include/eigen3, version: 3.4.0)
[1.751s] -- OpenNI found (version: 1.5.4.0, include: /usr/include/ni, lib: /usr/lib/libOpenNI.so;libusb::libusb)
[1.757s] -- OpenNI2 found (version: 2.2.0.33, include: /usr/include/openni2, lib: /usr/lib/x86_64-linux-gnu/libOpenNI2.so;libusb::libusb)
[1.986s] -- Found Qhull version 8.0.2
[2.228s] -- OpenNI found (version: 1.5.4.0, include: /usr/include/ni, lib: /usr/lib/libOpenNI.so;libusb::libusb)
[2.574s] -- Found eigen3_cmake_module: 0.1.1 (/opt/ros/humble/share/eigen3_cmake_module/cmake)
[2.576s] -- Ensuring Eigen3 include directory is part of orocos-kdl CMake target
[2.649s] [0m/usr/include/apr-1.0[0m
[2.649s] [0mapr-1[0m
[2.995s] -- Found ament_cmake_ros: 0.10.0 (/opt/ros/humble/share/ament_cmake_ros/cmake)
[3.391s] -- Using all available rosidl_typesupport_c: rosidl_typesupport_fastrtps_c;rosidl_typesupport_introspection_c
[3.866s] -- Using all available rosidl_typesupport_cpp: rosidl_typesupport_fastrtps_cpp;rosidl_typesupport_introspection_cpp
[3.868s] [33mCMake Warning (dev) at /opt/ros/humble/share/rosidl_generator_py/cmake/rosidl_generator_py_generate_interfaces.cmake:20 (find_package):
[3.868s]   Policy CMP0148 is not set: The FindPythonInterp and FindPythonLibs modules
[3.868s]   are removed.  Run "cmake --help-policy CMP0148" for policy details.  Use
[3.868s]   the cmake_policy command to set the policy and suppress this warning.
[3.868s] 
[3.868s] Call Stack (most recent call first):
[3.868s]   /opt/ros/humble/share/ament_cmake_core/cmake/core/ament_execute_extensions.cmake:48 (include)
[3.868s]   /opt/ros/humble/share/rosidl_cmake/cmake/rosidl_generate_interfaces.cmake:286 (ament_execute_extensions)
[3.868s]   CMakeLists.txt:250 (rosidl_generate_interfaces)
[3.868s] This warning is for project developers.  Use -Wno-dev to suppress it.
[3.868s] [0m
[3.883s] -- Found python_cmake_module: 0.10.0 (/opt/ros/humble/share/python_cmake_module/cmake)
[3.883s] [33mCMake Warning (dev) at /opt/ros/humble/share/python_cmake_module/cmake/Modules/FindPythonExtra.cmake:52 (find_package):
[3.883s]   Policy CMP0148 is not set: The FindPythonInterp and FindPythonLibs modules
[3.883s]   are removed.  Run "cmake --help-policy CMP0148" for policy details.  Use
[3.884s]   the cmake_policy command to set the policy and suppress this warning.
[3.884s] 
[3.884s] Call Stack (most recent call first):
[3.884s]   /opt/ros/humble/share/rosidl_generator_py/cmake/rosidl_generator_py_generate_interfaces.cmake:23 (find_package)
[3.884s]   /opt/ros/humble/share/ament_cmake_core/cmake/core/ament_execute_extensions.cmake:48 (include)
[3.884s]   /opt/ros/humble/share/rosidl_cmake/cmake/rosidl_generate_interfaces.cmake:286 (ament_execute_extensions)
[3.884s]   CMakeLists.txt:250 (rosidl_generate_interfaces)
[3.884s] This warning is for project developers.  Use -Wno-dev to suppress it.
[3.884s] [0m
[3.899s] [33mCMake Warning (dev) at /opt/ros/humble/share/python_cmake_module/cmake/Modules/FindPythonExtra.cmake:140 (find_package):
[3.899s]   Policy CMP0148 is not set: The FindPythonInterp and FindPythonLibs modules
[3.899s]   are removed.  Run "cmake --help-policy CMP0148" for policy details.  Use
[3.899s]   the cmake_policy command to set the policy and suppress this warning.
[3.899s] 
[3.899s] Call Stack (most recent call first):
[3.899s]   /opt/ros/humble/share/rosidl_generator_py/cmake/rosidl_generator_py_generate_interfaces.cmake:23 (find_package)
[3.899s]   /opt/ros/humble/share/ament_cmake_core/cmake/core/ament_execute_extensions.cmake:48 (include)
[3.899s]   /opt/ros/humble/share/rosidl_cmake/cmake/rosidl_generate_interfaces.cmake:286 (ament_execute_extensions)
[3.899s]   CMakeLists.txt:250 (rosidl_generate_interfaces)
[3.899s] This warning is for project developers.  Use -Wno-dev to suppress it.
[3.899s] [0m
[3.900s] -- Using PYTHON_EXECUTABLE: /usr/bin/python3
[3.900s] -- Using PYTHON_INCLUDE_DIRS: /usr/include/python3.10
[3.900s] -- Using PYTHON_LIBRARIES: /usr/lib/x86_64-linux-gnu/libpython3.10.so
[3.953s] -- Found ament_lint_auto: 0.12.15 (/opt/ros/humble/share/ament_lint_auto/cmake)
[3.964s] -- Added test 'copyright' to check source files copyright and LICENSE
[3.968s] -- Added test 'cppcheck' to perform static code analysis on C / C++ code
[3.969s] -- Configured cppcheck include dirs: /home/xinzhu/sentry_ws/src/livox_ros_driver2/livox_sdk/include;/home/xinzhu/sentry_ws/src/livox_ros_driver2/3rdparty;/home/xinzhu/sentry_ws/src/livox_ros_driver2/src
[3.969s] -- Configured cppcheck exclude dirs and/or files: 
[3.971s] -- Added test 'cpplint' to check C / C++ code against the Google style
[3.971s] -- Configured cpplint exclude dirs and/or files: 
[3.971s] -- Added test 'flake8' to check Python code syntax and style conventions
[3.972s] -- Added test 'lint_cmake' to check CMake code style
[3.972s] -- Added test 'pep257' to check Python code against some of the docstring style conventions in PEP 257
[3.974s] -- Added test 'uncrustify' to check C / C++ code style
[3.974s] -- Configured uncrustify additional arguments: 
[3.974s] -- Added test 'xmllint' to check XML markup files
[3.979s] -- Configuring done (3.9s)
[4.063s] -- Generating done (0.1s)
[4.071s] -- Build files have been written to: /home/xinzhu/sentry_ws/build/livox_ros_driver2
[4.083s] Invoked command in '/home/xinzhu/sentry_ws/build/livox_ros_driver2' returned '0': CMAKE_PREFIX_PATH=${CMAKE_PREFIX_PATH}:/home/xinzhu/Desktop/sentry_ws/install/control_panel:/opt/ros/humble PS1=%F{green}%n@%m%f%F{white}:%f%F{blue}%~%f%F{white}$%f /usr/local/bin/cmake /home/xinzhu/sentry_ws/src/livox_ros_driver2 -DAMENT_CMAKE_SYMLINK_INSTALL=1 -DCMAKE_INSTALL_PREFIX=/home/xinzhu/sentry_ws/install/livox_ros_driver2
[4.083s] Invoking command in '/home/xinzhu/sentry_ws/build/livox_ros_driver2': CMAKE_PREFIX_PATH=${CMAKE_PREFIX_PATH}:/home/xinzhu/Desktop/sentry_ws/install/control_panel:/opt/ros/humble PS1=%F{green}%n@%m%f%F{white}:%f%F{blue}%~%f%F{white}$%f /usr/local/bin/cmake --build /home/xinzhu/sentry_ws/build/livox_ros_driver2 -- -j16 -l16
[4.109s] [  0%] Built target ament_cmake_python_symlink_livox_ros_driver2
[4.110s] [  7%] Built target livox_interfaces2__rosidl_generator_c
[4.111s] [  8%] Built target livox_interfaces2__cpp
[4.112s] [ 12%] Built target livox_ros_driver2_node
[4.120s] [ 19%] Built target livox_interfaces2__rosidl_typesupport_introspection_c
[4.121s] [ 26%] Built target livox_interfaces2__rosidl_typesupport_c
[4.121s] [ 33%] Built target livox_interfaces2__rosidl_typesupport_fastrtps_c
[4.121s] [ 40%] Built target livox_interfaces2__rosidl_typesupport_introspection_cpp
[4.122s] [ 47%] Built target livox_interfaces2__rosidl_typesupport_cpp
[4.126s] [ 54%] Built target livox_interfaces2__rosidl_typesupport_fastrtps_cpp
[4.135s] [ 54%] Built target livox_interfaces2
[4.148s] [ 56%] Built target livox_interfaces2__py
[4.160s] [ 61%] Built target livox_interfaces2__rosidl_generator_py
[4.163s] [ 89%] Built target livox_ros_driver2
[4.170s] [ 92%] Built target livox_ros_driver2__rosidl_typesupport_introspection_c__pyext
[4.171s] [ 96%] Built target livox_ros_driver2__rosidl_typesupport_c__pyext
[4.171s] [100%] Built target livox_ros_driver2__rosidl_typesupport_fastrtps_c__pyext
[4.257s] running egg_info
[4.257s] writing livox_ros_driver2.egg-info/PKG-INFO
[4.257s] writing dependency_links to livox_ros_driver2.egg-info/dependency_links.txt
[4.257s] writing top-level names to livox_ros_driver2.egg-info/top_level.txt
[4.259s] reading manifest file 'livox_ros_driver2.egg-info/SOURCES.txt'
[4.259s] writing manifest file 'livox_ros_driver2.egg-info/SOURCES.txt'
[4.275s] [100%] Built target ament_cmake_python_build_livox_ros_driver2_egg
[4.280s] Invoked command in '/home/xinzhu/sentry_ws/build/livox_ros_driver2' returned '0': CMAKE_PREFIX_PATH=${CMAKE_PREFIX_PATH}:/home/xinzhu/Desktop/sentry_ws/install/control_panel:/opt/ros/humble PS1=%F{green}%n@%m%f%F{white}:%f%F{blue}%~%f%F{white}$%f /usr/local/bin/cmake --build /home/xinzhu/sentry_ws/build/livox_ros_driver2 -- -j16 -l16
[4.281s] Invoking command in '/home/xinzhu/sentry_ws/build/livox_ros_driver2': CMAKE_PREFIX_PATH=${CMAKE_PREFIX_PATH}:/home/xinzhu/Desktop/sentry_ws/install/control_panel:/opt/ros/humble PS1=%F{green}%n@%m%f%F{white}:%f%F{blue}%~%f%F{white}$%f /usr/local/bin/cmake --install /home/xinzhu/sentry_ws/build/livox_ros_driver2
[4.285s] -- Install configuration: "Release"
[4.285s] -- Execute custom install script
[4.286s] -- Up-to-date symlink: /home/xinzhu/sentry_ws/install/livox_ros_driver2/share/ament_index/resource_index/rosidl_interfaces/livox_ros_driver2
[4.287s] -- Up-to-date symlink: /home/xinzhu/sentry_ws/install/livox_ros_driver2/include/livox_ros_driver2/livox_ros_driver2/msg/custom_msg.h
[4.287s] -- Up-to-date symlink: /home/xinzhu/sentry_ws/install/livox_ros_driver2/include/livox_ros_driver2/livox_ros_driver2/msg/custom_point.h
[4.287s] -- Up-to-date symlink: /home/xinzhu/sentry_ws/install/livox_ros_driver2/include/livox_ros_driver2/livox_ros_driver2/msg/detail/custom_msg__functions.h
[4.288s] -- Up-to-date symlink: /home/xinzhu/sentry_ws/install/livox_ros_driver2/include/livox_ros_driver2/livox_ros_driver2/msg/detail/custom_msg__struct.h
[4.288s] -- Up-to-date symlink: /home/xinzhu/sentry_ws/install/livox_ros_driver2/include/livox_ros_driver2/livox_ros_driver2/msg/detail/custom_msg__type_support.h
[4.288s] -- Up-to-date symlink: /home/xinzhu/sentry_ws/install/livox_ros_driver2/include/livox_ros_driver2/livox_ros_driver2/msg/detail/custom_point__functions.h
[4.288s] -- Up-to-date symlink: /home/xinzhu/sentry_ws/install/livox_ros_driver2/include/livox_ros_driver2/livox_ros_driver2/msg/detail/custom_point__struct.h
[4.288s] -- Up-to-date symlink: /home/xinzhu/sentry_ws/install/livox_ros_driver2/include/livox_ros_driver2/livox_ros_driver2/msg/detail/custom_point__type_support.h
[4.288s] -- Up-to-date symlink: /home/xinzhu/sentry_ws/install/livox_ros_driver2/include/livox_ros_driver2/livox_ros_driver2/msg/rosidl_generator_c__visibility_control.h
[4.288s] -- Up-to-date symlink: /home/xinzhu/sentry_ws/install/livox_ros_driver2/share/livox_ros_driver2/environment/library_path.sh
[4.289s] -- Up-to-date symlink: /home/xinzhu/sentry_ws/install/livox_ros_driver2/share/livox_ros_driver2/environment/library_path.dsv
[4.289s] -- Up-to-date symlink: /home/xinzhu/sentry_ws/install/livox_ros_driver2/include/livox_ros_driver2/livox_ros_driver2/msg/detail/custom_msg__rosidl_typesupport_fastrtps_c.h
[4.289s] -- Up-to-date symlink: /home/xinzhu/sentry_ws/install/livox_ros_driver2/include/livox_ros_driver2/livox_ros_driver2/msg/detail/custom_point__rosidl_typesupport_fastrtps_c.h
[4.289s] -- Up-to-date symlink: /home/xinzhu/sentry_ws/install/livox_ros_driver2/include/livox_ros_driver2/livox_ros_driver2/msg/rosidl_typesupport_fastrtps_c__visibility_control.h
[4.290s] -- Up-to-date symlink: /home/xinzhu/sentry_ws/install/livox_ros_driver2/include/livox_ros_driver2/livox_ros_driver2/msg/detail/custom_msg__rosidl_typesupport_introspection_c.h
[4.290s] -- Up-to-date symlink: /home/xinzhu/sentry_ws/install/livox_ros_driver2/include/livox_ros_driver2/livox_ros_driver2/msg/detail/custom_point__rosidl_typesupport_introspection_c.h
[4.290s] -- Up-to-date symlink: /home/xinzhu/sentry_ws/install/livox_ros_driver2/include/livox_ros_driver2/livox_ros_driver2/msg/rosidl_typesupport_introspection_c__visibility_control.h
[4.290s] -- Up-to-date symlink: /home/xinzhu/sentry_ws/install/livox_ros_driver2/include/livox_ros_driver2/livox_ros_driver2/msg/custom_msg.hpp
[4.290s] -- Up-to-date symlink: /home/xinzhu/sentry_ws/install/livox_ros_driver2/include/livox_ros_driver2/livox_ros_driver2/msg/custom_point.hpp
[4.290s] -- Up-to-date symlink: /home/xinzhu/sentry_ws/install/livox_ros_driver2/include/livox_ros_driver2/livox_ros_driver2/msg/detail/custom_msg__builder.hpp
[4.290s] -- Up-to-date symlink: /home/xinzhu/sentry_ws/install/livox_ros_driver2/include/livox_ros_driver2/livox_ros_driver2/msg/detail/custom_msg__struct.hpp
[4.290s] -- Up-to-date symlink: /home/xinzhu/sentry_ws/install/livox_ros_driver2/include/livox_ros_driver2/livox_ros_driver2/msg/detail/custom_msg__traits.hpp
[4.290s] -- Up-to-date symlink: /home/xinzhu/sentry_ws/install/livox_ros_driver2/include/livox_ros_driver2/livox_ros_driver2/msg/detail/custom_msg__type_support.hpp
[4.290s] -- Up-to-date symlink: /home/xinzhu/sentry_ws/install/livox_ros_driver2/include/livox_ros_driver2/livox_ros_driver2/msg/detail/custom_point__builder.hpp
[4.290s] -- Up-to-date symlink: /home/xinzhu/sentry_ws/install/livox_ros_driver2/include/livox_ros_driver2/livox_ros_driver2/msg/detail/custom_point__struct.hpp
[4.290s] -- Up-to-date symlink: /home/xinzhu/sentry_ws/install/livox_ros_driver2/include/livox_ros_driver2/livox_ros_driver2/msg/detail/custom_point__traits.hpp
[4.290s] -- Up-to-date symlink: /home/xinzhu/sentry_ws/install/livox_ros_driver2/include/livox_ros_driver2/livox_ros_driver2/msg/detail/custom_point__type_support.hpp
[4.291s] -- Up-to-date symlink: /home/xinzhu/sentry_ws/install/livox_ros_driver2/include/livox_ros_driver2/livox_ros_driver2/msg/rosidl_generator_cpp__visibility_control.hpp
[4.291s] -- Up-to-date symlink: /home/xinzhu/sentry_ws/install/livox_ros_driver2/include/livox_ros_driver2/livox_ros_driver2/msg/detail/custom_msg__rosidl_typesupport_fastrtps_cpp.hpp
[4.291s] -- Up-to-date symlink: /home/xinzhu/sentry_ws/install/livox_ros_driver2/include/livox_ros_driver2/livox_ros_driver2/msg/detail/custom_point__rosidl_typesupport_fastrtps_cpp.hpp
[4.291s] -- Up-to-date symlink: /home/xinzhu/sentry_ws/install/livox_ros_driver2/include/livox_ros_driver2/livox_ros_driver2/msg/rosidl_typesupport_fastrtps_cpp__visibility_control.h
[4.291s] -- Up-to-date symlink: /home/xinzhu/sentry_ws/install/livox_ros_driver2/include/livox_ros_driver2/livox_ros_driver2/msg/detail/custom_msg__rosidl_typesupport_introspection_cpp.hpp
[4.291s] -- Up-to-date symlink: /home/xinzhu/sentry_ws/install/livox_ros_driver2/include/livox_ros_driver2/livox_ros_driver2/msg/detail/custom_point__rosidl_typesupport_introspection_cpp.hpp
[4.291s] -- Up-to-date symlink: /home/xinzhu/sentry_ws/install/livox_ros_driver2/share/livox_ros_driver2/environment/pythonpath.sh
[4.291s] -- Up-to-date symlink: /home/xinzhu/sentry_ws/install/livox_ros_driver2/share/livox_ros_driver2/environment/pythonpath.dsv
[4.292s] -- Up-to-date symlink: /home/xinzhu/sentry_ws/install/livox_ros_driver2/local/lib/python3.10/dist-packages/livox_ros_driver2-1.0.0-py3.10.egg-info/PKG-INFO
[4.292s] -- Up-to-date symlink: /home/xinzhu/sentry_ws/install/livox_ros_driver2/local/lib/python3.10/dist-packages/livox_ros_driver2-1.0.0-py3.10.egg-info/SOURCES.txt
[4.292s] -- Up-to-date symlink: /home/xinzhu/sentry_ws/install/livox_ros_driver2/local/lib/python3.10/dist-packages/livox_ros_driver2-1.0.0-py3.10.egg-info/dependency_links.txt
[4.292s] -- Up-to-date symlink: /home/xinzhu/sentry_ws/install/livox_ros_driver2/local/lib/python3.10/dist-packages/livox_ros_driver2-1.0.0-py3.10.egg-info/top_level.txt
[4.292s] -- Up-to-date symlink: /home/xinzhu/sentry_ws/install/livox_ros_driver2/local/lib/python3.10/dist-packages/livox_ros_driver2/__init__.py
[4.292s] -- Up-to-date symlink: /home/xinzhu/sentry_ws/install/livox_ros_driver2/local/lib/python3.10/dist-packages/livox_ros_driver2/_livox_ros_driver2_s.ep.rosidl_typesupport_c.c
[4.292s] -- Up-to-date symlink: /home/xinzhu/sentry_ws/install/livox_ros_driver2/local/lib/python3.10/dist-packages/livox_ros_driver2/_livox_ros_driver2_s.ep.rosidl_typesupport_fastrtps_c.c
[4.292s] -- Up-to-date symlink: /home/xinzhu/sentry_ws/install/livox_ros_driver2/local/lib/python3.10/dist-packages/livox_ros_driver2/_livox_ros_driver2_s.ep.rosidl_typesupport_introspection_c.c
[4.293s] -- Up-to-date symlink: /home/xinzhu/sentry_ws/install/livox_ros_driver2/local/lib/python3.10/dist-packages/livox_ros_driver2/liblivox_interfaces2__rosidl_generator_py.so
[4.293s] -- Up-to-date symlink: /home/xinzhu/sentry_ws/install/livox_ros_driver2/local/lib/python3.10/dist-packages/livox_ros_driver2/livox_ros_driver2_s__rosidl_typesupport_c.cpython-310-x86_64-linux-gnu.so
[4.293s] -- Up-to-date symlink: /home/xinzhu/sentry_ws/install/livox_ros_driver2/local/lib/python3.10/dist-packages/livox_ros_driver2/livox_ros_driver2_s__rosidl_typesupport_fastrtps_c.cpython-310-x86_64-linux-gnu.so
[4.293s] -- Up-to-date symlink: /home/xinzhu/sentry_ws/install/livox_ros_driver2/local/lib/python3.10/dist-packages/livox_ros_driver2/livox_ros_driver2_s__rosidl_typesupport_introspection_c.cpython-310-x86_64-linux-gnu.so
[4.293s] -- Up-to-date symlink: /home/xinzhu/sentry_ws/install/livox_ros_driver2/local/lib/python3.10/dist-packages/livox_ros_driver2/msg/__init__.py
[4.293s] -- Up-to-date symlink: /home/xinzhu/sentry_ws/install/livox_ros_driver2/local/lib/python3.10/dist-packages/livox_ros_driver2/msg/_custom_msg.py
[4.293s] -- Up-to-date symlink: /home/xinzhu/sentry_ws/install/livox_ros_driver2/local/lib/python3.10/dist-packages/livox_ros_driver2/msg/_custom_msg_s.c
[4.293s] -- Up-to-date symlink: /home/xinzhu/sentry_ws/install/livox_ros_driver2/local/lib/python3.10/dist-packages/livox_ros_driver2/msg/_custom_point.py
[4.293s] -- Up-to-date symlink: /home/xinzhu/sentry_ws/install/livox_ros_driver2/local/lib/python3.10/dist-packages/livox_ros_driver2/msg/_custom_point_s.c
[4.293s] -- Up-to-date symlink: /home/xinzhu/sentry_ws/install/livox_ros_driver2/local/lib/python3.10/dist-packages/livox_ros_driver2/livox_ros_driver2_s__rosidl_typesupport_fastrtps_c.cpython-310-x86_64-linux-gnu.so
[4.293s] -- Up-to-date symlink: /home/xinzhu/sentry_ws/install/livox_ros_driver2/local/lib/python3.10/dist-packages/livox_ros_driver2/livox_ros_driver2_s__rosidl_typesupport_introspection_c.cpython-310-x86_64-linux-gnu.so
[4.294s] -- Up-to-date symlink: /home/xinzhu/sentry_ws/install/livox_ros_driver2/local/lib/python3.10/dist-packages/livox_ros_driver2/livox_ros_driver2_s__rosidl_typesupport_c.cpython-310-x86_64-linux-gnu.so
[4.294s] -- Up-to-date symlink: /home/xinzhu/sentry_ws/install/livox_ros_driver2/share/livox_ros_driver2/msg/CustomPoint.idl
[4.294s] -- Up-to-date symlink: /home/xinzhu/sentry_ws/install/livox_ros_driver2/share/livox_ros_driver2/msg/CustomMsg.idl
[4.294s] -- Up-to-date symlink: /home/xinzhu/sentry_ws/install/livox_ros_driver2/share/livox_ros_driver2/msg/CustomPoint.msg
[4.294s] -- Up-to-date symlink: /home/xinzhu/sentry_ws/install/livox_ros_driver2/share/livox_ros_driver2/msg/CustomMsg.msg
[4.294s] -- Up-to-date symlink: /home/xinzhu/sentry_ws/install/livox_ros_driver2/lib/livox_ros_driver2/livox_ros_driver2_node
[4.294s] -- Up-to-date symlink: /home/xinzhu/sentry_ws/install/livox_ros_driver2/lib/liblivox_ros_driver2.so
[4.295s] -- Up-to-date symlink: /home/xinzhu/sentry_ws/install/livox_ros_driver2/share/livox_ros_driver2/config/HAP_config.json
[4.295s] -- Up-to-date symlink: /home/xinzhu/sentry_ws/install/livox_ros_driver2/share/livox_ros_driver2/config/MID360_config.json
[4.295s] -- Up-to-date symlink: /home/xinzhu/sentry_ws/install/livox_ros_driver2/share/livox_ros_driver2/config/display_point_cloud_ROS1.rviz
[4.295s] -- Up-to-date symlink: /home/xinzhu/sentry_ws/install/livox_ros_driver2/share/livox_ros_driver2/config/display_point_cloud_ROS2.rviz
[4.295s] -- Up-to-date symlink: /home/xinzhu/sentry_ws/install/livox_ros_driver2/share/livox_ros_driver2/config/mixed_HAP_MID360_config.json
[4.295s] -- Up-to-date symlink: /home/xinzhu/sentry_ws/install/livox_ros_driver2/share/livox_ros_driver2/launch_ROS2/msg_HAP_launch.py
[4.295s] -- Up-to-date symlink: /home/xinzhu/sentry_ws/install/livox_ros_driver2/share/livox_ros_driver2/launch_ROS2/msg_MID360_launch.py
[4.295s] -- Up-to-date symlink: /home/xinzhu/sentry_ws/install/livox_ros_driver2/share/livox_ros_driver2/launch_ROS2/rviz_HAP_launch.py
[4.295s] -- Up-to-date symlink: /home/xinzhu/sentry_ws/install/livox_ros_driver2/share/livox_ros_driver2/launch_ROS2/rviz_MID360_launch.py
[4.295s] -- Up-to-date symlink: /home/xinzhu/sentry_ws/install/livox_ros_driver2/share/livox_ros_driver2/launch_ROS2/rviz_mixed.py
[4.295s] -- Up-to-date symlink: /home/xinzhu/sentry_ws/install/livox_ros_driver2/share/ament_index/resource_index/package_run_dependencies/livox_ros_driver2
[4.296s] -- Up-to-date symlink: /home/xinzhu/sentry_ws/install/livox_ros_driver2/share/ament_index/resource_index/parent_prefix_path/livox_ros_driver2
[4.296s] -- Up-to-date symlink: /home/xinzhu/sentry_ws/install/livox_ros_driver2/share/livox_ros_driver2/environment/ament_prefix_path.sh
[4.296s] -- Up-to-date symlink: /home/xinzhu/sentry_ws/install/livox_ros_driver2/share/livox_ros_driver2/environment/ament_prefix_path.dsv
[4.296s] -- Up-to-date symlink: /home/xinzhu/sentry_ws/install/livox_ros_driver2/share/livox_ros_driver2/environment/path.sh
[4.296s] -- Up-to-date symlink: /home/xinzhu/sentry_ws/install/livox_ros_driver2/share/livox_ros_driver2/environment/path.dsv
[4.296s] -- Up-to-date symlink: /home/xinzhu/sentry_ws/install/livox_ros_driver2/share/livox_ros_driver2/local_setup.bash
[4.296s] -- Up-to-date symlink: /home/xinzhu/sentry_ws/install/livox_ros_driver2/share/livox_ros_driver2/local_setup.sh
[4.296s] -- Up-to-date symlink: /home/xinzhu/sentry_ws/install/livox_ros_driver2/share/livox_ros_driver2/local_setup.zsh
[4.296s] -- Up-to-date symlink: /home/xinzhu/sentry_ws/install/livox_ros_driver2/share/livox_ros_driver2/local_setup.dsv
[4.296s] -- Symlinking: /home/xinzhu/sentry_ws/install/livox_ros_driver2/share/livox_ros_driver2/package.dsv
[4.299s] -- Up-to-date symlink: /home/xinzhu/sentry_ws/install/livox_ros_driver2/share/ament_index/resource_index/packages/livox_ros_driver2
[4.299s] -- Up-to-date symlink: /home/xinzhu/sentry_ws/install/livox_ros_driver2/share/ament_index/resource_index/rclcpp_components/livox_ros_driver2
[4.300s] -- Up-to-date symlink: /home/xinzhu/sentry_ws/install/livox_ros_driver2/share/livox_ros_driver2/cmake/rosidl_cmake-extras.cmake
[4.300s] -- Up-to-date symlink: /home/xinzhu/sentry_ws/install/livox_ros_driver2/share/livox_ros_driver2/cmake/ament_cmake_export_dependencies-extras.cmake
[4.300s] -- Up-to-date symlink: /home/xinzhu/sentry_ws/install/livox_ros_driver2/share/livox_ros_driver2/cmake/ament_cmake_export_include_directories-extras.cmake
[4.300s] -- Up-to-date symlink: /home/xinzhu/sentry_ws/install/livox_ros_driver2/share/livox_ros_driver2/cmake/ament_cmake_export_libraries-extras.cmake
[4.300s] -- Up-to-date symlink: /home/xinzhu/sentry_ws/install/livox_ros_driver2/share/livox_ros_driver2/cmake/ament_cmake_export_targets-extras.cmake
[4.300s] -- Up-to-date symlink: /home/xinzhu/sentry_ws/install/livox_ros_driver2/share/livox_ros_driver2/cmake/rosidl_cmake_export_typesupport_targets-extras.cmake
[4.300s] -- Up-to-date symlink: /home/xinzhu/sentry_ws/install/livox_ros_driver2/share/livox_ros_driver2/cmake/rosidl_cmake_export_typesupport_libraries-extras.cmake
[4.300s] -- Up-to-date symlink: /home/xinzhu/sentry_ws/install/livox_ros_driver2/share/livox_ros_driver2/cmake/livox_ros_driver2Config.cmake
[4.300s] -- Up-to-date symlink: /home/xinzhu/sentry_ws/install/livox_ros_driver2/share/livox_ros_driver2/cmake/livox_ros_driver2Config-version.cmake
[4.300s] -- Up-to-date symlink: /home/xinzhu/sentry_ws/install/livox_ros_driver2/share/livox_ros_driver2/package.xml
[4.301s] -- Up-to-date: /home/xinzhu/sentry_ws/install/livox_ros_driver2/lib/liblivox_ros_driver2__rosidl_generator_c.so
[4.302s] -- Up-to-date: /home/xinzhu/sentry_ws/install/livox_ros_driver2/lib/liblivox_ros_driver2__rosidl_typesupport_fastrtps_c.so
[4.303s] -- Up-to-date: /home/xinzhu/sentry_ws/install/livox_ros_driver2/lib/liblivox_ros_driver2__rosidl_typesupport_introspection_c.so
[4.304s] -- Up-to-date: /home/xinzhu/sentry_ws/install/livox_ros_driver2/lib/liblivox_ros_driver2__rosidl_typesupport_c.so
[4.304s] -- Up-to-date: /home/xinzhu/sentry_ws/install/livox_ros_driver2/lib/liblivox_ros_driver2__rosidl_typesupport_fastrtps_cpp.so
[4.305s] -- Up-to-date: /home/xinzhu/sentry_ws/install/livox_ros_driver2/lib/liblivox_ros_driver2__rosidl_typesupport_introspection_cpp.so
[4.305s] -- Up-to-date: /home/xinzhu/sentry_ws/install/livox_ros_driver2/lib/liblivox_ros_driver2__rosidl_typesupport_cpp.so
[4.326s] Listing '/home/xinzhu/sentry_ws/install/livox_ros_driver2/local/lib/python3.10/dist-packages/livox_ros_driver2'...
[4.326s] Compiling '/home/xinzhu/sentry_ws/install/livox_ros_driver2/local/lib/python3.10/dist-packages/livox_ros_driver2/__init__.py'...
[4.326s] Listing '/home/xinzhu/sentry_ws/install/livox_ros_driver2/local/lib/python3.10/dist-packages/livox_ros_driver2/msg'...
[4.329s] -- Up-to-date: /home/xinzhu/sentry_ws/install/livox_ros_driver2/lib/liblivox_interfaces2__rosidl_generator_py.so
[4.329s] -- Up-to-date: /home/xinzhu/sentry_ws/install/livox_ros_driver2/share/livox_ros_driver2/cmake/export_livox_interfaces2__rosidl_generator_cExport.cmake
[4.329s] -- Up-to-date: /home/xinzhu/sentry_ws/install/livox_ros_driver2/share/livox_ros_driver2/cmake/export_livox_interfaces2__rosidl_generator_cExport-release.cmake
[4.329s] -- Up-to-date: /home/xinzhu/sentry_ws/install/livox_ros_driver2/share/livox_ros_driver2/cmake/export_livox_interfaces2__rosidl_typesupport_fastrtps_cExport.cmake
[4.330s] -- Up-to-date: /home/xinzhu/sentry_ws/install/livox_ros_driver2/share/livox_ros_driver2/cmake/export_livox_interfaces2__rosidl_typesupport_fastrtps_cExport-release.cmake
[4.330s] -- Up-to-date: /home/xinzhu/sentry_ws/install/livox_ros_driver2/share/livox_ros_driver2/cmake/livox_interfaces2__rosidl_typesupport_introspection_cExport.cmake
[4.330s] -- Up-to-date: /home/xinzhu/sentry_ws/install/livox_ros_driver2/share/livox_ros_driver2/cmake/livox_interfaces2__rosidl_typesupport_introspection_cExport-release.cmake
[4.330s] -- Up-to-date: /home/xinzhu/sentry_ws/install/livox_ros_driver2/share/livox_ros_driver2/cmake/livox_interfaces2__rosidl_typesupport_cExport.cmake
[4.330s] -- Up-to-date: /home/xinzhu/sentry_ws/install/livox_ros_driver2/share/livox_ros_driver2/cmake/livox_interfaces2__rosidl_typesupport_cExport-release.cmake
[4.330s] -- Up-to-date: /home/xinzhu/sentry_ws/install/livox_ros_driver2/share/livox_ros_driver2/cmake/export_livox_interfaces2__rosidl_generator_cppExport.cmake
[4.331s] -- Up-to-date: /home/xinzhu/sentry_ws/install/livox_ros_driver2/share/livox_ros_driver2/cmake/export_livox_interfaces2__rosidl_typesupport_fastrtps_cppExport.cmake
[4.331s] -- Up-to-date: /home/xinzhu/sentry_ws/install/livox_ros_driver2/share/livox_ros_driver2/cmake/export_livox_interfaces2__rosidl_typesupport_fastrtps_cppExport-release.cmake
[4.331s] -- Up-to-date: /home/xinzhu/sentry_ws/install/livox_ros_driver2/share/livox_ros_driver2/cmake/livox_interfaces2__rosidl_typesupport_introspection_cppExport.cmake
[4.331s] -- Up-to-date: /home/xinzhu/sentry_ws/install/livox_ros_driver2/share/livox_ros_driver2/cmake/livox_interfaces2__rosidl_typesupport_introspection_cppExport-release.cmake
[4.331s] -- Up-to-date: /home/xinzhu/sentry_ws/install/livox_ros_driver2/share/livox_ros_driver2/cmake/livox_interfaces2__rosidl_typesupport_cppExport.cmake
[4.331s] -- Up-to-date: /home/xinzhu/sentry_ws/install/livox_ros_driver2/share/livox_ros_driver2/cmake/livox_interfaces2__rosidl_typesupport_cppExport-release.cmake
[4.331s] -- Up-to-date: /home/xinzhu/sentry_ws/install/livox_ros_driver2/share/livox_ros_driver2/cmake/export_livox_interfaces2__rosidl_generator_pyExport.cmake
[4.331s] -- Up-to-date: /home/xinzhu/sentry_ws/install/livox_ros_driver2/share/livox_ros_driver2/cmake/export_livox_interfaces2__rosidl_generator_pyExport-release.cmake
[4.333s] Invoked command in '/home/xinzhu/sentry_ws/build/livox_ros_driver2' returned '0': CMAKE_PREFIX_PATH=${CMAKE_PREFIX_PATH}:/home/xinzhu/Desktop/sentry_ws/install/control_panel:/opt/ros/humble PS1=%F{green}%n@%m%f%F{white}:%f%F{blue}%~%f%F{white}$%f /usr/local/bin/cmake --install /home/xinzhu/sentry_ws/build/livox_ros_driver2
