[0.014s] Invoking command in '/home/xinzhu/sentry_ws/build/icp_relocalization': AMENT_PREFIX_PATH=/home/xinzhu/sentry_ws/install/livox_ros_driver2:${AMENT_PREFIX_PATH} CMAKE_PREFIX_PATH=/home/xinzhu/sentry_ws/install/livox_ros_driver2:/home/xinzhu/Desktop/sentry_ws/install/terrain_analysis_ext:/home/xinzhu/Desktop/sentry_ws/install/terrain_analysis:/home/xinzhu/Desktop/sentry_ws/install/sentry_description:/home/xinzhu/Desktop/sentry_ws/install/sentry_bringup:/home/xinzhu/Desktop/sentry_ws/install/sensor_scan_generation:/home/xinzhu/Desktop/sentry_ws/install/rm_bringup:/home/xinzhu/Desktop/sentry_ws/install/rm_serial_driver:/home/xinzhu/Desktop/sentry_ws/install/rm_camera_driver:/home/xinzhu/Desktop/sentry_ws/install/rm_auto_aim:/home/xinzhu/Desktop/sentry_ws/install/armor_solver:/home/xinzhu/Desktop/sentry_ws/install/armor_detector:/home/xinzhu/Desktop/sentry_ws/install/rm_utils:/home/xinzhu/Desktop/sentry_ws/install/rm_robot_description:/home/xinzhu/Desktop/sentry_ws/install/rm_decision_cpp:/home/xinzhu/Desktop/sentry_ws/install/cmd_chassis:/home/xinzhu/Desktop/sentry_ws/install/rm_interfaces:/home/xinzhu/Desktop/sentry_ws/install/fast_lio:/home/xinzhu/Desktop/sentry_ws/install/livox_ros_driver2:/home/xinzhu/Desktop/sentry_ws/install/icp_relocalization:/home/xinzhu/Desktop/sentry_ws/install/costmap_intensity:/home/xinzhu/Desktop/sentry_ws/install/behaviortree_cpp:/home/xinzhu/Desktop/sentry_ws/install/behavior_ext_plugins:/home/xinzhu/Desktop/sentry_ws/install/auto_aim_interfaces:/home/xinzhu/Desktop/sentry_ws/install/control_panel:/opt/ros/humble LD_LIBRARY_PATH=/home/xinzhu/sentry_ws/install/livox_ros_driver2/lib:${LD_LIBRARY_PATH} PS1=%F{green}%n@%m%f%F{white}:%f%F{blue}%~%f%F{white}$%f PYTHONPATH=/home/xinzhu/sentry_ws/install/livox_ros_driver2/local/lib/python3.10/dist-packages:${PYTHONPATH} /usr/local/bin/cmake /home/xinzhu/sentry_ws/src/icp_relocalization -DCMAKE_BUILD_TYPE=Release -DAMENT_CMAKE_SYMLINK_INSTALL=1 -DCMAKE_INSTALL_PREFIX=/home/xinzhu/sentry_ws/install/icp_relocalization
[0.018s] [0mCMake Deprecation Warning at CMakeLists.txt:1 (cmake_minimum_required):
[0.018s]   Compatibility with CMake < 3.10 will be removed from a future version of
[0.018s]   CMake.
[0.018s] 
[0.018s]   Update the VERSION argument <min> value.  Or, use the <min>...<max> syntax
[0.018s]   to tell CMake that the project requires at least <min> but has been updated
[0.019s]   to work with policies introduced by <max> or earlier.
[0.019s] 
[0.019s] [0m
[0.072s] -- The C compiler identification is GNU 11.4.0
[0.144s] -- The CXX compiler identification is GNU 11.4.0
[0.152s] -- Detecting C compiler ABI info
[0.200s] -- Detecting C compiler ABI info - done
[0.215s] -- Check for working C compiler: /usr/bin/cc - skipped
[0.215s] -- Detecting C compile features
[0.215s] -- Detecting C compile features - done
[0.227s] -- Detecting CXX compiler ABI info
[0.289s] -- Detecting CXX compiler ABI info - done
[0.303s] -- Check for working CXX compiler: /usr/bin/c++ - skipped
[0.303s] -- Detecting CXX compile features
[0.304s] -- Detecting CXX compile features - done
[0.315s] -- Found ament_cmake: 1.3.13 (/opt/ros/humble/share/ament_cmake/cmake)
[0.462s] -- Found Python3: /usr/bin/python3 (found version "3.10.12") found components: Interpreter
[0.519s] -- Override CMake install command with custom implementation using symlinks instead of copying resources
[0.560s] -- Found rclcpp: 16.0.18 (/opt/ros/humble/share/rclcpp/cmake)
[0.611s] -- Found rosidl_generator_c: 3.1.8 (/opt/ros/humble/share/rosidl_generator_c/cmake)
[0.619s] -- Found rosidl_adapter: 3.1.8 (/opt/ros/humble/share/rosidl_adapter/cmake)
[0.630s] -- Found rosidl_generator_cpp: 3.1.8 (/opt/ros/humble/share/rosidl_generator_cpp/cmake)
[0.647s] -- Using all available rosidl_typesupport_c: rosidl_typesupport_fastrtps_c;rosidl_typesupport_introspection_c
[0.669s] -- Using all available rosidl_typesupport_cpp: rosidl_typesupport_fastrtps_cpp;rosidl_typesupport_introspection_cpp
[0.728s] -- Found rmw_implementation_cmake: 6.1.2 (/opt/ros/humble/share/rmw_implementation_cmake/cmake)
[0.733s] -- Found rmw_fastrtps_cpp: 6.2.10 (/opt/ros/humble/share/rmw_fastrtps_cpp/cmake)
[0.834s] -- Found OpenSSL: /usr/lib/x86_64-linux-gnu/libcrypto.so (found version "3.0.2")
[0.872s] -- Found FastRTPS: /opt/ros/humble/include
[0.923s] -- Using RMW implementation 'rmw_fastrtps_cpp' as default
[0.937s] -- Performing Test CMAKE_HAVE_LIBC_PTHREAD
[0.995s] -- Performing Test CMAKE_HAVE_LIBC_PTHREAD - Success
[0.997s] -- Found Threads: TRUE
[1.066s] -- Found geometry_msgs: 4.9.1 (/opt/ros/humble/share/geometry_msgs/cmake)
[1.083s] -- Found tf2: 0.25.19 (/opt/ros/humble/share/tf2/cmake)
[1.095s] -- Found pcl_ros: 2.4.5 (/opt/ros/humble/share/pcl_ros/cmake)
[1.169s] [33mCMake Warning (dev) at /usr/lib/x86_64-linux-gnu/cmake/pcl/PCLConfig.cmake:146 (find_package):
[1.170s]   Policy CMP0144 is not set: find_package uses upper-case <PACKAGENAME>_ROOT
[1.170s]   variables.  Run "cmake --help-policy CMP0144" for policy details.  Use the
[1.170s]   cmake_policy command to set the policy and suppress this warning.
[1.170s] 
[1.170s]   CMake variable EIGEN_ROOT is set to:
[1.170s] 
[1.170s]     /usr/include/eigen3
[1.170s] 
[1.170s]   For compatibility, find_package is ignoring the variable, but code in a
[1.170s]   .cmake module might still use it.
[1.170s] Call Stack (most recent call first):
[1.171s]   /usr/lib/x86_64-linux-gnu/cmake/pcl/PCLConfig.cmake:299 (find_eigen)
[1.171s]   /usr/lib/x86_64-linux-gnu/cmake/pcl/PCLConfig.cmake:543 (find_external_library)
[1.171s]   /opt/ros/humble/share/pcl_conversions/cmake/ament_cmake_export_dependencies-extras.cmake:21 (find_package)
[1.171s]   /opt/ros/humble/share/pcl_conversions/cmake/pcl_conversionsConfig.cmake:41 (include)
[1.171s]   /opt/ros/humble/share/pcl_ros/cmake/ament_cmake_export_dependencies-extras.cmake:21 (find_package)
[1.171s]   /opt/ros/humble/share/pcl_ros/cmake/pcl_rosConfig.cmake:41 (include)
[1.171s]   CMakeLists.txt:21 (find_package)
[1.171s] This warning is for project developers.  Use -Wno-dev to suppress it.
[1.171s] [0m
[1.175s] -- Checking for module 'eigen3'
[1.185s] --   Found eigen3, version 3.4.0
[1.210s] -- Found Eigen: /usr/include/eigen3 (Required is at least version "3.1")
[1.211s] -- Eigen found (include: /usr/include/eigen3, version: 3.4.0)
[1.211s] [33mCMake Warning (dev) at /usr/lib/x86_64-linux-gnu/cmake/pcl/PCLConfig.cmake:128 (find_package):
[1.211s]   Policy CMP0167 is not set: The FindBoost module is removed.  Run "cmake
[1.211s]   --help-policy CMP0167" for policy details.  Use the cmake_policy command to
[1.211s]   set the policy and suppress this warning.
[1.211s] 
[1.211s] Call Stack (most recent call first):
[1.211s]   /usr/lib/x86_64-linux-gnu/cmake/pcl/PCLConfig.cmake:297 (find_boost)
[1.211s]   /usr/lib/x86_64-linux-gnu/cmake/pcl/PCLConfig.cmake:543 (find_external_library)
[1.211s]   /opt/ros/humble/share/pcl_conversions/cmake/ament_cmake_export_dependencies-extras.cmake:21 (find_package)
[1.211s]   /opt/ros/humble/share/pcl_conversions/cmake/pcl_conversionsConfig.cmake:41 (include)
[1.212s]   /opt/ros/humble/share/pcl_ros/cmake/ament_cmake_export_dependencies-extras.cmake:21 (find_package)
[1.212s]   /opt/ros/humble/share/pcl_ros/cmake/pcl_rosConfig.cmake:41 (include)
[1.212s]   CMakeLists.txt:21 (find_package)
[1.212s] This warning is for project developers.  Use -Wno-dev to suppress it.
[1.212s] [0m
[1.239s] [33mCMake Warning (dev) at /usr/lib/x86_64-linux-gnu/cmake/pcl/Modules/FindFLANN.cmake:44 (find_package):
[1.239s]   Policy CMP0144 is not set: find_package uses upper-case <PACKAGENAME>_ROOT
[1.239s]   variables.  Run "cmake --help-policy CMP0144" for policy details.  Use the
[1.239s]   cmake_policy command to set the policy and suppress this warning.
[1.239s] 
[1.239s]   CMake variable FLANN_ROOT is set to:
[1.239s] 
[1.239s]     /usr
[1.240s] 
[1.240s]   For compatibility, find_package is ignoring the variable, but code in a
[1.240s]   .cmake module might still use it.
[1.240s] Call Stack (most recent call first):
[1.240s]   /usr/lib/x86_64-linux-gnu/cmake/pcl/PCLConfig.cmake:256 (find_package)
[1.240s]   /usr/lib/x86_64-linux-gnu/cmake/pcl/PCLConfig.cmake:301 (find_flann)
[1.240s]   /usr/lib/x86_64-linux-gnu/cmake/pcl/PCLConfig.cmake:543 (find_external_library)
[1.240s]   /opt/ros/humble/share/pcl_conversions/cmake/ament_cmake_export_dependencies-extras.cmake:21 (find_package)
[1.240s]   /opt/ros/humble/share/pcl_conversions/cmake/pcl_conversionsConfig.cmake:41 (include)
[1.240s]   /opt/ros/humble/share/pcl_ros/cmake/ament_cmake_export_dependencies-extras.cmake:21 (find_package)
[1.240s]   /opt/ros/humble/share/pcl_ros/cmake/pcl_rosConfig.cmake:41 (include)
[1.240s]   CMakeLists.txt:21 (find_package)
[1.240s] This warning is for project developers.  Use -Wno-dev to suppress it.
[1.241s] [0m
[1.252s] -- Checking for module 'flann'
[1.263s] --   Found flann, version 1.9.1
[1.303s] -- Found FLANN: /usr/lib/x86_64-linux-gnu/libflann_cpp.so
[1.303s] -- FLANN found (include: /usr/include, lib: /usr/lib/x86_64-linux-gnu/libflann_cpp.so)
[2.377s] -- Checking for module 'libusb-1.0'
[2.392s] --   Found libusb-1.0, version 1.0.25
[2.427s] -- Found libusb: /usr/lib/x86_64-linux-gnu/libusb-1.0.so
[2.428s] -- OpenNI found (version: 1.5.4.0, include: /usr/include/ni, lib: /usr/lib/libOpenNI.so;libusb::libusb)
[2.478s] -- OpenNI2 found (version: 2.2.0.33, include: /usr/include/openni2, lib: /usr/lib/x86_64-linux-gnu/libOpenNI2.so;libusb::libusb)
[2.783s] [33mCMake Warning (dev) at /usr/lib/x86_64-linux-gnu/cmake/pcl/PCLConfig.cmake:128 (find_package):
[2.783s]   Policy CMP0167 is not set: The FindBoost module is removed.  Run "cmake
[2.783s]   --help-policy CMP0167" for policy details.  Use the cmake_policy command to
[2.783s]   set the policy and suppress this warning.
[2.783s] 
[2.783s] Call Stack (most recent call first):
[2.783s]   /usr/lib/x86_64-linux-gnu/cmake/pcl/PCLConfig.cmake:297 (find_boost)
[2.783s]   /usr/lib/x86_64-linux-gnu/cmake/pcl/PCLConfig.cmake:543 (find_external_library)
[2.784s]   /opt/ros/humble/share/pcl_conversions/cmake/ament_cmake_export_dependencies-extras.cmake:21 (find_package)
[2.784s]   /opt/ros/humble/share/pcl_conversions/cmake/pcl_conversionsConfig.cmake:41 (include)
[2.784s]   /opt/ros/humble/share/pcl_ros/cmake/ament_cmake_export_dependencies-extras.cmake:21 (find_package)
[2.784s]   /opt/ros/humble/share/pcl_ros/cmake/pcl_rosConfig.cmake:41 (include)
[2.784s]   CMakeLists.txt:21 (find_package)
[2.784s] This warning is for project developers.  Use -Wno-dev to suppress it.
[2.784s] [0m
[2.796s] -- Eigen found (include: /usr/include/eigen3, version: 3.4.0)
[2.804s] -- OpenNI found (version: 1.5.4.0, include: /usr/include/ni, lib: /usr/lib/libOpenNI.so;libusb::libusb)
[2.811s] -- OpenNI2 found (version: 2.2.0.33, include: /usr/include/openni2, lib: /usr/lib/x86_64-linux-gnu/libOpenNI2.so;libusb::libusb)
[3.171s] -- Found Qhull version 8.0.2
[3.647s] -- OpenNI found (version: 1.5.4.0, include: /usr/include/ni, lib: /usr/lib/libOpenNI.so;libusb::libusb)
[4.022s] -- Found PCL_COMMON: /usr/lib/x86_64-linux-gnu/libpcl_common.so
[4.024s] -- Found PCL_KDTREE: /usr/lib/x86_64-linux-gnu/libpcl_kdtree.so
[4.026s] -- Found PCL_OCTREE: /usr/lib/x86_64-linux-gnu/libpcl_octree.so
[4.028s] -- Found PCL_SEARCH: /usr/lib/x86_64-linux-gnu/libpcl_search.so
[4.030s] -- Found PCL_SAMPLE_CONSENSUS: /usr/lib/x86_64-linux-gnu/libpcl_sample_consensus.so
[4.032s] -- Found PCL_FILTERS: /usr/lib/x86_64-linux-gnu/libpcl_filters.so
[4.033s] -- Found PCL_2D: /usr/include/pcl-1.12
[4.033s] -- Found PCL_GEOMETRY: /usr/include/pcl-1.12
[4.036s] -- Found PCL_IO: /usr/lib/x86_64-linux-gnu/libpcl_io.so
[4.038s] -- Found PCL_FEATURES: /usr/lib/x86_64-linux-gnu/libpcl_features.so
[4.040s] -- Found PCL_ML: /usr/lib/x86_64-linux-gnu/libpcl_ml.so
[4.042s] -- Found PCL_SEGMENTATION: /usr/lib/x86_64-linux-gnu/libpcl_segmentation.so
[4.044s] -- Found PCL_VISUALIZATION: /usr/lib/x86_64-linux-gnu/libpcl_visualization.so
[4.046s] -- Found PCL_SURFACE: /usr/lib/x86_64-linux-gnu/libpcl_surface.so
[4.048s] -- Found PCL_REGISTRATION: /usr/lib/x86_64-linux-gnu/libpcl_registration.so
[4.050s] -- Found PCL_KEYPOINTS: /usr/lib/x86_64-linux-gnu/libpcl_keypoints.so
[4.053s] -- Found PCL_TRACKING: /usr/lib/x86_64-linux-gnu/libpcl_tracking.so
[4.055s] -- Found PCL_RECOGNITION: /usr/lib/x86_64-linux-gnu/libpcl_recognition.so
[4.057s] -- Found PCL_STEREO: /usr/lib/x86_64-linux-gnu/libpcl_stereo.so
[4.059s] -- Found PCL_APPS: /usr/lib/x86_64-linux-gnu/libpcl_apps.so
[4.061s] -- Found PCL_IN_HAND_SCANNER: /usr/include/pcl-1.12
[4.061s] -- Found PCL_MODELER: /usr/include/pcl-1.12
[4.062s] -- Found PCL_POINT_CLOUD_EDITOR: /usr/include/pcl-1.12
[4.064s] -- Found PCL_OUTOFCORE: /usr/lib/x86_64-linux-gnu/libpcl_outofcore.so
[4.066s] -- Found PCL_PEOPLE: /usr/lib/x86_64-linux-gnu/libpcl_people.so
[4.107s] -- Found eigen3_cmake_module: 0.1.1 (/opt/ros/humble/share/eigen3_cmake_module/cmake)
[4.109s] -- Found Eigen3: TRUE (found version "3.4.0")
[4.109s] -- Ensuring Eigen3 include directory is part of orocos-kdl CMake target
[4.316s] -- Found octomap_ros: 0.4.4 (/opt/ros/humble/share/octomap_ros/cmake)
[4.358s] -- Found tf2_eigen: 0.25.19 (/opt/ros/humble/share/tf2_eigen/cmake)
[4.567s] -- Found OpenMP_C: -fopenmp (found version "4.5")
[4.638s] -- Found OpenMP_CXX: -fopenmp (found version "4.5")
[4.639s] -- Found OpenMP: TRUE (found version "4.5")
[4.642s] -- Found livox_ros_driver2: 1.0.0 (/home/xinzhu/sentry_ws/install/livox_ros_driver2/share/livox_ros_driver2/cmake)
[4.771s] -- Configuring done (4.8s)
[4.833s] -- Generating done (0.1s)
[4.842s] -- Build files have been written to: /home/xinzhu/sentry_ws/build/icp_relocalization
[4.859s] Invoked command in '/home/xinzhu/sentry_ws/build/icp_relocalization' returned '0': AMENT_PREFIX_PATH=/home/xinzhu/sentry_ws/install/livox_ros_driver2:${AMENT_PREFIX_PATH} CMAKE_PREFIX_PATH=/home/xinzhu/sentry_ws/install/livox_ros_driver2:/home/xinzhu/Desktop/sentry_ws/install/terrain_analysis_ext:/home/xinzhu/Desktop/sentry_ws/install/terrain_analysis:/home/xinzhu/Desktop/sentry_ws/install/sentry_description:/home/xinzhu/Desktop/sentry_ws/install/sentry_bringup:/home/xinzhu/Desktop/sentry_ws/install/sensor_scan_generation:/home/xinzhu/Desktop/sentry_ws/install/rm_bringup:/home/xinzhu/Desktop/sentry_ws/install/rm_serial_driver:/home/xinzhu/Desktop/sentry_ws/install/rm_camera_driver:/home/xinzhu/Desktop/sentry_ws/install/rm_auto_aim:/home/xinzhu/Desktop/sentry_ws/install/armor_solver:/home/xinzhu/Desktop/sentry_ws/install/armor_detector:/home/xinzhu/Desktop/sentry_ws/install/rm_utils:/home/xinzhu/Desktop/sentry_ws/install/rm_robot_description:/home/xinzhu/Desktop/sentry_ws/install/rm_decision_cpp:/home/xinzhu/Desktop/sentry_ws/install/cmd_chassis:/home/xinzhu/Desktop/sentry_ws/install/rm_interfaces:/home/xinzhu/Desktop/sentry_ws/install/fast_lio:/home/xinzhu/Desktop/sentry_ws/install/livox_ros_driver2:/home/xinzhu/Desktop/sentry_ws/install/icp_relocalization:/home/xinzhu/Desktop/sentry_ws/install/costmap_intensity:/home/xinzhu/Desktop/sentry_ws/install/behaviortree_cpp:/home/xinzhu/Desktop/sentry_ws/install/behavior_ext_plugins:/home/xinzhu/Desktop/sentry_ws/install/auto_aim_interfaces:/home/xinzhu/Desktop/sentry_ws/install/control_panel:/opt/ros/humble LD_LIBRARY_PATH=/home/xinzhu/sentry_ws/install/livox_ros_driver2/lib:${LD_LIBRARY_PATH} PS1=%F{green}%n@%m%f%F{white}:%f%F{blue}%~%f%F{white}$%f PYTHONPATH=/home/xinzhu/sentry_ws/install/livox_ros_driver2/local/lib/python3.10/dist-packages:${PYTHONPATH} /usr/local/bin/cmake /home/xinzhu/sentry_ws/src/icp_relocalization -DCMAKE_BUILD_TYPE=Release -DAMENT_CMAKE_SYMLINK_INSTALL=1 -DCMAKE_INSTALL_PREFIX=/home/xinzhu/sentry_ws/install/icp_relocalization
[4.861s] Invoking command in '/home/xinzhu/sentry_ws/build/icp_relocalization': AMENT_PREFIX_PATH=/home/xinzhu/sentry_ws/install/livox_ros_driver2:${AMENT_PREFIX_PATH} CMAKE_PREFIX_PATH=/home/xinzhu/sentry_ws/install/livox_ros_driver2:/home/xinzhu/Desktop/sentry_ws/install/terrain_analysis_ext:/home/xinzhu/Desktop/sentry_ws/install/terrain_analysis:/home/xinzhu/Desktop/sentry_ws/install/sentry_description:/home/xinzhu/Desktop/sentry_ws/install/sentry_bringup:/home/xinzhu/Desktop/sentry_ws/install/sensor_scan_generation:/home/xinzhu/Desktop/sentry_ws/install/rm_bringup:/home/xinzhu/Desktop/sentry_ws/install/rm_serial_driver:/home/xinzhu/Desktop/sentry_ws/install/rm_camera_driver:/home/xinzhu/Desktop/sentry_ws/install/rm_auto_aim:/home/xinzhu/Desktop/sentry_ws/install/armor_solver:/home/xinzhu/Desktop/sentry_ws/install/armor_detector:/home/xinzhu/Desktop/sentry_ws/install/rm_utils:/home/xinzhu/Desktop/sentry_ws/install/rm_robot_description:/home/xinzhu/Desktop/sentry_ws/install/rm_decision_cpp:/home/xinzhu/Desktop/sentry_ws/install/cmd_chassis:/home/xinzhu/Desktop/sentry_ws/install/rm_interfaces:/home/xinzhu/Desktop/sentry_ws/install/fast_lio:/home/xinzhu/Desktop/sentry_ws/install/livox_ros_driver2:/home/xinzhu/Desktop/sentry_ws/install/icp_relocalization:/home/xinzhu/Desktop/sentry_ws/install/costmap_intensity:/home/xinzhu/Desktop/sentry_ws/install/behaviortree_cpp:/home/xinzhu/Desktop/sentry_ws/install/behavior_ext_plugins:/home/xinzhu/Desktop/sentry_ws/install/auto_aim_interfaces:/home/xinzhu/Desktop/sentry_ws/install/control_panel:/opt/ros/humble LD_LIBRARY_PATH=/home/xinzhu/sentry_ws/install/livox_ros_driver2/lib:${LD_LIBRARY_PATH} PS1=%F{green}%n@%m%f%F{white}:%f%F{blue}%~%f%F{white}$%f PYTHONPATH=/home/xinzhu/sentry_ws/install/livox_ros_driver2/local/lib/python3.10/dist-packages:${PYTHONPATH} /usr/local/bin/cmake --build /home/xinzhu/sentry_ws/build/icp_relocalization -- -j16 -l16
[4.887s] [ 16%] [32mBuilding CXX object CMakeFiles/icp_node.dir/src/icp_node.cpp.o[0m
[10.130s] [01m[K/home/xinzhu/sentry_ws/src/icp_relocalization/src/icp_node.cpp:[m[K In member function ‘[01m[Kvoid ICPNode::lvx_cloud_callback(livox_ros_driver2::msg::CustomMsg_<std::allocator<void> >::SharedPtr)[m[K’:
[10.130s] [01m[K/home/xinzhu/sentry_ws/src/icp_relocalization/src/icp_node.cpp:209:27:[m[K [01;35m[Kwarning: [m[Kcomparison of integer expressions of different signedness: ‘[01m[Kint[m[K’ and ‘[01m[Klivox_ros_driver2::msg::CustomMsg_<std::allocator<void> >::_point_num_type[m[K’ {aka ‘[01m[Kunsigned int[m[K’} [[01;35m[K]8;;https://gcc.gnu.org/onlinedocs/gcc/Warning-Options.html#index-Wsign-compare-Wsign-compare]8;;[m[K]
[10.130s]   209 |         for (int i = 0; [01;35m[Ki < msg->point_num[m[K; i++)
[10.130s]       |                         [01;35m[K~~^~~~~~~~~~~~~~~~[m[K
[27.686s] [ 33%] [32m[1mLinking CXX executable icp_node[0m
[28.671s] [ 33%] Built target icp_node
[28.685s] [ 50%] [32mBuilding CXX object CMakeFiles/sac_ia_gicp.dir/src/sac_ia_gicp.cpp.o[0m
[28.686s] [ 66%] [32mBuilding CXX object CMakeFiles/transform_publisher.dir/src/transform_publisher.cpp.o[0m
[38.712s] [ 83%] [32m[1mLinking CXX executable transform_publisher[0m
[38.986s] [ 83%] Built target transform_publisher
[52.592s] [100%] [32m[1mLinking CXX executable sac_ia_gicp[0m
[54.604s] [100%] Built target sac_ia_gicp
[54.610s] Invoked command in '/home/xinzhu/sentry_ws/build/icp_relocalization' returned '0': AMENT_PREFIX_PATH=/home/xinzhu/sentry_ws/install/livox_ros_driver2:${AMENT_PREFIX_PATH} CMAKE_PREFIX_PATH=/home/xinzhu/sentry_ws/install/livox_ros_driver2:/home/xinzhu/Desktop/sentry_ws/install/terrain_analysis_ext:/home/xinzhu/Desktop/sentry_ws/install/terrain_analysis:/home/xinzhu/Desktop/sentry_ws/install/sentry_description:/home/xinzhu/Desktop/sentry_ws/install/sentry_bringup:/home/xinzhu/Desktop/sentry_ws/install/sensor_scan_generation:/home/xinzhu/Desktop/sentry_ws/install/rm_bringup:/home/xinzhu/Desktop/sentry_ws/install/rm_serial_driver:/home/xinzhu/Desktop/sentry_ws/install/rm_camera_driver:/home/xinzhu/Desktop/sentry_ws/install/rm_auto_aim:/home/xinzhu/Desktop/sentry_ws/install/armor_solver:/home/xinzhu/Desktop/sentry_ws/install/armor_detector:/home/xinzhu/Desktop/sentry_ws/install/rm_utils:/home/xinzhu/Desktop/sentry_ws/install/rm_robot_description:/home/xinzhu/Desktop/sentry_ws/install/rm_decision_cpp:/home/xinzhu/Desktop/sentry_ws/install/cmd_chassis:/home/xinzhu/Desktop/sentry_ws/install/rm_interfaces:/home/xinzhu/Desktop/sentry_ws/install/fast_lio:/home/xinzhu/Desktop/sentry_ws/install/livox_ros_driver2:/home/xinzhu/Desktop/sentry_ws/install/icp_relocalization:/home/xinzhu/Desktop/sentry_ws/install/costmap_intensity:/home/xinzhu/Desktop/sentry_ws/install/behaviortree_cpp:/home/xinzhu/Desktop/sentry_ws/install/behavior_ext_plugins:/home/xinzhu/Desktop/sentry_ws/install/auto_aim_interfaces:/home/xinzhu/Desktop/sentry_ws/install/control_panel:/opt/ros/humble LD_LIBRARY_PATH=/home/xinzhu/sentry_ws/install/livox_ros_driver2/lib:${LD_LIBRARY_PATH} PS1=%F{green}%n@%m%f%F{white}:%f%F{blue}%~%f%F{white}$%f PYTHONPATH=/home/xinzhu/sentry_ws/install/livox_ros_driver2/local/lib/python3.10/dist-packages:${PYTHONPATH} /usr/local/bin/cmake --build /home/xinzhu/sentry_ws/build/icp_relocalization -- -j16 -l16
[54.612s] Invoking command in '/home/xinzhu/sentry_ws/build/icp_relocalization': AMENT_PREFIX_PATH=/home/xinzhu/sentry_ws/install/livox_ros_driver2:${AMENT_PREFIX_PATH} CMAKE_PREFIX_PATH=/home/xinzhu/sentry_ws/install/livox_ros_driver2:/home/xinzhu/Desktop/sentry_ws/install/terrain_analysis_ext:/home/xinzhu/Desktop/sentry_ws/install/terrain_analysis:/home/xinzhu/Desktop/sentry_ws/install/sentry_description:/home/xinzhu/Desktop/sentry_ws/install/sentry_bringup:/home/xinzhu/Desktop/sentry_ws/install/sensor_scan_generation:/home/xinzhu/Desktop/sentry_ws/install/rm_bringup:/home/xinzhu/Desktop/sentry_ws/install/rm_serial_driver:/home/xinzhu/Desktop/sentry_ws/install/rm_camera_driver:/home/xinzhu/Desktop/sentry_ws/install/rm_auto_aim:/home/xinzhu/Desktop/sentry_ws/install/armor_solver:/home/xinzhu/Desktop/sentry_ws/install/armor_detector:/home/xinzhu/Desktop/sentry_ws/install/rm_utils:/home/xinzhu/Desktop/sentry_ws/install/rm_robot_description:/home/xinzhu/Desktop/sentry_ws/install/rm_decision_cpp:/home/xinzhu/Desktop/sentry_ws/install/cmd_chassis:/home/xinzhu/Desktop/sentry_ws/install/rm_interfaces:/home/xinzhu/Desktop/sentry_ws/install/fast_lio:/home/xinzhu/Desktop/sentry_ws/install/livox_ros_driver2:/home/xinzhu/Desktop/sentry_ws/install/icp_relocalization:/home/xinzhu/Desktop/sentry_ws/install/costmap_intensity:/home/xinzhu/Desktop/sentry_ws/install/behaviortree_cpp:/home/xinzhu/Desktop/sentry_ws/install/behavior_ext_plugins:/home/xinzhu/Desktop/sentry_ws/install/auto_aim_interfaces:/home/xinzhu/Desktop/sentry_ws/install/control_panel:/opt/ros/humble LD_LIBRARY_PATH=/home/xinzhu/sentry_ws/install/livox_ros_driver2/lib:${LD_LIBRARY_PATH} PS1=%F{green}%n@%m%f%F{white}:%f%F{blue}%~%f%F{white}$%f PYTHONPATH=/home/xinzhu/sentry_ws/install/livox_ros_driver2/local/lib/python3.10/dist-packages:${PYTHONPATH} /usr/local/bin/cmake --install /home/xinzhu/sentry_ws/build/icp_relocalization
[54.616s] -- Install configuration: "Release"
[54.616s] -- Execute custom install script
[54.616s] -- Symlinking: /home/xinzhu/sentry_ws/install/icp_relocalization/share/icp_relocalization/launch/icp.launch.py
[54.620s] -- Symlinking: /home/xinzhu/sentry_ws/install/icp_relocalization/share/icp_relocalization/launch/sac_ia_gicp.launch.py
[54.624s] -- Symlinking: /home/xinzhu/sentry_ws/install/icp_relocalization/lib/icp_relocalization/icp_node
[54.627s] -- Symlinking: /home/xinzhu/sentry_ws/install/icp_relocalization/lib/icp_relocalization/transform_publisher
[54.631s] -- Symlinking: /home/xinzhu/sentry_ws/install/icp_relocalization/lib/icp_relocalization/sac_ia_gicp
[54.636s] -- Symlinking: /home/xinzhu/sentry_ws/install/icp_relocalization/share/ament_index/resource_index/package_run_dependencies/icp_relocalization
[54.641s] -- Symlinking: /home/xinzhu/sentry_ws/install/icp_relocalization/share/ament_index/resource_index/parent_prefix_path/icp_relocalization
[54.646s] -- Symlinking: /home/xinzhu/sentry_ws/install/icp_relocalization/share/icp_relocalization/environment/ament_prefix_path.sh
[54.650s] -- Symlinking: /home/xinzhu/sentry_ws/install/icp_relocalization/share/icp_relocalization/environment/ament_prefix_path.dsv
[54.654s] -- Symlinking: /home/xinzhu/sentry_ws/install/icp_relocalization/share/icp_relocalization/environment/path.sh
[54.659s] -- Symlinking: /home/xinzhu/sentry_ws/install/icp_relocalization/share/icp_relocalization/environment/path.dsv
[54.663s] -- Symlinking: /home/xinzhu/sentry_ws/install/icp_relocalization/share/icp_relocalization/local_setup.bash
[54.666s] -- Symlinking: /home/xinzhu/sentry_ws/install/icp_relocalization/share/icp_relocalization/local_setup.sh
[54.671s] -- Symlinking: /home/xinzhu/sentry_ws/install/icp_relocalization/share/icp_relocalization/local_setup.zsh
[54.674s] -- Symlinking: /home/xinzhu/sentry_ws/install/icp_relocalization/share/icp_relocalization/local_setup.dsv
[54.677s] -- Symlinking: /home/xinzhu/sentry_ws/install/icp_relocalization/share/icp_relocalization/package.dsv
[54.681s] -- Symlinking: /home/xinzhu/sentry_ws/install/icp_relocalization/share/ament_index/resource_index/packages/icp_relocalization
[54.685s] -- Symlinking: /home/xinzhu/sentry_ws/install/icp_relocalization/share/icp_relocalization/cmake/icp_relocalizationConfig.cmake
[54.688s] -- Symlinking: /home/xinzhu/sentry_ws/install/icp_relocalization/share/icp_relocalization/cmake/icp_relocalizationConfig-version.cmake
[54.692s] -- Symlinking: /home/xinzhu/sentry_ws/install/icp_relocalization/share/icp_relocalization/package.xml
[54.697s] Invoked command in '/home/xinzhu/sentry_ws/build/icp_relocalization' returned '0': AMENT_PREFIX_PATH=/home/xinzhu/sentry_ws/install/livox_ros_driver2:${AMENT_PREFIX_PATH} CMAKE_PREFIX_PATH=/home/xinzhu/sentry_ws/install/livox_ros_driver2:/home/xinzhu/Desktop/sentry_ws/install/terrain_analysis_ext:/home/xinzhu/Desktop/sentry_ws/install/terrain_analysis:/home/xinzhu/Desktop/sentry_ws/install/sentry_description:/home/xinzhu/Desktop/sentry_ws/install/sentry_bringup:/home/xinzhu/Desktop/sentry_ws/install/sensor_scan_generation:/home/xinzhu/Desktop/sentry_ws/install/rm_bringup:/home/xinzhu/Desktop/sentry_ws/install/rm_serial_driver:/home/xinzhu/Desktop/sentry_ws/install/rm_camera_driver:/home/xinzhu/Desktop/sentry_ws/install/rm_auto_aim:/home/xinzhu/Desktop/sentry_ws/install/armor_solver:/home/xinzhu/Desktop/sentry_ws/install/armor_detector:/home/xinzhu/Desktop/sentry_ws/install/rm_utils:/home/xinzhu/Desktop/sentry_ws/install/rm_robot_description:/home/xinzhu/Desktop/sentry_ws/install/rm_decision_cpp:/home/xinzhu/Desktop/sentry_ws/install/cmd_chassis:/home/xinzhu/Desktop/sentry_ws/install/rm_interfaces:/home/xinzhu/Desktop/sentry_ws/install/fast_lio:/home/xinzhu/Desktop/sentry_ws/install/livox_ros_driver2:/home/xinzhu/Desktop/sentry_ws/install/icp_relocalization:/home/xinzhu/Desktop/sentry_ws/install/costmap_intensity:/home/xinzhu/Desktop/sentry_ws/install/behaviortree_cpp:/home/xinzhu/Desktop/sentry_ws/install/behavior_ext_plugins:/home/xinzhu/Desktop/sentry_ws/install/auto_aim_interfaces:/home/xinzhu/Desktop/sentry_ws/install/control_panel:/opt/ros/humble LD_LIBRARY_PATH=/home/xinzhu/sentry_ws/install/livox_ros_driver2/lib:${LD_LIBRARY_PATH} PS1=%F{green}%n@%m%f%F{white}:%f%F{blue}%~%f%F{white}$%f PYTHONPATH=/home/xinzhu/sentry_ws/install/livox_ros_driver2/local/lib/python3.10/dist-packages:${PYTHONPATH} /usr/local/bin/cmake --install /home/xinzhu/sentry_ws/build/icp_relocalization
