-- Found ament_cmake: 1.3.13 (/opt/ros/humble/share/ament_cmake/cmake)
-- Override CMake install command with custom implementation using symlinks instead of copying resources
-- Found rclcpp: 16.0.18 (/opt/ros/humble/share/rclcpp/cmake)
-- Found rosidl_generator_c: 3.1.8 (/opt/ros/humble/share/rosidl_generator_c/cmake)
-- Found rosidl_adapter: 3.1.8 (/opt/ros/humble/share/rosidl_adapter/cmake)
-- Found rosidl_generator_cpp: 3.1.8 (/opt/ros/humble/share/rosidl_generator_cpp/cmake)
-- Using all available rosidl_typesupport_c: rosidl_typesupport_fastrtps_c;rosidl_typesupport_introspection_c
-- Using all available rosidl_typesupport_cpp: rosidl_typesupport_fastrtps_cpp;rosidl_typesupport_introspection_cpp
-- Found rmw_implementation_cmake: 6.1.2 (/opt/ros/humble/share/rmw_implementation_cmake/cmake)
-- Found rmw_fastrtps_cpp: 6.2.10 (/opt/ros/humble/share/rmw_fastrtps_cpp/cmake)
-- Using RMW implementation 'rmw_fastrtps_cpp' as default
-- Found geometry_msgs: 4.9.1 (/opt/ros/humble/share/geometry_msgs/cmake)
-- Found tf2: 0.25.19 (/opt/ros/humble/share/tf2/cmake)
-- Found pcl_ros: 2.4.5 (/opt/ros/humble/share/pcl_ros/cmake)
-- Eigen found (include: /usr/include/eigen3, version: 3.4.0)
-- FLANN found (include: /usr/include, lib: /usr/lib/x86_64-linux-gnu/libflann_cpp.so)
-- OpenNI found (version: 1.5.4.0, include: /usr/include/ni, lib: /usr/lib/libOpenNI.so;libusb::libusb)
-- OpenNI2 found (version: 2.2.0.33, include: /usr/include/openni2, lib: /usr/lib/x86_64-linux-gnu/libOpenNI2.so;libusb::libusb)
-- Eigen found (include: /usr/include/eigen3, version: 3.4.0)
-- OpenNI found (version: 1.5.4.0, include: /usr/include/ni, lib: /usr/lib/libOpenNI.so;libusb::libusb)
-- OpenNI2 found (version: 2.2.0.33, include: /usr/include/openni2, lib: /usr/lib/x86_64-linux-gnu/libOpenNI2.so;libusb::libusb)
-- Found Qhull version 8.0.2
-- OpenNI found (version: 1.5.4.0, include: /usr/include/ni, lib: /usr/lib/libOpenNI.so;libusb::libusb)
-- Found eigen3_cmake_module: 0.1.1 (/opt/ros/humble/share/eigen3_cmake_module/cmake)
-- Ensuring Eigen3 include directory is part of orocos-kdl CMake target
-- Found octomap_ros: 0.4.4 (/opt/ros/humble/share/octomap_ros/cmake)
-- Found tf2_eigen: 0.25.19 (/opt/ros/humble/share/tf2_eigen/cmake)
-- Found livox_ros_driver2: 1.0.0 (/home/xinzhu/sentry_ws/install/livox_ros_driver2/share/livox_ros_driver2/cmake)
-- Configuring done (1.6s)
-- Generating done (0.1s)
-- Build files have been written to: /home/xinzhu/sentry_ws/build/icp_relocalization
[ 33%] Built target transform_publisher
[ 66%] Built target sac_ia_gicp
[100%] Built target icp_node
-- Install configuration: "Release"
-- Execute custom install script
-- Up-to-date symlink: /home/xinzhu/sentry_ws/install/icp_relocalization/share/icp_relocalization/launch/icp.launch.py
-- Up-to-date symlink: /home/xinzhu/sentry_ws/install/icp_relocalization/share/icp_relocalization/launch/sac_ia_gicp.launch.py
-- Up-to-date symlink: /home/xinzhu/sentry_ws/install/icp_relocalization/lib/icp_relocalization/icp_node
-- Up-to-date symlink: /home/xinzhu/sentry_ws/install/icp_relocalization/lib/icp_relocalization/transform_publisher
-- Up-to-date symlink: /home/xinzhu/sentry_ws/install/icp_relocalization/lib/icp_relocalization/sac_ia_gicp
-- Up-to-date symlink: /home/xinzhu/sentry_ws/install/icp_relocalization/share/ament_index/resource_index/package_run_dependencies/icp_relocalization
-- Up-to-date symlink: /home/xinzhu/sentry_ws/install/icp_relocalization/share/ament_index/resource_index/parent_prefix_path/icp_relocalization
-- Up-to-date symlink: /home/xinzhu/sentry_ws/install/icp_relocalization/share/icp_relocalization/environment/ament_prefix_path.sh
-- Up-to-date symlink: /home/xinzhu/sentry_ws/install/icp_relocalization/share/icp_relocalization/environment/ament_prefix_path.dsv
-- Up-to-date symlink: /home/xinzhu/sentry_ws/install/icp_relocalization/share/icp_relocalization/environment/path.sh
-- Up-to-date symlink: /home/xinzhu/sentry_ws/install/icp_relocalization/share/icp_relocalization/environment/path.dsv
-- Up-to-date symlink: /home/xinzhu/sentry_ws/install/icp_relocalization/share/icp_relocalization/local_setup.bash
-- Up-to-date symlink: /home/xinzhu/sentry_ws/install/icp_relocalization/share/icp_relocalization/local_setup.sh
-- Up-to-date symlink: /home/xinzhu/sentry_ws/install/icp_relocalization/share/icp_relocalization/local_setup.zsh
-- Up-to-date symlink: /home/xinzhu/sentry_ws/install/icp_relocalization/share/icp_relocalization/local_setup.dsv
-- Symlinking: /home/xinzhu/sentry_ws/install/icp_relocalization/share/icp_relocalization/package.dsv
-- Up-to-date symlink: /home/xinzhu/sentry_ws/install/icp_relocalization/share/ament_index/resource_index/packages/icp_relocalization
-- Up-to-date symlink: /home/xinzhu/sentry_ws/install/icp_relocalization/share/icp_relocalization/cmake/icp_relocalizationConfig.cmake
-- Up-to-date symlink: /home/xinzhu/sentry_ws/install/icp_relocalization/share/icp_relocalization/cmake/icp_relocalizationConfig-version.cmake
-- Up-to-date symlink: /home/xinzhu/sentry_ws/install/icp_relocalization/share/icp_relocalization/package.xml
