-- Found ament_cmake_auto: 1.3.13 (/opt/ros/humble/share/ament_cmake_auto/cmake)
-- Override CMake install command with custom implementation using symlinks instead of copying resources
-- Found rosidl_generator_c: 3.1.8 (/opt/ros/humble/share/rosidl_generator_c/cmake)
-- Found rosidl_adapter: 3.1.8 (/opt/ros/humble/share/rosidl_adapter/cmake)
-- Found rosidl_generator_cpp: 3.1.8 (/opt/ros/humble/share/rosidl_generator_cpp/cmake)
-- Using all available rosidl_typesupport_c: rosidl_typesupport_fastrtps_c;rosidl_typesupport_introspection_c
-- Using all available rosidl_typesupport_cpp: rosidl_typesupport_fastrtps_cpp;rosidl_typesupport_introspection_cpp
-- Found rmw_implementation_cmake: 6.1.2 (/opt/ros/humble/share/rmw_implementation_cmake/cmake)
-- Found rmw_fastrtps_cpp: 6.2.10 (/opt/ros/humble/share/rmw_fastrtps_cpp/cmake)
-- Using RMW implementation 'rmw_fastrtps_cpp' as default
-- Found AMD headers in: /usr/include/suitesparse
-- Found AMD library: /usr/lib/x86_64-linux-gnu/libamd.so
-- Found CAMD headers in: /usr/include/suitesparse
-- Found CAMD library: /usr/lib/x86_64-linux-gnu/libcamd.so
-- Found CCOLAMD headers in: /usr/include/suitesparse
-- Found CCOLAMD library: /usr/lib/x86_64-linux-gnu/libccolamd.so
-- Found CHOLMOD headers in: /usr/include/suitesparse
-- Found CHOLMOD library: /usr/lib/x86_64-linux-gnu/libcholmod.so
-- Found COLAMD headers in: /usr/include/suitesparse
-- Found COLAMD library: /usr/lib/x86_64-linux-gnu/libcolamd.so
-- Found SPQR headers in: /usr/include/suitesparse
-- Found SPQR library: /usr/lib/x86_64-linux-gnu/libspqr.so
-- Found Config headers in: /usr/include/suitesparse
-- Found Config library: /usr/lib/x86_64-linux-gnu/libsuitesparseconfig.so
-- Found Intel Thread Building Blocks (TBB) library (2021.5 / ) include location: . Assuming SuiteSparseQR was compiled with TBB.
-- Adding librt to SuiteSparse_config libraries (required on Linux & Unix [not OSX] if SuiteSparse is compiled with timing).
-- Could NOT find METIS (missing: METIS_INCLUDE_DIR METIS_LIBRARY) 
-- Found ament_lint_auto: 0.12.15 (/opt/ros/humble/share/ament_lint_auto/cmake)
-- Added test 'cppcheck' to perform static code analysis on C / C++ code
-- Configured cppcheck include dirs: /home/xinzhu/sentry_ws/src/rm_hardware_driver/rm_camera_driver/include
-- Configured cppcheck exclude dirs and/or files: 
-- Added test 'lint_cmake' to check CMake code style
-- Added test 'xmllint' to check XML markup files
-- Configuring done (0.7s)
-- Generating done (0.0s)
-- Build files have been written to: /home/xinzhu/sentry_ws/build/rm_camera_driver
[ 50%] Built target rm_camera_driver_node
[ 50%] Built target video_player_node
[100%] Built target rm_camera_driver
-- Install configuration: "Release"
-- Execute custom install script
-- Up-to-date symlink: /home/xinzhu/sentry_ws/install/rm_camera_driver/lib/x86_64/1555df0c238ef408c62d6ff58221ca8742fb56f0.cache
-- Up-to-date symlink: /home/xinzhu/sentry_ws/install/rm_camera_driver/lib/x86_64/452e5af839bed9a84b2a73eb107232d644aabef8.cache
-- Up-to-date symlink: /home/xinzhu/sentry_ws/install/rm_camera_driver/lib/x86_64/GxGVTL.cti
-- Up-to-date symlink: /home/xinzhu/sentry_ws/install/rm_camera_driver/lib/x86_64/GxU3VTL.cti
-- Up-to-date symlink: /home/xinzhu/sentry_ws/install/rm_camera_driver/lib/x86_64/bc4b08373788f18282ff1e747a98dd6c21a8b629.cache
-- Up-to-date symlink: /home/xinzhu/sentry_ws/install/rm_camera_driver/lib/x86_64/libgxiapi.so
-- Up-to-date symlink: /home/xinzhu/sentry_ws/install/rm_camera_driver/lib/x86_64/libgxiapi.so.1.0.1904.8241
-- Up-to-date symlink: /home/xinzhu/sentry_ws/install/rm_camera_driver/lib/rm_camera_driver/rm_camera_driver_node
-- Up-to-date symlink: /home/xinzhu/sentry_ws/install/rm_camera_driver/lib/rm_camera_driver/video_player_node
-- Up-to-date symlink: /home/xinzhu/sentry_ws/install/rm_camera_driver/include/daheng/DxImageProc.h
-- Up-to-date symlink: /home/xinzhu/sentry_ws/install/rm_camera_driver/include/daheng/GxIAPI.h
-- Up-to-date symlink: /home/xinzhu/sentry_ws/install/rm_camera_driver/include/rm_camera_driver/daheng_camera.hpp
-- Up-to-date symlink: /home/xinzhu/sentry_ws/install/rm_camera_driver/include/rm_camera_driver/recorder.hpp
-- Up-to-date symlink: /home/xinzhu/sentry_ws/install/rm_camera_driver/share/rm_camera_driver/environment/library_path.sh
-- Up-to-date symlink: /home/xinzhu/sentry_ws/install/rm_camera_driver/share/rm_camera_driver/environment/library_path.dsv
-- Up-to-date symlink: /home/xinzhu/sentry_ws/install/rm_camera_driver/lib/librm_camera_driver.so
-- Up-to-date symlink: /home/xinzhu/sentry_ws/install/rm_camera_driver/share/ament_index/resource_index/package_run_dependencies/rm_camera_driver
-- Up-to-date symlink: /home/xinzhu/sentry_ws/install/rm_camera_driver/share/ament_index/resource_index/parent_prefix_path/rm_camera_driver
-- Up-to-date symlink: /home/xinzhu/sentry_ws/install/rm_camera_driver/share/rm_camera_driver/environment/ament_prefix_path.sh
-- Up-to-date symlink: /home/xinzhu/sentry_ws/install/rm_camera_driver/share/rm_camera_driver/environment/ament_prefix_path.dsv
-- Up-to-date symlink: /home/xinzhu/sentry_ws/install/rm_camera_driver/share/rm_camera_driver/environment/path.sh
-- Up-to-date symlink: /home/xinzhu/sentry_ws/install/rm_camera_driver/share/rm_camera_driver/environment/path.dsv
-- Up-to-date symlink: /home/xinzhu/sentry_ws/install/rm_camera_driver/share/rm_camera_driver/local_setup.bash
-- Up-to-date symlink: /home/xinzhu/sentry_ws/install/rm_camera_driver/share/rm_camera_driver/local_setup.sh
-- Up-to-date symlink: /home/xinzhu/sentry_ws/install/rm_camera_driver/share/rm_camera_driver/local_setup.zsh
-- Up-to-date symlink: /home/xinzhu/sentry_ws/install/rm_camera_driver/share/rm_camera_driver/local_setup.dsv
-- Symlinking: /home/xinzhu/sentry_ws/install/rm_camera_driver/share/rm_camera_driver/package.dsv
-- Up-to-date symlink: /home/xinzhu/sentry_ws/install/rm_camera_driver/share/ament_index/resource_index/packages/rm_camera_driver
-- Up-to-date symlink: /home/xinzhu/sentry_ws/install/rm_camera_driver/share/ament_index/resource_index/rclcpp_components/rm_camera_driver
-- Up-to-date symlink: /home/xinzhu/sentry_ws/install/rm_camera_driver/share/rm_camera_driver/cmake/ament_cmake_export_dependencies-extras.cmake
-- Up-to-date symlink: /home/xinzhu/sentry_ws/install/rm_camera_driver/share/rm_camera_driver/cmake/ament_cmake_export_include_directories-extras.cmake
-- Up-to-date symlink: /home/xinzhu/sentry_ws/install/rm_camera_driver/share/rm_camera_driver/cmake/ament_cmake_export_libraries-extras.cmake
-- Up-to-date symlink: /home/xinzhu/sentry_ws/install/rm_camera_driver/share/rm_camera_driver/cmake/rm_camera_driverConfig.cmake
-- Up-to-date symlink: /home/xinzhu/sentry_ws/install/rm_camera_driver/share/rm_camera_driver/cmake/rm_camera_driverConfig-version.cmake
-- Up-to-date symlink: /home/xinzhu/sentry_ws/install/rm_camera_driver/share/rm_camera_driver/package.xml
