[0.013s] Invoking command in '/home/xinzhu/sentry_ws/build/rm_camera_driver': AMENT_PREFIX_PATH=/home/xinzhu/sentry_ws/install/rm_utils:${AMENT_PREFIX_PATH} CMAKE_PREFIX_PATH=/home/xinzhu/sentry_ws/install/rm_utils:/home/xinzhu/Desktop/sentry_ws/install/terrain_analysis_ext:/home/xinzhu/Desktop/sentry_ws/install/terrain_analysis:/home/xinzhu/Desktop/sentry_ws/install/sentry_description:/home/xinzhu/Desktop/sentry_ws/install/sentry_bringup:/home/xinzhu/Desktop/sentry_ws/install/sensor_scan_generation:/home/xinzhu/Desktop/sentry_ws/install/rm_bringup:/home/xinzhu/Desktop/sentry_ws/install/rm_serial_driver:/home/xinzhu/Desktop/sentry_ws/install/rm_camera_driver:/home/xinzhu/Desktop/sentry_ws/install/rm_auto_aim:/home/xinzhu/Desktop/sentry_ws/install/armor_solver:/home/xinzhu/Desktop/sentry_ws/install/armor_detector:/home/xinzhu/Desktop/sentry_ws/install/rm_utils:/home/xinzhu/Desktop/sentry_ws/install/rm_robot_description:/home/xinzhu/Desktop/sentry_ws/install/rm_decision_cpp:/home/xinzhu/Desktop/sentry_ws/install/cmd_chassis:/home/xinzhu/Desktop/sentry_ws/install/rm_interfaces:/home/xinzhu/Desktop/sentry_ws/install/fast_lio:/home/xinzhu/Desktop/sentry_ws/install/livox_ros_driver2:/home/xinzhu/Desktop/sentry_ws/install/icp_relocalization:/home/xinzhu/Desktop/sentry_ws/install/costmap_intensity:/home/xinzhu/Desktop/sentry_ws/install/behaviortree_cpp:/home/xinzhu/Desktop/sentry_ws/install/behavior_ext_plugins:/home/xinzhu/Desktop/sentry_ws/install/auto_aim_interfaces:/home/xinzhu/Desktop/sentry_ws/install/control_panel:/opt/ros/humble LD_LIBRARY_PATH=/home/xinzhu/sentry_ws/install/rm_utils/lib:${LD_LIBRARY_PATH} PS1=%F{green}%n@%m%f%F{white}:%f%F{blue}%~%f%F{white}$%f /usr/local/bin/cmake /home/xinzhu/sentry_ws/src/rm_hardware_driver/rm_camera_driver -DAMENT_CMAKE_SYMLINK_INSTALL=1 -DCMAKE_INSTALL_PREFIX=/home/xinzhu/sentry_ws/install/rm_camera_driver
[0.017s] [0mCMake Deprecation Warning at CMakeLists.txt:1 (cmake_minimum_required):
[0.017s]   Compatibility with CMake < 3.10 will be removed from a future version of
[0.017s]   CMake.
[0.018s] 
[0.018s]   Update the VERSION argument <min> value.  Or, use the <min>...<max> syntax
[0.018s]   to tell CMake that the project requires at least <min> but has been updated
[0.018s]   to work with policies introduced by <max> or earlier.
[0.018s] 
[0.018s] [0m
[0.026s] -- Found ament_cmake_auto: 1.3.13 (/opt/ros/humble/share/ament_cmake_auto/cmake)
[0.214s] -- Override CMake install command with custom implementation using symlinks instead of copying resources
[0.299s] -- Found rosidl_generator_c: 3.1.8 (/opt/ros/humble/share/rosidl_generator_c/cmake)
[0.301s] -- Found rosidl_adapter: 3.1.8 (/opt/ros/humble/share/rosidl_adapter/cmake)
[0.307s] -- Found rosidl_generator_cpp: 3.1.8 (/opt/ros/humble/share/rosidl_generator_cpp/cmake)
[0.317s] -- Using all available rosidl_typesupport_c: rosidl_typesupport_fastrtps_c;rosidl_typesupport_introspection_c
[0.329s] -- Using all available rosidl_typesupport_cpp: rosidl_typesupport_fastrtps_cpp;rosidl_typesupport_introspection_cpp
[0.360s] -- Found rmw_implementation_cmake: 6.1.2 (/opt/ros/humble/share/rmw_implementation_cmake/cmake)
[0.362s] -- Found rmw_fastrtps_cpp: 6.2.10 (/opt/ros/humble/share/rmw_fastrtps_cpp/cmake)
[0.454s] -- Using RMW implementation 'rmw_fastrtps_cpp' as default
[0.699s] -- Found AMD headers in: /usr/include/suitesparse
[0.699s] -- Found AMD library: /usr/lib/x86_64-linux-gnu/libamd.so
[0.699s] -- Found CAMD headers in: /usr/include/suitesparse
[0.699s] -- Found CAMD library: /usr/lib/x86_64-linux-gnu/libcamd.so
[0.699s] -- Found CCOLAMD headers in: /usr/include/suitesparse
[0.700s] -- Found CCOLAMD library: /usr/lib/x86_64-linux-gnu/libccolamd.so
[0.700s] -- Found CHOLMOD headers in: /usr/include/suitesparse
[0.700s] -- Found CHOLMOD library: /usr/lib/x86_64-linux-gnu/libcholmod.so
[0.700s] -- Found COLAMD headers in: /usr/include/suitesparse
[0.700s] -- Found COLAMD library: /usr/lib/x86_64-linux-gnu/libcolamd.so
[0.700s] -- Found SPQR headers in: /usr/include/suitesparse
[0.700s] -- Found SPQR library: /usr/lib/x86_64-linux-gnu/libspqr.so
[0.700s] -- Found Config headers in: /usr/include/suitesparse
[0.700s] -- Found Config library: /usr/lib/x86_64-linux-gnu/libsuitesparseconfig.so
[0.700s] -- Found Intel Thread Building Blocks (TBB) library (2021.5 / ) include location: . Assuming SuiteSparseQR was compiled with TBB.
[0.700s] -- Adding librt to SuiteSparse_config libraries (required on Linux & Unix [not OSX] if SuiteSparse is compiled with timing).
[0.705s] -- Could NOT find METIS (missing: METIS_INCLUDE_DIR METIS_LIBRARY) 
[0.737s] -- Found ament_lint_auto: 0.12.15 (/opt/ros/humble/share/ament_lint_auto/cmake)
[0.742s] [0mIn this package, headers install destination is set to `include` by ament_auto_package. It is recommended to install `include/rm_camera_driver` instead and will be the default behavior of ament_auto_package from ROS 2 Kilted Kaiju. On distributions before Kilted, ament_auto_package behaves the same way when you use USE_SCOPED_HEADER_INSTALL_DIR option.[0m
[0.749s] -- Added test 'cppcheck' to perform static code analysis on C / C++ code
[0.749s] -- Configured cppcheck include dirs: /home/xinzhu/sentry_ws/src/rm_hardware_driver/rm_camera_driver/include
[0.749s] -- Configured cppcheck exclude dirs and/or files: 
[0.750s] -- Added test 'lint_cmake' to check CMake code style
[0.750s] -- Added test 'xmllint' to check XML markup files
[0.754s] -- Configuring done (0.7s)
[0.778s] -- Generating done (0.0s)
[0.782s] -- Build files have been written to: /home/xinzhu/sentry_ws/build/rm_camera_driver
[0.791s] Invoked command in '/home/xinzhu/sentry_ws/build/rm_camera_driver' returned '0': AMENT_PREFIX_PATH=/home/xinzhu/sentry_ws/install/rm_utils:${AMENT_PREFIX_PATH} CMAKE_PREFIX_PATH=/home/xinzhu/sentry_ws/install/rm_utils:/home/xinzhu/Desktop/sentry_ws/install/terrain_analysis_ext:/home/xinzhu/Desktop/sentry_ws/install/terrain_analysis:/home/xinzhu/Desktop/sentry_ws/install/sentry_description:/home/xinzhu/Desktop/sentry_ws/install/sentry_bringup:/home/xinzhu/Desktop/sentry_ws/install/sensor_scan_generation:/home/xinzhu/Desktop/sentry_ws/install/rm_bringup:/home/xinzhu/Desktop/sentry_ws/install/rm_serial_driver:/home/xinzhu/Desktop/sentry_ws/install/rm_camera_driver:/home/xinzhu/Desktop/sentry_ws/install/rm_auto_aim:/home/xinzhu/Desktop/sentry_ws/install/armor_solver:/home/xinzhu/Desktop/sentry_ws/install/armor_detector:/home/xinzhu/Desktop/sentry_ws/install/rm_utils:/home/xinzhu/Desktop/sentry_ws/install/rm_robot_description:/home/xinzhu/Desktop/sentry_ws/install/rm_decision_cpp:/home/xinzhu/Desktop/sentry_ws/install/cmd_chassis:/home/xinzhu/Desktop/sentry_ws/install/rm_interfaces:/home/xinzhu/Desktop/sentry_ws/install/fast_lio:/home/xinzhu/Desktop/sentry_ws/install/livox_ros_driver2:/home/xinzhu/Desktop/sentry_ws/install/icp_relocalization:/home/xinzhu/Desktop/sentry_ws/install/costmap_intensity:/home/xinzhu/Desktop/sentry_ws/install/behaviortree_cpp:/home/xinzhu/Desktop/sentry_ws/install/behavior_ext_plugins:/home/xinzhu/Desktop/sentry_ws/install/auto_aim_interfaces:/home/xinzhu/Desktop/sentry_ws/install/control_panel:/opt/ros/humble LD_LIBRARY_PATH=/home/xinzhu/sentry_ws/install/rm_utils/lib:${LD_LIBRARY_PATH} PS1=%F{green}%n@%m%f%F{white}:%f%F{blue}%~%f%F{white}$%f /usr/local/bin/cmake /home/xinzhu/sentry_ws/src/rm_hardware_driver/rm_camera_driver -DAMENT_CMAKE_SYMLINK_INSTALL=1 -DCMAKE_INSTALL_PREFIX=/home/xinzhu/sentry_ws/install/rm_camera_driver
[0.792s] Invoking command in '/home/xinzhu/sentry_ws/build/rm_camera_driver': AMENT_PREFIX_PATH=/home/xinzhu/sentry_ws/install/rm_utils:${AMENT_PREFIX_PATH} CMAKE_PREFIX_PATH=/home/xinzhu/sentry_ws/install/rm_utils:/home/xinzhu/Desktop/sentry_ws/install/terrain_analysis_ext:/home/xinzhu/Desktop/sentry_ws/install/terrain_analysis:/home/xinzhu/Desktop/sentry_ws/install/sentry_description:/home/xinzhu/Desktop/sentry_ws/install/sentry_bringup:/home/xinzhu/Desktop/sentry_ws/install/sensor_scan_generation:/home/xinzhu/Desktop/sentry_ws/install/rm_bringup:/home/xinzhu/Desktop/sentry_ws/install/rm_serial_driver:/home/xinzhu/Desktop/sentry_ws/install/rm_camera_driver:/home/xinzhu/Desktop/sentry_ws/install/rm_auto_aim:/home/xinzhu/Desktop/sentry_ws/install/armor_solver:/home/xinzhu/Desktop/sentry_ws/install/armor_detector:/home/xinzhu/Desktop/sentry_ws/install/rm_utils:/home/xinzhu/Desktop/sentry_ws/install/rm_robot_description:/home/xinzhu/Desktop/sentry_ws/install/rm_decision_cpp:/home/xinzhu/Desktop/sentry_ws/install/cmd_chassis:/home/xinzhu/Desktop/sentry_ws/install/rm_interfaces:/home/xinzhu/Desktop/sentry_ws/install/fast_lio:/home/xinzhu/Desktop/sentry_ws/install/livox_ros_driver2:/home/xinzhu/Desktop/sentry_ws/install/icp_relocalization:/home/xinzhu/Desktop/sentry_ws/install/costmap_intensity:/home/xinzhu/Desktop/sentry_ws/install/behaviortree_cpp:/home/xinzhu/Desktop/sentry_ws/install/behavior_ext_plugins:/home/xinzhu/Desktop/sentry_ws/install/auto_aim_interfaces:/home/xinzhu/Desktop/sentry_ws/install/control_panel:/opt/ros/humble LD_LIBRARY_PATH=/home/xinzhu/sentry_ws/install/rm_utils/lib:${LD_LIBRARY_PATH} PS1=%F{green}%n@%m%f%F{white}:%f%F{blue}%~%f%F{white}$%f /usr/local/bin/cmake --build /home/xinzhu/sentry_ws/build/rm_camera_driver -- -j16 -l16
[0.825s] [ 50%] Built target rm_camera_driver_node
[0.825s] [ 50%] Built target video_player_node
[0.833s] [100%] Built target rm_camera_driver
[0.837s] Invoked command in '/home/xinzhu/sentry_ws/build/rm_camera_driver' returned '0': AMENT_PREFIX_PATH=/home/xinzhu/sentry_ws/install/rm_utils:${AMENT_PREFIX_PATH} CMAKE_PREFIX_PATH=/home/xinzhu/sentry_ws/install/rm_utils:/home/xinzhu/Desktop/sentry_ws/install/terrain_analysis_ext:/home/xinzhu/Desktop/sentry_ws/install/terrain_analysis:/home/xinzhu/Desktop/sentry_ws/install/sentry_description:/home/xinzhu/Desktop/sentry_ws/install/sentry_bringup:/home/xinzhu/Desktop/sentry_ws/install/sensor_scan_generation:/home/xinzhu/Desktop/sentry_ws/install/rm_bringup:/home/xinzhu/Desktop/sentry_ws/install/rm_serial_driver:/home/xinzhu/Desktop/sentry_ws/install/rm_camera_driver:/home/xinzhu/Desktop/sentry_ws/install/rm_auto_aim:/home/xinzhu/Desktop/sentry_ws/install/armor_solver:/home/xinzhu/Desktop/sentry_ws/install/armor_detector:/home/xinzhu/Desktop/sentry_ws/install/rm_utils:/home/xinzhu/Desktop/sentry_ws/install/rm_robot_description:/home/xinzhu/Desktop/sentry_ws/install/rm_decision_cpp:/home/xinzhu/Desktop/sentry_ws/install/cmd_chassis:/home/xinzhu/Desktop/sentry_ws/install/rm_interfaces:/home/xinzhu/Desktop/sentry_ws/install/fast_lio:/home/xinzhu/Desktop/sentry_ws/install/livox_ros_driver2:/home/xinzhu/Desktop/sentry_ws/install/icp_relocalization:/home/xinzhu/Desktop/sentry_ws/install/costmap_intensity:/home/xinzhu/Desktop/sentry_ws/install/behaviortree_cpp:/home/xinzhu/Desktop/sentry_ws/install/behavior_ext_plugins:/home/xinzhu/Desktop/sentry_ws/install/auto_aim_interfaces:/home/xinzhu/Desktop/sentry_ws/install/control_panel:/opt/ros/humble LD_LIBRARY_PATH=/home/xinzhu/sentry_ws/install/rm_utils/lib:${LD_LIBRARY_PATH} PS1=%F{green}%n@%m%f%F{white}:%f%F{blue}%~%f%F{white}$%f /usr/local/bin/cmake --build /home/xinzhu/sentry_ws/build/rm_camera_driver -- -j16 -l16
[0.839s] Invoking command in '/home/xinzhu/sentry_ws/build/rm_camera_driver': AMENT_PREFIX_PATH=/home/xinzhu/sentry_ws/install/rm_utils:${AMENT_PREFIX_PATH} CMAKE_PREFIX_PATH=/home/xinzhu/sentry_ws/install/rm_utils:/home/xinzhu/Desktop/sentry_ws/install/terrain_analysis_ext:/home/xinzhu/Desktop/sentry_ws/install/terrain_analysis:/home/xinzhu/Desktop/sentry_ws/install/sentry_description:/home/xinzhu/Desktop/sentry_ws/install/sentry_bringup:/home/xinzhu/Desktop/sentry_ws/install/sensor_scan_generation:/home/xinzhu/Desktop/sentry_ws/install/rm_bringup:/home/xinzhu/Desktop/sentry_ws/install/rm_serial_driver:/home/xinzhu/Desktop/sentry_ws/install/rm_camera_driver:/home/xinzhu/Desktop/sentry_ws/install/rm_auto_aim:/home/xinzhu/Desktop/sentry_ws/install/armor_solver:/home/xinzhu/Desktop/sentry_ws/install/armor_detector:/home/xinzhu/Desktop/sentry_ws/install/rm_utils:/home/xinzhu/Desktop/sentry_ws/install/rm_robot_description:/home/xinzhu/Desktop/sentry_ws/install/rm_decision_cpp:/home/xinzhu/Desktop/sentry_ws/install/cmd_chassis:/home/xinzhu/Desktop/sentry_ws/install/rm_interfaces:/home/xinzhu/Desktop/sentry_ws/install/fast_lio:/home/xinzhu/Desktop/sentry_ws/install/livox_ros_driver2:/home/xinzhu/Desktop/sentry_ws/install/icp_relocalization:/home/xinzhu/Desktop/sentry_ws/install/costmap_intensity:/home/xinzhu/Desktop/sentry_ws/install/behaviortree_cpp:/home/xinzhu/Desktop/sentry_ws/install/behavior_ext_plugins:/home/xinzhu/Desktop/sentry_ws/install/auto_aim_interfaces:/home/xinzhu/Desktop/sentry_ws/install/control_panel:/opt/ros/humble LD_LIBRARY_PATH=/home/xinzhu/sentry_ws/install/rm_utils/lib:${LD_LIBRARY_PATH} PS1=%F{green}%n@%m%f%F{white}:%f%F{blue}%~%f%F{white}$%f /usr/local/bin/cmake --install /home/xinzhu/sentry_ws/build/rm_camera_driver
[0.842s] -- Install configuration: "Release"
[0.842s] -- Execute custom install script
[0.843s] -- Up-to-date symlink: /home/xinzhu/sentry_ws/install/rm_camera_driver/lib/x86_64/1555df0c238ef408c62d6ff58221ca8742fb56f0.cache
[0.843s] -- Up-to-date symlink: /home/xinzhu/sentry_ws/install/rm_camera_driver/lib/x86_64/452e5af839bed9a84b2a73eb107232d644aabef8.cache
[0.843s] -- Up-to-date symlink: /home/xinzhu/sentry_ws/install/rm_camera_driver/lib/x86_64/GxGVTL.cti
[0.843s] -- Up-to-date symlink: /home/xinzhu/sentry_ws/install/rm_camera_driver/lib/x86_64/GxU3VTL.cti
[0.843s] -- Up-to-date symlink: /home/xinzhu/sentry_ws/install/rm_camera_driver/lib/x86_64/bc4b08373788f18282ff1e747a98dd6c21a8b629.cache
[0.844s] -- Up-to-date symlink: /home/xinzhu/sentry_ws/install/rm_camera_driver/lib/x86_64/libgxiapi.so
[0.844s] -- Up-to-date symlink: /home/xinzhu/sentry_ws/install/rm_camera_driver/lib/x86_64/libgxiapi.so.1.0.1904.8241
[0.845s] -- Up-to-date symlink: /home/xinzhu/sentry_ws/install/rm_camera_driver/lib/rm_camera_driver/rm_camera_driver_node
[0.845s] -- Up-to-date symlink: /home/xinzhu/sentry_ws/install/rm_camera_driver/lib/rm_camera_driver/video_player_node
[0.846s] -- Up-to-date symlink: /home/xinzhu/sentry_ws/install/rm_camera_driver/include/daheng/DxImageProc.h
[0.846s] -- Up-to-date symlink: /home/xinzhu/sentry_ws/install/rm_camera_driver/include/daheng/GxIAPI.h
[0.846s] -- Up-to-date symlink: /home/xinzhu/sentry_ws/install/rm_camera_driver/include/rm_camera_driver/daheng_camera.hpp
[0.846s] -- Up-to-date symlink: /home/xinzhu/sentry_ws/install/rm_camera_driver/include/rm_camera_driver/recorder.hpp
[0.847s] -- Up-to-date symlink: /home/xinzhu/sentry_ws/install/rm_camera_driver/share/rm_camera_driver/environment/library_path.sh
[0.848s] -- Up-to-date symlink: /home/xinzhu/sentry_ws/install/rm_camera_driver/share/rm_camera_driver/environment/library_path.dsv
[0.848s] -- Up-to-date symlink: /home/xinzhu/sentry_ws/install/rm_camera_driver/lib/librm_camera_driver.so
[0.849s] -- Up-to-date symlink: /home/xinzhu/sentry_ws/install/rm_camera_driver/share/ament_index/resource_index/package_run_dependencies/rm_camera_driver
[0.849s] -- Up-to-date symlink: /home/xinzhu/sentry_ws/install/rm_camera_driver/share/ament_index/resource_index/parent_prefix_path/rm_camera_driver
[0.851s] -- Up-to-date symlink: /home/xinzhu/sentry_ws/install/rm_camera_driver/share/rm_camera_driver/environment/ament_prefix_path.sh
[0.852s] -- Up-to-date symlink: /home/xinzhu/sentry_ws/install/rm_camera_driver/share/rm_camera_driver/environment/ament_prefix_path.dsv
[0.852s] -- Up-to-date symlink: /home/xinzhu/sentry_ws/install/rm_camera_driver/share/rm_camera_driver/environment/path.sh
[0.852s] -- Up-to-date symlink: /home/xinzhu/sentry_ws/install/rm_camera_driver/share/rm_camera_driver/environment/path.dsv
[0.852s] -- Up-to-date symlink: /home/xinzhu/sentry_ws/install/rm_camera_driver/share/rm_camera_driver/local_setup.bash
[0.852s] -- Up-to-date symlink: /home/xinzhu/sentry_ws/install/rm_camera_driver/share/rm_camera_driver/local_setup.sh
[0.852s] -- Up-to-date symlink: /home/xinzhu/sentry_ws/install/rm_camera_driver/share/rm_camera_driver/local_setup.zsh
[0.852s] -- Up-to-date symlink: /home/xinzhu/sentry_ws/install/rm_camera_driver/share/rm_camera_driver/local_setup.dsv
[0.852s] -- Symlinking: /home/xinzhu/sentry_ws/install/rm_camera_driver/share/rm_camera_driver/package.dsv
[0.857s] -- Up-to-date symlink: /home/xinzhu/sentry_ws/install/rm_camera_driver/share/ament_index/resource_index/packages/rm_camera_driver
[0.857s] -- Up-to-date symlink: /home/xinzhu/sentry_ws/install/rm_camera_driver/share/ament_index/resource_index/rclcpp_components/rm_camera_driver
[0.858s] -- Up-to-date symlink: /home/xinzhu/sentry_ws/install/rm_camera_driver/share/rm_camera_driver/cmake/ament_cmake_export_dependencies-extras.cmake
[0.858s] -- Up-to-date symlink: /home/xinzhu/sentry_ws/install/rm_camera_driver/share/rm_camera_driver/cmake/ament_cmake_export_include_directories-extras.cmake
[0.858s] -- Up-to-date symlink: /home/xinzhu/sentry_ws/install/rm_camera_driver/share/rm_camera_driver/cmake/ament_cmake_export_libraries-extras.cmake
[0.858s] -- Up-to-date symlink: /home/xinzhu/sentry_ws/install/rm_camera_driver/share/rm_camera_driver/cmake/rm_camera_driverConfig.cmake
[0.859s] -- Up-to-date symlink: /home/xinzhu/sentry_ws/install/rm_camera_driver/share/rm_camera_driver/cmake/rm_camera_driverConfig-version.cmake
[0.859s] -- Up-to-date symlink: /home/xinzhu/sentry_ws/install/rm_camera_driver/share/rm_camera_driver/package.xml
[0.861s] Invoked command in '/home/xinzhu/sentry_ws/build/rm_camera_driver' returned '0': AMENT_PREFIX_PATH=/home/xinzhu/sentry_ws/install/rm_utils:${AMENT_PREFIX_PATH} CMAKE_PREFIX_PATH=/home/xinzhu/sentry_ws/install/rm_utils:/home/xinzhu/Desktop/sentry_ws/install/terrain_analysis_ext:/home/xinzhu/Desktop/sentry_ws/install/terrain_analysis:/home/xinzhu/Desktop/sentry_ws/install/sentry_description:/home/xinzhu/Desktop/sentry_ws/install/sentry_bringup:/home/xinzhu/Desktop/sentry_ws/install/sensor_scan_generation:/home/xinzhu/Desktop/sentry_ws/install/rm_bringup:/home/xinzhu/Desktop/sentry_ws/install/rm_serial_driver:/home/xinzhu/Desktop/sentry_ws/install/rm_camera_driver:/home/xinzhu/Desktop/sentry_ws/install/rm_auto_aim:/home/xinzhu/Desktop/sentry_ws/install/armor_solver:/home/xinzhu/Desktop/sentry_ws/install/armor_detector:/home/xinzhu/Desktop/sentry_ws/install/rm_utils:/home/xinzhu/Desktop/sentry_ws/install/rm_robot_description:/home/xinzhu/Desktop/sentry_ws/install/rm_decision_cpp:/home/xinzhu/Desktop/sentry_ws/install/cmd_chassis:/home/xinzhu/Desktop/sentry_ws/install/rm_interfaces:/home/xinzhu/Desktop/sentry_ws/install/fast_lio:/home/xinzhu/Desktop/sentry_ws/install/livox_ros_driver2:/home/xinzhu/Desktop/sentry_ws/install/icp_relocalization:/home/xinzhu/Desktop/sentry_ws/install/costmap_intensity:/home/xinzhu/Desktop/sentry_ws/install/behaviortree_cpp:/home/xinzhu/Desktop/sentry_ws/install/behavior_ext_plugins:/home/xinzhu/Desktop/sentry_ws/install/auto_aim_interfaces:/home/xinzhu/Desktop/sentry_ws/install/control_panel:/opt/ros/humble LD_LIBRARY_PATH=/home/xinzhu/sentry_ws/install/rm_utils/lib:${LD_LIBRARY_PATH} PS1=%F{green}%n@%m%f%F{white}:%f%F{blue}%~%f%F{white}$%f /usr/local/bin/cmake --install /home/xinzhu/sentry_ws/build/rm_camera_driver
