[0mCMake Deprecation Warning at CMakeLists.txt:1 (cmake_minimum_required):
  Compatibility with CMake < 3.10 will be removed from a future version of
  CMake.

  Update the VERSION argument <min> value.  Or, use the <min>...<max> syntax
  to tell CMake that the project requires at least <min> but has been updated
  to work with policies introduced by <max> or earlier.

[0m
-- The C compiler identification is GNU 11.4.0
-- The CXX compiler identification is GNU 11.4.0
-- Detecting C compiler ABI info
-- Detecting C compiler ABI info - done
-- Check for working C compiler: /usr/bin/cc - skipped
-- Detecting C compile features
-- Detecting C compile features - done
-- Detecting CXX compiler ABI info
-- Detecting CXX compiler ABI info - done
-- Check for working CXX compiler: /usr/bin/c++ - skipped
-- Detecting CXX compile features
-- Detecting CXX compile features - done
-- Found ament_cmake: 1.3.13 (/opt/ros/humble/share/ament_cmake/cmake)
-- Found Python3: /usr/bin/python3 (found version "3.10.12") found components: Interpreter
-- Override CMake install command with custom implementation using symlinks instead of copying resources
-- Found geometry_msgs: 4.9.1 (/opt/ros/humble/share/geometry_msgs/cmake)
-- Found rosidl_generator_c: 3.1.8 (/opt/ros/humble/share/rosidl_generator_c/cmake)
-- Found rosidl_adapter: 3.1.8 (/opt/ros/humble/share/rosidl_adapter/cmake)
-- Found rosidl_generator_cpp: 3.1.8 (/opt/ros/humble/share/rosidl_generator_cpp/cmake)
-- Using all available rosidl_typesupport_c: rosidl_typesupport_fastrtps_c;rosidl_typesupport_introspection_c
-- Using all available rosidl_typesupport_cpp: rosidl_typesupport_fastrtps_cpp;rosidl_typesupport_introspection_cpp
-- Found laser_geometry: 2.4.1 (/opt/ros/humble/share/laser_geometry/cmake)
-- Found rmw_implementation_cmake: 6.1.2 (/opt/ros/humble/share/rmw_implementation_cmake/cmake)
-- Found rmw_fastrtps_cpp: 6.2.10 (/opt/ros/humble/share/rmw_fastrtps_cpp/cmake)
-- Found OpenSSL: /usr/lib/x86_64-linux-gnu/libcrypto.so (found version "3.0.2")
-- Found FastRTPS: /opt/ros/humble/include
-- Using RMW implementation 'rmw_fastrtps_cpp' as default
-- Performing Test CMAKE_HAVE_LIBC_PTHREAD
-- Performing Test CMAKE_HAVE_LIBC_PTHREAD - Success
-- Found Threads: TRUE
-- Found map_msgs: 2.1.0 (/opt/ros/humble/share/map_msgs/cmake)
-- Found message_filters: 4.3.14 (/opt/ros/humble/share/message_filters/cmake)
-- Found nav2_common: 1.1.20 (/opt/ros/humble/share/nav2_common/cmake)
-- Found nav2_msgs: 1.1.20 (/opt/ros/humble/share/nav2_msgs/cmake)
-- Found nav2_util: 1.1.20 (/opt/ros/humble/share/nav2_util/cmake)
-- Found Eigen3: TRUE (found version "3.4.0")
-- Ensuring Eigen3 include directory is part of orocos-kdl CMake target
-- Found nav2_voxel_grid: 1.1.20 (/opt/ros/humble/share/nav2_voxel_grid/cmake)
-- Found nav2_costmap_2d: 1.1.20 (/opt/ros/humble/share/nav2_costmap_2d/cmake)
-- Configuring done (2.4s)
-- Generating done (0.3s)
-- Build files have been written to: /home/xinzhu/sentry_ws/build/costmap_intensity
[ 33%] [32mBuilding CXX object CMakeFiles/costmap_intensity_core.dir/plugins/obstacle_layer.cpp.o[0m
[ 66%] [32mBuilding CXX object CMakeFiles/costmap_intensity_core.dir/plugins/voxel_layer.cpp.o[0m
[100%] [32m[1mLinking CXX shared library libcostmap_intensity_core.so[0m
[100%] Built target costmap_intensity_core
-- Install configuration: "Release"
-- Execute custom install script
-- Symlinking: /home/xinzhu/sentry_ws/install/costmap_intensity/lib/libcostmap_intensity_core.so
-- Symlinking: /home/xinzhu/sentry_ws/install/costmap_intensity/share/costmap_intensity//costmap_intensity.xml
-- Symlinking: /home/xinzhu/sentry_ws/install/costmap_intensity/share/ament_index/resource_index/package_run_dependencies/costmap_intensity
-- Symlinking: /home/xinzhu/sentry_ws/install/costmap_intensity/share/ament_index/resource_index/parent_prefix_path/costmap_intensity
-- Symlinking: /home/xinzhu/sentry_ws/install/costmap_intensity/share/costmap_intensity/environment/ament_prefix_path.sh
-- Symlinking: /home/xinzhu/sentry_ws/install/costmap_intensity/share/costmap_intensity/environment/ament_prefix_path.dsv
-- Symlinking: /home/xinzhu/sentry_ws/install/costmap_intensity/share/costmap_intensity/environment/path.sh
-- Symlinking: /home/xinzhu/sentry_ws/install/costmap_intensity/share/costmap_intensity/environment/path.dsv
-- Symlinking: /home/xinzhu/sentry_ws/install/costmap_intensity/share/costmap_intensity/local_setup.bash
-- Symlinking: /home/xinzhu/sentry_ws/install/costmap_intensity/share/costmap_intensity/local_setup.sh
-- Symlinking: /home/xinzhu/sentry_ws/install/costmap_intensity/share/costmap_intensity/local_setup.zsh
-- Symlinking: /home/xinzhu/sentry_ws/install/costmap_intensity/share/costmap_intensity/local_setup.dsv
-- Symlinking: /home/xinzhu/sentry_ws/install/costmap_intensity/share/costmap_intensity/package.dsv
-- Symlinking: /home/xinzhu/sentry_ws/install/costmap_intensity/share/ament_index/resource_index/packages/costmap_intensity
-- Symlinking: /home/xinzhu/sentry_ws/install/costmap_intensity/share/ament_index/resource_index/nav2_costmap_2d__pluginlib__plugin/costmap_intensity
-- Symlinking: /home/xinzhu/sentry_ws/install/costmap_intensity/share/costmap_intensity/cmake/costmap_intensityConfig.cmake
-- Symlinking: /home/xinzhu/sentry_ws/install/costmap_intensity/share/costmap_intensity/cmake/costmap_intensityConfig-version.cmake
-- Symlinking: /home/xinzhu/sentry_ws/install/costmap_intensity/share/costmap_intensity/package.xml
