[0.170s] Invoking command in '/home/xinzhu/sentry_ws/build/costmap_intensity': CMAKE_PREFIX_PATH=${CMAKE_PREFIX_PATH}:/home/xinzhu/Desktop/sentry_ws/install/control_panel:/opt/ros/humble PS1=%F{green}%n@%m%f%F{white}:%f%F{blue}%~%f%F{white}$%f /usr/local/bin/cmake /home/xinzhu/sentry_ws/src/nav2_plugins/costmap_intensity -DCMAKE_BUILD_TYPE=Release -DAMENT_CMAKE_SYMLINK_INSTALL=1 -DCMAKE_INSTALL_PREFIX=/home/xinzhu/sentry_ws/install/costmap_intensity
[0.180s] [0mCMake Deprecation Warning at CMakeLists.txt:1 (cmake_minimum_required):
[0.180s]   Compatibility with CMake < 3.10 will be removed from a future version of
[0.180s]   CMake.
[0.180s] 
[0.180s]   Update the VERSION argument <min> value.  Or, use the <min>...<max> syntax
[0.180s]   to tell CMake that the project requires at least <min> but has been updated
[0.180s]   to work with policies introduced by <max> or earlier.
[0.180s] 
[0.180s] [0m
[0.201s] -- The C compiler identification is GNU 11.4.0
[0.254s] -- The CXX compiler identification is GNU 11.4.0
[0.262s] -- Detecting C compiler ABI info
[0.307s] -- Detecting C compiler ABI info - done
[0.319s] -- Check for working C compiler: /usr/bin/cc - skipped
[0.319s] -- Detecting C compile features
[0.320s] -- Detecting C compile features - done
[0.329s] -- Detecting CXX compiler ABI info
[0.384s] -- Detecting CXX compiler ABI info - done
[0.400s] -- Check for working CXX compiler: /usr/bin/c++ - skipped
[0.401s] -- Detecting CXX compile features
[0.401s] -- Detecting CXX compile features - done
[0.417s] -- Found ament_cmake: 1.3.13 (/opt/ros/humble/share/ament_cmake/cmake)
[0.536s] -- Found Python3: /usr/bin/python3 (found version "3.10.12") found components: Interpreter
[0.603s] -- Override CMake install command with custom implementation using symlinks instead of copying resources
[0.644s] -- Found geometry_msgs: 4.9.1 (/opt/ros/humble/share/geometry_msgs/cmake)
[0.698s] -- Found rosidl_generator_c: 3.1.8 (/opt/ros/humble/share/rosidl_generator_c/cmake)
[0.703s] -- Found rosidl_adapter: 3.1.8 (/opt/ros/humble/share/rosidl_adapter/cmake)
[0.721s] -- Found rosidl_generator_cpp: 3.1.8 (/opt/ros/humble/share/rosidl_generator_cpp/cmake)
[0.740s] -- Using all available rosidl_typesupport_c: rosidl_typesupport_fastrtps_c;rosidl_typesupport_introspection_c
[0.761s] -- Using all available rosidl_typesupport_cpp: rosidl_typesupport_fastrtps_cpp;rosidl_typesupport_introspection_cpp
[0.843s] -- Found laser_geometry: 2.4.1 (/opt/ros/humble/share/laser_geometry/cmake)
[0.945s] -- Found rmw_implementation_cmake: 6.1.2 (/opt/ros/humble/share/rmw_implementation_cmake/cmake)
[0.951s] -- Found rmw_fastrtps_cpp: 6.2.10 (/opt/ros/humble/share/rmw_fastrtps_cpp/cmake)
[1.053s] -- Found OpenSSL: /usr/lib/x86_64-linux-gnu/libcrypto.so (found version "3.0.2")
[1.101s] -- Found FastRTPS: /opt/ros/humble/include
[1.151s] -- Using RMW implementation 'rmw_fastrtps_cpp' as default
[1.163s] -- Performing Test CMAKE_HAVE_LIBC_PTHREAD
[1.218s] -- Performing Test CMAKE_HAVE_LIBC_PTHREAD - Success
[1.219s] -- Found Threads: TRUE
[1.337s] -- Found map_msgs: 2.1.0 (/opt/ros/humble/share/map_msgs/cmake)
[1.433s] -- Found message_filters: 4.3.14 (/opt/ros/humble/share/message_filters/cmake)
[1.450s] -- Found nav2_common: 1.1.20 (/opt/ros/humble/share/nav2_common/cmake)
[1.458s] -- Found nav2_msgs: 1.1.20 (/opt/ros/humble/share/nav2_msgs/cmake)
[1.574s] -- Found nav2_util: 1.1.20 (/opt/ros/humble/share/nav2_util/cmake)
[1.752s] -- Found Eigen3: TRUE (found version "3.4.0")
[1.752s] -- Ensuring Eigen3 include directory is part of orocos-kdl CMake target
[1.944s] -- Found nav2_voxel_grid: 1.1.20 (/opt/ros/humble/share/nav2_voxel_grid/cmake)
[1.958s] -- Found nav2_costmap_2d: 1.1.20 (/opt/ros/humble/share/nav2_costmap_2d/cmake)
[2.571s] -- Configuring done (2.4s)
[2.879s] -- Generating done (0.3s)
[2.895s] -- Build files have been written to: /home/xinzhu/sentry_ws/build/costmap_intensity
[2.944s] Invoked command in '/home/xinzhu/sentry_ws/build/costmap_intensity' returned '0': CMAKE_PREFIX_PATH=${CMAKE_PREFIX_PATH}:/home/xinzhu/Desktop/sentry_ws/install/control_panel:/opt/ros/humble PS1=%F{green}%n@%m%f%F{white}:%f%F{blue}%~%f%F{white}$%f /usr/local/bin/cmake /home/xinzhu/sentry_ws/src/nav2_plugins/costmap_intensity -DCMAKE_BUILD_TYPE=Release -DAMENT_CMAKE_SYMLINK_INSTALL=1 -DCMAKE_INSTALL_PREFIX=/home/xinzhu/sentry_ws/install/costmap_intensity
[2.945s] Invoking command in '/home/xinzhu/sentry_ws/build/costmap_intensity': CMAKE_PREFIX_PATH=${CMAKE_PREFIX_PATH}:/home/xinzhu/Desktop/sentry_ws/install/control_panel:/opt/ros/humble PS1=%F{green}%n@%m%f%F{white}:%f%F{blue}%~%f%F{white}$%f /usr/local/bin/cmake --build /home/xinzhu/sentry_ws/build/costmap_intensity -- -j16 -l16
[3.022s] [ 33%] [32mBuilding CXX object CMakeFiles/costmap_intensity_core.dir/plugins/obstacle_layer.cpp.o[0m
[3.028s] [ 66%] [32mBuilding CXX object CMakeFiles/costmap_intensity_core.dir/plugins/voxel_layer.cpp.o[0m
[34.998s] [100%] [32m[1mLinking CXX shared library libcostmap_intensity_core.so[0m
[35.592s] [100%] Built target costmap_intensity_core
[35.598s] Invoked command in '/home/xinzhu/sentry_ws/build/costmap_intensity' returned '0': CMAKE_PREFIX_PATH=${CMAKE_PREFIX_PATH}:/home/xinzhu/Desktop/sentry_ws/install/control_panel:/opt/ros/humble PS1=%F{green}%n@%m%f%F{white}:%f%F{blue}%~%f%F{white}$%f /usr/local/bin/cmake --build /home/xinzhu/sentry_ws/build/costmap_intensity -- -j16 -l16
[35.599s] Invoking command in '/home/xinzhu/sentry_ws/build/costmap_intensity': CMAKE_PREFIX_PATH=${CMAKE_PREFIX_PATH}:/home/xinzhu/Desktop/sentry_ws/install/control_panel:/opt/ros/humble PS1=%F{green}%n@%m%f%F{white}:%f%F{blue}%~%f%F{white}$%f /usr/local/bin/cmake --install /home/xinzhu/sentry_ws/build/costmap_intensity
[35.604s] -- Install configuration: "Release"
[35.605s] -- Execute custom install script
[35.605s] -- Symlinking: /home/xinzhu/sentry_ws/install/costmap_intensity/lib/libcostmap_intensity_core.so
[35.611s] -- Symlinking: /home/xinzhu/sentry_ws/install/costmap_intensity/share/costmap_intensity//costmap_intensity.xml
[35.616s] -- Symlinking: /home/xinzhu/sentry_ws/install/costmap_intensity/share/ament_index/resource_index/package_run_dependencies/costmap_intensity
[35.622s] -- Symlinking: /home/xinzhu/sentry_ws/install/costmap_intensity/share/ament_index/resource_index/parent_prefix_path/costmap_intensity
[35.627s] -- Symlinking: /home/xinzhu/sentry_ws/install/costmap_intensity/share/costmap_intensity/environment/ament_prefix_path.sh
[35.632s] -- Symlinking: /home/xinzhu/sentry_ws/install/costmap_intensity/share/costmap_intensity/environment/ament_prefix_path.dsv
[35.637s] -- Symlinking: /home/xinzhu/sentry_ws/install/costmap_intensity/share/costmap_intensity/environment/path.sh
[35.642s] -- Symlinking: /home/xinzhu/sentry_ws/install/costmap_intensity/share/costmap_intensity/environment/path.dsv
[35.647s] -- Symlinking: /home/xinzhu/sentry_ws/install/costmap_intensity/share/costmap_intensity/local_setup.bash
[35.652s] -- Symlinking: /home/xinzhu/sentry_ws/install/costmap_intensity/share/costmap_intensity/local_setup.sh
[35.657s] -- Symlinking: /home/xinzhu/sentry_ws/install/costmap_intensity/share/costmap_intensity/local_setup.zsh
[35.662s] -- Symlinking: /home/xinzhu/sentry_ws/install/costmap_intensity/share/costmap_intensity/local_setup.dsv
[35.667s] -- Symlinking: /home/xinzhu/sentry_ws/install/costmap_intensity/share/costmap_intensity/package.dsv
[35.672s] -- Symlinking: /home/xinzhu/sentry_ws/install/costmap_intensity/share/ament_index/resource_index/packages/costmap_intensity
[35.677s] -- Symlinking: /home/xinzhu/sentry_ws/install/costmap_intensity/share/ament_index/resource_index/nav2_costmap_2d__pluginlib__plugin/costmap_intensity
[35.682s] -- Symlinking: /home/xinzhu/sentry_ws/install/costmap_intensity/share/costmap_intensity/cmake/costmap_intensityConfig.cmake
[35.687s] -- Symlinking: /home/xinzhu/sentry_ws/install/costmap_intensity/share/costmap_intensity/cmake/costmap_intensityConfig-version.cmake
[35.692s] -- Symlinking: /home/xinzhu/sentry_ws/install/costmap_intensity/share/costmap_intensity/package.xml
[35.699s] Invoked command in '/home/xinzhu/sentry_ws/build/costmap_intensity' returned '0': CMAKE_PREFIX_PATH=${CMAKE_PREFIX_PATH}:/home/xinzhu/Desktop/sentry_ws/install/control_panel:/opt/ros/humble PS1=%F{green}%n@%m%f%F{white}:%f%F{blue}%~%f%F{white}$%f /usr/local/bin/cmake --install /home/xinzhu/sentry_ws/build/costmap_intensity
