[0.046s] Invoking command in '/home/xinzhu/sentry_ws/build/auto_aim_interfaces': CMAKE_PREFIX_PATH=${CMAKE_PREFIX_PATH}:/home/xinzhu/Desktop/sentry_ws/install/control_panel:/opt/ros/humble PS1=%F{green}%n@%m%f%F{white}:%f%F{blue}%~%f%F{white}$%f /usr/local/bin/cmake /home/xinzhu/sentry_ws/src/auto_aim_interfaces -DAMENT_CMAKE_SYMLINK_INSTALL=1 -DCMAKE_INSTALL_PREFIX=/home/xinzhu/sentry_ws/install/auto_aim_interfaces
[0.275s] -- Found ament_cmake: 1.3.13 (/opt/ros/humble/share/ament_cmake/cmake)
[0.275s] -- Override CMake install command with custom implementation using symlinks instead of copying resources
[0.275s] -- Found rosidl_default_generators: 1.2.0 (/opt/ros/humble/share/rosidl_default_generators/cmake)
[0.275s] -- Using all available rosidl_typesupport_c: rosidl_typesupport_fastrtps_c;rosidl_typesupport_introspection_c
[0.276s] -- Found rosidl_adapter: 3.1.8 (/opt/ros/humble/share/rosidl_adapter/cmake)
[0.276s] [0mCMake Deprecation Warning at CMakeLists.txt:1 (cmake_minimum_required):
[0.276s]   Compatibility with CMake < 3.10 will be removed from a future version of
[0.276s]   CMake.
[0.276s] 
[0.276s]   Update the VERSION argument <min> value.  Or, use the <min>...<max> syntax
[0.276s]   to tell CMake that the project requires at least <min> but has been updated
[0.277s]   to work with policies introduced by <max> or earlier.
[0.277s] 
[0.277s] [0m
[0.279s] -- Using all available rosidl_typesupport_cpp: rosidl_typesupport_fastrtps_cpp;rosidl_typesupport_introspection_cpp
[0.309s] -- Found geometry_msgs: 4.9.1 (/opt/ros/humble/share/geometry_msgs/cmake)
[0.985s] -- Found ament_cmake_ros: 0.10.0 (/opt/ros/humble/share/ament_cmake_ros/cmake)
[1.439s] -- Using all available rosidl_typesupport_c: rosidl_typesupport_fastrtps_c;rosidl_typesupport_introspection_c
[2.021s] -- Using all available rosidl_typesupport_cpp: rosidl_typesupport_fastrtps_cpp;rosidl_typesupport_introspection_cpp
[2.023s] [33mCMake Warning (dev) at /opt/ros/humble/share/rosidl_generator_py/cmake/rosidl_generator_py_generate_interfaces.cmake:20 (find_package):
[2.023s]   Policy CMP0148 is not set: The FindPythonInterp and FindPythonLibs modules
[2.023s]   are removed.  Run "cmake --help-policy CMP0148" for policy details.  Use
[2.023s]   the cmake_policy command to set the policy and suppress this warning.
[2.023s] 
[2.024s] Call Stack (most recent call first):
[2.024s]   /opt/ros/humble/share/ament_cmake_core/cmake/core/ament_execute_extensions.cmake:48 (include)
[2.024s]   /opt/ros/humble/share/rosidl_cmake/cmake/rosidl_generate_interfaces.cmake:286 (ament_execute_extensions)
[2.024s]   CMakeLists.txt:13 (rosidl_generate_interfaces)
[2.024s] This warning is for project developers.  Use -Wno-dev to suppress it.
[2.024s] [0m
[2.045s] -- Found python_cmake_module: 0.10.0 (/opt/ros/humble/share/python_cmake_module/cmake)
[2.046s] [33mCMake Warning (dev) at /opt/ros/humble/share/python_cmake_module/cmake/Modules/FindPythonExtra.cmake:52 (find_package):
[2.046s]   Policy CMP0148 is not set: The FindPythonInterp and FindPythonLibs modules
[2.046s]   are removed.  Run "cmake --help-policy CMP0148" for policy details.  Use
[2.046s]   the cmake_policy command to set the policy and suppress this warning.
[2.046s] 
[2.046s] Call Stack (most recent call first):
[2.046s]   /opt/ros/humble/share/rosidl_generator_py/cmake/rosidl_generator_py_generate_interfaces.cmake:23 (find_package)
[2.046s]   /opt/ros/humble/share/ament_cmake_core/cmake/core/ament_execute_extensions.cmake:48 (include)
[2.046s]   /opt/ros/humble/share/rosidl_cmake/cmake/rosidl_generate_interfaces.cmake:286 (ament_execute_extensions)
[2.046s]   CMakeLists.txt:13 (rosidl_generate_interfaces)
[2.046s] This warning is for project developers.  Use -Wno-dev to suppress it.
[2.047s] [0m
[2.072s] [33mCMake Warning (dev) at /opt/ros/humble/share/python_cmake_module/cmake/Modules/FindPythonExtra.cmake:140 (find_package):
[2.072s]   Policy CMP0148 is not set: The FindPythonInterp and FindPythonLibs modules
[2.072s]   are removed.  Run "cmake --help-policy CMP0148" for policy details.  Use
[2.072s]   the cmake_policy command to set the policy and suppress this warning.
[2.073s] 
[2.073s] Call Stack (most recent call first):
[2.073s]   /opt/ros/humble/share/rosidl_generator_py/cmake/rosidl_generator_py_generate_interfaces.cmake:23 (find_package)
[2.073s]   /opt/ros/humble/share/ament_cmake_core/cmake/core/ament_execute_extensions.cmake:48 (include)
[2.073s]   /opt/ros/humble/share/rosidl_cmake/cmake/rosidl_generate_interfaces.cmake:286 (ament_execute_extensions)
[2.073s]   CMakeLists.txt:13 (rosidl_generate_interfaces)
[2.073s] This warning is for project developers.  Use -Wno-dev to suppress it.
[2.073s] [0m
[2.075s] -- Using PYTHON_EXECUTABLE: /usr/bin/python3
[2.075s] -- Using PYTHON_INCLUDE_DIRS: /usr/include/python3.10
[2.075s] -- Using PYTHON_LIBRARIES: /usr/lib/x86_64-linux-gnu/libpython3.10.so
[2.139s] -- Configuring done (2.1s)
[2.237s] -- Generating done (0.1s)
[2.246s] -- Build files have been written to: /home/xinzhu/sentry_ws/build/auto_aim_interfaces
[2.252s] Invoked command in '/home/xinzhu/sentry_ws/build/auto_aim_interfaces' returned '0': CMAKE_PREFIX_PATH=${CMAKE_PREFIX_PATH}:/home/xinzhu/Desktop/sentry_ws/install/control_panel:/opt/ros/humble PS1=%F{green}%n@%m%f%F{white}:%f%F{blue}%~%f%F{white}$%f /usr/local/bin/cmake /home/xinzhu/sentry_ws/src/auto_aim_interfaces -DAMENT_CMAKE_SYMLINK_INSTALL=1 -DCMAKE_INSTALL_PREFIX=/home/xinzhu/sentry_ws/install/auto_aim_interfaces
[2.254s] Invoking command in '/home/xinzhu/sentry_ws/build/auto_aim_interfaces': CMAKE_PREFIX_PATH=${CMAKE_PREFIX_PATH}:/home/xinzhu/Desktop/sentry_ws/install/control_panel:/opt/ros/humble PS1=%F{green}%n@%m%f%F{white}:%f%F{blue}%~%f%F{white}$%f /usr/local/bin/cmake --build /home/xinzhu/sentry_ws/build/auto_aim_interfaces -- -j16 -l16
[2.290s] [  0%] Built target auto_aim_interfaces__cpp
[2.292s] [  0%] Built target ament_cmake_python_symlink_auto_aim_interfaces
[2.301s] [ 12%] Built target auto_aim_interfaces__rosidl_generator_c
[2.322s] [ 24%] Built target auto_aim_interfaces__rosidl_typesupport_cpp
[2.327s] [ 36%] Built target auto_aim_interfaces__rosidl_typesupport_c
[2.328s] [ 48%] Built target auto_aim_interfaces__rosidl_typesupport_introspection_cpp
[2.329s] [ 60%] Built target auto_aim_interfaces__rosidl_typesupport_introspection_c
[2.333s] [ 72%] Built target auto_aim_interfaces__rosidl_typesupport_fastrtps_cpp
[2.347s] [ 84%] Built target auto_aim_interfaces__rosidl_typesupport_fastrtps_c
[2.359s] [ 84%] Built target auto_aim_interfaces
[2.373s] [ 85%] Built target auto_aim_interfaces__py
[2.408s] [ 96%] Built target auto_aim_interfaces__rosidl_generator_py
[2.423s] [ 97%] Built target auto_aim_interfaces__rosidl_typesupport_fastrtps_c__pyext
[2.424s] [ 99%] Built target auto_aim_interfaces__rosidl_typesupport_introspection_c__pyext
[2.424s] [100%] Built target auto_aim_interfaces__rosidl_typesupport_c__pyext
[2.497s] running egg_info
[2.497s] writing auto_aim_interfaces.egg-info/PKG-INFO
[2.498s] writing dependency_links to auto_aim_interfaces.egg-info/dependency_links.txt
[2.498s] writing top-level names to auto_aim_interfaces.egg-info/top_level.txt
[2.500s] reading manifest file 'auto_aim_interfaces.egg-info/SOURCES.txt'
[2.500s] writing manifest file 'auto_aim_interfaces.egg-info/SOURCES.txt'
[2.519s] [100%] Built target ament_cmake_python_build_auto_aim_interfaces_egg
[2.526s] Invoked command in '/home/xinzhu/sentry_ws/build/auto_aim_interfaces' returned '0': CMAKE_PREFIX_PATH=${CMAKE_PREFIX_PATH}:/home/xinzhu/Desktop/sentry_ws/install/control_panel:/opt/ros/humble PS1=%F{green}%n@%m%f%F{white}:%f%F{blue}%~%f%F{white}$%f /usr/local/bin/cmake --build /home/xinzhu/sentry_ws/build/auto_aim_interfaces -- -j16 -l16
[2.528s] Invoking command in '/home/xinzhu/sentry_ws/build/auto_aim_interfaces': CMAKE_PREFIX_PATH=${CMAKE_PREFIX_PATH}:/home/xinzhu/Desktop/sentry_ws/install/control_panel:/opt/ros/humble PS1=%F{green}%n@%m%f%F{white}:%f%F{blue}%~%f%F{white}$%f /usr/local/bin/cmake --install /home/xinzhu/sentry_ws/build/auto_aim_interfaces
[2.531s] -- Install configuration: "Release"
[2.531s] -- Execute custom install script
[2.532s] -- Up-to-date symlink: /home/xinzhu/sentry_ws/install/auto_aim_interfaces/share/ament_index/resource_index/rosidl_interfaces/auto_aim_interfaces
[2.533s] -- Up-to-date symlink: /home/xinzhu/sentry_ws/install/auto_aim_interfaces/include/auto_aim_interfaces/auto_aim_interfaces/msg/armor.h
[2.533s] -- Up-to-date symlink: /home/xinzhu/sentry_ws/install/auto_aim_interfaces/include/auto_aim_interfaces/auto_aim_interfaces/msg/armors.h
[2.533s] -- Up-to-date symlink: /home/xinzhu/sentry_ws/install/auto_aim_interfaces/include/auto_aim_interfaces/auto_aim_interfaces/msg/chassis_cmd.h
[2.534s] -- Up-to-date symlink: /home/xinzhu/sentry_ws/install/auto_aim_interfaces/include/auto_aim_interfaces/auto_aim_interfaces/msg/debug_armor.h
[2.534s] -- Up-to-date symlink: /home/xinzhu/sentry_ws/install/auto_aim_interfaces/include/auto_aim_interfaces/auto_aim_interfaces/msg/debug_armors.h
[2.534s] -- Up-to-date symlink: /home/xinzhu/sentry_ws/install/auto_aim_interfaces/include/auto_aim_interfaces/auto_aim_interfaces/msg/debug_light.h
[2.534s] -- Up-to-date symlink: /home/xinzhu/sentry_ws/install/auto_aim_interfaces/include/auto_aim_interfaces/auto_aim_interfaces/msg/debug_lights.h
[2.534s] -- Up-to-date symlink: /home/xinzhu/sentry_ws/install/auto_aim_interfaces/include/auto_aim_interfaces/auto_aim_interfaces/msg/debug_rune_angle.h
[2.534s] -- Up-to-date symlink: /home/xinzhu/sentry_ws/install/auto_aim_interfaces/include/auto_aim_interfaces/auto_aim_interfaces/msg/detail/armor__functions.h
[2.534s] -- Up-to-date symlink: /home/xinzhu/sentry_ws/install/auto_aim_interfaces/include/auto_aim_interfaces/auto_aim_interfaces/msg/detail/armor__struct.h
[2.534s] -- Up-to-date symlink: /home/xinzhu/sentry_ws/install/auto_aim_interfaces/include/auto_aim_interfaces/auto_aim_interfaces/msg/detail/armor__type_support.h
[2.535s] -- Up-to-date symlink: /home/xinzhu/sentry_ws/install/auto_aim_interfaces/include/auto_aim_interfaces/auto_aim_interfaces/msg/detail/armors__functions.h
[2.535s] -- Up-to-date symlink: /home/xinzhu/sentry_ws/install/auto_aim_interfaces/include/auto_aim_interfaces/auto_aim_interfaces/msg/detail/armors__struct.h
[2.535s] -- Up-to-date symlink: /home/xinzhu/sentry_ws/install/auto_aim_interfaces/include/auto_aim_interfaces/auto_aim_interfaces/msg/detail/armors__type_support.h
[2.535s] -- Up-to-date symlink: /home/xinzhu/sentry_ws/install/auto_aim_interfaces/include/auto_aim_interfaces/auto_aim_interfaces/msg/detail/chassis_cmd__functions.h
[2.535s] -- Up-to-date symlink: /home/xinzhu/sentry_ws/install/auto_aim_interfaces/include/auto_aim_interfaces/auto_aim_interfaces/msg/detail/chassis_cmd__struct.h
[2.535s] -- Up-to-date symlink: /home/xinzhu/sentry_ws/install/auto_aim_interfaces/include/auto_aim_interfaces/auto_aim_interfaces/msg/detail/chassis_cmd__type_support.h
[2.536s] -- Up-to-date symlink: /home/xinzhu/sentry_ws/install/auto_aim_interfaces/include/auto_aim_interfaces/auto_aim_interfaces/msg/detail/debug_armor__functions.h
[2.536s] -- Up-to-date symlink: /home/xinzhu/sentry_ws/install/auto_aim_interfaces/include/auto_aim_interfaces/auto_aim_interfaces/msg/detail/debug_armor__struct.h
[2.536s] -- Up-to-date symlink: /home/xinzhu/sentry_ws/install/auto_aim_interfaces/include/auto_aim_interfaces/auto_aim_interfaces/msg/detail/debug_armor__type_support.h
[2.536s] -- Up-to-date symlink: /home/xinzhu/sentry_ws/install/auto_aim_interfaces/include/auto_aim_interfaces/auto_aim_interfaces/msg/detail/debug_armors__functions.h
[2.536s] -- Up-to-date symlink: /home/xinzhu/sentry_ws/install/auto_aim_interfaces/include/auto_aim_interfaces/auto_aim_interfaces/msg/detail/debug_armors__struct.h
[2.536s] -- Up-to-date symlink: /home/xinzhu/sentry_ws/install/auto_aim_interfaces/include/auto_aim_interfaces/auto_aim_interfaces/msg/detail/debug_armors__type_support.h
[2.536s] -- Up-to-date symlink: /home/xinzhu/sentry_ws/install/auto_aim_interfaces/include/auto_aim_interfaces/auto_aim_interfaces/msg/detail/debug_light__functions.h
[2.536s] -- Up-to-date symlink: /home/xinzhu/sentry_ws/install/auto_aim_interfaces/include/auto_aim_interfaces/auto_aim_interfaces/msg/detail/debug_light__struct.h
[2.536s] -- Up-to-date symlink: /home/xinzhu/sentry_ws/install/auto_aim_interfaces/include/auto_aim_interfaces/auto_aim_interfaces/msg/detail/debug_light__type_support.h
[2.536s] -- Up-to-date symlink: /home/xinzhu/sentry_ws/install/auto_aim_interfaces/include/auto_aim_interfaces/auto_aim_interfaces/msg/detail/debug_lights__functions.h
[2.537s] -- Up-to-date symlink: /home/xinzhu/sentry_ws/install/auto_aim_interfaces/include/auto_aim_interfaces/auto_aim_interfaces/msg/detail/debug_lights__struct.h
[2.537s] -- Up-to-date symlink: /home/xinzhu/sentry_ws/install/auto_aim_interfaces/include/auto_aim_interfaces/auto_aim_interfaces/msg/detail/debug_lights__type_support.h
[2.537s] -- Up-to-date symlink: /home/xinzhu/sentry_ws/install/auto_aim_interfaces/include/auto_aim_interfaces/auto_aim_interfaces/msg/detail/debug_rune_angle__functions.h
[2.537s] -- Up-to-date symlink: /home/xinzhu/sentry_ws/install/auto_aim_interfaces/include/auto_aim_interfaces/auto_aim_interfaces/msg/detail/debug_rune_angle__struct.h
[2.537s] -- Up-to-date symlink: /home/xinzhu/sentry_ws/install/auto_aim_interfaces/include/auto_aim_interfaces/auto_aim_interfaces/msg/detail/debug_rune_angle__type_support.h
[2.537s] -- Up-to-date symlink: /home/xinzhu/sentry_ws/install/auto_aim_interfaces/include/auto_aim_interfaces/auto_aim_interfaces/msg/detail/gimbal_cmd__functions.h
[2.537s] -- Up-to-date symlink: /home/xinzhu/sentry_ws/install/auto_aim_interfaces/include/auto_aim_interfaces/auto_aim_interfaces/msg/detail/gimbal_cmd__struct.h
[2.537s] -- Up-to-date symlink: /home/xinzhu/sentry_ws/install/auto_aim_interfaces/include/auto_aim_interfaces/auto_aim_interfaces/msg/detail/gimbal_cmd__type_support.h
[2.537s] -- Up-to-date symlink: /home/xinzhu/sentry_ws/install/auto_aim_interfaces/include/auto_aim_interfaces/auto_aim_interfaces/msg/detail/judge_system_data__functions.h
[2.537s] -- Up-to-date symlink: /home/xinzhu/sentry_ws/install/auto_aim_interfaces/include/auto_aim_interfaces/auto_aim_interfaces/msg/detail/judge_system_data__struct.h
[2.538s] -- Up-to-date symlink: /home/xinzhu/sentry_ws/install/auto_aim_interfaces/include/auto_aim_interfaces/auto_aim_interfaces/msg/detail/judge_system_data__type_support.h
[2.538s] -- Up-to-date symlink: /home/xinzhu/sentry_ws/install/auto_aim_interfaces/include/auto_aim_interfaces/auto_aim_interfaces/msg/detail/measurement__functions.h
[2.538s] -- Up-to-date symlink: /home/xinzhu/sentry_ws/install/auto_aim_interfaces/include/auto_aim_interfaces/auto_aim_interfaces/msg/detail/measurement__struct.h
[2.538s] -- Up-to-date symlink: /home/xinzhu/sentry_ws/install/auto_aim_interfaces/include/auto_aim_interfaces/auto_aim_interfaces/msg/detail/measurement__type_support.h
[2.538s] -- Up-to-date symlink: /home/xinzhu/sentry_ws/install/auto_aim_interfaces/include/auto_aim_interfaces/auto_aim_interfaces/msg/detail/operator_command__functions.h
[2.538s] -- Up-to-date symlink: /home/xinzhu/sentry_ws/install/auto_aim_interfaces/include/auto_aim_interfaces/auto_aim_interfaces/msg/detail/operator_command__struct.h
[2.538s] -- Up-to-date symlink: /home/xinzhu/sentry_ws/install/auto_aim_interfaces/include/auto_aim_interfaces/auto_aim_interfaces/msg/detail/operator_command__type_support.h
[2.538s] -- Up-to-date symlink: /home/xinzhu/sentry_ws/install/auto_aim_interfaces/include/auto_aim_interfaces/auto_aim_interfaces/msg/detail/point2d__functions.h
[2.538s] -- Up-to-date symlink: /home/xinzhu/sentry_ws/install/auto_aim_interfaces/include/auto_aim_interfaces/auto_aim_interfaces/msg/detail/point2d__struct.h
[2.539s] -- Up-to-date symlink: /home/xinzhu/sentry_ws/install/auto_aim_interfaces/include/auto_aim_interfaces/auto_aim_interfaces/msg/detail/point2d__type_support.h
[2.539s] -- Up-to-date symlink: /home/xinzhu/sentry_ws/install/auto_aim_interfaces/include/auto_aim_interfaces/auto_aim_interfaces/msg/detail/rune_target__functions.h
[2.539s] -- Up-to-date symlink: /home/xinzhu/sentry_ws/install/auto_aim_interfaces/include/auto_aim_interfaces/auto_aim_interfaces/msg/detail/rune_target__struct.h
[2.539s] -- Up-to-date symlink: /home/xinzhu/sentry_ws/install/auto_aim_interfaces/include/auto_aim_interfaces/auto_aim_interfaces/msg/detail/rune_target__type_support.h
[2.539s] -- Up-to-date symlink: /home/xinzhu/sentry_ws/install/auto_aim_interfaces/include/auto_aim_interfaces/auto_aim_interfaces/msg/detail/serial_receive_data__functions.h
[2.539s] -- Up-to-date symlink: /home/xinzhu/sentry_ws/install/auto_aim_interfaces/include/auto_aim_interfaces/auto_aim_interfaces/msg/detail/serial_receive_data__struct.h
[2.539s] -- Up-to-date symlink: /home/xinzhu/sentry_ws/install/auto_aim_interfaces/include/auto_aim_interfaces/auto_aim_interfaces/msg/detail/serial_receive_data__type_support.h
[2.539s] -- Up-to-date symlink: /home/xinzhu/sentry_ws/install/auto_aim_interfaces/include/auto_aim_interfaces/auto_aim_interfaces/msg/detail/target__functions.h
[2.539s] -- Up-to-date symlink: /home/xinzhu/sentry_ws/install/auto_aim_interfaces/include/auto_aim_interfaces/auto_aim_interfaces/msg/detail/target__struct.h
[2.539s] -- Up-to-date symlink: /home/xinzhu/sentry_ws/install/auto_aim_interfaces/include/auto_aim_interfaces/auto_aim_interfaces/msg/detail/target__type_support.h
[2.539s] -- Up-to-date symlink: /home/xinzhu/sentry_ws/install/auto_aim_interfaces/include/auto_aim_interfaces/auto_aim_interfaces/msg/gimbal_cmd.h
[2.540s] -- Up-to-date symlink: /home/xinzhu/sentry_ws/install/auto_aim_interfaces/include/auto_aim_interfaces/auto_aim_interfaces/msg/judge_system_data.h
[2.540s] -- Up-to-date symlink: /home/xinzhu/sentry_ws/install/auto_aim_interfaces/include/auto_aim_interfaces/auto_aim_interfaces/msg/measurement.h
[2.540s] -- Up-to-date symlink: /home/xinzhu/sentry_ws/install/auto_aim_interfaces/include/auto_aim_interfaces/auto_aim_interfaces/msg/operator_command.h
[2.540s] -- Up-to-date symlink: /home/xinzhu/sentry_ws/install/auto_aim_interfaces/include/auto_aim_interfaces/auto_aim_interfaces/msg/point2d.h
[2.540s] -- Up-to-date symlink: /home/xinzhu/sentry_ws/install/auto_aim_interfaces/include/auto_aim_interfaces/auto_aim_interfaces/msg/rosidl_generator_c__visibility_control.h
[2.540s] -- Up-to-date symlink: /home/xinzhu/sentry_ws/install/auto_aim_interfaces/include/auto_aim_interfaces/auto_aim_interfaces/msg/rune_target.h
[2.540s] -- Up-to-date symlink: /home/xinzhu/sentry_ws/install/auto_aim_interfaces/include/auto_aim_interfaces/auto_aim_interfaces/msg/serial_receive_data.h
[2.540s] -- Up-to-date symlink: /home/xinzhu/sentry_ws/install/auto_aim_interfaces/include/auto_aim_interfaces/auto_aim_interfaces/msg/target.h
[2.540s] -- Up-to-date symlink: /home/xinzhu/sentry_ws/install/auto_aim_interfaces/include/auto_aim_interfaces/auto_aim_interfaces/srv/detail/set_mode__functions.h
[2.541s] -- Up-to-date symlink: /home/xinzhu/sentry_ws/install/auto_aim_interfaces/include/auto_aim_interfaces/auto_aim_interfaces/srv/detail/set_mode__struct.h
[2.541s] -- Up-to-date symlink: /home/xinzhu/sentry_ws/install/auto_aim_interfaces/include/auto_aim_interfaces/auto_aim_interfaces/srv/detail/set_mode__type_support.h
[2.541s] -- Up-to-date symlink: /home/xinzhu/sentry_ws/install/auto_aim_interfaces/include/auto_aim_interfaces/auto_aim_interfaces/srv/set_mode.h
[2.541s] -- Up-to-date symlink: /home/xinzhu/sentry_ws/install/auto_aim_interfaces/share/auto_aim_interfaces/environment/library_path.sh
[2.541s] -- Up-to-date symlink: /home/xinzhu/sentry_ws/install/auto_aim_interfaces/share/auto_aim_interfaces/environment/library_path.dsv
[2.542s] -- Up-to-date symlink: /home/xinzhu/sentry_ws/install/auto_aim_interfaces/include/auto_aim_interfaces/auto_aim_interfaces/msg/detail/armor__rosidl_typesupport_fastrtps_c.h
[2.542s] -- Up-to-date symlink: /home/xinzhu/sentry_ws/install/auto_aim_interfaces/include/auto_aim_interfaces/auto_aim_interfaces/msg/detail/armors__rosidl_typesupport_fastrtps_c.h
[2.542s] -- Up-to-date symlink: /home/xinzhu/sentry_ws/install/auto_aim_interfaces/include/auto_aim_interfaces/auto_aim_interfaces/msg/detail/chassis_cmd__rosidl_typesupport_fastrtps_c.h
[2.542s] -- Up-to-date symlink: /home/xinzhu/sentry_ws/install/auto_aim_interfaces/include/auto_aim_interfaces/auto_aim_interfaces/msg/detail/debug_armor__rosidl_typesupport_fastrtps_c.h
[2.542s] -- Up-to-date symlink: /home/xinzhu/sentry_ws/install/auto_aim_interfaces/include/auto_aim_interfaces/auto_aim_interfaces/msg/detail/debug_armors__rosidl_typesupport_fastrtps_c.h
[2.542s] -- Up-to-date symlink: /home/xinzhu/sentry_ws/install/auto_aim_interfaces/include/auto_aim_interfaces/auto_aim_interfaces/msg/detail/debug_light__rosidl_typesupport_fastrtps_c.h
[2.542s] -- Up-to-date symlink: /home/xinzhu/sentry_ws/install/auto_aim_interfaces/include/auto_aim_interfaces/auto_aim_interfaces/msg/detail/debug_lights__rosidl_typesupport_fastrtps_c.h
[2.542s] -- Up-to-date symlink: /home/xinzhu/sentry_ws/install/auto_aim_interfaces/include/auto_aim_interfaces/auto_aim_interfaces/msg/detail/debug_rune_angle__rosidl_typesupport_fastrtps_c.h
[2.542s] -- Up-to-date symlink: /home/xinzhu/sentry_ws/install/auto_aim_interfaces/include/auto_aim_interfaces/auto_aim_interfaces/msg/detail/gimbal_cmd__rosidl_typesupport_fastrtps_c.h
[2.543s] -- Up-to-date symlink: /home/xinzhu/sentry_ws/install/auto_aim_interfaces/include/auto_aim_interfaces/auto_aim_interfaces/msg/detail/judge_system_data__rosidl_typesupport_fastrtps_c.h
[2.543s] -- Up-to-date symlink: /home/xinzhu/sentry_ws/install/auto_aim_interfaces/include/auto_aim_interfaces/auto_aim_interfaces/msg/detail/measurement__rosidl_typesupport_fastrtps_c.h
[2.543s] -- Up-to-date symlink: /home/xinzhu/sentry_ws/install/auto_aim_interfaces/include/auto_aim_interfaces/auto_aim_interfaces/msg/detail/operator_command__rosidl_typesupport_fastrtps_c.h
[2.543s] -- Up-to-date symlink: /home/xinzhu/sentry_ws/install/auto_aim_interfaces/include/auto_aim_interfaces/auto_aim_interfaces/msg/detail/point2d__rosidl_typesupport_fastrtps_c.h
[2.543s] -- Up-to-date symlink: /home/xinzhu/sentry_ws/install/auto_aim_interfaces/include/auto_aim_interfaces/auto_aim_interfaces/msg/detail/rune_target__rosidl_typesupport_fastrtps_c.h
[2.543s] -- Up-to-date symlink: /home/xinzhu/sentry_ws/install/auto_aim_interfaces/include/auto_aim_interfaces/auto_aim_interfaces/msg/detail/serial_receive_data__rosidl_typesupport_fastrtps_c.h
[2.543s] -- Up-to-date symlink: /home/xinzhu/sentry_ws/install/auto_aim_interfaces/include/auto_aim_interfaces/auto_aim_interfaces/msg/detail/target__rosidl_typesupport_fastrtps_c.h
[2.543s] -- Up-to-date symlink: /home/xinzhu/sentry_ws/install/auto_aim_interfaces/include/auto_aim_interfaces/auto_aim_interfaces/msg/rosidl_typesupport_fastrtps_c__visibility_control.h
[2.543s] -- Up-to-date symlink: /home/xinzhu/sentry_ws/install/auto_aim_interfaces/include/auto_aim_interfaces/auto_aim_interfaces/srv/detail/set_mode__rosidl_typesupport_fastrtps_c.h
[2.544s] -- Up-to-date symlink: /home/xinzhu/sentry_ws/install/auto_aim_interfaces/include/auto_aim_interfaces/auto_aim_interfaces/msg/detail/armor__rosidl_typesupport_introspection_c.h
[2.544s] -- Up-to-date symlink: /home/xinzhu/sentry_ws/install/auto_aim_interfaces/include/auto_aim_interfaces/auto_aim_interfaces/msg/detail/armors__rosidl_typesupport_introspection_c.h
[2.544s] -- Up-to-date symlink: /home/xinzhu/sentry_ws/install/auto_aim_interfaces/include/auto_aim_interfaces/auto_aim_interfaces/msg/detail/chassis_cmd__rosidl_typesupport_introspection_c.h
[2.544s] -- Up-to-date symlink: /home/xinzhu/sentry_ws/install/auto_aim_interfaces/include/auto_aim_interfaces/auto_aim_interfaces/msg/detail/debug_armor__rosidl_typesupport_introspection_c.h
[2.544s] -- Up-to-date symlink: /home/xinzhu/sentry_ws/install/auto_aim_interfaces/include/auto_aim_interfaces/auto_aim_interfaces/msg/detail/debug_armors__rosidl_typesupport_introspection_c.h
[2.544s] -- Up-to-date symlink: /home/xinzhu/sentry_ws/install/auto_aim_interfaces/include/auto_aim_interfaces/auto_aim_interfaces/msg/detail/debug_light__rosidl_typesupport_introspection_c.h
[2.544s] -- Up-to-date symlink: /home/xinzhu/sentry_ws/install/auto_aim_interfaces/include/auto_aim_interfaces/auto_aim_interfaces/msg/detail/debug_lights__rosidl_typesupport_introspection_c.h
[2.544s] -- Up-to-date symlink: /home/xinzhu/sentry_ws/install/auto_aim_interfaces/include/auto_aim_interfaces/auto_aim_interfaces/msg/detail/debug_rune_angle__rosidl_typesupport_introspection_c.h
[2.544s] -- Up-to-date symlink: /home/xinzhu/sentry_ws/install/auto_aim_interfaces/include/auto_aim_interfaces/auto_aim_interfaces/msg/detail/gimbal_cmd__rosidl_typesupport_introspection_c.h
[2.544s] -- Up-to-date symlink: /home/xinzhu/sentry_ws/install/auto_aim_interfaces/include/auto_aim_interfaces/auto_aim_interfaces/msg/detail/judge_system_data__rosidl_typesupport_introspection_c.h
[2.544s] -- Up-to-date symlink: /home/xinzhu/sentry_ws/install/auto_aim_interfaces/include/auto_aim_interfaces/auto_aim_interfaces/msg/detail/measurement__rosidl_typesupport_introspection_c.h
[2.545s] -- Up-to-date symlink: /home/xinzhu/sentry_ws/install/auto_aim_interfaces/include/auto_aim_interfaces/auto_aim_interfaces/msg/detail/operator_command__rosidl_typesupport_introspection_c.h
[2.545s] -- Up-to-date symlink: /home/xinzhu/sentry_ws/install/auto_aim_interfaces/include/auto_aim_interfaces/auto_aim_interfaces/msg/detail/point2d__rosidl_typesupport_introspection_c.h
[2.545s] -- Up-to-date symlink: /home/xinzhu/sentry_ws/install/auto_aim_interfaces/include/auto_aim_interfaces/auto_aim_interfaces/msg/detail/rune_target__rosidl_typesupport_introspection_c.h
[2.545s] -- Up-to-date symlink: /home/xinzhu/sentry_ws/install/auto_aim_interfaces/include/auto_aim_interfaces/auto_aim_interfaces/msg/detail/serial_receive_data__rosidl_typesupport_introspection_c.h
[2.545s] -- Up-to-date symlink: /home/xinzhu/sentry_ws/install/auto_aim_interfaces/include/auto_aim_interfaces/auto_aim_interfaces/msg/detail/target__rosidl_typesupport_introspection_c.h
[2.545s] -- Up-to-date symlink: /home/xinzhu/sentry_ws/install/auto_aim_interfaces/include/auto_aim_interfaces/auto_aim_interfaces/msg/rosidl_typesupport_introspection_c__visibility_control.h
[2.545s] -- Up-to-date symlink: /home/xinzhu/sentry_ws/install/auto_aim_interfaces/include/auto_aim_interfaces/auto_aim_interfaces/srv/detail/set_mode__rosidl_typesupport_introspection_c.h
[2.545s] -- Up-to-date symlink: /home/xinzhu/sentry_ws/install/auto_aim_interfaces/include/auto_aim_interfaces/auto_aim_interfaces/msg/armor.hpp
[2.546s] -- Up-to-date symlink: /home/xinzhu/sentry_ws/install/auto_aim_interfaces/include/auto_aim_interfaces/auto_aim_interfaces/msg/armors.hpp
[2.546s] -- Up-to-date symlink: /home/xinzhu/sentry_ws/install/auto_aim_interfaces/include/auto_aim_interfaces/auto_aim_interfaces/msg/chassis_cmd.hpp
[2.546s] -- Up-to-date symlink: /home/xinzhu/sentry_ws/install/auto_aim_interfaces/include/auto_aim_interfaces/auto_aim_interfaces/msg/debug_armor.hpp
[2.546s] -- Up-to-date symlink: /home/xinzhu/sentry_ws/install/auto_aim_interfaces/include/auto_aim_interfaces/auto_aim_interfaces/msg/debug_armors.hpp
[2.546s] -- Up-to-date symlink: /home/xinzhu/sentry_ws/install/auto_aim_interfaces/include/auto_aim_interfaces/auto_aim_interfaces/msg/debug_light.hpp
[2.546s] -- Up-to-date symlink: /home/xinzhu/sentry_ws/install/auto_aim_interfaces/include/auto_aim_interfaces/auto_aim_interfaces/msg/debug_lights.hpp
[2.546s] -- Up-to-date symlink: /home/xinzhu/sentry_ws/install/auto_aim_interfaces/include/auto_aim_interfaces/auto_aim_interfaces/msg/debug_rune_angle.hpp
[2.546s] -- Up-to-date symlink: /home/xinzhu/sentry_ws/install/auto_aim_interfaces/include/auto_aim_interfaces/auto_aim_interfaces/msg/detail/armor__builder.hpp
[2.546s] -- Up-to-date symlink: /home/xinzhu/sentry_ws/install/auto_aim_interfaces/include/auto_aim_interfaces/auto_aim_interfaces/msg/detail/armor__struct.hpp
[2.546s] -- Up-to-date symlink: /home/xinzhu/sentry_ws/install/auto_aim_interfaces/include/auto_aim_interfaces/auto_aim_interfaces/msg/detail/armor__traits.hpp
[2.547s] -- Up-to-date symlink: /home/xinzhu/sentry_ws/install/auto_aim_interfaces/include/auto_aim_interfaces/auto_aim_interfaces/msg/detail/armor__type_support.hpp
[2.547s] -- Up-to-date symlink: /home/xinzhu/sentry_ws/install/auto_aim_interfaces/include/auto_aim_interfaces/auto_aim_interfaces/msg/detail/armors__builder.hpp
[2.547s] -- Up-to-date symlink: /home/xinzhu/sentry_ws/install/auto_aim_interfaces/include/auto_aim_interfaces/auto_aim_interfaces/msg/detail/armors__struct.hpp
[2.547s] -- Up-to-date symlink: /home/xinzhu/sentry_ws/install/auto_aim_interfaces/include/auto_aim_interfaces/auto_aim_interfaces/msg/detail/armors__traits.hpp
[2.547s] -- Up-to-date symlink: /home/xinzhu/sentry_ws/install/auto_aim_interfaces/include/auto_aim_interfaces/auto_aim_interfaces/msg/detail/armors__type_support.hpp
[2.547s] -- Up-to-date symlink: /home/xinzhu/sentry_ws/install/auto_aim_interfaces/include/auto_aim_interfaces/auto_aim_interfaces/msg/detail/chassis_cmd__builder.hpp
[2.547s] -- Up-to-date symlink: /home/xinzhu/sentry_ws/install/auto_aim_interfaces/include/auto_aim_interfaces/auto_aim_interfaces/msg/detail/chassis_cmd__struct.hpp
[2.547s] -- Up-to-date symlink: /home/xinzhu/sentry_ws/install/auto_aim_interfaces/include/auto_aim_interfaces/auto_aim_interfaces/msg/detail/chassis_cmd__traits.hpp
[2.547s] -- Up-to-date symlink: /home/xinzhu/sentry_ws/install/auto_aim_interfaces/include/auto_aim_interfaces/auto_aim_interfaces/msg/detail/chassis_cmd__type_support.hpp
[2.547s] -- Up-to-date symlink: /home/xinzhu/sentry_ws/install/auto_aim_interfaces/include/auto_aim_interfaces/auto_aim_interfaces/msg/detail/debug_armor__builder.hpp
[2.547s] -- Up-to-date symlink: /home/xinzhu/sentry_ws/install/auto_aim_interfaces/include/auto_aim_interfaces/auto_aim_interfaces/msg/detail/debug_armor__struct.hpp
[2.547s] -- Up-to-date symlink: /home/xinzhu/sentry_ws/install/auto_aim_interfaces/include/auto_aim_interfaces/auto_aim_interfaces/msg/detail/debug_armor__traits.hpp
[2.548s] -- Up-to-date symlink: /home/xinzhu/sentry_ws/install/auto_aim_interfaces/include/auto_aim_interfaces/auto_aim_interfaces/msg/detail/debug_armor__type_support.hpp
[2.548s] -- Up-to-date symlink: /home/xinzhu/sentry_ws/install/auto_aim_interfaces/include/auto_aim_interfaces/auto_aim_interfaces/msg/detail/debug_armors__builder.hpp
[2.548s] -- Up-to-date symlink: /home/xinzhu/sentry_ws/install/auto_aim_interfaces/include/auto_aim_interfaces/auto_aim_interfaces/msg/detail/debug_armors__struct.hpp
[2.548s] -- Up-to-date symlink: /home/xinzhu/sentry_ws/install/auto_aim_interfaces/include/auto_aim_interfaces/auto_aim_interfaces/msg/detail/debug_armors__traits.hpp
[2.548s] -- Up-to-date symlink: /home/xinzhu/sentry_ws/install/auto_aim_interfaces/include/auto_aim_interfaces/auto_aim_interfaces/msg/detail/debug_armors__type_support.hpp
[2.548s] -- Up-to-date symlink: /home/xinzhu/sentry_ws/install/auto_aim_interfaces/include/auto_aim_interfaces/auto_aim_interfaces/msg/detail/debug_light__builder.hpp
[2.548s] -- Up-to-date symlink: /home/xinzhu/sentry_ws/install/auto_aim_interfaces/include/auto_aim_interfaces/auto_aim_interfaces/msg/detail/debug_light__struct.hpp
[2.548s] -- Up-to-date symlink: /home/xinzhu/sentry_ws/install/auto_aim_interfaces/include/auto_aim_interfaces/auto_aim_interfaces/msg/detail/debug_light__traits.hpp
[2.548s] -- Up-to-date symlink: /home/xinzhu/sentry_ws/install/auto_aim_interfaces/include/auto_aim_interfaces/auto_aim_interfaces/msg/detail/debug_light__type_support.hpp
[2.548s] -- Up-to-date symlink: /home/xinzhu/sentry_ws/install/auto_aim_interfaces/include/auto_aim_interfaces/auto_aim_interfaces/msg/detail/debug_lights__builder.hpp
[2.548s] -- Up-to-date symlink: /home/xinzhu/sentry_ws/install/auto_aim_interfaces/include/auto_aim_interfaces/auto_aim_interfaces/msg/detail/debug_lights__struct.hpp
[2.549s] -- Up-to-date symlink: /home/xinzhu/sentry_ws/install/auto_aim_interfaces/include/auto_aim_interfaces/auto_aim_interfaces/msg/detail/debug_lights__traits.hpp
[2.549s] -- Up-to-date symlink: /home/xinzhu/sentry_ws/install/auto_aim_interfaces/include/auto_aim_interfaces/auto_aim_interfaces/msg/detail/debug_lights__type_support.hpp
[2.549s] -- Up-to-date symlink: /home/xinzhu/sentry_ws/install/auto_aim_interfaces/include/auto_aim_interfaces/auto_aim_interfaces/msg/detail/debug_rune_angle__builder.hpp
[2.549s] -- Up-to-date symlink: /home/xinzhu/sentry_ws/install/auto_aim_interfaces/include/auto_aim_interfaces/auto_aim_interfaces/msg/detail/debug_rune_angle__struct.hpp
[2.549s] -- Up-to-date symlink: /home/xinzhu/sentry_ws/install/auto_aim_interfaces/include/auto_aim_interfaces/auto_aim_interfaces/msg/detail/debug_rune_angle__traits.hpp
[2.549s] -- Up-to-date symlink: /home/xinzhu/sentry_ws/install/auto_aim_interfaces/include/auto_aim_interfaces/auto_aim_interfaces/msg/detail/debug_rune_angle__type_support.hpp
[2.549s] -- Up-to-date symlink: /home/xinzhu/sentry_ws/install/auto_aim_interfaces/include/auto_aim_interfaces/auto_aim_interfaces/msg/detail/gimbal_cmd__builder.hpp
[2.549s] -- Up-to-date symlink: /home/xinzhu/sentry_ws/install/auto_aim_interfaces/include/auto_aim_interfaces/auto_aim_interfaces/msg/detail/gimbal_cmd__struct.hpp
[2.549s] -- Up-to-date symlink: /home/xinzhu/sentry_ws/install/auto_aim_interfaces/include/auto_aim_interfaces/auto_aim_interfaces/msg/detail/gimbal_cmd__traits.hpp
[2.549s] -- Up-to-date symlink: /home/xinzhu/sentry_ws/install/auto_aim_interfaces/include/auto_aim_interfaces/auto_aim_interfaces/msg/detail/gimbal_cmd__type_support.hpp
[2.550s] -- Up-to-date symlink: /home/xinzhu/sentry_ws/install/auto_aim_interfaces/include/auto_aim_interfaces/auto_aim_interfaces/msg/detail/judge_system_data__builder.hpp
[2.550s] -- Up-to-date symlink: /home/xinzhu/sentry_ws/install/auto_aim_interfaces/include/auto_aim_interfaces/auto_aim_interfaces/msg/detail/judge_system_data__struct.hpp
[2.550s] -- Up-to-date symlink: /home/xinzhu/sentry_ws/install/auto_aim_interfaces/include/auto_aim_interfaces/auto_aim_interfaces/msg/detail/judge_system_data__traits.hpp
[2.550s] -- Up-to-date symlink: /home/xinzhu/sentry_ws/install/auto_aim_interfaces/include/auto_aim_interfaces/auto_aim_interfaces/msg/detail/judge_system_data__type_support.hpp
[2.550s] -- Up-to-date symlink: /home/xinzhu/sentry_ws/install/auto_aim_interfaces/include/auto_aim_interfaces/auto_aim_interfaces/msg/detail/measurement__builder.hpp
[2.550s] -- Up-to-date symlink: /home/xinzhu/sentry_ws/install/auto_aim_interfaces/include/auto_aim_interfaces/auto_aim_interfaces/msg/detail/measurement__struct.hpp
[2.550s] -- Up-to-date symlink: /home/xinzhu/sentry_ws/install/auto_aim_interfaces/include/auto_aim_interfaces/auto_aim_interfaces/msg/detail/measurement__traits.hpp
[2.551s] -- Up-to-date symlink: /home/xinzhu/sentry_ws/install/auto_aim_interfaces/include/auto_aim_interfaces/auto_aim_interfaces/msg/detail/measurement__type_support.hpp
[2.551s] -- Up-to-date symlink: /home/xinzhu/sentry_ws/install/auto_aim_interfaces/include/auto_aim_interfaces/auto_aim_interfaces/msg/detail/operator_command__builder.hpp
[2.551s] -- Up-to-date symlink: /home/xinzhu/sentry_ws/install/auto_aim_interfaces/include/auto_aim_interfaces/auto_aim_interfaces/msg/detail/operator_command__struct.hpp
[2.552s] -- Up-to-date symlink: /home/xinzhu/sentry_ws/install/auto_aim_interfaces/include/auto_aim_interfaces/auto_aim_interfaces/msg/detail/operator_command__traits.hpp
[2.552s] -- Up-to-date symlink: /home/xinzhu/sentry_ws/install/auto_aim_interfaces/include/auto_aim_interfaces/auto_aim_interfaces/msg/detail/operator_command__type_support.hpp
[2.552s] -- Up-to-date symlink: /home/xinzhu/sentry_ws/install/auto_aim_interfaces/include/auto_aim_interfaces/auto_aim_interfaces/msg/detail/point2d__builder.hpp
[2.552s] -- Up-to-date symlink: /home/xinzhu/sentry_ws/install/auto_aim_interfaces/include/auto_aim_interfaces/auto_aim_interfaces/msg/detail/point2d__struct.hpp
[2.552s] -- Up-to-date symlink: /home/xinzhu/sentry_ws/install/auto_aim_interfaces/include/auto_aim_interfaces/auto_aim_interfaces/msg/detail/point2d__traits.hpp
[2.552s] -- Up-to-date symlink: /home/xinzhu/sentry_ws/install/auto_aim_interfaces/include/auto_aim_interfaces/auto_aim_interfaces/msg/detail/point2d__type_support.hpp
[2.552s] -- Up-to-date symlink: /home/xinzhu/sentry_ws/install/auto_aim_interfaces/include/auto_aim_interfaces/auto_aim_interfaces/msg/detail/rune_target__builder.hpp
[2.552s] -- Up-to-date symlink: /home/xinzhu/sentry_ws/install/auto_aim_interfaces/include/auto_aim_interfaces/auto_aim_interfaces/msg/detail/rune_target__struct.hpp
[2.552s] -- Up-to-date symlink: /home/xinzhu/sentry_ws/install/auto_aim_interfaces/include/auto_aim_interfaces/auto_aim_interfaces/msg/detail/rune_target__traits.hpp
[2.552s] -- Up-to-date symlink: /home/xinzhu/sentry_ws/install/auto_aim_interfaces/include/auto_aim_interfaces/auto_aim_interfaces/msg/detail/rune_target__type_support.hpp
[2.552s] -- Up-to-date symlink: /home/xinzhu/sentry_ws/install/auto_aim_interfaces/include/auto_aim_interfaces/auto_aim_interfaces/msg/detail/serial_receive_data__builder.hpp
[2.552s] -- Up-to-date symlink: /home/xinzhu/sentry_ws/install/auto_aim_interfaces/include/auto_aim_interfaces/auto_aim_interfaces/msg/detail/serial_receive_data__struct.hpp
[2.553s] -- Up-to-date symlink: /home/xinzhu/sentry_ws/install/auto_aim_interfaces/include/auto_aim_interfaces/auto_aim_interfaces/msg/detail/serial_receive_data__traits.hpp
[2.553s] -- Up-to-date symlink: /home/xinzhu/sentry_ws/install/auto_aim_interfaces/include/auto_aim_interfaces/auto_aim_interfaces/msg/detail/serial_receive_data__type_support.hpp
[2.553s] -- Up-to-date symlink: /home/xinzhu/sentry_ws/install/auto_aim_interfaces/include/auto_aim_interfaces/auto_aim_interfaces/msg/detail/target__builder.hpp
[2.553s] -- Up-to-date symlink: /home/xinzhu/sentry_ws/install/auto_aim_interfaces/include/auto_aim_interfaces/auto_aim_interfaces/msg/detail/target__struct.hpp
[2.553s] -- Up-to-date symlink: /home/xinzhu/sentry_ws/install/auto_aim_interfaces/include/auto_aim_interfaces/auto_aim_interfaces/msg/detail/target__traits.hpp
[2.553s] -- Up-to-date symlink: /home/xinzhu/sentry_ws/install/auto_aim_interfaces/include/auto_aim_interfaces/auto_aim_interfaces/msg/detail/target__type_support.hpp
[2.553s] -- Up-to-date symlink: /home/xinzhu/sentry_ws/install/auto_aim_interfaces/include/auto_aim_interfaces/auto_aim_interfaces/msg/gimbal_cmd.hpp
[2.553s] -- Up-to-date symlink: /home/xinzhu/sentry_ws/install/auto_aim_interfaces/include/auto_aim_interfaces/auto_aim_interfaces/msg/judge_system_data.hpp
[2.553s] -- Up-to-date symlink: /home/xinzhu/sentry_ws/install/auto_aim_interfaces/include/auto_aim_interfaces/auto_aim_interfaces/msg/measurement.hpp
[2.553s] -- Up-to-date symlink: /home/xinzhu/sentry_ws/install/auto_aim_interfaces/include/auto_aim_interfaces/auto_aim_interfaces/msg/operator_command.hpp
[2.553s] -- Up-to-date symlink: /home/xinzhu/sentry_ws/install/auto_aim_interfaces/include/auto_aim_interfaces/auto_aim_interfaces/msg/point2d.hpp
[2.553s] -- Up-to-date symlink: /home/xinzhu/sentry_ws/install/auto_aim_interfaces/include/auto_aim_interfaces/auto_aim_interfaces/msg/rosidl_generator_cpp__visibility_control.hpp
[2.553s] -- Up-to-date symlink: /home/xinzhu/sentry_ws/install/auto_aim_interfaces/include/auto_aim_interfaces/auto_aim_interfaces/msg/rune_target.hpp
[2.553s] -- Up-to-date symlink: /home/xinzhu/sentry_ws/install/auto_aim_interfaces/include/auto_aim_interfaces/auto_aim_interfaces/msg/serial_receive_data.hpp
[2.554s] -- Up-to-date symlink: /home/xinzhu/sentry_ws/install/auto_aim_interfaces/include/auto_aim_interfaces/auto_aim_interfaces/msg/target.hpp
[2.554s] -- Up-to-date symlink: /home/xinzhu/sentry_ws/install/auto_aim_interfaces/include/auto_aim_interfaces/auto_aim_interfaces/srv/detail/set_mode__builder.hpp
[2.554s] -- Up-to-date symlink: /home/xinzhu/sentry_ws/install/auto_aim_interfaces/include/auto_aim_interfaces/auto_aim_interfaces/srv/detail/set_mode__struct.hpp
[2.554s] -- Up-to-date symlink: /home/xinzhu/sentry_ws/install/auto_aim_interfaces/include/auto_aim_interfaces/auto_aim_interfaces/srv/detail/set_mode__traits.hpp
[2.554s] -- Up-to-date symlink: /home/xinzhu/sentry_ws/install/auto_aim_interfaces/include/auto_aim_interfaces/auto_aim_interfaces/srv/detail/set_mode__type_support.hpp
[2.554s] -- Up-to-date symlink: /home/xinzhu/sentry_ws/install/auto_aim_interfaces/include/auto_aim_interfaces/auto_aim_interfaces/srv/set_mode.hpp
[2.554s] -- Up-to-date symlink: /home/xinzhu/sentry_ws/install/auto_aim_interfaces/include/auto_aim_interfaces/auto_aim_interfaces/msg/detail/armor__rosidl_typesupport_fastrtps_cpp.hpp
[2.554s] -- Up-to-date symlink: /home/xinzhu/sentry_ws/install/auto_aim_interfaces/include/auto_aim_interfaces/auto_aim_interfaces/msg/detail/armors__rosidl_typesupport_fastrtps_cpp.hpp
[2.554s] -- Up-to-date symlink: /home/xinzhu/sentry_ws/install/auto_aim_interfaces/include/auto_aim_interfaces/auto_aim_interfaces/msg/detail/chassis_cmd__rosidl_typesupport_fastrtps_cpp.hpp
[2.554s] -- Up-to-date symlink: /home/xinzhu/sentry_ws/install/auto_aim_interfaces/include/auto_aim_interfaces/auto_aim_interfaces/msg/detail/debug_armor__rosidl_typesupport_fastrtps_cpp.hpp
[2.554s] -- Up-to-date symlink: /home/xinzhu/sentry_ws/install/auto_aim_interfaces/include/auto_aim_interfaces/auto_aim_interfaces/msg/detail/debug_armors__rosidl_typesupport_fastrtps_cpp.hpp
[2.554s] -- Up-to-date symlink: /home/xinzhu/sentry_ws/install/auto_aim_interfaces/include/auto_aim_interfaces/auto_aim_interfaces/msg/detail/debug_light__rosidl_typesupport_fastrtps_cpp.hpp
[2.554s] -- Up-to-date symlink: /home/xinzhu/sentry_ws/install/auto_aim_interfaces/include/auto_aim_interfaces/auto_aim_interfaces/msg/detail/debug_lights__rosidl_typesupport_fastrtps_cpp.hpp
[2.555s] -- Up-to-date symlink: /home/xinzhu/sentry_ws/install/auto_aim_interfaces/include/auto_aim_interfaces/auto_aim_interfaces/msg/detail/debug_rune_angle__rosidl_typesupport_fastrtps_cpp.hpp
[2.555s] -- Up-to-date symlink: /home/xinzhu/sentry_ws/install/auto_aim_interfaces/include/auto_aim_interfaces/auto_aim_interfaces/msg/detail/gimbal_cmd__rosidl_typesupport_fastrtps_cpp.hpp
[2.555s] -- Up-to-date symlink: /home/xinzhu/sentry_ws/install/auto_aim_interfaces/include/auto_aim_interfaces/auto_aim_interfaces/msg/detail/judge_system_data__rosidl_typesupport_fastrtps_cpp.hpp
[2.555s] -- Up-to-date symlink: /home/xinzhu/sentry_ws/install/auto_aim_interfaces/include/auto_aim_interfaces/auto_aim_interfaces/msg/detail/measurement__rosidl_typesupport_fastrtps_cpp.hpp
[2.555s] -- Up-to-date symlink: /home/xinzhu/sentry_ws/install/auto_aim_interfaces/include/auto_aim_interfaces/auto_aim_interfaces/msg/detail/operator_command__rosidl_typesupport_fastrtps_cpp.hpp
[2.555s] -- Up-to-date symlink: /home/xinzhu/sentry_ws/install/auto_aim_interfaces/include/auto_aim_interfaces/auto_aim_interfaces/msg/detail/point2d__rosidl_typesupport_fastrtps_cpp.hpp
[2.555s] -- Up-to-date symlink: /home/xinzhu/sentry_ws/install/auto_aim_interfaces/include/auto_aim_interfaces/auto_aim_interfaces/msg/detail/rune_target__rosidl_typesupport_fastrtps_cpp.hpp
[2.555s] -- Up-to-date symlink: /home/xinzhu/sentry_ws/install/auto_aim_interfaces/include/auto_aim_interfaces/auto_aim_interfaces/msg/detail/serial_receive_data__rosidl_typesupport_fastrtps_cpp.hpp
[2.555s] -- Up-to-date symlink: /home/xinzhu/sentry_ws/install/auto_aim_interfaces/include/auto_aim_interfaces/auto_aim_interfaces/msg/detail/target__rosidl_typesupport_fastrtps_cpp.hpp
[2.555s] -- Up-to-date symlink: /home/xinzhu/sentry_ws/install/auto_aim_interfaces/include/auto_aim_interfaces/auto_aim_interfaces/msg/rosidl_typesupport_fastrtps_cpp__visibility_control.h
[2.555s] -- Up-to-date symlink: /home/xinzhu/sentry_ws/install/auto_aim_interfaces/include/auto_aim_interfaces/auto_aim_interfaces/srv/detail/set_mode__rosidl_typesupport_fastrtps_cpp.hpp
[2.555s] -- Up-to-date symlink: /home/xinzhu/sentry_ws/install/auto_aim_interfaces/include/auto_aim_interfaces/auto_aim_interfaces/msg/detail/armor__rosidl_typesupport_introspection_cpp.hpp
[2.556s] -- Up-to-date symlink: /home/xinzhu/sentry_ws/install/auto_aim_interfaces/include/auto_aim_interfaces/auto_aim_interfaces/msg/detail/armors__rosidl_typesupport_introspection_cpp.hpp
[2.556s] -- Up-to-date symlink: /home/xinzhu/sentry_ws/install/auto_aim_interfaces/include/auto_aim_interfaces/auto_aim_interfaces/msg/detail/chassis_cmd__rosidl_typesupport_introspection_cpp.hpp
[2.556s] -- Up-to-date symlink: /home/xinzhu/sentry_ws/install/auto_aim_interfaces/include/auto_aim_interfaces/auto_aim_interfaces/msg/detail/debug_armor__rosidl_typesupport_introspection_cpp.hpp
[2.556s] -- Up-to-date symlink: /home/xinzhu/sentry_ws/install/auto_aim_interfaces/include/auto_aim_interfaces/auto_aim_interfaces/msg/detail/debug_armors__rosidl_typesupport_introspection_cpp.hpp
[2.556s] -- Up-to-date symlink: /home/xinzhu/sentry_ws/install/auto_aim_interfaces/include/auto_aim_interfaces/auto_aim_interfaces/msg/detail/debug_light__rosidl_typesupport_introspection_cpp.hpp
[2.556s] -- Up-to-date symlink: /home/xinzhu/sentry_ws/install/auto_aim_interfaces/include/auto_aim_interfaces/auto_aim_interfaces/msg/detail/debug_lights__rosidl_typesupport_introspection_cpp.hpp
[2.556s] -- Up-to-date symlink: /home/xinzhu/sentry_ws/install/auto_aim_interfaces/include/auto_aim_interfaces/auto_aim_interfaces/msg/detail/debug_rune_angle__rosidl_typesupport_introspection_cpp.hpp
[2.556s] -- Up-to-date symlink: /home/xinzhu/sentry_ws/install/auto_aim_interfaces/include/auto_aim_interfaces/auto_aim_interfaces/msg/detail/gimbal_cmd__rosidl_typesupport_introspection_cpp.hpp
[2.556s] -- Up-to-date symlink: /home/xinzhu/sentry_ws/install/auto_aim_interfaces/include/auto_aim_interfaces/auto_aim_interfaces/msg/detail/judge_system_data__rosidl_typesupport_introspection_cpp.hpp
[2.556s] -- Up-to-date symlink: /home/xinzhu/sentry_ws/install/auto_aim_interfaces/include/auto_aim_interfaces/auto_aim_interfaces/msg/detail/measurement__rosidl_typesupport_introspection_cpp.hpp
[2.556s] -- Up-to-date symlink: /home/xinzhu/sentry_ws/install/auto_aim_interfaces/include/auto_aim_interfaces/auto_aim_interfaces/msg/detail/operator_command__rosidl_typesupport_introspection_cpp.hpp
[2.556s] -- Up-to-date symlink: /home/xinzhu/sentry_ws/install/auto_aim_interfaces/include/auto_aim_interfaces/auto_aim_interfaces/msg/detail/point2d__rosidl_typesupport_introspection_cpp.hpp
[2.557s] -- Up-to-date symlink: /home/xinzhu/sentry_ws/install/auto_aim_interfaces/include/auto_aim_interfaces/auto_aim_interfaces/msg/detail/rune_target__rosidl_typesupport_introspection_cpp.hpp
[2.557s] -- Up-to-date symlink: /home/xinzhu/sentry_ws/install/auto_aim_interfaces/include/auto_aim_interfaces/auto_aim_interfaces/msg/detail/serial_receive_data__rosidl_typesupport_introspection_cpp.hpp
[2.557s] -- Up-to-date symlink: /home/xinzhu/sentry_ws/install/auto_aim_interfaces/include/auto_aim_interfaces/auto_aim_interfaces/msg/detail/target__rosidl_typesupport_introspection_cpp.hpp
[2.557s] -- Up-to-date symlink: /home/xinzhu/sentry_ws/install/auto_aim_interfaces/include/auto_aim_interfaces/auto_aim_interfaces/srv/detail/set_mode__rosidl_typesupport_introspection_cpp.hpp
[2.557s] -- Up-to-date symlink: /home/xinzhu/sentry_ws/install/auto_aim_interfaces/share/auto_aim_interfaces/environment/pythonpath.sh
[2.557s] -- Up-to-date symlink: /home/xinzhu/sentry_ws/install/auto_aim_interfaces/share/auto_aim_interfaces/environment/pythonpath.dsv
[2.557s] -- Up-to-date symlink: /home/xinzhu/sentry_ws/install/auto_aim_interfaces/local/lib/python3.10/dist-packages/auto_aim_interfaces-0.0.0-py3.10.egg-info/PKG-INFO
[2.557s] -- Up-to-date symlink: /home/xinzhu/sentry_ws/install/auto_aim_interfaces/local/lib/python3.10/dist-packages/auto_aim_interfaces-0.0.0-py3.10.egg-info/SOURCES.txt
[2.557s] -- Up-to-date symlink: /home/xinzhu/sentry_ws/install/auto_aim_interfaces/local/lib/python3.10/dist-packages/auto_aim_interfaces-0.0.0-py3.10.egg-info/dependency_links.txt
[2.557s] -- Up-to-date symlink: /home/xinzhu/sentry_ws/install/auto_aim_interfaces/local/lib/python3.10/dist-packages/auto_aim_interfaces-0.0.0-py3.10.egg-info/top_level.txt
[2.558s] -- Up-to-date symlink: /home/xinzhu/sentry_ws/install/auto_aim_interfaces/local/lib/python3.10/dist-packages/auto_aim_interfaces/__init__.py
[2.558s] -- Up-to-date symlink: /home/xinzhu/sentry_ws/install/auto_aim_interfaces/local/lib/python3.10/dist-packages/auto_aim_interfaces/_auto_aim_interfaces_s.ep.rosidl_typesupport_c.c
[2.559s] -- Up-to-date symlink: /home/xinzhu/sentry_ws/install/auto_aim_interfaces/local/lib/python3.10/dist-packages/auto_aim_interfaces/_auto_aim_interfaces_s.ep.rosidl_typesupport_fastrtps_c.c
[2.559s] -- Up-to-date symlink: /home/xinzhu/sentry_ws/install/auto_aim_interfaces/local/lib/python3.10/dist-packages/auto_aim_interfaces/_auto_aim_interfaces_s.ep.rosidl_typesupport_introspection_c.c
[2.559s] -- Up-to-date symlink: /home/xinzhu/sentry_ws/install/auto_aim_interfaces/local/lib/python3.10/dist-packages/auto_aim_interfaces/auto_aim_interfaces_s__rosidl_typesupport_c.cpython-310-x86_64-linux-gnu.so
[2.559s] -- Up-to-date symlink: /home/xinzhu/sentry_ws/install/auto_aim_interfaces/local/lib/python3.10/dist-packages/auto_aim_interfaces/auto_aim_interfaces_s__rosidl_typesupport_fastrtps_c.cpython-310-x86_64-linux-gnu.so
[2.559s] -- Up-to-date symlink: /home/xinzhu/sentry_ws/install/auto_aim_interfaces/local/lib/python3.10/dist-packages/auto_aim_interfaces/auto_aim_interfaces_s__rosidl_typesupport_introspection_c.cpython-310-x86_64-linux-gnu.so
[2.559s] -- Up-to-date symlink: /home/xinzhu/sentry_ws/install/auto_aim_interfaces/local/lib/python3.10/dist-packages/auto_aim_interfaces/libauto_aim_interfaces__rosidl_generator_py.so
[2.559s] -- Up-to-date symlink: /home/xinzhu/sentry_ws/install/auto_aim_interfaces/local/lib/python3.10/dist-packages/auto_aim_interfaces/msg/__init__.py
[2.559s] -- Up-to-date symlink: /home/xinzhu/sentry_ws/install/auto_aim_interfaces/local/lib/python3.10/dist-packages/auto_aim_interfaces/msg/_armor.py
[2.559s] -- Up-to-date symlink: /home/xinzhu/sentry_ws/install/auto_aim_interfaces/local/lib/python3.10/dist-packages/auto_aim_interfaces/msg/_armor_s.c
[2.559s] -- Up-to-date symlink: /home/xinzhu/sentry_ws/install/auto_aim_interfaces/local/lib/python3.10/dist-packages/auto_aim_interfaces/msg/_armors.py
[2.559s] -- Up-to-date symlink: /home/xinzhu/sentry_ws/install/auto_aim_interfaces/local/lib/python3.10/dist-packages/auto_aim_interfaces/msg/_armors_s.c
[2.559s] -- Up-to-date symlink: /home/xinzhu/sentry_ws/install/auto_aim_interfaces/local/lib/python3.10/dist-packages/auto_aim_interfaces/msg/_chassis_cmd.py
[2.560s] -- Up-to-date symlink: /home/xinzhu/sentry_ws/install/auto_aim_interfaces/local/lib/python3.10/dist-packages/auto_aim_interfaces/msg/_chassis_cmd_s.c
[2.560s] -- Up-to-date symlink: /home/xinzhu/sentry_ws/install/auto_aim_interfaces/local/lib/python3.10/dist-packages/auto_aim_interfaces/msg/_debug_armor.py
[2.560s] -- Up-to-date symlink: /home/xinzhu/sentry_ws/install/auto_aim_interfaces/local/lib/python3.10/dist-packages/auto_aim_interfaces/msg/_debug_armor_s.c
[2.560s] -- Up-to-date symlink: /home/xinzhu/sentry_ws/install/auto_aim_interfaces/local/lib/python3.10/dist-packages/auto_aim_interfaces/msg/_debug_armors.py
[2.560s] -- Up-to-date symlink: /home/xinzhu/sentry_ws/install/auto_aim_interfaces/local/lib/python3.10/dist-packages/auto_aim_interfaces/msg/_debug_armors_s.c
[2.560s] -- Up-to-date symlink: /home/xinzhu/sentry_ws/install/auto_aim_interfaces/local/lib/python3.10/dist-packages/auto_aim_interfaces/msg/_debug_light.py
[2.560s] -- Up-to-date symlink: /home/xinzhu/sentry_ws/install/auto_aim_interfaces/local/lib/python3.10/dist-packages/auto_aim_interfaces/msg/_debug_light_s.c
[2.560s] -- Up-to-date symlink: /home/xinzhu/sentry_ws/install/auto_aim_interfaces/local/lib/python3.10/dist-packages/auto_aim_interfaces/msg/_debug_lights.py
[2.560s] -- Up-to-date symlink: /home/xinzhu/sentry_ws/install/auto_aim_interfaces/local/lib/python3.10/dist-packages/auto_aim_interfaces/msg/_debug_lights_s.c
[2.560s] -- Up-to-date symlink: /home/xinzhu/sentry_ws/install/auto_aim_interfaces/local/lib/python3.10/dist-packages/auto_aim_interfaces/msg/_debug_rune_angle.py
[2.560s] -- Up-to-date symlink: /home/xinzhu/sentry_ws/install/auto_aim_interfaces/local/lib/python3.10/dist-packages/auto_aim_interfaces/msg/_debug_rune_angle_s.c
[2.560s] -- Up-to-date symlink: /home/xinzhu/sentry_ws/install/auto_aim_interfaces/local/lib/python3.10/dist-packages/auto_aim_interfaces/msg/_gimbal_cmd.py
[2.560s] -- Up-to-date symlink: /home/xinzhu/sentry_ws/install/auto_aim_interfaces/local/lib/python3.10/dist-packages/auto_aim_interfaces/msg/_gimbal_cmd_s.c
[2.561s] -- Up-to-date symlink: /home/xinzhu/sentry_ws/install/auto_aim_interfaces/local/lib/python3.10/dist-packages/auto_aim_interfaces/msg/_judge_system_data.py
[2.561s] -- Up-to-date symlink: /home/xinzhu/sentry_ws/install/auto_aim_interfaces/local/lib/python3.10/dist-packages/auto_aim_interfaces/msg/_judge_system_data_s.c
[2.561s] -- Up-to-date symlink: /home/xinzhu/sentry_ws/install/auto_aim_interfaces/local/lib/python3.10/dist-packages/auto_aim_interfaces/msg/_measurement.py
[2.561s] -- Up-to-date symlink: /home/xinzhu/sentry_ws/install/auto_aim_interfaces/local/lib/python3.10/dist-packages/auto_aim_interfaces/msg/_measurement_s.c
[2.561s] -- Up-to-date symlink: /home/xinzhu/sentry_ws/install/auto_aim_interfaces/local/lib/python3.10/dist-packages/auto_aim_interfaces/msg/_operator_command.py
[2.561s] -- Up-to-date symlink: /home/xinzhu/sentry_ws/install/auto_aim_interfaces/local/lib/python3.10/dist-packages/auto_aim_interfaces/msg/_operator_command_s.c
[2.561s] -- Up-to-date symlink: /home/xinzhu/sentry_ws/install/auto_aim_interfaces/local/lib/python3.10/dist-packages/auto_aim_interfaces/msg/_point2d.py
[2.561s] -- Up-to-date symlink: /home/xinzhu/sentry_ws/install/auto_aim_interfaces/local/lib/python3.10/dist-packages/auto_aim_interfaces/msg/_point2d_s.c
[2.561s] -- Up-to-date symlink: /home/xinzhu/sentry_ws/install/auto_aim_interfaces/local/lib/python3.10/dist-packages/auto_aim_interfaces/msg/_rune_target.py
[2.561s] -- Up-to-date symlink: /home/xinzhu/sentry_ws/install/auto_aim_interfaces/local/lib/python3.10/dist-packages/auto_aim_interfaces/msg/_rune_target_s.c
[2.561s] -- Up-to-date symlink: /home/xinzhu/sentry_ws/install/auto_aim_interfaces/local/lib/python3.10/dist-packages/auto_aim_interfaces/msg/_serial_receive_data.py
[2.561s] -- Up-to-date symlink: /home/xinzhu/sentry_ws/install/auto_aim_interfaces/local/lib/python3.10/dist-packages/auto_aim_interfaces/msg/_serial_receive_data_s.c
[2.562s] -- Up-to-date symlink: /home/xinzhu/sentry_ws/install/auto_aim_interfaces/local/lib/python3.10/dist-packages/auto_aim_interfaces/msg/_target.py
[2.562s] -- Up-to-date symlink: /home/xinzhu/sentry_ws/install/auto_aim_interfaces/local/lib/python3.10/dist-packages/auto_aim_interfaces/msg/_target_s.c
[2.562s] -- Up-to-date symlink: /home/xinzhu/sentry_ws/install/auto_aim_interfaces/local/lib/python3.10/dist-packages/auto_aim_interfaces/srv/__init__.py
[2.562s] -- Up-to-date symlink: /home/xinzhu/sentry_ws/install/auto_aim_interfaces/local/lib/python3.10/dist-packages/auto_aim_interfaces/srv/_set_mode.py
[2.562s] -- Up-to-date symlink: /home/xinzhu/sentry_ws/install/auto_aim_interfaces/local/lib/python3.10/dist-packages/auto_aim_interfaces/srv/_set_mode_s.c
[2.562s] -- Up-to-date symlink: /home/xinzhu/sentry_ws/install/auto_aim_interfaces/local/lib/python3.10/dist-packages/auto_aim_interfaces/auto_aim_interfaces_s__rosidl_typesupport_fastrtps_c.cpython-310-x86_64-linux-gnu.so
[2.562s] -- Up-to-date symlink: /home/xinzhu/sentry_ws/install/auto_aim_interfaces/local/lib/python3.10/dist-packages/auto_aim_interfaces/auto_aim_interfaces_s__rosidl_typesupport_introspection_c.cpython-310-x86_64-linux-gnu.so
[2.562s] -- Up-to-date symlink: /home/xinzhu/sentry_ws/install/auto_aim_interfaces/local/lib/python3.10/dist-packages/auto_aim_interfaces/auto_aim_interfaces_s__rosidl_typesupport_c.cpython-310-x86_64-linux-gnu.so
[2.562s] -- Up-to-date symlink: /home/xinzhu/sentry_ws/install/auto_aim_interfaces/share/auto_aim_interfaces/msg/Armor.idl
[2.563s] -- Up-to-date symlink: /home/xinzhu/sentry_ws/install/auto_aim_interfaces/share/auto_aim_interfaces/msg/Armors.idl
[2.563s] -- Up-to-date symlink: /home/xinzhu/sentry_ws/install/auto_aim_interfaces/share/auto_aim_interfaces/msg/Target.idl
[2.563s] -- Up-to-date symlink: /home/xinzhu/sentry_ws/install/auto_aim_interfaces/share/auto_aim_interfaces/msg/RuneTarget.idl
[2.563s] -- Up-to-date symlink: /home/xinzhu/sentry_ws/install/auto_aim_interfaces/share/auto_aim_interfaces/msg/Point2d.idl
[2.563s] -- Up-to-date symlink: /home/xinzhu/sentry_ws/install/auto_aim_interfaces/share/auto_aim_interfaces/msg/GimbalCmd.idl
[2.563s] -- Up-to-date symlink: /home/xinzhu/sentry_ws/install/auto_aim_interfaces/share/auto_aim_interfaces/msg/ChassisCmd.idl
[2.563s] -- Up-to-date symlink: /home/xinzhu/sentry_ws/install/auto_aim_interfaces/share/auto_aim_interfaces/msg/DebugLight.idl
[2.563s] -- Up-to-date symlink: /home/xinzhu/sentry_ws/install/auto_aim_interfaces/share/auto_aim_interfaces/msg/DebugLights.idl
[2.563s] -- Up-to-date symlink: /home/xinzhu/sentry_ws/install/auto_aim_interfaces/share/auto_aim_interfaces/msg/DebugArmor.idl
[2.563s] -- Up-to-date symlink: /home/xinzhu/sentry_ws/install/auto_aim_interfaces/share/auto_aim_interfaces/msg/DebugArmors.idl
[2.563s] -- Up-to-date symlink: /home/xinzhu/sentry_ws/install/auto_aim_interfaces/share/auto_aim_interfaces/msg/DebugRuneAngle.idl
[2.564s] -- Up-to-date symlink: /home/xinzhu/sentry_ws/install/auto_aim_interfaces/share/auto_aim_interfaces/msg/Measurement.idl
[2.564s] -- Up-to-date symlink: /home/xinzhu/sentry_ws/install/auto_aim_interfaces/share/auto_aim_interfaces/msg/JudgeSystemData.idl
[2.564s] -- Up-to-date symlink: /home/xinzhu/sentry_ws/install/auto_aim_interfaces/share/auto_aim_interfaces/msg/OperatorCommand.idl
[2.564s] -- Up-to-date symlink: /home/xinzhu/sentry_ws/install/auto_aim_interfaces/share/auto_aim_interfaces/msg/SerialReceiveData.idl
[2.564s] -- Up-to-date symlink: /home/xinzhu/sentry_ws/install/auto_aim_interfaces/share/auto_aim_interfaces/srv/SetMode.idl
[2.564s] -- Up-to-date symlink: /home/xinzhu/sentry_ws/install/auto_aim_interfaces/share/auto_aim_interfaces/msg/Armor.msg
[2.564s] -- Up-to-date symlink: /home/xinzhu/sentry_ws/install/auto_aim_interfaces/share/auto_aim_interfaces/msg/Armors.msg
[2.564s] -- Up-to-date symlink: /home/xinzhu/sentry_ws/install/auto_aim_interfaces/share/auto_aim_interfaces/msg/Target.msg
[2.564s] -- Up-to-date symlink: /home/xinzhu/sentry_ws/install/auto_aim_interfaces/share/auto_aim_interfaces/msg/RuneTarget.msg
[2.564s] -- Up-to-date symlink: /home/xinzhu/sentry_ws/install/auto_aim_interfaces/share/auto_aim_interfaces/msg/Point2d.msg
[2.565s] -- Up-to-date symlink: /home/xinzhu/sentry_ws/install/auto_aim_interfaces/share/auto_aim_interfaces/msg/GimbalCmd.msg
[2.565s] -- Up-to-date symlink: /home/xinzhu/sentry_ws/install/auto_aim_interfaces/share/auto_aim_interfaces/msg/ChassisCmd.msg
[2.565s] -- Up-to-date symlink: /home/xinzhu/sentry_ws/install/auto_aim_interfaces/share/auto_aim_interfaces/msg/DebugLight.msg
[2.565s] -- Up-to-date symlink: /home/xinzhu/sentry_ws/install/auto_aim_interfaces/share/auto_aim_interfaces/msg/DebugLights.msg
[2.565s] -- Up-to-date symlink: /home/xinzhu/sentry_ws/install/auto_aim_interfaces/share/auto_aim_interfaces/msg/DebugArmor.msg
[2.565s] -- Up-to-date symlink: /home/xinzhu/sentry_ws/install/auto_aim_interfaces/share/auto_aim_interfaces/msg/DebugArmors.msg
[2.565s] -- Up-to-date symlink: /home/xinzhu/sentry_ws/install/auto_aim_interfaces/share/auto_aim_interfaces/msg/DebugRuneAngle.msg
[2.565s] -- Up-to-date symlink: /home/xinzhu/sentry_ws/install/auto_aim_interfaces/share/auto_aim_interfaces/msg/Measurement.msg
[2.565s] -- Up-to-date symlink: /home/xinzhu/sentry_ws/install/auto_aim_interfaces/share/auto_aim_interfaces/msg/JudgeSystemData.msg
[2.565s] -- Up-to-date symlink: /home/xinzhu/sentry_ws/install/auto_aim_interfaces/share/auto_aim_interfaces/msg/OperatorCommand.msg
[2.565s] -- Up-to-date symlink: /home/xinzhu/sentry_ws/install/auto_aim_interfaces/share/auto_aim_interfaces/msg/SerialReceiveData.msg
[2.566s] -- Up-to-date symlink: /home/xinzhu/sentry_ws/install/auto_aim_interfaces/share/auto_aim_interfaces/srv/SetMode.srv
[2.566s] -- Up-to-date symlink: /home/xinzhu/sentry_ws/install/auto_aim_interfaces/share/auto_aim_interfaces/srv/SetMode_Request.msg
[2.566s] -- Up-to-date symlink: /home/xinzhu/sentry_ws/install/auto_aim_interfaces/share/auto_aim_interfaces/srv/SetMode_Response.msg
[2.566s] -- Up-to-date symlink: /home/xinzhu/sentry_ws/install/auto_aim_interfaces/share/ament_index/resource_index/package_run_dependencies/auto_aim_interfaces
[2.566s] -- Up-to-date symlink: /home/xinzhu/sentry_ws/install/auto_aim_interfaces/share/ament_index/resource_index/parent_prefix_path/auto_aim_interfaces
[2.566s] -- Up-to-date symlink: /home/xinzhu/sentry_ws/install/auto_aim_interfaces/share/auto_aim_interfaces/environment/ament_prefix_path.sh
[2.566s] -- Up-to-date symlink: /home/xinzhu/sentry_ws/install/auto_aim_interfaces/share/auto_aim_interfaces/environment/ament_prefix_path.dsv
[2.566s] -- Up-to-date symlink: /home/xinzhu/sentry_ws/install/auto_aim_interfaces/share/auto_aim_interfaces/environment/path.sh
[2.567s] -- Up-to-date symlink: /home/xinzhu/sentry_ws/install/auto_aim_interfaces/share/auto_aim_interfaces/environment/path.dsv
[2.567s] -- Up-to-date symlink: /home/xinzhu/sentry_ws/install/auto_aim_interfaces/share/auto_aim_interfaces/local_setup.bash
[2.567s] -- Up-to-date symlink: /home/xinzhu/sentry_ws/install/auto_aim_interfaces/share/auto_aim_interfaces/local_setup.sh
[2.567s] -- Up-to-date symlink: /home/xinzhu/sentry_ws/install/auto_aim_interfaces/share/auto_aim_interfaces/local_setup.zsh
[2.567s] -- Up-to-date symlink: /home/xinzhu/sentry_ws/install/auto_aim_interfaces/share/auto_aim_interfaces/local_setup.dsv
[2.567s] -- Symlinking: /home/xinzhu/sentry_ws/install/auto_aim_interfaces/share/auto_aim_interfaces/package.dsv
[2.570s] -- Up-to-date symlink: /home/xinzhu/sentry_ws/install/auto_aim_interfaces/share/ament_index/resource_index/packages/auto_aim_interfaces
[2.570s] -- Up-to-date symlink: /home/xinzhu/sentry_ws/install/auto_aim_interfaces/share/auto_aim_interfaces/cmake/rosidl_cmake-extras.cmake
[2.570s] -- Up-to-date symlink: /home/xinzhu/sentry_ws/install/auto_aim_interfaces/share/auto_aim_interfaces/cmake/ament_cmake_export_dependencies-extras.cmake
[2.570s] -- Up-to-date symlink: /home/xinzhu/sentry_ws/install/auto_aim_interfaces/share/auto_aim_interfaces/cmake/ament_cmake_export_include_directories-extras.cmake
[2.570s] -- Up-to-date symlink: /home/xinzhu/sentry_ws/install/auto_aim_interfaces/share/auto_aim_interfaces/cmake/ament_cmake_export_libraries-extras.cmake
[2.571s] -- Up-to-date symlink: /home/xinzhu/sentry_ws/install/auto_aim_interfaces/share/auto_aim_interfaces/cmake/ament_cmake_export_targets-extras.cmake
[2.571s] -- Up-to-date symlink: /home/xinzhu/sentry_ws/install/auto_aim_interfaces/share/auto_aim_interfaces/cmake/rosidl_cmake_export_typesupport_targets-extras.cmake
[2.571s] -- Up-to-date symlink: /home/xinzhu/sentry_ws/install/auto_aim_interfaces/share/auto_aim_interfaces/cmake/rosidl_cmake_export_typesupport_libraries-extras.cmake
[2.571s] -- Up-to-date symlink: /home/xinzhu/sentry_ws/install/auto_aim_interfaces/share/auto_aim_interfaces/cmake/auto_aim_interfacesConfig.cmake
[2.571s] -- Up-to-date symlink: /home/xinzhu/sentry_ws/install/auto_aim_interfaces/share/auto_aim_interfaces/cmake/auto_aim_interfacesConfig-version.cmake
[2.571s] -- Up-to-date symlink: /home/xinzhu/sentry_ws/install/auto_aim_interfaces/share/auto_aim_interfaces/package.xml
[2.573s] -- Up-to-date: /home/xinzhu/sentry_ws/install/auto_aim_interfaces/lib/libauto_aim_interfaces__rosidl_generator_c.so
[2.573s] -- Up-to-date: /home/xinzhu/sentry_ws/install/auto_aim_interfaces/lib/libauto_aim_interfaces__rosidl_typesupport_fastrtps_c.so
[2.574s] -- Up-to-date: /home/xinzhu/sentry_ws/install/auto_aim_interfaces/lib/libauto_aim_interfaces__rosidl_typesupport_introspection_c.so
[2.575s] -- Up-to-date: /home/xinzhu/sentry_ws/install/auto_aim_interfaces/lib/libauto_aim_interfaces__rosidl_typesupport_c.so
[2.577s] -- Up-to-date: /home/xinzhu/sentry_ws/install/auto_aim_interfaces/lib/libauto_aim_interfaces__rosidl_typesupport_fastrtps_cpp.so
[2.578s] -- Up-to-date: /home/xinzhu/sentry_ws/install/auto_aim_interfaces/lib/libauto_aim_interfaces__rosidl_typesupport_introspection_cpp.so
[2.579s] -- Up-to-date: /home/xinzhu/sentry_ws/install/auto_aim_interfaces/lib/libauto_aim_interfaces__rosidl_typesupport_cpp.so
[2.617s] Listing '/home/xinzhu/sentry_ws/install/auto_aim_interfaces/local/lib/python3.10/dist-packages/auto_aim_interfaces'...
[2.617s] Compiling '/home/xinzhu/sentry_ws/install/auto_aim_interfaces/local/lib/python3.10/dist-packages/auto_aim_interfaces/__init__.py'...
[2.617s] Listing '/home/xinzhu/sentry_ws/install/auto_aim_interfaces/local/lib/python3.10/dist-packages/auto_aim_interfaces/msg'...
[2.617s] Listing '/home/xinzhu/sentry_ws/install/auto_aim_interfaces/local/lib/python3.10/dist-packages/auto_aim_interfaces/srv'...
[2.623s] -- Up-to-date: /home/xinzhu/sentry_ws/install/auto_aim_interfaces/lib/libauto_aim_interfaces__rosidl_generator_py.so
[2.623s] -- Up-to-date: /home/xinzhu/sentry_ws/install/auto_aim_interfaces/share/auto_aim_interfaces/cmake/export_auto_aim_interfaces__rosidl_generator_cExport.cmake
[2.623s] -- Up-to-date: /home/xinzhu/sentry_ws/install/auto_aim_interfaces/share/auto_aim_interfaces/cmake/export_auto_aim_interfaces__rosidl_generator_cExport-release.cmake
[2.623s] -- Up-to-date: /home/xinzhu/sentry_ws/install/auto_aim_interfaces/share/auto_aim_interfaces/cmake/export_auto_aim_interfaces__rosidl_typesupport_fastrtps_cExport.cmake
[2.624s] -- Up-to-date: /home/xinzhu/sentry_ws/install/auto_aim_interfaces/share/auto_aim_interfaces/cmake/export_auto_aim_interfaces__rosidl_typesupport_fastrtps_cExport-release.cmake
[2.624s] -- Up-to-date: /home/xinzhu/sentry_ws/install/auto_aim_interfaces/share/auto_aim_interfaces/cmake/auto_aim_interfaces__rosidl_typesupport_introspection_cExport.cmake
[2.624s] -- Up-to-date: /home/xinzhu/sentry_ws/install/auto_aim_interfaces/share/auto_aim_interfaces/cmake/auto_aim_interfaces__rosidl_typesupport_introspection_cExport-release.cmake
[2.624s] -- Up-to-date: /home/xinzhu/sentry_ws/install/auto_aim_interfaces/share/auto_aim_interfaces/cmake/auto_aim_interfaces__rosidl_typesupport_cExport.cmake
[2.624s] -- Up-to-date: /home/xinzhu/sentry_ws/install/auto_aim_interfaces/share/auto_aim_interfaces/cmake/auto_aim_interfaces__rosidl_typesupport_cExport-release.cmake
[2.624s] -- Up-to-date: /home/xinzhu/sentry_ws/install/auto_aim_interfaces/share/auto_aim_interfaces/cmake/export_auto_aim_interfaces__rosidl_generator_cppExport.cmake
[2.625s] -- Up-to-date: /home/xinzhu/sentry_ws/install/auto_aim_interfaces/share/auto_aim_interfaces/cmake/export_auto_aim_interfaces__rosidl_typesupport_fastrtps_cppExport.cmake
[2.625s] -- Up-to-date: /home/xinzhu/sentry_ws/install/auto_aim_interfaces/share/auto_aim_interfaces/cmake/export_auto_aim_interfaces__rosidl_typesupport_fastrtps_cppExport-release.cmake
[2.625s] -- Up-to-date: /home/xinzhu/sentry_ws/install/auto_aim_interfaces/share/auto_aim_interfaces/cmake/auto_aim_interfaces__rosidl_typesupport_introspection_cppExport.cmake
[2.625s] -- Up-to-date: /home/xinzhu/sentry_ws/install/auto_aim_interfaces/share/auto_aim_interfaces/cmake/auto_aim_interfaces__rosidl_typesupport_introspection_cppExport-release.cmake
[2.625s] -- Up-to-date: /home/xinzhu/sentry_ws/install/auto_aim_interfaces/share/auto_aim_interfaces/cmake/auto_aim_interfaces__rosidl_typesupport_cppExport.cmake
[2.625s] -- Up-to-date: /home/xinzhu/sentry_ws/install/auto_aim_interfaces/share/auto_aim_interfaces/cmake/auto_aim_interfaces__rosidl_typesupport_cppExport-release.cmake
[2.626s] -- Up-to-date: /home/xinzhu/sentry_ws/install/auto_aim_interfaces/share/auto_aim_interfaces/cmake/export_auto_aim_interfaces__rosidl_generator_pyExport.cmake
[2.626s] -- Up-to-date: /home/xinzhu/sentry_ws/install/auto_aim_interfaces/share/auto_aim_interfaces/cmake/export_auto_aim_interfaces__rosidl_generator_pyExport-release.cmake
[2.628s] Invoked command in '/home/xinzhu/sentry_ws/build/auto_aim_interfaces' returned '0': CMAKE_PREFIX_PATH=${CMAKE_PREFIX_PATH}:/home/xinzhu/Desktop/sentry_ws/install/control_panel:/opt/ros/humble PS1=%F{green}%n@%m%f%F{white}:%f%F{blue}%~%f%F{white}$%f /usr/local/bin/cmake --install /home/xinzhu/sentry_ws/build/auto_aim_interfaces
