-- The C compiler identification is GNU 11.4.0
-- The CXX compiler identification is GNU 11.4.0
-- Detecting C compiler ABI info
-- Detecting C compiler ABI info - done
-- Check for working C compiler: /usr/bin/cc - skipped
-- Detecting C compile features
-- Detecting C compile features - done
-- Detecting CXX compiler ABI info
-- Detecting CXX compiler ABI info - done
-- Check for working CXX compiler: /usr/bin/c++ - skipped
-- Detecting CXX compile features
-- Detecting CXX compile features - done
-- Found ament_cmake: 1.3.14 (/opt/ros/humble/share/ament_cmake/cmake)
-- Found Python3: /usr/bin/python3 (found version "3.10.12") found components: Interpreter
-- Found rclcpp: 16.0.19 (/opt/ros/humble/share/rclcpp/cmake)
-- Found rosidl_generator_c: 3.1.8 (/opt/ros/humble/share/rosidl_generator_c/cmake)
-- Found rosidl_adapter: 3.1.8 (/opt/ros/humble/share/rosidl_adapter/cmake)
-- Found rosidl_generator_cpp: 3.1.8 (/opt/ros/humble/share/rosidl_generator_cpp/cmake)
-- Using all available rosidl_typesupport_c: rosidl_typesupport_fastrtps_c;rosidl_typesupport_introspection_c
-- Using all available rosidl_typesupport_cpp: rosidl_typesupport_fastrtps_cpp;rosidl_typesupport_introspection_cpp
-- Found rmw_implementation_cmake: 6.1.2 (/opt/ros/humble/share/rmw_implementation_cmake/cmake)
-- Found rmw_fastrtps_cpp: 6.2.10 (/opt/ros/humble/share/rmw_fastrtps_cpp/cmake)
-- Found OpenSSL: /usr/lib/x86_64-linux-gnu/libcrypto.so (found version "3.0.2")
-- Found FastRTPS: /opt/ros/humble/include
-- Using RMW implementation 'rmw_fastrtps_cpp' as default
-- Performing Test CMAKE_HAVE_LIBC_PTHREAD
-- Performing Test CMAKE_HAVE_LIBC_PTHREAD - Success
-- Found Threads: TRUE
-- Found sensor_msgs: 4.9.1 (/opt/ros/humble/share/sensor_msgs/cmake)
-- Found cv_bridge: 3.2.1 (/opt/ros/humble/share/cv_bridge/cmake)
-- Found OpenCV: /usr/local (found version "4.7.0")
-- Configuring done (0.9s)
-- Generating done (0.0s)
-- Build files have been written to: /home/xinzhu/sentry_ws/build/daheng_simple_driver
[ 50%] [32mBuilding CXX object CMakeFiles/driver_node.dir/src/driver_node.cpp.o[0m
[100%] [32m[1mLinking CXX executable driver_node[0m
[100%] Built target driver_node
-- Install configuration: ""
-- Installing: /home/xinzhu/sentry_ws/install/daheng_simple_driver/lib/daheng_simple_driver/driver_node
-- Set non-toolchain portion of runtime path of "/home/xinzhu/sentry_ws/install/daheng_simple_driver/lib/daheng_simple_driver/driver_node" to ""
-- Installing: /home/xinzhu/sentry_ws/install/daheng_simple_driver/share/ament_index/resource_index/package_run_dependencies/daheng_simple_driver
-- Installing: /home/xinzhu/sentry_ws/install/daheng_simple_driver/share/ament_index/resource_index/parent_prefix_path/daheng_simple_driver
-- Installing: /home/xinzhu/sentry_ws/install/daheng_simple_driver/share/daheng_simple_driver/environment/ament_prefix_path.sh
-- Installing: /home/xinzhu/sentry_ws/install/daheng_simple_driver/share/daheng_simple_driver/environment/ament_prefix_path.dsv
-- Installing: /home/xinzhu/sentry_ws/install/daheng_simple_driver/share/daheng_simple_driver/environment/path.sh
-- Installing: /home/xinzhu/sentry_ws/install/daheng_simple_driver/share/daheng_simple_driver/environment/path.dsv
-- Installing: /home/xinzhu/sentry_ws/install/daheng_simple_driver/share/daheng_simple_driver/local_setup.bash
-- Installing: /home/xinzhu/sentry_ws/install/daheng_simple_driver/share/daheng_simple_driver/local_setup.sh
-- Installing: /home/xinzhu/sentry_ws/install/daheng_simple_driver/share/daheng_simple_driver/local_setup.zsh
-- Installing: /home/xinzhu/sentry_ws/install/daheng_simple_driver/share/daheng_simple_driver/local_setup.dsv
-- Installing: /home/xinzhu/sentry_ws/install/daheng_simple_driver/share/daheng_simple_driver/package.dsv
-- Installing: /home/xinzhu/sentry_ws/install/daheng_simple_driver/share/ament_index/resource_index/packages/daheng_simple_driver
-- Installing: /home/xinzhu/sentry_ws/install/daheng_simple_driver/share/daheng_simple_driver/cmake/daheng_simple_driverConfig.cmake
-- Installing: /home/xinzhu/sentry_ws/install/daheng_simple_driver/share/daheng_simple_driver/cmake/daheng_simple_driverConfig-version.cmake
-- Installing: /home/xinzhu/sentry_ws/install/daheng_simple_driver/share/daheng_simple_driver/package.xml
