[0.007s] Invoking command in '/home/xinzhu/sentry_ws/build/daheng_simple_driver': CMAKE_PREFIX_PATH=${CMAKE_PREFIX_PATH}:/home/xinzhu/sentry_ws/install/control_panel:/home/xinzhu/Desktop/sentry_ws/install/control_panel:/opt/ros/humble PS1=%F{green}%n@%m%f%F{white}:%f%F{blue}%~%f%F{white}$%f /usr/local/bin/cmake /home/xinzhu/sentry_ws/src/daheng_simple_driver -DCMAKE_INSTALL_PREFIX=/home/xinzhu/sentry_ws/install/daheng_simple_driver
[0.012s] [0mCMake Deprecation Warning at CMakeLists.txt:1 (cmake_minimum_required):
[0.012s]   Compatibility with CMake < 3.10 will be removed from a future version of
[0.012s]   CMake.
[0.012s] 
[0.012s]   Update the VERSION argument <min> value.  Or, use the <min>...<max> syntax
[0.012s]   to tell CMake that the project requires at least <min> but has been updated
[0.013s]   to work with policies introduced by <max> or earlier.
[0.013s] 
[0.013s] [0m
[0.049s] -- The C compiler identification is GNU 11.4.0
[0.097s] -- The CXX compiler identification is GNU 11.4.0
[0.104s] -- Detecting C compiler ABI info
[0.152s] -- Detecting C compiler ABI info - done
[0.165s] -- Check for working C compiler: /usr/bin/cc - skipped
[0.165s] -- Detecting C compile features
[0.165s] -- Detecting C compile features - done
[0.175s] -- Detecting CXX compiler ABI info
[0.232s] -- Detecting CXX compiler ABI info - done
[0.243s] -- Check for working CXX compiler: /usr/bin/c++ - skipped
[0.243s] -- Detecting CXX compile features
[0.243s] -- Detecting CXX compile features - done
[0.251s] -- Found ament_cmake: 1.3.14 (/opt/ros/humble/share/ament_cmake/cmake)
[0.347s] -- Found Python3: /usr/bin/python3 (found version "3.10.12") found components: Interpreter
[0.424s] -- Found rclcpp: 16.0.19 (/opt/ros/humble/share/rclcpp/cmake)
[0.466s] -- Found rosidl_generator_c: 3.1.8 (/opt/ros/humble/share/rosidl_generator_c/cmake)
[0.473s] -- Found rosidl_adapter: 3.1.8 (/opt/ros/humble/share/rosidl_adapter/cmake)
[0.483s] -- Found rosidl_generator_cpp: 3.1.8 (/opt/ros/humble/share/rosidl_generator_cpp/cmake)
[0.496s] -- Using all available rosidl_typesupport_c: rosidl_typesupport_fastrtps_c;rosidl_typesupport_introspection_c
[0.511s] -- Using all available rosidl_typesupport_cpp: rosidl_typesupport_fastrtps_cpp;rosidl_typesupport_introspection_cpp
[0.555s] -- Found rmw_implementation_cmake: 6.1.2 (/opt/ros/humble/share/rmw_implementation_cmake/cmake)
[0.559s] -- Found rmw_fastrtps_cpp: 6.2.10 (/opt/ros/humble/share/rmw_fastrtps_cpp/cmake)
[0.639s] -- Found OpenSSL: /usr/lib/x86_64-linux-gnu/libcrypto.so (found version "3.0.2")
[0.665s] -- Found FastRTPS: /opt/ros/humble/include
[0.705s] -- Using RMW implementation 'rmw_fastrtps_cpp' as default
[0.716s] -- Performing Test CMAKE_HAVE_LIBC_PTHREAD
[0.767s] -- Performing Test CMAKE_HAVE_LIBC_PTHREAD - Success
[0.768s] -- Found Threads: TRUE
[0.815s] -- Found sensor_msgs: 4.9.1 (/opt/ros/humble/share/sensor_msgs/cmake)
[0.843s] -- Found cv_bridge: 3.2.1 (/opt/ros/humble/share/cv_bridge/cmake)
[0.850s] -- Found OpenCV: /usr/local (found version "4.7.0")
[0.893s] -- Configuring done (0.9s)
[0.900s] -- Generating done (0.0s)
[0.901s] -- Build files have been written to: /home/xinzhu/sentry_ws/build/daheng_simple_driver
[0.907s] Invoked command in '/home/xinzhu/sentry_ws/build/daheng_simple_driver' returned '0': CMAKE_PREFIX_PATH=${CMAKE_PREFIX_PATH}:/home/xinzhu/sentry_ws/install/control_panel:/home/xinzhu/Desktop/sentry_ws/install/control_panel:/opt/ros/humble PS1=%F{green}%n@%m%f%F{white}:%f%F{blue}%~%f%F{white}$%f /usr/local/bin/cmake /home/xinzhu/sentry_ws/src/daheng_simple_driver -DCMAKE_INSTALL_PREFIX=/home/xinzhu/sentry_ws/install/daheng_simple_driver
[0.909s] Invoking command in '/home/xinzhu/sentry_ws/build/daheng_simple_driver': CMAKE_PREFIX_PATH=${CMAKE_PREFIX_PATH}:/home/xinzhu/sentry_ws/install/control_panel:/home/xinzhu/Desktop/sentry_ws/install/control_panel:/opt/ros/humble PS1=%F{green}%n@%m%f%F{white}:%f%F{blue}%~%f%F{white}$%f /usr/local/bin/cmake --build /home/xinzhu/sentry_ws/build/daheng_simple_driver -- -j16 -l16
[0.934s] [ 50%] [32mBuilding CXX object CMakeFiles/driver_node.dir/src/driver_node.cpp.o[0m
[2.624s] In file included from [01m[K/home/xinzhu/Documents/Galaxy_Linux-x86/Galaxy_camera/inc/GxIAPI.h:12[m[K,
[2.624s]                  from [01m[K/home/xinzhu/sentry_ws/src/daheng_simple_driver/src/driver_node.cpp:6[m[K:
[2.624s] [01m[K/home/xinzhu/Documents/Galaxy_Linux-x86/Galaxy_camera/inc/GXDef.h:173:1:[m[K [01;35m[Kwarning: [m[K‘[01m[Ktypedef[m[K’ was ignored in this declaration
[2.624s]   173 | [01;35m[Ktypedef[m[K enum GX_IP_CONFIGURE_MODE_LIST
[2.624s]       | [01;35m[K^~~~~~~[m[K
[4.125s] [100%] [32m[1mLinking CXX executable driver_node[0m
[4.219s] /usr/bin/ld: warning: libopencv_imgcodecs.so.4.5d, needed by /opt/ros/humble/lib/libcv_bridge.so, may conflict with libopencv_imgcodecs.so.407
[4.233s] /usr/bin/ld: warning: libopencv_core.so.4.5d, needed by /opt/ros/humble/lib/libcv_bridge.so, may conflict with libopencv_core.so.407
[4.771s] [100%] Built target driver_node
[4.775s] Invoked command in '/home/xinzhu/sentry_ws/build/daheng_simple_driver' returned '0': CMAKE_PREFIX_PATH=${CMAKE_PREFIX_PATH}:/home/xinzhu/sentry_ws/install/control_panel:/home/xinzhu/Desktop/sentry_ws/install/control_panel:/opt/ros/humble PS1=%F{green}%n@%m%f%F{white}:%f%F{blue}%~%f%F{white}$%f /usr/local/bin/cmake --build /home/xinzhu/sentry_ws/build/daheng_simple_driver -- -j16 -l16
[4.780s] Invoking command in '/home/xinzhu/sentry_ws/build/daheng_simple_driver': CMAKE_PREFIX_PATH=${CMAKE_PREFIX_PATH}:/home/xinzhu/sentry_ws/install/control_panel:/home/xinzhu/Desktop/sentry_ws/install/control_panel:/opt/ros/humble PS1=%F{green}%n@%m%f%F{white}:%f%F{blue}%~%f%F{white}$%f /usr/local/bin/cmake --install /home/xinzhu/sentry_ws/build/daheng_simple_driver
[4.783s] -- Install configuration: ""
[4.783s] -- Installing: /home/xinzhu/sentry_ws/install/daheng_simple_driver/lib/daheng_simple_driver/driver_node
[4.784s] -- Set non-toolchain portion of runtime path of "/home/xinzhu/sentry_ws/install/daheng_simple_driver/lib/daheng_simple_driver/driver_node" to ""
[4.784s] -- Installing: /home/xinzhu/sentry_ws/install/daheng_simple_driver/share/ament_index/resource_index/package_run_dependencies/daheng_simple_driver
[4.784s] -- Installing: /home/xinzhu/sentry_ws/install/daheng_simple_driver/share/ament_index/resource_index/parent_prefix_path/daheng_simple_driver
[4.784s] -- Installing: /home/xinzhu/sentry_ws/install/daheng_simple_driver/share/daheng_simple_driver/environment/ament_prefix_path.sh
[4.784s] -- Installing: /home/xinzhu/sentry_ws/install/daheng_simple_driver/share/daheng_simple_driver/environment/ament_prefix_path.dsv
[4.784s] -- Installing: /home/xinzhu/sentry_ws/install/daheng_simple_driver/share/daheng_simple_driver/environment/path.sh
[4.784s] -- Installing: /home/xinzhu/sentry_ws/install/daheng_simple_driver/share/daheng_simple_driver/environment/path.dsv
[4.784s] -- Installing: /home/xinzhu/sentry_ws/install/daheng_simple_driver/share/daheng_simple_driver/local_setup.bash
[4.784s] -- Installing: /home/xinzhu/sentry_ws/install/daheng_simple_driver/share/daheng_simple_driver/local_setup.sh
[4.784s] -- Installing: /home/xinzhu/sentry_ws/install/daheng_simple_driver/share/daheng_simple_driver/local_setup.zsh
[4.784s] -- Installing: /home/xinzhu/sentry_ws/install/daheng_simple_driver/share/daheng_simple_driver/local_setup.dsv
[4.784s] -- Installing: /home/xinzhu/sentry_ws/install/daheng_simple_driver/share/daheng_simple_driver/package.dsv
[4.784s] -- Installing: /home/xinzhu/sentry_ws/install/daheng_simple_driver/share/ament_index/resource_index/packages/daheng_simple_driver
[4.784s] -- Installing: /home/xinzhu/sentry_ws/install/daheng_simple_driver/share/daheng_simple_driver/cmake/daheng_simple_driverConfig.cmake
[4.784s] -- Installing: /home/xinzhu/sentry_ws/install/daheng_simple_driver/share/daheng_simple_driver/cmake/daheng_simple_driverConfig-version.cmake
[4.784s] -- Installing: /home/xinzhu/sentry_ws/install/daheng_simple_driver/share/daheng_simple_driver/package.xml
[4.785s] Invoked command in '/home/xinzhu/sentry_ws/build/daheng_simple_driver' returned '0': CMAKE_PREFIX_PATH=${CMAKE_PREFIX_PATH}:/home/xinzhu/sentry_ws/install/control_panel:/home/xinzhu/Desktop/sentry_ws/install/control_panel:/opt/ros/humble PS1=%F{green}%n@%m%f%F{white}:%f%F{blue}%~%f%F{white}$%f /usr/local/bin/cmake --install /home/xinzhu/sentry_ws/build/daheng_simple_driver
