-- Found ament_cmake: 1.3.14 (/opt/ros/humble/share/ament_cmake/cmake)
-- Override CMake install command with custom implementation using symlinks instead of copying resources
-- Found ament_lint_auto: 0.12.15 (/opt/ros/humble/share/ament_lint_auto/cmake)
-- Added test 'lint_cmake' to check CMake code style
-- Added test 'xmllint' to check XML markup files
-- Configuring done (0.2s)
-- Generating done (0.0s)
-- Build files have been written to: /home/xinzhu/sentry_ws/build/rm_robot_description
-- Install configuration: "Release"
-- Execute custom install script
-- Up-to-date symlink: /home/xinzhu/sentry_ws/install/rm_robot_description/share/rm_robot_description/urdf/rm_gimbal.urdf.xacro
-- Up-to-date symlink: /home/xinzhu/sentry_ws/install/rm_robot_description/share/rm_robot_description/urdf/robot.urdf
-- Up-to-date symlink: /home/xinzhu/sentry_ws/install/rm_robot_description/share/rm_robot_description/urdf/sentry.urdf.xacro
-- Up-to-date symlink: /home/xinzhu/sentry_ws/install/rm_robot_description/share/ament_index/resource_index/package_run_dependencies/rm_robot_description
-- Up-to-date symlink: /home/xinzhu/sentry_ws/install/rm_robot_description/share/ament_index/resource_index/parent_prefix_path/rm_robot_description
-- Up-to-date symlink: /home/xinzhu/sentry_ws/install/rm_robot_description/share/rm_robot_description/environment/ament_prefix_path.sh
-- Up-to-date symlink: /home/xinzhu/sentry_ws/install/rm_robot_description/share/rm_robot_description/environment/ament_prefix_path.dsv
-- Up-to-date symlink: /home/xinzhu/sentry_ws/install/rm_robot_description/share/rm_robot_description/environment/path.sh
-- Up-to-date symlink: /home/xinzhu/sentry_ws/install/rm_robot_description/share/rm_robot_description/environment/path.dsv
-- Up-to-date symlink: /home/xinzhu/sentry_ws/install/rm_robot_description/share/rm_robot_description/local_setup.bash
-- Up-to-date symlink: /home/xinzhu/sentry_ws/install/rm_robot_description/share/rm_robot_description/local_setup.sh
-- Up-to-date symlink: /home/xinzhu/sentry_ws/install/rm_robot_description/share/rm_robot_description/local_setup.zsh
-- Up-to-date symlink: /home/xinzhu/sentry_ws/install/rm_robot_description/share/rm_robot_description/local_setup.dsv
-- Symlinking: /home/xinzhu/sentry_ws/install/rm_robot_description/share/rm_robot_description/package.dsv
-- Up-to-date symlink: /home/xinzhu/sentry_ws/install/rm_robot_description/share/ament_index/resource_index/packages/rm_robot_description
-- Up-to-date symlink: /home/xinzhu/sentry_ws/install/rm_robot_description/share/rm_robot_description/cmake/rm_robot_descriptionConfig.cmake
-- Up-to-date symlink: /home/xinzhu/sentry_ws/install/rm_robot_description/share/rm_robot_description/cmake/rm_robot_descriptionConfig-version.cmake
-- Up-to-date symlink: /home/xinzhu/sentry_ws/install/rm_robot_description/share/rm_robot_description/package.xml
