[0.013s] Invoking command in '/home/xinzhu/sentry_ws/build/rm_robot_description': CMAKE_PREFIX_PATH=${CMAKE_PREFIX_PATH}:/home/xinzhu/Desktop/sentry_ws/install/control_panel:/opt/ros/humble PS1=%F{green}%n@%m%f%F{white}:%f%F{blue}%~%f%F{white}$%f /usr/local/bin/cmake --build /home/xinzhu/sentry_ws/build/rm_robot_description -- -j16 -l16
[0.026s] [0mCMake Deprecation Warning at CMakeLists.txt:1 (cmake_minimum_required):
[0.026s]   Compatibility with CMake < 3.10 will be removed from a future version of
[0.026s]   CMake.
[0.026s] 
[0.026s]   Update the VERSION argument <min> value.  Or, use the <min>...<max> syntax
[0.026s]   to tell CMake that the project requires at least <min> but has been updated
[0.026s]   to work with policies introduced by <max> or earlier.
[0.026s] 
[0.026s] [0m
[0.032s] -- Found ament_cmake: 1.3.14 (/opt/ros/humble/share/ament_cmake/cmake)
[0.161s] -- Override CMake install command with custom implementation using symlinks instead of copying resources
[0.166s] -- Found ament_lint_auto: 0.12.15 (/opt/ros/humble/share/ament_lint_auto/cmake)
[0.213s] -- Added test 'lint_cmake' to check CMake code style
[0.213s] -- Added test 'xmllint' to check XML markup files
[0.214s] -- Configuring done (0.2s)
[0.218s] -- Generating done (0.0s)
[0.219s] -- Build files have been written to: /home/xinzhu/sentry_ws/build/rm_robot_description
[0.229s] Invoked command in '/home/xinzhu/sentry_ws/build/rm_robot_description' returned '0': CMAKE_PREFIX_PATH=${CMAKE_PREFIX_PATH}:/home/xinzhu/Desktop/sentry_ws/install/control_panel:/opt/ros/humble PS1=%F{green}%n@%m%f%F{white}:%f%F{blue}%~%f%F{white}$%f /usr/local/bin/cmake --build /home/xinzhu/sentry_ws/build/rm_robot_description -- -j16 -l16
[0.234s] Invoking command in '/home/xinzhu/sentry_ws/build/rm_robot_description': CMAKE_PREFIX_PATH=${CMAKE_PREFIX_PATH}:/home/xinzhu/Desktop/sentry_ws/install/control_panel:/opt/ros/humble PS1=%F{green}%n@%m%f%F{white}:%f%F{blue}%~%f%F{white}$%f /usr/local/bin/cmake --install /home/xinzhu/sentry_ws/build/rm_robot_description
[0.237s] -- Install configuration: "Release"
[0.237s] -- Execute custom install script
[0.237s] -- Up-to-date symlink: /home/xinzhu/sentry_ws/install/rm_robot_description/share/rm_robot_description/urdf/rm_gimbal.urdf.xacro
[0.238s] -- Up-to-date symlink: /home/xinzhu/sentry_ws/install/rm_robot_description/share/rm_robot_description/urdf/robot.urdf
[0.238s] -- Up-to-date symlink: /home/xinzhu/sentry_ws/install/rm_robot_description/share/rm_robot_description/urdf/sentry.urdf.xacro
[0.238s] -- Up-to-date symlink: /home/xinzhu/sentry_ws/install/rm_robot_description/share/ament_index/resource_index/package_run_dependencies/rm_robot_description
[0.238s] -- Up-to-date symlink: /home/xinzhu/sentry_ws/install/rm_robot_description/share/ament_index/resource_index/parent_prefix_path/rm_robot_description
[0.238s] -- Up-to-date symlink: /home/xinzhu/sentry_ws/install/rm_robot_description/share/rm_robot_description/environment/ament_prefix_path.sh
[0.238s] -- Up-to-date symlink: /home/xinzhu/sentry_ws/install/rm_robot_description/share/rm_robot_description/environment/ament_prefix_path.dsv
[0.239s] -- Up-to-date symlink: /home/xinzhu/sentry_ws/install/rm_robot_description/share/rm_robot_description/environment/path.sh
[0.239s] -- Up-to-date symlink: /home/xinzhu/sentry_ws/install/rm_robot_description/share/rm_robot_description/environment/path.dsv
[0.239s] -- Up-to-date symlink: /home/xinzhu/sentry_ws/install/rm_robot_description/share/rm_robot_description/local_setup.bash
[0.239s] -- Up-to-date symlink: /home/xinzhu/sentry_ws/install/rm_robot_description/share/rm_robot_description/local_setup.sh
[0.239s] -- Up-to-date symlink: /home/xinzhu/sentry_ws/install/rm_robot_description/share/rm_robot_description/local_setup.zsh
[0.239s] -- Up-to-date symlink: /home/xinzhu/sentry_ws/install/rm_robot_description/share/rm_robot_description/local_setup.dsv
[0.239s] -- Symlinking: /home/xinzhu/sentry_ws/install/rm_robot_description/share/rm_robot_description/package.dsv
[0.243s] -- Up-to-date symlink: /home/xinzhu/sentry_ws/install/rm_robot_description/share/ament_index/resource_index/packages/rm_robot_description
[0.243s] -- Up-to-date symlink: /home/xinzhu/sentry_ws/install/rm_robot_description/share/rm_robot_description/cmake/rm_robot_descriptionConfig.cmake
[0.243s] -- Up-to-date symlink: /home/xinzhu/sentry_ws/install/rm_robot_description/share/rm_robot_description/cmake/rm_robot_descriptionConfig-version.cmake
[0.243s] -- Up-to-date symlink: /home/xinzhu/sentry_ws/install/rm_robot_description/share/rm_robot_description/package.xml
[0.244s] Invoked command in '/home/xinzhu/sentry_ws/build/rm_robot_description' returned '0': CMAKE_PREFIX_PATH=${CMAKE_PREFIX_PATH}:/home/xinzhu/Desktop/sentry_ws/install/control_panel:/opt/ros/humble PS1=%F{green}%n@%m%f%F{white}:%f%F{blue}%~%f%F{white}$%f /usr/local/bin/cmake --install /home/xinzhu/sentry_ws/build/rm_robot_description
