[0.057s] Invoking command in '/home/xinzhu/sentry_ws/build/auto_aim_interfaces': CMAKE_PREFIX_PATH=${CMAKE_PREFIX_PATH}:/home/xinzhu/Desktop/sentry_ws/install/control_panel:/opt/ros/humble PS1=%F{green}%n@%m%f%F{white}:%f%F{blue}%~%f%F{white}$%f /usr/local/bin/cmake --build /home/xinzhu/sentry_ws/build/auto_aim_interfaces -- -j16 -l16
[0.432s] [  0%] Built target auto_aim_interfaces__cpp
[0.433s] [ 12%] Built target auto_aim_interfaces__rosidl_generator_c
[0.433s] [ 12%] Built target ament_cmake_python_symlink_auto_aim_interfaces
[0.433s] [ 24%] Built target auto_aim_interfaces__rosidl_typesupport_cpp
[0.433s] [ 36%] Built target auto_aim_interfaces__rosidl_typesupport_introspection_cpp
[0.433s] [ 48%] Built target auto_aim_interfaces__rosidl_typesupport_fastrtps_cpp
[0.433s] [ 60%] Built target auto_aim_interfaces__rosidl_typesupport_c
[0.433s] [ 72%] Built target auto_aim_interfaces__rosidl_typesupport_introspection_c
[0.433s] [ 84%] Built target auto_aim_interfaces__rosidl_typesupport_fastrtps_c
[0.433s] [ 84%] Built target auto_aim_interfaces
[0.433s] [ 85%] Built target auto_aim_interfaces__py
[0.433s] [ 96%] Built target auto_aim_interfaces__rosidl_generator_py
[0.433s] [ 97%] Built target auto_aim_interfaces__rosidl_typesupport_fastrtps_c__pyext
[0.434s] [ 99%] Built target auto_aim_interfaces__rosidl_typesupport_introspection_c__pyext
[0.434s] [100%] Built target auto_aim_interfaces__rosidl_typesupport_c__pyext
[0.434s] running egg_info
[0.434s] writing auto_aim_interfaces.egg-info/PKG-INFO
[0.434s] writing dependency_links to auto_aim_interfaces.egg-info/dependency_links.txt
[0.435s] writing top-level names to auto_aim_interfaces.egg-info/top_level.txt
[0.435s] reading manifest file 'auto_aim_interfaces.egg-info/SOURCES.txt'
[0.435s] writing manifest file 'auto_aim_interfaces.egg-info/SOURCES.txt'
[0.435s] [100%] Built target ament_cmake_python_build_auto_aim_interfaces_egg
[0.476s] Invoked command in '/home/xinzhu/sentry_ws/build/auto_aim_interfaces' returned '0': CMAKE_PREFIX_PATH=${CMAKE_PREFIX_PATH}:/home/xinzhu/Desktop/sentry_ws/install/control_panel:/opt/ros/humble PS1=%F{green}%n@%m%f%F{white}:%f%F{blue}%~%f%F{white}$%f /usr/local/bin/cmake --build /home/xinzhu/sentry_ws/build/auto_aim_interfaces -- -j16 -l16
[0.486s] Invoking command in '/home/xinzhu/sentry_ws/build/auto_aim_interfaces': CMAKE_PREFIX_PATH=${CMAKE_PREFIX_PATH}:/home/xinzhu/Desktop/sentry_ws/install/control_panel:/opt/ros/humble PS1=%F{green}%n@%m%f%F{white}:%f%F{blue}%~%f%F{white}$%f /usr/local/bin/cmake --install /home/xinzhu/sentry_ws/build/auto_aim_interfaces
[0.537s] -- Install configuration: "Release"
[0.538s] -- Execute custom install script
[0.538s] -- Up-to-date symlink: /home/xinzhu/sentry_ws/install/auto_aim_interfaces/share/ament_index/resource_index/rosidl_interfaces/auto_aim_interfaces
[0.538s] -- Up-to-date symlink: /home/xinzhu/sentry_ws/install/auto_aim_interfaces/include/auto_aim_interfaces/auto_aim_interfaces/msg/armor.h
[0.538s] -- Up-to-date symlink: /home/xinzhu/sentry_ws/install/auto_aim_interfaces/include/auto_aim_interfaces/auto_aim_interfaces/msg/armors.h
[0.538s] -- Up-to-date symlink: /home/xinzhu/sentry_ws/install/auto_aim_interfaces/include/auto_aim_interfaces/auto_aim_interfaces/msg/chassis_cmd.h
[0.538s] -- Up-to-date symlink: /home/xinzhu/sentry_ws/install/auto_aim_interfaces/include/auto_aim_interfaces/auto_aim_interfaces/msg/debug_armor.h
[0.538s] -- Up-to-date symlink: /home/xinzhu/sentry_ws/install/auto_aim_interfaces/include/auto_aim_interfaces/auto_aim_interfaces/msg/debug_armors.h
[0.538s] -- Up-to-date symlink: /home/xinzhu/sentry_ws/install/auto_aim_interfaces/include/auto_aim_interfaces/auto_aim_interfaces/msg/debug_light.h
[0.538s] -- Up-to-date symlink: /home/xinzhu/sentry_ws/install/auto_aim_interfaces/include/auto_aim_interfaces/auto_aim_interfaces/msg/debug_lights.h
[0.538s] -- Up-to-date symlink: /home/xinzhu/sentry_ws/install/auto_aim_interfaces/include/auto_aim_interfaces/auto_aim_interfaces/msg/debug_rune_angle.h
[0.538s] -- Up-to-date symlink: /home/xinzhu/sentry_ws/install/auto_aim_interfaces/include/auto_aim_interfaces/auto_aim_interfaces/msg/detail/armor__functions.h
[0.538s] -- Up-to-date symlink: /home/xinzhu/sentry_ws/install/auto_aim_interfaces/include/auto_aim_interfaces/auto_aim_interfaces/msg/detail/armor__struct.h
[0.538s] -- Up-to-date symlink: /home/xinzhu/sentry_ws/install/auto_aim_interfaces/include/auto_aim_interfaces/auto_aim_interfaces/msg/detail/armor__type_support.h
[0.538s] -- Up-to-date symlink: /home/xinzhu/sentry_ws/install/auto_aim_interfaces/include/auto_aim_interfaces/auto_aim_interfaces/msg/detail/armors__functions.h
[0.538s] -- Up-to-date symlink: /home/xinzhu/sentry_ws/install/auto_aim_interfaces/include/auto_aim_interfaces/auto_aim_interfaces/msg/detail/armors__struct.h
[0.538s] -- Up-to-date symlink: /home/xinzhu/sentry_ws/install/auto_aim_interfaces/include/auto_aim_interfaces/auto_aim_interfaces/msg/detail/armors__type_support.h
[0.538s] -- Up-to-date symlink: /home/xinzhu/sentry_ws/install/auto_aim_interfaces/include/auto_aim_interfaces/auto_aim_interfaces/msg/detail/chassis_cmd__functions.h
[0.539s] -- Up-to-date symlink: /home/xinzhu/sentry_ws/install/auto_aim_interfaces/include/auto_aim_interfaces/auto_aim_interfaces/msg/detail/chassis_cmd__struct.h
[0.539s] -- Up-to-date symlink: /home/xinzhu/sentry_ws/install/auto_aim_interfaces/include/auto_aim_interfaces/auto_aim_interfaces/msg/detail/chassis_cmd__type_support.h
[0.539s] -- Up-to-date symlink: /home/xinzhu/sentry_ws/install/auto_aim_interfaces/include/auto_aim_interfaces/auto_aim_interfaces/msg/detail/debug_armor__functions.h
[0.539s] -- Up-to-date symlink: /home/xinzhu/sentry_ws/install/auto_aim_interfaces/include/auto_aim_interfaces/auto_aim_interfaces/msg/detail/debug_armor__struct.h
[0.539s] -- Up-to-date symlink: /home/xinzhu/sentry_ws/install/auto_aim_interfaces/include/auto_aim_interfaces/auto_aim_interfaces/msg/detail/debug_armor__type_support.h
[0.539s] -- Up-to-date symlink: /home/xinzhu/sentry_ws/install/auto_aim_interfaces/include/auto_aim_interfaces/auto_aim_interfaces/msg/detail/debug_armors__functions.h
[0.540s] -- Up-to-date symlink: /home/xinzhu/sentry_ws/install/auto_aim_interfaces/include/auto_aim_interfaces/auto_aim_interfaces/msg/detail/debug_armors__struct.h
[0.540s] -- Up-to-date symlink: /home/xinzhu/sentry_ws/install/auto_aim_interfaces/include/auto_aim_interfaces/auto_aim_interfaces/msg/detail/debug_armors__type_support.h
[0.540s] -- Up-to-date symlink: /home/xinzhu/sentry_ws/install/auto_aim_interfaces/include/auto_aim_interfaces/auto_aim_interfaces/msg/detail/debug_light__functions.h
[0.540s] -- Up-to-date symlink: /home/xinzhu/sentry_ws/install/auto_aim_interfaces/include/auto_aim_interfaces/auto_aim_interfaces/msg/detail/debug_light__struct.h
[0.543s] -- Up-to-date symlink: /home/xinzhu/sentry_ws/install/auto_aim_interfaces/include/auto_aim_interfaces/auto_aim_interfaces/msg/detail/debug_light__type_support.h
[0.543s] -- Up-to-date symlink: /home/xinzhu/sentry_ws/install/auto_aim_interfaces/include/auto_aim_interfaces/auto_aim_interfaces/msg/detail/debug_lights__functions.h
[0.543s] -- Up-to-date symlink: /home/xinzhu/sentry_ws/install/auto_aim_interfaces/include/auto_aim_interfaces/auto_aim_interfaces/msg/detail/debug_lights__struct.h
[0.543s] -- Up-to-date symlink: /home/xinzhu/sentry_ws/install/auto_aim_interfaces/include/auto_aim_interfaces/auto_aim_interfaces/msg/detail/debug_lights__type_support.h
[0.543s] -- Up-to-date symlink: /home/xinzhu/sentry_ws/install/auto_aim_interfaces/include/auto_aim_interfaces/auto_aim_interfaces/msg/detail/debug_rune_angle__functions.h
[0.543s] -- Up-to-date symlink: /home/xinzhu/sentry_ws/install/auto_aim_interfaces/include/auto_aim_interfaces/auto_aim_interfaces/msg/detail/debug_rune_angle__struct.h
[0.543s] -- Up-to-date symlink: /home/xinzhu/sentry_ws/install/auto_aim_interfaces/include/auto_aim_interfaces/auto_aim_interfaces/msg/detail/debug_rune_angle__type_support.h
[0.543s] -- Up-to-date symlink: /home/xinzhu/sentry_ws/install/auto_aim_interfaces/include/auto_aim_interfaces/auto_aim_interfaces/msg/detail/gimbal_cmd__functions.h
[0.543s] -- Up-to-date symlink: /home/xinzhu/sentry_ws/install/auto_aim_interfaces/include/auto_aim_interfaces/auto_aim_interfaces/msg/detail/gimbal_cmd__struct.h
[0.543s] -- Up-to-date symlink: /home/xinzhu/sentry_ws/install/auto_aim_interfaces/include/auto_aim_interfaces/auto_aim_interfaces/msg/detail/gimbal_cmd__type_support.h
[0.543s] -- Up-to-date symlink: /home/xinzhu/sentry_ws/install/auto_aim_interfaces/include/auto_aim_interfaces/auto_aim_interfaces/msg/detail/judge_system_data__functions.h
[0.543s] -- Up-to-date symlink: /home/xinzhu/sentry_ws/install/auto_aim_interfaces/include/auto_aim_interfaces/auto_aim_interfaces/msg/detail/judge_system_data__struct.h
[0.543s] -- Up-to-date symlink: /home/xinzhu/sentry_ws/install/auto_aim_interfaces/include/auto_aim_interfaces/auto_aim_interfaces/msg/detail/judge_system_data__type_support.h
[0.544s] -- Up-to-date symlink: /home/xinzhu/sentry_ws/install/auto_aim_interfaces/include/auto_aim_interfaces/auto_aim_interfaces/msg/detail/measurement__functions.h
[0.544s] -- Up-to-date symlink: /home/xinzhu/sentry_ws/install/auto_aim_interfaces/include/auto_aim_interfaces/auto_aim_interfaces/msg/detail/measurement__struct.h
[0.544s] -- Up-to-date symlink: /home/xinzhu/sentry_ws/install/auto_aim_interfaces/include/auto_aim_interfaces/auto_aim_interfaces/msg/detail/measurement__type_support.h
[0.544s] -- Up-to-date symlink: /home/xinzhu/sentry_ws/install/auto_aim_interfaces/include/auto_aim_interfaces/auto_aim_interfaces/msg/detail/operator_command__functions.h
[0.544s] -- Up-to-date symlink: /home/xinzhu/sentry_ws/install/auto_aim_interfaces/include/auto_aim_interfaces/auto_aim_interfaces/msg/detail/operator_command__struct.h
[0.544s] -- Up-to-date symlink: /home/xinzhu/sentry_ws/install/auto_aim_interfaces/include/auto_aim_interfaces/auto_aim_interfaces/msg/detail/operator_command__type_support.h
[0.544s] -- Up-to-date symlink: /home/xinzhu/sentry_ws/install/auto_aim_interfaces/include/auto_aim_interfaces/auto_aim_interfaces/msg/detail/point2d__functions.h
[0.544s] -- Up-to-date symlink: /home/xinzhu/sentry_ws/install/auto_aim_interfaces/include/auto_aim_interfaces/auto_aim_interfaces/msg/detail/point2d__struct.h
[0.544s] -- Up-to-date symlink: /home/xinzhu/sentry_ws/install/auto_aim_interfaces/include/auto_aim_interfaces/auto_aim_interfaces/msg/detail/point2d__type_support.h
[0.544s] -- Up-to-date symlink: /home/xinzhu/sentry_ws/install/auto_aim_interfaces/include/auto_aim_interfaces/auto_aim_interfaces/msg/detail/rune_target__functions.h
[0.544s] -- Up-to-date symlink: /home/xinzhu/sentry_ws/install/auto_aim_interfaces/include/auto_aim_interfaces/auto_aim_interfaces/msg/detail/rune_target__struct.h
[0.544s] -- Up-to-date symlink: /home/xinzhu/sentry_ws/install/auto_aim_interfaces/include/auto_aim_interfaces/auto_aim_interfaces/msg/detail/rune_target__type_support.h
[0.551s] -- Up-to-date symlink: /home/xinzhu/sentry_ws/install/auto_aim_interfaces/include/auto_aim_interfaces/auto_aim_interfaces/msg/detail/serial_receive_data__functions.h
[0.551s] -- Up-to-date symlink: /home/xinzhu/sentry_ws/install/auto_aim_interfaces/include/auto_aim_interfaces/auto_aim_interfaces/msg/detail/serial_receive_data__struct.h
[0.551s] -- Up-to-date symlink: /home/xinzhu/sentry_ws/install/auto_aim_interfaces/include/auto_aim_interfaces/auto_aim_interfaces/msg/detail/serial_receive_data__type_support.h
[0.551s] -- Up-to-date symlink: /home/xinzhu/sentry_ws/install/auto_aim_interfaces/include/auto_aim_interfaces/auto_aim_interfaces/msg/detail/target__functions.h
[0.551s] -- Up-to-date symlink: /home/xinzhu/sentry_ws/install/auto_aim_interfaces/include/auto_aim_interfaces/auto_aim_interfaces/msg/detail/target__struct.h
[0.551s] -- Up-to-date symlink: /home/xinzhu/sentry_ws/install/auto_aim_interfaces/include/auto_aim_interfaces/auto_aim_interfaces/msg/detail/target__type_support.h
[0.552s] -- Up-to-date symlink: /home/xinzhu/sentry_ws/install/auto_aim_interfaces/include/auto_aim_interfaces/auto_aim_interfaces/msg/gimbal_cmd.h
[0.552s] -- Up-to-date symlink: /home/xinzhu/sentry_ws/install/auto_aim_interfaces/include/auto_aim_interfaces/auto_aim_interfaces/msg/judge_system_data.h
[0.552s] -- Up-to-date symlink: /home/xinzhu/sentry_ws/install/auto_aim_interfaces/include/auto_aim_interfaces/auto_aim_interfaces/msg/measurement.h
[0.552s] -- Up-to-date symlink: /home/xinzhu/sentry_ws/install/auto_aim_interfaces/include/auto_aim_interfaces/auto_aim_interfaces/msg/operator_command.h
[0.552s] -- Up-to-date symlink: /home/xinzhu/sentry_ws/install/auto_aim_interfaces/include/auto_aim_interfaces/auto_aim_interfaces/msg/point2d.h
[0.552s] -- Up-to-date symlink: /home/xinzhu/sentry_ws/install/auto_aim_interfaces/include/auto_aim_interfaces/auto_aim_interfaces/msg/rosidl_generator_c__visibility_control.h
[0.552s] -- Up-to-date symlink: /home/xinzhu/sentry_ws/install/auto_aim_interfaces/include/auto_aim_interfaces/auto_aim_interfaces/msg/rune_target.h
[0.552s] -- Up-to-date symlink: /home/xinzhu/sentry_ws/install/auto_aim_interfaces/include/auto_aim_interfaces/auto_aim_interfaces/msg/serial_receive_data.h
[0.552s] -- Up-to-date symlink: /home/xinzhu/sentry_ws/install/auto_aim_interfaces/include/auto_aim_interfaces/auto_aim_interfaces/msg/target.h
[0.552s] -- Up-to-date symlink: /home/xinzhu/sentry_ws/install/auto_aim_interfaces/include/auto_aim_interfaces/auto_aim_interfaces/srv/detail/set_mode__functions.h
[0.552s] -- Up-to-date symlink: /home/xinzhu/sentry_ws/install/auto_aim_interfaces/include/auto_aim_interfaces/auto_aim_interfaces/srv/detail/set_mode__struct.h
[0.552s] -- Up-to-date symlink: /home/xinzhu/sentry_ws/install/auto_aim_interfaces/include/auto_aim_interfaces/auto_aim_interfaces/srv/detail/set_mode__type_support.h
[0.552s] -- Up-to-date symlink: /home/xinzhu/sentry_ws/install/auto_aim_interfaces/include/auto_aim_interfaces/auto_aim_interfaces/srv/set_mode.h
[0.553s] -- Up-to-date symlink: /home/xinzhu/sentry_ws/install/auto_aim_interfaces/share/auto_aim_interfaces/environment/library_path.sh
[0.553s] -- Up-to-date symlink: /home/xinzhu/sentry_ws/install/auto_aim_interfaces/share/auto_aim_interfaces/environment/library_path.dsv
[0.553s] -- Up-to-date symlink: /home/xinzhu/sentry_ws/install/auto_aim_interfaces/include/auto_aim_interfaces/auto_aim_interfaces/msg/detail/armor__rosidl_typesupport_fastrtps_c.h
[0.553s] -- Up-to-date symlink: /home/xinzhu/sentry_ws/install/auto_aim_interfaces/include/auto_aim_interfaces/auto_aim_interfaces/msg/detail/armors__rosidl_typesupport_fastrtps_c.h
[0.553s] -- Up-to-date symlink: /home/xinzhu/sentry_ws/install/auto_aim_interfaces/include/auto_aim_interfaces/auto_aim_interfaces/msg/detail/chassis_cmd__rosidl_typesupport_fastrtps_c.h
[0.553s] -- Up-to-date symlink: /home/xinzhu/sentry_ws/install/auto_aim_interfaces/include/auto_aim_interfaces/auto_aim_interfaces/msg/detail/debug_armor__rosidl_typesupport_fastrtps_c.h
[0.553s] -- Up-to-date symlink: /home/xinzhu/sentry_ws/install/auto_aim_interfaces/include/auto_aim_interfaces/auto_aim_interfaces/msg/detail/debug_armors__rosidl_typesupport_fastrtps_c.h
[0.553s] -- Up-to-date symlink: /home/xinzhu/sentry_ws/install/auto_aim_interfaces/include/auto_aim_interfaces/auto_aim_interfaces/msg/detail/debug_light__rosidl_typesupport_fastrtps_c.h
[0.556s] -- Up-to-date symlink: /home/xinzhu/sentry_ws/install/auto_aim_interfaces/include/auto_aim_interfaces/auto_aim_interfaces/msg/detail/debug_lights__rosidl_typesupport_fastrtps_c.h
[0.556s] -- Up-to-date symlink: /home/xinzhu/sentry_ws/install/auto_aim_interfaces/include/auto_aim_interfaces/auto_aim_interfaces/msg/detail/debug_rune_angle__rosidl_typesupport_fastrtps_c.h
[0.556s] -- Up-to-date symlink: /home/xinzhu/sentry_ws/install/auto_aim_interfaces/include/auto_aim_interfaces/auto_aim_interfaces/msg/detail/gimbal_cmd__rosidl_typesupport_fastrtps_c.h
[0.556s] -- Up-to-date symlink: /home/xinzhu/sentry_ws/install/auto_aim_interfaces/include/auto_aim_interfaces/auto_aim_interfaces/msg/detail/judge_system_data__rosidl_typesupport_fastrtps_c.h
[0.556s] -- Up-to-date symlink: /home/xinzhu/sentry_ws/install/auto_aim_interfaces/include/auto_aim_interfaces/auto_aim_interfaces/msg/detail/measurement__rosidl_typesupport_fastrtps_c.h
[0.556s] -- Up-to-date symlink: /home/xinzhu/sentry_ws/install/auto_aim_interfaces/include/auto_aim_interfaces/auto_aim_interfaces/msg/detail/operator_command__rosidl_typesupport_fastrtps_c.h
[0.557s] -- Up-to-date symlink: /home/xinzhu/sentry_ws/install/auto_aim_interfaces/include/auto_aim_interfaces/auto_aim_interfaces/msg/detail/point2d__rosidl_typesupport_fastrtps_c.h
[0.557s] -- Up-to-date symlink: /home/xinzhu/sentry_ws/install/auto_aim_interfaces/include/auto_aim_interfaces/auto_aim_interfaces/msg/detail/rune_target__rosidl_typesupport_fastrtps_c.h
[0.557s] -- Up-to-date symlink: /home/xinzhu/sentry_ws/install/auto_aim_interfaces/include/auto_aim_interfaces/auto_aim_interfaces/msg/detail/serial_receive_data__rosidl_typesupport_fastrtps_c.h
[0.557s] -- Up-to-date symlink: /home/xinzhu/sentry_ws/install/auto_aim_interfaces/include/auto_aim_interfaces/auto_aim_interfaces/msg/detail/target__rosidl_typesupport_fastrtps_c.h
[0.557s] -- Up-to-date symlink: /home/xinzhu/sentry_ws/install/auto_aim_interfaces/include/auto_aim_interfaces/auto_aim_interfaces/msg/rosidl_typesupport_fastrtps_c__visibility_control.h
[0.557s] -- Up-to-date symlink: /home/xinzhu/sentry_ws/install/auto_aim_interfaces/include/auto_aim_interfaces/auto_aim_interfaces/srv/detail/set_mode__rosidl_typesupport_fastrtps_c.h
[0.557s] -- Up-to-date symlink: /home/xinzhu/sentry_ws/install/auto_aim_interfaces/include/auto_aim_interfaces/auto_aim_interfaces/msg/detail/armor__rosidl_typesupport_introspection_c.h
[0.557s] -- Up-to-date symlink: /home/xinzhu/sentry_ws/install/auto_aim_interfaces/include/auto_aim_interfaces/auto_aim_interfaces/msg/detail/armors__rosidl_typesupport_introspection_c.h
[0.557s] -- Up-to-date symlink: /home/xinzhu/sentry_ws/install/auto_aim_interfaces/include/auto_aim_interfaces/auto_aim_interfaces/msg/detail/chassis_cmd__rosidl_typesupport_introspection_c.h
[0.557s] -- Up-to-date symlink: /home/xinzhu/sentry_ws/install/auto_aim_interfaces/include/auto_aim_interfaces/auto_aim_interfaces/msg/detail/debug_armor__rosidl_typesupport_introspection_c.h
[0.557s] -- Up-to-date symlink: /home/xinzhu/sentry_ws/install/auto_aim_interfaces/include/auto_aim_interfaces/auto_aim_interfaces/msg/detail/debug_armors__rosidl_typesupport_introspection_c.h
[0.557s] -- Up-to-date symlink: /home/xinzhu/sentry_ws/install/auto_aim_interfaces/include/auto_aim_interfaces/auto_aim_interfaces/msg/detail/debug_light__rosidl_typesupport_introspection_c.h
[0.557s] -- Up-to-date symlink: /home/xinzhu/sentry_ws/install/auto_aim_interfaces/include/auto_aim_interfaces/auto_aim_interfaces/msg/detail/debug_lights__rosidl_typesupport_introspection_c.h
[0.557s] -- Up-to-date symlink: /home/xinzhu/sentry_ws/install/auto_aim_interfaces/include/auto_aim_interfaces/auto_aim_interfaces/msg/detail/debug_rune_angle__rosidl_typesupport_introspection_c.h
[0.557s] -- Up-to-date symlink: /home/xinzhu/sentry_ws/install/auto_aim_interfaces/include/auto_aim_interfaces/auto_aim_interfaces/msg/detail/gimbal_cmd__rosidl_typesupport_introspection_c.h
[0.557s] -- Up-to-date symlink: /home/xinzhu/sentry_ws/install/auto_aim_interfaces/include/auto_aim_interfaces/auto_aim_interfaces/msg/detail/judge_system_data__rosidl_typesupport_introspection_c.h
[0.559s] -- Up-to-date symlink: /home/xinzhu/sentry_ws/install/auto_aim_interfaces/include/auto_aim_interfaces/auto_aim_interfaces/msg/detail/measurement__rosidl_typesupport_introspection_c.h
[0.559s] -- Up-to-date symlink: /home/xinzhu/sentry_ws/install/auto_aim_interfaces/include/auto_aim_interfaces/auto_aim_interfaces/msg/detail/operator_command__rosidl_typesupport_introspection_c.h
[0.559s] -- Up-to-date symlink: /home/xinzhu/sentry_ws/install/auto_aim_interfaces/include/auto_aim_interfaces/auto_aim_interfaces/msg/detail/point2d__rosidl_typesupport_introspection_c.h
[0.559s] -- Up-to-date symlink: /home/xinzhu/sentry_ws/install/auto_aim_interfaces/include/auto_aim_interfaces/auto_aim_interfaces/msg/detail/rune_target__rosidl_typesupport_introspection_c.h
[0.559s] -- Up-to-date symlink: /home/xinzhu/sentry_ws/install/auto_aim_interfaces/include/auto_aim_interfaces/auto_aim_interfaces/msg/detail/serial_receive_data__rosidl_typesupport_introspection_c.h
[0.559s] -- Up-to-date symlink: /home/xinzhu/sentry_ws/install/auto_aim_interfaces/include/auto_aim_interfaces/auto_aim_interfaces/msg/detail/target__rosidl_typesupport_introspection_c.h
[0.559s] -- Up-to-date symlink: /home/xinzhu/sentry_ws/install/auto_aim_interfaces/include/auto_aim_interfaces/auto_aim_interfaces/msg/rosidl_typesupport_introspection_c__visibility_control.h
[0.559s] -- Up-to-date symlink: /home/xinzhu/sentry_ws/install/auto_aim_interfaces/include/auto_aim_interfaces/auto_aim_interfaces/srv/detail/set_mode__rosidl_typesupport_introspection_c.h
[0.559s] -- Up-to-date symlink: /home/xinzhu/sentry_ws/install/auto_aim_interfaces/include/auto_aim_interfaces/auto_aim_interfaces/msg/armor.hpp
[0.560s] -- Up-to-date symlink: /home/xinzhu/sentry_ws/install/auto_aim_interfaces/include/auto_aim_interfaces/auto_aim_interfaces/msg/armors.hpp
[0.560s] -- Up-to-date symlink: /home/xinzhu/sentry_ws/install/auto_aim_interfaces/include/auto_aim_interfaces/auto_aim_interfaces/msg/chassis_cmd.hpp
[0.560s] -- Up-to-date symlink: /home/xinzhu/sentry_ws/install/auto_aim_interfaces/include/auto_aim_interfaces/auto_aim_interfaces/msg/debug_armor.hpp
[0.560s] -- Up-to-date symlink: /home/xinzhu/sentry_ws/install/auto_aim_interfaces/include/auto_aim_interfaces/auto_aim_interfaces/msg/debug_armors.hpp
[0.560s] -- Up-to-date symlink: /home/xinzhu/sentry_ws/install/auto_aim_interfaces/include/auto_aim_interfaces/auto_aim_interfaces/msg/debug_light.hpp
[0.560s] -- Up-to-date symlink: /home/xinzhu/sentry_ws/install/auto_aim_interfaces/include/auto_aim_interfaces/auto_aim_interfaces/msg/debug_lights.hpp
[0.560s] -- Up-to-date symlink: /home/xinzhu/sentry_ws/install/auto_aim_interfaces/include/auto_aim_interfaces/auto_aim_interfaces/msg/debug_rune_angle.hpp
[0.560s] -- Up-to-date symlink: /home/xinzhu/sentry_ws/install/auto_aim_interfaces/include/auto_aim_interfaces/auto_aim_interfaces/msg/detail/armor__builder.hpp
[0.560s] -- Up-to-date symlink: /home/xinzhu/sentry_ws/install/auto_aim_interfaces/include/auto_aim_interfaces/auto_aim_interfaces/msg/detail/armor__struct.hpp
[0.560s] -- Up-to-date symlink: /home/xinzhu/sentry_ws/install/auto_aim_interfaces/include/auto_aim_interfaces/auto_aim_interfaces/msg/detail/armor__traits.hpp
[0.560s] -- Up-to-date symlink: /home/xinzhu/sentry_ws/install/auto_aim_interfaces/include/auto_aim_interfaces/auto_aim_interfaces/msg/detail/armor__type_support.hpp
[0.560s] -- Up-to-date symlink: /home/xinzhu/sentry_ws/install/auto_aim_interfaces/include/auto_aim_interfaces/auto_aim_interfaces/msg/detail/armors__builder.hpp
[0.560s] -- Up-to-date symlink: /home/xinzhu/sentry_ws/install/auto_aim_interfaces/include/auto_aim_interfaces/auto_aim_interfaces/msg/detail/armors__struct.hpp
[0.560s] -- Up-to-date symlink: /home/xinzhu/sentry_ws/install/auto_aim_interfaces/include/auto_aim_interfaces/auto_aim_interfaces/msg/detail/armors__traits.hpp
[0.560s] -- Up-to-date symlink: /home/xinzhu/sentry_ws/install/auto_aim_interfaces/include/auto_aim_interfaces/auto_aim_interfaces/msg/detail/armors__type_support.hpp
[0.560s] -- Up-to-date symlink: /home/xinzhu/sentry_ws/install/auto_aim_interfaces/include/auto_aim_interfaces/auto_aim_interfaces/msg/detail/chassis_cmd__builder.hpp
[0.560s] -- Up-to-date symlink: /home/xinzhu/sentry_ws/install/auto_aim_interfaces/include/auto_aim_interfaces/auto_aim_interfaces/msg/detail/chassis_cmd__struct.hpp
[0.561s] -- Up-to-date symlink: /home/xinzhu/sentry_ws/install/auto_aim_interfaces/include/auto_aim_interfaces/auto_aim_interfaces/msg/detail/chassis_cmd__traits.hpp
[0.561s] -- Up-to-date symlink: /home/xinzhu/sentry_ws/install/auto_aim_interfaces/include/auto_aim_interfaces/auto_aim_interfaces/msg/detail/chassis_cmd__type_support.hpp
[0.561s] -- Up-to-date symlink: /home/xinzhu/sentry_ws/install/auto_aim_interfaces/include/auto_aim_interfaces/auto_aim_interfaces/msg/detail/debug_armor__builder.hpp
[0.561s] -- Up-to-date symlink: /home/xinzhu/sentry_ws/install/auto_aim_interfaces/include/auto_aim_interfaces/auto_aim_interfaces/msg/detail/debug_armor__struct.hpp
[0.561s] -- Up-to-date symlink: /home/xinzhu/sentry_ws/install/auto_aim_interfaces/include/auto_aim_interfaces/auto_aim_interfaces/msg/detail/debug_armor__traits.hpp
[0.561s] -- Up-to-date symlink: /home/xinzhu/sentry_ws/install/auto_aim_interfaces/include/auto_aim_interfaces/auto_aim_interfaces/msg/detail/debug_armor__type_support.hpp
[0.561s] -- Up-to-date symlink: /home/xinzhu/sentry_ws/install/auto_aim_interfaces/include/auto_aim_interfaces/auto_aim_interfaces/msg/detail/debug_armors__builder.hpp
[0.561s] -- Up-to-date symlink: /home/xinzhu/sentry_ws/install/auto_aim_interfaces/include/auto_aim_interfaces/auto_aim_interfaces/msg/detail/debug_armors__struct.hpp
[0.561s] -- Up-to-date symlink: /home/xinzhu/sentry_ws/install/auto_aim_interfaces/include/auto_aim_interfaces/auto_aim_interfaces/msg/detail/debug_armors__traits.hpp
[0.561s] -- Up-to-date symlink: /home/xinzhu/sentry_ws/install/auto_aim_interfaces/include/auto_aim_interfaces/auto_aim_interfaces/msg/detail/debug_armors__type_support.hpp
[0.561s] -- Up-to-date symlink: /home/xinzhu/sentry_ws/install/auto_aim_interfaces/include/auto_aim_interfaces/auto_aim_interfaces/msg/detail/debug_light__builder.hpp
[0.561s] -- Up-to-date symlink: /home/xinzhu/sentry_ws/install/auto_aim_interfaces/include/auto_aim_interfaces/auto_aim_interfaces/msg/detail/debug_light__struct.hpp
[0.561s] -- Up-to-date symlink: /home/xinzhu/sentry_ws/install/auto_aim_interfaces/include/auto_aim_interfaces/auto_aim_interfaces/msg/detail/debug_light__traits.hpp
[0.562s] -- Up-to-date symlink: /home/xinzhu/sentry_ws/install/auto_aim_interfaces/include/auto_aim_interfaces/auto_aim_interfaces/msg/detail/debug_light__type_support.hpp
[0.562s] -- Up-to-date symlink: /home/xinzhu/sentry_ws/install/auto_aim_interfaces/include/auto_aim_interfaces/auto_aim_interfaces/msg/detail/debug_lights__builder.hpp
[0.562s] -- Up-to-date symlink: /home/xinzhu/sentry_ws/install/auto_aim_interfaces/include/auto_aim_interfaces/auto_aim_interfaces/msg/detail/debug_lights__struct.hpp
[0.562s] -- Up-to-date symlink: /home/xinzhu/sentry_ws/install/auto_aim_interfaces/include/auto_aim_interfaces/auto_aim_interfaces/msg/detail/debug_lights__traits.hpp
[0.562s] -- Up-to-date symlink: /home/xinzhu/sentry_ws/install/auto_aim_interfaces/include/auto_aim_interfaces/auto_aim_interfaces/msg/detail/debug_lights__type_support.hpp
[0.562s] -- Up-to-date symlink: /home/xinzhu/sentry_ws/install/auto_aim_interfaces/include/auto_aim_interfaces/auto_aim_interfaces/msg/detail/debug_rune_angle__builder.hpp
[0.562s] -- Up-to-date symlink: /home/xinzhu/sentry_ws/install/auto_aim_interfaces/include/auto_aim_interfaces/auto_aim_interfaces/msg/detail/debug_rune_angle__struct.hpp
[0.562s] -- Up-to-date symlink: /home/xinzhu/sentry_ws/install/auto_aim_interfaces/include/auto_aim_interfaces/auto_aim_interfaces/msg/detail/debug_rune_angle__traits.hpp
[0.562s] -- Up-to-date symlink: /home/xinzhu/sentry_ws/install/auto_aim_interfaces/include/auto_aim_interfaces/auto_aim_interfaces/msg/detail/debug_rune_angle__type_support.hpp
[0.562s] -- Up-to-date symlink: /home/xinzhu/sentry_ws/install/auto_aim_interfaces/include/auto_aim_interfaces/auto_aim_interfaces/msg/detail/gimbal_cmd__builder.hpp
[0.562s] -- Up-to-date symlink: /home/xinzhu/sentry_ws/install/auto_aim_interfaces/include/auto_aim_interfaces/auto_aim_interfaces/msg/detail/gimbal_cmd__struct.hpp
[0.562s] -- Up-to-date symlink: /home/xinzhu/sentry_ws/install/auto_aim_interfaces/include/auto_aim_interfaces/auto_aim_interfaces/msg/detail/gimbal_cmd__traits.hpp
[0.562s] -- Up-to-date symlink: /home/xinzhu/sentry_ws/install/auto_aim_interfaces/include/auto_aim_interfaces/auto_aim_interfaces/msg/detail/gimbal_cmd__type_support.hpp
[0.562s] -- Up-to-date symlink: /home/xinzhu/sentry_ws/install/auto_aim_interfaces/include/auto_aim_interfaces/auto_aim_interfaces/msg/detail/judge_system_data__builder.hpp
[0.562s] -- Up-to-date symlink: /home/xinzhu/sentry_ws/install/auto_aim_interfaces/include/auto_aim_interfaces/auto_aim_interfaces/msg/detail/judge_system_data__struct.hpp
[0.562s] -- Up-to-date symlink: /home/xinzhu/sentry_ws/install/auto_aim_interfaces/include/auto_aim_interfaces/auto_aim_interfaces/msg/detail/judge_system_data__traits.hpp
[0.563s] -- Up-to-date symlink: /home/xinzhu/sentry_ws/install/auto_aim_interfaces/include/auto_aim_interfaces/auto_aim_interfaces/msg/detail/judge_system_data__type_support.hpp
[0.563s] -- Up-to-date symlink: /home/xinzhu/sentry_ws/install/auto_aim_interfaces/include/auto_aim_interfaces/auto_aim_interfaces/msg/detail/measurement__builder.hpp
[0.563s] -- Up-to-date symlink: /home/xinzhu/sentry_ws/install/auto_aim_interfaces/include/auto_aim_interfaces/auto_aim_interfaces/msg/detail/measurement__struct.hpp
[0.565s] -- Up-to-date symlink: /home/xinzhu/sentry_ws/install/auto_aim_interfaces/include/auto_aim_interfaces/auto_aim_interfaces/msg/detail/measurement__traits.hpp
[0.567s] -- Up-to-date symlink: /home/xinzhu/sentry_ws/install/auto_aim_interfaces/include/auto_aim_interfaces/auto_aim_interfaces/msg/detail/measurement__type_support.hpp
[0.568s] -- Up-to-date symlink: /home/xinzhu/sentry_ws/install/auto_aim_interfaces/include/auto_aim_interfaces/auto_aim_interfaces/msg/detail/operator_command__builder.hpp
[0.568s] -- Up-to-date symlink: /home/xinzhu/sentry_ws/install/auto_aim_interfaces/include/auto_aim_interfaces/auto_aim_interfaces/msg/detail/operator_command__struct.hpp
[0.568s] -- Up-to-date symlink: /home/xinzhu/sentry_ws/install/auto_aim_interfaces/include/auto_aim_interfaces/auto_aim_interfaces/msg/detail/operator_command__traits.hpp
[0.568s] -- Up-to-date symlink: /home/xinzhu/sentry_ws/install/auto_aim_interfaces/include/auto_aim_interfaces/auto_aim_interfaces/msg/detail/operator_command__type_support.hpp
[0.568s] -- Up-to-date symlink: /home/xinzhu/sentry_ws/install/auto_aim_interfaces/include/auto_aim_interfaces/auto_aim_interfaces/msg/detail/point2d__builder.hpp
[0.568s] -- Up-to-date symlink: /home/xinzhu/sentry_ws/install/auto_aim_interfaces/include/auto_aim_interfaces/auto_aim_interfaces/msg/detail/point2d__struct.hpp
[0.568s] -- Up-to-date symlink: /home/xinzhu/sentry_ws/install/auto_aim_interfaces/include/auto_aim_interfaces/auto_aim_interfaces/msg/detail/point2d__traits.hpp
[0.569s] -- Up-to-date symlink: /home/xinzhu/sentry_ws/install/auto_aim_interfaces/include/auto_aim_interfaces/auto_aim_interfaces/msg/detail/point2d__type_support.hpp
[0.569s] -- Up-to-date symlink: /home/xinzhu/sentry_ws/install/auto_aim_interfaces/include/auto_aim_interfaces/auto_aim_interfaces/msg/detail/rune_target__builder.hpp
[0.569s] -- Up-to-date symlink: /home/xinzhu/sentry_ws/install/auto_aim_interfaces/include/auto_aim_interfaces/auto_aim_interfaces/msg/detail/rune_target__struct.hpp
[0.569s] -- Up-to-date symlink: /home/xinzhu/sentry_ws/install/auto_aim_interfaces/include/auto_aim_interfaces/auto_aim_interfaces/msg/detail/rune_target__traits.hpp
[0.569s] -- Up-to-date symlink: /home/xinzhu/sentry_ws/install/auto_aim_interfaces/include/auto_aim_interfaces/auto_aim_interfaces/msg/detail/rune_target__type_support.hpp
[0.570s] -- Up-to-date symlink: /home/xinzhu/sentry_ws/install/auto_aim_interfaces/include/auto_aim_interfaces/auto_aim_interfaces/msg/detail/serial_receive_data__builder.hpp
[0.571s] -- Up-to-date symlink: /home/xinzhu/sentry_ws/install/auto_aim_interfaces/include/auto_aim_interfaces/auto_aim_interfaces/msg/detail/serial_receive_data__struct.hpp
[0.573s] -- Up-to-date symlink: /home/xinzhu/sentry_ws/install/auto_aim_interfaces/include/auto_aim_interfaces/auto_aim_interfaces/msg/detail/serial_receive_data__traits.hpp
[0.573s] -- Up-to-date symlink: /home/xinzhu/sentry_ws/install/auto_aim_interfaces/include/auto_aim_interfaces/auto_aim_interfaces/msg/detail/serial_receive_data__type_support.hpp
[0.573s] -- Up-to-date symlink: /home/xinzhu/sentry_ws/install/auto_aim_interfaces/include/auto_aim_interfaces/auto_aim_interfaces/msg/detail/target__builder.hpp
[0.573s] -- Up-to-date symlink: /home/xinzhu/sentry_ws/install/auto_aim_interfaces/include/auto_aim_interfaces/auto_aim_interfaces/msg/detail/target__struct.hpp
[0.573s] -- Up-to-date symlink: /home/xinzhu/sentry_ws/install/auto_aim_interfaces/include/auto_aim_interfaces/auto_aim_interfaces/msg/detail/target__traits.hpp
[0.573s] -- Up-to-date symlink: /home/xinzhu/sentry_ws/install/auto_aim_interfaces/include/auto_aim_interfaces/auto_aim_interfaces/msg/detail/target__type_support.hpp
[0.573s] -- Up-to-date symlink: /home/xinzhu/sentry_ws/install/auto_aim_interfaces/include/auto_aim_interfaces/auto_aim_interfaces/msg/gimbal_cmd.hpp
[0.573s] -- Up-to-date symlink: /home/xinzhu/sentry_ws/install/auto_aim_interfaces/include/auto_aim_interfaces/auto_aim_interfaces/msg/judge_system_data.hpp
[0.574s] -- Up-to-date symlink: /home/xinzhu/sentry_ws/install/auto_aim_interfaces/include/auto_aim_interfaces/auto_aim_interfaces/msg/measurement.hpp
[0.574s] -- Up-to-date symlink: /home/xinzhu/sentry_ws/install/auto_aim_interfaces/include/auto_aim_interfaces/auto_aim_interfaces/msg/operator_command.hpp
[0.574s] -- Up-to-date symlink: /home/xinzhu/sentry_ws/install/auto_aim_interfaces/include/auto_aim_interfaces/auto_aim_interfaces/msg/point2d.hpp
[0.574s] -- Up-to-date symlink: /home/xinzhu/sentry_ws/install/auto_aim_interfaces/include/auto_aim_interfaces/auto_aim_interfaces/msg/rosidl_generator_cpp__visibility_control.hpp
[0.574s] -- Up-to-date symlink: /home/xinzhu/sentry_ws/install/auto_aim_interfaces/include/auto_aim_interfaces/auto_aim_interfaces/msg/rune_target.hpp
[0.574s] -- Up-to-date symlink: /home/xinzhu/sentry_ws/install/auto_aim_interfaces/include/auto_aim_interfaces/auto_aim_interfaces/msg/serial_receive_data.hpp
[0.574s] -- Up-to-date symlink: /home/xinzhu/sentry_ws/install/auto_aim_interfaces/include/auto_aim_interfaces/auto_aim_interfaces/msg/target.hpp
[0.574s] -- Up-to-date symlink: /home/xinzhu/sentry_ws/install/auto_aim_interfaces/include/auto_aim_interfaces/auto_aim_interfaces/srv/detail/set_mode__builder.hpp
[0.574s] -- Up-to-date symlink: /home/xinzhu/sentry_ws/install/auto_aim_interfaces/include/auto_aim_interfaces/auto_aim_interfaces/srv/detail/set_mode__struct.hpp
[0.574s] -- Up-to-date symlink: /home/xinzhu/sentry_ws/install/auto_aim_interfaces/include/auto_aim_interfaces/auto_aim_interfaces/srv/detail/set_mode__traits.hpp
[0.574s] -- Up-to-date symlink: /home/xinzhu/sentry_ws/install/auto_aim_interfaces/include/auto_aim_interfaces/auto_aim_interfaces/srv/detail/set_mode__type_support.hpp
[0.574s] -- Up-to-date symlink: /home/xinzhu/sentry_ws/install/auto_aim_interfaces/include/auto_aim_interfaces/auto_aim_interfaces/srv/set_mode.hpp
[0.575s] -- Up-to-date symlink: /home/xinzhu/sentry_ws/install/auto_aim_interfaces/include/auto_aim_interfaces/auto_aim_interfaces/msg/detail/armor__rosidl_typesupport_fastrtps_cpp.hpp
[0.575s] -- Up-to-date symlink: /home/xinzhu/sentry_ws/install/auto_aim_interfaces/include/auto_aim_interfaces/auto_aim_interfaces/msg/detail/armors__rosidl_typesupport_fastrtps_cpp.hpp
[0.575s] -- Up-to-date symlink: /home/xinzhu/sentry_ws/install/auto_aim_interfaces/include/auto_aim_interfaces/auto_aim_interfaces/msg/detail/chassis_cmd__rosidl_typesupport_fastrtps_cpp.hpp
[0.575s] -- Up-to-date symlink: /home/xinzhu/sentry_ws/install/auto_aim_interfaces/include/auto_aim_interfaces/auto_aim_interfaces/msg/detail/debug_armor__rosidl_typesupport_fastrtps_cpp.hpp
[0.575s] -- Up-to-date symlink: /home/xinzhu/sentry_ws/install/auto_aim_interfaces/include/auto_aim_interfaces/auto_aim_interfaces/msg/detail/debug_armors__rosidl_typesupport_fastrtps_cpp.hpp
[0.575s] -- Up-to-date symlink: /home/xinzhu/sentry_ws/install/auto_aim_interfaces/include/auto_aim_interfaces/auto_aim_interfaces/msg/detail/debug_light__rosidl_typesupport_fastrtps_cpp.hpp
[0.576s] -- Up-to-date symlink: /home/xinzhu/sentry_ws/install/auto_aim_interfaces/include/auto_aim_interfaces/auto_aim_interfaces/msg/detail/debug_lights__rosidl_typesupport_fastrtps_cpp.hpp
[0.576s] -- Up-to-date symlink: /home/xinzhu/sentry_ws/install/auto_aim_interfaces/include/auto_aim_interfaces/auto_aim_interfaces/msg/detail/debug_rune_angle__rosidl_typesupport_fastrtps_cpp.hpp
[0.576s] -- Up-to-date symlink: /home/xinzhu/sentry_ws/install/auto_aim_interfaces/include/auto_aim_interfaces/auto_aim_interfaces/msg/detail/gimbal_cmd__rosidl_typesupport_fastrtps_cpp.hpp
[0.576s] -- Up-to-date symlink: /home/xinzhu/sentry_ws/install/auto_aim_interfaces/include/auto_aim_interfaces/auto_aim_interfaces/msg/detail/judge_system_data__rosidl_typesupport_fastrtps_cpp.hpp
[0.576s] -- Up-to-date symlink: /home/xinzhu/sentry_ws/install/auto_aim_interfaces/include/auto_aim_interfaces/auto_aim_interfaces/msg/detail/measurement__rosidl_typesupport_fastrtps_cpp.hpp
[0.576s] -- Up-to-date symlink: /home/xinzhu/sentry_ws/install/auto_aim_interfaces/include/auto_aim_interfaces/auto_aim_interfaces/msg/detail/operator_command__rosidl_typesupport_fastrtps_cpp.hpp
[0.576s] -- Up-to-date symlink: /home/xinzhu/sentry_ws/install/auto_aim_interfaces/include/auto_aim_interfaces/auto_aim_interfaces/msg/detail/point2d__rosidl_typesupport_fastrtps_cpp.hpp
[0.576s] -- Up-to-date symlink: /home/xinzhu/sentry_ws/install/auto_aim_interfaces/include/auto_aim_interfaces/auto_aim_interfaces/msg/detail/rune_target__rosidl_typesupport_fastrtps_cpp.hpp
[0.577s] -- Up-to-date symlink: /home/xinzhu/sentry_ws/install/auto_aim_interfaces/include/auto_aim_interfaces/auto_aim_interfaces/msg/detail/serial_receive_data__rosidl_typesupport_fastrtps_cpp.hpp
[0.577s] -- Up-to-date symlink: /home/xinzhu/sentry_ws/install/auto_aim_interfaces/include/auto_aim_interfaces/auto_aim_interfaces/msg/detail/target__rosidl_typesupport_fastrtps_cpp.hpp
[0.577s] -- Up-to-date symlink: /home/xinzhu/sentry_ws/install/auto_aim_interfaces/include/auto_aim_interfaces/auto_aim_interfaces/msg/rosidl_typesupport_fastrtps_cpp__visibility_control.h
[0.577s] -- Up-to-date symlink: /home/xinzhu/sentry_ws/install/auto_aim_interfaces/include/auto_aim_interfaces/auto_aim_interfaces/srv/detail/set_mode__rosidl_typesupport_fastrtps_cpp.hpp
[0.582s] -- Up-to-date symlink: /home/xinzhu/sentry_ws/install/auto_aim_interfaces/include/auto_aim_interfaces/auto_aim_interfaces/msg/detail/armor__rosidl_typesupport_introspection_cpp.hpp
[0.582s] -- Up-to-date symlink: /home/xinzhu/sentry_ws/install/auto_aim_interfaces/include/auto_aim_interfaces/auto_aim_interfaces/msg/detail/armors__rosidl_typesupport_introspection_cpp.hpp
[0.582s] -- Up-to-date symlink: /home/xinzhu/sentry_ws/install/auto_aim_interfaces/include/auto_aim_interfaces/auto_aim_interfaces/msg/detail/chassis_cmd__rosidl_typesupport_introspection_cpp.hpp
[0.582s] -- Up-to-date symlink: /home/xinzhu/sentry_ws/install/auto_aim_interfaces/include/auto_aim_interfaces/auto_aim_interfaces/msg/detail/debug_armor__rosidl_typesupport_introspection_cpp.hpp
[0.582s] -- Up-to-date symlink: /home/xinzhu/sentry_ws/install/auto_aim_interfaces/include/auto_aim_interfaces/auto_aim_interfaces/msg/detail/debug_armors__rosidl_typesupport_introspection_cpp.hpp
[0.582s] -- Up-to-date symlink: /home/xinzhu/sentry_ws/install/auto_aim_interfaces/include/auto_aim_interfaces/auto_aim_interfaces/msg/detail/debug_light__rosidl_typesupport_introspection_cpp.hpp
[0.582s] -- Up-to-date symlink: /home/xinzhu/sentry_ws/install/auto_aim_interfaces/include/auto_aim_interfaces/auto_aim_interfaces/msg/detail/debug_lights__rosidl_typesupport_introspection_cpp.hpp
[0.582s] -- Up-to-date symlink: /home/xinzhu/sentry_ws/install/auto_aim_interfaces/include/auto_aim_interfaces/auto_aim_interfaces/msg/detail/debug_rune_angle__rosidl_typesupport_introspection_cpp.hpp
[0.582s] -- Up-to-date symlink: /home/xinzhu/sentry_ws/install/auto_aim_interfaces/include/auto_aim_interfaces/auto_aim_interfaces/msg/detail/gimbal_cmd__rosidl_typesupport_introspection_cpp.hpp
[0.583s] -- Up-to-date symlink: /home/xinzhu/sentry_ws/install/auto_aim_interfaces/include/auto_aim_interfaces/auto_aim_interfaces/msg/detail/judge_system_data__rosidl_typesupport_introspection_cpp.hpp
[0.583s] -- Up-to-date symlink: /home/xinzhu/sentry_ws/install/auto_aim_interfaces/include/auto_aim_interfaces/auto_aim_interfaces/msg/detail/measurement__rosidl_typesupport_introspection_cpp.hpp
[0.583s] -- Up-to-date symlink: /home/xinzhu/sentry_ws/install/auto_aim_interfaces/include/auto_aim_interfaces/auto_aim_interfaces/msg/detail/operator_command__rosidl_typesupport_introspection_cpp.hpp
[0.583s] -- Up-to-date symlink: /home/xinzhu/sentry_ws/install/auto_aim_interfaces/include/auto_aim_interfaces/auto_aim_interfaces/msg/detail/point2d__rosidl_typesupport_introspection_cpp.hpp
[0.584s] -- Up-to-date symlink: /home/xinzhu/sentry_ws/install/auto_aim_interfaces/include/auto_aim_interfaces/auto_aim_interfaces/msg/detail/rune_target__rosidl_typesupport_introspection_cpp.hpp
[0.584s] -- Up-to-date symlink: /home/xinzhu/sentry_ws/install/auto_aim_interfaces/include/auto_aim_interfaces/auto_aim_interfaces/msg/detail/serial_receive_data__rosidl_typesupport_introspection_cpp.hpp
[0.584s] -- Up-to-date symlink: /home/xinzhu/sentry_ws/install/auto_aim_interfaces/include/auto_aim_interfaces/auto_aim_interfaces/msg/detail/target__rosidl_typesupport_introspection_cpp.hpp
[0.584s] -- Up-to-date symlink: /home/xinzhu/sentry_ws/install/auto_aim_interfaces/include/auto_aim_interfaces/auto_aim_interfaces/srv/detail/set_mode__rosidl_typesupport_introspection_cpp.hpp
[0.584s] -- Up-to-date symlink: /home/xinzhu/sentry_ws/install/auto_aim_interfaces/share/auto_aim_interfaces/environment/pythonpath.sh
[0.584s] -- Up-to-date symlink: /home/xinzhu/sentry_ws/install/auto_aim_interfaces/share/auto_aim_interfaces/environment/pythonpath.dsv
[0.584s] -- Up-to-date symlink: /home/xinzhu/sentry_ws/install/auto_aim_interfaces/local/lib/python3.10/dist-packages/auto_aim_interfaces-0.0.0-py3.10.egg-info/PKG-INFO
[0.584s] -- Up-to-date symlink: /home/xinzhu/sentry_ws/install/auto_aim_interfaces/local/lib/python3.10/dist-packages/auto_aim_interfaces-0.0.0-py3.10.egg-info/SOURCES.txt
[0.584s] -- Up-to-date symlink: /home/xinzhu/sentry_ws/install/auto_aim_interfaces/local/lib/python3.10/dist-packages/auto_aim_interfaces-0.0.0-py3.10.egg-info/dependency_links.txt
[0.584s] -- Up-to-date symlink: /home/xinzhu/sentry_ws/install/auto_aim_interfaces/local/lib/python3.10/dist-packages/auto_aim_interfaces-0.0.0-py3.10.egg-info/top_level.txt
[0.584s] -- Up-to-date symlink: /home/xinzhu/sentry_ws/install/auto_aim_interfaces/local/lib/python3.10/dist-packages/auto_aim_interfaces/__init__.py
[0.584s] -- Up-to-date symlink: /home/xinzhu/sentry_ws/install/auto_aim_interfaces/local/lib/python3.10/dist-packages/auto_aim_interfaces/_auto_aim_interfaces_s.ep.rosidl_typesupport_c.c
[0.584s] -- Up-to-date symlink: /home/xinzhu/sentry_ws/install/auto_aim_interfaces/local/lib/python3.10/dist-packages/auto_aim_interfaces/_auto_aim_interfaces_s.ep.rosidl_typesupport_fastrtps_c.c
[0.584s] -- Up-to-date symlink: /home/xinzhu/sentry_ws/install/auto_aim_interfaces/local/lib/python3.10/dist-packages/auto_aim_interfaces/_auto_aim_interfaces_s.ep.rosidl_typesupport_introspection_c.c
[0.585s] -- Up-to-date symlink: /home/xinzhu/sentry_ws/install/auto_aim_interfaces/local/lib/python3.10/dist-packages/auto_aim_interfaces/auto_aim_interfaces_s__rosidl_typesupport_c.cpython-310-x86_64-linux-gnu.so
[0.585s] -- Up-to-date symlink: /home/xinzhu/sentry_ws/install/auto_aim_interfaces/local/lib/python3.10/dist-packages/auto_aim_interfaces/auto_aim_interfaces_s__rosidl_typesupport_fastrtps_c.cpython-310-x86_64-linux-gnu.so
[0.585s] -- Up-to-date symlink: /home/xinzhu/sentry_ws/install/auto_aim_interfaces/local/lib/python3.10/dist-packages/auto_aim_interfaces/auto_aim_interfaces_s__rosidl_typesupport_introspection_c.cpython-310-x86_64-linux-gnu.so
[0.585s] -- Up-to-date symlink: /home/xinzhu/sentry_ws/install/auto_aim_interfaces/local/lib/python3.10/dist-packages/auto_aim_interfaces/libauto_aim_interfaces__rosidl_generator_py.so
[0.585s] -- Up-to-date symlink: /home/xinzhu/sentry_ws/install/auto_aim_interfaces/local/lib/python3.10/dist-packages/auto_aim_interfaces/msg/__init__.py
[0.585s] -- Up-to-date symlink: /home/xinzhu/sentry_ws/install/auto_aim_interfaces/local/lib/python3.10/dist-packages/auto_aim_interfaces/msg/_armor.py
[0.585s] -- Up-to-date symlink: /home/xinzhu/sentry_ws/install/auto_aim_interfaces/local/lib/python3.10/dist-packages/auto_aim_interfaces/msg/_armor_s.c
[0.585s] -- Up-to-date symlink: /home/xinzhu/sentry_ws/install/auto_aim_interfaces/local/lib/python3.10/dist-packages/auto_aim_interfaces/msg/_armors.py
[0.585s] -- Up-to-date symlink: /home/xinzhu/sentry_ws/install/auto_aim_interfaces/local/lib/python3.10/dist-packages/auto_aim_interfaces/msg/_armors_s.c
[0.585s] -- Up-to-date symlink: /home/xinzhu/sentry_ws/install/auto_aim_interfaces/local/lib/python3.10/dist-packages/auto_aim_interfaces/msg/_chassis_cmd.py
[0.585s] -- Up-to-date symlink: /home/xinzhu/sentry_ws/install/auto_aim_interfaces/local/lib/python3.10/dist-packages/auto_aim_interfaces/msg/_chassis_cmd_s.c
[0.585s] -- Up-to-date symlink: /home/xinzhu/sentry_ws/install/auto_aim_interfaces/local/lib/python3.10/dist-packages/auto_aim_interfaces/msg/_debug_armor.py
[0.585s] -- Up-to-date symlink: /home/xinzhu/sentry_ws/install/auto_aim_interfaces/local/lib/python3.10/dist-packages/auto_aim_interfaces/msg/_debug_armor_s.c
[0.585s] -- Up-to-date symlink: /home/xinzhu/sentry_ws/install/auto_aim_interfaces/local/lib/python3.10/dist-packages/auto_aim_interfaces/msg/_debug_armors.py
[0.585s] -- Up-to-date symlink: /home/xinzhu/sentry_ws/install/auto_aim_interfaces/local/lib/python3.10/dist-packages/auto_aim_interfaces/msg/_debug_armors_s.c
[0.586s] -- Up-to-date symlink: /home/xinzhu/sentry_ws/install/auto_aim_interfaces/local/lib/python3.10/dist-packages/auto_aim_interfaces/msg/_debug_light.py
[0.586s] -- Up-to-date symlink: /home/xinzhu/sentry_ws/install/auto_aim_interfaces/local/lib/python3.10/dist-packages/auto_aim_interfaces/msg/_debug_light_s.c
[0.586s] -- Up-to-date symlink: /home/xinzhu/sentry_ws/install/auto_aim_interfaces/local/lib/python3.10/dist-packages/auto_aim_interfaces/msg/_debug_lights.py
[0.587s] -- Up-to-date symlink: /home/xinzhu/sentry_ws/install/auto_aim_interfaces/local/lib/python3.10/dist-packages/auto_aim_interfaces/msg/_debug_lights_s.c
[0.587s] -- Up-to-date symlink: /home/xinzhu/sentry_ws/install/auto_aim_interfaces/local/lib/python3.10/dist-packages/auto_aim_interfaces/msg/_debug_rune_angle.py
[0.587s] -- Up-to-date symlink: /home/xinzhu/sentry_ws/install/auto_aim_interfaces/local/lib/python3.10/dist-packages/auto_aim_interfaces/msg/_debug_rune_angle_s.c
[0.587s] -- Up-to-date symlink: /home/xinzhu/sentry_ws/install/auto_aim_interfaces/local/lib/python3.10/dist-packages/auto_aim_interfaces/msg/_gimbal_cmd.py
[0.587s] -- Up-to-date symlink: /home/xinzhu/sentry_ws/install/auto_aim_interfaces/local/lib/python3.10/dist-packages/auto_aim_interfaces/msg/_gimbal_cmd_s.c
[0.587s] -- Up-to-date symlink: /home/xinzhu/sentry_ws/install/auto_aim_interfaces/local/lib/python3.10/dist-packages/auto_aim_interfaces/msg/_judge_system_data.py
[0.587s] -- Up-to-date symlink: /home/xinzhu/sentry_ws/install/auto_aim_interfaces/local/lib/python3.10/dist-packages/auto_aim_interfaces/msg/_judge_system_data_s.c
[0.587s] -- Up-to-date symlink: /home/xinzhu/sentry_ws/install/auto_aim_interfaces/local/lib/python3.10/dist-packages/auto_aim_interfaces/msg/_measurement.py
[0.587s] -- Up-to-date symlink: /home/xinzhu/sentry_ws/install/auto_aim_interfaces/local/lib/python3.10/dist-packages/auto_aim_interfaces/msg/_measurement_s.c
[0.587s] -- Up-to-date symlink: /home/xinzhu/sentry_ws/install/auto_aim_interfaces/local/lib/python3.10/dist-packages/auto_aim_interfaces/msg/_operator_command.py
[0.587s] -- Up-to-date symlink: /home/xinzhu/sentry_ws/install/auto_aim_interfaces/local/lib/python3.10/dist-packages/auto_aim_interfaces/msg/_operator_command_s.c
[0.587s] -- Up-to-date symlink: /home/xinzhu/sentry_ws/install/auto_aim_interfaces/local/lib/python3.10/dist-packages/auto_aim_interfaces/msg/_point2d.py
[0.587s] -- Up-to-date symlink: /home/xinzhu/sentry_ws/install/auto_aim_interfaces/local/lib/python3.10/dist-packages/auto_aim_interfaces/msg/_point2d_s.c
[0.587s] -- Up-to-date symlink: /home/xinzhu/sentry_ws/install/auto_aim_interfaces/local/lib/python3.10/dist-packages/auto_aim_interfaces/msg/_rune_target.py
[0.588s] -- Up-to-date symlink: /home/xinzhu/sentry_ws/install/auto_aim_interfaces/local/lib/python3.10/dist-packages/auto_aim_interfaces/msg/_rune_target_s.c
[0.588s] -- Up-to-date symlink: /home/xinzhu/sentry_ws/install/auto_aim_interfaces/local/lib/python3.10/dist-packages/auto_aim_interfaces/msg/_serial_receive_data.py
[0.588s] -- Up-to-date symlink: /home/xinzhu/sentry_ws/install/auto_aim_interfaces/local/lib/python3.10/dist-packages/auto_aim_interfaces/msg/_serial_receive_data_s.c
[0.588s] -- Up-to-date symlink: /home/xinzhu/sentry_ws/install/auto_aim_interfaces/local/lib/python3.10/dist-packages/auto_aim_interfaces/msg/_target.py
[0.588s] -- Up-to-date symlink: /home/xinzhu/sentry_ws/install/auto_aim_interfaces/local/lib/python3.10/dist-packages/auto_aim_interfaces/msg/_target_s.c
[0.588s] -- Up-to-date symlink: /home/xinzhu/sentry_ws/install/auto_aim_interfaces/local/lib/python3.10/dist-packages/auto_aim_interfaces/srv/__init__.py
[0.588s] -- Up-to-date symlink: /home/xinzhu/sentry_ws/install/auto_aim_interfaces/local/lib/python3.10/dist-packages/auto_aim_interfaces/srv/_set_mode.py
[0.588s] -- Up-to-date symlink: /home/xinzhu/sentry_ws/install/auto_aim_interfaces/local/lib/python3.10/dist-packages/auto_aim_interfaces/srv/_set_mode_s.c
[0.588s] -- Up-to-date symlink: /home/xinzhu/sentry_ws/install/auto_aim_interfaces/local/lib/python3.10/dist-packages/auto_aim_interfaces/auto_aim_interfaces_s__rosidl_typesupport_fastrtps_c.cpython-310-x86_64-linux-gnu.so
[0.588s] -- Up-to-date symlink: /home/xinzhu/sentry_ws/install/auto_aim_interfaces/local/lib/python3.10/dist-packages/auto_aim_interfaces/auto_aim_interfaces_s__rosidl_typesupport_introspection_c.cpython-310-x86_64-linux-gnu.so
[0.588s] -- Up-to-date symlink: /home/xinzhu/sentry_ws/install/auto_aim_interfaces/local/lib/python3.10/dist-packages/auto_aim_interfaces/auto_aim_interfaces_s__rosidl_typesupport_c.cpython-310-x86_64-linux-gnu.so
[0.588s] -- Up-to-date symlink: /home/xinzhu/sentry_ws/install/auto_aim_interfaces/share/auto_aim_interfaces/msg/Armor.idl
[0.588s] -- Up-to-date symlink: /home/xinzhu/sentry_ws/install/auto_aim_interfaces/share/auto_aim_interfaces/msg/Armors.idl
[0.588s] -- Up-to-date symlink: /home/xinzhu/sentry_ws/install/auto_aim_interfaces/share/auto_aim_interfaces/msg/Target.idl
[0.588s] -- Up-to-date symlink: /home/xinzhu/sentry_ws/install/auto_aim_interfaces/share/auto_aim_interfaces/msg/RuneTarget.idl
[0.588s] -- Up-to-date symlink: /home/xinzhu/sentry_ws/install/auto_aim_interfaces/share/auto_aim_interfaces/msg/Point2d.idl
[0.588s] -- Up-to-date symlink: /home/xinzhu/sentry_ws/install/auto_aim_interfaces/share/auto_aim_interfaces/msg/GimbalCmd.idl
[0.588s] -- Up-to-date symlink: /home/xinzhu/sentry_ws/install/auto_aim_interfaces/share/auto_aim_interfaces/msg/ChassisCmd.idl
[0.588s] -- Up-to-date symlink: /home/xinzhu/sentry_ws/install/auto_aim_interfaces/share/auto_aim_interfaces/msg/DebugLight.idl
[0.588s] -- Up-to-date symlink: /home/xinzhu/sentry_ws/install/auto_aim_interfaces/share/auto_aim_interfaces/msg/DebugLights.idl
[0.589s] -- Up-to-date symlink: /home/xinzhu/sentry_ws/install/auto_aim_interfaces/share/auto_aim_interfaces/msg/DebugArmor.idl
[0.589s] -- Up-to-date symlink: /home/xinzhu/sentry_ws/install/auto_aim_interfaces/share/auto_aim_interfaces/msg/DebugArmors.idl
[0.589s] -- Up-to-date symlink: /home/xinzhu/sentry_ws/install/auto_aim_interfaces/share/auto_aim_interfaces/msg/DebugRuneAngle.idl
[0.589s] -- Up-to-date symlink: /home/xinzhu/sentry_ws/install/auto_aim_interfaces/share/auto_aim_interfaces/msg/Measurement.idl
[0.589s] -- Up-to-date symlink: /home/xinzhu/sentry_ws/install/auto_aim_interfaces/share/auto_aim_interfaces/msg/JudgeSystemData.idl
[0.589s] -- Up-to-date symlink: /home/xinzhu/sentry_ws/install/auto_aim_interfaces/share/auto_aim_interfaces/msg/OperatorCommand.idl
[0.589s] -- Up-to-date symlink: /home/xinzhu/sentry_ws/install/auto_aim_interfaces/share/auto_aim_interfaces/msg/SerialReceiveData.idl
[0.589s] -- Up-to-date symlink: /home/xinzhu/sentry_ws/install/auto_aim_interfaces/share/auto_aim_interfaces/srv/SetMode.idl
[0.589s] -- Up-to-date symlink: /home/xinzhu/sentry_ws/install/auto_aim_interfaces/share/auto_aim_interfaces/msg/Armor.msg
[0.589s] -- Up-to-date symlink: /home/xinzhu/sentry_ws/install/auto_aim_interfaces/share/auto_aim_interfaces/msg/Armors.msg
[0.589s] -- Up-to-date symlink: /home/xinzhu/sentry_ws/install/auto_aim_interfaces/share/auto_aim_interfaces/msg/Target.msg
[0.589s] -- Up-to-date symlink: /home/xinzhu/sentry_ws/install/auto_aim_interfaces/share/auto_aim_interfaces/msg/RuneTarget.msg
[0.589s] -- Up-to-date symlink: /home/xinzhu/sentry_ws/install/auto_aim_interfaces/share/auto_aim_interfaces/msg/Point2d.msg
[0.589s] -- Up-to-date symlink: /home/xinzhu/sentry_ws/install/auto_aim_interfaces/share/auto_aim_interfaces/msg/GimbalCmd.msg
[0.589s] -- Up-to-date symlink: /home/xinzhu/sentry_ws/install/auto_aim_interfaces/share/auto_aim_interfaces/msg/ChassisCmd.msg
[0.589s] -- Up-to-date symlink: /home/xinzhu/sentry_ws/install/auto_aim_interfaces/share/auto_aim_interfaces/msg/DebugLight.msg
[0.589s] -- Up-to-date symlink: /home/xinzhu/sentry_ws/install/auto_aim_interfaces/share/auto_aim_interfaces/msg/DebugLights.msg
[0.589s] -- Up-to-date symlink: /home/xinzhu/sentry_ws/install/auto_aim_interfaces/share/auto_aim_interfaces/msg/DebugArmor.msg
[0.590s] -- Up-to-date symlink: /home/xinzhu/sentry_ws/install/auto_aim_interfaces/share/auto_aim_interfaces/msg/DebugArmors.msg
[0.590s] -- Up-to-date symlink: /home/xinzhu/sentry_ws/install/auto_aim_interfaces/share/auto_aim_interfaces/msg/DebugRuneAngle.msg
[0.590s] -- Up-to-date symlink: /home/xinzhu/sentry_ws/install/auto_aim_interfaces/share/auto_aim_interfaces/msg/Measurement.msg
[0.590s] -- Up-to-date symlink: /home/xinzhu/sentry_ws/install/auto_aim_interfaces/share/auto_aim_interfaces/msg/JudgeSystemData.msg
[0.590s] -- Up-to-date symlink: /home/xinzhu/sentry_ws/install/auto_aim_interfaces/share/auto_aim_interfaces/msg/OperatorCommand.msg
[0.590s] -- Up-to-date symlink: /home/xinzhu/sentry_ws/install/auto_aim_interfaces/share/auto_aim_interfaces/msg/SerialReceiveData.msg
[0.590s] -- Up-to-date symlink: /home/xinzhu/sentry_ws/install/auto_aim_interfaces/share/auto_aim_interfaces/srv/SetMode.srv
[0.590s] -- Up-to-date symlink: /home/xinzhu/sentry_ws/install/auto_aim_interfaces/share/auto_aim_interfaces/srv/SetMode_Request.msg
[0.590s] -- Up-to-date symlink: /home/xinzhu/sentry_ws/install/auto_aim_interfaces/share/auto_aim_interfaces/srv/SetMode_Response.msg
[0.590s] -- Up-to-date symlink: /home/xinzhu/sentry_ws/install/auto_aim_interfaces/share/ament_index/resource_index/package_run_dependencies/auto_aim_interfaces
[0.590s] -- Up-to-date symlink: /home/xinzhu/sentry_ws/install/auto_aim_interfaces/share/ament_index/resource_index/parent_prefix_path/auto_aim_interfaces
[0.590s] -- Up-to-date symlink: /home/xinzhu/sentry_ws/install/auto_aim_interfaces/share/auto_aim_interfaces/environment/ament_prefix_path.sh
[0.590s] -- Up-to-date symlink: /home/xinzhu/sentry_ws/install/auto_aim_interfaces/share/auto_aim_interfaces/environment/ament_prefix_path.dsv
[0.590s] -- Up-to-date symlink: /home/xinzhu/sentry_ws/install/auto_aim_interfaces/share/auto_aim_interfaces/environment/path.sh
[0.590s] -- Up-to-date symlink: /home/xinzhu/sentry_ws/install/auto_aim_interfaces/share/auto_aim_interfaces/environment/path.dsv
[0.590s] -- Up-to-date symlink: /home/xinzhu/sentry_ws/install/auto_aim_interfaces/share/auto_aim_interfaces/local_setup.bash
[0.590s] -- Up-to-date symlink: /home/xinzhu/sentry_ws/install/auto_aim_interfaces/share/auto_aim_interfaces/local_setup.sh
[0.590s] -- Up-to-date symlink: /home/xinzhu/sentry_ws/install/auto_aim_interfaces/share/auto_aim_interfaces/local_setup.zsh
[0.590s] -- Up-to-date symlink: /home/xinzhu/sentry_ws/install/auto_aim_interfaces/share/auto_aim_interfaces/local_setup.dsv
[0.590s] -- Symlinking: /home/xinzhu/sentry_ws/install/auto_aim_interfaces/share/auto_aim_interfaces/package.dsv
[0.590s] -- Up-to-date symlink: /home/xinzhu/sentry_ws/install/auto_aim_interfaces/share/ament_index/resource_index/packages/auto_aim_interfaces
[0.590s] -- Up-to-date symlink: /home/xinzhu/sentry_ws/install/auto_aim_interfaces/share/auto_aim_interfaces/cmake/rosidl_cmake-extras.cmake
[0.590s] -- Up-to-date symlink: /home/xinzhu/sentry_ws/install/auto_aim_interfaces/share/auto_aim_interfaces/cmake/ament_cmake_export_dependencies-extras.cmake
[0.590s] -- Up-to-date symlink: /home/xinzhu/sentry_ws/install/auto_aim_interfaces/share/auto_aim_interfaces/cmake/ament_cmake_export_include_directories-extras.cmake
[0.591s] -- Up-to-date symlink: /home/xinzhu/sentry_ws/install/auto_aim_interfaces/share/auto_aim_interfaces/cmake/ament_cmake_export_libraries-extras.cmake
[0.591s] -- Up-to-date symlink: /home/xinzhu/sentry_ws/install/auto_aim_interfaces/share/auto_aim_interfaces/cmake/ament_cmake_export_targets-extras.cmake
[0.591s] -- Up-to-date symlink: /home/xinzhu/sentry_ws/install/auto_aim_interfaces/share/auto_aim_interfaces/cmake/rosidl_cmake_export_typesupport_targets-extras.cmake
[0.591s] -- Up-to-date symlink: /home/xinzhu/sentry_ws/install/auto_aim_interfaces/share/auto_aim_interfaces/cmake/rosidl_cmake_export_typesupport_libraries-extras.cmake
[0.591s] -- Up-to-date symlink: /home/xinzhu/sentry_ws/install/auto_aim_interfaces/share/auto_aim_interfaces/cmake/auto_aim_interfacesConfig.cmake
[0.591s] -- Up-to-date symlink: /home/xinzhu/sentry_ws/install/auto_aim_interfaces/share/auto_aim_interfaces/cmake/auto_aim_interfacesConfig-version.cmake
[0.591s] -- Up-to-date symlink: /home/xinzhu/sentry_ws/install/auto_aim_interfaces/share/auto_aim_interfaces/package.xml
[0.591s] -- Up-to-date: /home/xinzhu/sentry_ws/install/auto_aim_interfaces/lib/libauto_aim_interfaces__rosidl_generator_c.so
[0.591s] -- Up-to-date: /home/xinzhu/sentry_ws/install/auto_aim_interfaces/lib/libauto_aim_interfaces__rosidl_typesupport_fastrtps_c.so
[0.591s] -- Up-to-date: /home/xinzhu/sentry_ws/install/auto_aim_interfaces/lib/libauto_aim_interfaces__rosidl_typesupport_introspection_c.so
[0.591s] -- Up-to-date: /home/xinzhu/sentry_ws/install/auto_aim_interfaces/lib/libauto_aim_interfaces__rosidl_typesupport_c.so
[0.591s] -- Up-to-date: /home/xinzhu/sentry_ws/install/auto_aim_interfaces/lib/libauto_aim_interfaces__rosidl_typesupport_fastrtps_cpp.so
[0.591s] -- Up-to-date: /home/xinzhu/sentry_ws/install/auto_aim_interfaces/lib/libauto_aim_interfaces__rosidl_typesupport_introspection_cpp.so
[0.591s] -- Up-to-date: /home/xinzhu/sentry_ws/install/auto_aim_interfaces/lib/libauto_aim_interfaces__rosidl_typesupport_cpp.so
[0.597s] Listing '/home/xinzhu/sentry_ws/install/auto_aim_interfaces/local/lib/python3.10/dist-packages/auto_aim_interfaces'...
[0.597s] Listing '/home/xinzhu/sentry_ws/install/auto_aim_interfaces/local/lib/python3.10/dist-packages/auto_aim_interfaces/msg'...
[0.598s] Listing '/home/xinzhu/sentry_ws/install/auto_aim_interfaces/local/lib/python3.10/dist-packages/auto_aim_interfaces/srv'...
[0.599s] -- Up-to-date: /home/xinzhu/sentry_ws/install/auto_aim_interfaces/lib/libauto_aim_interfaces__rosidl_generator_py.so
[0.599s] -- Up-to-date: /home/xinzhu/sentry_ws/install/auto_aim_interfaces/share/auto_aim_interfaces/cmake/export_auto_aim_interfaces__rosidl_generator_cExport.cmake
[0.599s] -- Up-to-date: /home/xinzhu/sentry_ws/install/auto_aim_interfaces/share/auto_aim_interfaces/cmake/export_auto_aim_interfaces__rosidl_generator_cExport-release.cmake
[0.600s] -- Up-to-date: /home/xinzhu/sentry_ws/install/auto_aim_interfaces/share/auto_aim_interfaces/cmake/export_auto_aim_interfaces__rosidl_typesupport_fastrtps_cExport.cmake
[0.600s] -- Up-to-date: /home/xinzhu/sentry_ws/install/auto_aim_interfaces/share/auto_aim_interfaces/cmake/export_auto_aim_interfaces__rosidl_typesupport_fastrtps_cExport-release.cmake
[0.600s] -- Up-to-date: /home/xinzhu/sentry_ws/install/auto_aim_interfaces/share/auto_aim_interfaces/cmake/auto_aim_interfaces__rosidl_typesupport_introspection_cExport.cmake
[0.600s] -- Up-to-date: /home/xinzhu/sentry_ws/install/auto_aim_interfaces/share/auto_aim_interfaces/cmake/auto_aim_interfaces__rosidl_typesupport_introspection_cExport-release.cmake
[0.600s] -- Up-to-date: /home/xinzhu/sentry_ws/install/auto_aim_interfaces/share/auto_aim_interfaces/cmake/auto_aim_interfaces__rosidl_typesupport_cExport.cmake
[0.600s] -- Up-to-date: /home/xinzhu/sentry_ws/install/auto_aim_interfaces/share/auto_aim_interfaces/cmake/auto_aim_interfaces__rosidl_typesupport_cExport-release.cmake
[0.601s] -- Up-to-date: /home/xinzhu/sentry_ws/install/auto_aim_interfaces/share/auto_aim_interfaces/cmake/export_auto_aim_interfaces__rosidl_generator_cppExport.cmake
[0.601s] -- Up-to-date: /home/xinzhu/sentry_ws/install/auto_aim_interfaces/share/auto_aim_interfaces/cmake/export_auto_aim_interfaces__rosidl_typesupport_fastrtps_cppExport.cmake
[0.601s] -- Up-to-date: /home/xinzhu/sentry_ws/install/auto_aim_interfaces/share/auto_aim_interfaces/cmake/export_auto_aim_interfaces__rosidl_typesupport_fastrtps_cppExport-release.cmake
[0.601s] -- Up-to-date: /home/xinzhu/sentry_ws/install/auto_aim_interfaces/share/auto_aim_interfaces/cmake/auto_aim_interfaces__rosidl_typesupport_introspection_cppExport.cmake
[0.601s] -- Up-to-date: /home/xinzhu/sentry_ws/install/auto_aim_interfaces/share/auto_aim_interfaces/cmake/auto_aim_interfaces__rosidl_typesupport_introspection_cppExport-release.cmake
[0.601s] -- Up-to-date: /home/xinzhu/sentry_ws/install/auto_aim_interfaces/share/auto_aim_interfaces/cmake/auto_aim_interfaces__rosidl_typesupport_cppExport.cmake
[0.601s] -- Up-to-date: /home/xinzhu/sentry_ws/install/auto_aim_interfaces/share/auto_aim_interfaces/cmake/auto_aim_interfaces__rosidl_typesupport_cppExport-release.cmake
[0.601s] -- Up-to-date: /home/xinzhu/sentry_ws/install/auto_aim_interfaces/share/auto_aim_interfaces/cmake/export_auto_aim_interfaces__rosidl_generator_pyExport.cmake
[0.601s] -- Up-to-date: /home/xinzhu/sentry_ws/install/auto_aim_interfaces/share/auto_aim_interfaces/cmake/export_auto_aim_interfaces__rosidl_generator_pyExport-release.cmake
[0.727s] Invoked command in '/home/xinzhu/sentry_ws/build/auto_aim_interfaces' returned '0': CMAKE_PREFIX_PATH=${CMAKE_PREFIX_PATH}:/home/xinzhu/Desktop/sentry_ws/install/control_panel:/opt/ros/humble PS1=%F{green}%n@%m%f%F{white}:%f%F{blue}%~%f%F{white}$%f /usr/local/bin/cmake --install /home/xinzhu/sentry_ws/build/auto_aim_interfaces
