-- Found ament_cmake: 1.3.13 (/opt/ros/humble/share/ament_cmake/cmake)
-- Override CMake install command with custom implementation using symlinks instead of copying resources
-- Found rclcpp: 16.0.18 (/opt/ros/humble/share/rclcpp/cmake)
-- Found rosidl_generator_c: 3.1.8 (/opt/ros/humble/share/rosidl_generator_c/cmake)
-- Found rosidl_adapter: 3.1.8 (/opt/ros/humble/share/rosidl_adapter/cmake)
-- Found rosidl_generator_cpp: 3.1.8 (/opt/ros/humble/share/rosidl_generator_cpp/cmake)
-- Using all available rosidl_typesupport_c: rosidl_typesupport_fastrtps_c;rosidl_typesupport_introspection_c
-- Using all available rosidl_typesupport_cpp: rosidl_typesupport_fastrtps_cpp;rosidl_typesupport_introspection_cpp
-- Found rmw_implementation_cmake: 6.1.2 (/opt/ros/humble/share/rmw_implementation_cmake/cmake)
-- Found rmw_fastrtps_cpp: 6.2.10 (/opt/ros/humble/share/rmw_fastrtps_cpp/cmake)
-- Using RMW implementation 'rmw_fastrtps_cpp' as default
-- Found rclcpp_action: 16.0.18 (/opt/ros/humble/share/rclcpp_action/cmake)
-- Found rclcpp_lifecycle: 16.0.18 (/opt/ros/humble/share/rclcpp_lifecycle/cmake)
-- Found visualization_msgs: 4.9.1 (/opt/ros/humble/share/visualization_msgs/cmake)
-- Found nav2_util: 1.1.20 (/opt/ros/humble/share/nav2_util/cmake)
-- Found eigen3_cmake_module: 0.1.1 (/opt/ros/humble/share/eigen3_cmake_module/cmake)
-- Ensuring Eigen3 include directory is part of orocos-kdl CMake target
-- Found nav2_costmap_2d: 1.1.20 (/opt/ros/humble/share/nav2_costmap_2d/cmake)
-- Found nav2_core: 1.1.20 (/opt/ros/humble/share/nav2_core/cmake)
-- Found nav2_behaviors: 1.1.20 (/opt/ros/humble/share/nav2_behaviors/cmake)
-- Found rosidl_default_generators: 1.2.0 (/opt/ros/humble/share/rosidl_default_generators/cmake)
-- Found ament_lint_auto: 0.12.15 (/opt/ros/humble/share/ament_lint_auto/cmake)
-- Added test 'copyright' to check source files copyright and LICENSE
-- Added test 'cppcheck' to perform static code analysis on C / C++ code
-- Configured cppcheck include dirs: /home/xinzhu/sentry_ws/src/nav2_plugins/behavior_ext_plugins/include
-- Configured cppcheck exclude dirs and/or files: 
-- Added test 'cpplint' to check C / C++ code against the Google style
-- Configured cpplint exclude dirs and/or files: 
-- Added test 'lint_cmake' to check CMake code style
-- Added test 'uncrustify' to check C / C++ code style
-- Configured uncrustify additional arguments: 
-- Added test 'xmllint' to check XML markup files
-- Configuring done (2.0s)
-- Generating done (0.2s)
-- Build files have been written to: /home/xinzhu/sentry_ws/build/behavior_ext_plugins
[100%] Built target behavior_ext_plugins_lib
-- Install configuration: "Release"
-- Execute custom install script
-- Up-to-date symlink: /home/xinzhu/sentry_ws/install/behavior_ext_plugins/share/behavior_ext_plugins//behavior_ext_plugins.xml
-- Up-to-date symlink: /home/xinzhu/sentry_ws/install/behavior_ext_plugins/lib/libbehavior_ext_plugins_lib.so
-- Up-to-date symlink: /home/xinzhu/sentry_ws/install/behavior_ext_plugins/include//behavior_ext_plugins/back_up_twz_free_action.hpp
-- Up-to-date symlink: /home/xinzhu/sentry_ws/install/behavior_ext_plugins/share/behavior_ext_plugins/behavior_ext_plugins.xml
-- Up-to-date symlink: /home/xinzhu/sentry_ws/install/behavior_ext_plugins/share/behavior_ext_plugins/environment/library_path.sh
-- Up-to-date symlink: /home/xinzhu/sentry_ws/install/behavior_ext_plugins/share/behavior_ext_plugins/environment/library_path.dsv
-- Up-to-date symlink: /home/xinzhu/sentry_ws/install/behavior_ext_plugins/share/ament_index/resource_index/package_run_dependencies/behavior_ext_plugins
-- Up-to-date symlink: /home/xinzhu/sentry_ws/install/behavior_ext_plugins/share/ament_index/resource_index/parent_prefix_path/behavior_ext_plugins
-- Up-to-date symlink: /home/xinzhu/sentry_ws/install/behavior_ext_plugins/share/behavior_ext_plugins/environment/ament_prefix_path.sh
-- Up-to-date symlink: /home/xinzhu/sentry_ws/install/behavior_ext_plugins/share/behavior_ext_plugins/environment/ament_prefix_path.dsv
-- Up-to-date symlink: /home/xinzhu/sentry_ws/install/behavior_ext_plugins/share/behavior_ext_plugins/environment/path.sh
-- Up-to-date symlink: /home/xinzhu/sentry_ws/install/behavior_ext_plugins/share/behavior_ext_plugins/environment/path.dsv
-- Up-to-date symlink: /home/xinzhu/sentry_ws/install/behavior_ext_plugins/share/behavior_ext_plugins/local_setup.bash
-- Up-to-date symlink: /home/xinzhu/sentry_ws/install/behavior_ext_plugins/share/behavior_ext_plugins/local_setup.sh
-- Up-to-date symlink: /home/xinzhu/sentry_ws/install/behavior_ext_plugins/share/behavior_ext_plugins/local_setup.zsh
-- Up-to-date symlink: /home/xinzhu/sentry_ws/install/behavior_ext_plugins/share/behavior_ext_plugins/local_setup.dsv
-- Symlinking: /home/xinzhu/sentry_ws/install/behavior_ext_plugins/share/behavior_ext_plugins/package.dsv
-- Up-to-date symlink: /home/xinzhu/sentry_ws/install/behavior_ext_plugins/share/ament_index/resource_index/packages/behavior_ext_plugins
-- Up-to-date symlink: /home/xinzhu/sentry_ws/install/behavior_ext_plugins/share/ament_index/resource_index/nav2_core__pluginlib__plugin/behavior_ext_plugins
-- Up-to-date symlink: /home/xinzhu/sentry_ws/install/behavior_ext_plugins/share/behavior_ext_plugins/cmake/ament_cmake_export_dependencies-extras.cmake
-- Up-to-date symlink: /home/xinzhu/sentry_ws/install/behavior_ext_plugins/share/behavior_ext_plugins/cmake/ament_cmake_export_include_directories-extras.cmake
-- Up-to-date symlink: /home/xinzhu/sentry_ws/install/behavior_ext_plugins/share/behavior_ext_plugins/cmake/ament_cmake_export_libraries-extras.cmake
-- Up-to-date symlink: /home/xinzhu/sentry_ws/install/behavior_ext_plugins/share/behavior_ext_plugins/cmake/behavior_ext_pluginsConfig.cmake
-- Up-to-date symlink: /home/xinzhu/sentry_ws/install/behavior_ext_plugins/share/behavior_ext_plugins/cmake/behavior_ext_pluginsConfig-version.cmake
-- Up-to-date symlink: /home/xinzhu/sentry_ws/install/behavior_ext_plugins/share/behavior_ext_plugins/package.xml
