[0.051s] Invoking command in '/home/xinzhu/sentry_ws/build/behavior_ext_plugins': CMAKE_PREFIX_PATH=${CMAKE_PREFIX_PATH}:/home/xinzhu/Desktop/sentry_ws/install/control_panel:/opt/ros/humble PS1=%F{green}%n@%m%f%F{white}:%f%F{blue}%~%f%F{white}$%f /usr/local/bin/cmake /home/xinzhu/sentry_ws/src/nav2_plugins/behavior_ext_plugins -DAMENT_CMAKE_SYMLINK_INSTALL=1 -DCMAKE_INSTALL_PREFIX=/home/xinzhu/sentry_ws/install/behavior_ext_plugins
[0.269s] -- Found ament_cmake: 1.3.13 (/opt/ros/humble/share/ament_cmake/cmake)
[0.269s] -- Override CMake install command with custom implementation using symlinks instead of copying resources
[0.269s] -- Found rclcpp: 16.0.18 (/opt/ros/humble/share/rclcpp/cmake)
[0.269s] [0mCMake Deprecation Warning at CMakeLists.txt:1 (cmake_minimum_required):
[0.269s]   Compatibility with CMake < 3.10 will be removed from a future version of
[0.269s]   CMake.
[0.270s] 
[0.270s]   Update the VERSION argument <min> value.  Or, use the <min>...<max> syntax
[0.270s]   to tell CMake that the project requires at least <min> but has been updated
[0.270s]   to work with policies introduced by <max> or earlier.
[0.270s] 
[0.270s] [0m
[0.273s] -- Found rosidl_generator_c: 3.1.8 (/opt/ros/humble/share/rosidl_generator_c/cmake)
[0.273s] -- Found rosidl_adapter: 3.1.8 (/opt/ros/humble/share/rosidl_adapter/cmake)
[0.277s] -- Found rosidl_generator_cpp: 3.1.8 (/opt/ros/humble/share/rosidl_generator_cpp/cmake)
[0.291s] -- Using all available rosidl_typesupport_c: rosidl_typesupport_fastrtps_c;rosidl_typesupport_introspection_c
[0.310s] -- Using all available rosidl_typesupport_cpp: rosidl_typesupport_fastrtps_cpp;rosidl_typesupport_introspection_cpp
[0.358s] -- Found rmw_implementation_cmake: 6.1.2 (/opt/ros/humble/share/rmw_implementation_cmake/cmake)
[0.361s] -- Found rmw_fastrtps_cpp: 6.2.10 (/opt/ros/humble/share/rmw_fastrtps_cpp/cmake)
[0.505s] -- Using RMW implementation 'rmw_fastrtps_cpp' as default
[0.612s] -- Found rclcpp_action: 16.0.18 (/opt/ros/humble/share/rclcpp_action/cmake)
[0.692s] -- Found rclcpp_lifecycle: 16.0.18 (/opt/ros/humble/share/rclcpp_lifecycle/cmake)
[0.734s] -- Found visualization_msgs: 4.9.1 (/opt/ros/humble/share/visualization_msgs/cmake)
[0.846s] -- Found nav2_util: 1.1.20 (/opt/ros/humble/share/nav2_util/cmake)
[0.993s] -- Found eigen3_cmake_module: 0.1.1 (/opt/ros/humble/share/eigen3_cmake_module/cmake)
[0.995s] -- Ensuring Eigen3 include directory is part of orocos-kdl CMake target
[1.065s] -- Found nav2_costmap_2d: 1.1.20 (/opt/ros/humble/share/nav2_costmap_2d/cmake)
[1.168s] -- Found nav2_core: 1.1.20 (/opt/ros/humble/share/nav2_core/cmake)
[1.191s] -- Found nav2_behaviors: 1.1.20 (/opt/ros/humble/share/nav2_behaviors/cmake)
[1.272s] -- Found rosidl_default_generators: 1.2.0 (/opt/ros/humble/share/rosidl_default_generators/cmake)
[1.965s] -- Found ament_lint_auto: 0.12.15 (/opt/ros/humble/share/ament_lint_auto/cmake)
[2.040s] -- Added test 'copyright' to check source files copyright and LICENSE
[2.041s] -- Added test 'cppcheck' to perform static code analysis on C / C++ code
[2.041s] -- Configured cppcheck include dirs: /home/xinzhu/sentry_ws/src/nav2_plugins/behavior_ext_plugins/include
[2.041s] -- Configured cppcheck exclude dirs and/or files: 
[2.042s] -- Added test 'cpplint' to check C / C++ code against the Google style
[2.042s] -- Configured cpplint exclude dirs and/or files: 
[2.042s] -- Added test 'lint_cmake' to check CMake code style
[2.042s] -- Added test 'uncrustify' to check C / C++ code style
[2.043s] -- Configured uncrustify additional arguments: 
[2.043s] -- Added test 'xmllint' to check XML markup files
[2.046s] -- Configuring done (2.0s)
[2.213s] -- Generating done (0.2s)
[2.218s] -- Build files have been written to: /home/xinzhu/sentry_ws/build/behavior_ext_plugins
[2.228s] Invoked command in '/home/xinzhu/sentry_ws/build/behavior_ext_plugins' returned '0': CMAKE_PREFIX_PATH=${CMAKE_PREFIX_PATH}:/home/xinzhu/Desktop/sentry_ws/install/control_panel:/opt/ros/humble PS1=%F{green}%n@%m%f%F{white}:%f%F{blue}%~%f%F{white}$%f /usr/local/bin/cmake /home/xinzhu/sentry_ws/src/nav2_plugins/behavior_ext_plugins -DAMENT_CMAKE_SYMLINK_INSTALL=1 -DCMAKE_INSTALL_PREFIX=/home/xinzhu/sentry_ws/install/behavior_ext_plugins
[2.230s] Invoking command in '/home/xinzhu/sentry_ws/build/behavior_ext_plugins': CMAKE_PREFIX_PATH=${CMAKE_PREFIX_PATH}:/home/xinzhu/Desktop/sentry_ws/install/control_panel:/opt/ros/humble PS1=%F{green}%n@%m%f%F{white}:%f%F{blue}%~%f%F{white}$%f /usr/local/bin/cmake --build /home/xinzhu/sentry_ws/build/behavior_ext_plugins -- -j16 -l16
[2.278s] [100%] Built target behavior_ext_plugins_lib
[2.282s] Invoked command in '/home/xinzhu/sentry_ws/build/behavior_ext_plugins' returned '0': CMAKE_PREFIX_PATH=${CMAKE_PREFIX_PATH}:/home/xinzhu/Desktop/sentry_ws/install/control_panel:/opt/ros/humble PS1=%F{green}%n@%m%f%F{white}:%f%F{blue}%~%f%F{white}$%f /usr/local/bin/cmake --build /home/xinzhu/sentry_ws/build/behavior_ext_plugins -- -j16 -l16
[2.284s] Invoking command in '/home/xinzhu/sentry_ws/build/behavior_ext_plugins': CMAKE_PREFIX_PATH=${CMAKE_PREFIX_PATH}:/home/xinzhu/Desktop/sentry_ws/install/control_panel:/opt/ros/humble PS1=%F{green}%n@%m%f%F{white}:%f%F{blue}%~%f%F{white}$%f /usr/local/bin/cmake --install /home/xinzhu/sentry_ws/build/behavior_ext_plugins
[2.287s] -- Install configuration: "Release"
[2.288s] -- Execute custom install script
[2.288s] -- Up-to-date symlink: /home/xinzhu/sentry_ws/install/behavior_ext_plugins/share/behavior_ext_plugins//behavior_ext_plugins.xml
[2.289s] -- Up-to-date symlink: /home/xinzhu/sentry_ws/install/behavior_ext_plugins/lib/libbehavior_ext_plugins_lib.so
[2.290s] -- Up-to-date symlink: /home/xinzhu/sentry_ws/install/behavior_ext_plugins/include//behavior_ext_plugins/back_up_twz_free_action.hpp
[2.290s] -- Up-to-date symlink: /home/xinzhu/sentry_ws/install/behavior_ext_plugins/share/behavior_ext_plugins/behavior_ext_plugins.xml
[2.290s] -- Up-to-date symlink: /home/xinzhu/sentry_ws/install/behavior_ext_plugins/share/behavior_ext_plugins/environment/library_path.sh
[2.291s] -- Up-to-date symlink: /home/xinzhu/sentry_ws/install/behavior_ext_plugins/share/behavior_ext_plugins/environment/library_path.dsv
[2.291s] -- Up-to-date symlink: /home/xinzhu/sentry_ws/install/behavior_ext_plugins/share/ament_index/resource_index/package_run_dependencies/behavior_ext_plugins
[2.294s] -- Up-to-date symlink: /home/xinzhu/sentry_ws/install/behavior_ext_plugins/share/ament_index/resource_index/parent_prefix_path/behavior_ext_plugins
[2.294s] -- Up-to-date symlink: /home/xinzhu/sentry_ws/install/behavior_ext_plugins/share/behavior_ext_plugins/environment/ament_prefix_path.sh
[2.294s] -- Up-to-date symlink: /home/xinzhu/sentry_ws/install/behavior_ext_plugins/share/behavior_ext_plugins/environment/ament_prefix_path.dsv
[2.295s] -- Up-to-date symlink: /home/xinzhu/sentry_ws/install/behavior_ext_plugins/share/behavior_ext_plugins/environment/path.sh
[2.295s] -- Up-to-date symlink: /home/xinzhu/sentry_ws/install/behavior_ext_plugins/share/behavior_ext_plugins/environment/path.dsv
[2.296s] -- Up-to-date symlink: /home/xinzhu/sentry_ws/install/behavior_ext_plugins/share/behavior_ext_plugins/local_setup.bash
[2.296s] -- Up-to-date symlink: /home/xinzhu/sentry_ws/install/behavior_ext_plugins/share/behavior_ext_plugins/local_setup.sh
[2.300s] -- Up-to-date symlink: /home/xinzhu/sentry_ws/install/behavior_ext_plugins/share/behavior_ext_plugins/local_setup.zsh
[2.300s] -- Up-to-date symlink: /home/xinzhu/sentry_ws/install/behavior_ext_plugins/share/behavior_ext_plugins/local_setup.dsv
[2.301s] -- Symlinking: /home/xinzhu/sentry_ws/install/behavior_ext_plugins/share/behavior_ext_plugins/package.dsv
[2.305s] -- Up-to-date symlink: /home/xinzhu/sentry_ws/install/behavior_ext_plugins/share/ament_index/resource_index/packages/behavior_ext_plugins
[2.306s] -- Up-to-date symlink: /home/xinzhu/sentry_ws/install/behavior_ext_plugins/share/ament_index/resource_index/nav2_core__pluginlib__plugin/behavior_ext_plugins
[2.306s] -- Up-to-date symlink: /home/xinzhu/sentry_ws/install/behavior_ext_plugins/share/behavior_ext_plugins/cmake/ament_cmake_export_dependencies-extras.cmake
[2.306s] -- Up-to-date symlink: /home/xinzhu/sentry_ws/install/behavior_ext_plugins/share/behavior_ext_plugins/cmake/ament_cmake_export_include_directories-extras.cmake
[2.307s] -- Up-to-date symlink: /home/xinzhu/sentry_ws/install/behavior_ext_plugins/share/behavior_ext_plugins/cmake/ament_cmake_export_libraries-extras.cmake
[2.307s] -- Up-to-date symlink: /home/xinzhu/sentry_ws/install/behavior_ext_plugins/share/behavior_ext_plugins/cmake/behavior_ext_pluginsConfig.cmake
[2.307s] -- Up-to-date symlink: /home/xinzhu/sentry_ws/install/behavior_ext_plugins/share/behavior_ext_plugins/cmake/behavior_ext_pluginsConfig-version.cmake
[2.308s] -- Up-to-date symlink: /home/xinzhu/sentry_ws/install/behavior_ext_plugins/share/behavior_ext_plugins/package.xml
[2.311s] Invoked command in '/home/xinzhu/sentry_ws/build/behavior_ext_plugins' returned '0': CMAKE_PREFIX_PATH=${CMAKE_PREFIX_PATH}:/home/xinzhu/Desktop/sentry_ws/install/control_panel:/opt/ros/humble PS1=%F{green}%n@%m%f%F{white}:%f%F{blue}%~%f%F{white}$%f /usr/local/bin/cmake --install /home/xinzhu/sentry_ws/build/behavior_ext_plugins
