-- The C compiler identification is GNU 11.4.0
-- The CXX compiler identification is GNU 11.4.0
-- Detecting C compiler ABI info
-- Detecting C compiler ABI info - done
-- Check for working C compiler: /usr/bin/cc - skipped
-- Detecting C compile features
-- Detecting C compile features - done
-- Detecting CXX compiler ABI info
-- Detecting CXX compiler ABI info - done
-- Check for working CXX compiler: /usr/bin/c++ - skipped
-- Detecting CXX compile features
-- Detecting CXX compile features - done
-- Found ament_cmake: 1.3.13 (/opt/ros/humble/share/ament_cmake/cmake)
-- Found Python3: /usr/bin/python3 (found version "3.10.12") found components: Interpreter
-- Override CMake install command with custom implementation using symlinks instead of copying resources
-- Found rclcpp: 16.0.18 (/opt/ros/humble/share/rclcpp/cmake)
-- Found rosidl_generator_c: 3.1.8 (/opt/ros/humble/share/rosidl_generator_c/cmake)
-- Found rosidl_adapter: 3.1.8 (/opt/ros/humble/share/rosidl_adapter/cmake)
-- Found rosidl_generator_cpp: 3.1.8 (/opt/ros/humble/share/rosidl_generator_cpp/cmake)
-- Using all available rosidl_typesupport_c: rosidl_typesupport_fastrtps_c;rosidl_typesupport_introspection_c
-- Using all available rosidl_typesupport_cpp: rosidl_typesupport_fastrtps_cpp;rosidl_typesupport_introspection_cpp
-- Found rmw_implementation_cmake: 6.1.2 (/opt/ros/humble/share/rmw_implementation_cmake/cmake)
-- Found rmw_fastrtps_cpp: 6.2.10 (/opt/ros/humble/share/rmw_fastrtps_cpp/cmake)
-- Found OpenSSL: /usr/lib/x86_64-linux-gnu/libcrypto.so (found version "3.0.2")
-- Found FastRTPS: /opt/ros/humble/include
-- Using RMW implementation 'rmw_fastrtps_cpp' as default
-- Performing Test CMAKE_HAVE_LIBC_PTHREAD
-- Performing Test CMAKE_HAVE_LIBC_PTHREAD - Success
-- Found Threads: TRUE
-- Found auto_aim_interfaces: 0.0.0 (/home/xinzhu/sentry_ws/install/auto_aim_interfaces/share/auto_aim_interfaces/cmake)
-- Found rm_interfaces: 0.0.1 (/home/xinzhu/sentry_ws/install/rm_interfaces/share/rm_interfaces/cmake)
-- Found rclcpp_components: 16.0.18 (/opt/ros/humble/share/rclcpp_components/cmake)
-- Found nav2_msgs: 1.1.20 (/opt/ros/humble/share/nav2_msgs/cmake)
-- Found nav2_util: 1.1.20 (/opt/ros/humble/share/nav2_util/cmake)
-- Found eigen3_cmake_module: 0.1.1 (/opt/ros/humble/share/eigen3_cmake_module/cmake)
-- Found Eigen3: TRUE (found version "3.4.0")
-- Ensuring Eigen3 include directory is part of orocos-kdl CMake target
-- Found behaviortree_cpp: 4.5.1 (/home/xinzhu/sentry_ws/install/behaviortree_cpp/share/behaviortree_cpp/cmake)
-- Found sensor_msgs: 4.9.1 (/opt/ros/humble/share/sensor_msgs/cmake)
-- Found visualization_msgs: 4.9.1 (/opt/ros/humble/share/visualization_msgs/cmake)
-- Found pcl_conversions: 2.4.5 (/opt/ros/humble/share/pcl_conversions/cmake)
-- Checking for module 'eigen3'
--   Found eigen3, version 3.4.0
-- Found Eigen: /usr/include/eigen3 (Required is at least version "3.1")
-- Eigen found (include: /usr/include/eigen3, version: 3.4.0)
-- Checking for module 'flann'
--   Found flann, version 1.9.1
-- Found FLANN: /usr/lib/x86_64-linux-gnu/libflann_cpp.so
-- FLANN found (include: /usr/include, lib: /usr/lib/x86_64-linux-gnu/libflann_cpp.so)
-- Checking for module 'libusb-1.0'
--   Found libusb-1.0, version 1.0.25
-- Found libusb: /usr/lib/x86_64-linux-gnu/libusb-1.0.so
-- OpenNI found (version: 1.5.4.0, include: /usr/include/ni, lib: /usr/lib/libOpenNI.so;libusb::libusb)
-- OpenNI2 found (version: 2.2.0.33, include: /usr/include/openni2, lib: /usr/lib/x86_64-linux-gnu/libOpenNI2.so;libusb::libusb)
-- Eigen found (include: /usr/include/eigen3, version: 3.4.0)
-- OpenNI found (version: 1.5.4.0, include: /usr/include/ni, lib: /usr/lib/libOpenNI.so;libusb::libusb)
-- OpenNI2 found (version: 2.2.0.33, include: /usr/include/openni2, lib: /usr/lib/x86_64-linux-gnu/libOpenNI2.so;libusb::libusb)
-- Found Qhull version 8.0.2
-- OpenNI found (version: 1.5.4.0, include: /usr/include/ni, lib: /usr/lib/libOpenNI.so;libusb::libusb)
-- Found PCL_COMMON: /usr/lib/x86_64-linux-gnu/libpcl_common.so
-- Found PCL_KDTREE: /usr/lib/x86_64-linux-gnu/libpcl_kdtree.so
-- Found PCL_OCTREE: /usr/lib/x86_64-linux-gnu/libpcl_octree.so
-- Found PCL_SEARCH: /usr/lib/x86_64-linux-gnu/libpcl_search.so
-- Found PCL_SAMPLE_CONSENSUS: /usr/lib/x86_64-linux-gnu/libpcl_sample_consensus.so
-- Found PCL_FILTERS: /usr/lib/x86_64-linux-gnu/libpcl_filters.so
-- Found PCL_2D: /usr/include/pcl-1.12
-- Found PCL_GEOMETRY: /usr/include/pcl-1.12
-- Found PCL_IO: /usr/lib/x86_64-linux-gnu/libpcl_io.so
-- Found PCL_FEATURES: /usr/lib/x86_64-linux-gnu/libpcl_features.so
-- Found PCL_ML: /usr/lib/x86_64-linux-gnu/libpcl_ml.so
-- Found PCL_SEGMENTATION: /usr/lib/x86_64-linux-gnu/libpcl_segmentation.so
-- Found PCL_VISUALIZATION: /usr/lib/x86_64-linux-gnu/libpcl_visualization.so
-- Found PCL_SURFACE: /usr/lib/x86_64-linux-gnu/libpcl_surface.so
-- Found PCL_REGISTRATION: /usr/lib/x86_64-linux-gnu/libpcl_registration.so
-- Found PCL_KEYPOINTS: /usr/lib/x86_64-linux-gnu/libpcl_keypoints.so
-- Found PCL_TRACKING: /usr/lib/x86_64-linux-gnu/libpcl_tracking.so
-- Found PCL_RECOGNITION: /usr/lib/x86_64-linux-gnu/libpcl_recognition.so
-- Found PCL_STEREO: /usr/lib/x86_64-linux-gnu/libpcl_stereo.so
-- Found PCL_APPS: /usr/lib/x86_64-linux-gnu/libpcl_apps.so
-- Found PCL_IN_HAND_SCANNER: /usr/include/pcl-1.12
-- Found PCL_MODELER: /usr/include/pcl-1.12
-- Found PCL_POINT_CLOUD_EDITOR: /usr/include/pcl-1.12
-- Found PCL_OUTOFCORE: /usr/lib/x86_64-linux-gnu/libpcl_outofcore.so
-- Found PCL_PEOPLE: /usr/lib/x86_64-linux-gnu/libpcl_people.so
-- Found pcl_ros: 2.4.5 (/opt/ros/humble/share/pcl_ros/cmake)
-- Configuring done (2.8s)
-- Generating done (0.1s)
-- Build files have been written to: /home/xinzhu/sentry_ws/build/rm_decision_cpp
[  7%] [32mBuilding CXX object CMakeFiles/tree_exec_node.dir/src/custume_types.cpp.o[0m
[  7%] [32mBuilding CXX object CMakeFiles/rm_decision_cpp.dir/src/custume_types.cpp.o[0m
[ 14%] [32mBuilding CXX object CMakeFiles/tree_exec_node.dir/src/behaviors/attack.cpp.o[0m
[ 14%] [32mBuilding CXX object CMakeFiles/tree_exec_node.dir/src/behaviors/nav2pose.cpp.o[0m
[ 22%] [32mBuilding CXX object CMakeFiles/rm_decision_cpp.dir/src/behaviors/attack.cpp.o[0m
[ 22%] [32mBuilding CXX object CMakeFiles/tree_exec_node.dir/src/tree_exec_node.cpp.o[0m
[ 25%] [32mBuilding CXX object CMakeFiles/rm_decision_cpp.dir/src/behaviors/anti_autoaim.cpp.o[0m
[ 33%] [32mBuilding CXX object CMakeFiles/rm_decision_cpp.dir/src/behaviors/nav2pose.cpp.o[0m
[ 33%] [32mBuilding CXX object CMakeFiles/tree_exec_node.dir/src/behaviors/anti_autoaim.cpp.o[0m
[ 44%] [32mBuilding CXX object CMakeFiles/tree_exec_node.dir/src/behaviors/spin.cpp.o[0m
[ 44%] [32mBuilding CXX object CMakeFiles/tree_exec_node.dir/src/behaviors/topics2blackboard.cpp.o[0m
[ 44%] [32mBuilding CXX object CMakeFiles/rm_decision_cpp.dir/src/behaviors/spin.cpp.o[0m
[ 51%] [32mBuilding CXX object CMakeFiles/rm_decision_cpp.dir/src/behaviors/topics2blackboard.cpp.o[0m
[ 51%] [32mBuilding CXX object CMakeFiles/rm_decision_cpp.dir/src/behaviors/sentry_cmd.cpp.o[0m
[ 55%] [32mBuilding CXX object CMakeFiles/tree_exec_node.dir/src/behaviors/control_gimbal.cpp.o[0m
[ 59%] [32mBuilding CXX object CMakeFiles/tree_exec_node.dir/src/behaviors/sentry_cmd.cpp.o[0m
[ 62%] [32mBuilding CXX object CMakeFiles/tree_exec_node.dir/src/behaviors/align_chassis.cpp.o[0m
[ 66%] [32mBuilding CXX object CMakeFiles/rm_decision_cpp.dir/src/behaviors/control_gimbal.cpp.o[0m
[ 74%] [32mBuilding CXX object CMakeFiles/rm_decision_cpp.dir/src/behaviors/mode_publisher.cpp.o[0m
[ 74%] [32mBuilding CXX object CMakeFiles/rm_decision_cpp.dir/src/behaviors/chassis_type.cpp.o[0m
[ 77%] [32mBuilding CXX object CMakeFiles/rm_decision_cpp.dir/src/behaviors/is_in_position.cpp.o[0m
[ 81%] [32mBuilding CXX object CMakeFiles/rm_decision_cpp.dir/src/behaviors/align_chassis.cpp.o[0m
[ 85%] [32mBuilding CXX object CMakeFiles/tree_exec_node.dir/src/behaviors/is_in_position.cpp.o[0m
[ 88%] [32mBuilding CXX object CMakeFiles/tree_exec_node.dir/src/behaviors/mode_publisher.cpp.o[0m
[ 92%] [32mBuilding CXX object CMakeFiles/tree_exec_node.dir/src/behaviors/chassis_type.cpp.o[0m
[ 96%] [32m[1mLinking CXX shared library librm_decision_cpp.so[0m
[100%] [32m[1mLinking CXX executable tree_exec_node[0m
[100%] Built target rm_decision_cpp
[100%] Built target tree_exec_node
-- Install configuration: "Release"
-- Execute custom install script
-- Symlinking: /home/xinzhu/sentry_ws/install/rm_decision_cpp/lib/librm_decision_cpp.so
-- Symlinking: /home/xinzhu/sentry_ws/install/rm_decision_cpp/lib/rm_decision_cpp/tree_exec_node
-- Symlinking: /home/xinzhu/sentry_ws/install/rm_decision_cpp/share/rm_decision_cpp/launch/run.launch.py
-- Symlinking: /home/xinzhu/sentry_ws/install/rm_decision_cpp/share/rm_decision_cpp/config/node_params.yaml
-- Symlinking: /home/xinzhu/sentry_ws/install/rm_decision_cpp/include/rm_decision_cpp/behaviors/align_chassis.hpp
-- Symlinking: /home/xinzhu/sentry_ws/install/rm_decision_cpp/include/rm_decision_cpp/behaviors/anti_autoaim.hpp
-- Symlinking: /home/xinzhu/sentry_ws/install/rm_decision_cpp/include/rm_decision_cpp/behaviors/attack.hpp
-- Symlinking: /home/xinzhu/sentry_ws/install/rm_decision_cpp/include/rm_decision_cpp/behaviors/chassis_type.hpp
-- Symlinking: /home/xinzhu/sentry_ws/install/rm_decision_cpp/include/rm_decision_cpp/behaviors/control_gimbal.hpp
-- Symlinking: /home/xinzhu/sentry_ws/install/rm_decision_cpp/include/rm_decision_cpp/behaviors/is_in_position.hpp
-- Symlinking: /home/xinzhu/sentry_ws/install/rm_decision_cpp/include/rm_decision_cpp/behaviors/mode_publisher.hpp
-- Symlinking: /home/xinzhu/sentry_ws/install/rm_decision_cpp/include/rm_decision_cpp/behaviors/nav2pose.hpp
-- Symlinking: /home/xinzhu/sentry_ws/install/rm_decision_cpp/include/rm_decision_cpp/behaviors/sentry_cmd.hpp
-- Symlinking: /home/xinzhu/sentry_ws/install/rm_decision_cpp/include/rm_decision_cpp/behaviors/spin.hpp
-- Symlinking: /home/xinzhu/sentry_ws/install/rm_decision_cpp/include/rm_decision_cpp/behaviors/topics2blackboard.hpp
-- Symlinking: /home/xinzhu/sentry_ws/install/rm_decision_cpp/include/rm_decision_cpp/custume_types.hpp
-- Symlinking: /home/xinzhu/sentry_ws/install/rm_decision_cpp/share/ament_index/resource_index/package_run_dependencies/rm_decision_cpp
-- Symlinking: /home/xinzhu/sentry_ws/install/rm_decision_cpp/share/ament_index/resource_index/parent_prefix_path/rm_decision_cpp
-- Symlinking: /home/xinzhu/sentry_ws/install/rm_decision_cpp/share/rm_decision_cpp/environment/ament_prefix_path.sh
-- Symlinking: /home/xinzhu/sentry_ws/install/rm_decision_cpp/share/rm_decision_cpp/environment/ament_prefix_path.dsv
-- Symlinking: /home/xinzhu/sentry_ws/install/rm_decision_cpp/share/rm_decision_cpp/environment/path.sh
-- Symlinking: /home/xinzhu/sentry_ws/install/rm_decision_cpp/share/rm_decision_cpp/environment/path.dsv
-- Symlinking: /home/xinzhu/sentry_ws/install/rm_decision_cpp/share/rm_decision_cpp/local_setup.bash
-- Symlinking: /home/xinzhu/sentry_ws/install/rm_decision_cpp/share/rm_decision_cpp/local_setup.sh
-- Symlinking: /home/xinzhu/sentry_ws/install/rm_decision_cpp/share/rm_decision_cpp/local_setup.zsh
-- Symlinking: /home/xinzhu/sentry_ws/install/rm_decision_cpp/share/rm_decision_cpp/local_setup.dsv
-- Symlinking: /home/xinzhu/sentry_ws/install/rm_decision_cpp/share/rm_decision_cpp/package.dsv
-- Symlinking: /home/xinzhu/sentry_ws/install/rm_decision_cpp/share/ament_index/resource_index/packages/rm_decision_cpp
-- Symlinking: /home/xinzhu/sentry_ws/install/rm_decision_cpp/share/rm_decision_cpp/cmake/rm_decision_cppConfig.cmake
-- Symlinking: /home/xinzhu/sentry_ws/install/rm_decision_cpp/share/rm_decision_cpp/cmake/rm_decision_cppConfig-version.cmake
-- Symlinking: /home/xinzhu/sentry_ws/install/rm_decision_cpp/share/rm_decision_cpp/package.xml
