[0.363s] Invoking command in '/home/xinzhu/sentry_ws/build/sensor_scan_generation': CMAKE_PREFIX_PATH=${CMAKE_PREFIX_PATH}:/home/xinzhu/Desktop/sentry_ws/install/control_panel:/opt/ros/humble PS1=%F{green}%n@%m%f%F{white}:%f%F{blue}%~%f%F{white}$%f /usr/local/bin/cmake --build /home/xinzhu/sentry_ws/build/sensor_scan_generation -- -j16 -l16
[0.423s] [100%] Built target sensorScanGeneration
[0.494s] Invoked command in '/home/xinzhu/sentry_ws/build/sensor_scan_generation' returned '0': CMAKE_PREFIX_PATH=${CMAKE_PREFIX_PATH}:/home/xinzhu/Desktop/sentry_ws/install/control_panel:/opt/ros/humble PS1=%F{green}%n@%m%f%F{white}:%f%F{blue}%~%f%F{white}$%f /usr/local/bin/cmake --build /home/xinzhu/sentry_ws/build/sensor_scan_generation -- -j16 -l16
[0.499s] Invoking command in '/home/xinzhu/sentry_ws/build/sensor_scan_generation': CMAKE_PREFIX_PATH=${CMAKE_PREFIX_PATH}:/home/xinzhu/Desktop/sentry_ws/install/control_panel:/opt/ros/humble PS1=%F{green}%n@%m%f%F{white}:%f%F{blue}%~%f%F{white}$%f /usr/local/bin/cmake --install /home/xinzhu/sentry_ws/build/sensor_scan_generation
[0.584s] -- Install configuration: "Release"
[0.585s] -- Execute custom install script
[0.585s] -- Up-to-date symlink: /home/xinzhu/sentry_ws/install/sensor_scan_generation/lib/sensor_scan_generation/sensorScanGeneration
[0.585s] -- Up-to-date symlink: /home/xinzhu/sentry_ws/install/sensor_scan_generation/share/sensor_scan_generation/launch/sensor_scan_generation.launch
[0.585s] -- Up-to-date symlink: /home/xinzhu/sentry_ws/install/sensor_scan_generation/share/ament_index/resource_index/package_run_dependencies/sensor_scan_generation
[0.585s] -- Up-to-date symlink: /home/xinzhu/sentry_ws/install/sensor_scan_generation/share/ament_index/resource_index/parent_prefix_path/sensor_scan_generation
[0.585s] -- Up-to-date symlink: /home/xinzhu/sentry_ws/install/sensor_scan_generation/share/sensor_scan_generation/environment/ament_prefix_path.sh
[0.585s] -- Up-to-date symlink: /home/xinzhu/sentry_ws/install/sensor_scan_generation/share/sensor_scan_generation/environment/ament_prefix_path.dsv
[0.585s] -- Up-to-date symlink: /home/xinzhu/sentry_ws/install/sensor_scan_generation/share/sensor_scan_generation/environment/path.sh
[0.585s] -- Up-to-date symlink: /home/xinzhu/sentry_ws/install/sensor_scan_generation/share/sensor_scan_generation/environment/path.dsv
[0.585s] -- Up-to-date symlink: /home/xinzhu/sentry_ws/install/sensor_scan_generation/share/sensor_scan_generation/local_setup.bash
[0.585s] -- Up-to-date symlink: /home/xinzhu/sentry_ws/install/sensor_scan_generation/share/sensor_scan_generation/local_setup.sh
[0.585s] -- Up-to-date symlink: /home/xinzhu/sentry_ws/install/sensor_scan_generation/share/sensor_scan_generation/local_setup.zsh
[0.585s] -- Up-to-date symlink: /home/xinzhu/sentry_ws/install/sensor_scan_generation/share/sensor_scan_generation/local_setup.dsv
[0.585s] -- Symlinking: /home/xinzhu/sentry_ws/install/sensor_scan_generation/share/sensor_scan_generation/package.dsv
[0.585s] -- Up-to-date symlink: /home/xinzhu/sentry_ws/install/sensor_scan_generation/share/ament_index/resource_index/packages/sensor_scan_generation
[0.585s] -- Up-to-date symlink: /home/xinzhu/sentry_ws/install/sensor_scan_generation/share/sensor_scan_generation/cmake/sensor_scan_generationConfig.cmake
[0.585s] -- Up-to-date symlink: /home/xinzhu/sentry_ws/install/sensor_scan_generation/share/sensor_scan_generation/cmake/sensor_scan_generationConfig-version.cmake
[0.585s] -- Up-to-date symlink: /home/xinzhu/sentry_ws/install/sensor_scan_generation/share/sensor_scan_generation/package.xml
[0.608s] Invoked command in '/home/xinzhu/sentry_ws/build/sensor_scan_generation' returned '0': CMAKE_PREFIX_PATH=${CMAKE_PREFIX_PATH}:/home/xinzhu/Desktop/sentry_ws/install/control_panel:/opt/ros/humble PS1=%F{green}%n@%m%f%F{white}:%f%F{blue}%~%f%F{white}$%f /usr/local/bin/cmake --install /home/xinzhu/sentry_ws/build/sensor_scan_generation
