[0.330s] Invoking command in '/home/xinzhu/sentry_ws/build/rm_robot_description': CMAKE_PREFIX_PATH=${CMAKE_PREFIX_PATH}:/home/xinzhu/Desktop/sentry_ws/install/control_panel:/opt/ros/humble PS1=%F{green}%n@%m%f%F{white}:%f%F{blue}%~%f%F{white}$%f /usr/local/bin/cmake --build /home/xinzhu/sentry_ws/build/rm_robot_description -- -j16 -l16
[0.392s] Invoked command in '/home/xinzhu/sentry_ws/build/rm_robot_description' returned '0': CMAKE_PREFIX_PATH=${CMAKE_PREFIX_PATH}:/home/xinzhu/Desktop/sentry_ws/install/control_panel:/opt/ros/humble PS1=%F{green}%n@%m%f%F{white}:%f%F{blue}%~%f%F{white}$%f /usr/local/bin/cmake --build /home/xinzhu/sentry_ws/build/rm_robot_description -- -j16 -l16
[0.396s] Invoking command in '/home/xinzhu/sentry_ws/build/rm_robot_description': CMAKE_PREFIX_PATH=${CMAKE_PREFIX_PATH}:/home/xinzhu/Desktop/sentry_ws/install/control_panel:/opt/ros/humble PS1=%F{green}%n@%m%f%F{white}:%f%F{blue}%~%f%F{white}$%f /usr/local/bin/cmake --install /home/xinzhu/sentry_ws/build/rm_robot_description
[0.430s] -- Install configuration: "Release"
[0.430s] -- Execute custom install script
[0.430s] -- Up-to-date symlink: /home/xinzhu/sentry_ws/install/rm_robot_description/share/rm_robot_description/urdf/rm_gimbal.urdf.xacro
[0.430s] -- Up-to-date symlink: /home/xinzhu/sentry_ws/install/rm_robot_description/share/rm_robot_description/urdf/robot.urdf
[0.430s] -- Up-to-date symlink: /home/xinzhu/sentry_ws/install/rm_robot_description/share/rm_robot_description/urdf/sentry.urdf.xacro
[0.430s] -- Up-to-date symlink: /home/xinzhu/sentry_ws/install/rm_robot_description/share/ament_index/resource_index/package_run_dependencies/rm_robot_description
[0.430s] -- Up-to-date symlink: /home/xinzhu/sentry_ws/install/rm_robot_description/share/ament_index/resource_index/parent_prefix_path/rm_robot_description
[0.430s] -- Up-to-date symlink: /home/xinzhu/sentry_ws/install/rm_robot_description/share/rm_robot_description/environment/ament_prefix_path.sh
[0.430s] -- Up-to-date symlink: /home/xinzhu/sentry_ws/install/rm_robot_description/share/rm_robot_description/environment/ament_prefix_path.dsv
[0.430s] -- Up-to-date symlink: /home/xinzhu/sentry_ws/install/rm_robot_description/share/rm_robot_description/environment/path.sh
[0.430s] -- Up-to-date symlink: /home/xinzhu/sentry_ws/install/rm_robot_description/share/rm_robot_description/environment/path.dsv
[0.430s] -- Up-to-date symlink: /home/xinzhu/sentry_ws/install/rm_robot_description/share/rm_robot_description/local_setup.bash
[0.430s] -- Up-to-date symlink: /home/xinzhu/sentry_ws/install/rm_robot_description/share/rm_robot_description/local_setup.sh
[0.431s] -- Up-to-date symlink: /home/xinzhu/sentry_ws/install/rm_robot_description/share/rm_robot_description/local_setup.zsh
[0.431s] -- Up-to-date symlink: /home/xinzhu/sentry_ws/install/rm_robot_description/share/rm_robot_description/local_setup.dsv
[0.431s] -- Symlinking: /home/xinzhu/sentry_ws/install/rm_robot_description/share/rm_robot_description/package.dsv
[0.431s] -- Up-to-date symlink: /home/xinzhu/sentry_ws/install/rm_robot_description/share/ament_index/resource_index/packages/rm_robot_description
[0.431s] -- Up-to-date symlink: /home/xinzhu/sentry_ws/install/rm_robot_description/share/rm_robot_description/cmake/rm_robot_descriptionConfig.cmake
[0.431s] -- Up-to-date symlink: /home/xinzhu/sentry_ws/install/rm_robot_description/share/rm_robot_description/cmake/rm_robot_descriptionConfig-version.cmake
[0.431s] -- Up-to-date symlink: /home/xinzhu/sentry_ws/install/rm_robot_description/share/rm_robot_description/package.xml
[0.515s] Invoked command in '/home/xinzhu/sentry_ws/build/rm_robot_description' returned '0': CMAKE_PREFIX_PATH=${CMAKE_PREFIX_PATH}:/home/xinzhu/Desktop/sentry_ws/install/control_panel:/opt/ros/humble PS1=%F{green}%n@%m%f%F{white}:%f%F{blue}%~%f%F{white}$%f /usr/local/bin/cmake --install /home/xinzhu/sentry_ws/build/rm_robot_description
