[0.023s] Invoking command in '/home/xinzhu/sentry_ws/build/behaviortree_cpp': CMAKE_PREFIX_PATH=${CMAKE_PREFIX_PATH}:/home/xinzhu/Desktop/sentry_ws/install/control_panel:/opt/ros/humble PS1=%F{green}%n@%m%f%F{white}:%f%F{blue}%~%f%F{white}$%f /usr/local/bin/cmake /home/xinzhu/sentry_ws/src/BehaviorTree.CPP -DCMAKE_BUILD_TYPE=Release -DAMENT_CMAKE_SYMLINK_INSTALL=1 -DCMAKE_INSTALL_PREFIX=/home/xinzhu/sentry_ws/install/behaviortree_cpp
[0.188s] -- The C compiler identification is GNU 11.4.0
[0.257s] -- The CXX compiler identification is GNU 11.4.0
[0.265s] -- Detecting C compiler ABI info
[0.315s] -- Detecting C compiler ABI info - done
[0.327s] -- Check for working C compiler: /usr/bin/cc - skipped
[0.328s] -- Detecting C compile features
[0.328s] -- Detecting C compile features - done
[0.338s] -- Detecting CXX compiler ABI info
[0.402s] -- Detecting CXX compiler ABI info - done
[0.421s] -- Check for working CXX compiler: /usr/bin/c++ - skipped
[0.422s] -- Detecting CXX compile features
[0.422s] -- Detecting CXX compile features - done
[0.428s] -- Performing Test CMAKE_HAVE_LIBC_PTHREAD
[0.493s] -- Performing Test CMAKE_HAVE_LIBC_PTHREAD - Success
[0.494s] -- Found Threads: TRUE
[0.602s] -- Found Python3: /usr/bin/python3 (found version "3.10.12") found components: Interpreter
[0.653s] -- Override CMake install command with custom implementation using symlinks instead of copying resources
[0.696s] -- ------------------------------------------
[0.696s] -- BehaviourTree is being built using AMENT.
[0.696s] -- ------------------------------------------
[0.708s] -- Found ZeroMQ: /usr/lib/x86_64-linux-gnu/libzmq.so
[0.759s] -- Found SQLite3: /usr/include (found version "3.37.2")
[0.762s] -- Found ament_index_cpp: 1.4.1 (/opt/ros/humble/share/ament_index_cpp/cmake)
[0.764s] [0mCMake Deprecation Warning at 3rdparty/lexy/CMakeLists.txt:4 (cmake_minimum_required):
[0.764s]   Compatibility with CMake < 3.10 will be removed from a future version of
[0.764s]   CMake.
[0.764s] 
[0.764s]   Update the VERSION argument <min> value.  Or, use the <min>...<max> syntax
[0.764s]   to tell CMake that the project requires at least <min> but has been updated
[0.764s]   to work with policies introduced by <max> or earlier.
[0.764s] 
[0.764s] [0m
[0.766s] -- BTCPP_EXTRA_LIBRARIES: $<BUILD_INTERFACE:ament_index_cpp::ament_index_cpp>;$<BUILD_INTERFACE:/usr/lib/x86_64-linux-gnu/libzmq.so>;$<BUILD_INTERFACE:/usr/lib/x86_64-linux-gnu/libsqlite3.so>
[0.766s] -- BTCPP_LIB_DESTINATION:   lib 
[0.766s] -- BTCPP_INCLUDE_DESTINATION: include 
[0.766s] -- BTCPP_UNIT_TESTS:   ON 
[0.770s] -- Found ament_cmake_gtest: 1.3.13 (/opt/ros/humble/share/ament_cmake_gtest/cmake)
[0.776s] -- Found gtest sources under '/opt/ros/humble/src/gtest_vendor': C++ tests using 'Google Test' will be built
[0.777s] [0mCMake Deprecation Warning at /opt/ros/humble/src/gtest_vendor/CMakeLists.txt:2 (cmake_minimum_required):
[0.777s]   Compatibility with CMake < 3.10 will be removed from a future version of
[0.777s]   CMake.
[0.777s] 
[0.777s]   Update the VERSION argument <min> value.  Or, use the <min>...<max> syntax
[0.777s]   to tell CMake that the project requires at least <min> but has been updated
[0.777s]   to work with policies introduced by <max> or earlier.
[0.777s] 
[0.777s] [0m
[0.852s] -- Configuring done (0.8s)
[0.893s] -- Generating done (0.0s)
[0.900s] -- Build files have been written to: /home/xinzhu/sentry_ws/build/behaviortree_cpp
[0.907s] Invoked command in '/home/xinzhu/sentry_ws/build/behaviortree_cpp' returned '0': CMAKE_PREFIX_PATH=${CMAKE_PREFIX_PATH}:/home/xinzhu/Desktop/sentry_ws/install/control_panel:/opt/ros/humble PS1=%F{green}%n@%m%f%F{white}:%f%F{blue}%~%f%F{white}$%f /usr/local/bin/cmake /home/xinzhu/sentry_ws/src/BehaviorTree.CPP -DCMAKE_BUILD_TYPE=Release -DAMENT_CMAKE_SYMLINK_INSTALL=1 -DCMAKE_INSTALL_PREFIX=/home/xinzhu/sentry_ws/install/behaviortree_cpp
[0.908s] Invoking command in '/home/xinzhu/sentry_ws/build/behaviortree_cpp': CMAKE_PREFIX_PATH=${CMAKE_PREFIX_PATH}:/home/xinzhu/Desktop/sentry_ws/install/control_panel:/opt/ros/humble PS1=%F{green}%n@%m%f%F{white}:%f%F{blue}%~%f%F{white}$%f /usr/local/bin/cmake --build /home/xinzhu/sentry_ws/build/behaviortree_cpp -- -j16 -l16
[0.929s] [  1%] [32mBuilding CXX object 3rdparty/lexy/src/CMakeFiles/lexy_file.dir/input/file.cpp.o[0m
[0.931s] [  2%] [32mBuilding CXX object gtest/CMakeFiles/gtest_main.dir/src/gtest_main.cc.o[0m
[0.931s] [  3%] [32mBuilding CXX object gtest/CMakeFiles/gtest.dir/src/gtest-all.cc.o[0m
[1.118s] [  4%] [32m[1mLinking CXX static library liblexy_file.a[0m
[1.369s] [  4%] Built target lexy_file
[1.385s] [  5%] [32mBuilding CXX object CMakeFiles/behaviortree_cpp.dir/src/basic_types.cpp.o[0m
[1.386s] [  5%] [32mBuilding CXX object CMakeFiles/behaviortree_cpp.dir/src/action_node.cpp.o[0m
[1.386s] [  6%] [32mBuilding CXX object CMakeFiles/behaviortree_cpp.dir/src/behavior_tree.cpp.o[0m
[1.386s] [  6%] [32mBuilding CXX object CMakeFiles/behaviortree_cpp.dir/src/bt_factory.cpp.o[0m
[1.386s] [  7%] [32mBuilding CXX object CMakeFiles/behaviortree_cpp.dir/src/blackboard.cpp.o[0m
[1.386s] [  9%] [32mBuilding CXX object CMakeFiles/behaviortree_cpp.dir/src/decorator_node.cpp.o[0m
[1.386s] [  9%] [32mBuilding CXX object CMakeFiles/behaviortree_cpp.dir/src/condition_node.cpp.o[0m
[1.387s] [ 10%] [32mBuilding CXX object CMakeFiles/behaviortree_cpp.dir/src/control_node.cpp.o[0m
[1.395s] [ 10%] [32mBuilding CXX object CMakeFiles/behaviortree_cpp.dir/src/tree_node.cpp.o[0m
[1.395s] [ 11%] [32mBuilding CXX object CMakeFiles/behaviortree_cpp.dir/src/shared_library.cpp.o[0m
[1.405s] [ 11%] [32mBuilding CXX object CMakeFiles/behaviortree_cpp.dir/src/actions/test_node.cpp.o[0m
[1.405s] [ 12%] [32mBuilding CXX object CMakeFiles/behaviortree_cpp.dir/src/script_parser.cpp.o[0m
[1.405s] [ 14%] [32mBuilding CXX object CMakeFiles/behaviortree_cpp.dir/src/xml_parsing.cpp.o[0m
[1.407s] [ 13%] [32mBuilding CXX object CMakeFiles/behaviortree_cpp.dir/src/json_export.cpp.o[0m
[2.398s] [ 15%] [32mBuilding CXX object CMakeFiles/behaviortree_cpp.dir/src/actions/sleep_node.cpp.o[0m
[2.477s] [ 16%] [32m[1mLinking CXX static library libgtest_main.a[0m
[2.595s] [ 16%] Built target gtest_main
[2.610s] [ 17%] [32mBuilding CXX object CMakeFiles/behaviortree_cpp.dir/src/decorators/delay_node.cpp.o[0m
[3.534s] [ 18%] [32mBuilding CXX object CMakeFiles/behaviortree_cpp.dir/src/decorators/inverter_node.cpp.o[0m
[4.259s] [ 19%] [32mBuilding CXX object CMakeFiles/behaviortree_cpp.dir/src/decorators/repeat_node.cpp.o[0m
[4.744s] [ 19%] [32mBuilding CXX object CMakeFiles/behaviortree_cpp.dir/src/decorators/retry_node.cpp.o[0m
[5.246s] [ 20%] [32mBuilding CXX object CMakeFiles/behaviortree_cpp.dir/src/decorators/timeout_node.cpp.o[0m
[5.587s] [ 21%] [32mBuilding CXX object CMakeFiles/behaviortree_cpp.dir/src/decorators/subtree_node.cpp.o[0m
[5.783s] [ 22%] [32mBuilding CXX object CMakeFiles/behaviortree_cpp.dir/src/controls/if_then_else_node.cpp.o[0m
[5.860s] [ 22%] [32mBuilding CXX object CMakeFiles/behaviortree_cpp.dir/src/controls/fallback_node.cpp.o[0m
[6.226s] [ 23%] [32mBuilding CXX object CMakeFiles/behaviortree_cpp.dir/src/controls/parallel_node.cpp.o[0m
[7.086s] [ 24%] [32mBuilding CXX object CMakeFiles/behaviortree_cpp.dir/src/controls/parallel_all_node.cpp.o[0m
[7.115s] [ 25%] [32mBuilding CXX object CMakeFiles/behaviortree_cpp.dir/src/controls/reactive_sequence.cpp.o[0m
[7.862s] [ 26%] [32mBuilding CXX object CMakeFiles/behaviortree_cpp.dir/src/controls/reactive_fallback.cpp.o[0m
[8.183s] [ 26%] [32mBuilding CXX object CMakeFiles/behaviortree_cpp.dir/src/controls/sequence_node.cpp.o[0m
[8.439s] [ 27%] [32mBuilding CXX object CMakeFiles/behaviortree_cpp.dir/src/controls/sequence_with_memory_node.cpp.o[0m
[8.479s] [ 28%] [32mBuilding CXX object CMakeFiles/behaviortree_cpp.dir/src/controls/switch_node.cpp.o[0m
[9.398s] [ 29%] [32mBuilding CXX object CMakeFiles/behaviortree_cpp.dir/src/controls/while_do_else_node.cpp.o[0m
[9.719s] [ 30%] [32mBuilding CXX object CMakeFiles/behaviortree_cpp.dir/src/loggers/bt_cout_logger.cpp.o[0m
[9.796s] [ 30%] [32mBuilding CXX object CMakeFiles/behaviortree_cpp.dir/src/loggers/bt_file_logger_v2.cpp.o[0m
[9.982s] [ 31%] [32mBuilding CXX object CMakeFiles/behaviortree_cpp.dir/src/loggers/bt_minitrace_logger.cpp.o[0m
[9.986s] [ 32%] [32mBuilding CXX object CMakeFiles/behaviortree_cpp.dir/src/loggers/bt_observer.cpp.o[0m
[11.241s] [ 33%] [32mBuilding CXX object CMakeFiles/behaviortree_cpp.dir/3rdparty/tinyxml2/tinyxml2.cpp.o[0m
[11.484s] [ 33%] [32mBuilding CXX object CMakeFiles/behaviortree_cpp.dir/3rdparty/minitrace/minitrace.cpp.o[0m
[12.676s] [ 34%] [32mBuilding CXX object CMakeFiles/behaviortree_cpp.dir/src/loggers/groot2_publisher.cpp.o[0m
[13.273s] [ 35%] [32mBuilding CXX object CMakeFiles/behaviortree_cpp.dir/src/loggers/bt_sqlite_logger.cpp.o[0m
[13.299s] [ 36%] [32mBuilding CXX object CMakeFiles/behaviortree_cpp.dir/src/shared_library_UNIX.cpp.o[0m
[20.781s] [ 36%] [32m[1mLinking CXX static library libgtest.a[0m
[20.850s] [ 36%] Built target gtest
[28.819s] [ 37%] [32m[1mLinking CXX shared library libbehaviortree_cpp.so[0m
[28.953s] [ 37%] Built target behaviortree_cpp
[28.966s] [ 38%] [32mBuilding CXX object sample_nodes/CMakeFiles/bt_sample_nodes.dir/crossdoor_nodes.cpp.o[0m
[30.511s] [ 39%] [32mBuilding CXX object sample_nodes/CMakeFiles/bt_sample_nodes.dir/movebase_node.cpp.o[0m
[33.658s] [ 40%] [32mBuilding CXX object sample_nodes/CMakeFiles/bt_sample_nodes.dir/dummy_nodes.cpp.o[0m
[35.909s] [ 40%] [32m[1mLinking CXX static library lib/libbt_sample_nodes.a[0m
[35.973s] [ 40%] Built target bt_sample_nodes
[35.983s] [ 41%] [32mBuilding CXX object examples/CMakeFiles/t13_plugin_action.dir/t13_plugin_action.cpp.o[0m
[38.558s] [ 42%] [32m[1mLinking CXX shared library t13_plugin_action.so[0m
[38.617s] [ 42%] Built target t13_plugin_action
[38.626s] [ 42%] [32mBuilding CXX object examples/CMakeFiles/t08_additional_node_args.dir/t08_additional_node_args.cpp.o[0m
[40.339s] [ 43%] [32m[1mLinking CXX executable t08_additional_node_args[0m
[40.428s] [ 43%] Built target t08_additional_node_args
[40.440s] [ 44%] [32mBuilding CXX object examples/CMakeFiles/t09_scripting.dir/t09_scripting.cpp.o[0m
[42.237s] [ 45%] [32m[1mLinking CXX executable t09_scripting[0m
[42.307s] [ 45%] Built target t09_scripting
[42.315s] [ 45%] [32mBuilding CXX object examples/CMakeFiles/t10_observer.dir/t10_observer.cpp.o[0m
[43.825s] [ 46%] [32m[1mLinking CXX executable t10_observer[0m
[43.890s] [ 46%] Built target t10_observer
[43.899s] [ 47%] [32mBuilding CXX object examples/CMakeFiles/t11_replace_rules.dir/t11_replace_rules.cpp.o[0m
[45.720s] [ 48%] [32m[1mLinking CXX executable t11_replace_rules[0m
[45.786s] [ 48%] Built target t11_replace_rules
[45.794s] [ 49%] [32mBuilding CXX object examples/CMakeFiles/t12_groot_howto.dir/t12_groot_howto.cpp.o[0m
[49.224s] [ 49%] [32m[1mLinking CXX executable t12_groot_howto[0m
[49.302s] [ 49%] Built target t12_groot_howto
[49.312s] [ 50%] [32mBuilding CXX object examples/CMakeFiles/generate_log.dir/generate_log.cpp.o[0m
[51.757s] [ 51%] [32m[1mLinking CXX executable generate_log[0m
[51.826s] [ 51%] Built target generate_log
[51.835s] [ 52%] [32mBuilding CXX object examples/CMakeFiles/ex01_wrap_legacy.dir/ex01_wrap_legacy.cpp.o[0m
[53.596s] [ 53%] [32m[1mLinking CXX executable ex01_wrap_legacy[0m
[53.700s] [ 53%] Built target ex01_wrap_legacy
[53.714s] [ 54%] [32mBuilding CXX object examples/CMakeFiles/ex02_runtime_ports.dir/ex02_runtime_ports.cpp.o[0m
[56.132s] [ 55%] [32m[1mLinking CXX executable ex02_runtime_ports[0m
[56.209s] [ 55%] Built target ex02_runtime_ports
[56.220s] [ 55%] [32mBuilding CXX object examples/CMakeFiles/ex04_waypoints.dir/ex04_waypoints.cpp.o[0m
[59.230s] [ 56%] [32m[1mLinking CXX executable ex04_waypoints[0m
[59.351s] [ 56%] Built target ex04_waypoints
[59.361s] [ 57%] [32mBuilding CXX object examples/CMakeFiles/ex05_subtree_model.dir/ex05_subtree_model.cpp.o[0m
[60.920s] [ 58%] [32m[1mLinking CXX executable ex05_subtree_model[0m
[60.991s] [ 58%] Built target ex05_subtree_model
[61.003s] [ 58%] [32mBuilding CXX object examples/CMakeFiles/ex06_access_by_ptr.dir/ex06_access_by_ptr.cpp.o[0m
[63.411s] [ 59%] [32m[1mLinking CXX executable ex06_access_by_ptr[0m
[63.491s] [ 59%] Built target ex06_access_by_ptr
[63.503s] [ 60%] [32mBuilding CXX object examples/CMakeFiles/t13_plugin_executor.dir/t13_plugin_executor.cpp.o[0m
[65.216s] [ 61%] [32m[1mLinking CXX executable t13_plugin_executor[0m
[65.313s] [ 61%] Built target t13_plugin_executor
[65.324s] [ 62%] [32mBuilding CXX object examples/CMakeFiles/t07_load_multiple_xml.dir/t07_load_multiple_xml.cpp.o[0m
[67.475s] [ 63%] [32m[1mLinking CXX executable t07_load_multiple_xml[0m
[67.572s] [ 63%] Built target t07_load_multiple_xml
[67.586s] [ 64%] [32mBuilding CXX object examples/CMakeFiles/t06_subtree_port_remapping.dir/t06_subtree_port_remapping.cpp.o[0m
[70.684s] [ 65%] [32m[1mLinking CXX executable t06_subtree_port_remapping[0m
[70.756s] [ 65%] Built target t06_subtree_port_remapping
[70.764s] [ 66%] [32mBuilding CXX object examples/CMakeFiles/t05_crossdoor.dir/t05_crossdoor.cpp.o[0m
[72.262s] [ 66%] [32m[1mLinking CXX executable t05_crossdoor[0m
[72.338s] [ 66%] Built target t05_crossdoor
[72.352s] [ 67%] [32mBuilding CXX object examples/CMakeFiles/t04_reactive_sequence.dir/t04_reactive_sequence.cpp.o[0m
[74.964s] [ 68%] [32m[1mLinking CXX executable t04_reactive_sequence[0m
[75.032s] [ 68%] Built target t04_reactive_sequence
[75.043s] [ 69%] [32mBuilding CXX object examples/CMakeFiles/t03_generic_ports.dir/t03_generic_ports.cpp.o[0m
[77.167s] [ 69%] [32m[1mLinking CXX executable t03_generic_ports[0m
[77.233s] [ 69%] Built target t03_generic_ports
[77.245s] [ 70%] [32mBuilding CXX object examples/CMakeFiles/t02_basic_ports.dir/t02_basic_ports.cpp.o[0m
[79.312s] [ 71%] [32m[1mLinking CXX executable t02_basic_ports[0m
[79.376s] [ 71%] Built target t02_basic_ports
[79.387s] [ 71%] [32mBuilding CXX object examples/CMakeFiles/t01_first_tree_static.dir/t01_build_your_first_tree.cpp.o[0m
[80.999s] [ 72%] [32m[1mLinking CXX executable t01_first_tree_static[0m
[81.063s] [ 72%] Built target t01_first_tree_static
[81.076s] [ 72%] [32mBuilding CXX object tests/CMakeFiles/behaviortree_cpp_test.dir/src/action_test_node.cpp.o[0m
[81.961s] [ 72%] [32mBuilding CXX object tests/CMakeFiles/behaviortree_cpp_test.dir/gtest_parallel.cpp.o[0m
[85.829s] [ 73%] [32mBuilding CXX object tests/CMakeFiles/behaviortree_cpp_test.dir/gtest_preconditions.cpp.o[0m
[87.836s] [ 74%] [32mBuilding CXX object tests/CMakeFiles/behaviortree_cpp_test.dir/gtest_ports.cpp.o[0m
[89.960s] [ 75%] [32mBuilding CXX object tests/CMakeFiles/behaviortree_cpp_test.dir/gtest_postconditions.cpp.o[0m
[91.968s] [ 77%] [32mBuilding CXX object tests/CMakeFiles/behaviortree_cpp_test.dir/gtest_factory.cpp.o[0m
[91.968s] [ 77%] [32mBuilding CXX object tests/CMakeFiles/behaviortree_cpp_test.dir/gtest_fallback.cpp.o[0m
[92.974s] [ 78%] [32mBuilding CXX object tests/CMakeFiles/behaviortree_cpp_test.dir/gtest_enums.cpp.o[0m
[93.098s] [ 79%] [32mBuilding CXX object tests/CMakeFiles/behaviortree_cpp_test.dir/gtest_decorator.cpp.o[0m
[93.197s] [ 79%] [32mBuilding CXX object tests/CMakeFiles/behaviortree_cpp_test.dir/gtest_match.cpp.o[0m
[94.189s] [ 80%] [32mBuilding CXX object tests/CMakeFiles/behaviortree_cpp_test.dir/gtest_coroutines.cpp.o[0m
[94.189s] [ 80%] [32mBuilding CXX object tests/CMakeFiles/behaviortree_cpp_test.dir/gtest_json.cpp.o[0m
[95.198s] [ 81%] [32mBuilding CXX object tests/CMakeFiles/behaviortree_cpp_test.dir/gtest_reactive.cpp.o[0m
[96.206s] [ 82%] [32mBuilding CXX object tests/CMakeFiles/behaviortree_cpp_test.dir/gtest_blackboard.cpp.o[0m
[101.398s] [ 83%] [32mBuilding CXX object tests/CMakeFiles/behaviortree_cpp_test.dir/gtest_wakeup.cpp.o[0m
[103.809s] [ 83%] [32mBuilding CXX object tests/CMakeFiles/behaviortree_cpp_test.dir/script_parser_test.cpp.o[0m
[114.175s] [ 85%] [32mBuilding CXX object tests/CMakeFiles/behaviortree_cpp_test.dir/gtest_tree.cpp.o[0m
[114.175s] [ 85%] [32mBuilding CXX object tests/CMakeFiles/behaviortree_cpp_test.dir/gtest_switch.cpp.o[0m
[116.253s] [ 86%] [32mBuilding CXX object tests/CMakeFiles/behaviortree_cpp_test.dir/gtest_subtree.cpp.o[0m
[117.598s] [ 87%] [32mBuilding CXX object tests/CMakeFiles/behaviortree_cpp_test.dir/gtest_substitution.cpp.o[0m
[117.598s] [ 87%] [32mBuilding CXX object tests/CMakeFiles/behaviortree_cpp_test.dir/gtest_skipping.cpp.o[0m
[119.911s] [ 89%] [32mBuilding CXX object tests/CMakeFiles/behaviortree_cpp_test.dir/gtest_sequence.cpp.o[0m
[119.911s] [ 89%] [32mBuilding CXX object tests/CMakeFiles/behaviortree_cpp_test.dir/gtest_any.cpp.o[0m
[120.570s] [ 90%] [32mBuilding CXX object tests/CMakeFiles/behaviortree_cpp_test.dir/src/condition_test_node.cpp.o[0m
[122.581s] [ 91%] [32m[1mLinking CXX executable behaviortree_cpp_test[0m
[122.715s] [ 91%] Built target behaviortree_cpp_test
[122.722s] [ 92%] [32mBuilding CXX object tools/CMakeFiles/bt4_log_cat.dir/bt_log_cat.cpp.o[0m
[122.722s] [ 92%] [32mBuilding CXX object tools/CMakeFiles/bt4_plugin_manifest.dir/bt_plugin_manifest.cpp.o[0m
[122.722s] [ 92%] [32mBuilding CXX object sample_nodes/CMakeFiles/movebase_node_dyn.dir/movebase_node.cpp.o[0m
[122.722s] [ 93%] [32mBuilding CXX object sample_nodes/CMakeFiles/dummy_nodes_dyn.dir/dummy_nodes.cpp.o[0m
[122.724s] [ 94%] [32mBuilding CXX object examples/CMakeFiles/t01_first_tree_dynamic.dir/t01_build_your_first_tree.cpp.o[0m
[123.335s] [ 95%] [32m[1mLinking CXX executable bt4_log_cat[0m
[123.399s] [ 95%] Built target bt4_log_cat
[123.412s] [ 96%] [32mBuilding CXX object sample_nodes/CMakeFiles/crossdoor_nodes_dyn.dir/crossdoor_nodes.cpp.o[0m
[123.995s] [ 97%] [32m[1mLinking CXX executable bt4_plugin_manifest[0m
[124.030s] [ 98%] [32m[1mLinking CXX executable t01_first_tree_dynamic[0m
[124.083s] [ 98%] Built target bt4_plugin_manifest
[124.095s] [ 98%] Built target t01_first_tree_dynamic
[124.590s] [ 98%] [32m[1mLinking CXX shared library bin/libdummy_nodes_dyn.so[0m
[124.630s] [ 99%] [32m[1mLinking CXX shared library bin/libcrossdoor_nodes_dyn.so[0m
[124.638s] [ 99%] Built target dummy_nodes_dyn
[124.676s] [ 99%] Built target crossdoor_nodes_dyn
[124.787s] [100%] [32m[1mLinking CXX shared library bin/libmovebase_node_dyn.so[0m
[124.833s] [100%] Built target movebase_node_dyn
[124.838s] Invoked command in '/home/xinzhu/sentry_ws/build/behaviortree_cpp' returned '0': CMAKE_PREFIX_PATH=${CMAKE_PREFIX_PATH}:/home/xinzhu/Desktop/sentry_ws/install/control_panel:/opt/ros/humble PS1=%F{green}%n@%m%f%F{white}:%f%F{blue}%~%f%F{white}$%f /usr/local/bin/cmake --build /home/xinzhu/sentry_ws/build/behaviortree_cpp -- -j16 -l16
[124.838s] Invoking command in '/home/xinzhu/sentry_ws/build/behaviortree_cpp': CMAKE_PREFIX_PATH=${CMAKE_PREFIX_PATH}:/home/xinzhu/Desktop/sentry_ws/install/control_panel:/opt/ros/humble PS1=%F{green}%n@%m%f%F{white}:%f%F{blue}%~%f%F{white}$%f /usr/local/bin/cmake --install /home/xinzhu/sentry_ws/build/behaviortree_cpp
[124.841s] -- Install configuration: "Release"
[124.841s] -- Execute custom install script
[124.841s] -- Symlinking: /home/xinzhu/sentry_ws/install/behaviortree_cpp/bin/bt4_log_cat
[124.844s] -- Symlinking: /home/xinzhu/sentry_ws/install/behaviortree_cpp/bin/bt4_plugin_manifest
[124.847s] -- Symlinking: /home/xinzhu/sentry_ws/install/behaviortree_cpp/share/behaviortree_cpp/environment/library_path.sh
[124.850s] -- Symlinking: /home/xinzhu/sentry_ws/install/behaviortree_cpp/share/behaviortree_cpp/environment/library_path.dsv
[124.853s] -- Symlinking: /home/xinzhu/sentry_ws/install/behaviortree_cpp/share/ament_index/resource_index/package_run_dependencies/behaviortree_cpp
[124.856s] -- Symlinking: /home/xinzhu/sentry_ws/install/behaviortree_cpp/share/ament_index/resource_index/parent_prefix_path/behaviortree_cpp
[124.858s] -- Symlinking: /home/xinzhu/sentry_ws/install/behaviortree_cpp/share/behaviortree_cpp/environment/ament_prefix_path.sh
[124.861s] -- Symlinking: /home/xinzhu/sentry_ws/install/behaviortree_cpp/share/behaviortree_cpp/environment/ament_prefix_path.dsv
[124.864s] -- Symlinking: /home/xinzhu/sentry_ws/install/behaviortree_cpp/share/behaviortree_cpp/environment/path.sh
[124.866s] -- Symlinking: /home/xinzhu/sentry_ws/install/behaviortree_cpp/share/behaviortree_cpp/environment/path.dsv
[124.869s] -- Symlinking: /home/xinzhu/sentry_ws/install/behaviortree_cpp/share/behaviortree_cpp/local_setup.bash
[124.872s] -- Symlinking: /home/xinzhu/sentry_ws/install/behaviortree_cpp/share/behaviortree_cpp/local_setup.sh
[124.874s] -- Symlinking: /home/xinzhu/sentry_ws/install/behaviortree_cpp/share/behaviortree_cpp/local_setup.zsh
[124.877s] -- Symlinking: /home/xinzhu/sentry_ws/install/behaviortree_cpp/share/behaviortree_cpp/local_setup.dsv
[124.880s] -- Symlinking: /home/xinzhu/sentry_ws/install/behaviortree_cpp/share/behaviortree_cpp/package.dsv
[124.882s] -- Symlinking: /home/xinzhu/sentry_ws/install/behaviortree_cpp/share/ament_index/resource_index/packages/behaviortree_cpp
[124.884s] -- Symlinking: /home/xinzhu/sentry_ws/install/behaviortree_cpp/share/behaviortree_cpp/cmake/ament_cmake_export_dependencies-extras.cmake
[124.888s] -- Symlinking: /home/xinzhu/sentry_ws/install/behaviortree_cpp/share/behaviortree_cpp/cmake/ament_cmake_export_include_directories-extras.cmake
[124.890s] -- Symlinking: /home/xinzhu/sentry_ws/install/behaviortree_cpp/share/behaviortree_cpp/cmake/ament_cmake_export_libraries-extras.cmake
[124.893s] -- Symlinking: /home/xinzhu/sentry_ws/install/behaviortree_cpp/share/behaviortree_cpp/cmake/behaviortree_cppConfig.cmake
[124.896s] -- Symlinking: /home/xinzhu/sentry_ws/install/behaviortree_cpp/share/behaviortree_cpp/cmake/behaviortree_cppConfig-version.cmake
[124.898s] -- Symlinking: /home/xinzhu/sentry_ws/install/behaviortree_cpp/share/behaviortree_cpp/package.xml
[124.902s] -- Installing: /home/xinzhu/sentry_ws/install/behaviortree_cpp/lib/libbehaviortree_cpp.so
[124.903s] -- Set non-toolchain portion of runtime path of "/home/xinzhu/sentry_ws/install/behaviortree_cpp/lib/libbehaviortree_cpp.so" to ""
[124.903s] -- Installing: /home/xinzhu/sentry_ws/install/behaviortree_cpp/include
[124.903s] -- Installing: /home/xinzhu/sentry_ws/install/behaviortree_cpp/include/behaviortree_cpp
[124.904s] -- Installing: /home/xinzhu/sentry_ws/install/behaviortree_cpp/include/behaviortree_cpp/xml_parsing.h
[124.904s] -- Installing: /home/xinzhu/sentry_ws/install/behaviortree_cpp/include/behaviortree_cpp/action_node.h
[124.904s] -- Installing: /home/xinzhu/sentry_ws/install/behaviortree_cpp/include/behaviortree_cpp/utils
[124.904s] -- Installing: /home/xinzhu/sentry_ws/install/behaviortree_cpp/include/behaviortree_cpp/utils/strcat.hpp
[124.904s] -- Installing: /home/xinzhu/sentry_ws/install/behaviortree_cpp/include/behaviortree_cpp/utils/signal.h
[124.904s] -- Installing: /home/xinzhu/sentry_ws/install/behaviortree_cpp/include/behaviortree_cpp/utils/wakeup_signal.hpp
[124.904s] -- Installing: /home/xinzhu/sentry_ws/install/behaviortree_cpp/include/behaviortree_cpp/utils/platform.hpp
[124.904s] -- Installing: /home/xinzhu/sentry_ws/install/behaviortree_cpp/include/behaviortree_cpp/utils/shared_library.h
[124.904s] -- Installing: /home/xinzhu/sentry_ws/install/behaviortree_cpp/include/behaviortree_cpp/utils/demangle_util.h
[124.904s] -- Installing: /home/xinzhu/sentry_ws/install/behaviortree_cpp/include/behaviortree_cpp/utils/convert_impl.hpp
[124.904s] -- Installing: /home/xinzhu/sentry_ws/install/behaviortree_cpp/include/behaviortree_cpp/utils/simple_string.hpp
[124.904s] -- Installing: /home/xinzhu/sentry_ws/install/behaviortree_cpp/include/behaviortree_cpp/utils/timer_queue.h
[124.904s] -- Installing: /home/xinzhu/sentry_ws/install/behaviortree_cpp/include/behaviortree_cpp/utils/locked_reference.hpp
[124.904s] -- Installing: /home/xinzhu/sentry_ws/install/behaviortree_cpp/include/behaviortree_cpp/utils/safe_any.hpp
[124.904s] -- Installing: /home/xinzhu/sentry_ws/install/behaviortree_cpp/include/behaviortree_cpp/condition_node.h
[124.905s] -- Installing: /home/xinzhu/sentry_ws/install/behaviortree_cpp/include/behaviortree_cpp/tree_node.h
[124.905s] -- Installing: /home/xinzhu/sentry_ws/install/behaviortree_cpp/include/behaviortree_cpp/scripting
[124.905s] -- Installing: /home/xinzhu/sentry_ws/install/behaviortree_cpp/include/behaviortree_cpp/scripting/operators.hpp
[124.905s] -- Installing: /home/xinzhu/sentry_ws/install/behaviortree_cpp/include/behaviortree_cpp/scripting/script_parser.hpp
[124.905s] -- Installing: /home/xinzhu/sentry_ws/install/behaviortree_cpp/include/behaviortree_cpp/scripting/any_types.hpp
[124.905s] -- Installing: /home/xinzhu/sentry_ws/install/behaviortree_cpp/include/behaviortree_cpp/control_node.h
[124.905s] -- Installing: /home/xinzhu/sentry_ws/install/behaviortree_cpp/include/behaviortree_cpp/decorator_node.h
[124.905s] -- Installing: /home/xinzhu/sentry_ws/install/behaviortree_cpp/include/behaviortree_cpp/basic_types.h
[124.905s] -- Installing: /home/xinzhu/sentry_ws/install/behaviortree_cpp/include/behaviortree_cpp/exceptions.h
[124.905s] -- Installing: /home/xinzhu/sentry_ws/install/behaviortree_cpp/include/behaviortree_cpp/flatbuffers
[124.905s] -- Installing: /home/xinzhu/sentry_ws/install/behaviortree_cpp/include/behaviortree_cpp/flatbuffers/BT_logger_generated.h
[124.905s] -- Installing: /home/xinzhu/sentry_ws/install/behaviortree_cpp/include/behaviortree_cpp/flatbuffers/flatbuffers.h
[124.905s] -- Installing: /home/xinzhu/sentry_ws/install/behaviortree_cpp/include/behaviortree_cpp/flatbuffers/bt_flatbuffer_helper.h
[124.905s] -- Installing: /home/xinzhu/sentry_ws/install/behaviortree_cpp/include/behaviortree_cpp/flatbuffers/stl_emulation.h
[124.906s] -- Installing: /home/xinzhu/sentry_ws/install/behaviortree_cpp/include/behaviortree_cpp/flatbuffers/base.h
[124.906s] -- Installing: /home/xinzhu/sentry_ws/install/behaviortree_cpp/include/behaviortree_cpp/leaf_node.h
[124.906s] -- Installing: /home/xinzhu/sentry_ws/install/behaviortree_cpp/include/behaviortree_cpp/contrib
[124.906s] -- Installing: /home/xinzhu/sentry_ws/install/behaviortree_cpp/include/behaviortree_cpp/contrib/any.hpp
[124.906s] -- Installing: /home/xinzhu/sentry_ws/install/behaviortree_cpp/include/behaviortree_cpp/contrib/magic_enum.hpp
[124.906s] -- Installing: /home/xinzhu/sentry_ws/install/behaviortree_cpp/include/behaviortree_cpp/contrib/json.hpp
[124.906s] -- Installing: /home/xinzhu/sentry_ws/install/behaviortree_cpp/include/behaviortree_cpp/contrib/expected.hpp
[124.906s] -- Installing: /home/xinzhu/sentry_ws/install/behaviortree_cpp/include/behaviortree_cpp/actions
[124.906s] -- Installing: /home/xinzhu/sentry_ws/install/behaviortree_cpp/include/behaviortree_cpp/actions/set_blackboard_node.h
[124.906s] -- Installing: /home/xinzhu/sentry_ws/install/behaviortree_cpp/include/behaviortree_cpp/actions/script_condition.h
[124.906s] -- Installing: /home/xinzhu/sentry_ws/install/behaviortree_cpp/include/behaviortree_cpp/actions/script_node.h
[124.906s] -- Installing: /home/xinzhu/sentry_ws/install/behaviortree_cpp/include/behaviortree_cpp/actions/always_failure_node.h
[124.906s] -- Installing: /home/xinzhu/sentry_ws/install/behaviortree_cpp/include/behaviortree_cpp/actions/always_success_node.h
[124.906s] -- Installing: /home/xinzhu/sentry_ws/install/behaviortree_cpp/include/behaviortree_cpp/actions/pop_from_queue.hpp
[124.907s] -- Installing: /home/xinzhu/sentry_ws/install/behaviortree_cpp/include/behaviortree_cpp/actions/sleep_node.h
[124.907s] -- Installing: /home/xinzhu/sentry_ws/install/behaviortree_cpp/include/behaviortree_cpp/actions/test_node.h
[124.907s] -- Installing: /home/xinzhu/sentry_ws/install/behaviortree_cpp/include/behaviortree_cpp/actions/unset_blackboard_node.h
[124.907s] -- Installing: /home/xinzhu/sentry_ws/install/behaviortree_cpp/include/behaviortree_cpp/behavior_tree.h
[124.907s] -- Installing: /home/xinzhu/sentry_ws/install/behaviortree_cpp/include/behaviortree_cpp/json_export.h
[124.907s] -- Installing: /home/xinzhu/sentry_ws/install/behaviortree_cpp/include/behaviortree_cpp/bt_parser.h
[124.907s] -- Installing: /home/xinzhu/sentry_ws/install/behaviortree_cpp/include/behaviortree_cpp/loggers
[124.907s] -- Installing: /home/xinzhu/sentry_ws/install/behaviortree_cpp/include/behaviortree_cpp/loggers/bt_sqlite_logger.h
[124.907s] -- Installing: /home/xinzhu/sentry_ws/install/behaviortree_cpp/include/behaviortree_cpp/loggers/groot2_protocol.h
[124.907s] -- Installing: /home/xinzhu/sentry_ws/install/behaviortree_cpp/include/behaviortree_cpp/loggers/bt_cout_logger.h
[124.907s] -- Installing: /home/xinzhu/sentry_ws/install/behaviortree_cpp/include/behaviortree_cpp/loggers/bt_minitrace_logger.h
[124.907s] -- Installing: /home/xinzhu/sentry_ws/install/behaviortree_cpp/include/behaviortree_cpp/loggers/bt_file_logger.h
[124.907s] -- Installing: /home/xinzhu/sentry_ws/install/behaviortree_cpp/include/behaviortree_cpp/loggers/bt_file_logger_v2.h
[124.907s] -- Installing: /home/xinzhu/sentry_ws/install/behaviortree_cpp/include/behaviortree_cpp/loggers/groot2_publisher.h
[124.907s] -- Installing: /home/xinzhu/sentry_ws/install/behaviortree_cpp/include/behaviortree_cpp/loggers/bt_observer.h
[124.908s] -- Installing: /home/xinzhu/sentry_ws/install/behaviortree_cpp/include/behaviortree_cpp/loggers/abstract_logger.h
[124.908s] -- Installing: /home/xinzhu/sentry_ws/install/behaviortree_cpp/include/behaviortree_cpp/blackboard.h
[124.908s] -- Installing: /home/xinzhu/sentry_ws/install/behaviortree_cpp/include/behaviortree_cpp/controls
[124.908s] -- Installing: /home/xinzhu/sentry_ws/install/behaviortree_cpp/include/behaviortree_cpp/controls/parallel_all_node.h
[124.908s] -- Installing: /home/xinzhu/sentry_ws/install/behaviortree_cpp/include/behaviortree_cpp/controls/reactive_fallback.h
[124.908s] -- Installing: /home/xinzhu/sentry_ws/install/behaviortree_cpp/include/behaviortree_cpp/controls/fallback_node.h
[124.908s] -- Installing: /home/xinzhu/sentry_ws/install/behaviortree_cpp/include/behaviortree_cpp/controls/parallel_node.h
[124.908s] -- Installing: /home/xinzhu/sentry_ws/install/behaviortree_cpp/include/behaviortree_cpp/controls/switch_node.h
[124.908s] -- Installing: /home/xinzhu/sentry_ws/install/behaviortree_cpp/include/behaviortree_cpp/controls/sequence_node.h
[124.908s] -- Installing: /home/xinzhu/sentry_ws/install/behaviortree_cpp/include/behaviortree_cpp/controls/sequence_with_memory_node.h
[124.908s] -- Installing: /home/xinzhu/sentry_ws/install/behaviortree_cpp/include/behaviortree_cpp/controls/reactive_sequence.h
[124.908s] -- Installing: /home/xinzhu/sentry_ws/install/behaviortree_cpp/include/behaviortree_cpp/controls/manual_node.h
[124.908s] -- Installing: /home/xinzhu/sentry_ws/install/behaviortree_cpp/include/behaviortree_cpp/controls/while_do_else_node.h
[124.908s] -- Installing: /home/xinzhu/sentry_ws/install/behaviortree_cpp/include/behaviortree_cpp/controls/if_then_else_node.h
[124.908s] -- Installing: /home/xinzhu/sentry_ws/install/behaviortree_cpp/include/behaviortree_cpp/bt_factory.h
[124.908s] -- Installing: /home/xinzhu/sentry_ws/install/behaviortree_cpp/include/behaviortree_cpp/decorators
[124.908s] -- Installing: /home/xinzhu/sentry_ws/install/behaviortree_cpp/include/behaviortree_cpp/decorators/repeat_node.h
[124.908s] -- Installing: /home/xinzhu/sentry_ws/install/behaviortree_cpp/include/behaviortree_cpp/decorators/timeout_node.h
[124.908s] -- Installing: /home/xinzhu/sentry_ws/install/behaviortree_cpp/include/behaviortree_cpp/decorators/consume_queue.h
[124.908s] -- Installing: /home/xinzhu/sentry_ws/install/behaviortree_cpp/include/behaviortree_cpp/decorators/force_failure_node.h
[124.908s] -- Installing: /home/xinzhu/sentry_ws/install/behaviortree_cpp/include/behaviortree_cpp/decorators/force_success_node.h
[124.908s] -- Installing: /home/xinzhu/sentry_ws/install/behaviortree_cpp/include/behaviortree_cpp/decorators/inverter_node.h
[124.909s] -- Installing: /home/xinzhu/sentry_ws/install/behaviortree_cpp/include/behaviortree_cpp/decorators/loop_node.h
[124.909s] -- Installing: /home/xinzhu/sentry_ws/install/behaviortree_cpp/include/behaviortree_cpp/decorators/subtree_node.h
[124.909s] -- Installing: /home/xinzhu/sentry_ws/install/behaviortree_cpp/include/behaviortree_cpp/decorators/keep_running_until_failure_node.h
[124.909s] -- Installing: /home/xinzhu/sentry_ws/install/behaviortree_cpp/include/behaviortree_cpp/decorators/retry_node.h
[124.909s] -- Installing: /home/xinzhu/sentry_ws/install/behaviortree_cpp/include/behaviortree_cpp/decorators/run_once_node.h
[124.909s] -- Installing: /home/xinzhu/sentry_ws/install/behaviortree_cpp/include/behaviortree_cpp/decorators/script_precondition.h
[124.909s] -- Installing: /home/xinzhu/sentry_ws/install/behaviortree_cpp/include/behaviortree_cpp/decorators/delay_node.h
[124.910s] Invoked command in '/home/xinzhu/sentry_ws/build/behaviortree_cpp' returned '0': CMAKE_PREFIX_PATH=${CMAKE_PREFIX_PATH}:/home/xinzhu/Desktop/sentry_ws/install/control_panel:/opt/ros/humble PS1=%F{green}%n@%m%f%F{white}:%f%F{blue}%~%f%F{white}$%f /usr/local/bin/cmake --install /home/xinzhu/sentry_ws/build/behaviortree_cpp
