[0mCMake Deprecation Warning at CMakeLists.txt:1 (cmake_minimum_required):
  Compatibility with CMake < 3.10 will be removed from a future version of
  CMake.

  Update the VERSION argument <min> value.  Or, use the <min>...<max> syntax
  to tell CMake that the project requires at least <min> but has been updated
  to work with policies introduced by <max> or earlier.

[0m
-- Found ament_cmake: 1.3.14 (/opt/ros/humble/share/ament_cmake/cmake)
-- Override CMake install command with custom implementation using symlinks instead of copying resources
-- Found rosidl_default_generators: 1.2.1 (/opt/ros/humble/share/rosidl_default_generators/cmake)
-- Using all available rosidl_typesupport_c: rosidl_typesupport_fastrtps_c;rosidl_typesupport_introspection_c
-- Found rosidl_adapter: 3.1.8 (/opt/ros/humble/share/rosidl_adapter/cmake)
-- Using all available rosidl_typesupport_cpp: rosidl_typesupport_fastrtps_cpp;rosidl_typesupport_introspection_cpp
-- Found geometry_msgs: 4.9.1 (/opt/ros/humble/share/geometry_msgs/cmake)
-- Found ament_cmake_ros: 0.10.0 (/opt/ros/humble/share/ament_cmake_ros/cmake)
-- Using all available rosidl_typesupport_c: rosidl_typesupport_fastrtps_c;rosidl_typesupport_introspection_c
-- Using all available rosidl_typesupport_cpp: rosidl_typesupport_fastrtps_cpp;rosidl_typesupport_introspection_cpp
[33mCMake Warning (dev) at /opt/ros/humble/share/rosidl_generator_py/cmake/rosidl_generator_py_generate_interfaces.cmake:20 (find_package):
  Policy CMP0148 is not set: The FindPythonInterp and FindPythonLibs modules
  are removed.  Run "cmake --help-policy CMP0148" for policy details.  Use
  the cmake_policy command to set the policy and suppress this warning.

Call Stack (most recent call first):
  /opt/ros/humble/share/ament_cmake_core/cmake/core/ament_execute_extensions.cmake:48 (include)
  /opt/ros/humble/share/rosidl_cmake/cmake/rosidl_generate_interfaces.cmake:286 (ament_execute_extensions)
  CMakeLists.txt:13 (rosidl_generate_interfaces)
This warning is for project developers.  Use -Wno-dev to suppress it.
[0m
-- Found python_cmake_module: 0.10.0 (/opt/ros/humble/share/python_cmake_module/cmake)
[33mCMake Warning (dev) at /opt/ros/humble/share/python_cmake_module/cmake/Modules/FindPythonExtra.cmake:52 (find_package):
  Policy CMP0148 is not set: The FindPythonInterp and FindPythonLibs modules
  are removed.  Run "cmake --help-policy CMP0148" for policy details.  Use
  the cmake_policy command to set the policy and suppress this warning.

Call Stack (most recent call first):
  /opt/ros/humble/share/rosidl_generator_py/cmake/rosidl_generator_py_generate_interfaces.cmake:23 (find_package)
  /opt/ros/humble/share/ament_cmake_core/cmake/core/ament_execute_extensions.cmake:48 (include)
  /opt/ros/humble/share/rosidl_cmake/cmake/rosidl_generate_interfaces.cmake:286 (ament_execute_extensions)
  CMakeLists.txt:13 (rosidl_generate_interfaces)
This warning is for project developers.  Use -Wno-dev to suppress it.
[0m
[33mCMake Warning (dev) at /opt/ros/humble/share/python_cmake_module/cmake/Modules/FindPythonExtra.cmake:140 (find_package):
  Policy CMP0148 is not set: The FindPythonInterp and FindPythonLibs modules
  are removed.  Run "cmake --help-policy CMP0148" for policy details.  Use
  the cmake_policy command to set the policy and suppress this warning.

Call Stack (most recent call first):
  /opt/ros/humble/share/rosidl_generator_py/cmake/rosidl_generator_py_generate_interfaces.cmake:23 (find_package)
  /opt/ros/humble/share/ament_cmake_core/cmake/core/ament_execute_extensions.cmake:48 (include)
  /opt/ros/humble/share/rosidl_cmake/cmake/rosidl_generate_interfaces.cmake:286 (ament_execute_extensions)
  CMakeLists.txt:13 (rosidl_generate_interfaces)
This warning is for project developers.  Use -Wno-dev to suppress it.
[0m
-- Using PYTHON_EXECUTABLE: /usr/bin/python3
-- Using PYTHON_INCLUDE_DIRS: /usr/include/python3.10
-- Using PYTHON_LIBRARIES: /usr/lib/x86_64-linux-gnu/libpython3.10.so
-- Configuring done (2.1s)
-- Generating done (0.1s)
-- Build files have been written to: /home/xinzhu/sentry_ws/build/auto_aim_interfaces
[  0%] [34m[1mGenerating C code for ROS interfaces[0m
[  1%] [34m[1mGenerating Rust code for ROS interfaces[0m
[  1%] [34m[1mGenerating C++ code for ROS interfaces[0m
[  1%] Built target ament_cmake_python_symlink_auto_aim_interfaces
running egg_info
writing auto_aim_interfaces.egg-info/PKG-INFO
writing dependency_links to auto_aim_interfaces.egg-info/dependency_links.txt
writing top-level names to auto_aim_interfaces.egg-info/top_level.txt
reading manifest file 'auto_aim_interfaces.egg-info/SOURCES.txt'
writing manifest file 'auto_aim_interfaces.egg-info/SOURCES.txt'
[  1%] Built target ament_cmake_python_build_auto_aim_interfaces_egg
[  1%] Built target auto_aim_interfaces__rs
[  1%] Built target auto_aim_interfaces__cpp
[  2%] [34m[1mGenerating C++ introspection for ROS interfaces[0m
[  3%] [34m[1mGenerating C++ type support dispatch for ROS interfaces[0m
[  4%] [34m[1mGenerating C++ type support for eProsima Fast-RTPS[0m
[  5%] [32mBuilding C object CMakeFiles/auto_aim_interfaces__rosidl_generator_c.dir/rosidl_generator_c/auto_aim_interfaces/msg/detail/armor__functions.c.o[0m
[  5%] [32mBuilding C object CMakeFiles/auto_aim_interfaces__rosidl_generator_c.dir/rosidl_generator_c/auto_aim_interfaces/msg/detail/armors__functions.c.o[0m
[  5%] [32mBuilding C object CMakeFiles/auto_aim_interfaces__rosidl_generator_c.dir/rosidl_generator_c/auto_aim_interfaces/msg/detail/point2d__functions.c.o[0m
[  6%] [32mBuilding C object CMakeFiles/auto_aim_interfaces__rosidl_generator_c.dir/rosidl_generator_c/auto_aim_interfaces/msg/detail/target__functions.c.o[0m
[  7%] [32mBuilding C object CMakeFiles/auto_aim_interfaces__rosidl_generator_c.dir/rosidl_generator_c/auto_aim_interfaces/msg/detail/rune_target__functions.c.o[0m
[  8%] [32mBuilding C object CMakeFiles/auto_aim_interfaces__rosidl_generator_c.dir/rosidl_generator_c/auto_aim_interfaces/msg/detail/gimbal_cmd__functions.c.o[0m
[  8%] [32mBuilding C object CMakeFiles/auto_aim_interfaces__rosidl_generator_c.dir/rosidl_generator_c/auto_aim_interfaces/msg/detail/chassis_cmd__functions.c.o[0m
[  9%] [32mBuilding C object CMakeFiles/auto_aim_interfaces__rosidl_generator_c.dir/rosidl_generator_c/auto_aim_interfaces/msg/detail/debug_light__functions.c.o[0m
[ 10%] [32mBuilding C object CMakeFiles/auto_aim_interfaces__rosidl_generator_c.dir/rosidl_generator_c/auto_aim_interfaces/msg/detail/debug_lights__functions.c.o[0m
[ 11%] [32mBuilding C object CMakeFiles/auto_aim_interfaces__rosidl_generator_c.dir/rosidl_generator_c/auto_aim_interfaces/msg/detail/debug_armors__functions.c.o[0m
[ 11%] [32mBuilding C object CMakeFiles/auto_aim_interfaces__rosidl_generator_c.dir/rosidl_generator_c/auto_aim_interfaces/msg/detail/debug_armor__functions.c.o[0m
[ 12%] [32mBuilding C object CMakeFiles/auto_aim_interfaces__rosidl_generator_c.dir/rosidl_generator_c/auto_aim_interfaces/msg/detail/measurement__functions.c.o[0m
[ 12%] [32mBuilding C object CMakeFiles/auto_aim_interfaces__rosidl_generator_c.dir/rosidl_generator_c/auto_aim_interfaces/msg/detail/debug_rune_angle__functions.c.o[0m
[ 13%] [32mBuilding C object CMakeFiles/auto_aim_interfaces__rosidl_generator_c.dir/rosidl_generator_c/auto_aim_interfaces/msg/detail/judge_system_data__functions.c.o[0m
[ 13%] [32mBuilding C object CMakeFiles/auto_aim_interfaces__rosidl_generator_c.dir/rosidl_generator_c/auto_aim_interfaces/msg/detail/operator_command__functions.c.o[0m
[ 14%] [32mBuilding C object CMakeFiles/auto_aim_interfaces__rosidl_generator_c.dir/rosidl_generator_c/auto_aim_interfaces/msg/detail/serial_receive_data__functions.c.o[0m
[ 14%] [32mBuilding C object CMakeFiles/auto_aim_interfaces__rosidl_generator_c.dir/rosidl_generator_c/auto_aim_interfaces/msg/detail/game_state__functions.c.o[0m
[ 15%] [32mBuilding C object CMakeFiles/auto_aim_interfaces__rosidl_generator_c.dir/rosidl_generator_c/auto_aim_interfaces/srv/detail/set_mode__functions.c.o[0m
[ 15%] [32mBuilding CXX object CMakeFiles/auto_aim_interfaces__rosidl_typesupport_cpp.dir/rosidl_typesupport_cpp/auto_aim_interfaces/msg/armor__type_support.cpp.o[0m
[ 16%] [32mBuilding CXX object CMakeFiles/auto_aim_interfaces__rosidl_typesupport_cpp.dir/rosidl_typesupport_cpp/auto_aim_interfaces/msg/armors__type_support.cpp.o[0m
[ 16%] [32mBuilding CXX object CMakeFiles/auto_aim_interfaces__rosidl_typesupport_cpp.dir/rosidl_typesupport_cpp/auto_aim_interfaces/msg/target__type_support.cpp.o[0m
[ 17%] [32mBuilding CXX object CMakeFiles/auto_aim_interfaces__rosidl_typesupport_cpp.dir/rosidl_typesupport_cpp/auto_aim_interfaces/msg/point2d__type_support.cpp.o[0m
[ 17%] [32mBuilding CXX object CMakeFiles/auto_aim_interfaces__rosidl_typesupport_cpp.dir/rosidl_typesupport_cpp/auto_aim_interfaces/msg/gimbal_cmd__type_support.cpp.o[0m
[ 19%] [32mBuilding CXX object CMakeFiles/auto_aim_interfaces__rosidl_typesupport_cpp.dir/rosidl_typesupport_cpp/auto_aim_interfaces/msg/chassis_cmd__type_support.cpp.o[0m
[ 19%] [32mBuilding CXX object CMakeFiles/auto_aim_interfaces__rosidl_typesupport_cpp.dir/rosidl_typesupport_cpp/auto_aim_interfaces/msg/rune_target__type_support.cpp.o[0m
[ 19%] [32mBuilding CXX object CMakeFiles/auto_aim_interfaces__rosidl_typesupport_cpp.dir/rosidl_typesupport_cpp/auto_aim_interfaces/msg/debug_light__type_support.cpp.o[0m
[ 20%] [32mBuilding CXX object CMakeFiles/auto_aim_interfaces__rosidl_typesupport_cpp.dir/rosidl_typesupport_cpp/auto_aim_interfaces/msg/debug_lights__type_support.cpp.o[0m
[ 21%] [32mBuilding CXX object CMakeFiles/auto_aim_interfaces__rosidl_typesupport_cpp.dir/rosidl_typesupport_cpp/auto_aim_interfaces/msg/debug_armor__type_support.cpp.o[0m
[ 21%] [32mBuilding CXX object CMakeFiles/auto_aim_interfaces__rosidl_typesupport_cpp.dir/rosidl_typesupport_cpp/auto_aim_interfaces/msg/debug_armors__type_support.cpp.o[0m
[ 22%] [32mBuilding CXX object CMakeFiles/auto_aim_interfaces__rosidl_typesupport_cpp.dir/rosidl_typesupport_cpp/auto_aim_interfaces/msg/debug_rune_angle__type_support.cpp.o[0m
[ 22%] [32mBuilding CXX object CMakeFiles/auto_aim_interfaces__rosidl_typesupport_cpp.dir/rosidl_typesupport_cpp/auto_aim_interfaces/msg/measurement__type_support.cpp.o[0m
[ 23%] [32m[1mLinking C shared library libauto_aim_interfaces__rosidl_generator_c.so[0m
[ 23%] Built target auto_aim_interfaces__rosidl_generator_c
[ 24%] [32mBuilding CXX object CMakeFiles/auto_aim_interfaces__rosidl_typesupport_cpp.dir/rosidl_typesupport_cpp/auto_aim_interfaces/msg/judge_system_data__type_support.cpp.o[0m
[ 25%] [34m[1mGenerating C type support for eProsima Fast-RTPS[0m
[ 26%] [34m[1mGenerating C introspection for ROS interfaces[0m
[ 26%] [32mBuilding CXX object CMakeFiles/auto_aim_interfaces__rosidl_typesupport_introspection_cpp.dir/rosidl_typesupport_introspection_cpp/auto_aim_interfaces/msg/detail/armor__type_support.cpp.o[0m
[ 27%] [32mBuilding CXX object CMakeFiles/auto_aim_interfaces__rosidl_typesupport_introspection_cpp.dir/rosidl_typesupport_introspection_cpp/auto_aim_interfaces/msg/detail/armors__type_support.cpp.o[0m
[ 28%] [32mBuilding CXX object CMakeFiles/auto_aim_interfaces__rosidl_typesupport_cpp.dir/rosidl_typesupport_cpp/auto_aim_interfaces/msg/operator_command__type_support.cpp.o[0m
[ 28%] [32mBuilding CXX object CMakeFiles/auto_aim_interfaces__rosidl_typesupport_cpp.dir/rosidl_typesupport_cpp/auto_aim_interfaces/msg/serial_receive_data__type_support.cpp.o[0m
[ 29%] [34m[1mGenerating C type support dispatch for ROS interfaces[0m
[ 30%] [32mBuilding CXX object CMakeFiles/auto_aim_interfaces__rosidl_typesupport_cpp.dir/rosidl_typesupport_cpp/auto_aim_interfaces/msg/game_state__type_support.cpp.o[0m
[ 30%] [32mBuilding CXX object CMakeFiles/auto_aim_interfaces__rosidl_typesupport_cpp.dir/rosidl_typesupport_cpp/auto_aim_interfaces/srv/set_mode__type_support.cpp.o[0m
[ 30%] [32mBuilding CXX object CMakeFiles/auto_aim_interfaces__rosidl_typesupport_introspection_cpp.dir/rosidl_typesupport_introspection_cpp/auto_aim_interfaces/msg/detail/target__type_support.cpp.o[0m
[ 31%] [32mBuilding CXX object CMakeFiles/auto_aim_interfaces__rosidl_typesupport_introspection_cpp.dir/rosidl_typesupport_introspection_cpp/auto_aim_interfaces/msg/detail/rune_target__type_support.cpp.o[0m
[ 32%] [32mBuilding CXX object CMakeFiles/auto_aim_interfaces__rosidl_typesupport_introspection_cpp.dir/rosidl_typesupport_introspection_cpp/auto_aim_interfaces/msg/detail/point2d__type_support.cpp.o[0m
[ 32%] [32mBuilding CXX object CMakeFiles/auto_aim_interfaces__rosidl_typesupport_introspection_cpp.dir/rosidl_typesupport_introspection_cpp/auto_aim_interfaces/msg/detail/gimbal_cmd__type_support.cpp.o[0m
[ 33%] [32mBuilding CXX object CMakeFiles/auto_aim_interfaces__rosidl_typesupport_introspection_cpp.dir/rosidl_typesupport_introspection_cpp/auto_aim_interfaces/msg/detail/chassis_cmd__type_support.cpp.o[0m
[ 33%] [32mBuilding CXX object CMakeFiles/auto_aim_interfaces__rosidl_typesupport_introspection_cpp.dir/rosidl_typesupport_introspection_cpp/auto_aim_interfaces/msg/detail/debug_light__type_support.cpp.o[0m
[ 34%] [32mBuilding CXX object CMakeFiles/auto_aim_interfaces__rosidl_typesupport_introspection_cpp.dir/rosidl_typesupport_introspection_cpp/auto_aim_interfaces/msg/detail/debug_lights__type_support.cpp.o[0m
[ 35%] [32mBuilding CXX object CMakeFiles/auto_aim_interfaces__rosidl_typesupport_introspection_cpp.dir/rosidl_typesupport_introspection_cpp/auto_aim_interfaces/msg/detail/debug_armor__type_support.cpp.o[0m
[ 35%] [32mBuilding CXX object CMakeFiles/auto_aim_interfaces__rosidl_typesupport_introspection_cpp.dir/rosidl_typesupport_introspection_cpp/auto_aim_interfaces/msg/detail/debug_armors__type_support.cpp.o[0m
[ 36%] [32mBuilding CXX object CMakeFiles/auto_aim_interfaces__rosidl_typesupport_introspection_cpp.dir/rosidl_typesupport_introspection_cpp/auto_aim_interfaces/msg/detail/debug_rune_angle__type_support.cpp.o[0m
[ 36%] [32mBuilding CXX object CMakeFiles/auto_aim_interfaces__rosidl_typesupport_fastrtps_cpp.dir/rosidl_typesupport_fastrtps_cpp/auto_aim_interfaces/msg/detail/dds_fastrtps/armor__type_support.cpp.o[0m
[ 37%] [32m[1mLinking CXX shared library libauto_aim_interfaces__rosidl_typesupport_cpp.so[0m
[ 37%] [32mBuilding CXX object CMakeFiles/auto_aim_interfaces__rosidl_typesupport_introspection_cpp.dir/rosidl_typesupport_introspection_cpp/auto_aim_interfaces/msg/detail/measurement__type_support.cpp.o[0m
[ 38%] [32mBuilding CXX object CMakeFiles/auto_aim_interfaces__rosidl_typesupport_introspection_cpp.dir/rosidl_typesupport_introspection_cpp/auto_aim_interfaces/msg/detail/judge_system_data__type_support.cpp.o[0m
[ 38%] Built target auto_aim_interfaces__rosidl_typesupport_cpp
[ 39%] [32mBuilding CXX object CMakeFiles/auto_aim_interfaces__rosidl_typesupport_fastrtps_cpp.dir/rosidl_typesupport_fastrtps_cpp/auto_aim_interfaces/msg/detail/dds_fastrtps/armors__type_support.cpp.o[0m
[ 39%] [32mBuilding CXX object CMakeFiles/auto_aim_interfaces__rosidl_typesupport_fastrtps_cpp.dir/rosidl_typesupport_fastrtps_cpp/auto_aim_interfaces/msg/detail/dds_fastrtps/target__type_support.cpp.o[0m
[ 40%] [32mBuilding CXX object CMakeFiles/auto_aim_interfaces__rosidl_typesupport_fastrtps_cpp.dir/rosidl_typesupport_fastrtps_cpp/auto_aim_interfaces/msg/detail/dds_fastrtps/rune_target__type_support.cpp.o[0m
[ 41%] [32mBuilding CXX object CMakeFiles/auto_aim_interfaces__rosidl_typesupport_fastrtps_cpp.dir/rosidl_typesupport_fastrtps_cpp/auto_aim_interfaces/msg/detail/dds_fastrtps/point2d__type_support.cpp.o[0m
[ 42%] [32mBuilding CXX object CMakeFiles/auto_aim_interfaces__rosidl_typesupport_introspection_cpp.dir/rosidl_typesupport_introspection_cpp/auto_aim_interfaces/msg/detail/operator_command__type_support.cpp.o[0m
[ 42%] [32mBuilding CXX object CMakeFiles/auto_aim_interfaces__rosidl_typesupport_c.dir/rosidl_typesupport_c/auto_aim_interfaces/msg/armor__type_support.cpp.o[0m
[ 42%] [32mBuilding CXX object CMakeFiles/auto_aim_interfaces__rosidl_typesupport_introspection_cpp.dir/rosidl_typesupport_introspection_cpp/auto_aim_interfaces/msg/detail/serial_receive_data__type_support.cpp.o[0m
[ 43%] [32mBuilding CXX object CMakeFiles/auto_aim_interfaces__rosidl_typesupport_c.dir/rosidl_typesupport_c/auto_aim_interfaces/msg/armors__type_support.cpp.o[0m
[ 43%] [32mBuilding CXX object CMakeFiles/auto_aim_interfaces__rosidl_typesupport_c.dir/rosidl_typesupport_c/auto_aim_interfaces/msg/target__type_support.cpp.o[0m
[ 44%] [32mBuilding CXX object CMakeFiles/auto_aim_interfaces__rosidl_typesupport_c.dir/rosidl_typesupport_c/auto_aim_interfaces/msg/rune_target__type_support.cpp.o[0m
[ 44%] [32mBuilding CXX object CMakeFiles/auto_aim_interfaces__rosidl_typesupport_fastrtps_cpp.dir/rosidl_typesupport_fastrtps_cpp/auto_aim_interfaces/msg/detail/dds_fastrtps/gimbal_cmd__type_support.cpp.o[0m
[ 45%] [32mBuilding CXX object CMakeFiles/auto_aim_interfaces__rosidl_typesupport_fastrtps_cpp.dir/rosidl_typesupport_fastrtps_cpp/auto_aim_interfaces/msg/detail/dds_fastrtps/chassis_cmd__type_support.cpp.o[0m
[ 45%] [32mBuilding CXX object CMakeFiles/auto_aim_interfaces__rosidl_typesupport_c.dir/rosidl_typesupport_c/auto_aim_interfaces/msg/point2d__type_support.cpp.o[0m
[ 45%] [32mBuilding CXX object CMakeFiles/auto_aim_interfaces__rosidl_typesupport_fastrtps_cpp.dir/rosidl_typesupport_fastrtps_cpp/auto_aim_interfaces/msg/detail/dds_fastrtps/debug_light__type_support.cpp.o[0m
[ 46%] [32mBuilding CXX object CMakeFiles/auto_aim_interfaces__rosidl_typesupport_introspection_cpp.dir/rosidl_typesupport_introspection_cpp/auto_aim_interfaces/msg/detail/game_state__type_support.cpp.o[0m
[ 47%] [32mBuilding CXX object CMakeFiles/auto_aim_interfaces__rosidl_typesupport_c.dir/rosidl_typesupport_c/auto_aim_interfaces/msg/gimbal_cmd__type_support.cpp.o[0m
[ 47%] [32mBuilding CXX object CMakeFiles/auto_aim_interfaces__rosidl_typesupport_introspection_cpp.dir/rosidl_typesupport_introspection_cpp/auto_aim_interfaces/srv/detail/set_mode__type_support.cpp.o[0m
[ 48%] [32mBuilding CXX object CMakeFiles/auto_aim_interfaces__rosidl_typesupport_fastrtps_cpp.dir/rosidl_typesupport_fastrtps_cpp/auto_aim_interfaces/msg/detail/dds_fastrtps/debug_lights__type_support.cpp.o[0m
[ 49%] [32mBuilding CXX object CMakeFiles/auto_aim_interfaces__rosidl_typesupport_c.dir/rosidl_typesupport_c/auto_aim_interfaces/msg/chassis_cmd__type_support.cpp.o[0m
[ 50%] [32mBuilding CXX object CMakeFiles/auto_aim_interfaces__rosidl_typesupport_fastrtps_cpp.dir/rosidl_typesupport_fastrtps_cpp/auto_aim_interfaces/msg/detail/dds_fastrtps/debug_armor__type_support.cpp.o[0m
[ 50%] [32mBuilding CXX object CMakeFiles/auto_aim_interfaces__rosidl_typesupport_c.dir/rosidl_typesupport_c/auto_aim_interfaces/msg/debug_light__type_support.cpp.o[0m
[ 51%] [32mBuilding CXX object CMakeFiles/auto_aim_interfaces__rosidl_typesupport_c.dir/rosidl_typesupport_c/auto_aim_interfaces/msg/debug_lights__type_support.cpp.o[0m
[ 51%] [32mBuilding CXX object CMakeFiles/auto_aim_interfaces__rosidl_typesupport_c.dir/rosidl_typesupport_c/auto_aim_interfaces/msg/debug_armor__type_support.cpp.o[0m
[ 52%] [32mBuilding CXX object CMakeFiles/auto_aim_interfaces__rosidl_typesupport_fastrtps_cpp.dir/rosidl_typesupport_fastrtps_cpp/auto_aim_interfaces/msg/detail/dds_fastrtps/debug_armors__type_support.cpp.o[0m
[ 52%] [32mBuilding CXX object CMakeFiles/auto_aim_interfaces__rosidl_typesupport_fastrtps_cpp.dir/rosidl_typesupport_fastrtps_cpp/auto_aim_interfaces/msg/detail/dds_fastrtps/debug_rune_angle__type_support.cpp.o[0m
[ 52%] [32mBuilding CXX object CMakeFiles/auto_aim_interfaces__rosidl_typesupport_fastrtps_cpp.dir/rosidl_typesupport_fastrtps_cpp/auto_aim_interfaces/msg/detail/dds_fastrtps/measurement__type_support.cpp.o[0m
[ 52%] [32mBuilding C object CMakeFiles/auto_aim_interfaces__rosidl_typesupport_introspection_c.dir/rosidl_typesupport_introspection_c/auto_aim_interfaces/msg/detail/armor__type_support.c.o[0m
[ 53%] [32mBuilding CXX object CMakeFiles/auto_aim_interfaces__rosidl_typesupport_c.dir/rosidl_typesupport_c/auto_aim_interfaces/msg/debug_armors__type_support.cpp.o[0m
[ 54%] [32mBuilding CXX object CMakeFiles/auto_aim_interfaces__rosidl_typesupport_c.dir/rosidl_typesupport_c/auto_aim_interfaces/msg/debug_rune_angle__type_support.cpp.o[0m
[ 55%] [32mBuilding C object CMakeFiles/auto_aim_interfaces__rosidl_typesupport_introspection_c.dir/rosidl_typesupport_introspection_c/auto_aim_interfaces/msg/detail/armors__type_support.c.o[0m
[ 56%] [32mBuilding CXX object CMakeFiles/auto_aim_interfaces__rosidl_typesupport_fastrtps_cpp.dir/rosidl_typesupport_fastrtps_cpp/auto_aim_interfaces/msg/detail/dds_fastrtps/judge_system_data__type_support.cpp.o[0m
[ 56%] [32mBuilding CXX object CMakeFiles/auto_aim_interfaces__rosidl_typesupport_c.dir/rosidl_typesupport_c/auto_aim_interfaces/msg/measurement__type_support.cpp.o[0m
[ 57%] [32mBuilding CXX object CMakeFiles/auto_aim_interfaces__rosidl_typesupport_c.dir/rosidl_typesupport_c/auto_aim_interfaces/msg/judge_system_data__type_support.cpp.o[0m
[ 57%] [32mBuilding C object CMakeFiles/auto_aim_interfaces__rosidl_typesupport_introspection_c.dir/rosidl_typesupport_introspection_c/auto_aim_interfaces/msg/detail/target__type_support.c.o[0m
[ 57%] [32mBuilding CXX object CMakeFiles/auto_aim_interfaces__rosidl_typesupport_fastrtps_c.dir/rosidl_typesupport_fastrtps_c/auto_aim_interfaces/msg/detail/armor__type_support_c.cpp.o[0m
[ 58%] [32mBuilding C object CMakeFiles/auto_aim_interfaces__rosidl_typesupport_introspection_c.dir/rosidl_typesupport_introspection_c/auto_aim_interfaces/msg/detail/rune_target__type_support.c.o[0m
[ 58%] [32mBuilding CXX object CMakeFiles/auto_aim_interfaces__rosidl_typesupport_c.dir/rosidl_typesupport_c/auto_aim_interfaces/msg/operator_command__type_support.cpp.o[0m
[ 59%] [32mBuilding CXX object CMakeFiles/auto_aim_interfaces__rosidl_typesupport_c.dir/rosidl_typesupport_c/auto_aim_interfaces/msg/serial_receive_data__type_support.cpp.o[0m
[ 60%] [32mBuilding CXX object CMakeFiles/auto_aim_interfaces__rosidl_typesupport_c.dir/rosidl_typesupport_c/auto_aim_interfaces/msg/game_state__type_support.cpp.o[0m
[ 61%] [32mBuilding CXX object CMakeFiles/auto_aim_interfaces__rosidl_typesupport_fastrtps_cpp.dir/rosidl_typesupport_fastrtps_cpp/auto_aim_interfaces/msg/detail/dds_fastrtps/operator_command__type_support.cpp.o[0m
[ 61%] [32mBuilding C object CMakeFiles/auto_aim_interfaces__rosidl_typesupport_introspection_c.dir/rosidl_typesupport_introspection_c/auto_aim_interfaces/msg/detail/point2d__type_support.c.o[0m
[ 61%] [32mBuilding CXX object CMakeFiles/auto_aim_interfaces__rosidl_typesupport_c.dir/rosidl_typesupport_c/auto_aim_interfaces/srv/set_mode__type_support.cpp.o[0m
[ 61%] [32mBuilding CXX object CMakeFiles/auto_aim_interfaces__rosidl_typesupport_fastrtps_cpp.dir/rosidl_typesupport_fastrtps_cpp/auto_aim_interfaces/msg/detail/dds_fastrtps/serial_receive_data__type_support.cpp.o[0m
[ 62%] [32m[1mLinking CXX shared library libauto_aim_interfaces__rosidl_typesupport_c.so[0m
[ 63%] [32mBuilding C object CMakeFiles/auto_aim_interfaces__rosidl_typesupport_introspection_c.dir/rosidl_typesupport_introspection_c/auto_aim_interfaces/msg/detail/gimbal_cmd__type_support.c.o[0m
[ 64%] [32mBuilding CXX object CMakeFiles/auto_aim_interfaces__rosidl_typesupport_fastrtps_c.dir/rosidl_typesupport_fastrtps_c/auto_aim_interfaces/msg/detail/armors__type_support_c.cpp.o[0m
[ 65%] [32mBuilding C object CMakeFiles/auto_aim_interfaces__rosidl_typesupport_introspection_c.dir/rosidl_typesupport_introspection_c/auto_aim_interfaces/msg/detail/chassis_cmd__type_support.c.o[0m
[ 66%] [32m[1mLinking CXX shared library libauto_aim_interfaces__rosidl_typesupport_introspection_cpp.so[0m
[ 67%] [32mBuilding CXX object CMakeFiles/auto_aim_interfaces__rosidl_typesupport_fastrtps_cpp.dir/rosidl_typesupport_fastrtps_cpp/auto_aim_interfaces/msg/detail/dds_fastrtps/game_state__type_support.cpp.o[0m
[ 67%] [32mBuilding C object CMakeFiles/auto_aim_interfaces__rosidl_typesupport_introspection_c.dir/rosidl_typesupport_introspection_c/auto_aim_interfaces/msg/detail/debug_light__type_support.c.o[0m
[ 67%] [32mBuilding CXX object CMakeFiles/auto_aim_interfaces__rosidl_typesupport_fastrtps_c.dir/rosidl_typesupport_fastrtps_c/auto_aim_interfaces/msg/detail/target__type_support_c.cpp.o[0m
[ 67%] Built target auto_aim_interfaces__rosidl_typesupport_c
[ 68%] [32mBuilding CXX object CMakeFiles/auto_aim_interfaces__rosidl_typesupport_fastrtps_c.dir/rosidl_typesupport_fastrtps_c/auto_aim_interfaces/msg/detail/rune_target__type_support_c.cpp.o[0m
[ 69%] [32mBuilding C object CMakeFiles/auto_aim_interfaces__rosidl_typesupport_introspection_c.dir/rosidl_typesupport_introspection_c/auto_aim_interfaces/msg/detail/debug_lights__type_support.c.o[0m
[ 69%] Built target auto_aim_interfaces__rosidl_typesupport_introspection_cpp
[ 69%] [32mBuilding CXX object CMakeFiles/auto_aim_interfaces__rosidl_typesupport_fastrtps_c.dir/rosidl_typesupport_fastrtps_c/auto_aim_interfaces/msg/detail/point2d__type_support_c.cpp.o[0m
[ 69%] [32mBuilding CXX object CMakeFiles/auto_aim_interfaces__rosidl_typesupport_fastrtps_cpp.dir/rosidl_typesupport_fastrtps_cpp/auto_aim_interfaces/srv/detail/dds_fastrtps/set_mode__type_support.cpp.o[0m
[ 69%] [32mBuilding C object CMakeFiles/auto_aim_interfaces__rosidl_typesupport_introspection_c.dir/rosidl_typesupport_introspection_c/auto_aim_interfaces/msg/detail/debug_armor__type_support.c.o[0m
[ 70%] [32mBuilding C object CMakeFiles/auto_aim_interfaces__rosidl_typesupport_introspection_c.dir/rosidl_typesupport_introspection_c/auto_aim_interfaces/msg/detail/debug_armors__type_support.c.o[0m
[ 71%] [32mBuilding CXX object CMakeFiles/auto_aim_interfaces__rosidl_typesupport_fastrtps_c.dir/rosidl_typesupport_fastrtps_c/auto_aim_interfaces/msg/detail/gimbal_cmd__type_support_c.cpp.o[0m
[ 72%] [32mBuilding C object CMakeFiles/auto_aim_interfaces__rosidl_typesupport_introspection_c.dir/rosidl_typesupport_introspection_c/auto_aim_interfaces/msg/detail/debug_rune_angle__type_support.c.o[0m
[ 72%] [32mBuilding C object CMakeFiles/auto_aim_interfaces__rosidl_typesupport_introspection_c.dir/rosidl_typesupport_introspection_c/auto_aim_interfaces/msg/detail/measurement__type_support.c.o[0m
[ 73%] [32mBuilding C object CMakeFiles/auto_aim_interfaces__rosidl_typesupport_introspection_c.dir/rosidl_typesupport_introspection_c/auto_aim_interfaces/msg/detail/judge_system_data__type_support.c.o[0m
[ 73%] [32mBuilding C object CMakeFiles/auto_aim_interfaces__rosidl_typesupport_introspection_c.dir/rosidl_typesupport_introspection_c/auto_aim_interfaces/msg/detail/operator_command__type_support.c.o[0m
[ 74%] [32mBuilding CXX object CMakeFiles/auto_aim_interfaces__rosidl_typesupport_fastrtps_c.dir/rosidl_typesupport_fastrtps_c/auto_aim_interfaces/msg/detail/chassis_cmd__type_support_c.cpp.o[0m
[ 74%] [32mBuilding CXX object CMakeFiles/auto_aim_interfaces__rosidl_typesupport_fastrtps_c.dir/rosidl_typesupport_fastrtps_c/auto_aim_interfaces/msg/detail/debug_light__type_support_c.cpp.o[0m
[ 75%] [32mBuilding CXX object CMakeFiles/auto_aim_interfaces__rosidl_typesupport_fastrtps_c.dir/rosidl_typesupport_fastrtps_c/auto_aim_interfaces/msg/detail/debug_lights__type_support_c.cpp.o[0m
[ 75%] [32mBuilding CXX object CMakeFiles/auto_aim_interfaces__rosidl_typesupport_fastrtps_c.dir/rosidl_typesupport_fastrtps_c/auto_aim_interfaces/msg/detail/debug_armor__type_support_c.cpp.o[0m
[ 76%] [32mBuilding CXX object CMakeFiles/auto_aim_interfaces__rosidl_typesupport_fastrtps_c.dir/rosidl_typesupport_fastrtps_c/auto_aim_interfaces/msg/detail/debug_armors__type_support_c.cpp.o[0m
[ 77%] [32mBuilding C object CMakeFiles/auto_aim_interfaces__rosidl_typesupport_introspection_c.dir/rosidl_typesupport_introspection_c/auto_aim_interfaces/msg/detail/serial_receive_data__type_support.c.o[0m
[ 78%] [32mBuilding C object CMakeFiles/auto_aim_interfaces__rosidl_typesupport_introspection_c.dir/rosidl_typesupport_introspection_c/auto_aim_interfaces/msg/detail/game_state__type_support.c.o[0m
[ 79%] [32mBuilding CXX object CMakeFiles/auto_aim_interfaces__rosidl_typesupport_fastrtps_c.dir/rosidl_typesupport_fastrtps_c/auto_aim_interfaces/msg/detail/debug_rune_angle__type_support_c.cpp.o[0m
[ 79%] [32mBuilding C object CMakeFiles/auto_aim_interfaces__rosidl_typesupport_introspection_c.dir/rosidl_typesupport_introspection_c/auto_aim_interfaces/srv/detail/set_mode__type_support.c.o[0m
[ 79%] [32mBuilding CXX object CMakeFiles/auto_aim_interfaces__rosidl_typesupport_fastrtps_c.dir/rosidl_typesupport_fastrtps_c/auto_aim_interfaces/msg/detail/measurement__type_support_c.cpp.o[0m
[ 80%] [32mBuilding CXX object CMakeFiles/auto_aim_interfaces__rosidl_typesupport_fastrtps_c.dir/rosidl_typesupport_fastrtps_c/auto_aim_interfaces/msg/detail/judge_system_data__type_support_c.cpp.o[0m
[ 81%] [32mBuilding CXX object CMakeFiles/auto_aim_interfaces__rosidl_typesupport_fastrtps_c.dir/rosidl_typesupport_fastrtps_c/auto_aim_interfaces/msg/detail/operator_command__type_support_c.cpp.o[0m
[ 81%] [32m[1mLinking C shared library libauto_aim_interfaces__rosidl_typesupport_introspection_c.so[0m
[ 82%] [32mBuilding CXX object CMakeFiles/auto_aim_interfaces__rosidl_typesupport_fastrtps_c.dir/rosidl_typesupport_fastrtps_c/auto_aim_interfaces/msg/detail/game_state__type_support_c.cpp.o[0m
[ 83%] [32mBuilding CXX object CMakeFiles/auto_aim_interfaces__rosidl_typesupport_fastrtps_c.dir/rosidl_typesupport_fastrtps_c/auto_aim_interfaces/msg/detail/serial_receive_data__type_support_c.cpp.o[0m
[ 83%] Built target auto_aim_interfaces__rosidl_typesupport_introspection_c
[ 83%] [32mBuilding CXX object CMakeFiles/auto_aim_interfaces__rosidl_typesupport_fastrtps_c.dir/rosidl_typesupport_fastrtps_c/auto_aim_interfaces/srv/detail/set_mode__type_support_c.cpp.o[0m
[ 84%] [32m[1mLinking CXX shared library libauto_aim_interfaces__rosidl_typesupport_fastrtps_cpp.so[0m
[ 84%] Built target auto_aim_interfaces__rosidl_typesupport_fastrtps_cpp
[ 85%] [32m[1mLinking CXX shared library libauto_aim_interfaces__rosidl_typesupport_fastrtps_c.so[0m
[ 85%] Built target auto_aim_interfaces__rosidl_typesupport_fastrtps_c
[ 85%] Built target auto_aim_interfaces
[ 86%] [34m[1mGenerating Python code for ROS interfaces[0m
[ 86%] Built target auto_aim_interfaces__py
[ 87%] [32mBuilding C object CMakeFiles/auto_aim_interfaces__rosidl_generator_py.dir/rosidl_generator_py/auto_aim_interfaces/msg/_target_s.c.o[0m
[ 87%] [32mBuilding C object CMakeFiles/auto_aim_interfaces__rosidl_generator_py.dir/rosidl_generator_py/auto_aim_interfaces/msg/_armors_s.c.o[0m
[ 88%] [32mBuilding C object CMakeFiles/auto_aim_interfaces__rosidl_generator_py.dir/rosidl_generator_py/auto_aim_interfaces/msg/_rune_target_s.c.o[0m
[ 88%] [32mBuilding C object CMakeFiles/auto_aim_interfaces__rosidl_generator_py.dir/rosidl_generator_py/auto_aim_interfaces/msg/_armor_s.c.o[0m
[ 88%] [32mBuilding C object CMakeFiles/auto_aim_interfaces__rosidl_generator_py.dir/rosidl_generator_py/auto_aim_interfaces/msg/_gimbal_cmd_s.c.o[0m
[ 89%] [32mBuilding C object CMakeFiles/auto_aim_interfaces__rosidl_generator_py.dir/rosidl_generator_py/auto_aim_interfaces/msg/_chassis_cmd_s.c.o[0m
[ 90%] [32mBuilding C object CMakeFiles/auto_aim_interfaces__rosidl_generator_py.dir/rosidl_generator_py/auto_aim_interfaces/msg/_point2d_s.c.o[0m
[ 90%] [32mBuilding C object CMakeFiles/auto_aim_interfaces__rosidl_generator_py.dir/rosidl_generator_py/auto_aim_interfaces/msg/_debug_light_s.c.o[0m
[ 91%] [32mBuilding C object CMakeFiles/auto_aim_interfaces__rosidl_generator_py.dir/rosidl_generator_py/auto_aim_interfaces/msg/_debug_lights_s.c.o[0m
[ 91%] [32mBuilding C object CMakeFiles/auto_aim_interfaces__rosidl_generator_py.dir/rosidl_generator_py/auto_aim_interfaces/msg/_debug_armors_s.c.o[0m
[ 92%] [32mBuilding C object CMakeFiles/auto_aim_interfaces__rosidl_generator_py.dir/rosidl_generator_py/auto_aim_interfaces/msg/_debug_armor_s.c.o[0m
[ 93%] [32mBuilding C object CMakeFiles/auto_aim_interfaces__rosidl_generator_py.dir/rosidl_generator_py/auto_aim_interfaces/msg/_measurement_s.c.o[0m
[ 93%] [32mBuilding C object CMakeFiles/auto_aim_interfaces__rosidl_generator_py.dir/rosidl_generator_py/auto_aim_interfaces/msg/_debug_rune_angle_s.c.o[0m
[ 94%] [32mBuilding C object CMakeFiles/auto_aim_interfaces__rosidl_generator_py.dir/rosidl_generator_py/auto_aim_interfaces/msg/_judge_system_data_s.c.o[0m
[ 94%] [32mBuilding C object CMakeFiles/auto_aim_interfaces__rosidl_generator_py.dir/rosidl_generator_py/auto_aim_interfaces/msg/_serial_receive_data_s.c.o[0m
[ 95%] [32mBuilding C object CMakeFiles/auto_aim_interfaces__rosidl_generator_py.dir/rosidl_generator_py/auto_aim_interfaces/msg/_operator_command_s.c.o[0m
[ 96%] [32mBuilding C object CMakeFiles/auto_aim_interfaces__rosidl_generator_py.dir/rosidl_generator_py/auto_aim_interfaces/msg/_game_state_s.c.o[0m
[ 96%] [32mBuilding C object CMakeFiles/auto_aim_interfaces__rosidl_generator_py.dir/rosidl_generator_py/auto_aim_interfaces/srv/_set_mode_s.c.o[0m
[ 97%] [32m[1mLinking C shared library rosidl_generator_py/auto_aim_interfaces/libauto_aim_interfaces__rosidl_generator_py.so[0m
[ 97%] Built target auto_aim_interfaces__rosidl_generator_py
[ 97%] [32mBuilding C object CMakeFiles/auto_aim_interfaces__rosidl_typesupport_introspection_c__pyext.dir/rosidl_generator_py/auto_aim_interfaces/_auto_aim_interfaces_s.ep.rosidl_typesupport_introspection_c.c.o[0m
[ 97%] [32mBuilding C object CMakeFiles/auto_aim_interfaces__rosidl_typesupport_c__pyext.dir/rosidl_generator_py/auto_aim_interfaces/_auto_aim_interfaces_s.ep.rosidl_typesupport_c.c.o[0m
[ 97%] [32mBuilding C object CMakeFiles/auto_aim_interfaces__rosidl_typesupport_fastrtps_c__pyext.dir/rosidl_generator_py/auto_aim_interfaces/_auto_aim_interfaces_s.ep.rosidl_typesupport_fastrtps_c.c.o[0m
[ 98%] [32m[1mLinking C shared library rosidl_generator_py/auto_aim_interfaces/auto_aim_interfaces_s__rosidl_typesupport_fastrtps_c.cpython-310-x86_64-linux-gnu.so[0m
[ 99%] [32m[1mLinking C shared library rosidl_generator_py/auto_aim_interfaces/auto_aim_interfaces_s__rosidl_typesupport_c.cpython-310-x86_64-linux-gnu.so[0m
[100%] [32m[1mLinking C shared library rosidl_generator_py/auto_aim_interfaces/auto_aim_interfaces_s__rosidl_typesupport_introspection_c.cpython-310-x86_64-linux-gnu.so[0m
[100%] Built target auto_aim_interfaces__rosidl_typesupport_fastrtps_c__pyext
[100%] Built target auto_aim_interfaces__rosidl_typesupport_c__pyext
[100%] Built target auto_aim_interfaces__rosidl_typesupport_introspection_c__pyext
-- Install configuration: "Release"
-- Execute custom install script
-- Up-to-date symlink: /home/xinzhu/sentry_ws/install/auto_aim_interfaces/share/ament_index/resource_index/rosidl_interfaces/auto_aim_interfaces
-- Up-to-date symlink: /home/xinzhu/sentry_ws/install/auto_aim_interfaces/include/auto_aim_interfaces/auto_aim_interfaces/msg/armor.h
-- Up-to-date symlink: /home/xinzhu/sentry_ws/install/auto_aim_interfaces/include/auto_aim_interfaces/auto_aim_interfaces/msg/armors.h
-- Up-to-date symlink: /home/xinzhu/sentry_ws/install/auto_aim_interfaces/include/auto_aim_interfaces/auto_aim_interfaces/msg/chassis_cmd.h
-- Up-to-date symlink: /home/xinzhu/sentry_ws/install/auto_aim_interfaces/include/auto_aim_interfaces/auto_aim_interfaces/msg/debug_armor.h
-- Up-to-date symlink: /home/xinzhu/sentry_ws/install/auto_aim_interfaces/include/auto_aim_interfaces/auto_aim_interfaces/msg/debug_armors.h
-- Up-to-date symlink: /home/xinzhu/sentry_ws/install/auto_aim_interfaces/include/auto_aim_interfaces/auto_aim_interfaces/msg/debug_light.h
-- Up-to-date symlink: /home/xinzhu/sentry_ws/install/auto_aim_interfaces/include/auto_aim_interfaces/auto_aim_interfaces/msg/debug_lights.h
-- Up-to-date symlink: /home/xinzhu/sentry_ws/install/auto_aim_interfaces/include/auto_aim_interfaces/auto_aim_interfaces/msg/debug_rune_angle.h
-- Up-to-date symlink: /home/xinzhu/sentry_ws/install/auto_aim_interfaces/include/auto_aim_interfaces/auto_aim_interfaces/msg/detail/armor__functions.h
-- Up-to-date symlink: /home/xinzhu/sentry_ws/install/auto_aim_interfaces/include/auto_aim_interfaces/auto_aim_interfaces/msg/detail/armor__struct.h
-- Up-to-date symlink: /home/xinzhu/sentry_ws/install/auto_aim_interfaces/include/auto_aim_interfaces/auto_aim_interfaces/msg/detail/armor__type_support.h
-- Up-to-date symlink: /home/xinzhu/sentry_ws/install/auto_aim_interfaces/include/auto_aim_interfaces/auto_aim_interfaces/msg/detail/armors__functions.h
-- Up-to-date symlink: /home/xinzhu/sentry_ws/install/auto_aim_interfaces/include/auto_aim_interfaces/auto_aim_interfaces/msg/detail/armors__struct.h
-- Up-to-date symlink: /home/xinzhu/sentry_ws/install/auto_aim_interfaces/include/auto_aim_interfaces/auto_aim_interfaces/msg/detail/armors__type_support.h
-- Up-to-date symlink: /home/xinzhu/sentry_ws/install/auto_aim_interfaces/include/auto_aim_interfaces/auto_aim_interfaces/msg/detail/chassis_cmd__functions.h
-- Up-to-date symlink: /home/xinzhu/sentry_ws/install/auto_aim_interfaces/include/auto_aim_interfaces/auto_aim_interfaces/msg/detail/chassis_cmd__struct.h
-- Up-to-date symlink: /home/xinzhu/sentry_ws/install/auto_aim_interfaces/include/auto_aim_interfaces/auto_aim_interfaces/msg/detail/chassis_cmd__type_support.h
-- Up-to-date symlink: /home/xinzhu/sentry_ws/install/auto_aim_interfaces/include/auto_aim_interfaces/auto_aim_interfaces/msg/detail/debug_armor__functions.h
-- Up-to-date symlink: /home/xinzhu/sentry_ws/install/auto_aim_interfaces/include/auto_aim_interfaces/auto_aim_interfaces/msg/detail/debug_armor__struct.h
-- Up-to-date symlink: /home/xinzhu/sentry_ws/install/auto_aim_interfaces/include/auto_aim_interfaces/auto_aim_interfaces/msg/detail/debug_armor__type_support.h
-- Up-to-date symlink: /home/xinzhu/sentry_ws/install/auto_aim_interfaces/include/auto_aim_interfaces/auto_aim_interfaces/msg/detail/debug_armors__functions.h
-- Up-to-date symlink: /home/xinzhu/sentry_ws/install/auto_aim_interfaces/include/auto_aim_interfaces/auto_aim_interfaces/msg/detail/debug_armors__struct.h
-- Up-to-date symlink: /home/xinzhu/sentry_ws/install/auto_aim_interfaces/include/auto_aim_interfaces/auto_aim_interfaces/msg/detail/debug_armors__type_support.h
-- Up-to-date symlink: /home/xinzhu/sentry_ws/install/auto_aim_interfaces/include/auto_aim_interfaces/auto_aim_interfaces/msg/detail/debug_light__functions.h
-- Up-to-date symlink: /home/xinzhu/sentry_ws/install/auto_aim_interfaces/include/auto_aim_interfaces/auto_aim_interfaces/msg/detail/debug_light__struct.h
-- Up-to-date symlink: /home/xinzhu/sentry_ws/install/auto_aim_interfaces/include/auto_aim_interfaces/auto_aim_interfaces/msg/detail/debug_light__type_support.h
-- Up-to-date symlink: /home/xinzhu/sentry_ws/install/auto_aim_interfaces/include/auto_aim_interfaces/auto_aim_interfaces/msg/detail/debug_lights__functions.h
-- Up-to-date symlink: /home/xinzhu/sentry_ws/install/auto_aim_interfaces/include/auto_aim_interfaces/auto_aim_interfaces/msg/detail/debug_lights__struct.h
-- Up-to-date symlink: /home/xinzhu/sentry_ws/install/auto_aim_interfaces/include/auto_aim_interfaces/auto_aim_interfaces/msg/detail/debug_lights__type_support.h
-- Up-to-date symlink: /home/xinzhu/sentry_ws/install/auto_aim_interfaces/include/auto_aim_interfaces/auto_aim_interfaces/msg/detail/debug_rune_angle__functions.h
-- Up-to-date symlink: /home/xinzhu/sentry_ws/install/auto_aim_interfaces/include/auto_aim_interfaces/auto_aim_interfaces/msg/detail/debug_rune_angle__struct.h
-- Up-to-date symlink: /home/xinzhu/sentry_ws/install/auto_aim_interfaces/include/auto_aim_interfaces/auto_aim_interfaces/msg/detail/debug_rune_angle__type_support.h
-- Symlinking: /home/xinzhu/sentry_ws/install/auto_aim_interfaces/include/auto_aim_interfaces/auto_aim_interfaces/msg/detail/game_state__functions.h
-- Symlinking: /home/xinzhu/sentry_ws/install/auto_aim_interfaces/include/auto_aim_interfaces/auto_aim_interfaces/msg/detail/game_state__struct.h
-- Symlinking: /home/xinzhu/sentry_ws/install/auto_aim_interfaces/include/auto_aim_interfaces/auto_aim_interfaces/msg/detail/game_state__type_support.h
-- Up-to-date symlink: /home/xinzhu/sentry_ws/install/auto_aim_interfaces/include/auto_aim_interfaces/auto_aim_interfaces/msg/detail/gimbal_cmd__functions.h
-- Up-to-date symlink: /home/xinzhu/sentry_ws/install/auto_aim_interfaces/include/auto_aim_interfaces/auto_aim_interfaces/msg/detail/gimbal_cmd__struct.h
-- Up-to-date symlink: /home/xinzhu/sentry_ws/install/auto_aim_interfaces/include/auto_aim_interfaces/auto_aim_interfaces/msg/detail/gimbal_cmd__type_support.h
-- Up-to-date symlink: /home/xinzhu/sentry_ws/install/auto_aim_interfaces/include/auto_aim_interfaces/auto_aim_interfaces/msg/detail/judge_system_data__functions.h
-- Up-to-date symlink: /home/xinzhu/sentry_ws/install/auto_aim_interfaces/include/auto_aim_interfaces/auto_aim_interfaces/msg/detail/judge_system_data__struct.h
-- Up-to-date symlink: /home/xinzhu/sentry_ws/install/auto_aim_interfaces/include/auto_aim_interfaces/auto_aim_interfaces/msg/detail/judge_system_data__type_support.h
-- Up-to-date symlink: /home/xinzhu/sentry_ws/install/auto_aim_interfaces/include/auto_aim_interfaces/auto_aim_interfaces/msg/detail/measurement__functions.h
-- Up-to-date symlink: /home/xinzhu/sentry_ws/install/auto_aim_interfaces/include/auto_aim_interfaces/auto_aim_interfaces/msg/detail/measurement__struct.h
-- Up-to-date symlink: /home/xinzhu/sentry_ws/install/auto_aim_interfaces/include/auto_aim_interfaces/auto_aim_interfaces/msg/detail/measurement__type_support.h
-- Up-to-date symlink: /home/xinzhu/sentry_ws/install/auto_aim_interfaces/include/auto_aim_interfaces/auto_aim_interfaces/msg/detail/operator_command__functions.h
-- Up-to-date symlink: /home/xinzhu/sentry_ws/install/auto_aim_interfaces/include/auto_aim_interfaces/auto_aim_interfaces/msg/detail/operator_command__struct.h
-- Up-to-date symlink: /home/xinzhu/sentry_ws/install/auto_aim_interfaces/include/auto_aim_interfaces/auto_aim_interfaces/msg/detail/operator_command__type_support.h
-- Up-to-date symlink: /home/xinzhu/sentry_ws/install/auto_aim_interfaces/include/auto_aim_interfaces/auto_aim_interfaces/msg/detail/point2d__functions.h
-- Up-to-date symlink: /home/xinzhu/sentry_ws/install/auto_aim_interfaces/include/auto_aim_interfaces/auto_aim_interfaces/msg/detail/point2d__struct.h
-- Up-to-date symlink: /home/xinzhu/sentry_ws/install/auto_aim_interfaces/include/auto_aim_interfaces/auto_aim_interfaces/msg/detail/point2d__type_support.h
-- Up-to-date symlink: /home/xinzhu/sentry_ws/install/auto_aim_interfaces/include/auto_aim_interfaces/auto_aim_interfaces/msg/detail/rune_target__functions.h
-- Up-to-date symlink: /home/xinzhu/sentry_ws/install/auto_aim_interfaces/include/auto_aim_interfaces/auto_aim_interfaces/msg/detail/rune_target__struct.h
-- Up-to-date symlink: /home/xinzhu/sentry_ws/install/auto_aim_interfaces/include/auto_aim_interfaces/auto_aim_interfaces/msg/detail/rune_target__type_support.h
-- Up-to-date symlink: /home/xinzhu/sentry_ws/install/auto_aim_interfaces/include/auto_aim_interfaces/auto_aim_interfaces/msg/detail/serial_receive_data__functions.h
-- Up-to-date symlink: /home/xinzhu/sentry_ws/install/auto_aim_interfaces/include/auto_aim_interfaces/auto_aim_interfaces/msg/detail/serial_receive_data__struct.h
-- Up-to-date symlink: /home/xinzhu/sentry_ws/install/auto_aim_interfaces/include/auto_aim_interfaces/auto_aim_interfaces/msg/detail/serial_receive_data__type_support.h
-- Up-to-date symlink: /home/xinzhu/sentry_ws/install/auto_aim_interfaces/include/auto_aim_interfaces/auto_aim_interfaces/msg/detail/target__functions.h
-- Up-to-date symlink: /home/xinzhu/sentry_ws/install/auto_aim_interfaces/include/auto_aim_interfaces/auto_aim_interfaces/msg/detail/target__struct.h
-- Up-to-date symlink: /home/xinzhu/sentry_ws/install/auto_aim_interfaces/include/auto_aim_interfaces/auto_aim_interfaces/msg/detail/target__type_support.h
-- Symlinking: /home/xinzhu/sentry_ws/install/auto_aim_interfaces/include/auto_aim_interfaces/auto_aim_interfaces/msg/game_state.h
-- Up-to-date symlink: /home/xinzhu/sentry_ws/install/auto_aim_interfaces/include/auto_aim_interfaces/auto_aim_interfaces/msg/gimbal_cmd.h
-- Up-to-date symlink: /home/xinzhu/sentry_ws/install/auto_aim_interfaces/include/auto_aim_interfaces/auto_aim_interfaces/msg/judge_system_data.h
-- Up-to-date symlink: /home/xinzhu/sentry_ws/install/auto_aim_interfaces/include/auto_aim_interfaces/auto_aim_interfaces/msg/measurement.h
-- Up-to-date symlink: /home/xinzhu/sentry_ws/install/auto_aim_interfaces/include/auto_aim_interfaces/auto_aim_interfaces/msg/operator_command.h
-- Up-to-date symlink: /home/xinzhu/sentry_ws/install/auto_aim_interfaces/include/auto_aim_interfaces/auto_aim_interfaces/msg/point2d.h
-- Up-to-date symlink: /home/xinzhu/sentry_ws/install/auto_aim_interfaces/include/auto_aim_interfaces/auto_aim_interfaces/msg/rosidl_generator_c__visibility_control.h
-- Up-to-date symlink: /home/xinzhu/sentry_ws/install/auto_aim_interfaces/include/auto_aim_interfaces/auto_aim_interfaces/msg/rune_target.h
-- Up-to-date symlink: /home/xinzhu/sentry_ws/install/auto_aim_interfaces/include/auto_aim_interfaces/auto_aim_interfaces/msg/serial_receive_data.h
-- Up-to-date symlink: /home/xinzhu/sentry_ws/install/auto_aim_interfaces/include/auto_aim_interfaces/auto_aim_interfaces/msg/target.h
-- Up-to-date symlink: /home/xinzhu/sentry_ws/install/auto_aim_interfaces/include/auto_aim_interfaces/auto_aim_interfaces/srv/detail/set_mode__functions.h
-- Up-to-date symlink: /home/xinzhu/sentry_ws/install/auto_aim_interfaces/include/auto_aim_interfaces/auto_aim_interfaces/srv/detail/set_mode__struct.h
-- Up-to-date symlink: /home/xinzhu/sentry_ws/install/auto_aim_interfaces/include/auto_aim_interfaces/auto_aim_interfaces/srv/detail/set_mode__type_support.h
-- Up-to-date symlink: /home/xinzhu/sentry_ws/install/auto_aim_interfaces/include/auto_aim_interfaces/auto_aim_interfaces/srv/set_mode.h
-- Up-to-date symlink: /home/xinzhu/sentry_ws/install/auto_aim_interfaces/share/auto_aim_interfaces/environment/library_path.sh
-- Up-to-date symlink: /home/xinzhu/sentry_ws/install/auto_aim_interfaces/share/auto_aim_interfaces/environment/library_path.dsv
-- Up-to-date symlink: /home/xinzhu/sentry_ws/install/auto_aim_interfaces/include/auto_aim_interfaces/auto_aim_interfaces/msg/detail/armor__rosidl_typesupport_fastrtps_c.h
-- Up-to-date symlink: /home/xinzhu/sentry_ws/install/auto_aim_interfaces/include/auto_aim_interfaces/auto_aim_interfaces/msg/detail/armors__rosidl_typesupport_fastrtps_c.h
-- Up-to-date symlink: /home/xinzhu/sentry_ws/install/auto_aim_interfaces/include/auto_aim_interfaces/auto_aim_interfaces/msg/detail/chassis_cmd__rosidl_typesupport_fastrtps_c.h
-- Up-to-date symlink: /home/xinzhu/sentry_ws/install/auto_aim_interfaces/include/auto_aim_interfaces/auto_aim_interfaces/msg/detail/debug_armor__rosidl_typesupport_fastrtps_c.h
-- Up-to-date symlink: /home/xinzhu/sentry_ws/install/auto_aim_interfaces/include/auto_aim_interfaces/auto_aim_interfaces/msg/detail/debug_armors__rosidl_typesupport_fastrtps_c.h
-- Up-to-date symlink: /home/xinzhu/sentry_ws/install/auto_aim_interfaces/include/auto_aim_interfaces/auto_aim_interfaces/msg/detail/debug_light__rosidl_typesupport_fastrtps_c.h
-- Up-to-date symlink: /home/xinzhu/sentry_ws/install/auto_aim_interfaces/include/auto_aim_interfaces/auto_aim_interfaces/msg/detail/debug_lights__rosidl_typesupport_fastrtps_c.h
-- Up-to-date symlink: /home/xinzhu/sentry_ws/install/auto_aim_interfaces/include/auto_aim_interfaces/auto_aim_interfaces/msg/detail/debug_rune_angle__rosidl_typesupport_fastrtps_c.h
-- Symlinking: /home/xinzhu/sentry_ws/install/auto_aim_interfaces/include/auto_aim_interfaces/auto_aim_interfaces/msg/detail/game_state__rosidl_typesupport_fastrtps_c.h
-- Up-to-date symlink: /home/xinzhu/sentry_ws/install/auto_aim_interfaces/include/auto_aim_interfaces/auto_aim_interfaces/msg/detail/gimbal_cmd__rosidl_typesupport_fastrtps_c.h
-- Up-to-date symlink: /home/xinzhu/sentry_ws/install/auto_aim_interfaces/include/auto_aim_interfaces/auto_aim_interfaces/msg/detail/judge_system_data__rosidl_typesupport_fastrtps_c.h
-- Up-to-date symlink: /home/xinzhu/sentry_ws/install/auto_aim_interfaces/include/auto_aim_interfaces/auto_aim_interfaces/msg/detail/measurement__rosidl_typesupport_fastrtps_c.h
-- Up-to-date symlink: /home/xinzhu/sentry_ws/install/auto_aim_interfaces/include/auto_aim_interfaces/auto_aim_interfaces/msg/detail/operator_command__rosidl_typesupport_fastrtps_c.h
-- Up-to-date symlink: /home/xinzhu/sentry_ws/install/auto_aim_interfaces/include/auto_aim_interfaces/auto_aim_interfaces/msg/detail/point2d__rosidl_typesupport_fastrtps_c.h
-- Up-to-date symlink: /home/xinzhu/sentry_ws/install/auto_aim_interfaces/include/auto_aim_interfaces/auto_aim_interfaces/msg/detail/rune_target__rosidl_typesupport_fastrtps_c.h
-- Up-to-date symlink: /home/xinzhu/sentry_ws/install/auto_aim_interfaces/include/auto_aim_interfaces/auto_aim_interfaces/msg/detail/serial_receive_data__rosidl_typesupport_fastrtps_c.h
-- Up-to-date symlink: /home/xinzhu/sentry_ws/install/auto_aim_interfaces/include/auto_aim_interfaces/auto_aim_interfaces/msg/detail/target__rosidl_typesupport_fastrtps_c.h
-- Up-to-date symlink: /home/xinzhu/sentry_ws/install/auto_aim_interfaces/include/auto_aim_interfaces/auto_aim_interfaces/msg/rosidl_typesupport_fastrtps_c__visibility_control.h
-- Up-to-date symlink: /home/xinzhu/sentry_ws/install/auto_aim_interfaces/include/auto_aim_interfaces/auto_aim_interfaces/srv/detail/set_mode__rosidl_typesupport_fastrtps_c.h
-- Up-to-date symlink: /home/xinzhu/sentry_ws/install/auto_aim_interfaces/include/auto_aim_interfaces/auto_aim_interfaces/msg/detail/armor__rosidl_typesupport_introspection_c.h
-- Up-to-date symlink: /home/xinzhu/sentry_ws/install/auto_aim_interfaces/include/auto_aim_interfaces/auto_aim_interfaces/msg/detail/armors__rosidl_typesupport_introspection_c.h
-- Up-to-date symlink: /home/xinzhu/sentry_ws/install/auto_aim_interfaces/include/auto_aim_interfaces/auto_aim_interfaces/msg/detail/chassis_cmd__rosidl_typesupport_introspection_c.h
-- Up-to-date symlink: /home/xinzhu/sentry_ws/install/auto_aim_interfaces/include/auto_aim_interfaces/auto_aim_interfaces/msg/detail/debug_armor__rosidl_typesupport_introspection_c.h
-- Up-to-date symlink: /home/xinzhu/sentry_ws/install/auto_aim_interfaces/include/auto_aim_interfaces/auto_aim_interfaces/msg/detail/debug_armors__rosidl_typesupport_introspection_c.h
-- Up-to-date symlink: /home/xinzhu/sentry_ws/install/auto_aim_interfaces/include/auto_aim_interfaces/auto_aim_interfaces/msg/detail/debug_light__rosidl_typesupport_introspection_c.h
-- Up-to-date symlink: /home/xinzhu/sentry_ws/install/auto_aim_interfaces/include/auto_aim_interfaces/auto_aim_interfaces/msg/detail/debug_lights__rosidl_typesupport_introspection_c.h
-- Up-to-date symlink: /home/xinzhu/sentry_ws/install/auto_aim_interfaces/include/auto_aim_interfaces/auto_aim_interfaces/msg/detail/debug_rune_angle__rosidl_typesupport_introspection_c.h
-- Symlinking: /home/xinzhu/sentry_ws/install/auto_aim_interfaces/include/auto_aim_interfaces/auto_aim_interfaces/msg/detail/game_state__rosidl_typesupport_introspection_c.h
-- Up-to-date symlink: /home/xinzhu/sentry_ws/install/auto_aim_interfaces/include/auto_aim_interfaces/auto_aim_interfaces/msg/detail/gimbal_cmd__rosidl_typesupport_introspection_c.h
-- Up-to-date symlink: /home/xinzhu/sentry_ws/install/auto_aim_interfaces/include/auto_aim_interfaces/auto_aim_interfaces/msg/detail/judge_system_data__rosidl_typesupport_introspection_c.h
-- Up-to-date symlink: /home/xinzhu/sentry_ws/install/auto_aim_interfaces/include/auto_aim_interfaces/auto_aim_interfaces/msg/detail/measurement__rosidl_typesupport_introspection_c.h
-- Up-to-date symlink: /home/xinzhu/sentry_ws/install/auto_aim_interfaces/include/auto_aim_interfaces/auto_aim_interfaces/msg/detail/operator_command__rosidl_typesupport_introspection_c.h
-- Up-to-date symlink: /home/xinzhu/sentry_ws/install/auto_aim_interfaces/include/auto_aim_interfaces/auto_aim_interfaces/msg/detail/point2d__rosidl_typesupport_introspection_c.h
-- Up-to-date symlink: /home/xinzhu/sentry_ws/install/auto_aim_interfaces/include/auto_aim_interfaces/auto_aim_interfaces/msg/detail/rune_target__rosidl_typesupport_introspection_c.h
-- Up-to-date symlink: /home/xinzhu/sentry_ws/install/auto_aim_interfaces/include/auto_aim_interfaces/auto_aim_interfaces/msg/detail/serial_receive_data__rosidl_typesupport_introspection_c.h
-- Up-to-date symlink: /home/xinzhu/sentry_ws/install/auto_aim_interfaces/include/auto_aim_interfaces/auto_aim_interfaces/msg/detail/target__rosidl_typesupport_introspection_c.h
-- Up-to-date symlink: /home/xinzhu/sentry_ws/install/auto_aim_interfaces/include/auto_aim_interfaces/auto_aim_interfaces/msg/rosidl_typesupport_introspection_c__visibility_control.h
-- Up-to-date symlink: /home/xinzhu/sentry_ws/install/auto_aim_interfaces/include/auto_aim_interfaces/auto_aim_interfaces/srv/detail/set_mode__rosidl_typesupport_introspection_c.h
-- Up-to-date symlink: /home/xinzhu/sentry_ws/install/auto_aim_interfaces/include/auto_aim_interfaces/auto_aim_interfaces/msg/armor.hpp
-- Up-to-date symlink: /home/xinzhu/sentry_ws/install/auto_aim_interfaces/include/auto_aim_interfaces/auto_aim_interfaces/msg/armors.hpp
-- Up-to-date symlink: /home/xinzhu/sentry_ws/install/auto_aim_interfaces/include/auto_aim_interfaces/auto_aim_interfaces/msg/chassis_cmd.hpp
-- Up-to-date symlink: /home/xinzhu/sentry_ws/install/auto_aim_interfaces/include/auto_aim_interfaces/auto_aim_interfaces/msg/debug_armor.hpp
-- Up-to-date symlink: /home/xinzhu/sentry_ws/install/auto_aim_interfaces/include/auto_aim_interfaces/auto_aim_interfaces/msg/debug_armors.hpp
-- Up-to-date symlink: /home/xinzhu/sentry_ws/install/auto_aim_interfaces/include/auto_aim_interfaces/auto_aim_interfaces/msg/debug_light.hpp
-- Up-to-date symlink: /home/xinzhu/sentry_ws/install/auto_aim_interfaces/include/auto_aim_interfaces/auto_aim_interfaces/msg/debug_lights.hpp
-- Up-to-date symlink: /home/xinzhu/sentry_ws/install/auto_aim_interfaces/include/auto_aim_interfaces/auto_aim_interfaces/msg/debug_rune_angle.hpp
-- Up-to-date symlink: /home/xinzhu/sentry_ws/install/auto_aim_interfaces/include/auto_aim_interfaces/auto_aim_interfaces/msg/detail/armor__builder.hpp
-- Up-to-date symlink: /home/xinzhu/sentry_ws/install/auto_aim_interfaces/include/auto_aim_interfaces/auto_aim_interfaces/msg/detail/armor__struct.hpp
-- Up-to-date symlink: /home/xinzhu/sentry_ws/install/auto_aim_interfaces/include/auto_aim_interfaces/auto_aim_interfaces/msg/detail/armor__traits.hpp
-- Up-to-date symlink: /home/xinzhu/sentry_ws/install/auto_aim_interfaces/include/auto_aim_interfaces/auto_aim_interfaces/msg/detail/armor__type_support.hpp
-- Up-to-date symlink: /home/xinzhu/sentry_ws/install/auto_aim_interfaces/include/auto_aim_interfaces/auto_aim_interfaces/msg/detail/armors__builder.hpp
-- Up-to-date symlink: /home/xinzhu/sentry_ws/install/auto_aim_interfaces/include/auto_aim_interfaces/auto_aim_interfaces/msg/detail/armors__struct.hpp
-- Up-to-date symlink: /home/xinzhu/sentry_ws/install/auto_aim_interfaces/include/auto_aim_interfaces/auto_aim_interfaces/msg/detail/armors__traits.hpp
-- Up-to-date symlink: /home/xinzhu/sentry_ws/install/auto_aim_interfaces/include/auto_aim_interfaces/auto_aim_interfaces/msg/detail/armors__type_support.hpp
-- Up-to-date symlink: /home/xinzhu/sentry_ws/install/auto_aim_interfaces/include/auto_aim_interfaces/auto_aim_interfaces/msg/detail/chassis_cmd__builder.hpp
-- Up-to-date symlink: /home/xinzhu/sentry_ws/install/auto_aim_interfaces/include/auto_aim_interfaces/auto_aim_interfaces/msg/detail/chassis_cmd__struct.hpp
-- Up-to-date symlink: /home/xinzhu/sentry_ws/install/auto_aim_interfaces/include/auto_aim_interfaces/auto_aim_interfaces/msg/detail/chassis_cmd__traits.hpp
-- Up-to-date symlink: /home/xinzhu/sentry_ws/install/auto_aim_interfaces/include/auto_aim_interfaces/auto_aim_interfaces/msg/detail/chassis_cmd__type_support.hpp
-- Up-to-date symlink: /home/xinzhu/sentry_ws/install/auto_aim_interfaces/include/auto_aim_interfaces/auto_aim_interfaces/msg/detail/debug_armor__builder.hpp
-- Up-to-date symlink: /home/xinzhu/sentry_ws/install/auto_aim_interfaces/include/auto_aim_interfaces/auto_aim_interfaces/msg/detail/debug_armor__struct.hpp
-- Up-to-date symlink: /home/xinzhu/sentry_ws/install/auto_aim_interfaces/include/auto_aim_interfaces/auto_aim_interfaces/msg/detail/debug_armor__traits.hpp
-- Up-to-date symlink: /home/xinzhu/sentry_ws/install/auto_aim_interfaces/include/auto_aim_interfaces/auto_aim_interfaces/msg/detail/debug_armor__type_support.hpp
-- Up-to-date symlink: /home/xinzhu/sentry_ws/install/auto_aim_interfaces/include/auto_aim_interfaces/auto_aim_interfaces/msg/detail/debug_armors__builder.hpp
-- Up-to-date symlink: /home/xinzhu/sentry_ws/install/auto_aim_interfaces/include/auto_aim_interfaces/auto_aim_interfaces/msg/detail/debug_armors__struct.hpp
-- Up-to-date symlink: /home/xinzhu/sentry_ws/install/auto_aim_interfaces/include/auto_aim_interfaces/auto_aim_interfaces/msg/detail/debug_armors__traits.hpp
-- Up-to-date symlink: /home/xinzhu/sentry_ws/install/auto_aim_interfaces/include/auto_aim_interfaces/auto_aim_interfaces/msg/detail/debug_armors__type_support.hpp
-- Up-to-date symlink: /home/xinzhu/sentry_ws/install/auto_aim_interfaces/include/auto_aim_interfaces/auto_aim_interfaces/msg/detail/debug_light__builder.hpp
-- Up-to-date symlink: /home/xinzhu/sentry_ws/install/auto_aim_interfaces/include/auto_aim_interfaces/auto_aim_interfaces/msg/detail/debug_light__struct.hpp
-- Up-to-date symlink: /home/xinzhu/sentry_ws/install/auto_aim_interfaces/include/auto_aim_interfaces/auto_aim_interfaces/msg/detail/debug_light__traits.hpp
-- Up-to-date symlink: /home/xinzhu/sentry_ws/install/auto_aim_interfaces/include/auto_aim_interfaces/auto_aim_interfaces/msg/detail/debug_light__type_support.hpp
-- Up-to-date symlink: /home/xinzhu/sentry_ws/install/auto_aim_interfaces/include/auto_aim_interfaces/auto_aim_interfaces/msg/detail/debug_lights__builder.hpp
-- Up-to-date symlink: /home/xinzhu/sentry_ws/install/auto_aim_interfaces/include/auto_aim_interfaces/auto_aim_interfaces/msg/detail/debug_lights__struct.hpp
-- Up-to-date symlink: /home/xinzhu/sentry_ws/install/auto_aim_interfaces/include/auto_aim_interfaces/auto_aim_interfaces/msg/detail/debug_lights__traits.hpp
-- Up-to-date symlink: /home/xinzhu/sentry_ws/install/auto_aim_interfaces/include/auto_aim_interfaces/auto_aim_interfaces/msg/detail/debug_lights__type_support.hpp
-- Up-to-date symlink: /home/xinzhu/sentry_ws/install/auto_aim_interfaces/include/auto_aim_interfaces/auto_aim_interfaces/msg/detail/debug_rune_angle__builder.hpp
-- Up-to-date symlink: /home/xinzhu/sentry_ws/install/auto_aim_interfaces/include/auto_aim_interfaces/auto_aim_interfaces/msg/detail/debug_rune_angle__struct.hpp
-- Up-to-date symlink: /home/xinzhu/sentry_ws/install/auto_aim_interfaces/include/auto_aim_interfaces/auto_aim_interfaces/msg/detail/debug_rune_angle__traits.hpp
-- Up-to-date symlink: /home/xinzhu/sentry_ws/install/auto_aim_interfaces/include/auto_aim_interfaces/auto_aim_interfaces/msg/detail/debug_rune_angle__type_support.hpp
-- Symlinking: /home/xinzhu/sentry_ws/install/auto_aim_interfaces/include/auto_aim_interfaces/auto_aim_interfaces/msg/detail/game_state__builder.hpp
-- Symlinking: /home/xinzhu/sentry_ws/install/auto_aim_interfaces/include/auto_aim_interfaces/auto_aim_interfaces/msg/detail/game_state__struct.hpp
-- Symlinking: /home/xinzhu/sentry_ws/install/auto_aim_interfaces/include/auto_aim_interfaces/auto_aim_interfaces/msg/detail/game_state__traits.hpp
-- Symlinking: /home/xinzhu/sentry_ws/install/auto_aim_interfaces/include/auto_aim_interfaces/auto_aim_interfaces/msg/detail/game_state__type_support.hpp
-- Up-to-date symlink: /home/xinzhu/sentry_ws/install/auto_aim_interfaces/include/auto_aim_interfaces/auto_aim_interfaces/msg/detail/gimbal_cmd__builder.hpp
-- Up-to-date symlink: /home/xinzhu/sentry_ws/install/auto_aim_interfaces/include/auto_aim_interfaces/auto_aim_interfaces/msg/detail/gimbal_cmd__struct.hpp
-- Up-to-date symlink: /home/xinzhu/sentry_ws/install/auto_aim_interfaces/include/auto_aim_interfaces/auto_aim_interfaces/msg/detail/gimbal_cmd__traits.hpp
-- Up-to-date symlink: /home/xinzhu/sentry_ws/install/auto_aim_interfaces/include/auto_aim_interfaces/auto_aim_interfaces/msg/detail/gimbal_cmd__type_support.hpp
-- Up-to-date symlink: /home/xinzhu/sentry_ws/install/auto_aim_interfaces/include/auto_aim_interfaces/auto_aim_interfaces/msg/detail/judge_system_data__builder.hpp
-- Up-to-date symlink: /home/xinzhu/sentry_ws/install/auto_aim_interfaces/include/auto_aim_interfaces/auto_aim_interfaces/msg/detail/judge_system_data__struct.hpp
-- Up-to-date symlink: /home/xinzhu/sentry_ws/install/auto_aim_interfaces/include/auto_aim_interfaces/auto_aim_interfaces/msg/detail/judge_system_data__traits.hpp
-- Up-to-date symlink: /home/xinzhu/sentry_ws/install/auto_aim_interfaces/include/auto_aim_interfaces/auto_aim_interfaces/msg/detail/judge_system_data__type_support.hpp
-- Up-to-date symlink: /home/xinzhu/sentry_ws/install/auto_aim_interfaces/include/auto_aim_interfaces/auto_aim_interfaces/msg/detail/measurement__builder.hpp
-- Up-to-date symlink: /home/xinzhu/sentry_ws/install/auto_aim_interfaces/include/auto_aim_interfaces/auto_aim_interfaces/msg/detail/measurement__struct.hpp
-- Up-to-date symlink: /home/xinzhu/sentry_ws/install/auto_aim_interfaces/include/auto_aim_interfaces/auto_aim_interfaces/msg/detail/measurement__traits.hpp
-- Up-to-date symlink: /home/xinzhu/sentry_ws/install/auto_aim_interfaces/include/auto_aim_interfaces/auto_aim_interfaces/msg/detail/measurement__type_support.hpp
-- Up-to-date symlink: /home/xinzhu/sentry_ws/install/auto_aim_interfaces/include/auto_aim_interfaces/auto_aim_interfaces/msg/detail/operator_command__builder.hpp
-- Up-to-date symlink: /home/xinzhu/sentry_ws/install/auto_aim_interfaces/include/auto_aim_interfaces/auto_aim_interfaces/msg/detail/operator_command__struct.hpp
-- Up-to-date symlink: /home/xinzhu/sentry_ws/install/auto_aim_interfaces/include/auto_aim_interfaces/auto_aim_interfaces/msg/detail/operator_command__traits.hpp
-- Up-to-date symlink: /home/xinzhu/sentry_ws/install/auto_aim_interfaces/include/auto_aim_interfaces/auto_aim_interfaces/msg/detail/operator_command__type_support.hpp
-- Up-to-date symlink: /home/xinzhu/sentry_ws/install/auto_aim_interfaces/include/auto_aim_interfaces/auto_aim_interfaces/msg/detail/point2d__builder.hpp
-- Up-to-date symlink: /home/xinzhu/sentry_ws/install/auto_aim_interfaces/include/auto_aim_interfaces/auto_aim_interfaces/msg/detail/point2d__struct.hpp
-- Up-to-date symlink: /home/xinzhu/sentry_ws/install/auto_aim_interfaces/include/auto_aim_interfaces/auto_aim_interfaces/msg/detail/point2d__traits.hpp
-- Up-to-date symlink: /home/xinzhu/sentry_ws/install/auto_aim_interfaces/include/auto_aim_interfaces/auto_aim_interfaces/msg/detail/point2d__type_support.hpp
-- Up-to-date symlink: /home/xinzhu/sentry_ws/install/auto_aim_interfaces/include/auto_aim_interfaces/auto_aim_interfaces/msg/detail/rune_target__builder.hpp
-- Up-to-date symlink: /home/xinzhu/sentry_ws/install/auto_aim_interfaces/include/auto_aim_interfaces/auto_aim_interfaces/msg/detail/rune_target__struct.hpp
-- Up-to-date symlink: /home/xinzhu/sentry_ws/install/auto_aim_interfaces/include/auto_aim_interfaces/auto_aim_interfaces/msg/detail/rune_target__traits.hpp
-- Up-to-date symlink: /home/xinzhu/sentry_ws/install/auto_aim_interfaces/include/auto_aim_interfaces/auto_aim_interfaces/msg/detail/rune_target__type_support.hpp
-- Up-to-date symlink: /home/xinzhu/sentry_ws/install/auto_aim_interfaces/include/auto_aim_interfaces/auto_aim_interfaces/msg/detail/serial_receive_data__builder.hpp
-- Up-to-date symlink: /home/xinzhu/sentry_ws/install/auto_aim_interfaces/include/auto_aim_interfaces/auto_aim_interfaces/msg/detail/serial_receive_data__struct.hpp
-- Up-to-date symlink: /home/xinzhu/sentry_ws/install/auto_aim_interfaces/include/auto_aim_interfaces/auto_aim_interfaces/msg/detail/serial_receive_data__traits.hpp
-- Up-to-date symlink: /home/xinzhu/sentry_ws/install/auto_aim_interfaces/include/auto_aim_interfaces/auto_aim_interfaces/msg/detail/serial_receive_data__type_support.hpp
-- Up-to-date symlink: /home/xinzhu/sentry_ws/install/auto_aim_interfaces/include/auto_aim_interfaces/auto_aim_interfaces/msg/detail/target__builder.hpp
-- Up-to-date symlink: /home/xinzhu/sentry_ws/install/auto_aim_interfaces/include/auto_aim_interfaces/auto_aim_interfaces/msg/detail/target__struct.hpp
-- Up-to-date symlink: /home/xinzhu/sentry_ws/install/auto_aim_interfaces/include/auto_aim_interfaces/auto_aim_interfaces/msg/detail/target__traits.hpp
-- Up-to-date symlink: /home/xinzhu/sentry_ws/install/auto_aim_interfaces/include/auto_aim_interfaces/auto_aim_interfaces/msg/detail/target__type_support.hpp
-- Symlinking: /home/xinzhu/sentry_ws/install/auto_aim_interfaces/include/auto_aim_interfaces/auto_aim_interfaces/msg/game_state.hpp
-- Up-to-date symlink: /home/xinzhu/sentry_ws/install/auto_aim_interfaces/include/auto_aim_interfaces/auto_aim_interfaces/msg/gimbal_cmd.hpp
-- Up-to-date symlink: /home/xinzhu/sentry_ws/install/auto_aim_interfaces/include/auto_aim_interfaces/auto_aim_interfaces/msg/judge_system_data.hpp
-- Up-to-date symlink: /home/xinzhu/sentry_ws/install/auto_aim_interfaces/include/auto_aim_interfaces/auto_aim_interfaces/msg/measurement.hpp
-- Up-to-date symlink: /home/xinzhu/sentry_ws/install/auto_aim_interfaces/include/auto_aim_interfaces/auto_aim_interfaces/msg/operator_command.hpp
-- Up-to-date symlink: /home/xinzhu/sentry_ws/install/auto_aim_interfaces/include/auto_aim_interfaces/auto_aim_interfaces/msg/point2d.hpp
-- Up-to-date symlink: /home/xinzhu/sentry_ws/install/auto_aim_interfaces/include/auto_aim_interfaces/auto_aim_interfaces/msg/rosidl_generator_cpp__visibility_control.hpp
-- Up-to-date symlink: /home/xinzhu/sentry_ws/install/auto_aim_interfaces/include/auto_aim_interfaces/auto_aim_interfaces/msg/rune_target.hpp
-- Up-to-date symlink: /home/xinzhu/sentry_ws/install/auto_aim_interfaces/include/auto_aim_interfaces/auto_aim_interfaces/msg/serial_receive_data.hpp
-- Up-to-date symlink: /home/xinzhu/sentry_ws/install/auto_aim_interfaces/include/auto_aim_interfaces/auto_aim_interfaces/msg/target.hpp
-- Up-to-date symlink: /home/xinzhu/sentry_ws/install/auto_aim_interfaces/include/auto_aim_interfaces/auto_aim_interfaces/srv/detail/set_mode__builder.hpp
-- Up-to-date symlink: /home/xinzhu/sentry_ws/install/auto_aim_interfaces/include/auto_aim_interfaces/auto_aim_interfaces/srv/detail/set_mode__struct.hpp
-- Up-to-date symlink: /home/xinzhu/sentry_ws/install/auto_aim_interfaces/include/auto_aim_interfaces/auto_aim_interfaces/srv/detail/set_mode__traits.hpp
-- Up-to-date symlink: /home/xinzhu/sentry_ws/install/auto_aim_interfaces/include/auto_aim_interfaces/auto_aim_interfaces/srv/detail/set_mode__type_support.hpp
-- Up-to-date symlink: /home/xinzhu/sentry_ws/install/auto_aim_interfaces/include/auto_aim_interfaces/auto_aim_interfaces/srv/set_mode.hpp
-- Up-to-date symlink: /home/xinzhu/sentry_ws/install/auto_aim_interfaces/include/auto_aim_interfaces/auto_aim_interfaces/msg/detail/armor__rosidl_typesupport_fastrtps_cpp.hpp
-- Up-to-date symlink: /home/xinzhu/sentry_ws/install/auto_aim_interfaces/include/auto_aim_interfaces/auto_aim_interfaces/msg/detail/armors__rosidl_typesupport_fastrtps_cpp.hpp
-- Up-to-date symlink: /home/xinzhu/sentry_ws/install/auto_aim_interfaces/include/auto_aim_interfaces/auto_aim_interfaces/msg/detail/chassis_cmd__rosidl_typesupport_fastrtps_cpp.hpp
-- Up-to-date symlink: /home/xinzhu/sentry_ws/install/auto_aim_interfaces/include/auto_aim_interfaces/auto_aim_interfaces/msg/detail/debug_armor__rosidl_typesupport_fastrtps_cpp.hpp
-- Up-to-date symlink: /home/xinzhu/sentry_ws/install/auto_aim_interfaces/include/auto_aim_interfaces/auto_aim_interfaces/msg/detail/debug_armors__rosidl_typesupport_fastrtps_cpp.hpp
-- Up-to-date symlink: /home/xinzhu/sentry_ws/install/auto_aim_interfaces/include/auto_aim_interfaces/auto_aim_interfaces/msg/detail/debug_light__rosidl_typesupport_fastrtps_cpp.hpp
-- Up-to-date symlink: /home/xinzhu/sentry_ws/install/auto_aim_interfaces/include/auto_aim_interfaces/auto_aim_interfaces/msg/detail/debug_lights__rosidl_typesupport_fastrtps_cpp.hpp
-- Up-to-date symlink: /home/xinzhu/sentry_ws/install/auto_aim_interfaces/include/auto_aim_interfaces/auto_aim_interfaces/msg/detail/debug_rune_angle__rosidl_typesupport_fastrtps_cpp.hpp
-- Symlinking: /home/xinzhu/sentry_ws/install/auto_aim_interfaces/include/auto_aim_interfaces/auto_aim_interfaces/msg/detail/game_state__rosidl_typesupport_fastrtps_cpp.hpp
-- Up-to-date symlink: /home/xinzhu/sentry_ws/install/auto_aim_interfaces/include/auto_aim_interfaces/auto_aim_interfaces/msg/detail/gimbal_cmd__rosidl_typesupport_fastrtps_cpp.hpp
-- Up-to-date symlink: /home/xinzhu/sentry_ws/install/auto_aim_interfaces/include/auto_aim_interfaces/auto_aim_interfaces/msg/detail/judge_system_data__rosidl_typesupport_fastrtps_cpp.hpp
-- Up-to-date symlink: /home/xinzhu/sentry_ws/install/auto_aim_interfaces/include/auto_aim_interfaces/auto_aim_interfaces/msg/detail/measurement__rosidl_typesupport_fastrtps_cpp.hpp
-- Up-to-date symlink: /home/xinzhu/sentry_ws/install/auto_aim_interfaces/include/auto_aim_interfaces/auto_aim_interfaces/msg/detail/operator_command__rosidl_typesupport_fastrtps_cpp.hpp
-- Up-to-date symlink: /home/xinzhu/sentry_ws/install/auto_aim_interfaces/include/auto_aim_interfaces/auto_aim_interfaces/msg/detail/point2d__rosidl_typesupport_fastrtps_cpp.hpp
-- Up-to-date symlink: /home/xinzhu/sentry_ws/install/auto_aim_interfaces/include/auto_aim_interfaces/auto_aim_interfaces/msg/detail/rune_target__rosidl_typesupport_fastrtps_cpp.hpp
-- Up-to-date symlink: /home/xinzhu/sentry_ws/install/auto_aim_interfaces/include/auto_aim_interfaces/auto_aim_interfaces/msg/detail/serial_receive_data__rosidl_typesupport_fastrtps_cpp.hpp
-- Up-to-date symlink: /home/xinzhu/sentry_ws/install/auto_aim_interfaces/include/auto_aim_interfaces/auto_aim_interfaces/msg/detail/target__rosidl_typesupport_fastrtps_cpp.hpp
-- Up-to-date symlink: /home/xinzhu/sentry_ws/install/auto_aim_interfaces/include/auto_aim_interfaces/auto_aim_interfaces/msg/rosidl_typesupport_fastrtps_cpp__visibility_control.h
-- Up-to-date symlink: /home/xinzhu/sentry_ws/install/auto_aim_interfaces/include/auto_aim_interfaces/auto_aim_interfaces/srv/detail/set_mode__rosidl_typesupport_fastrtps_cpp.hpp
-- Up-to-date symlink: /home/xinzhu/sentry_ws/install/auto_aim_interfaces/include/auto_aim_interfaces/auto_aim_interfaces/msg/detail/armor__rosidl_typesupport_introspection_cpp.hpp
-- Up-to-date symlink: /home/xinzhu/sentry_ws/install/auto_aim_interfaces/include/auto_aim_interfaces/auto_aim_interfaces/msg/detail/armors__rosidl_typesupport_introspection_cpp.hpp
-- Up-to-date symlink: /home/xinzhu/sentry_ws/install/auto_aim_interfaces/include/auto_aim_interfaces/auto_aim_interfaces/msg/detail/chassis_cmd__rosidl_typesupport_introspection_cpp.hpp
-- Up-to-date symlink: /home/xinzhu/sentry_ws/install/auto_aim_interfaces/include/auto_aim_interfaces/auto_aim_interfaces/msg/detail/debug_armor__rosidl_typesupport_introspection_cpp.hpp
-- Up-to-date symlink: /home/xinzhu/sentry_ws/install/auto_aim_interfaces/include/auto_aim_interfaces/auto_aim_interfaces/msg/detail/debug_armors__rosidl_typesupport_introspection_cpp.hpp
-- Up-to-date symlink: /home/xinzhu/sentry_ws/install/auto_aim_interfaces/include/auto_aim_interfaces/auto_aim_interfaces/msg/detail/debug_light__rosidl_typesupport_introspection_cpp.hpp
-- Up-to-date symlink: /home/xinzhu/sentry_ws/install/auto_aim_interfaces/include/auto_aim_interfaces/auto_aim_interfaces/msg/detail/debug_lights__rosidl_typesupport_introspection_cpp.hpp
-- Up-to-date symlink: /home/xinzhu/sentry_ws/install/auto_aim_interfaces/include/auto_aim_interfaces/auto_aim_interfaces/msg/detail/debug_rune_angle__rosidl_typesupport_introspection_cpp.hpp
-- Symlinking: /home/xinzhu/sentry_ws/install/auto_aim_interfaces/include/auto_aim_interfaces/auto_aim_interfaces/msg/detail/game_state__rosidl_typesupport_introspection_cpp.hpp
-- Up-to-date symlink: /home/xinzhu/sentry_ws/install/auto_aim_interfaces/include/auto_aim_interfaces/auto_aim_interfaces/msg/detail/gimbal_cmd__rosidl_typesupport_introspection_cpp.hpp
-- Up-to-date symlink: /home/xinzhu/sentry_ws/install/auto_aim_interfaces/include/auto_aim_interfaces/auto_aim_interfaces/msg/detail/judge_system_data__rosidl_typesupport_introspection_cpp.hpp
-- Up-to-date symlink: /home/xinzhu/sentry_ws/install/auto_aim_interfaces/include/auto_aim_interfaces/auto_aim_interfaces/msg/detail/measurement__rosidl_typesupport_introspection_cpp.hpp
-- Up-to-date symlink: /home/xinzhu/sentry_ws/install/auto_aim_interfaces/include/auto_aim_interfaces/auto_aim_interfaces/msg/detail/operator_command__rosidl_typesupport_introspection_cpp.hpp
-- Up-to-date symlink: /home/xinzhu/sentry_ws/install/auto_aim_interfaces/include/auto_aim_interfaces/auto_aim_interfaces/msg/detail/point2d__rosidl_typesupport_introspection_cpp.hpp
-- Up-to-date symlink: /home/xinzhu/sentry_ws/install/auto_aim_interfaces/include/auto_aim_interfaces/auto_aim_interfaces/msg/detail/rune_target__rosidl_typesupport_introspection_cpp.hpp
-- Up-to-date symlink: /home/xinzhu/sentry_ws/install/auto_aim_interfaces/include/auto_aim_interfaces/auto_aim_interfaces/msg/detail/serial_receive_data__rosidl_typesupport_introspection_cpp.hpp
-- Up-to-date symlink: /home/xinzhu/sentry_ws/install/auto_aim_interfaces/include/auto_aim_interfaces/auto_aim_interfaces/msg/detail/target__rosidl_typesupport_introspection_cpp.hpp
-- Up-to-date symlink: /home/xinzhu/sentry_ws/install/auto_aim_interfaces/include/auto_aim_interfaces/auto_aim_interfaces/srv/detail/set_mode__rosidl_typesupport_introspection_cpp.hpp
-- Up-to-date symlink: /home/xinzhu/sentry_ws/install/auto_aim_interfaces/share/auto_aim_interfaces/environment/pythonpath.sh
-- Up-to-date symlink: /home/xinzhu/sentry_ws/install/auto_aim_interfaces/share/auto_aim_interfaces/environment/pythonpath.dsv
-- Up-to-date symlink: /home/xinzhu/sentry_ws/install/auto_aim_interfaces/local/lib/python3.10/dist-packages/auto_aim_interfaces-0.0.0-py3.10.egg-info/PKG-INFO
-- Up-to-date symlink: /home/xinzhu/sentry_ws/install/auto_aim_interfaces/local/lib/python3.10/dist-packages/auto_aim_interfaces-0.0.0-py3.10.egg-info/SOURCES.txt
-- Up-to-date symlink: /home/xinzhu/sentry_ws/install/auto_aim_interfaces/local/lib/python3.10/dist-packages/auto_aim_interfaces-0.0.0-py3.10.egg-info/dependency_links.txt
-- Up-to-date symlink: /home/xinzhu/sentry_ws/install/auto_aim_interfaces/local/lib/python3.10/dist-packages/auto_aim_interfaces-0.0.0-py3.10.egg-info/top_level.txt
-- Up-to-date symlink: /home/xinzhu/sentry_ws/install/auto_aim_interfaces/local/lib/python3.10/dist-packages/auto_aim_interfaces/__init__.py
-- Up-to-date symlink: /home/xinzhu/sentry_ws/install/auto_aim_interfaces/local/lib/python3.10/dist-packages/auto_aim_interfaces/_auto_aim_interfaces_s.ep.rosidl_typesupport_c.c
-- Up-to-date symlink: /home/xinzhu/sentry_ws/install/auto_aim_interfaces/local/lib/python3.10/dist-packages/auto_aim_interfaces/_auto_aim_interfaces_s.ep.rosidl_typesupport_fastrtps_c.c
-- Up-to-date symlink: /home/xinzhu/sentry_ws/install/auto_aim_interfaces/local/lib/python3.10/dist-packages/auto_aim_interfaces/_auto_aim_interfaces_s.ep.rosidl_typesupport_introspection_c.c
-- Up-to-date symlink: /home/xinzhu/sentry_ws/install/auto_aim_interfaces/local/lib/python3.10/dist-packages/auto_aim_interfaces/auto_aim_interfaces_s__rosidl_typesupport_c.cpython-310-x86_64-linux-gnu.so
-- Up-to-date symlink: /home/xinzhu/sentry_ws/install/auto_aim_interfaces/local/lib/python3.10/dist-packages/auto_aim_interfaces/auto_aim_interfaces_s__rosidl_typesupport_fastrtps_c.cpython-310-x86_64-linux-gnu.so
-- Up-to-date symlink: /home/xinzhu/sentry_ws/install/auto_aim_interfaces/local/lib/python3.10/dist-packages/auto_aim_interfaces/auto_aim_interfaces_s__rosidl_typesupport_introspection_c.cpython-310-x86_64-linux-gnu.so
-- Up-to-date symlink: /home/xinzhu/sentry_ws/install/auto_aim_interfaces/local/lib/python3.10/dist-packages/auto_aim_interfaces/libauto_aim_interfaces__rosidl_generator_py.so
-- Up-to-date symlink: /home/xinzhu/sentry_ws/install/auto_aim_interfaces/local/lib/python3.10/dist-packages/auto_aim_interfaces/msg/__init__.py
-- Up-to-date symlink: /home/xinzhu/sentry_ws/install/auto_aim_interfaces/local/lib/python3.10/dist-packages/auto_aim_interfaces/msg/_armor.py
-- Up-to-date symlink: /home/xinzhu/sentry_ws/install/auto_aim_interfaces/local/lib/python3.10/dist-packages/auto_aim_interfaces/msg/_armor_s.c
-- Up-to-date symlink: /home/xinzhu/sentry_ws/install/auto_aim_interfaces/local/lib/python3.10/dist-packages/auto_aim_interfaces/msg/_armors.py
-- Up-to-date symlink: /home/xinzhu/sentry_ws/install/auto_aim_interfaces/local/lib/python3.10/dist-packages/auto_aim_interfaces/msg/_armors_s.c
-- Up-to-date symlink: /home/xinzhu/sentry_ws/install/auto_aim_interfaces/local/lib/python3.10/dist-packages/auto_aim_interfaces/msg/_chassis_cmd.py
-- Up-to-date symlink: /home/xinzhu/sentry_ws/install/auto_aim_interfaces/local/lib/python3.10/dist-packages/auto_aim_interfaces/msg/_chassis_cmd_s.c
-- Up-to-date symlink: /home/xinzhu/sentry_ws/install/auto_aim_interfaces/local/lib/python3.10/dist-packages/auto_aim_interfaces/msg/_debug_armor.py
-- Up-to-date symlink: /home/xinzhu/sentry_ws/install/auto_aim_interfaces/local/lib/python3.10/dist-packages/auto_aim_interfaces/msg/_debug_armor_s.c
-- Up-to-date symlink: /home/xinzhu/sentry_ws/install/auto_aim_interfaces/local/lib/python3.10/dist-packages/auto_aim_interfaces/msg/_debug_armors.py
-- Up-to-date symlink: /home/xinzhu/sentry_ws/install/auto_aim_interfaces/local/lib/python3.10/dist-packages/auto_aim_interfaces/msg/_debug_armors_s.c
-- Up-to-date symlink: /home/xinzhu/sentry_ws/install/auto_aim_interfaces/local/lib/python3.10/dist-packages/auto_aim_interfaces/msg/_debug_light.py
-- Up-to-date symlink: /home/xinzhu/sentry_ws/install/auto_aim_interfaces/local/lib/python3.10/dist-packages/auto_aim_interfaces/msg/_debug_light_s.c
-- Up-to-date symlink: /home/xinzhu/sentry_ws/install/auto_aim_interfaces/local/lib/python3.10/dist-packages/auto_aim_interfaces/msg/_debug_lights.py
-- Up-to-date symlink: /home/xinzhu/sentry_ws/install/auto_aim_interfaces/local/lib/python3.10/dist-packages/auto_aim_interfaces/msg/_debug_lights_s.c
-- Up-to-date symlink: /home/xinzhu/sentry_ws/install/auto_aim_interfaces/local/lib/python3.10/dist-packages/auto_aim_interfaces/msg/_debug_rune_angle.py
-- Up-to-date symlink: /home/xinzhu/sentry_ws/install/auto_aim_interfaces/local/lib/python3.10/dist-packages/auto_aim_interfaces/msg/_debug_rune_angle_s.c
-- Symlinking: /home/xinzhu/sentry_ws/install/auto_aim_interfaces/local/lib/python3.10/dist-packages/auto_aim_interfaces/msg/_game_state.py
-- Symlinking: /home/xinzhu/sentry_ws/install/auto_aim_interfaces/local/lib/python3.10/dist-packages/auto_aim_interfaces/msg/_game_state_s.c
-- Up-to-date symlink: /home/xinzhu/sentry_ws/install/auto_aim_interfaces/local/lib/python3.10/dist-packages/auto_aim_interfaces/msg/_gimbal_cmd.py
-- Up-to-date symlink: /home/xinzhu/sentry_ws/install/auto_aim_interfaces/local/lib/python3.10/dist-packages/auto_aim_interfaces/msg/_gimbal_cmd_s.c
-- Up-to-date symlink: /home/xinzhu/sentry_ws/install/auto_aim_interfaces/local/lib/python3.10/dist-packages/auto_aim_interfaces/msg/_judge_system_data.py
-- Up-to-date symlink: /home/xinzhu/sentry_ws/install/auto_aim_interfaces/local/lib/python3.10/dist-packages/auto_aim_interfaces/msg/_judge_system_data_s.c
-- Up-to-date symlink: /home/xinzhu/sentry_ws/install/auto_aim_interfaces/local/lib/python3.10/dist-packages/auto_aim_interfaces/msg/_measurement.py
-- Up-to-date symlink: /home/xinzhu/sentry_ws/install/auto_aim_interfaces/local/lib/python3.10/dist-packages/auto_aim_interfaces/msg/_measurement_s.c
-- Up-to-date symlink: /home/xinzhu/sentry_ws/install/auto_aim_interfaces/local/lib/python3.10/dist-packages/auto_aim_interfaces/msg/_operator_command.py
-- Up-to-date symlink: /home/xinzhu/sentry_ws/install/auto_aim_interfaces/local/lib/python3.10/dist-packages/auto_aim_interfaces/msg/_operator_command_s.c
-- Up-to-date symlink: /home/xinzhu/sentry_ws/install/auto_aim_interfaces/local/lib/python3.10/dist-packages/auto_aim_interfaces/msg/_point2d.py
-- Up-to-date symlink: /home/xinzhu/sentry_ws/install/auto_aim_interfaces/local/lib/python3.10/dist-packages/auto_aim_interfaces/msg/_point2d_s.c
-- Up-to-date symlink: /home/xinzhu/sentry_ws/install/auto_aim_interfaces/local/lib/python3.10/dist-packages/auto_aim_interfaces/msg/_rune_target.py
-- Up-to-date symlink: /home/xinzhu/sentry_ws/install/auto_aim_interfaces/local/lib/python3.10/dist-packages/auto_aim_interfaces/msg/_rune_target_s.c
-- Up-to-date symlink: /home/xinzhu/sentry_ws/install/auto_aim_interfaces/local/lib/python3.10/dist-packages/auto_aim_interfaces/msg/_serial_receive_data.py
-- Up-to-date symlink: /home/xinzhu/sentry_ws/install/auto_aim_interfaces/local/lib/python3.10/dist-packages/auto_aim_interfaces/msg/_serial_receive_data_s.c
-- Up-to-date symlink: /home/xinzhu/sentry_ws/install/auto_aim_interfaces/local/lib/python3.10/dist-packages/auto_aim_interfaces/msg/_target.py
-- Up-to-date symlink: /home/xinzhu/sentry_ws/install/auto_aim_interfaces/local/lib/python3.10/dist-packages/auto_aim_interfaces/msg/_target_s.c
-- Up-to-date symlink: /home/xinzhu/sentry_ws/install/auto_aim_interfaces/local/lib/python3.10/dist-packages/auto_aim_interfaces/srv/__init__.py
-- Up-to-date symlink: /home/xinzhu/sentry_ws/install/auto_aim_interfaces/local/lib/python3.10/dist-packages/auto_aim_interfaces/srv/_set_mode.py
-- Up-to-date symlink: /home/xinzhu/sentry_ws/install/auto_aim_interfaces/local/lib/python3.10/dist-packages/auto_aim_interfaces/srv/_set_mode_s.c
-- Up-to-date symlink: /home/xinzhu/sentry_ws/install/auto_aim_interfaces/local/lib/python3.10/dist-packages/auto_aim_interfaces/auto_aim_interfaces_s__rosidl_typesupport_fastrtps_c.cpython-310-x86_64-linux-gnu.so
-- Up-to-date symlink: /home/xinzhu/sentry_ws/install/auto_aim_interfaces/local/lib/python3.10/dist-packages/auto_aim_interfaces/auto_aim_interfaces_s__rosidl_typesupport_introspection_c.cpython-310-x86_64-linux-gnu.so
-- Up-to-date symlink: /home/xinzhu/sentry_ws/install/auto_aim_interfaces/local/lib/python3.10/dist-packages/auto_aim_interfaces/auto_aim_interfaces_s__rosidl_typesupport_c.cpython-310-x86_64-linux-gnu.so
-- Symlinking: /home/xinzhu/sentry_ws/install/auto_aim_interfaces/share/ament_index/resource_index/rust_packages/auto_aim_interfaces
-- Symlinking: /home/xinzhu/sentry_ws/install/auto_aim_interfaces/share/auto_aim_interfaces/rust/Cargo.toml
-- Symlinking: /home/xinzhu/sentry_ws/install/auto_aim_interfaces/share/auto_aim_interfaces/rust/build.rs
-- Symlinking: /home/xinzhu/sentry_ws/install/auto_aim_interfaces/share/auto_aim_interfaces/rust/src/lib.rs
-- Symlinking: /home/xinzhu/sentry_ws/install/auto_aim_interfaces/share/auto_aim_interfaces/rust/src/msg.rs
-- Symlinking: /home/xinzhu/sentry_ws/install/auto_aim_interfaces/share/auto_aim_interfaces/rust/src/msg/rmw.rs
-- Symlinking: /home/xinzhu/sentry_ws/install/auto_aim_interfaces/share/auto_aim_interfaces/rust/src/srv.rs
-- Symlinking: /home/xinzhu/sentry_ws/install/auto_aim_interfaces/share/auto_aim_interfaces/rust/src/srv/rmw.rs
-- Up-to-date symlink: /home/xinzhu/sentry_ws/install/auto_aim_interfaces/share/auto_aim_interfaces/msg/Armor.idl
-- Up-to-date symlink: /home/xinzhu/sentry_ws/install/auto_aim_interfaces/share/auto_aim_interfaces/msg/Armors.idl
-- Up-to-date symlink: /home/xinzhu/sentry_ws/install/auto_aim_interfaces/share/auto_aim_interfaces/msg/Target.idl
-- Up-to-date symlink: /home/xinzhu/sentry_ws/install/auto_aim_interfaces/share/auto_aim_interfaces/msg/RuneTarget.idl
-- Up-to-date symlink: /home/xinzhu/sentry_ws/install/auto_aim_interfaces/share/auto_aim_interfaces/msg/Point2d.idl
-- Up-to-date symlink: /home/xinzhu/sentry_ws/install/auto_aim_interfaces/share/auto_aim_interfaces/msg/GimbalCmd.idl
-- Up-to-date symlink: /home/xinzhu/sentry_ws/install/auto_aim_interfaces/share/auto_aim_interfaces/msg/ChassisCmd.idl
-- Up-to-date symlink: /home/xinzhu/sentry_ws/install/auto_aim_interfaces/share/auto_aim_interfaces/msg/DebugLight.idl
-- Up-to-date symlink: /home/xinzhu/sentry_ws/install/auto_aim_interfaces/share/auto_aim_interfaces/msg/DebugLights.idl
-- Up-to-date symlink: /home/xinzhu/sentry_ws/install/auto_aim_interfaces/share/auto_aim_interfaces/msg/DebugArmor.idl
-- Up-to-date symlink: /home/xinzhu/sentry_ws/install/auto_aim_interfaces/share/auto_aim_interfaces/msg/DebugArmors.idl
-- Up-to-date symlink: /home/xinzhu/sentry_ws/install/auto_aim_interfaces/share/auto_aim_interfaces/msg/DebugRuneAngle.idl
-- Up-to-date symlink: /home/xinzhu/sentry_ws/install/auto_aim_interfaces/share/auto_aim_interfaces/msg/Measurement.idl
-- Up-to-date symlink: /home/xinzhu/sentry_ws/install/auto_aim_interfaces/share/auto_aim_interfaces/msg/JudgeSystemData.idl
-- Up-to-date symlink: /home/xinzhu/sentry_ws/install/auto_aim_interfaces/share/auto_aim_interfaces/msg/OperatorCommand.idl
-- Up-to-date symlink: /home/xinzhu/sentry_ws/install/auto_aim_interfaces/share/auto_aim_interfaces/msg/SerialReceiveData.idl
-- Symlinking: /home/xinzhu/sentry_ws/install/auto_aim_interfaces/share/auto_aim_interfaces/msg/GameState.idl
-- Up-to-date symlink: /home/xinzhu/sentry_ws/install/auto_aim_interfaces/share/auto_aim_interfaces/srv/SetMode.idl
-- Up-to-date symlink: /home/xinzhu/sentry_ws/install/auto_aim_interfaces/share/auto_aim_interfaces/msg/Armor.msg
-- Up-to-date symlink: /home/xinzhu/sentry_ws/install/auto_aim_interfaces/share/auto_aim_interfaces/msg/Armors.msg
-- Up-to-date symlink: /home/xinzhu/sentry_ws/install/auto_aim_interfaces/share/auto_aim_interfaces/msg/Target.msg
-- Up-to-date symlink: /home/xinzhu/sentry_ws/install/auto_aim_interfaces/share/auto_aim_interfaces/msg/RuneTarget.msg
-- Up-to-date symlink: /home/xinzhu/sentry_ws/install/auto_aim_interfaces/share/auto_aim_interfaces/msg/Point2d.msg
-- Up-to-date symlink: /home/xinzhu/sentry_ws/install/auto_aim_interfaces/share/auto_aim_interfaces/msg/GimbalCmd.msg
-- Up-to-date symlink: /home/xinzhu/sentry_ws/install/auto_aim_interfaces/share/auto_aim_interfaces/msg/ChassisCmd.msg
-- Up-to-date symlink: /home/xinzhu/sentry_ws/install/auto_aim_interfaces/share/auto_aim_interfaces/msg/DebugLight.msg
-- Up-to-date symlink: /home/xinzhu/sentry_ws/install/auto_aim_interfaces/share/auto_aim_interfaces/msg/DebugLights.msg
-- Up-to-date symlink: /home/xinzhu/sentry_ws/install/auto_aim_interfaces/share/auto_aim_interfaces/msg/DebugArmor.msg
-- Up-to-date symlink: /home/xinzhu/sentry_ws/install/auto_aim_interfaces/share/auto_aim_interfaces/msg/DebugArmors.msg
-- Up-to-date symlink: /home/xinzhu/sentry_ws/install/auto_aim_interfaces/share/auto_aim_interfaces/msg/DebugRuneAngle.msg
-- Up-to-date symlink: /home/xinzhu/sentry_ws/install/auto_aim_interfaces/share/auto_aim_interfaces/msg/Measurement.msg
-- Up-to-date symlink: /home/xinzhu/sentry_ws/install/auto_aim_interfaces/share/auto_aim_interfaces/msg/JudgeSystemData.msg
-- Up-to-date symlink: /home/xinzhu/sentry_ws/install/auto_aim_interfaces/share/auto_aim_interfaces/msg/OperatorCommand.msg
-- Up-to-date symlink: /home/xinzhu/sentry_ws/install/auto_aim_interfaces/share/auto_aim_interfaces/msg/SerialReceiveData.msg
-- Symlinking: /home/xinzhu/sentry_ws/install/auto_aim_interfaces/share/auto_aim_interfaces/msg/GameState.msg
-- Up-to-date symlink: /home/xinzhu/sentry_ws/install/auto_aim_interfaces/share/auto_aim_interfaces/srv/SetMode.srv
-- Up-to-date symlink: /home/xinzhu/sentry_ws/install/auto_aim_interfaces/share/auto_aim_interfaces/srv/SetMode_Request.msg
-- Up-to-date symlink: /home/xinzhu/sentry_ws/install/auto_aim_interfaces/share/auto_aim_interfaces/srv/SetMode_Response.msg
-- Up-to-date symlink: /home/xinzhu/sentry_ws/install/auto_aim_interfaces/share/ament_index/resource_index/package_run_dependencies/auto_aim_interfaces
-- Up-to-date symlink: /home/xinzhu/sentry_ws/install/auto_aim_interfaces/share/ament_index/resource_index/parent_prefix_path/auto_aim_interfaces
-- Up-to-date symlink: /home/xinzhu/sentry_ws/install/auto_aim_interfaces/share/auto_aim_interfaces/environment/ament_prefix_path.sh
-- Up-to-date symlink: /home/xinzhu/sentry_ws/install/auto_aim_interfaces/share/auto_aim_interfaces/environment/ament_prefix_path.dsv
-- Up-to-date symlink: /home/xinzhu/sentry_ws/install/auto_aim_interfaces/share/auto_aim_interfaces/environment/path.sh
-- Up-to-date symlink: /home/xinzhu/sentry_ws/install/auto_aim_interfaces/share/auto_aim_interfaces/environment/path.dsv
-- Up-to-date symlink: /home/xinzhu/sentry_ws/install/auto_aim_interfaces/share/auto_aim_interfaces/local_setup.bash
-- Up-to-date symlink: /home/xinzhu/sentry_ws/install/auto_aim_interfaces/share/auto_aim_interfaces/local_setup.sh
-- Up-to-date symlink: /home/xinzhu/sentry_ws/install/auto_aim_interfaces/share/auto_aim_interfaces/local_setup.zsh
-- Up-to-date symlink: /home/xinzhu/sentry_ws/install/auto_aim_interfaces/share/auto_aim_interfaces/local_setup.dsv
-- Symlinking: /home/xinzhu/sentry_ws/install/auto_aim_interfaces/share/auto_aim_interfaces/package.dsv
-- Up-to-date symlink: /home/xinzhu/sentry_ws/install/auto_aim_interfaces/share/ament_index/resource_index/packages/auto_aim_interfaces
-- Up-to-date symlink: /home/xinzhu/sentry_ws/install/auto_aim_interfaces/share/auto_aim_interfaces/cmake/rosidl_cmake-extras.cmake
-- Up-to-date symlink: /home/xinzhu/sentry_ws/install/auto_aim_interfaces/share/auto_aim_interfaces/cmake/ament_cmake_export_dependencies-extras.cmake
-- Up-to-date symlink: /home/xinzhu/sentry_ws/install/auto_aim_interfaces/share/auto_aim_interfaces/cmake/ament_cmake_export_include_directories-extras.cmake
-- Up-to-date symlink: /home/xinzhu/sentry_ws/install/auto_aim_interfaces/share/auto_aim_interfaces/cmake/ament_cmake_export_libraries-extras.cmake
-- Up-to-date symlink: /home/xinzhu/sentry_ws/install/auto_aim_interfaces/share/auto_aim_interfaces/cmake/ament_cmake_export_targets-extras.cmake
-- Up-to-date symlink: /home/xinzhu/sentry_ws/install/auto_aim_interfaces/share/auto_aim_interfaces/cmake/rosidl_cmake_export_typesupport_targets-extras.cmake
-- Up-to-date symlink: /home/xinzhu/sentry_ws/install/auto_aim_interfaces/share/auto_aim_interfaces/cmake/rosidl_cmake_export_typesupport_libraries-extras.cmake
-- Up-to-date symlink: /home/xinzhu/sentry_ws/install/auto_aim_interfaces/share/auto_aim_interfaces/cmake/auto_aim_interfacesConfig.cmake
-- Up-to-date symlink: /home/xinzhu/sentry_ws/install/auto_aim_interfaces/share/auto_aim_interfaces/cmake/auto_aim_interfacesConfig-version.cmake
-- Up-to-date symlink: /home/xinzhu/sentry_ws/install/auto_aim_interfaces/share/auto_aim_interfaces/package.xml
-- Installing: /home/xinzhu/sentry_ws/install/auto_aim_interfaces/lib/libauto_aim_interfaces__rosidl_generator_c.so
-- Set non-toolchain portion of runtime path of "/home/xinzhu/sentry_ws/install/auto_aim_interfaces/lib/libauto_aim_interfaces__rosidl_generator_c.so" to ""
-- Installing: /home/xinzhu/sentry_ws/install/auto_aim_interfaces/lib/libauto_aim_interfaces__rosidl_typesupport_fastrtps_c.so
-- Set non-toolchain portion of runtime path of "/home/xinzhu/sentry_ws/install/auto_aim_interfaces/lib/libauto_aim_interfaces__rosidl_typesupport_fastrtps_c.so" to ""
-- Installing: /home/xinzhu/sentry_ws/install/auto_aim_interfaces/lib/libauto_aim_interfaces__rosidl_typesupport_introspection_c.so
-- Set non-toolchain portion of runtime path of "/home/xinzhu/sentry_ws/install/auto_aim_interfaces/lib/libauto_aim_interfaces__rosidl_typesupport_introspection_c.so" to ""
-- Installing: /home/xinzhu/sentry_ws/install/auto_aim_interfaces/lib/libauto_aim_interfaces__rosidl_typesupport_c.so
-- Set non-toolchain portion of runtime path of "/home/xinzhu/sentry_ws/install/auto_aim_interfaces/lib/libauto_aim_interfaces__rosidl_typesupport_c.so" to ""
-- Installing: /home/xinzhu/sentry_ws/install/auto_aim_interfaces/lib/libauto_aim_interfaces__rosidl_typesupport_fastrtps_cpp.so
-- Set non-toolchain portion of runtime path of "/home/xinzhu/sentry_ws/install/auto_aim_interfaces/lib/libauto_aim_interfaces__rosidl_typesupport_fastrtps_cpp.so" to ""
-- Installing: /home/xinzhu/sentry_ws/install/auto_aim_interfaces/lib/libauto_aim_interfaces__rosidl_typesupport_introspection_cpp.so
-- Set non-toolchain portion of runtime path of "/home/xinzhu/sentry_ws/install/auto_aim_interfaces/lib/libauto_aim_interfaces__rosidl_typesupport_introspection_cpp.so" to ""
-- Installing: /home/xinzhu/sentry_ws/install/auto_aim_interfaces/lib/libauto_aim_interfaces__rosidl_typesupport_cpp.so
-- Set non-toolchain portion of runtime path of "/home/xinzhu/sentry_ws/install/auto_aim_interfaces/lib/libauto_aim_interfaces__rosidl_typesupport_cpp.so" to ""
Listing '/home/xinzhu/sentry_ws/install/auto_aim_interfaces/local/lib/python3.10/dist-packages/auto_aim_interfaces'...
Compiling '/home/xinzhu/sentry_ws/install/auto_aim_interfaces/local/lib/python3.10/dist-packages/auto_aim_interfaces/__init__.py'...
Listing '/home/xinzhu/sentry_ws/install/auto_aim_interfaces/local/lib/python3.10/dist-packages/auto_aim_interfaces/msg'...
Compiling '/home/xinzhu/sentry_ws/install/auto_aim_interfaces/local/lib/python3.10/dist-packages/auto_aim_interfaces/msg/__init__.py'...
Compiling '/home/xinzhu/sentry_ws/install/auto_aim_interfaces/local/lib/python3.10/dist-packages/auto_aim_interfaces/msg/_armor.py'...
Compiling '/home/xinzhu/sentry_ws/install/auto_aim_interfaces/local/lib/python3.10/dist-packages/auto_aim_interfaces/msg/_armors.py'...
Compiling '/home/xinzhu/sentry_ws/install/auto_aim_interfaces/local/lib/python3.10/dist-packages/auto_aim_interfaces/msg/_chassis_cmd.py'...
Compiling '/home/xinzhu/sentry_ws/install/auto_aim_interfaces/local/lib/python3.10/dist-packages/auto_aim_interfaces/msg/_debug_armor.py'...
Compiling '/home/xinzhu/sentry_ws/install/auto_aim_interfaces/local/lib/python3.10/dist-packages/auto_aim_interfaces/msg/_debug_armors.py'...
Compiling '/home/xinzhu/sentry_ws/install/auto_aim_interfaces/local/lib/python3.10/dist-packages/auto_aim_interfaces/msg/_debug_light.py'...
Compiling '/home/xinzhu/sentry_ws/install/auto_aim_interfaces/local/lib/python3.10/dist-packages/auto_aim_interfaces/msg/_debug_lights.py'...
Compiling '/home/xinzhu/sentry_ws/install/auto_aim_interfaces/local/lib/python3.10/dist-packages/auto_aim_interfaces/msg/_debug_rune_angle.py'...
Compiling '/home/xinzhu/sentry_ws/install/auto_aim_interfaces/local/lib/python3.10/dist-packages/auto_aim_interfaces/msg/_game_state.py'...
Compiling '/home/xinzhu/sentry_ws/install/auto_aim_interfaces/local/lib/python3.10/dist-packages/auto_aim_interfaces/msg/_gimbal_cmd.py'...
Compiling '/home/xinzhu/sentry_ws/install/auto_aim_interfaces/local/lib/python3.10/dist-packages/auto_aim_interfaces/msg/_judge_system_data.py'...
Compiling '/home/xinzhu/sentry_ws/install/auto_aim_interfaces/local/lib/python3.10/dist-packages/auto_aim_interfaces/msg/_measurement.py'...
Compiling '/home/xinzhu/sentry_ws/install/auto_aim_interfaces/local/lib/python3.10/dist-packages/auto_aim_interfaces/msg/_operator_command.py'...
Compiling '/home/xinzhu/sentry_ws/install/auto_aim_interfaces/local/lib/python3.10/dist-packages/auto_aim_interfaces/msg/_point2d.py'...
Compiling '/home/xinzhu/sentry_ws/install/auto_aim_interfaces/local/lib/python3.10/dist-packages/auto_aim_interfaces/msg/_rune_target.py'...
Compiling '/home/xinzhu/sentry_ws/install/auto_aim_interfaces/local/lib/python3.10/dist-packages/auto_aim_interfaces/msg/_serial_receive_data.py'...
Compiling '/home/xinzhu/sentry_ws/install/auto_aim_interfaces/local/lib/python3.10/dist-packages/auto_aim_interfaces/msg/_target.py'...
Listing '/home/xinzhu/sentry_ws/install/auto_aim_interfaces/local/lib/python3.10/dist-packages/auto_aim_interfaces/srv'...
Compiling '/home/xinzhu/sentry_ws/install/auto_aim_interfaces/local/lib/python3.10/dist-packages/auto_aim_interfaces/srv/__init__.py'...
Compiling '/home/xinzhu/sentry_ws/install/auto_aim_interfaces/local/lib/python3.10/dist-packages/auto_aim_interfaces/srv/_set_mode.py'...
-- Installing: /home/xinzhu/sentry_ws/install/auto_aim_interfaces/lib/libauto_aim_interfaces__rosidl_generator_py.so
-- Set non-toolchain portion of runtime path of "/home/xinzhu/sentry_ws/install/auto_aim_interfaces/lib/libauto_aim_interfaces__rosidl_generator_py.so" to ""
-- Up-to-date: /home/xinzhu/sentry_ws/install/auto_aim_interfaces/share/auto_aim_interfaces/cmake/export_auto_aim_interfaces__rosidl_generator_cExport.cmake
-- Up-to-date: /home/xinzhu/sentry_ws/install/auto_aim_interfaces/share/auto_aim_interfaces/cmake/export_auto_aim_interfaces__rosidl_generator_cExport-release.cmake
-- Up-to-date: /home/xinzhu/sentry_ws/install/auto_aim_interfaces/share/auto_aim_interfaces/cmake/export_auto_aim_interfaces__rosidl_typesupport_fastrtps_cExport.cmake
-- Up-to-date: /home/xinzhu/sentry_ws/install/auto_aim_interfaces/share/auto_aim_interfaces/cmake/export_auto_aim_interfaces__rosidl_typesupport_fastrtps_cExport-release.cmake
-- Up-to-date: /home/xinzhu/sentry_ws/install/auto_aim_interfaces/share/auto_aim_interfaces/cmake/auto_aim_interfaces__rosidl_typesupport_introspection_cExport.cmake
-- Up-to-date: /home/xinzhu/sentry_ws/install/auto_aim_interfaces/share/auto_aim_interfaces/cmake/auto_aim_interfaces__rosidl_typesupport_introspection_cExport-release.cmake
-- Up-to-date: /home/xinzhu/sentry_ws/install/auto_aim_interfaces/share/auto_aim_interfaces/cmake/auto_aim_interfaces__rosidl_typesupport_cExport.cmake
-- Up-to-date: /home/xinzhu/sentry_ws/install/auto_aim_interfaces/share/auto_aim_interfaces/cmake/auto_aim_interfaces__rosidl_typesupport_cExport-release.cmake
-- Up-to-date: /home/xinzhu/sentry_ws/install/auto_aim_interfaces/share/auto_aim_interfaces/cmake/export_auto_aim_interfaces__rosidl_generator_cppExport.cmake
-- Up-to-date: /home/xinzhu/sentry_ws/install/auto_aim_interfaces/share/auto_aim_interfaces/cmake/export_auto_aim_interfaces__rosidl_typesupport_fastrtps_cppExport.cmake
-- Up-to-date: /home/xinzhu/sentry_ws/install/auto_aim_interfaces/share/auto_aim_interfaces/cmake/export_auto_aim_interfaces__rosidl_typesupport_fastrtps_cppExport-release.cmake
-- Up-to-date: /home/xinzhu/sentry_ws/install/auto_aim_interfaces/share/auto_aim_interfaces/cmake/auto_aim_interfaces__rosidl_typesupport_introspection_cppExport.cmake
-- Up-to-date: /home/xinzhu/sentry_ws/install/auto_aim_interfaces/share/auto_aim_interfaces/cmake/auto_aim_interfaces__rosidl_typesupport_introspection_cppExport-release.cmake
-- Up-to-date: /home/xinzhu/sentry_ws/install/auto_aim_interfaces/share/auto_aim_interfaces/cmake/auto_aim_interfaces__rosidl_typesupport_cppExport.cmake
-- Up-to-date: /home/xinzhu/sentry_ws/install/auto_aim_interfaces/share/auto_aim_interfaces/cmake/auto_aim_interfaces__rosidl_typesupport_cppExport-release.cmake
-- Up-to-date: /home/xinzhu/sentry_ws/install/auto_aim_interfaces/share/auto_aim_interfaces/cmake/export_auto_aim_interfaces__rosidl_generator_pyExport.cmake
-- Up-to-date: /home/xinzhu/sentry_ws/install/auto_aim_interfaces/share/auto_aim_interfaces/cmake/export_auto_aim_interfaces__rosidl_generator_pyExport-release.cmake
