[0.007s] Invoking command in '/home/xinzhu/sentry_ws/build/daheng4ros': CMAKE_PREFIX_PATH=${CMAKE_PREFIX_PATH}:/home/xinzhu/sentry_ws/install/control_panel:/home/xinzhu/Desktop/sentry_ws/install/control_panel:/opt/ros/humble PS1=%F{green}%n@%m%f%F{white}:%f%F{blue}%~%f%F{white}$%f /usr/local/bin/cmake /home/xinzhu/sentry_ws/src/daheng4ros -DCMAKE_INSTALL_PREFIX=/home/xinzhu/sentry_ws/install/daheng4ros
[0.013s] [0mCMake Deprecation Warning at CMakeLists.txt:1 (cmake_minimum_required):
[0.013s]   Compatibility with CMake < 3.10 will be removed from a future version of
[0.013s]   CMake.
[0.013s] 
[0.013s]   Update the VERSION argument <min> value.  Or, use the <min>...<max> syntax
[0.013s]   to tell CMake that the project requires at least <min> but has been updated
[0.013s]   to work with policies introduced by <max> or earlier.
[0.013s] 
[0.014s] [0m
[0.126s] -- The C compiler identification is GNU 11.4.0
[0.174s] -- The CXX compiler identification is GNU 11.4.0
[0.184s] -- Detecting C compiler ABI info
[0.233s] -- Detecting C compiler ABI info - done
[0.243s] -- Check for working C compiler: /usr/bin/cc - skipped
[0.244s] -- Detecting C compile features
[0.244s] -- Detecting C compile features - done
[0.256s] -- Detecting CXX compiler ABI info
[0.329s] -- Detecting CXX compiler ABI info - done
[0.340s] -- Check for working CXX compiler: /usr/bin/c++ - skipped
[0.341s] -- Detecting CXX compile features
[0.341s] -- Detecting CXX compile features - done
[0.359s] -- Found ament_cmake: 1.3.14 (/opt/ros/humble/share/ament_cmake/cmake)
[0.488s] -- Found Python3: /usr/bin/python3 (found version "3.10.12") found components: Interpreter
[0.610s] -- Found rclcpp: 16.0.18 (/opt/ros/humble/share/rclcpp/cmake)
[0.689s] -- Found rosidl_generator_c: 3.1.8 (/opt/ros/humble/share/rosidl_generator_c/cmake)
[0.697s] -- Found rosidl_adapter: 3.1.8 (/opt/ros/humble/share/rosidl_adapter/cmake)
[0.711s] -- Found rosidl_generator_cpp: 3.1.8 (/opt/ros/humble/share/rosidl_generator_cpp/cmake)
[0.733s] -- Using all available rosidl_typesupport_c: rosidl_typesupport_fastrtps_c;rosidl_typesupport_introspection_c
[0.758s] -- Using all available rosidl_typesupport_cpp: rosidl_typesupport_fastrtps_cpp;rosidl_typesupport_introspection_cpp
[0.822s] -- Found rmw_implementation_cmake: 6.1.2 (/opt/ros/humble/share/rmw_implementation_cmake/cmake)
[0.827s] -- Found rmw_fastrtps_cpp: 6.2.10 (/opt/ros/humble/share/rmw_fastrtps_cpp/cmake)
[0.934s] -- Found OpenSSL: /usr/lib/x86_64-linux-gnu/libcrypto.so (found version "3.0.2")
[0.960s] -- Found FastRTPS: /opt/ros/humble/include
[1.001s] -- Using RMW implementation 'rmw_fastrtps_cpp' as default
[1.018s] -- Performing Test CMAKE_HAVE_LIBC_PTHREAD
[1.070s] -- Performing Test CMAKE_HAVE_LIBC_PTHREAD - Success
[1.071s] -- Found Threads: TRUE
[1.144s] -- Found image_transport: 3.1.12 (/opt/ros/humble/share/image_transport/cmake)
[1.224s] -- Found cv_bridge: 3.2.1 (/opt/ros/humble/share/cv_bridge/cmake)
[1.233s] -- Found OpenCV: /usr/local (found version "4.7.0")
[1.239s] -- Found ament_lint_auto: 0.12.15 (/opt/ros/humble/share/ament_lint_auto/cmake)
[1.312s] -- Added test 'cppcheck' to perform static code analysis on C / C++ code
[1.312s] -- Configured cppcheck include dirs: /home/xinzhu/sentry_ws/src/daheng4ros/include
[1.313s] -- Configured cppcheck exclude dirs and/or files: 
[1.314s] -- Added test 'flake8' to check Python code syntax and style conventions
[1.315s] -- Added test 'lint_cmake' to check CMake code style
[1.316s] -- Added test 'pep257' to check Python code against some of the docstring style conventions in PEP 257
[1.318s] -- Added test 'uncrustify' to check C / C++ code style
[1.318s] -- Configured uncrustify additional arguments: 
[1.319s] -- Added test 'xmllint' to check XML markup files
[1.321s] -- Configuring done (1.3s)
[1.334s] -- Generating done (0.0s)
[1.336s] -- Build files have been written to: /home/xinzhu/sentry_ws/build/daheng4ros
[1.343s] Invoked command in '/home/xinzhu/sentry_ws/build/daheng4ros' returned '0': CMAKE_PREFIX_PATH=${CMAKE_PREFIX_PATH}:/home/xinzhu/sentry_ws/install/control_panel:/home/xinzhu/Desktop/sentry_ws/install/control_panel:/opt/ros/humble PS1=%F{green}%n@%m%f%F{white}:%f%F{blue}%~%f%F{white}$%f /usr/local/bin/cmake /home/xinzhu/sentry_ws/src/daheng4ros -DCMAKE_INSTALL_PREFIX=/home/xinzhu/sentry_ws/install/daheng4ros
[1.344s] Invoking command in '/home/xinzhu/sentry_ws/build/daheng4ros': CMAKE_PREFIX_PATH=${CMAKE_PREFIX_PATH}:/home/xinzhu/sentry_ws/install/control_panel:/home/xinzhu/Desktop/sentry_ws/install/control_panel:/opt/ros/humble PS1=%F{green}%n@%m%f%F{white}:%f%F{blue}%~%f%F{white}$%f /usr/local/bin/cmake --build /home/xinzhu/sentry_ws/build/daheng4ros -- -j16 -l16
[1.370s] [ 25%] [32mBuilding CXX object CMakeFiles/daheng_cam.dir/src/camera.cpp.o[0m
[1.691s] [ 50%] [32m[1mLinking CXX shared library libdaheng_cam.so[0m
[1.734s] [ 50%] Built target daheng_cam
[1.744s] [ 75%] [32mBuilding CXX object CMakeFiles/image_publisher.dir/src/image_publisher.cpp.o[0m
[1.800s] [01m[K/home/xinzhu/sentry_ws/src/daheng4ros/src/image_publisher.cpp:3:10:[m[K [01;31m[Kfatal error: [m[Kcv_bridge/cv_bridge.hpp: 没有那个文件或目录
[1.800s]     3 | #include [01;31m[K<cv_bridge/cv_bridge.hpp>[m[K
[1.800s]       |          [01;31m[K^~~~~~~~~~~~~~~~~~~~~~~~~[m[K
[1.800s] compilation terminated.
[1.801s] gmake[2]: *** [CMakeFiles/image_publisher.dir/build.make:79：CMakeFiles/image_publisher.dir/src/image_publisher.cpp.o] 错误 1
[1.801s] gmake[1]: *** [CMakeFiles/Makefile2:188：CMakeFiles/image_publisher.dir/all] 错误 2
[1.801s] gmake: *** [Makefile:146：all] 错误 2
[1.802s] Invoked command in '/home/xinzhu/sentry_ws/build/daheng4ros' returned '2': CMAKE_PREFIX_PATH=${CMAKE_PREFIX_PATH}:/home/xinzhu/sentry_ws/install/control_panel:/home/xinzhu/Desktop/sentry_ws/install/control_panel:/opt/ros/humble PS1=%F{green}%n@%m%f%F{white}:%f%F{blue}%~%f%F{white}$%f /usr/local/bin/cmake --build /home/xinzhu/sentry_ws/build/daheng4ros -- -j16 -l16
