[0.013s] Invoking command in '/home/xinzhu/sentry_ws/build/armor_detector': AMENT_PREFIX_PATH=/home/xinzhu/sentry_ws/install/rm_utils:/home/xinzhu/sentry_ws/install/auto_aim_interfaces:${AMENT_PREFIX_PATH} CMAKE_PREFIX_PATH=/home/xinzhu/sentry_ws/install/rm_utils:/home/xinzhu/sentry_ws/install/auto_aim_interfaces:/home/xinzhu/Desktop/sentry_ws/install/sentry_description:/home/xinzhu/Desktop/sentry_ws/install/sentry_bringup:/home/xinzhu/Desktop/sentry_ws/install/sensor_scan_generation:/home/xinzhu/Desktop/sentry_ws/install/rm_rune:/home/xinzhu/Desktop/sentry_ws/install/rune_solver:/home/xinzhu/Desktop/sentry_ws/install/rune_detector:/home/xinzhu/Desktop/sentry_ws/install/rm_serial_driver:/home/xinzhu/Desktop/sentry_ws/install/rm_auto_aim:/home/xinzhu/Desktop/sentry_ws/install/armor_solver:/home/xinzhu/Desktop/sentry_ws/install/armor_detector:/home/xinzhu/Desktop/sentry_ws/install/rm_utils:/home/xinzhu/Desktop/sentry_ws/install/rm_robot_description:/home/xinzhu/Desktop/sentry_ws/install/rm_interfaces:/home/xinzhu/Desktop/sentry_ws/install/livox_ros_driver2:/home/xinzhu/Desktop/sentry_ws/install/costmap_intensity:/home/xinzhu/Desktop/sentry_ws/install/behavior_ext_plugins:/home/xinzhu/Desktop/sentry_ws/install/auto_aim_interfaces:/home/xinzhu/Desktop/sentry_ws/install/control_panel:/opt/ros/humble LD_LIBRARY_PATH=/home/xinzhu/sentry_ws/install/rm_utils/lib:/home/xinzhu/sentry_ws/install/auto_aim_interfaces/lib:${LD_LIBRARY_PATH} PS1=%F{green}%n@%m%f%F{white}:%f%F{blue}%~%f%F{white}$%f PYTHONPATH=/home/xinzhu/sentry_ws/install/auto_aim_interfaces/local/lib/python3.10/dist-packages:${PYTHONPATH} /usr/local/bin/cmake --build /home/xinzhu/sentry_ws/build/armor_detector -- -j16 -l16
[0.030s] -- Found ament_cmake_auto: 1.3.14 (/opt/ros/humble/share/ament_cmake_auto/cmake)
[0.179s] -- Override CMake install command with custom implementation using symlinks instead of copying resources
[0.188s] [33mCMake Warning (dev) at /usr/local/share/cmake-3.31/Modules/FindOpenGL.cmake:415 (message):
[0.188s]   Policy CMP0072 is not set: FindOpenGL prefers GLVND by default when
[0.188s]   available.  Run "cmake --help-policy CMP0072" for policy details.  Use the
[0.188s]   cmake_policy command to set the policy and suppress this warning.
[0.188s] 
[0.188s]   FindOpenGL found both a legacy GL library:
[0.188s] 
[0.188s]     OPENGL_gl_LIBRARY: /usr/lib/x86_64-linux-gnu/libGL.so
[0.188s] 
[0.188s]   and GLVND libraries for OpenGL and GLX:
[0.188s] 
[0.188s]     OPENGL_opengl_LIBRARY: /usr/lib/x86_64-linux-gnu/libOpenGL.so
[0.188s]     OPENGL_glx_LIBRARY: /usr/lib/x86_64-linux-gnu/libGLX.so
[0.188s] 
[0.188s]   OpenGL_GL_PREFERENCE has not been set to "GLVND" or "LEGACY", so for
[0.188s]   compatibility with CMake 3.10 and below the legacy GL library will be used.
[0.188s] Call Stack (most recent call first):
[0.188s]   /usr/local/share/cmake-3.31/Modules/CMakeFindDependencyMacro.cmake:76 (find_package)
[0.188s]   /usr/local/lib/cmake/g2o/g2oConfig.cmake:6 (find_dependency)
[0.188s]   CMakeLists.txt:28 (find_package)
[0.188s] This warning is for project developers.  Use -Wno-dev to suppress it.
[0.188s] [0m
[0.252s] -- Found rosidl_generator_c: 3.1.8 (/opt/ros/humble/share/rosidl_generator_c/cmake)
[0.254s] -- Found rosidl_adapter: 3.1.8 (/opt/ros/humble/share/rosidl_adapter/cmake)
[0.258s] -- Found rosidl_generator_cpp: 3.1.8 (/opt/ros/humble/share/rosidl_generator_cpp/cmake)
[0.264s] -- Using all available rosidl_typesupport_c: rosidl_typesupport_fastrtps_c;rosidl_typesupport_introspection_c
[0.273s] -- Using all available rosidl_typesupport_cpp: rosidl_typesupport_fastrtps_cpp;rosidl_typesupport_introspection_cpp
[0.301s] -- Found rmw_implementation_cmake: 6.1.2 (/opt/ros/humble/share/rmw_implementation_cmake/cmake)
[0.303s] -- Found rmw_fastrtps_cpp: 6.2.10 (/opt/ros/humble/share/rmw_fastrtps_cpp/cmake)
[0.381s] -- Using RMW implementation 'rmw_fastrtps_cpp' as default
[0.571s] -- Found eigen3_cmake_module: 0.1.1 (/opt/ros/humble/share/eigen3_cmake_module/cmake)
[0.572s] -- Ensuring Eigen3 include directory is part of orocos-kdl CMake target
[0.675s] -- Found AMD headers in: /usr/include/suitesparse
[0.675s] -- Found AMD library: /usr/lib/x86_64-linux-gnu/libamd.so
[0.675s] -- Found CAMD headers in: /usr/include/suitesparse
[0.675s] -- Found CAMD library: /usr/lib/x86_64-linux-gnu/libcamd.so
[0.675s] -- Found CCOLAMD headers in: /usr/include/suitesparse
[0.675s] -- Found CCOLAMD library: /usr/lib/x86_64-linux-gnu/libccolamd.so
[0.675s] -- Found CHOLMOD headers in: /usr/include/suitesparse
[0.675s] -- Found CHOLMOD library: /usr/lib/x86_64-linux-gnu/libcholmod.so
[0.675s] -- Found COLAMD headers in: /usr/include/suitesparse
[0.675s] -- Found COLAMD library: /usr/lib/x86_64-linux-gnu/libcolamd.so
[0.676s] -- Found SPQR headers in: /usr/include/suitesparse
[0.676s] -- Found SPQR library: /usr/lib/x86_64-linux-gnu/libspqr.so
[0.676s] -- Found Config headers in: /usr/include/suitesparse
[0.676s] -- Found Config library: /usr/lib/x86_64-linux-gnu/libsuitesparseconfig.so
[0.676s] -- Found Intel Thread Building Blocks (TBB) library (2021.5 / ) include location: . Assuming SuiteSparseQR was compiled with TBB.
[0.676s] -- Adding librt to SuiteSparse_config libraries (required on Linux & Unix [not OSX] if SuiteSparse is compiled with timing).
[0.680s] -- Could NOT find METIS (missing: METIS_INCLUDE_DIR METIS_LIBRARY) 
[0.697s] -- Found ament_lint_auto: 0.12.15 (/opt/ros/humble/share/ament_lint_auto/cmake)
[0.701s] -- Found gtest sources under '/opt/ros/humble/src/gtest_vendor': C++ tests using 'Google Test' will be built
[0.702s] [0mCMake Deprecation Warning at /opt/ros/humble/src/gtest_vendor/CMakeLists.txt:2 (cmake_minimum_required):
[0.702s]   Compatibility with CMake < 3.10 will be removed from a future version of
[0.702s]   CMake.
[0.702s] 
[0.702s]   Update the VERSION argument <min> value.  Or, use the <min>...<max> syntax
[0.702s]   to tell CMake that the project requires at least <min> but has been updated
[0.702s]   to work with policies introduced by <max> or earlier.
[0.702s] 
[0.702s] [0m
[0.704s] [0mIn this package, headers install destination is set to `include` by ament_auto_package. It is recommended to install `include/armor_detector` instead and will be the default behavior of ament_auto_package from ROS 2 Kilted Kaiju. On distributions before Kilted, ament_auto_package behaves the same way when you use USE_SCOPED_HEADER_INSTALL_DIR option.[0m
[0.710s] -- Added test 'cppcheck' to perform static code analysis on C / C++ code
[0.710s] -- Configured cppcheck include dirs: /home/xinzhu/sentry_ws/src/rm_auto_aim/armor_detector/include
[0.710s] -- Configured cppcheck exclude dirs and/or files: 
[0.711s] -- Added test 'xmllint' to check XML markup files
[0.712s] -- Added test 'clang_format' to check C / C++ code style
[0.714s] -- Configuring done (0.7s)
[0.747s] -- Generating done (0.0s)
[0.751s] -- Build files have been written to: /home/xinzhu/sentry_ws/build/armor_detector
[0.776s] [ 12%] Built target gtest_main
[0.778s] [ 25%] Built target gtest
[0.781s] [ 37%] Built target armor_detector_node
[0.806s] [ 43%] [32mBuilding CXX object CMakeFiles/armor_detector.dir/src/armor_detector.cpp.o[0m
[0.807s] [ 50%] [32mBuilding CXX object CMakeFiles/armor_detector.dir/src/armor_detector_node.cpp.o[0m
[0.810s] [ 56%] [32mBuilding CXX object CMakeFiles/armor_detector.dir/src/armor_pose_estimator.cpp.o[0m
[0.810s] [ 62%] [32mBuilding CXX object CMakeFiles/armor_detector.dir/src/ba_solver.cpp.o[0m
[0.810s] [ 68%] [32mBuilding CXX object CMakeFiles/armor_detector.dir/src/graph_optimizer.cpp.o[0m
[0.812s] [ 81%] [32mBuilding CXX object CMakeFiles/armor_detector.dir/src/number_classifier.cpp.o[0m
[0.812s] [ 81%] [32mBuilding CXX object CMakeFiles/armor_detector.dir/src/light_corner_corrector.cpp.o[0m
[25.412s] [ 87%] [32m[1mLinking CXX shared library libarmor_detector.so[0m
[25.644s] [ 87%] Built target armor_detector
[25.663s] [ 93%] [32mBuilding CXX object CMakeFiles/test_detector.dir/test/test_detector.cpp.o[0m
[29.006s] [100%] [32m[1mLinking CXX executable test_detector[0m
[29.115s] /usr/bin/ld: warning: libopencv_imgcodecs.so.4.5d, needed by /opt/ros/humble/lib/libcv_bridge.so, may conflict with libopencv_imgcodecs.so.407
[29.116s] /usr/bin/ld: warning: libopencv_imgproc.so.4.5d, needed by /opt/ros/humble/lib/libcv_bridge.so, may conflict with libopencv_imgproc.so.407
[29.116s] /usr/bin/ld: warning: libopencv_core.so.4.5d, needed by /opt/ros/humble/lib/libcv_bridge.so, may conflict with libopencv_core.so.407
[29.286s] [100%] Built target test_detector
[29.290s] Invoked command in '/home/xinzhu/sentry_ws/build/armor_detector' returned '0': AMENT_PREFIX_PATH=/home/xinzhu/sentry_ws/install/rm_utils:/home/xinzhu/sentry_ws/install/auto_aim_interfaces:${AMENT_PREFIX_PATH} CMAKE_PREFIX_PATH=/home/xinzhu/sentry_ws/install/rm_utils:/home/xinzhu/sentry_ws/install/auto_aim_interfaces:/home/xinzhu/Desktop/sentry_ws/install/sentry_description:/home/xinzhu/Desktop/sentry_ws/install/sentry_bringup:/home/xinzhu/Desktop/sentry_ws/install/sensor_scan_generation:/home/xinzhu/Desktop/sentry_ws/install/rm_rune:/home/xinzhu/Desktop/sentry_ws/install/rune_solver:/home/xinzhu/Desktop/sentry_ws/install/rune_detector:/home/xinzhu/Desktop/sentry_ws/install/rm_serial_driver:/home/xinzhu/Desktop/sentry_ws/install/rm_auto_aim:/home/xinzhu/Desktop/sentry_ws/install/armor_solver:/home/xinzhu/Desktop/sentry_ws/install/armor_detector:/home/xinzhu/Desktop/sentry_ws/install/rm_utils:/home/xinzhu/Desktop/sentry_ws/install/rm_robot_description:/home/xinzhu/Desktop/sentry_ws/install/rm_interfaces:/home/xinzhu/Desktop/sentry_ws/install/livox_ros_driver2:/home/xinzhu/Desktop/sentry_ws/install/costmap_intensity:/home/xinzhu/Desktop/sentry_ws/install/behavior_ext_plugins:/home/xinzhu/Desktop/sentry_ws/install/auto_aim_interfaces:/home/xinzhu/Desktop/sentry_ws/install/control_panel:/opt/ros/humble LD_LIBRARY_PATH=/home/xinzhu/sentry_ws/install/rm_utils/lib:/home/xinzhu/sentry_ws/install/auto_aim_interfaces/lib:${LD_LIBRARY_PATH} PS1=%F{green}%n@%m%f%F{white}:%f%F{blue}%~%f%F{white}$%f PYTHONPATH=/home/xinzhu/sentry_ws/install/auto_aim_interfaces/local/lib/python3.10/dist-packages:${PYTHONPATH} /usr/local/bin/cmake --build /home/xinzhu/sentry_ws/build/armor_detector -- -j16 -l16
[29.294s] Invoking command in '/home/xinzhu/sentry_ws/build/armor_detector': AMENT_PREFIX_PATH=/home/xinzhu/sentry_ws/install/rm_utils:/home/xinzhu/sentry_ws/install/auto_aim_interfaces:${AMENT_PREFIX_PATH} CMAKE_PREFIX_PATH=/home/xinzhu/sentry_ws/install/rm_utils:/home/xinzhu/sentry_ws/install/auto_aim_interfaces:/home/xinzhu/Desktop/sentry_ws/install/sentry_description:/home/xinzhu/Desktop/sentry_ws/install/sentry_bringup:/home/xinzhu/Desktop/sentry_ws/install/sensor_scan_generation:/home/xinzhu/Desktop/sentry_ws/install/rm_rune:/home/xinzhu/Desktop/sentry_ws/install/rune_solver:/home/xinzhu/Desktop/sentry_ws/install/rune_detector:/home/xinzhu/Desktop/sentry_ws/install/rm_serial_driver:/home/xinzhu/Desktop/sentry_ws/install/rm_auto_aim:/home/xinzhu/Desktop/sentry_ws/install/armor_solver:/home/xinzhu/Desktop/sentry_ws/install/armor_detector:/home/xinzhu/Desktop/sentry_ws/install/rm_utils:/home/xinzhu/Desktop/sentry_ws/install/rm_robot_description:/home/xinzhu/Desktop/sentry_ws/install/rm_interfaces:/home/xinzhu/Desktop/sentry_ws/install/livox_ros_driver2:/home/xinzhu/Desktop/sentry_ws/install/costmap_intensity:/home/xinzhu/Desktop/sentry_ws/install/behavior_ext_plugins:/home/xinzhu/Desktop/sentry_ws/install/auto_aim_interfaces:/home/xinzhu/Desktop/sentry_ws/install/control_panel:/opt/ros/humble LD_LIBRARY_PATH=/home/xinzhu/sentry_ws/install/rm_utils/lib:/home/xinzhu/sentry_ws/install/auto_aim_interfaces/lib:${LD_LIBRARY_PATH} PS1=%F{green}%n@%m%f%F{white}:%f%F{blue}%~%f%F{white}$%f PYTHONPATH=/home/xinzhu/sentry_ws/install/auto_aim_interfaces/local/lib/python3.10/dist-packages:${PYTHONPATH} /usr/local/bin/cmake --install /home/xinzhu/sentry_ws/build/armor_detector
[29.296s] -- Install configuration: "Release"
[29.296s] -- Execute custom install script
[29.296s] -- Up-to-date symlink: /home/xinzhu/sentry_ws/install/armor_detector/lib/armor_detector/armor_detector_node
[29.297s] -- Up-to-date symlink: /home/xinzhu/sentry_ws/install/armor_detector/include/armor_detector/armor_detector.hpp
[29.297s] -- Up-to-date symlink: /home/xinzhu/sentry_ws/install/armor_detector/include/armor_detector/armor_detector_node.hpp
[29.297s] -- Up-to-date symlink: /home/xinzhu/sentry_ws/install/armor_detector/include/armor_detector/armor_pose_estimator.hpp
[29.297s] -- Up-to-date symlink: /home/xinzhu/sentry_ws/install/armor_detector/include/armor_detector/ba_solver.hpp
[29.297s] -- Up-to-date symlink: /home/xinzhu/sentry_ws/install/armor_detector/include/armor_detector/graph_optimizer.hpp
[29.297s] -- Up-to-date symlink: /home/xinzhu/sentry_ws/install/armor_detector/include/armor_detector/light_corner_corrector.hpp
[29.297s] -- Up-to-date symlink: /home/xinzhu/sentry_ws/install/armor_detector/include/armor_detector/number_classifier.hpp
[29.297s] -- Up-to-date symlink: /home/xinzhu/sentry_ws/install/armor_detector/include/armor_detector/types.hpp
[29.297s] -- Up-to-date symlink: /home/xinzhu/sentry_ws/install/armor_detector/share/armor_detector/environment/library_path.sh
[29.297s] -- Up-to-date symlink: /home/xinzhu/sentry_ws/install/armor_detector/share/armor_detector/environment/library_path.dsv
[29.297s] -- Up-to-date symlink: /home/xinzhu/sentry_ws/install/armor_detector/lib/libarmor_detector.so
[29.298s] -- Up-to-date symlink: /home/xinzhu/sentry_ws/install/armor_detector/share/armor_detector/docs/BA.png
[29.298s] -- Up-to-date symlink: /home/xinzhu/sentry_ws/install/armor_detector/share/armor_detector/docs/blue.png
[29.298s] -- Up-to-date symlink: /home/xinzhu/sentry_ws/install/armor_detector/share/armor_detector/docs/classify.png
[29.298s] -- Up-to-date symlink: /home/xinzhu/sentry_ws/install/armor_detector/share/armor_detector/docs/gray_bin.png
[29.298s] -- Up-to-date symlink: /home/xinzhu/sentry_ws/install/armor_detector/share/armor_detector/docs/hsv_bin.png
[29.298s] -- Up-to-date symlink: /home/xinzhu/sentry_ws/install/armor_detector/share/armor_detector/docs/model.svg
[29.298s] -- Up-to-date symlink: /home/xinzhu/sentry_ws/install/armor_detector/share/armor_detector/docs/num_bin.png
[29.298s] -- Up-to-date symlink: /home/xinzhu/sentry_ws/install/armor_detector/share/armor_detector/docs/num_raw.png
[29.298s] -- Up-to-date symlink: /home/xinzhu/sentry_ws/install/armor_detector/share/armor_detector/docs/num_roi.png
[29.298s] -- Up-to-date symlink: /home/xinzhu/sentry_ws/install/armor_detector/share/armor_detector/docs/num_warp.png
[29.298s] -- Up-to-date symlink: /home/xinzhu/sentry_ws/install/armor_detector/share/armor_detector/docs/origin1.png
[29.298s] -- Up-to-date symlink: /home/xinzhu/sentry_ws/install/armor_detector/share/armor_detector/docs/origin2.png
[29.298s] -- Up-to-date symlink: /home/xinzhu/sentry_ws/install/armor_detector/share/armor_detector/docs/pca1.png
[29.298s] -- Up-to-date symlink: /home/xinzhu/sentry_ws/install/armor_detector/share/armor_detector/docs/pca2.png
[29.298s] -- Up-to-date symlink: /home/xinzhu/sentry_ws/install/armor_detector/share/armor_detector/docs/raw.png
[29.298s] -- Up-to-date symlink: /home/xinzhu/sentry_ws/install/armor_detector/share/armor_detector/docs/red.png
[29.298s] -- Up-to-date symlink: /home/xinzhu/sentry_ws/install/armor_detector/share/armor_detector/docs/test.png
[29.298s] -- Up-to-date symlink: /home/xinzhu/sentry_ws/install/armor_detector/share/armor_detector/model/label.txt
[29.298s] -- Up-to-date symlink: /home/xinzhu/sentry_ws/install/armor_detector/share/armor_detector/model/lenet.onnx
[29.298s] -- Up-to-date symlink: /home/xinzhu/sentry_ws/install/armor_detector/share/armor_detector/model/mlp.onnx
[29.299s] -- Up-to-date symlink: /home/xinzhu/sentry_ws/install/armor_detector/share/ament_index/resource_index/package_run_dependencies/armor_detector
[29.299s] -- Up-to-date symlink: /home/xinzhu/sentry_ws/install/armor_detector/share/ament_index/resource_index/parent_prefix_path/armor_detector
[29.299s] -- Up-to-date symlink: /home/xinzhu/sentry_ws/install/armor_detector/share/armor_detector/environment/ament_prefix_path.sh
[29.299s] -- Up-to-date symlink: /home/xinzhu/sentry_ws/install/armor_detector/share/armor_detector/environment/ament_prefix_path.dsv
[29.299s] -- Up-to-date symlink: /home/xinzhu/sentry_ws/install/armor_detector/share/armor_detector/environment/path.sh
[29.299s] -- Up-to-date symlink: /home/xinzhu/sentry_ws/install/armor_detector/share/armor_detector/environment/path.dsv
[29.299s] -- Up-to-date symlink: /home/xinzhu/sentry_ws/install/armor_detector/share/armor_detector/local_setup.bash
[29.299s] -- Up-to-date symlink: /home/xinzhu/sentry_ws/install/armor_detector/share/armor_detector/local_setup.sh
[29.299s] -- Up-to-date symlink: /home/xinzhu/sentry_ws/install/armor_detector/share/armor_detector/local_setup.zsh
[29.299s] -- Up-to-date symlink: /home/xinzhu/sentry_ws/install/armor_detector/share/armor_detector/local_setup.dsv
[29.299s] -- Symlinking: /home/xinzhu/sentry_ws/install/armor_detector/share/armor_detector/package.dsv
[29.302s] -- Up-to-date symlink: /home/xinzhu/sentry_ws/install/armor_detector/share/ament_index/resource_index/packages/armor_detector
[29.302s] -- Up-to-date symlink: /home/xinzhu/sentry_ws/install/armor_detector/share/ament_index/resource_index/rclcpp_components/armor_detector
[29.302s] -- Up-to-date symlink: /home/xinzhu/sentry_ws/install/armor_detector/share/armor_detector/cmake/ament_cmake_export_dependencies-extras.cmake
[29.302s] -- Up-to-date symlink: /home/xinzhu/sentry_ws/install/armor_detector/share/armor_detector/cmake/ament_cmake_export_include_directories-extras.cmake
[29.302s] -- Up-to-date symlink: /home/xinzhu/sentry_ws/install/armor_detector/share/armor_detector/cmake/ament_cmake_export_libraries-extras.cmake
[29.302s] -- Up-to-date symlink: /home/xinzhu/sentry_ws/install/armor_detector/share/armor_detector/cmake/armor_detectorConfig.cmake
[29.302s] -- Up-to-date symlink: /home/xinzhu/sentry_ws/install/armor_detector/share/armor_detector/cmake/armor_detectorConfig-version.cmake
[29.302s] -- Up-to-date symlink: /home/xinzhu/sentry_ws/install/armor_detector/share/armor_detector/package.xml
[29.304s] Invoked command in '/home/xinzhu/sentry_ws/build/armor_detector' returned '0': AMENT_PREFIX_PATH=/home/xinzhu/sentry_ws/install/rm_utils:/home/xinzhu/sentry_ws/install/auto_aim_interfaces:${AMENT_PREFIX_PATH} CMAKE_PREFIX_PATH=/home/xinzhu/sentry_ws/install/rm_utils:/home/xinzhu/sentry_ws/install/auto_aim_interfaces:/home/xinzhu/Desktop/sentry_ws/install/sentry_description:/home/xinzhu/Desktop/sentry_ws/install/sentry_bringup:/home/xinzhu/Desktop/sentry_ws/install/sensor_scan_generation:/home/xinzhu/Desktop/sentry_ws/install/rm_rune:/home/xinzhu/Desktop/sentry_ws/install/rune_solver:/home/xinzhu/Desktop/sentry_ws/install/rune_detector:/home/xinzhu/Desktop/sentry_ws/install/rm_serial_driver:/home/xinzhu/Desktop/sentry_ws/install/rm_auto_aim:/home/xinzhu/Desktop/sentry_ws/install/armor_solver:/home/xinzhu/Desktop/sentry_ws/install/armor_detector:/home/xinzhu/Desktop/sentry_ws/install/rm_utils:/home/xinzhu/Desktop/sentry_ws/install/rm_robot_description:/home/xinzhu/Desktop/sentry_ws/install/rm_interfaces:/home/xinzhu/Desktop/sentry_ws/install/livox_ros_driver2:/home/xinzhu/Desktop/sentry_ws/install/costmap_intensity:/home/xinzhu/Desktop/sentry_ws/install/behavior_ext_plugins:/home/xinzhu/Desktop/sentry_ws/install/auto_aim_interfaces:/home/xinzhu/Desktop/sentry_ws/install/control_panel:/opt/ros/humble LD_LIBRARY_PATH=/home/xinzhu/sentry_ws/install/rm_utils/lib:/home/xinzhu/sentry_ws/install/auto_aim_interfaces/lib:${LD_LIBRARY_PATH} PS1=%F{green}%n@%m%f%F{white}:%f%F{blue}%~%f%F{white}$%f PYTHONPATH=/home/xinzhu/sentry_ws/install/auto_aim_interfaces/local/lib/python3.10/dist-packages:${PYTHONPATH} /usr/local/bin/cmake --install /home/xinzhu/sentry_ws/build/armor_detector
