[0.010s] Invoking command in '/home/xinzhu/sentry_ws/build/fast_lio': AMENT_PREFIX_PATH=/home/xinzhu/sentry_ws/install/livox_ros_driver2:${AMENT_PREFIX_PATH} CMAKE_PREFIX_PATH=/home/xinzhu/sentry_ws/install/livox_ros_driver2:/home/xinzhu/Desktop/sentry_ws/install/terrain_analysis_ext:/home/xinzhu/Desktop/sentry_ws/install/terrain_analysis:/home/xinzhu/Desktop/sentry_ws/install/sentry_description:/home/xinzhu/Desktop/sentry_ws/install/sentry_bringup:/home/xinzhu/Desktop/sentry_ws/install/sensor_scan_generation:/home/xinzhu/Desktop/sentry_ws/install/rm_bringup:/home/xinzhu/Desktop/sentry_ws/install/rm_serial_driver:/home/xinzhu/Desktop/sentry_ws/install/rm_camera_driver:/home/xinzhu/Desktop/sentry_ws/install/rm_auto_aim:/home/xinzhu/Desktop/sentry_ws/install/armor_solver:/home/xinzhu/Desktop/sentry_ws/install/armor_detector:/home/xinzhu/Desktop/sentry_ws/install/rm_utils:/home/xinzhu/Desktop/sentry_ws/install/rm_robot_description:/home/xinzhu/Desktop/sentry_ws/install/rm_decision_cpp:/home/xinzhu/Desktop/sentry_ws/install/cmd_chassis:/home/xinzhu/Desktop/sentry_ws/install/rm_interfaces:/home/xinzhu/Desktop/sentry_ws/install/fast_lio:/home/xinzhu/Desktop/sentry_ws/install/livox_ros_driver2:/home/xinzhu/Desktop/sentry_ws/install/icp_relocalization:/home/xinzhu/Desktop/sentry_ws/install/costmap_intensity:/home/xinzhu/Desktop/sentry_ws/install/behaviortree_cpp:/home/xinzhu/Desktop/sentry_ws/install/behavior_ext_plugins:/home/xinzhu/Desktop/sentry_ws/install/auto_aim_interfaces:/home/xinzhu/Desktop/sentry_ws/install/control_panel:/opt/ros/humble LD_LIBRARY_PATH=/home/xinzhu/sentry_ws/install/livox_ros_driver2/lib:${LD_LIBRARY_PATH} PS1=%F{green}%n@%m%f%F{white}:%f%F{blue}%~%f%F{white}$%f PYTHONPATH=/home/xinzhu/sentry_ws/install/livox_ros_driver2/local/lib/python3.10/dist-packages:${PYTHONPATH} /usr/local/bin/cmake /home/xinzhu/sentry_ws/src/FAST_LIO -DAMENT_CMAKE_SYMLINK_INSTALL=1 -DCMAKE_INSTALL_PREFIX=/home/xinzhu/sentry_ws/install/fast_lio
[0.014s] [0mCMake Deprecation Warning at CMakeLists.txt:1 (cmake_minimum_required):
[0.014s]   Compatibility with CMake < 3.10 will be removed from a future version of
[0.014s]   CMake.
[0.014s] 
[0.014s]   Update the VERSION argument <min> value.  Or, use the <min>...<max> syntax
[0.014s]   to tell CMake that the project requires at least <min> but has been updated
[0.014s]   to work with policies introduced by <max> or earlier.
[0.014s] 
[0.014s] [0m
[0.019s] [0mCurrent CPU archtecture: x86_64[0m
[0.023s] [0mProcesser number:  16[0m
[0.023s] [0mcore for MP: 3[0m
[0.026s] [33mCMake Warning (dev) at CMakeLists.txt:47 (find_package):
[0.026s]   Policy CMP0148 is not set: The FindPythonInterp and FindPythonLibs modules
[0.026s]   are removed.  Run "cmake --help-policy CMP0148" for policy details.  Use
[0.026s]   the cmake_policy command to set the policy and suppress this warning.
[0.026s] 
[0.026s] This warning is for project developers.  Use -Wno-dev to suppress it.
[0.027s] [0m
[0.027s] -- Found PythonLibs: /usr/lib/x86_64-linux-gnu/libpython3.10.so (found version "3.10.12")
[0.028s] -- Found ament_cmake: 1.3.13 (/opt/ros/humble/share/ament_cmake/cmake)
[0.159s] -- Override CMake install command with custom implementation using symlinks instead of copying resources
[0.164s] -- Found rclcpp: 16.0.18 (/opt/ros/humble/share/rclcpp/cmake)
[0.183s] -- Found rosidl_generator_c: 3.1.8 (/opt/ros/humble/share/rosidl_generator_c/cmake)
[0.184s] -- Found rosidl_adapter: 3.1.8 (/opt/ros/humble/share/rosidl_adapter/cmake)
[0.189s] -- Found rosidl_generator_cpp: 3.1.8 (/opt/ros/humble/share/rosidl_generator_cpp/cmake)
[0.197s] -- Using all available rosidl_typesupport_c: rosidl_typesupport_fastrtps_c;rosidl_typesupport_introspection_c
[0.206s] -- Using all available rosidl_typesupport_cpp: rosidl_typesupport_fastrtps_cpp;rosidl_typesupport_introspection_cpp
[0.230s] -- Found rmw_implementation_cmake: 6.1.2 (/opt/ros/humble/share/rmw_implementation_cmake/cmake)
[0.231s] -- Found rmw_fastrtps_cpp: 6.2.10 (/opt/ros/humble/share/rmw_fastrtps_cpp/cmake)
[0.309s] -- Using RMW implementation 'rmw_fastrtps_cpp' as default
[0.347s] -- Found rclcpp_components: 16.0.18 (/opt/ros/humble/share/rclcpp_components/cmake)
[0.361s] -- Found geometry_msgs: 4.9.1 (/opt/ros/humble/share/geometry_msgs/cmake)
[0.370s] -- Found nav_msgs: 4.9.1 (/opt/ros/humble/share/nav_msgs/cmake)
[0.385s] -- Found sensor_msgs: 4.9.1 (/opt/ros/humble/share/sensor_msgs/cmake)
[0.400s] -- Found std_srvs: 4.9.1 (/opt/ros/humble/share/std_srvs/cmake)
[0.407s] -- Found visualization_msgs: 4.9.1 (/opt/ros/humble/share/visualization_msgs/cmake)
[0.427s] -- Found pcl_ros: 2.4.5 (/opt/ros/humble/share/pcl_ros/cmake)
[0.457s] [33mCMake Warning (dev) at /usr/lib/x86_64-linux-gnu/cmake/pcl/PCLConfig.cmake:146 (find_package):
[0.457s]   Policy CMP0144 is not set: find_package uses upper-case <PACKAGENAME>_ROOT
[0.457s]   variables.  Run "cmake --help-policy CMP0144" for policy details.  Use the
[0.457s]   cmake_policy command to set the policy and suppress this warning.
[0.457s] 
[0.457s]   CMake variable EIGEN_ROOT is set to:
[0.457s] 
[0.457s]     /usr/include/eigen3
[0.457s] 
[0.457s]   For compatibility, find_package is ignoring the variable, but code in a
[0.457s]   .cmake module might still use it.
[0.457s] Call Stack (most recent call first):
[0.457s]   /usr/lib/x86_64-linux-gnu/cmake/pcl/PCLConfig.cmake:299 (find_eigen)
[0.458s]   /usr/lib/x86_64-linux-gnu/cmake/pcl/PCLConfig.cmake:543 (find_external_library)
[0.458s]   /opt/ros/humble/share/pcl_conversions/cmake/ament_cmake_export_dependencies-extras.cmake:21 (find_package)
[0.458s]   /opt/ros/humble/share/pcl_conversions/cmake/pcl_conversionsConfig.cmake:41 (include)
[0.458s]   /opt/ros/humble/share/pcl_ros/cmake/ament_cmake_export_dependencies-extras.cmake:21 (find_package)
[0.458s]   /opt/ros/humble/share/pcl_ros/cmake/pcl_rosConfig.cmake:41 (include)
[0.458s]   CMakeLists.txt:60 (find_package)
[0.458s] This warning is for project developers.  Use -Wno-dev to suppress it.
[0.458s] [0m
[0.461s] -- Eigen found (include: /usr/include/eigen3, version: 3.4.0)
[0.461s] [33mCMake Warning (dev) at /usr/lib/x86_64-linux-gnu/cmake/pcl/PCLConfig.cmake:128 (find_package):
[0.461s]   Policy CMP0167 is not set: The FindBoost module is removed.  Run "cmake
[0.461s]   --help-policy CMP0167" for policy details.  Use the cmake_policy command to
[0.462s]   set the policy and suppress this warning.
[0.462s] 
[0.462s] Call Stack (most recent call first):
[0.462s]   /usr/lib/x86_64-linux-gnu/cmake/pcl/PCLConfig.cmake:297 (find_boost)
[0.462s]   /usr/lib/x86_64-linux-gnu/cmake/pcl/PCLConfig.cmake:543 (find_external_library)
[0.462s]   /opt/ros/humble/share/pcl_conversions/cmake/ament_cmake_export_dependencies-extras.cmake:21 (find_package)
[0.462s]   /opt/ros/humble/share/pcl_conversions/cmake/pcl_conversionsConfig.cmake:41 (include)
[0.462s]   /opt/ros/humble/share/pcl_ros/cmake/ament_cmake_export_dependencies-extras.cmake:21 (find_package)
[0.462s]   /opt/ros/humble/share/pcl_ros/cmake/pcl_rosConfig.cmake:41 (include)
[0.462s]   CMakeLists.txt:60 (find_package)
[0.462s] This warning is for project developers.  Use -Wno-dev to suppress it.
[0.462s] [0m
[0.471s] [33mCMake Warning (dev) at /usr/lib/x86_64-linux-gnu/cmake/pcl/Modules/FindFLANN.cmake:44 (find_package):
[0.471s]   Policy CMP0144 is not set: find_package uses upper-case <PACKAGENAME>_ROOT
[0.471s]   variables.  Run "cmake --help-policy CMP0144" for policy details.  Use the
[0.471s]   cmake_policy command to set the policy and suppress this warning.
[0.471s] 
[0.471s]   CMake variable FLANN_ROOT is set to:
[0.471s] 
[0.471s]     /usr
[0.471s] 
[0.471s]   For compatibility, find_package is ignoring the variable, but code in a
[0.472s]   .cmake module might still use it.
[0.472s] Call Stack (most recent call first):
[0.472s]   /usr/lib/x86_64-linux-gnu/cmake/pcl/PCLConfig.cmake:256 (find_package)
[0.472s]   /usr/lib/x86_64-linux-gnu/cmake/pcl/PCLConfig.cmake:301 (find_flann)
[0.472s]   /usr/lib/x86_64-linux-gnu/cmake/pcl/PCLConfig.cmake:543 (find_external_library)
[0.472s]   /opt/ros/humble/share/pcl_conversions/cmake/ament_cmake_export_dependencies-extras.cmake:21 (find_package)
[0.472s]   /opt/ros/humble/share/pcl_conversions/cmake/pcl_conversionsConfig.cmake:41 (include)
[0.472s]   /opt/ros/humble/share/pcl_ros/cmake/ament_cmake_export_dependencies-extras.cmake:21 (find_package)
[0.472s]   /opt/ros/humble/share/pcl_ros/cmake/pcl_rosConfig.cmake:41 (include)
[0.472s]   CMakeLists.txt:60 (find_package)
[0.472s] This warning is for project developers.  Use -Wno-dev to suppress it.
[0.472s] [0m
[0.490s] -- FLANN found (include: /usr/include, lib: /usr/lib/x86_64-linux-gnu/libflann_cpp.so)
[0.815s] -- OpenNI found (version: 1.5.4.0, include: /usr/include/ni, lib: /usr/lib/libOpenNI.so;libusb::libusb)
[0.820s] -- OpenNI2 found (version: 2.2.0.33, include: /usr/include/openni2, lib: /usr/lib/x86_64-linux-gnu/libOpenNI2.so;libusb::libusb)
[0.982s] [33mCMake Warning (dev) at /usr/lib/x86_64-linux-gnu/cmake/pcl/PCLConfig.cmake:128 (find_package):
[0.982s]   Policy CMP0167 is not set: The FindBoost module is removed.  Run "cmake
[0.982s]   --help-policy CMP0167" for policy details.  Use the cmake_policy command to
[0.982s]   set the policy and suppress this warning.
[0.982s] 
[0.982s] Call Stack (most recent call first):
[0.982s]   /usr/lib/x86_64-linux-gnu/cmake/pcl/PCLConfig.cmake:297 (find_boost)
[0.982s]   /usr/lib/x86_64-linux-gnu/cmake/pcl/PCLConfig.cmake:543 (find_external_library)
[0.982s]   /opt/ros/humble/share/pcl_conversions/cmake/ament_cmake_export_dependencies-extras.cmake:21 (find_package)
[0.982s]   /opt/ros/humble/share/pcl_conversions/cmake/pcl_conversionsConfig.cmake:41 (include)
[0.982s]   /opt/ros/humble/share/pcl_ros/cmake/ament_cmake_export_dependencies-extras.cmake:21 (find_package)
[0.982s]   /opt/ros/humble/share/pcl_ros/cmake/pcl_rosConfig.cmake:41 (include)
[0.982s]   CMakeLists.txt:60 (find_package)
[0.982s] This warning is for project developers.  Use -Wno-dev to suppress it.
[0.982s] [0m
[0.991s] -- Eigen found (include: /usr/include/eigen3, version: 3.4.0)
[0.996s] -- OpenNI found (version: 1.5.4.0, include: /usr/include/ni, lib: /usr/lib/libOpenNI.so;libusb::libusb)
[1.002s] -- OpenNI2 found (version: 2.2.0.33, include: /usr/include/openni2, lib: /usr/lib/x86_64-linux-gnu/libOpenNI2.so;libusb::libusb)
[1.165s] -- Found Qhull version 8.0.2
[1.335s] -- OpenNI found (version: 1.5.4.0, include: /usr/include/ni, lib: /usr/lib/libOpenNI.so;libusb::libusb)
[1.521s] -- Found eigen3_cmake_module: 0.1.1 (/opt/ros/humble/share/eigen3_cmake_module/cmake)
[1.522s] -- Ensuring Eigen3 include directory is part of orocos-kdl CMake target
[1.574s] -- Found livox_ros_driver2: 1.0.0 (/home/xinzhu/sentry_ws/install/livox_ros_driver2/share/livox_ros_driver2/cmake)
[1.594s] -- Found rosidl_default_generators: 1.2.0 (/opt/ros/humble/share/rosidl_default_generators/cmake)
[1.603s] [33mCMake Warning (dev) at CMakeLists.txt:81 (find_package):
[1.603s]   Policy CMP0074 is not set: find_package uses <PackageName>_ROOT variables.
[1.603s]   Run "cmake --help-policy CMP0074" for policy details.  Use the cmake_policy
[1.603s]   command to set the policy and suppress this warning.
[1.603s] 
[1.603s]   CMake variable PCL_ROOT is set to:
[1.603s] 
[1.603s]     /usr
[1.603s] 
[1.603s]   For compatibility, CMake is ignoring the variable.
[1.603s] This warning is for project developers.  Use -Wno-dev to suppress it.
[1.603s] [0m
[1.607s] -- PCL: /usr/include/pcl-1.12
[1.607s] [0mEigen:/usr/include/eigen3[0m
[1.877s] -- Found ament_cmake_ros: 0.10.0 (/opt/ros/humble/share/ament_cmake_ros/cmake)
[2.307s] -- Using all available rosidl_typesupport_c: rosidl_typesupport_fastrtps_c;rosidl_typesupport_introspection_c
[2.476s] -- Using all available rosidl_typesupport_cpp: rosidl_typesupport_fastrtps_cpp;rosidl_typesupport_introspection_cpp
[2.477s] [33mCMake Warning (dev) at /opt/ros/humble/share/rosidl_generator_py/cmake/rosidl_generator_py_generate_interfaces.cmake:20 (find_package):
[2.477s]   Policy CMP0148 is not set: The FindPythonInterp and FindPythonLibs modules
[2.477s]   are removed.  Run "cmake --help-policy CMP0148" for policy details.  Use
[2.477s]   the cmake_policy command to set the policy and suppress this warning.
[2.477s] 
[2.477s] Call Stack (most recent call first):
[2.477s]   /opt/ros/humble/share/ament_cmake_core/cmake/core/ament_execute_extensions.cmake:48 (include)
[2.477s]   /opt/ros/humble/share/rosidl_cmake/cmake/rosidl_generate_interfaces.cmake:286 (ament_execute_extensions)
[2.477s]   CMakeLists.txt:90 (rosidl_generate_interfaces)
[2.477s] This warning is for project developers.  Use -Wno-dev to suppress it.
[2.477s] [0m
[2.490s] -- Found python_cmake_module: 0.10.0 (/opt/ros/humble/share/python_cmake_module/cmake)
[2.490s] [33mCMake Warning (dev) at /opt/ros/humble/share/python_cmake_module/cmake/Modules/FindPythonExtra.cmake:52 (find_package):
[2.491s]   Policy CMP0148 is not set: The FindPythonInterp and FindPythonLibs modules
[2.491s]   are removed.  Run "cmake --help-policy CMP0148" for policy details.  Use
[2.491s]   the cmake_policy command to set the policy and suppress this warning.
[2.491s] 
[2.491s] Call Stack (most recent call first):
[2.491s]   /opt/ros/humble/share/rosidl_generator_py/cmake/rosidl_generator_py_generate_interfaces.cmake:23 (find_package)
[2.491s]   /opt/ros/humble/share/ament_cmake_core/cmake/core/ament_execute_extensions.cmake:48 (include)
[2.491s]   /opt/ros/humble/share/rosidl_cmake/cmake/rosidl_generate_interfaces.cmake:286 (ament_execute_extensions)
[2.491s]   CMakeLists.txt:90 (rosidl_generate_interfaces)
[2.491s] This warning is for project developers.  Use -Wno-dev to suppress it.
[2.491s] [0m
[2.506s] [33mCMake Warning (dev) at /opt/ros/humble/share/python_cmake_module/cmake/Modules/FindPythonExtra.cmake:140 (find_package):
[2.506s]   Policy CMP0148 is not set: The FindPythonInterp and FindPythonLibs modules
[2.506s]   are removed.  Run "cmake --help-policy CMP0148" for policy details.  Use
[2.506s]   the cmake_policy command to set the policy and suppress this warning.
[2.506s] 
[2.506s] Call Stack (most recent call first):
[2.506s]   /opt/ros/humble/share/rosidl_generator_py/cmake/rosidl_generator_py_generate_interfaces.cmake:23 (find_package)
[2.506s]   /opt/ros/humble/share/ament_cmake_core/cmake/core/ament_execute_extensions.cmake:48 (include)
[2.506s]   /opt/ros/humble/share/rosidl_cmake/cmake/rosidl_generate_interfaces.cmake:286 (ament_execute_extensions)
[2.506s]   CMakeLists.txt:90 (rosidl_generate_interfaces)
[2.506s] This warning is for project developers.  Use -Wno-dev to suppress it.
[2.506s] [0m
[2.507s] -- Found PythonLibs: /usr/lib/x86_64-linux-gnu/libpython3.10.so (found suitable version "3.10.12", minimum required is "3.5")
[2.508s] -- Using PYTHON_EXECUTABLE: /usr/bin/python3
[2.508s] -- Using PYTHON_INCLUDE_DIRS: /usr/include/python3.10
[2.508s] -- Using PYTHON_LIBRARIES: /usr/lib/x86_64-linux-gnu/libpython3.10.so
[2.545s] -- Configuring done (2.5s)
[2.614s] -- Generating done (0.1s)
[2.621s] -- Build files have been written to: /home/xinzhu/sentry_ws/build/fast_lio
[2.631s] Invoked command in '/home/xinzhu/sentry_ws/build/fast_lio' returned '0': AMENT_PREFIX_PATH=/home/xinzhu/sentry_ws/install/livox_ros_driver2:${AMENT_PREFIX_PATH} CMAKE_PREFIX_PATH=/home/xinzhu/sentry_ws/install/livox_ros_driver2:/home/xinzhu/Desktop/sentry_ws/install/terrain_analysis_ext:/home/xinzhu/Desktop/sentry_ws/install/terrain_analysis:/home/xinzhu/Desktop/sentry_ws/install/sentry_description:/home/xinzhu/Desktop/sentry_ws/install/sentry_bringup:/home/xinzhu/Desktop/sentry_ws/install/sensor_scan_generation:/home/xinzhu/Desktop/sentry_ws/install/rm_bringup:/home/xinzhu/Desktop/sentry_ws/install/rm_serial_driver:/home/xinzhu/Desktop/sentry_ws/install/rm_camera_driver:/home/xinzhu/Desktop/sentry_ws/install/rm_auto_aim:/home/xinzhu/Desktop/sentry_ws/install/armor_solver:/home/xinzhu/Desktop/sentry_ws/install/armor_detector:/home/xinzhu/Desktop/sentry_ws/install/rm_utils:/home/xinzhu/Desktop/sentry_ws/install/rm_robot_description:/home/xinzhu/Desktop/sentry_ws/install/rm_decision_cpp:/home/xinzhu/Desktop/sentry_ws/install/cmd_chassis:/home/xinzhu/Desktop/sentry_ws/install/rm_interfaces:/home/xinzhu/Desktop/sentry_ws/install/fast_lio:/home/xinzhu/Desktop/sentry_ws/install/livox_ros_driver2:/home/xinzhu/Desktop/sentry_ws/install/icp_relocalization:/home/xinzhu/Desktop/sentry_ws/install/costmap_intensity:/home/xinzhu/Desktop/sentry_ws/install/behaviortree_cpp:/home/xinzhu/Desktop/sentry_ws/install/behavior_ext_plugins:/home/xinzhu/Desktop/sentry_ws/install/auto_aim_interfaces:/home/xinzhu/Desktop/sentry_ws/install/control_panel:/opt/ros/humble LD_LIBRARY_PATH=/home/xinzhu/sentry_ws/install/livox_ros_driver2/lib:${LD_LIBRARY_PATH} PS1=%F{green}%n@%m%f%F{white}:%f%F{blue}%~%f%F{white}$%f PYTHONPATH=/home/xinzhu/sentry_ws/install/livox_ros_driver2/local/lib/python3.10/dist-packages:${PYTHONPATH} /usr/local/bin/cmake /home/xinzhu/sentry_ws/src/FAST_LIO -DAMENT_CMAKE_SYMLINK_INSTALL=1 -DCMAKE_INSTALL_PREFIX=/home/xinzhu/sentry_ws/install/fast_lio
[2.632s] Invoking command in '/home/xinzhu/sentry_ws/build/fast_lio': AMENT_PREFIX_PATH=/home/xinzhu/sentry_ws/install/livox_ros_driver2:${AMENT_PREFIX_PATH} CMAKE_PREFIX_PATH=/home/xinzhu/sentry_ws/install/livox_ros_driver2:/home/xinzhu/Desktop/sentry_ws/install/terrain_analysis_ext:/home/xinzhu/Desktop/sentry_ws/install/terrain_analysis:/home/xinzhu/Desktop/sentry_ws/install/sentry_description:/home/xinzhu/Desktop/sentry_ws/install/sentry_bringup:/home/xinzhu/Desktop/sentry_ws/install/sensor_scan_generation:/home/xinzhu/Desktop/sentry_ws/install/rm_bringup:/home/xinzhu/Desktop/sentry_ws/install/rm_serial_driver:/home/xinzhu/Desktop/sentry_ws/install/rm_camera_driver:/home/xinzhu/Desktop/sentry_ws/install/rm_auto_aim:/home/xinzhu/Desktop/sentry_ws/install/armor_solver:/home/xinzhu/Desktop/sentry_ws/install/armor_detector:/home/xinzhu/Desktop/sentry_ws/install/rm_utils:/home/xinzhu/Desktop/sentry_ws/install/rm_robot_description:/home/xinzhu/Desktop/sentry_ws/install/rm_decision_cpp:/home/xinzhu/Desktop/sentry_ws/install/cmd_chassis:/home/xinzhu/Desktop/sentry_ws/install/rm_interfaces:/home/xinzhu/Desktop/sentry_ws/install/fast_lio:/home/xinzhu/Desktop/sentry_ws/install/livox_ros_driver2:/home/xinzhu/Desktop/sentry_ws/install/icp_relocalization:/home/xinzhu/Desktop/sentry_ws/install/costmap_intensity:/home/xinzhu/Desktop/sentry_ws/install/behaviortree_cpp:/home/xinzhu/Desktop/sentry_ws/install/behavior_ext_plugins:/home/xinzhu/Desktop/sentry_ws/install/auto_aim_interfaces:/home/xinzhu/Desktop/sentry_ws/install/control_panel:/opt/ros/humble LD_LIBRARY_PATH=/home/xinzhu/sentry_ws/install/livox_ros_driver2/lib:${LD_LIBRARY_PATH} PS1=%F{green}%n@%m%f%F{white}:%f%F{blue}%~%f%F{white}$%f PYTHONPATH=/home/xinzhu/sentry_ws/install/livox_ros_driver2/local/lib/python3.10/dist-packages:${PYTHONPATH} /usr/local/bin/cmake --build /home/xinzhu/sentry_ws/build/fast_lio -- -j16 -l16
[2.655s] [  8%] Built target fast_lio__rosidl_generator_c
[2.656s] [ 11%] Built target fast_lio__cpp
[2.659s] [ 11%] Built target ament_cmake_python_symlink_fast_lio
[2.663s] [ 20%] Built target fast_lio__rosidl_typesupport_introspection_c
[2.664s] [ 28%] Built target fast_lio__rosidl_typesupport_c
[2.664s] [ 37%] Built target fast_lio__rosidl_typesupport_fastrtps_c
[2.665s] [ 45%] Built target fast_lio__rosidl_typesupport_introspection_cpp
[2.665s] [ 54%] Built target fast_lio__rosidl_typesupport_cpp
[2.668s] [ 62%] Built target fast_lio__rosidl_typesupport_fastrtps_cpp
[2.676s] [ 62%] Built target fast_lio
[2.686s] [ 65%] Built target fast_lio__py
[2.693s] [ 77%] Built target fastlio_mapping
[2.697s] [ 82%] Built target fast_lio__rosidl_generator_py
[2.710s] [ 88%] Built target fast_lio__rosidl_typesupport_c__pyext
[2.710s] [ 97%] Built target fast_lio__rosidl_typesupport_introspection_c__pyext
[2.710s] [100%] Built target fast_lio__rosidl_typesupport_fastrtps_c__pyext
[2.789s] running egg_info
[2.789s] writing fast_lio.egg-info/PKG-INFO
[2.789s] writing dependency_links to fast_lio.egg-info/dependency_links.txt
[2.789s] writing top-level names to fast_lio.egg-info/top_level.txt
[2.791s] reading manifest file 'fast_lio.egg-info/SOURCES.txt'
[2.791s] writing manifest file 'fast_lio.egg-info/SOURCES.txt'
[2.805s] [100%] Built target ament_cmake_python_build_fast_lio_egg
[2.810s] Invoked command in '/home/xinzhu/sentry_ws/build/fast_lio' returned '0': AMENT_PREFIX_PATH=/home/xinzhu/sentry_ws/install/livox_ros_driver2:${AMENT_PREFIX_PATH} CMAKE_PREFIX_PATH=/home/xinzhu/sentry_ws/install/livox_ros_driver2:/home/xinzhu/Desktop/sentry_ws/install/terrain_analysis_ext:/home/xinzhu/Desktop/sentry_ws/install/terrain_analysis:/home/xinzhu/Desktop/sentry_ws/install/sentry_description:/home/xinzhu/Desktop/sentry_ws/install/sentry_bringup:/home/xinzhu/Desktop/sentry_ws/install/sensor_scan_generation:/home/xinzhu/Desktop/sentry_ws/install/rm_bringup:/home/xinzhu/Desktop/sentry_ws/install/rm_serial_driver:/home/xinzhu/Desktop/sentry_ws/install/rm_camera_driver:/home/xinzhu/Desktop/sentry_ws/install/rm_auto_aim:/home/xinzhu/Desktop/sentry_ws/install/armor_solver:/home/xinzhu/Desktop/sentry_ws/install/armor_detector:/home/xinzhu/Desktop/sentry_ws/install/rm_utils:/home/xinzhu/Desktop/sentry_ws/install/rm_robot_description:/home/xinzhu/Desktop/sentry_ws/install/rm_decision_cpp:/home/xinzhu/Desktop/sentry_ws/install/cmd_chassis:/home/xinzhu/Desktop/sentry_ws/install/rm_interfaces:/home/xinzhu/Desktop/sentry_ws/install/fast_lio:/home/xinzhu/Desktop/sentry_ws/install/livox_ros_driver2:/home/xinzhu/Desktop/sentry_ws/install/icp_relocalization:/home/xinzhu/Desktop/sentry_ws/install/costmap_intensity:/home/xinzhu/Desktop/sentry_ws/install/behaviortree_cpp:/home/xinzhu/Desktop/sentry_ws/install/behavior_ext_plugins:/home/xinzhu/Desktop/sentry_ws/install/auto_aim_interfaces:/home/xinzhu/Desktop/sentry_ws/install/control_panel:/opt/ros/humble LD_LIBRARY_PATH=/home/xinzhu/sentry_ws/install/livox_ros_driver2/lib:${LD_LIBRARY_PATH} PS1=%F{green}%n@%m%f%F{white}:%f%F{blue}%~%f%F{white}$%f PYTHONPATH=/home/xinzhu/sentry_ws/install/livox_ros_driver2/local/lib/python3.10/dist-packages:${PYTHONPATH} /usr/local/bin/cmake --build /home/xinzhu/sentry_ws/build/fast_lio -- -j16 -l16
[2.812s] Invoking command in '/home/xinzhu/sentry_ws/build/fast_lio': AMENT_PREFIX_PATH=/home/xinzhu/sentry_ws/install/livox_ros_driver2:${AMENT_PREFIX_PATH} CMAKE_PREFIX_PATH=/home/xinzhu/sentry_ws/install/livox_ros_driver2:/home/xinzhu/Desktop/sentry_ws/install/terrain_analysis_ext:/home/xinzhu/Desktop/sentry_ws/install/terrain_analysis:/home/xinzhu/Desktop/sentry_ws/install/sentry_description:/home/xinzhu/Desktop/sentry_ws/install/sentry_bringup:/home/xinzhu/Desktop/sentry_ws/install/sensor_scan_generation:/home/xinzhu/Desktop/sentry_ws/install/rm_bringup:/home/xinzhu/Desktop/sentry_ws/install/rm_serial_driver:/home/xinzhu/Desktop/sentry_ws/install/rm_camera_driver:/home/xinzhu/Desktop/sentry_ws/install/rm_auto_aim:/home/xinzhu/Desktop/sentry_ws/install/armor_solver:/home/xinzhu/Desktop/sentry_ws/install/armor_detector:/home/xinzhu/Desktop/sentry_ws/install/rm_utils:/home/xinzhu/Desktop/sentry_ws/install/rm_robot_description:/home/xinzhu/Desktop/sentry_ws/install/rm_decision_cpp:/home/xinzhu/Desktop/sentry_ws/install/cmd_chassis:/home/xinzhu/Desktop/sentry_ws/install/rm_interfaces:/home/xinzhu/Desktop/sentry_ws/install/fast_lio:/home/xinzhu/Desktop/sentry_ws/install/livox_ros_driver2:/home/xinzhu/Desktop/sentry_ws/install/icp_relocalization:/home/xinzhu/Desktop/sentry_ws/install/costmap_intensity:/home/xinzhu/Desktop/sentry_ws/install/behaviortree_cpp:/home/xinzhu/Desktop/sentry_ws/install/behavior_ext_plugins:/home/xinzhu/Desktop/sentry_ws/install/auto_aim_interfaces:/home/xinzhu/Desktop/sentry_ws/install/control_panel:/opt/ros/humble LD_LIBRARY_PATH=/home/xinzhu/sentry_ws/install/livox_ros_driver2/lib:${LD_LIBRARY_PATH} PS1=%F{green}%n@%m%f%F{white}:%f%F{blue}%~%f%F{white}$%f PYTHONPATH=/home/xinzhu/sentry_ws/install/livox_ros_driver2/local/lib/python3.10/dist-packages:${PYTHONPATH} /usr/local/bin/cmake --install /home/xinzhu/sentry_ws/build/fast_lio
[2.815s] -- Install configuration: "Release"
[2.815s] -- Execute custom install script
[2.816s] -- Up-to-date symlink: /home/xinzhu/sentry_ws/install/fast_lio/share/ament_index/resource_index/rosidl_interfaces/fast_lio
[2.817s] -- Up-to-date symlink: /home/xinzhu/sentry_ws/install/fast_lio/include/fast_lio/fast_lio/msg/detail/pose6_d__functions.h
[2.817s] -- Up-to-date symlink: /home/xinzhu/sentry_ws/install/fast_lio/include/fast_lio/fast_lio/msg/detail/pose6_d__struct.h
[2.818s] -- Up-to-date symlink: /home/xinzhu/sentry_ws/install/fast_lio/include/fast_lio/fast_lio/msg/detail/pose6_d__type_support.h
[2.818s] -- Up-to-date symlink: /home/xinzhu/sentry_ws/install/fast_lio/include/fast_lio/fast_lio/msg/pose6_d.h
[2.818s] -- Up-to-date symlink: /home/xinzhu/sentry_ws/install/fast_lio/include/fast_lio/fast_lio/msg/rosidl_generator_c__visibility_control.h
[2.819s] -- Up-to-date symlink: /home/xinzhu/sentry_ws/install/fast_lio/share/fast_lio/environment/library_path.sh
[2.819s] -- Up-to-date symlink: /home/xinzhu/sentry_ws/install/fast_lio/share/fast_lio/environment/library_path.dsv
[2.819s] -- Up-to-date symlink: /home/xinzhu/sentry_ws/install/fast_lio/include/fast_lio/fast_lio/msg/detail/pose6_d__rosidl_typesupport_fastrtps_c.h
[2.820s] -- Up-to-date symlink: /home/xinzhu/sentry_ws/install/fast_lio/include/fast_lio/fast_lio/msg/rosidl_typesupport_fastrtps_c__visibility_control.h
[2.820s] -- Up-to-date symlink: /home/xinzhu/sentry_ws/install/fast_lio/include/fast_lio/fast_lio/msg/detail/pose6_d__builder.hpp
[2.820s] -- Up-to-date symlink: /home/xinzhu/sentry_ws/install/fast_lio/include/fast_lio/fast_lio/msg/detail/pose6_d__struct.hpp
[2.821s] -- Up-to-date symlink: /home/xinzhu/sentry_ws/install/fast_lio/include/fast_lio/fast_lio/msg/detail/pose6_d__traits.hpp
[2.821s] -- Up-to-date symlink: /home/xinzhu/sentry_ws/install/fast_lio/include/fast_lio/fast_lio/msg/detail/pose6_d__type_support.hpp
[2.821s] -- Up-to-date symlink: /home/xinzhu/sentry_ws/install/fast_lio/include/fast_lio/fast_lio/msg/pose6_d.hpp
[2.821s] -- Up-to-date symlink: /home/xinzhu/sentry_ws/install/fast_lio/include/fast_lio/fast_lio/msg/rosidl_generator_cpp__visibility_control.hpp
[2.821s] -- Up-to-date symlink: /home/xinzhu/sentry_ws/install/fast_lio/include/fast_lio/fast_lio/msg/detail/pose6_d__rosidl_typesupport_fastrtps_cpp.hpp
[2.822s] -- Up-to-date symlink: /home/xinzhu/sentry_ws/install/fast_lio/include/fast_lio/fast_lio/msg/rosidl_typesupport_fastrtps_cpp__visibility_control.h
[2.822s] -- Up-to-date symlink: /home/xinzhu/sentry_ws/install/fast_lio/include/fast_lio/fast_lio/msg/detail/pose6_d__rosidl_typesupport_introspection_c.h
[2.822s] -- Up-to-date symlink: /home/xinzhu/sentry_ws/install/fast_lio/include/fast_lio/fast_lio/msg/rosidl_typesupport_introspection_c__visibility_control.h
[2.822s] -- Up-to-date symlink: /home/xinzhu/sentry_ws/install/fast_lio/include/fast_lio/fast_lio/msg/detail/pose6_d__rosidl_typesupport_introspection_cpp.hpp
[2.822s] -- Up-to-date symlink: /home/xinzhu/sentry_ws/install/fast_lio/share/fast_lio/environment/pythonpath.sh
[2.823s] -- Up-to-date symlink: /home/xinzhu/sentry_ws/install/fast_lio/share/fast_lio/environment/pythonpath.dsv
[2.823s] -- Up-to-date symlink: /home/xinzhu/sentry_ws/install/fast_lio/local/lib/python3.10/dist-packages/fast_lio-0.0.0-py3.10.egg-info/PKG-INFO
[2.823s] -- Up-to-date symlink: /home/xinzhu/sentry_ws/install/fast_lio/local/lib/python3.10/dist-packages/fast_lio-0.0.0-py3.10.egg-info/SOURCES.txt
[2.823s] -- Up-to-date symlink: /home/xinzhu/sentry_ws/install/fast_lio/local/lib/python3.10/dist-packages/fast_lio-0.0.0-py3.10.egg-info/dependency_links.txt
[2.823s] -- Up-to-date symlink: /home/xinzhu/sentry_ws/install/fast_lio/local/lib/python3.10/dist-packages/fast_lio-0.0.0-py3.10.egg-info/top_level.txt
[2.824s] -- Up-to-date symlink: /home/xinzhu/sentry_ws/install/fast_lio/local/lib/python3.10/dist-packages/fast_lio/__init__.py
[2.824s] -- Up-to-date symlink: /home/xinzhu/sentry_ws/install/fast_lio/local/lib/python3.10/dist-packages/fast_lio/_fast_lio_s.ep.rosidl_typesupport_c.c
[2.824s] -- Up-to-date symlink: /home/xinzhu/sentry_ws/install/fast_lio/local/lib/python3.10/dist-packages/fast_lio/_fast_lio_s.ep.rosidl_typesupport_fastrtps_c.c
[2.824s] -- Up-to-date symlink: /home/xinzhu/sentry_ws/install/fast_lio/local/lib/python3.10/dist-packages/fast_lio/_fast_lio_s.ep.rosidl_typesupport_introspection_c.c
[2.825s] -- Up-to-date symlink: /home/xinzhu/sentry_ws/install/fast_lio/local/lib/python3.10/dist-packages/fast_lio/fast_lio_s__rosidl_typesupport_c.cpython-310-x86_64-linux-gnu.so
[2.825s] -- Up-to-date symlink: /home/xinzhu/sentry_ws/install/fast_lio/local/lib/python3.10/dist-packages/fast_lio/fast_lio_s__rosidl_typesupport_fastrtps_c.cpython-310-x86_64-linux-gnu.so
[2.825s] -- Up-to-date symlink: /home/xinzhu/sentry_ws/install/fast_lio/local/lib/python3.10/dist-packages/fast_lio/fast_lio_s__rosidl_typesupport_introspection_c.cpython-310-x86_64-linux-gnu.so
[2.825s] -- Up-to-date symlink: /home/xinzhu/sentry_ws/install/fast_lio/local/lib/python3.10/dist-packages/fast_lio/libfast_lio__rosidl_generator_py.so
[2.825s] -- Up-to-date symlink: /home/xinzhu/sentry_ws/install/fast_lio/local/lib/python3.10/dist-packages/fast_lio/msg/__init__.py
[2.825s] -- Up-to-date symlink: /home/xinzhu/sentry_ws/install/fast_lio/local/lib/python3.10/dist-packages/fast_lio/msg/_pose6_d.py
[2.825s] -- Up-to-date symlink: /home/xinzhu/sentry_ws/install/fast_lio/local/lib/python3.10/dist-packages/fast_lio/msg/_pose6_d_s.c
[2.826s] -- Up-to-date symlink: /home/xinzhu/sentry_ws/install/fast_lio/local/lib/python3.10/dist-packages/fast_lio/fast_lio_s__rosidl_typesupport_fastrtps_c.cpython-310-x86_64-linux-gnu.so
[2.826s] -- Up-to-date symlink: /home/xinzhu/sentry_ws/install/fast_lio/local/lib/python3.10/dist-packages/fast_lio/fast_lio_s__rosidl_typesupport_introspection_c.cpython-310-x86_64-linux-gnu.so
[2.826s] -- Up-to-date symlink: /home/xinzhu/sentry_ws/install/fast_lio/local/lib/python3.10/dist-packages/fast_lio/fast_lio_s__rosidl_typesupport_c.cpython-310-x86_64-linux-gnu.so
[2.826s] -- Up-to-date symlink: /home/xinzhu/sentry_ws/install/fast_lio/share/fast_lio/msg/Pose6D.idl
[2.826s] -- Up-to-date symlink: /home/xinzhu/sentry_ws/install/fast_lio/share/fast_lio/msg/Pose6D.msg
[2.826s] -- Up-to-date symlink: /home/xinzhu/sentry_ws/install/fast_lio/lib/fast_lio/fastlio_mapping
[2.826s] -- Up-to-date symlink: /home/xinzhu/sentry_ws/install/fast_lio/share/fast_lio/config/mid360.yaml
[2.826s] -- Up-to-date symlink: /home/xinzhu/sentry_ws/install/fast_lio/share/fast_lio/config/mid360_pri.yaml
[2.827s] -- Up-to-date symlink: /home/xinzhu/sentry_ws/install/fast_lio/share/fast_lio/launch/mapping.launch.py
[2.827s] -- Up-to-date symlink: /home/xinzhu/sentry_ws/install/fast_lio/share/fast_lio/rviz_cfg/loam_livox.rviz
[2.827s] -- Up-to-date symlink: /home/xinzhu/sentry_ws/install/fast_lio/share/ament_index/resource_index/package_run_dependencies/fast_lio
[2.827s] -- Up-to-date symlink: /home/xinzhu/sentry_ws/install/fast_lio/share/ament_index/resource_index/parent_prefix_path/fast_lio
[2.827s] -- Up-to-date symlink: /home/xinzhu/sentry_ws/install/fast_lio/share/fast_lio/environment/ament_prefix_path.sh
[2.827s] -- Up-to-date symlink: /home/xinzhu/sentry_ws/install/fast_lio/share/fast_lio/environment/ament_prefix_path.dsv
[2.827s] -- Up-to-date symlink: /home/xinzhu/sentry_ws/install/fast_lio/share/fast_lio/environment/path.sh
[2.827s] -- Up-to-date symlink: /home/xinzhu/sentry_ws/install/fast_lio/share/fast_lio/environment/path.dsv
[2.827s] -- Up-to-date symlink: /home/xinzhu/sentry_ws/install/fast_lio/share/fast_lio/local_setup.bash
[2.828s] -- Up-to-date symlink: /home/xinzhu/sentry_ws/install/fast_lio/share/fast_lio/local_setup.sh
[2.828s] -- Up-to-date symlink: /home/xinzhu/sentry_ws/install/fast_lio/share/fast_lio/local_setup.zsh
[2.828s] -- Up-to-date symlink: /home/xinzhu/sentry_ws/install/fast_lio/share/fast_lio/local_setup.dsv
[2.828s] -- Symlinking: /home/xinzhu/sentry_ws/install/fast_lio/share/fast_lio/package.dsv
[2.831s] -- Up-to-date symlink: /home/xinzhu/sentry_ws/install/fast_lio/share/ament_index/resource_index/packages/fast_lio
[2.831s] -- Up-to-date symlink: /home/xinzhu/sentry_ws/install/fast_lio/share/fast_lio/cmake/rosidl_cmake-extras.cmake
[2.831s] -- Up-to-date symlink: /home/xinzhu/sentry_ws/install/fast_lio/share/fast_lio/cmake/ament_cmake_export_include_directories-extras.cmake
[2.831s] -- Up-to-date symlink: /home/xinzhu/sentry_ws/install/fast_lio/share/fast_lio/cmake/ament_cmake_export_libraries-extras.cmake
[2.831s] -- Up-to-date symlink: /home/xinzhu/sentry_ws/install/fast_lio/share/fast_lio/cmake/ament_cmake_export_targets-extras.cmake
[2.832s] -- Up-to-date symlink: /home/xinzhu/sentry_ws/install/fast_lio/share/fast_lio/cmake/rosidl_cmake_export_typesupport_targets-extras.cmake
[2.832s] -- Up-to-date symlink: /home/xinzhu/sentry_ws/install/fast_lio/share/fast_lio/cmake/ament_cmake_export_dependencies-extras.cmake
[2.832s] -- Up-to-date symlink: /home/xinzhu/sentry_ws/install/fast_lio/share/fast_lio/cmake/rosidl_cmake_export_typesupport_libraries-extras.cmake
[2.832s] -- Up-to-date symlink: /home/xinzhu/sentry_ws/install/fast_lio/share/fast_lio/cmake/fast_lioConfig.cmake
[2.832s] -- Up-to-date symlink: /home/xinzhu/sentry_ws/install/fast_lio/share/fast_lio/cmake/fast_lioConfig-version.cmake
[2.832s] -- Up-to-date symlink: /home/xinzhu/sentry_ws/install/fast_lio/share/fast_lio/package.xml
[2.833s] -- Up-to-date: /home/xinzhu/sentry_ws/install/fast_lio/lib/libfast_lio__rosidl_generator_c.so
[2.833s] -- Up-to-date: /home/xinzhu/sentry_ws/install/fast_lio/lib/libfast_lio__rosidl_typesupport_fastrtps_c.so
[2.833s] -- Up-to-date: /home/xinzhu/sentry_ws/install/fast_lio/lib/libfast_lio__rosidl_typesupport_fastrtps_cpp.so
[2.834s] -- Up-to-date: /home/xinzhu/sentry_ws/install/fast_lio/lib/libfast_lio__rosidl_typesupport_introspection_c.so
[2.834s] -- Up-to-date: /home/xinzhu/sentry_ws/install/fast_lio/lib/libfast_lio__rosidl_typesupport_c.so
[2.835s] -- Up-to-date: /home/xinzhu/sentry_ws/install/fast_lio/lib/libfast_lio__rosidl_typesupport_introspection_cpp.so
[2.835s] -- Up-to-date: /home/xinzhu/sentry_ws/install/fast_lio/lib/libfast_lio__rosidl_typesupport_cpp.so
[2.855s] Listing '/home/xinzhu/sentry_ws/install/fast_lio/local/lib/python3.10/dist-packages/fast_lio'...
[2.855s] Compiling '/home/xinzhu/sentry_ws/install/fast_lio/local/lib/python3.10/dist-packages/fast_lio/__init__.py'...
[2.855s] Listing '/home/xinzhu/sentry_ws/install/fast_lio/local/lib/python3.10/dist-packages/fast_lio/msg'...
[2.857s] -- Up-to-date: /home/xinzhu/sentry_ws/install/fast_lio/lib/libfast_lio__rosidl_generator_py.so
[2.857s] -- Up-to-date: /home/xinzhu/sentry_ws/install/fast_lio/share/fast_lio/cmake/export_fast_lio__rosidl_generator_cExport.cmake
[2.857s] -- Up-to-date: /home/xinzhu/sentry_ws/install/fast_lio/share/fast_lio/cmake/export_fast_lio__rosidl_generator_cExport-release.cmake
[2.857s] -- Up-to-date: /home/xinzhu/sentry_ws/install/fast_lio/share/fast_lio/cmake/export_fast_lio__rosidl_typesupport_fastrtps_cExport.cmake
[2.857s] -- Up-to-date: /home/xinzhu/sentry_ws/install/fast_lio/share/fast_lio/cmake/export_fast_lio__rosidl_typesupport_fastrtps_cExport-release.cmake
[2.858s] -- Up-to-date: /home/xinzhu/sentry_ws/install/fast_lio/share/fast_lio/cmake/export_fast_lio__rosidl_generator_cppExport.cmake
[2.858s] -- Up-to-date: /home/xinzhu/sentry_ws/install/fast_lio/share/fast_lio/cmake/export_fast_lio__rosidl_typesupport_fastrtps_cppExport.cmake
[2.858s] -- Up-to-date: /home/xinzhu/sentry_ws/install/fast_lio/share/fast_lio/cmake/export_fast_lio__rosidl_typesupport_fastrtps_cppExport-release.cmake
[2.858s] -- Up-to-date: /home/xinzhu/sentry_ws/install/fast_lio/share/fast_lio/cmake/fast_lio__rosidl_typesupport_introspection_cExport.cmake
[2.858s] -- Up-to-date: /home/xinzhu/sentry_ws/install/fast_lio/share/fast_lio/cmake/fast_lio__rosidl_typesupport_introspection_cExport-release.cmake
[2.858s] -- Up-to-date: /home/xinzhu/sentry_ws/install/fast_lio/share/fast_lio/cmake/fast_lio__rosidl_typesupport_cExport.cmake
[2.858s] -- Up-to-date: /home/xinzhu/sentry_ws/install/fast_lio/share/fast_lio/cmake/fast_lio__rosidl_typesupport_cExport-release.cmake
[2.858s] -- Up-to-date: /home/xinzhu/sentry_ws/install/fast_lio/share/fast_lio/cmake/fast_lio__rosidl_typesupport_introspection_cppExport.cmake
[2.859s] -- Up-to-date: /home/xinzhu/sentry_ws/install/fast_lio/share/fast_lio/cmake/fast_lio__rosidl_typesupport_introspection_cppExport-release.cmake
[2.859s] -- Up-to-date: /home/xinzhu/sentry_ws/install/fast_lio/share/fast_lio/cmake/fast_lio__rosidl_typesupport_cppExport.cmake
[2.859s] -- Up-to-date: /home/xinzhu/sentry_ws/install/fast_lio/share/fast_lio/cmake/fast_lio__rosidl_typesupport_cppExport-release.cmake
[2.859s] -- Up-to-date: /home/xinzhu/sentry_ws/install/fast_lio/share/fast_lio/cmake/export_fast_lio__rosidl_generator_pyExport.cmake
[2.859s] -- Up-to-date: /home/xinzhu/sentry_ws/install/fast_lio/share/fast_lio/cmake/export_fast_lio__rosidl_generator_pyExport-release.cmake
[2.860s] Invoked command in '/home/xinzhu/sentry_ws/build/fast_lio' returned '0': AMENT_PREFIX_PATH=/home/xinzhu/sentry_ws/install/livox_ros_driver2:${AMENT_PREFIX_PATH} CMAKE_PREFIX_PATH=/home/xinzhu/sentry_ws/install/livox_ros_driver2:/home/xinzhu/Desktop/sentry_ws/install/terrain_analysis_ext:/home/xinzhu/Desktop/sentry_ws/install/terrain_analysis:/home/xinzhu/Desktop/sentry_ws/install/sentry_description:/home/xinzhu/Desktop/sentry_ws/install/sentry_bringup:/home/xinzhu/Desktop/sentry_ws/install/sensor_scan_generation:/home/xinzhu/Desktop/sentry_ws/install/rm_bringup:/home/xinzhu/Desktop/sentry_ws/install/rm_serial_driver:/home/xinzhu/Desktop/sentry_ws/install/rm_camera_driver:/home/xinzhu/Desktop/sentry_ws/install/rm_auto_aim:/home/xinzhu/Desktop/sentry_ws/install/armor_solver:/home/xinzhu/Desktop/sentry_ws/install/armor_detector:/home/xinzhu/Desktop/sentry_ws/install/rm_utils:/home/xinzhu/Desktop/sentry_ws/install/rm_robot_description:/home/xinzhu/Desktop/sentry_ws/install/rm_decision_cpp:/home/xinzhu/Desktop/sentry_ws/install/cmd_chassis:/home/xinzhu/Desktop/sentry_ws/install/rm_interfaces:/home/xinzhu/Desktop/sentry_ws/install/fast_lio:/home/xinzhu/Desktop/sentry_ws/install/livox_ros_driver2:/home/xinzhu/Desktop/sentry_ws/install/icp_relocalization:/home/xinzhu/Desktop/sentry_ws/install/costmap_intensity:/home/xinzhu/Desktop/sentry_ws/install/behaviortree_cpp:/home/xinzhu/Desktop/sentry_ws/install/behavior_ext_plugins:/home/xinzhu/Desktop/sentry_ws/install/auto_aim_interfaces:/home/xinzhu/Desktop/sentry_ws/install/control_panel:/opt/ros/humble LD_LIBRARY_PATH=/home/xinzhu/sentry_ws/install/livox_ros_driver2/lib:${LD_LIBRARY_PATH} PS1=%F{green}%n@%m%f%F{white}:%f%F{blue}%~%f%F{white}$%f PYTHONPATH=/home/xinzhu/sentry_ws/install/livox_ros_driver2/local/lib/python3.10/dist-packages:${PYTHONPATH} /usr/local/bin/cmake --install /home/xinzhu/sentry_ws/build/fast_lio
