[0.034s] Invoking command in '/home/xinzhu/sentry_ws/build/behavior_ext_plugins': CMAKE_PREFIX_PATH=${CMAKE_PREFIX_PATH}:/home/xinzhu/Desktop/sentry_ws/install/control_panel:/opt/ros/humble PS1=%F{green}%n@%m%f%F{white}:%f%F{blue}%~%f%F{white}$%f /usr/local/bin/cmake /home/xinzhu/sentry_ws/src/nav2_plugins/behavior_ext_plugins -DCMAKE_BUILD_TYPE=Release -DAMENT_CMAKE_SYMLINK_INSTALL=1 -DCMAKE_INSTALL_PREFIX=/home/xinzhu/sentry_ws/install/behavior_ext_plugins
[0.186s] -- The C compiler identification is GNU 11.4.0
[0.186s] [0mCMake Deprecation Warning at CMakeLists.txt:1 (cmake_minimum_required):
[0.186s]   Compatibility with CMake < 3.10 will be removed from a future version of
[0.186s]   CMake.
[0.186s] 
[0.186s]   Update the VERSION argument <min> value.  Or, use the <min>...<max> syntax
[0.186s]   to tell CMake that the project requires at least <min> but has been updated
[0.186s]   to work with policies introduced by <max> or earlier.
[0.186s] 
[0.186s] [0m
[0.254s] -- The CXX compiler identification is GNU 11.4.0
[0.262s] -- Detecting C compiler ABI info
[0.313s] -- Detecting C compiler ABI info - done
[0.326s] -- Check for working C compiler: /usr/bin/cc - skipped
[0.327s] -- Detecting C compile features
[0.327s] -- Detecting C compile features - done
[0.337s] -- Detecting CXX compiler ABI info
[0.410s] -- Detecting CXX compiler ABI info - done
[0.431s] -- Check for working CXX compiler: /usr/bin/c++ - skipped
[0.432s] -- Detecting CXX compile features
[0.432s] -- Detecting CXX compile features - done
[0.443s] -- Found ament_cmake: 1.3.13 (/opt/ros/humble/share/ament_cmake/cmake)
[0.588s] -- Found Python3: /usr/bin/python3 (found version "3.10.12") found components: Interpreter
[0.641s] -- Override CMake install command with custom implementation using symlinks instead of copying resources
[0.698s] -- Found rclcpp: 16.0.18 (/opt/ros/humble/share/rclcpp/cmake)
[0.746s] -- Found rosidl_generator_c: 3.1.8 (/opt/ros/humble/share/rosidl_generator_c/cmake)
[0.752s] -- Found rosidl_adapter: 3.1.8 (/opt/ros/humble/share/rosidl_adapter/cmake)
[0.762s] -- Found rosidl_generator_cpp: 3.1.8 (/opt/ros/humble/share/rosidl_generator_cpp/cmake)
[0.774s] -- Using all available rosidl_typesupport_c: rosidl_typesupport_fastrtps_c;rosidl_typesupport_introspection_c
[0.791s] -- Using all available rosidl_typesupport_cpp: rosidl_typesupport_fastrtps_cpp;rosidl_typesupport_introspection_cpp
[0.869s] -- Found rmw_implementation_cmake: 6.1.2 (/opt/ros/humble/share/rmw_implementation_cmake/cmake)
[0.876s] -- Found rmw_fastrtps_cpp: 6.2.10 (/opt/ros/humble/share/rmw_fastrtps_cpp/cmake)
[0.968s] -- Found OpenSSL: /usr/lib/x86_64-linux-gnu/libcrypto.so (found version "3.0.2")
[1.000s] -- Found FastRTPS: /opt/ros/humble/include
[1.048s] -- Using RMW implementation 'rmw_fastrtps_cpp' as default
[1.063s] -- Performing Test CMAKE_HAVE_LIBC_PTHREAD
[1.122s] -- Performing Test CMAKE_HAVE_LIBC_PTHREAD - Success
[1.124s] -- Found Threads: TRUE
[1.234s] -- Found rclcpp_action: 16.0.18 (/opt/ros/humble/share/rclcpp_action/cmake)
[1.317s] -- Found rclcpp_lifecycle: 16.0.18 (/opt/ros/humble/share/rclcpp_lifecycle/cmake)
[1.366s] -- Found visualization_msgs: 4.9.1 (/opt/ros/humble/share/visualization_msgs/cmake)
[1.587s] -- Found nav2_util: 1.1.20 (/opt/ros/humble/share/nav2_util/cmake)
[2.212s] -- Found eigen3_cmake_module: 0.1.1 (/opt/ros/humble/share/eigen3_cmake_module/cmake)
[2.215s] -- Found Eigen3: TRUE (found version "3.4.0")
[2.217s] -- Ensuring Eigen3 include directory is part of orocos-kdl CMake target
[2.323s] -- Found nav2_costmap_2d: 1.1.20 (/opt/ros/humble/share/nav2_costmap_2d/cmake)
[2.575s] -- Found nav2_core: 1.1.20 (/opt/ros/humble/share/nav2_core/cmake)
[2.626s] -- Found nav2_behaviors: 1.1.20 (/opt/ros/humble/share/nav2_behaviors/cmake)
[2.812s] -- Found rosidl_default_generators: 1.2.0 (/opt/ros/humble/share/rosidl_default_generators/cmake)
[3.056s] -- Found CURL: /usr/lib/x86_64-linux-gnu/libcurl.so (found version "7.81.0")
[6.007s] -- Found ament_lint_auto: 0.12.15 (/opt/ros/humble/share/ament_lint_auto/cmake)
[6.462s] -- Added test 'copyright' to check source files copyright and LICENSE
[6.468s] -- Added test 'cppcheck' to perform static code analysis on C / C++ code
[6.469s] -- Configured cppcheck include dirs: /home/xinzhu/sentry_ws/src/nav2_plugins/behavior_ext_plugins/include
[6.469s] -- Configured cppcheck exclude dirs and/or files: 
[6.474s] -- Added test 'cpplint' to check C / C++ code against the Google style
[6.474s] -- Configured cpplint exclude dirs and/or files: 
[6.476s] -- Added test 'lint_cmake' to check CMake code style
[6.492s] -- Added test 'uncrustify' to check C / C++ code style
[6.493s] -- Configured uncrustify additional arguments: 
[6.496s] -- Added test 'xmllint' to check XML markup files
[6.520s] -- Configuring done (6.5s)
[6.982s] -- Generating done (0.5s)
[6.996s] -- Build files have been written to: /home/xinzhu/sentry_ws/build/behavior_ext_plugins
[7.045s] Invoked command in '/home/xinzhu/sentry_ws/build/behavior_ext_plugins' returned '0': CMAKE_PREFIX_PATH=${CMAKE_PREFIX_PATH}:/home/xinzhu/Desktop/sentry_ws/install/control_panel:/opt/ros/humble PS1=%F{green}%n@%m%f%F{white}:%f%F{blue}%~%f%F{white}$%f /usr/local/bin/cmake /home/xinzhu/sentry_ws/src/nav2_plugins/behavior_ext_plugins -DCMAKE_BUILD_TYPE=Release -DAMENT_CMAKE_SYMLINK_INSTALL=1 -DCMAKE_INSTALL_PREFIX=/home/xinzhu/sentry_ws/install/behavior_ext_plugins
[7.047s] Invoking command in '/home/xinzhu/sentry_ws/build/behavior_ext_plugins': CMAKE_PREFIX_PATH=${CMAKE_PREFIX_PATH}:/home/xinzhu/Desktop/sentry_ws/install/control_panel:/opt/ros/humble PS1=%F{green}%n@%m%f%F{white}:%f%F{blue}%~%f%F{white}$%f /usr/local/bin/cmake --build /home/xinzhu/sentry_ws/build/behavior_ext_plugins -- -j16 -l16
[7.144s] [ 50%] [32mBuilding CXX object CMakeFiles/behavior_ext_plugins_lib.dir/plugins/back_up_twz_free_action.cpp.o[0m
[28.370s] [100%] [32m[1mLinking CXX shared library libbehavior_ext_plugins_lib.so[0m
[28.809s] [100%] Built target behavior_ext_plugins_lib
[28.817s] Invoked command in '/home/xinzhu/sentry_ws/build/behavior_ext_plugins' returned '0': CMAKE_PREFIX_PATH=${CMAKE_PREFIX_PATH}:/home/xinzhu/Desktop/sentry_ws/install/control_panel:/opt/ros/humble PS1=%F{green}%n@%m%f%F{white}:%f%F{blue}%~%f%F{white}$%f /usr/local/bin/cmake --build /home/xinzhu/sentry_ws/build/behavior_ext_plugins -- -j16 -l16
[28.819s] Invoking command in '/home/xinzhu/sentry_ws/build/behavior_ext_plugins': CMAKE_PREFIX_PATH=${CMAKE_PREFIX_PATH}:/home/xinzhu/Desktop/sentry_ws/install/control_panel:/opt/ros/humble PS1=%F{green}%n@%m%f%F{white}:%f%F{blue}%~%f%F{white}$%f /usr/local/bin/cmake --install /home/xinzhu/sentry_ws/build/behavior_ext_plugins
[28.822s] -- Install configuration: "Release"
[28.822s] -- Execute custom install script
[28.823s] -- Symlinking: /home/xinzhu/sentry_ws/install/behavior_ext_plugins/share/behavior_ext_plugins//behavior_ext_plugins.xml
[28.827s] -- Symlinking: /home/xinzhu/sentry_ws/install/behavior_ext_plugins/lib/libbehavior_ext_plugins_lib.so
[28.832s] -- Symlinking: /home/xinzhu/sentry_ws/install/behavior_ext_plugins/include//behavior_ext_plugins/back_up_twz_free_action.hpp
[28.836s] -- Up-to-date symlink: /home/xinzhu/sentry_ws/install/behavior_ext_plugins/share/behavior_ext_plugins/behavior_ext_plugins.xml
[28.836s] -- Symlinking: /home/xinzhu/sentry_ws/install/behavior_ext_plugins/share/behavior_ext_plugins/environment/library_path.sh
[28.841s] -- Symlinking: /home/xinzhu/sentry_ws/install/behavior_ext_plugins/share/behavior_ext_plugins/environment/library_path.dsv
[28.845s] -- Symlinking: /home/xinzhu/sentry_ws/install/behavior_ext_plugins/share/ament_index/resource_index/package_run_dependencies/behavior_ext_plugins
[28.851s] -- Symlinking: /home/xinzhu/sentry_ws/install/behavior_ext_plugins/share/ament_index/resource_index/parent_prefix_path/behavior_ext_plugins
[28.856s] -- Symlinking: /home/xinzhu/sentry_ws/install/behavior_ext_plugins/share/behavior_ext_plugins/environment/ament_prefix_path.sh
[28.861s] -- Symlinking: /home/xinzhu/sentry_ws/install/behavior_ext_plugins/share/behavior_ext_plugins/environment/ament_prefix_path.dsv
[28.866s] -- Symlinking: /home/xinzhu/sentry_ws/install/behavior_ext_plugins/share/behavior_ext_plugins/environment/path.sh
[28.871s] -- Symlinking: /home/xinzhu/sentry_ws/install/behavior_ext_plugins/share/behavior_ext_plugins/environment/path.dsv
[28.876s] -- Symlinking: /home/xinzhu/sentry_ws/install/behavior_ext_plugins/share/behavior_ext_plugins/local_setup.bash
[28.880s] -- Symlinking: /home/xinzhu/sentry_ws/install/behavior_ext_plugins/share/behavior_ext_plugins/local_setup.sh
[28.885s] -- Symlinking: /home/xinzhu/sentry_ws/install/behavior_ext_plugins/share/behavior_ext_plugins/local_setup.zsh
[28.889s] -- Symlinking: /home/xinzhu/sentry_ws/install/behavior_ext_plugins/share/behavior_ext_plugins/local_setup.dsv
[28.894s] -- Symlinking: /home/xinzhu/sentry_ws/install/behavior_ext_plugins/share/behavior_ext_plugins/package.dsv
[28.899s] -- Symlinking: /home/xinzhu/sentry_ws/install/behavior_ext_plugins/share/ament_index/resource_index/packages/behavior_ext_plugins
[28.904s] -- Symlinking: /home/xinzhu/sentry_ws/install/behavior_ext_plugins/share/ament_index/resource_index/nav2_core__pluginlib__plugin/behavior_ext_plugins
[28.909s] -- Symlinking: /home/xinzhu/sentry_ws/install/behavior_ext_plugins/share/behavior_ext_plugins/cmake/ament_cmake_export_dependencies-extras.cmake
[28.914s] -- Symlinking: /home/xinzhu/sentry_ws/install/behavior_ext_plugins/share/behavior_ext_plugins/cmake/ament_cmake_export_include_directories-extras.cmake
[28.919s] -- Symlinking: /home/xinzhu/sentry_ws/install/behavior_ext_plugins/share/behavior_ext_plugins/cmake/ament_cmake_export_libraries-extras.cmake
[28.924s] -- Symlinking: /home/xinzhu/sentry_ws/install/behavior_ext_plugins/share/behavior_ext_plugins/cmake/behavior_ext_pluginsConfig.cmake
[28.929s] -- Symlinking: /home/xinzhu/sentry_ws/install/behavior_ext_plugins/share/behavior_ext_plugins/cmake/behavior_ext_pluginsConfig-version.cmake
[28.933s] -- Symlinking: /home/xinzhu/sentry_ws/install/behavior_ext_plugins/share/behavior_ext_plugins/package.xml
[28.939s] Invoked command in '/home/xinzhu/sentry_ws/build/behavior_ext_plugins' returned '0': CMAKE_PREFIX_PATH=${CMAKE_PREFIX_PATH}:/home/xinzhu/Desktop/sentry_ws/install/control_panel:/opt/ros/humble PS1=%F{green}%n@%m%f%F{white}:%f%F{blue}%~%f%F{white}$%f /usr/local/bin/cmake --install /home/xinzhu/sentry_ws/build/behavior_ext_plugins
