[0mCMake Deprecation Warning at CMakeLists.txt:1 (cmake_minimum_required):
  Compatibility with CMake < 3.10 will be removed from a future version of
  CMake.

  Update the VERSION argument <min> value.  Or, use the <min>...<max> syntax
  to tell CMake that the project requires at least <min> but has been updated
  to work with policies introduced by <max> or earlier.

[0m
-- The C compiler identification is GNU 11.4.0
-- The CXX compiler identification is GNU 11.4.0
-- Detecting C compiler ABI info
-- Detecting C compiler ABI info - done
-- Check for working C compiler: /usr/bin/cc - skipped
-- Detecting C compile features
-- Detecting C compile features - done
-- Detecting CXX compiler ABI info
-- Detecting CXX compiler ABI info - done
-- Check for working CXX compiler: /usr/bin/c++ - skipped
-- Detecting CXX compile features
-- Detecting CXX compile features - done
-- Found ament_cmake: 1.3.13 (/opt/ros/humble/share/ament_cmake/cmake)
-- Found Python3: /usr/bin/python3 (found version "3.10.12") found components: Interpreter
-- Override CMake install command with custom implementation using symlinks instead of copying resources
-- Found rclcpp: 16.0.18 (/opt/ros/humble/share/rclcpp/cmake)
-- Found rosidl_generator_c: 3.1.8 (/opt/ros/humble/share/rosidl_generator_c/cmake)
-- Found rosidl_adapter: 3.1.8 (/opt/ros/humble/share/rosidl_adapter/cmake)
-- Found rosidl_generator_cpp: 3.1.8 (/opt/ros/humble/share/rosidl_generator_cpp/cmake)
-- Using all available rosidl_typesupport_c: rosidl_typesupport_fastrtps_c;rosidl_typesupport_introspection_c
-- Using all available rosidl_typesupport_cpp: rosidl_typesupport_fastrtps_cpp;rosidl_typesupport_introspection_cpp
-- Found rmw_implementation_cmake: 6.1.2 (/opt/ros/humble/share/rmw_implementation_cmake/cmake)
-- Found rmw_fastrtps_cpp: 6.2.10 (/opt/ros/humble/share/rmw_fastrtps_cpp/cmake)
-- Found OpenSSL: /usr/lib/x86_64-linux-gnu/libcrypto.so (found version "3.0.2")
-- Found FastRTPS: /opt/ros/humble/include
-- Using RMW implementation 'rmw_fastrtps_cpp' as default
-- Performing Test CMAKE_HAVE_LIBC_PTHREAD
-- Performing Test CMAKE_HAVE_LIBC_PTHREAD - Success
-- Found Threads: TRUE
-- Found nav_msgs: 4.9.1 (/opt/ros/humble/share/nav_msgs/cmake)
-- Found sensor_msgs: 4.9.1 (/opt/ros/humble/share/sensor_msgs/cmake)
-- Found tf2_ros: 0.25.19 (/opt/ros/humble/share/tf2_ros/cmake)
-- Found tf2_geometry_msgs: 0.25.19 (/opt/ros/humble/share/tf2_geometry_msgs/cmake)
-- Found eigen3_cmake_module: 0.1.1 (/opt/ros/humble/share/eigen3_cmake_module/cmake)
-- Found Eigen3: TRUE (found version "3.4.0")
-- Ensuring Eigen3 include directory is part of orocos-kdl CMake target
-- Found pcl_conversions: 2.4.5 (/opt/ros/humble/share/pcl_conversions/cmake)
[33mCMake Warning (dev) at /usr/lib/x86_64-linux-gnu/cmake/pcl/PCLConfig.cmake:146 (find_package):
  Policy CMP0144 is not set: find_package uses upper-case <PACKAGENAME>_ROOT
  variables.  Run "cmake --help-policy CMP0144" for policy details.  Use the
  cmake_policy command to set the policy and suppress this warning.

  CMake variable EIGEN_ROOT is set to:

    /usr/include/eigen3

  For compatibility, find_package is ignoring the variable, but code in a
  .cmake module might still use it.
Call Stack (most recent call first):
  /usr/lib/x86_64-linux-gnu/cmake/pcl/PCLConfig.cmake:299 (find_eigen)
  /usr/lib/x86_64-linux-gnu/cmake/pcl/PCLConfig.cmake:543 (find_external_library)
  /opt/ros/humble/share/pcl_conversions/cmake/ament_cmake_export_dependencies-extras.cmake:21 (find_package)
  /opt/ros/humble/share/pcl_conversions/cmake/pcl_conversionsConfig.cmake:41 (include)
  CMakeLists.txt:28 (find_package)
This warning is for project developers.  Use -Wno-dev to suppress it.
[0m
-- Checking for module 'eigen3'
--   Found eigen3, version 3.4.0
-- Found Eigen: /usr/include/eigen3 (Required is at least version "3.1")
-- Eigen found (include: /usr/include/eigen3, version: 3.4.0)
[33mCMake Warning (dev) at /usr/lib/x86_64-linux-gnu/cmake/pcl/PCLConfig.cmake:128 (find_package):
  Policy CMP0167 is not set: The FindBoost module is removed.  Run "cmake
  --help-policy CMP0167" for policy details.  Use the cmake_policy command to
  set the policy and suppress this warning.

Call Stack (most recent call first):
  /usr/lib/x86_64-linux-gnu/cmake/pcl/PCLConfig.cmake:297 (find_boost)
  /usr/lib/x86_64-linux-gnu/cmake/pcl/PCLConfig.cmake:543 (find_external_library)
  /opt/ros/humble/share/pcl_conversions/cmake/ament_cmake_export_dependencies-extras.cmake:21 (find_package)
  /opt/ros/humble/share/pcl_conversions/cmake/pcl_conversionsConfig.cmake:41 (include)
  CMakeLists.txt:28 (find_package)
This warning is for project developers.  Use -Wno-dev to suppress it.
[0m
[33mCMake Warning (dev) at /usr/lib/x86_64-linux-gnu/cmake/pcl/Modules/FindFLANN.cmake:44 (find_package):
  Policy CMP0144 is not set: find_package uses upper-case <PACKAGENAME>_ROOT
  variables.  Run "cmake --help-policy CMP0144" for policy details.  Use the
  cmake_policy command to set the policy and suppress this warning.

  CMake variable FLANN_ROOT is set to:

    /usr

  For compatibility, find_package is ignoring the variable, but code in a
  .cmake module might still use it.
Call Stack (most recent call first):
  /usr/lib/x86_64-linux-gnu/cmake/pcl/PCLConfig.cmake:256 (find_package)
  /usr/lib/x86_64-linux-gnu/cmake/pcl/PCLConfig.cmake:301 (find_flann)
  /usr/lib/x86_64-linux-gnu/cmake/pcl/PCLConfig.cmake:543 (find_external_library)
  /opt/ros/humble/share/pcl_conversions/cmake/ament_cmake_export_dependencies-extras.cmake:21 (find_package)
  /opt/ros/humble/share/pcl_conversions/cmake/pcl_conversionsConfig.cmake:41 (include)
  CMakeLists.txt:28 (find_package)
This warning is for project developers.  Use -Wno-dev to suppress it.
[0m
-- Checking for module 'flann'
--   Found flann, version 1.9.1
-- Found FLANN: /usr/lib/x86_64-linux-gnu/libflann_cpp.so
-- FLANN found (include: /usr/include, lib: /usr/lib/x86_64-linux-gnu/libflann_cpp.so)
-- Checking for module 'libusb-1.0'
--   Found libusb-1.0, version 1.0.25
-- Found libusb: /usr/lib/x86_64-linux-gnu/libusb-1.0.so
-- OpenNI found (version: 1.5.4.0, include: /usr/include/ni, lib: /usr/lib/libOpenNI.so;libusb::libusb)
-- OpenNI2 found (version: 2.2.0.33, include: /usr/include/openni2, lib: /usr/lib/x86_64-linux-gnu/libOpenNI2.so;libusb::libusb)
[33mCMake Warning (dev) at /usr/lib/x86_64-linux-gnu/cmake/pcl/PCLConfig.cmake:128 (find_package):
  Policy CMP0167 is not set: The FindBoost module is removed.  Run "cmake
  --help-policy CMP0167" for policy details.  Use the cmake_policy command to
  set the policy and suppress this warning.

Call Stack (most recent call first):
  /usr/lib/x86_64-linux-gnu/cmake/pcl/PCLConfig.cmake:297 (find_boost)
  /usr/lib/x86_64-linux-gnu/cmake/pcl/PCLConfig.cmake:543 (find_external_library)
  /opt/ros/humble/share/pcl_conversions/cmake/ament_cmake_export_dependencies-extras.cmake:21 (find_package)
  /opt/ros/humble/share/pcl_conversions/cmake/pcl_conversionsConfig.cmake:41 (include)
  CMakeLists.txt:28 (find_package)
This warning is for project developers.  Use -Wno-dev to suppress it.
[0m
-- Eigen found (include: /usr/include/eigen3, version: 3.4.0)
-- OpenNI found (version: 1.5.4.0, include: /usr/include/ni, lib: /usr/lib/libOpenNI.so;libusb::libusb)
-- OpenNI2 found (version: 2.2.0.33, include: /usr/include/openni2, lib: /usr/lib/x86_64-linux-gnu/libOpenNI2.so;libusb::libusb)
-- Found Qhull version 8.0.2
-- OpenNI found (version: 1.5.4.0, include: /usr/include/ni, lib: /usr/lib/libOpenNI.so;libusb::libusb)
-- Found PCL_COMMON: /usr/lib/x86_64-linux-gnu/libpcl_common.so
-- Found PCL_KDTREE: /usr/lib/x86_64-linux-gnu/libpcl_kdtree.so
-- Found PCL_OCTREE: /usr/lib/x86_64-linux-gnu/libpcl_octree.so
-- Found PCL_SEARCH: /usr/lib/x86_64-linux-gnu/libpcl_search.so
-- Found PCL_SAMPLE_CONSENSUS: /usr/lib/x86_64-linux-gnu/libpcl_sample_consensus.so
-- Found PCL_FILTERS: /usr/lib/x86_64-linux-gnu/libpcl_filters.so
-- Found PCL_2D: /usr/include/pcl-1.12
-- Found PCL_GEOMETRY: /usr/include/pcl-1.12
-- Found PCL_IO: /usr/lib/x86_64-linux-gnu/libpcl_io.so
-- Found PCL_FEATURES: /usr/lib/x86_64-linux-gnu/libpcl_features.so
-- Found PCL_ML: /usr/lib/x86_64-linux-gnu/libpcl_ml.so
-- Found PCL_SEGMENTATION: /usr/lib/x86_64-linux-gnu/libpcl_segmentation.so
-- Found PCL_VISUALIZATION: /usr/lib/x86_64-linux-gnu/libpcl_visualization.so
-- Found PCL_SURFACE: /usr/lib/x86_64-linux-gnu/libpcl_surface.so
-- Found PCL_REGISTRATION: /usr/lib/x86_64-linux-gnu/libpcl_registration.so
-- Found PCL_KEYPOINTS: /usr/lib/x86_64-linux-gnu/libpcl_keypoints.so
-- Found PCL_TRACKING: /usr/lib/x86_64-linux-gnu/libpcl_tracking.so
-- Found PCL_RECOGNITION: /usr/lib/x86_64-linux-gnu/libpcl_recognition.so
-- Found PCL_STEREO: /usr/lib/x86_64-linux-gnu/libpcl_stereo.so
-- Found PCL_APPS: /usr/lib/x86_64-linux-gnu/libpcl_apps.so
-- Found PCL_IN_HAND_SCANNER: /usr/include/pcl-1.12
-- Found PCL_MODELER: /usr/include/pcl-1.12
-- Found PCL_POINT_CLOUD_EDITOR: /usr/include/pcl-1.12
-- Found PCL_OUTOFCORE: /usr/lib/x86_64-linux-gnu/libpcl_outofcore.so
-- Found PCL_PEOPLE: /usr/lib/x86_64-linux-gnu/libpcl_people.so
-- Found pcl_ros: 2.4.5 (/opt/ros/humble/share/pcl_ros/cmake)
-- Found ament_lint_auto: 0.12.15 (/opt/ros/humble/share/ament_lint_auto/cmake)
-- Added test 'copyright' to check source files copyright and LICENSE
-- Added test 'cppcheck' to perform static code analysis on C / C++ code
-- Configured cppcheck include dirs: 
-- Configured cppcheck exclude dirs and/or files: 
-- Added test 'cpplint' to check C / C++ code against the Google style
-- Configured cpplint exclude dirs and/or files: 
-- Added test 'lint_cmake' to check CMake code style
-- Added test 'uncrustify' to check C / C++ code style
-- Configured uncrustify additional arguments: 
-- Added test 'xmllint' to check XML markup files
-- Configuring done (15.0s)
-- Generating done (0.2s)
-- Build files have been written to: /home/xinzhu/sentry_ws/build/terrain_analysis
[ 25%] [32mBuilding CXX object CMakeFiles/terrainAnalysis.dir/src/terrainAnalysis.cpp.o[0m
[ 50%] [32m[1mLinking CXX executable terrainAnalysis[0m
[ 50%] Built target terrainAnalysis
[ 75%] [32mBuilding CXX object CMakeFiles/exchangeField.dir/src/exchangeField.cpp.o[0m
[100%] [32m[1mLinking CXX executable exchangeField[0m
[100%] Built target exchangeField
-- Install configuration: "Release"
-- Execute custom install script
-- Symlinking: /home/xinzhu/sentry_ws/install/terrain_analysis/lib/terrain_analysis/terrainAnalysis
-- Symlinking: /home/xinzhu/sentry_ws/install/terrain_analysis/lib/terrain_analysis/exchangeField
-- Symlinking: /home/xinzhu/sentry_ws/install/terrain_analysis/share/terrain_analysis/launch/exchangeFiled.launch
-- Symlinking: /home/xinzhu/sentry_ws/install/terrain_analysis/share/terrain_analysis/launch/terrain_analysis.launch
-- Symlinking: /home/xinzhu/sentry_ws/install/terrain_analysis/share/ament_index/resource_index/package_run_dependencies/terrain_analysis
-- Symlinking: /home/xinzhu/sentry_ws/install/terrain_analysis/share/ament_index/resource_index/parent_prefix_path/terrain_analysis
-- Symlinking: /home/xinzhu/sentry_ws/install/terrain_analysis/share/terrain_analysis/environment/ament_prefix_path.sh
-- Symlinking: /home/xinzhu/sentry_ws/install/terrain_analysis/share/terrain_analysis/environment/ament_prefix_path.dsv
-- Symlinking: /home/xinzhu/sentry_ws/install/terrain_analysis/share/terrain_analysis/environment/path.sh
-- Symlinking: /home/xinzhu/sentry_ws/install/terrain_analysis/share/terrain_analysis/environment/path.dsv
-- Symlinking: /home/xinzhu/sentry_ws/install/terrain_analysis/share/terrain_analysis/local_setup.bash
-- Symlinking: /home/xinzhu/sentry_ws/install/terrain_analysis/share/terrain_analysis/local_setup.sh
-- Symlinking: /home/xinzhu/sentry_ws/install/terrain_analysis/share/terrain_analysis/local_setup.zsh
-- Symlinking: /home/xinzhu/sentry_ws/install/terrain_analysis/share/terrain_analysis/local_setup.dsv
-- Symlinking: /home/xinzhu/sentry_ws/install/terrain_analysis/share/terrain_analysis/package.dsv
-- Symlinking: /home/xinzhu/sentry_ws/install/terrain_analysis/share/ament_index/resource_index/packages/terrain_analysis
-- Symlinking: /home/xinzhu/sentry_ws/install/terrain_analysis/share/terrain_analysis/cmake/terrain_analysisConfig.cmake
-- Symlinking: /home/xinzhu/sentry_ws/install/terrain_analysis/share/terrain_analysis/cmake/terrain_analysisConfig-version.cmake
-- Symlinking: /home/xinzhu/sentry_ws/install/terrain_analysis/share/terrain_analysis/package.xml
