[0.033s] Invoking command in '/home/xinzhu/sentry_ws/build/terrain_analysis': CMAKE_PREFIX_PATH=${CMAKE_PREFIX_PATH}:/home/xinzhu/Desktop/sentry_ws/install/control_panel:/opt/ros/humble PS1=%F{green}%n@%m%f%F{white}:%f%F{blue}%~%f%F{white}$%f /usr/local/bin/cmake /home/xinzhu/sentry_ws/src/autonomous_exploration_development_environment/src/terrain_analysis -DCMAKE_BUILD_TYPE=Release -DAMENT_CMAKE_SYMLINK_INSTALL=1 -DCMAKE_INSTALL_PREFIX=/home/xinzhu/sentry_ws/install/terrain_analysis
[0.041s] [0mCMake Deprecation Warning at CMakeLists.txt:1 (cmake_minimum_required):
[0.041s]   Compatibility with CMake < 3.10 will be removed from a future version of
[0.041s]   CMake.
[0.041s] 
[0.041s]   Update the VERSION argument <min> value.  Or, use the <min>...<max> syntax
[0.041s]   to tell CMake that the project requires at least <min> but has been updated
[0.041s]   to work with policies introduced by <max> or earlier.
[0.041s] 
[0.041s] [0m
[0.167s] -- The C compiler identification is GNU 11.4.0
[0.347s] -- The CXX compiler identification is GNU 11.4.0
[0.371s] -- Detecting C compiler ABI info
[0.533s] -- Detecting C compiler ABI info - done
[0.578s] -- Check for working C compiler: /usr/bin/cc - skipped
[0.579s] -- Detecting C compile features
[0.579s] -- Detecting C compile features - done
[0.604s] -- Detecting CXX compiler ABI info
[0.771s] -- Detecting CXX compiler ABI info - done
[0.813s] -- Check for working CXX compiler: /usr/bin/c++ - skipped
[0.814s] -- Detecting CXX compile features
[0.814s] -- Detecting CXX compile features - done
[0.837s] -- Found ament_cmake: 1.3.13 (/opt/ros/humble/share/ament_cmake/cmake)
[1.277s] -- Found Python3: /usr/bin/python3 (found version "3.10.12") found components: Interpreter
[1.509s] -- Override CMake install command with custom implementation using symlinks instead of copying resources
[1.640s] -- Found rclcpp: 16.0.18 (/opt/ros/humble/share/rclcpp/cmake)
[1.821s] -- Found rosidl_generator_c: 3.1.8 (/opt/ros/humble/share/rosidl_generator_c/cmake)
[1.840s] -- Found rosidl_adapter: 3.1.8 (/opt/ros/humble/share/rosidl_adapter/cmake)
[1.877s] -- Found rosidl_generator_cpp: 3.1.8 (/opt/ros/humble/share/rosidl_generator_cpp/cmake)
[1.923s] -- Using all available rosidl_typesupport_c: rosidl_typesupport_fastrtps_c;rosidl_typesupport_introspection_c
[1.995s] -- Using all available rosidl_typesupport_cpp: rosidl_typesupport_fastrtps_cpp;rosidl_typesupport_introspection_cpp
[2.183s] -- Found rmw_implementation_cmake: 6.1.2 (/opt/ros/humble/share/rmw_implementation_cmake/cmake)
[2.198s] -- Found rmw_fastrtps_cpp: 6.2.10 (/opt/ros/humble/share/rmw_fastrtps_cpp/cmake)
[2.488s] -- Found OpenSSL: /usr/lib/x86_64-linux-gnu/libcrypto.so (found version "3.0.2")
[2.582s] -- Found FastRTPS: /opt/ros/humble/include
[2.713s] -- Using RMW implementation 'rmw_fastrtps_cpp' as default
[2.749s] -- Performing Test CMAKE_HAVE_LIBC_PTHREAD
[2.892s] -- Performing Test CMAKE_HAVE_LIBC_PTHREAD - Success
[2.893s] -- Found Threads: TRUE
[3.167s] -- Found nav_msgs: 4.9.1 (/opt/ros/humble/share/nav_msgs/cmake)
[3.294s] -- Found sensor_msgs: 4.9.1 (/opt/ros/humble/share/sensor_msgs/cmake)
[3.369s] -- Found tf2_ros: 0.25.19 (/opt/ros/humble/share/tf2_ros/cmake)
[3.777s] -- Found tf2_geometry_msgs: 0.25.19 (/opt/ros/humble/share/tf2_geometry_msgs/cmake)
[3.842s] -- Found eigen3_cmake_module: 0.1.1 (/opt/ros/humble/share/eigen3_cmake_module/cmake)
[3.851s] -- Found Eigen3: TRUE (found version "3.4.0")
[3.851s] -- Ensuring Eigen3 include directory is part of orocos-kdl CMake target
[3.863s] -- Found pcl_conversions: 2.4.5 (/opt/ros/humble/share/pcl_conversions/cmake)
[3.987s] [33mCMake Warning (dev) at /usr/lib/x86_64-linux-gnu/cmake/pcl/PCLConfig.cmake:146 (find_package):
[3.987s]   Policy CMP0144 is not set: find_package uses upper-case <PACKAGENAME>_ROOT
[3.987s]   variables.  Run "cmake --help-policy CMP0144" for policy details.  Use the
[3.987s]   cmake_policy command to set the policy and suppress this warning.
[3.987s] 
[3.988s]   CMake variable EIGEN_ROOT is set to:
[3.988s] 
[3.988s]     /usr/include/eigen3
[3.988s] 
[3.988s]   For compatibility, find_package is ignoring the variable, but code in a
[3.988s]   .cmake module might still use it.
[3.988s] Call Stack (most recent call first):
[3.988s]   /usr/lib/x86_64-linux-gnu/cmake/pcl/PCLConfig.cmake:299 (find_eigen)
[3.988s]   /usr/lib/x86_64-linux-gnu/cmake/pcl/PCLConfig.cmake:543 (find_external_library)
[3.989s]   /opt/ros/humble/share/pcl_conversions/cmake/ament_cmake_export_dependencies-extras.cmake:21 (find_package)
[3.989s]   /opt/ros/humble/share/pcl_conversions/cmake/pcl_conversionsConfig.cmake:41 (include)
[3.989s]   CMakeLists.txt:28 (find_package)
[3.989s] This warning is for project developers.  Use -Wno-dev to suppress it.
[3.989s] [0m
[3.996s] -- Checking for module 'eigen3'
[4.044s] --   Found eigen3, version 3.4.0
[4.162s] -- Found Eigen: /usr/include/eigen3 (Required is at least version "3.1")
[4.162s] -- Eigen found (include: /usr/include/eigen3, version: 3.4.0)
[4.162s] [33mCMake Warning (dev) at /usr/lib/x86_64-linux-gnu/cmake/pcl/PCLConfig.cmake:128 (find_package):
[4.162s]   Policy CMP0167 is not set: The FindBoost module is removed.  Run "cmake
[4.163s]   --help-policy CMP0167" for policy details.  Use the cmake_policy command to
[4.163s]   set the policy and suppress this warning.
[4.163s] 
[4.163s] Call Stack (most recent call first):
[4.163s]   /usr/lib/x86_64-linux-gnu/cmake/pcl/PCLConfig.cmake:297 (find_boost)
[4.163s]   /usr/lib/x86_64-linux-gnu/cmake/pcl/PCLConfig.cmake:543 (find_external_library)
[4.163s]   /opt/ros/humble/share/pcl_conversions/cmake/ament_cmake_export_dependencies-extras.cmake:21 (find_package)
[4.163s]   /opt/ros/humble/share/pcl_conversions/cmake/pcl_conversionsConfig.cmake:41 (include)
[4.163s]   CMakeLists.txt:28 (find_package)
[4.163s] This warning is for project developers.  Use -Wno-dev to suppress it.
[4.163s] [0m
[4.268s] [33mCMake Warning (dev) at /usr/lib/x86_64-linux-gnu/cmake/pcl/Modules/FindFLANN.cmake:44 (find_package):
[4.268s]   Policy CMP0144 is not set: find_package uses upper-case <PACKAGENAME>_ROOT
[4.269s]   variables.  Run "cmake --help-policy CMP0144" for policy details.  Use the
[4.269s]   cmake_policy command to set the policy and suppress this warning.
[4.270s] 
[4.270s]   CMake variable FLANN_ROOT is set to:
[4.270s] 
[4.271s]     /usr
[4.271s] 
[4.271s]   For compatibility, find_package is ignoring the variable, but code in a
[4.271s]   .cmake module might still use it.
[4.272s] Call Stack (most recent call first):
[4.272s]   /usr/lib/x86_64-linux-gnu/cmake/pcl/PCLConfig.cmake:256 (find_package)
[4.272s]   /usr/lib/x86_64-linux-gnu/cmake/pcl/PCLConfig.cmake:301 (find_flann)
[4.273s]   /usr/lib/x86_64-linux-gnu/cmake/pcl/PCLConfig.cmake:543 (find_external_library)
[4.273s]   /opt/ros/humble/share/pcl_conversions/cmake/ament_cmake_export_dependencies-extras.cmake:21 (find_package)
[4.274s]   /opt/ros/humble/share/pcl_conversions/cmake/pcl_conversionsConfig.cmake:41 (include)
[4.274s]   CMakeLists.txt:28 (find_package)
[4.274s] This warning is for project developers.  Use -Wno-dev to suppress it.
[4.275s] [0m
[4.311s] -- Checking for module 'flann'
[4.356s] --   Found flann, version 1.9.1
[4.492s] -- Found FLANN: /usr/lib/x86_64-linux-gnu/libflann_cpp.so
[4.499s] -- FLANN found (include: /usr/include, lib: /usr/lib/x86_64-linux-gnu/libflann_cpp.so)
[8.297s] -- Checking for module 'libusb-1.0'
[8.362s] --   Found libusb-1.0, version 1.0.25
[8.497s] -- Found libusb: /usr/lib/x86_64-linux-gnu/libusb-1.0.so
[8.497s] -- OpenNI found (version: 1.5.4.0, include: /usr/include/ni, lib: /usr/lib/libOpenNI.so;libusb::libusb)
[8.715s] -- OpenNI2 found (version: 2.2.0.33, include: /usr/include/openni2, lib: /usr/lib/x86_64-linux-gnu/libOpenNI2.so;libusb::libusb)
[10.393s] [33mCMake Warning (dev) at /usr/lib/x86_64-linux-gnu/cmake/pcl/PCLConfig.cmake:128 (find_package):
[10.393s]   Policy CMP0167 is not set: The FindBoost module is removed.  Run "cmake
[10.393s]   --help-policy CMP0167" for policy details.  Use the cmake_policy command to
[10.393s]   set the policy and suppress this warning.
[10.393s] 
[10.393s] Call Stack (most recent call first):
[10.393s]   /usr/lib/x86_64-linux-gnu/cmake/pcl/PCLConfig.cmake:297 (find_boost)
[10.393s]   /usr/lib/x86_64-linux-gnu/cmake/pcl/PCLConfig.cmake:543 (find_external_library)
[10.393s]   /opt/ros/humble/share/pcl_conversions/cmake/ament_cmake_export_dependencies-extras.cmake:21 (find_package)
[10.393s]   /opt/ros/humble/share/pcl_conversions/cmake/pcl_conversionsConfig.cmake:41 (include)
[10.393s]   CMakeLists.txt:28 (find_package)
[10.393s] This warning is for project developers.  Use -Wno-dev to suppress it.
[10.394s] [0m
[10.465s] -- Eigen found (include: /usr/include/eigen3, version: 3.4.0)
[10.504s] -- OpenNI found (version: 1.5.4.0, include: /usr/include/ni, lib: /usr/lib/libOpenNI.so;libusb::libusb)
[10.540s] -- OpenNI2 found (version: 2.2.0.33, include: /usr/include/openni2, lib: /usr/lib/x86_64-linux-gnu/libOpenNI2.so;libusb::libusb)
[12.149s] -- Found Qhull version 8.0.2
[13.448s] -- OpenNI found (version: 1.5.4.0, include: /usr/include/ni, lib: /usr/lib/libOpenNI.so;libusb::libusb)
[14.603s] -- Found PCL_COMMON: /usr/lib/x86_64-linux-gnu/libpcl_common.so
[14.606s] -- Found PCL_KDTREE: /usr/lib/x86_64-linux-gnu/libpcl_kdtree.so
[14.611s] -- Found PCL_OCTREE: /usr/lib/x86_64-linux-gnu/libpcl_octree.so
[14.616s] -- Found PCL_SEARCH: /usr/lib/x86_64-linux-gnu/libpcl_search.so
[14.622s] -- Found PCL_SAMPLE_CONSENSUS: /usr/lib/x86_64-linux-gnu/libpcl_sample_consensus.so
[14.625s] -- Found PCL_FILTERS: /usr/lib/x86_64-linux-gnu/libpcl_filters.so
[14.629s] -- Found PCL_2D: /usr/include/pcl-1.12
[14.629s] -- Found PCL_GEOMETRY: /usr/include/pcl-1.12
[14.631s] -- Found PCL_IO: /usr/lib/x86_64-linux-gnu/libpcl_io.so
[14.637s] -- Found PCL_FEATURES: /usr/lib/x86_64-linux-gnu/libpcl_features.so
[14.643s] -- Found PCL_ML: /usr/lib/x86_64-linux-gnu/libpcl_ml.so
[14.652s] -- Found PCL_SEGMENTATION: /usr/lib/x86_64-linux-gnu/libpcl_segmentation.so
[14.659s] -- Found PCL_VISUALIZATION: /usr/lib/x86_64-linux-gnu/libpcl_visualization.so
[14.660s] -- Found PCL_SURFACE: /usr/lib/x86_64-linux-gnu/libpcl_surface.so
[14.666s] -- Found PCL_REGISTRATION: /usr/lib/x86_64-linux-gnu/libpcl_registration.so
[14.672s] -- Found PCL_KEYPOINTS: /usr/lib/x86_64-linux-gnu/libpcl_keypoints.so
[14.679s] -- Found PCL_TRACKING: /usr/lib/x86_64-linux-gnu/libpcl_tracking.so
[14.685s] -- Found PCL_RECOGNITION: /usr/lib/x86_64-linux-gnu/libpcl_recognition.so
[14.693s] -- Found PCL_STEREO: /usr/lib/x86_64-linux-gnu/libpcl_stereo.so
[14.693s] -- Found PCL_APPS: /usr/lib/x86_64-linux-gnu/libpcl_apps.so
[14.694s] -- Found PCL_IN_HAND_SCANNER: /usr/include/pcl-1.12
[14.700s] -- Found PCL_MODELER: /usr/include/pcl-1.12
[14.700s] -- Found PCL_POINT_CLOUD_EDITOR: /usr/include/pcl-1.12
[14.706s] -- Found PCL_OUTOFCORE: /usr/lib/x86_64-linux-gnu/libpcl_outofcore.so
[14.713s] -- Found PCL_PEOPLE: /usr/lib/x86_64-linux-gnu/libpcl_people.so
[14.729s] -- Found pcl_ros: 2.4.5 (/opt/ros/humble/share/pcl_ros/cmake)
[14.822s] -- Found ament_lint_auto: 0.12.15 (/opt/ros/humble/share/ament_lint_auto/cmake)
[15.041s] -- Added test 'copyright' to check source files copyright and LICENSE
[15.043s] -- Added test 'cppcheck' to perform static code analysis on C / C++ code
[15.048s] -- Configured cppcheck include dirs: 
[15.048s] -- Configured cppcheck exclude dirs and/or files: 
[15.052s] -- Added test 'cpplint' to check C / C++ code against the Google style
[15.052s] -- Configured cpplint exclude dirs and/or files: 
[15.055s] -- Added test 'lint_cmake' to check CMake code style
[15.059s] -- Added test 'uncrustify' to check C / C++ code style
[15.059s] -- Configured uncrustify additional arguments: 
[15.061s] -- Added test 'xmllint' to check XML markup files
[15.068s] -- Configuring done (15.0s)
[15.249s] -- Generating done (0.2s)
[15.264s] -- Build files have been written to: /home/xinzhu/sentry_ws/build/terrain_analysis
[15.306s] Invoked command in '/home/xinzhu/sentry_ws/build/terrain_analysis' returned '0': CMAKE_PREFIX_PATH=${CMAKE_PREFIX_PATH}:/home/xinzhu/Desktop/sentry_ws/install/control_panel:/opt/ros/humble PS1=%F{green}%n@%m%f%F{white}:%f%F{blue}%~%f%F{white}$%f /usr/local/bin/cmake /home/xinzhu/sentry_ws/src/autonomous_exploration_development_environment/src/terrain_analysis -DCMAKE_BUILD_TYPE=Release -DAMENT_CMAKE_SYMLINK_INSTALL=1 -DCMAKE_INSTALL_PREFIX=/home/xinzhu/sentry_ws/install/terrain_analysis
[15.307s] Invoking command in '/home/xinzhu/sentry_ws/build/terrain_analysis': CMAKE_PREFIX_PATH=${CMAKE_PREFIX_PATH}:/home/xinzhu/Desktop/sentry_ws/install/control_panel:/opt/ros/humble PS1=%F{green}%n@%m%f%F{white}:%f%F{blue}%~%f%F{white}$%f /usr/local/bin/cmake --build /home/xinzhu/sentry_ws/build/terrain_analysis -- -j16 -l16
[15.392s] [ 25%] [32mBuilding CXX object CMakeFiles/terrainAnalysis.dir/src/terrainAnalysis.cpp.o[0m
[55.135s] [ 50%] [32m[1mLinking CXX executable terrainAnalysis[0m
[56.048s] [ 50%] Built target terrainAnalysis
[56.059s] [ 75%] [32mBuilding CXX object CMakeFiles/exchangeField.dir/src/exchangeField.cpp.o[0m
[65.464s] [100%] [32m[1mLinking CXX executable exchangeField[0m
[65.809s] [100%] Built target exchangeField
[65.815s] Invoked command in '/home/xinzhu/sentry_ws/build/terrain_analysis' returned '0': CMAKE_PREFIX_PATH=${CMAKE_PREFIX_PATH}:/home/xinzhu/Desktop/sentry_ws/install/control_panel:/opt/ros/humble PS1=%F{green}%n@%m%f%F{white}:%f%F{blue}%~%f%F{white}$%f /usr/local/bin/cmake --build /home/xinzhu/sentry_ws/build/terrain_analysis -- -j16 -l16
[65.817s] Invoking command in '/home/xinzhu/sentry_ws/build/terrain_analysis': CMAKE_PREFIX_PATH=${CMAKE_PREFIX_PATH}:/home/xinzhu/Desktop/sentry_ws/install/control_panel:/opt/ros/humble PS1=%F{green}%n@%m%f%F{white}:%f%F{blue}%~%f%F{white}$%f /usr/local/bin/cmake --install /home/xinzhu/sentry_ws/build/terrain_analysis
[65.821s] -- Install configuration: "Release"
[65.821s] -- Execute custom install script
[65.822s] -- Symlinking: /home/xinzhu/sentry_ws/install/terrain_analysis/lib/terrain_analysis/terrainAnalysis
[65.826s] -- Symlinking: /home/xinzhu/sentry_ws/install/terrain_analysis/lib/terrain_analysis/exchangeField
[65.831s] -- Symlinking: /home/xinzhu/sentry_ws/install/terrain_analysis/share/terrain_analysis/launch/exchangeFiled.launch
[65.835s] -- Symlinking: /home/xinzhu/sentry_ws/install/terrain_analysis/share/terrain_analysis/launch/terrain_analysis.launch
[65.840s] -- Symlinking: /home/xinzhu/sentry_ws/install/terrain_analysis/share/ament_index/resource_index/package_run_dependencies/terrain_analysis
[65.843s] -- Symlinking: /home/xinzhu/sentry_ws/install/terrain_analysis/share/ament_index/resource_index/parent_prefix_path/terrain_analysis
[65.846s] -- Symlinking: /home/xinzhu/sentry_ws/install/terrain_analysis/share/terrain_analysis/environment/ament_prefix_path.sh
[65.849s] -- Symlinking: /home/xinzhu/sentry_ws/install/terrain_analysis/share/terrain_analysis/environment/ament_prefix_path.dsv
[65.852s] -- Symlinking: /home/xinzhu/sentry_ws/install/terrain_analysis/share/terrain_analysis/environment/path.sh
[65.855s] -- Symlinking: /home/xinzhu/sentry_ws/install/terrain_analysis/share/terrain_analysis/environment/path.dsv
[65.859s] -- Symlinking: /home/xinzhu/sentry_ws/install/terrain_analysis/share/terrain_analysis/local_setup.bash
[65.862s] -- Symlinking: /home/xinzhu/sentry_ws/install/terrain_analysis/share/terrain_analysis/local_setup.sh
[65.865s] -- Symlinking: /home/xinzhu/sentry_ws/install/terrain_analysis/share/terrain_analysis/local_setup.zsh
[65.868s] -- Symlinking: /home/xinzhu/sentry_ws/install/terrain_analysis/share/terrain_analysis/local_setup.dsv
[65.872s] -- Symlinking: /home/xinzhu/sentry_ws/install/terrain_analysis/share/terrain_analysis/package.dsv
[65.876s] -- Symlinking: /home/xinzhu/sentry_ws/install/terrain_analysis/share/ament_index/resource_index/packages/terrain_analysis
[65.880s] -- Symlinking: /home/xinzhu/sentry_ws/install/terrain_analysis/share/terrain_analysis/cmake/terrain_analysisConfig.cmake
[65.885s] -- Symlinking: /home/xinzhu/sentry_ws/install/terrain_analysis/share/terrain_analysis/cmake/terrain_analysisConfig-version.cmake
[65.890s] -- Symlinking: /home/xinzhu/sentry_ws/install/terrain_analysis/share/terrain_analysis/package.xml
[65.897s] Invoked command in '/home/xinzhu/sentry_ws/build/terrain_analysis' returned '0': CMAKE_PREFIX_PATH=${CMAKE_PREFIX_PATH}:/home/xinzhu/Desktop/sentry_ws/install/control_panel:/opt/ros/humble PS1=%F{green}%n@%m%f%F{white}:%f%F{blue}%~%f%F{white}$%f /usr/local/bin/cmake --install /home/xinzhu/sentry_ws/build/terrain_analysis
