[0.033s] Invoking command in '/home/xinzhu/sentry_ws/build/auto_aim_interfaces': CMAKE_PREFIX_PATH=${CMAKE_PREFIX_PATH}:/home/xinzhu/Desktop/sentry_ws/install/control_panel:/opt/ros/humble PS1=%F{green}%n@%m%f%F{white}:%f%F{blue}%~%f%F{white}$%f /usr/local/bin/cmake --build /home/xinzhu/sentry_ws/build/auto_aim_interfaces -- -j16 -l16
[0.349s] [  0%] Built target auto_aim_interfaces__cpp
[0.349s] [  0%] Built target ament_cmake_python_symlink_auto_aim_interfaces
[0.350s] [ 12%] Built target auto_aim_interfaces__rosidl_generator_c
[0.350s] [ 24%] Built target auto_aim_interfaces__rosidl_typesupport_cpp
[0.351s] [ 36%] Built target auto_aim_interfaces__rosidl_typesupport_introspection_cpp
[0.351s] [ 48%] Built target auto_aim_interfaces__rosidl_typesupport_c
[0.351s] [ 60%] Built target auto_aim_interfaces__rosidl_typesupport_fastrtps_c
[0.351s] [ 72%] Built target auto_aim_interfaces__rosidl_typesupport_fastrtps_cpp
[0.352s] [ 84%] Built target auto_aim_interfaces__rosidl_typesupport_introspection_c
[0.352s] [ 84%] Built target auto_aim_interfaces
[0.352s] [ 85%] Built target auto_aim_interfaces__py
[0.352s] [ 96%] Built target auto_aim_interfaces__rosidl_generator_py
[0.352s] [ 98%] Built target auto_aim_interfaces__rosidl_typesupport_introspection_c__pyext
[0.352s] [ 99%] Built target auto_aim_interfaces__rosidl_typesupport_fastrtps_c__pyext
[0.353s] [100%] Built target auto_aim_interfaces__rosidl_typesupport_c__pyext
[0.420s] running egg_info
[0.420s] writing auto_aim_interfaces.egg-info/PKG-INFO
[0.421s] writing dependency_links to auto_aim_interfaces.egg-info/dependency_links.txt
[0.421s] writing top-level names to auto_aim_interfaces.egg-info/top_level.txt
[0.421s] reading manifest file 'auto_aim_interfaces.egg-info/SOURCES.txt'
[0.421s] writing manifest file 'auto_aim_interfaces.egg-info/SOURCES.txt'
[0.459s] [100%] Built target ament_cmake_python_build_auto_aim_interfaces_egg
[0.525s] Invoked command in '/home/xinzhu/sentry_ws/build/auto_aim_interfaces' returned '0': CMAKE_PREFIX_PATH=${CMAKE_PREFIX_PATH}:/home/xinzhu/Desktop/sentry_ws/install/control_panel:/opt/ros/humble PS1=%F{green}%n@%m%f%F{white}:%f%F{blue}%~%f%F{white}$%f /usr/local/bin/cmake --build /home/xinzhu/sentry_ws/build/auto_aim_interfaces -- -j16 -l16
[0.526s] Invoking command in '/home/xinzhu/sentry_ws/build/auto_aim_interfaces': CMAKE_PREFIX_PATH=${CMAKE_PREFIX_PATH}:/home/xinzhu/Desktop/sentry_ws/install/control_panel:/opt/ros/humble PS1=%F{green}%n@%m%f%F{white}:%f%F{blue}%~%f%F{white}$%f /usr/local/bin/cmake --install /home/xinzhu/sentry_ws/build/auto_aim_interfaces
[0.571s] -- Install configuration: "Release"
[0.571s] -- Execute custom install script
[0.571s] -- Up-to-date symlink: /home/xinzhu/sentry_ws/install/auto_aim_interfaces/share/ament_index/resource_index/rosidl_interfaces/auto_aim_interfaces
[0.571s] -- Up-to-date symlink: /home/xinzhu/sentry_ws/install/auto_aim_interfaces/include/auto_aim_interfaces/auto_aim_interfaces/msg/armor.h
[0.571s] -- Up-to-date symlink: /home/xinzhu/sentry_ws/install/auto_aim_interfaces/include/auto_aim_interfaces/auto_aim_interfaces/msg/armors.h
[0.571s] -- Up-to-date symlink: /home/xinzhu/sentry_ws/install/auto_aim_interfaces/include/auto_aim_interfaces/auto_aim_interfaces/msg/chassis_cmd.h
[0.572s] -- Up-to-date symlink: /home/xinzhu/sentry_ws/install/auto_aim_interfaces/include/auto_aim_interfaces/auto_aim_interfaces/msg/debug_armor.h
[0.572s] -- Up-to-date symlink: /home/xinzhu/sentry_ws/install/auto_aim_interfaces/include/auto_aim_interfaces/auto_aim_interfaces/msg/debug_armors.h
[0.572s] -- Up-to-date symlink: /home/xinzhu/sentry_ws/install/auto_aim_interfaces/include/auto_aim_interfaces/auto_aim_interfaces/msg/debug_light.h
[0.572s] -- Up-to-date symlink: /home/xinzhu/sentry_ws/install/auto_aim_interfaces/include/auto_aim_interfaces/auto_aim_interfaces/msg/debug_lights.h
[0.572s] -- Up-to-date symlink: /home/xinzhu/sentry_ws/install/auto_aim_interfaces/include/auto_aim_interfaces/auto_aim_interfaces/msg/debug_rune_angle.h
[0.572s] -- Up-to-date symlink: /home/xinzhu/sentry_ws/install/auto_aim_interfaces/include/auto_aim_interfaces/auto_aim_interfaces/msg/detail/armor__functions.h
[0.572s] -- Up-to-date symlink: /home/xinzhu/sentry_ws/install/auto_aim_interfaces/include/auto_aim_interfaces/auto_aim_interfaces/msg/detail/armor__struct.h
[0.572s] -- Up-to-date symlink: /home/xinzhu/sentry_ws/install/auto_aim_interfaces/include/auto_aim_interfaces/auto_aim_interfaces/msg/detail/armor__type_support.h
[0.573s] -- Up-to-date symlink: /home/xinzhu/sentry_ws/install/auto_aim_interfaces/include/auto_aim_interfaces/auto_aim_interfaces/msg/detail/armors__functions.h
[0.573s] -- Up-to-date symlink: /home/xinzhu/sentry_ws/install/auto_aim_interfaces/include/auto_aim_interfaces/auto_aim_interfaces/msg/detail/armors__struct.h
[0.573s] -- Up-to-date symlink: /home/xinzhu/sentry_ws/install/auto_aim_interfaces/include/auto_aim_interfaces/auto_aim_interfaces/msg/detail/armors__type_support.h
[0.574s] -- Up-to-date symlink: /home/xinzhu/sentry_ws/install/auto_aim_interfaces/include/auto_aim_interfaces/auto_aim_interfaces/msg/detail/chassis_cmd__functions.h
[0.574s] -- Up-to-date symlink: /home/xinzhu/sentry_ws/install/auto_aim_interfaces/include/auto_aim_interfaces/auto_aim_interfaces/msg/detail/chassis_cmd__struct.h
[0.574s] -- Up-to-date symlink: /home/xinzhu/sentry_ws/install/auto_aim_interfaces/include/auto_aim_interfaces/auto_aim_interfaces/msg/detail/chassis_cmd__type_support.h
[0.574s] -- Up-to-date symlink: /home/xinzhu/sentry_ws/install/auto_aim_interfaces/include/auto_aim_interfaces/auto_aim_interfaces/msg/detail/debug_armor__functions.h
[0.574s] -- Up-to-date symlink: /home/xinzhu/sentry_ws/install/auto_aim_interfaces/include/auto_aim_interfaces/auto_aim_interfaces/msg/detail/debug_armor__struct.h
[0.574s] -- Up-to-date symlink: /home/xinzhu/sentry_ws/install/auto_aim_interfaces/include/auto_aim_interfaces/auto_aim_interfaces/msg/detail/debug_armor__type_support.h
[0.574s] -- Up-to-date symlink: /home/xinzhu/sentry_ws/install/auto_aim_interfaces/include/auto_aim_interfaces/auto_aim_interfaces/msg/detail/debug_armors__functions.h
[0.574s] -- Up-to-date symlink: /home/xinzhu/sentry_ws/install/auto_aim_interfaces/include/auto_aim_interfaces/auto_aim_interfaces/msg/detail/debug_armors__struct.h
[0.574s] -- Up-to-date symlink: /home/xinzhu/sentry_ws/install/auto_aim_interfaces/include/auto_aim_interfaces/auto_aim_interfaces/msg/detail/debug_armors__type_support.h
[0.574s] -- Up-to-date symlink: /home/xinzhu/sentry_ws/install/auto_aim_interfaces/include/auto_aim_interfaces/auto_aim_interfaces/msg/detail/debug_light__functions.h
[0.574s] -- Up-to-date symlink: /home/xinzhu/sentry_ws/install/auto_aim_interfaces/include/auto_aim_interfaces/auto_aim_interfaces/msg/detail/debug_light__struct.h
[0.574s] -- Up-to-date symlink: /home/xinzhu/sentry_ws/install/auto_aim_interfaces/include/auto_aim_interfaces/auto_aim_interfaces/msg/detail/debug_light__type_support.h
[0.575s] -- Up-to-date symlink: /home/xinzhu/sentry_ws/install/auto_aim_interfaces/include/auto_aim_interfaces/auto_aim_interfaces/msg/detail/debug_lights__functions.h
[0.575s] -- Up-to-date symlink: /home/xinzhu/sentry_ws/install/auto_aim_interfaces/include/auto_aim_interfaces/auto_aim_interfaces/msg/detail/debug_lights__struct.h
[0.575s] -- Up-to-date symlink: /home/xinzhu/sentry_ws/install/auto_aim_interfaces/include/auto_aim_interfaces/auto_aim_interfaces/msg/detail/debug_lights__type_support.h
[0.576s] -- Up-to-date symlink: /home/xinzhu/sentry_ws/install/auto_aim_interfaces/include/auto_aim_interfaces/auto_aim_interfaces/msg/detail/debug_rune_angle__functions.h
[0.576s] -- Up-to-date symlink: /home/xinzhu/sentry_ws/install/auto_aim_interfaces/include/auto_aim_interfaces/auto_aim_interfaces/msg/detail/debug_rune_angle__struct.h
[0.576s] -- Up-to-date symlink: /home/xinzhu/sentry_ws/install/auto_aim_interfaces/include/auto_aim_interfaces/auto_aim_interfaces/msg/detail/debug_rune_angle__type_support.h
[0.576s] -- Up-to-date symlink: /home/xinzhu/sentry_ws/install/auto_aim_interfaces/include/auto_aim_interfaces/auto_aim_interfaces/msg/detail/gimbal_cmd__functions.h
[0.576s] -- Up-to-date symlink: /home/xinzhu/sentry_ws/install/auto_aim_interfaces/include/auto_aim_interfaces/auto_aim_interfaces/msg/detail/gimbal_cmd__struct.h
[0.576s] -- Up-to-date symlink: /home/xinzhu/sentry_ws/install/auto_aim_interfaces/include/auto_aim_interfaces/auto_aim_interfaces/msg/detail/gimbal_cmd__type_support.h
[0.576s] -- Up-to-date symlink: /home/xinzhu/sentry_ws/install/auto_aim_interfaces/include/auto_aim_interfaces/auto_aim_interfaces/msg/detail/judge_system_data__functions.h
[0.576s] -- Up-to-date symlink: /home/xinzhu/sentry_ws/install/auto_aim_interfaces/include/auto_aim_interfaces/auto_aim_interfaces/msg/detail/judge_system_data__struct.h
[0.577s] -- Up-to-date symlink: /home/xinzhu/sentry_ws/install/auto_aim_interfaces/include/auto_aim_interfaces/auto_aim_interfaces/msg/detail/judge_system_data__type_support.h
[0.577s] -- Up-to-date symlink: /home/xinzhu/sentry_ws/install/auto_aim_interfaces/include/auto_aim_interfaces/auto_aim_interfaces/msg/detail/measurement__functions.h
[0.577s] -- Up-to-date symlink: /home/xinzhu/sentry_ws/install/auto_aim_interfaces/include/auto_aim_interfaces/auto_aim_interfaces/msg/detail/measurement__struct.h
[0.577s] -- Up-to-date symlink: /home/xinzhu/sentry_ws/install/auto_aim_interfaces/include/auto_aim_interfaces/auto_aim_interfaces/msg/detail/measurement__type_support.h
[0.577s] -- Up-to-date symlink: /home/xinzhu/sentry_ws/install/auto_aim_interfaces/include/auto_aim_interfaces/auto_aim_interfaces/msg/detail/operator_command__functions.h
[0.578s] -- Up-to-date symlink: /home/xinzhu/sentry_ws/install/auto_aim_interfaces/include/auto_aim_interfaces/auto_aim_interfaces/msg/detail/operator_command__struct.h
[0.578s] -- Up-to-date symlink: /home/xinzhu/sentry_ws/install/auto_aim_interfaces/include/auto_aim_interfaces/auto_aim_interfaces/msg/detail/operator_command__type_support.h
[0.578s] -- Up-to-date symlink: /home/xinzhu/sentry_ws/install/auto_aim_interfaces/include/auto_aim_interfaces/auto_aim_interfaces/msg/detail/point2d__functions.h
[0.578s] -- Up-to-date symlink: /home/xinzhu/sentry_ws/install/auto_aim_interfaces/include/auto_aim_interfaces/auto_aim_interfaces/msg/detail/point2d__struct.h
[0.578s] -- Up-to-date symlink: /home/xinzhu/sentry_ws/install/auto_aim_interfaces/include/auto_aim_interfaces/auto_aim_interfaces/msg/detail/point2d__type_support.h
[0.578s] -- Up-to-date symlink: /home/xinzhu/sentry_ws/install/auto_aim_interfaces/include/auto_aim_interfaces/auto_aim_interfaces/msg/detail/rune_target__functions.h
[0.578s] -- Up-to-date symlink: /home/xinzhu/sentry_ws/install/auto_aim_interfaces/include/auto_aim_interfaces/auto_aim_interfaces/msg/detail/rune_target__struct.h
[0.579s] -- Up-to-date symlink: /home/xinzhu/sentry_ws/install/auto_aim_interfaces/include/auto_aim_interfaces/auto_aim_interfaces/msg/detail/rune_target__type_support.h
[0.579s] -- Up-to-date symlink: /home/xinzhu/sentry_ws/install/auto_aim_interfaces/include/auto_aim_interfaces/auto_aim_interfaces/msg/detail/serial_receive_data__functions.h
[0.579s] -- Up-to-date symlink: /home/xinzhu/sentry_ws/install/auto_aim_interfaces/include/auto_aim_interfaces/auto_aim_interfaces/msg/detail/serial_receive_data__struct.h
[0.579s] -- Up-to-date symlink: /home/xinzhu/sentry_ws/install/auto_aim_interfaces/include/auto_aim_interfaces/auto_aim_interfaces/msg/detail/serial_receive_data__type_support.h
[0.579s] -- Up-to-date symlink: /home/xinzhu/sentry_ws/install/auto_aim_interfaces/include/auto_aim_interfaces/auto_aim_interfaces/msg/detail/target__functions.h
[0.579s] -- Up-to-date symlink: /home/xinzhu/sentry_ws/install/auto_aim_interfaces/include/auto_aim_interfaces/auto_aim_interfaces/msg/detail/target__struct.h
[0.579s] -- Up-to-date symlink: /home/xinzhu/sentry_ws/install/auto_aim_interfaces/include/auto_aim_interfaces/auto_aim_interfaces/msg/detail/target__type_support.h
[0.579s] -- Up-to-date symlink: /home/xinzhu/sentry_ws/install/auto_aim_interfaces/include/auto_aim_interfaces/auto_aim_interfaces/msg/gimbal_cmd.h
[0.580s] -- Up-to-date symlink: /home/xinzhu/sentry_ws/install/auto_aim_interfaces/include/auto_aim_interfaces/auto_aim_interfaces/msg/judge_system_data.h
[0.580s] -- Up-to-date symlink: /home/xinzhu/sentry_ws/install/auto_aim_interfaces/include/auto_aim_interfaces/auto_aim_interfaces/msg/measurement.h
[0.580s] -- Up-to-date symlink: /home/xinzhu/sentry_ws/install/auto_aim_interfaces/include/auto_aim_interfaces/auto_aim_interfaces/msg/operator_command.h
[0.580s] -- Up-to-date symlink: /home/xinzhu/sentry_ws/install/auto_aim_interfaces/include/auto_aim_interfaces/auto_aim_interfaces/msg/point2d.h
[0.580s] -- Up-to-date symlink: /home/xinzhu/sentry_ws/install/auto_aim_interfaces/include/auto_aim_interfaces/auto_aim_interfaces/msg/rosidl_generator_c__visibility_control.h
[0.580s] -- Up-to-date symlink: /home/xinzhu/sentry_ws/install/auto_aim_interfaces/include/auto_aim_interfaces/auto_aim_interfaces/msg/rune_target.h
[0.580s] -- Up-to-date symlink: /home/xinzhu/sentry_ws/install/auto_aim_interfaces/include/auto_aim_interfaces/auto_aim_interfaces/msg/serial_receive_data.h
[0.580s] -- Up-to-date symlink: /home/xinzhu/sentry_ws/install/auto_aim_interfaces/include/auto_aim_interfaces/auto_aim_interfaces/msg/target.h
[0.580s] -- Up-to-date symlink: /home/xinzhu/sentry_ws/install/auto_aim_interfaces/include/auto_aim_interfaces/auto_aim_interfaces/srv/detail/set_mode__functions.h
[0.581s] -- Up-to-date symlink: /home/xinzhu/sentry_ws/install/auto_aim_interfaces/include/auto_aim_interfaces/auto_aim_interfaces/srv/detail/set_mode__struct.h
[0.581s] -- Up-to-date symlink: /home/xinzhu/sentry_ws/install/auto_aim_interfaces/include/auto_aim_interfaces/auto_aim_interfaces/srv/detail/set_mode__type_support.h
[0.581s] -- Up-to-date symlink: /home/xinzhu/sentry_ws/install/auto_aim_interfaces/include/auto_aim_interfaces/auto_aim_interfaces/srv/set_mode.h
[0.581s] -- Up-to-date symlink: /home/xinzhu/sentry_ws/install/auto_aim_interfaces/share/auto_aim_interfaces/environment/library_path.sh
[0.581s] -- Up-to-date symlink: /home/xinzhu/sentry_ws/install/auto_aim_interfaces/share/auto_aim_interfaces/environment/library_path.dsv
[0.581s] -- Up-to-date symlink: /home/xinzhu/sentry_ws/install/auto_aim_interfaces/include/auto_aim_interfaces/auto_aim_interfaces/msg/detail/armor__rosidl_typesupport_fastrtps_c.h
[0.581s] -- Up-to-date symlink: /home/xinzhu/sentry_ws/install/auto_aim_interfaces/include/auto_aim_interfaces/auto_aim_interfaces/msg/detail/armors__rosidl_typesupport_fastrtps_c.h
[0.581s] -- Up-to-date symlink: /home/xinzhu/sentry_ws/install/auto_aim_interfaces/include/auto_aim_interfaces/auto_aim_interfaces/msg/detail/chassis_cmd__rosidl_typesupport_fastrtps_c.h
[0.581s] -- Up-to-date symlink: /home/xinzhu/sentry_ws/install/auto_aim_interfaces/include/auto_aim_interfaces/auto_aim_interfaces/msg/detail/debug_armor__rosidl_typesupport_fastrtps_c.h
[0.582s] -- Up-to-date symlink: /home/xinzhu/sentry_ws/install/auto_aim_interfaces/include/auto_aim_interfaces/auto_aim_interfaces/msg/detail/debug_armors__rosidl_typesupport_fastrtps_c.h
[0.582s] -- Up-to-date symlink: /home/xinzhu/sentry_ws/install/auto_aim_interfaces/include/auto_aim_interfaces/auto_aim_interfaces/msg/detail/debug_light__rosidl_typesupport_fastrtps_c.h
[0.582s] -- Up-to-date symlink: /home/xinzhu/sentry_ws/install/auto_aim_interfaces/include/auto_aim_interfaces/auto_aim_interfaces/msg/detail/debug_lights__rosidl_typesupport_fastrtps_c.h
[0.582s] -- Up-to-date symlink: /home/xinzhu/sentry_ws/install/auto_aim_interfaces/include/auto_aim_interfaces/auto_aim_interfaces/msg/detail/debug_rune_angle__rosidl_typesupport_fastrtps_c.h
[0.582s] -- Up-to-date symlink: /home/xinzhu/sentry_ws/install/auto_aim_interfaces/include/auto_aim_interfaces/auto_aim_interfaces/msg/detail/gimbal_cmd__rosidl_typesupport_fastrtps_c.h
[0.582s] -- Up-to-date symlink: /home/xinzhu/sentry_ws/install/auto_aim_interfaces/include/auto_aim_interfaces/auto_aim_interfaces/msg/detail/judge_system_data__rosidl_typesupport_fastrtps_c.h
[0.582s] -- Up-to-date symlink: /home/xinzhu/sentry_ws/install/auto_aim_interfaces/include/auto_aim_interfaces/auto_aim_interfaces/msg/detail/measurement__rosidl_typesupport_fastrtps_c.h
[0.583s] -- Up-to-date symlink: /home/xinzhu/sentry_ws/install/auto_aim_interfaces/include/auto_aim_interfaces/auto_aim_interfaces/msg/detail/operator_command__rosidl_typesupport_fastrtps_c.h
[0.583s] -- Up-to-date symlink: /home/xinzhu/sentry_ws/install/auto_aim_interfaces/include/auto_aim_interfaces/auto_aim_interfaces/msg/detail/point2d__rosidl_typesupport_fastrtps_c.h
[0.583s] -- Up-to-date symlink: /home/xinzhu/sentry_ws/install/auto_aim_interfaces/include/auto_aim_interfaces/auto_aim_interfaces/msg/detail/rune_target__rosidl_typesupport_fastrtps_c.h
[0.583s] -- Up-to-date symlink: /home/xinzhu/sentry_ws/install/auto_aim_interfaces/include/auto_aim_interfaces/auto_aim_interfaces/msg/detail/serial_receive_data__rosidl_typesupport_fastrtps_c.h
[0.583s] -- Up-to-date symlink: /home/xinzhu/sentry_ws/install/auto_aim_interfaces/include/auto_aim_interfaces/auto_aim_interfaces/msg/detail/target__rosidl_typesupport_fastrtps_c.h
[0.584s] -- Up-to-date symlink: /home/xinzhu/sentry_ws/install/auto_aim_interfaces/include/auto_aim_interfaces/auto_aim_interfaces/msg/rosidl_typesupport_fastrtps_c__visibility_control.h
[0.584s] -- Up-to-date symlink: /home/xinzhu/sentry_ws/install/auto_aim_interfaces/include/auto_aim_interfaces/auto_aim_interfaces/srv/detail/set_mode__rosidl_typesupport_fastrtps_c.h
[0.584s] -- Up-to-date symlink: /home/xinzhu/sentry_ws/install/auto_aim_interfaces/include/auto_aim_interfaces/auto_aim_interfaces/msg/detail/armor__rosidl_typesupport_introspection_c.h
[0.585s] -- Up-to-date symlink: /home/xinzhu/sentry_ws/install/auto_aim_interfaces/include/auto_aim_interfaces/auto_aim_interfaces/msg/detail/armors__rosidl_typesupport_introspection_c.h
[0.585s] -- Up-to-date symlink: /home/xinzhu/sentry_ws/install/auto_aim_interfaces/include/auto_aim_interfaces/auto_aim_interfaces/msg/detail/chassis_cmd__rosidl_typesupport_introspection_c.h
[0.585s] -- Up-to-date symlink: /home/xinzhu/sentry_ws/install/auto_aim_interfaces/include/auto_aim_interfaces/auto_aim_interfaces/msg/detail/debug_armor__rosidl_typesupport_introspection_c.h
[0.585s] -- Up-to-date symlink: /home/xinzhu/sentry_ws/install/auto_aim_interfaces/include/auto_aim_interfaces/auto_aim_interfaces/msg/detail/debug_armors__rosidl_typesupport_introspection_c.h
[0.586s] -- Up-to-date symlink: /home/xinzhu/sentry_ws/install/auto_aim_interfaces/include/auto_aim_interfaces/auto_aim_interfaces/msg/detail/debug_light__rosidl_typesupport_introspection_c.h
[0.586s] -- Up-to-date symlink: /home/xinzhu/sentry_ws/install/auto_aim_interfaces/include/auto_aim_interfaces/auto_aim_interfaces/msg/detail/debug_lights__rosidl_typesupport_introspection_c.h
[0.587s] -- Up-to-date symlink: /home/xinzhu/sentry_ws/install/auto_aim_interfaces/include/auto_aim_interfaces/auto_aim_interfaces/msg/detail/debug_rune_angle__rosidl_typesupport_introspection_c.h
[0.587s] -- Up-to-date symlink: /home/xinzhu/sentry_ws/install/auto_aim_interfaces/include/auto_aim_interfaces/auto_aim_interfaces/msg/detail/gimbal_cmd__rosidl_typesupport_introspection_c.h
[0.587s] -- Up-to-date symlink: /home/xinzhu/sentry_ws/install/auto_aim_interfaces/include/auto_aim_interfaces/auto_aim_interfaces/msg/detail/judge_system_data__rosidl_typesupport_introspection_c.h
[0.588s] -- Up-to-date symlink: /home/xinzhu/sentry_ws/install/auto_aim_interfaces/include/auto_aim_interfaces/auto_aim_interfaces/msg/detail/measurement__rosidl_typesupport_introspection_c.h
[0.589s] -- Up-to-date symlink: /home/xinzhu/sentry_ws/install/auto_aim_interfaces/include/auto_aim_interfaces/auto_aim_interfaces/msg/detail/operator_command__rosidl_typesupport_introspection_c.h
[0.589s] -- Up-to-date symlink: /home/xinzhu/sentry_ws/install/auto_aim_interfaces/include/auto_aim_interfaces/auto_aim_interfaces/msg/detail/point2d__rosidl_typesupport_introspection_c.h
[0.589s] -- Up-to-date symlink: /home/xinzhu/sentry_ws/install/auto_aim_interfaces/include/auto_aim_interfaces/auto_aim_interfaces/msg/detail/rune_target__rosidl_typesupport_introspection_c.h
[0.589s] -- Up-to-date symlink: /home/xinzhu/sentry_ws/install/auto_aim_interfaces/include/auto_aim_interfaces/auto_aim_interfaces/msg/detail/serial_receive_data__rosidl_typesupport_introspection_c.h
[0.589s] -- Up-to-date symlink: /home/xinzhu/sentry_ws/install/auto_aim_interfaces/include/auto_aim_interfaces/auto_aim_interfaces/msg/detail/target__rosidl_typesupport_introspection_c.h
[0.589s] -- Up-to-date symlink: /home/xinzhu/sentry_ws/install/auto_aim_interfaces/include/auto_aim_interfaces/auto_aim_interfaces/msg/rosidl_typesupport_introspection_c__visibility_control.h
[0.589s] -- Up-to-date symlink: /home/xinzhu/sentry_ws/install/auto_aim_interfaces/include/auto_aim_interfaces/auto_aim_interfaces/srv/detail/set_mode__rosidl_typesupport_introspection_c.h
[0.590s] -- Up-to-date symlink: /home/xinzhu/sentry_ws/install/auto_aim_interfaces/include/auto_aim_interfaces/auto_aim_interfaces/msg/armor.hpp
[0.590s] -- Up-to-date symlink: /home/xinzhu/sentry_ws/install/auto_aim_interfaces/include/auto_aim_interfaces/auto_aim_interfaces/msg/armors.hpp
[0.590s] -- Up-to-date symlink: /home/xinzhu/sentry_ws/install/auto_aim_interfaces/include/auto_aim_interfaces/auto_aim_interfaces/msg/chassis_cmd.hpp
[0.590s] -- Up-to-date symlink: /home/xinzhu/sentry_ws/install/auto_aim_interfaces/include/auto_aim_interfaces/auto_aim_interfaces/msg/debug_armor.hpp
[0.590s] -- Up-to-date symlink: /home/xinzhu/sentry_ws/install/auto_aim_interfaces/include/auto_aim_interfaces/auto_aim_interfaces/msg/debug_armors.hpp
[0.590s] -- Up-to-date symlink: /home/xinzhu/sentry_ws/install/auto_aim_interfaces/include/auto_aim_interfaces/auto_aim_interfaces/msg/debug_light.hpp
[0.590s] -- Up-to-date symlink: /home/xinzhu/sentry_ws/install/auto_aim_interfaces/include/auto_aim_interfaces/auto_aim_interfaces/msg/debug_lights.hpp
[0.590s] -- Up-to-date symlink: /home/xinzhu/sentry_ws/install/auto_aim_interfaces/include/auto_aim_interfaces/auto_aim_interfaces/msg/debug_rune_angle.hpp
[0.591s] -- Up-to-date symlink: /home/xinzhu/sentry_ws/install/auto_aim_interfaces/include/auto_aim_interfaces/auto_aim_interfaces/msg/detail/armor__builder.hpp
[0.591s] -- Up-to-date symlink: /home/xinzhu/sentry_ws/install/auto_aim_interfaces/include/auto_aim_interfaces/auto_aim_interfaces/msg/detail/armor__struct.hpp
[0.591s] -- Up-to-date symlink: /home/xinzhu/sentry_ws/install/auto_aim_interfaces/include/auto_aim_interfaces/auto_aim_interfaces/msg/detail/armor__traits.hpp
[0.591s] -- Up-to-date symlink: /home/xinzhu/sentry_ws/install/auto_aim_interfaces/include/auto_aim_interfaces/auto_aim_interfaces/msg/detail/armor__type_support.hpp
[0.591s] -- Up-to-date symlink: /home/xinzhu/sentry_ws/install/auto_aim_interfaces/include/auto_aim_interfaces/auto_aim_interfaces/msg/detail/armors__builder.hpp
[0.591s] -- Up-to-date symlink: /home/xinzhu/sentry_ws/install/auto_aim_interfaces/include/auto_aim_interfaces/auto_aim_interfaces/msg/detail/armors__struct.hpp
[0.591s] -- Up-to-date symlink: /home/xinzhu/sentry_ws/install/auto_aim_interfaces/include/auto_aim_interfaces/auto_aim_interfaces/msg/detail/armors__traits.hpp
[0.592s] -- Up-to-date symlink: /home/xinzhu/sentry_ws/install/auto_aim_interfaces/include/auto_aim_interfaces/auto_aim_interfaces/msg/detail/armors__type_support.hpp
[0.592s] -- Up-to-date symlink: /home/xinzhu/sentry_ws/install/auto_aim_interfaces/include/auto_aim_interfaces/auto_aim_interfaces/msg/detail/chassis_cmd__builder.hpp
[0.592s] -- Up-to-date symlink: /home/xinzhu/sentry_ws/install/auto_aim_interfaces/include/auto_aim_interfaces/auto_aim_interfaces/msg/detail/chassis_cmd__struct.hpp
[0.592s] -- Up-to-date symlink: /home/xinzhu/sentry_ws/install/auto_aim_interfaces/include/auto_aim_interfaces/auto_aim_interfaces/msg/detail/chassis_cmd__traits.hpp
[0.592s] -- Up-to-date symlink: /home/xinzhu/sentry_ws/install/auto_aim_interfaces/include/auto_aim_interfaces/auto_aim_interfaces/msg/detail/chassis_cmd__type_support.hpp
[0.592s] -- Up-to-date symlink: /home/xinzhu/sentry_ws/install/auto_aim_interfaces/include/auto_aim_interfaces/auto_aim_interfaces/msg/detail/debug_armor__builder.hpp
[0.593s] -- Up-to-date symlink: /home/xinzhu/sentry_ws/install/auto_aim_interfaces/include/auto_aim_interfaces/auto_aim_interfaces/msg/detail/debug_armor__struct.hpp
[0.593s] -- Up-to-date symlink: /home/xinzhu/sentry_ws/install/auto_aim_interfaces/include/auto_aim_interfaces/auto_aim_interfaces/msg/detail/debug_armor__traits.hpp
[0.593s] -- Up-to-date symlink: /home/xinzhu/sentry_ws/install/auto_aim_interfaces/include/auto_aim_interfaces/auto_aim_interfaces/msg/detail/debug_armor__type_support.hpp
[0.593s] -- Up-to-date symlink: /home/xinzhu/sentry_ws/install/auto_aim_interfaces/include/auto_aim_interfaces/auto_aim_interfaces/msg/detail/debug_armors__builder.hpp
[0.593s] -- Up-to-date symlink: /home/xinzhu/sentry_ws/install/auto_aim_interfaces/include/auto_aim_interfaces/auto_aim_interfaces/msg/detail/debug_armors__struct.hpp
[0.593s] -- Up-to-date symlink: /home/xinzhu/sentry_ws/install/auto_aim_interfaces/include/auto_aim_interfaces/auto_aim_interfaces/msg/detail/debug_armors__traits.hpp
[0.593s] -- Up-to-date symlink: /home/xinzhu/sentry_ws/install/auto_aim_interfaces/include/auto_aim_interfaces/auto_aim_interfaces/msg/detail/debug_armors__type_support.hpp
[0.594s] -- Up-to-date symlink: /home/xinzhu/sentry_ws/install/auto_aim_interfaces/include/auto_aim_interfaces/auto_aim_interfaces/msg/detail/debug_light__builder.hpp
[0.594s] -- Up-to-date symlink: /home/xinzhu/sentry_ws/install/auto_aim_interfaces/include/auto_aim_interfaces/auto_aim_interfaces/msg/detail/debug_light__struct.hpp
[0.594s] -- Up-to-date symlink: /home/xinzhu/sentry_ws/install/auto_aim_interfaces/include/auto_aim_interfaces/auto_aim_interfaces/msg/detail/debug_light__traits.hpp
[0.594s] -- Up-to-date symlink: /home/xinzhu/sentry_ws/install/auto_aim_interfaces/include/auto_aim_interfaces/auto_aim_interfaces/msg/detail/debug_light__type_support.hpp
[0.594s] -- Up-to-date symlink: /home/xinzhu/sentry_ws/install/auto_aim_interfaces/include/auto_aim_interfaces/auto_aim_interfaces/msg/detail/debug_lights__builder.hpp
[0.594s] -- Up-to-date symlink: /home/xinzhu/sentry_ws/install/auto_aim_interfaces/include/auto_aim_interfaces/auto_aim_interfaces/msg/detail/debug_lights__struct.hpp
[0.595s] -- Up-to-date symlink: /home/xinzhu/sentry_ws/install/auto_aim_interfaces/include/auto_aim_interfaces/auto_aim_interfaces/msg/detail/debug_lights__traits.hpp
[0.595s] -- Up-to-date symlink: /home/xinzhu/sentry_ws/install/auto_aim_interfaces/include/auto_aim_interfaces/auto_aim_interfaces/msg/detail/debug_lights__type_support.hpp
[0.595s] -- Up-to-date symlink: /home/xinzhu/sentry_ws/install/auto_aim_interfaces/include/auto_aim_interfaces/auto_aim_interfaces/msg/detail/debug_rune_angle__builder.hpp
[0.596s] -- Up-to-date symlink: /home/xinzhu/sentry_ws/install/auto_aim_interfaces/include/auto_aim_interfaces/auto_aim_interfaces/msg/detail/debug_rune_angle__struct.hpp
[0.596s] -- Up-to-date symlink: /home/xinzhu/sentry_ws/install/auto_aim_interfaces/include/auto_aim_interfaces/auto_aim_interfaces/msg/detail/debug_rune_angle__traits.hpp
[0.596s] -- Up-to-date symlink: /home/xinzhu/sentry_ws/install/auto_aim_interfaces/include/auto_aim_interfaces/auto_aim_interfaces/msg/detail/debug_rune_angle__type_support.hpp
[0.596s] -- Up-to-date symlink: /home/xinzhu/sentry_ws/install/auto_aim_interfaces/include/auto_aim_interfaces/auto_aim_interfaces/msg/detail/gimbal_cmd__builder.hpp
[0.596s] -- Up-to-date symlink: /home/xinzhu/sentry_ws/install/auto_aim_interfaces/include/auto_aim_interfaces/auto_aim_interfaces/msg/detail/gimbal_cmd__struct.hpp
[0.596s] -- Up-to-date symlink: /home/xinzhu/sentry_ws/install/auto_aim_interfaces/include/auto_aim_interfaces/auto_aim_interfaces/msg/detail/gimbal_cmd__traits.hpp
[0.596s] -- Up-to-date symlink: /home/xinzhu/sentry_ws/install/auto_aim_interfaces/include/auto_aim_interfaces/auto_aim_interfaces/msg/detail/gimbal_cmd__type_support.hpp
[0.596s] -- Up-to-date symlink: /home/xinzhu/sentry_ws/install/auto_aim_interfaces/include/auto_aim_interfaces/auto_aim_interfaces/msg/detail/judge_system_data__builder.hpp
[0.596s] -- Up-to-date symlink: /home/xinzhu/sentry_ws/install/auto_aim_interfaces/include/auto_aim_interfaces/auto_aim_interfaces/msg/detail/judge_system_data__struct.hpp
[0.596s] -- Up-to-date symlink: /home/xinzhu/sentry_ws/install/auto_aim_interfaces/include/auto_aim_interfaces/auto_aim_interfaces/msg/detail/judge_system_data__traits.hpp
[0.596s] -- Up-to-date symlink: /home/xinzhu/sentry_ws/install/auto_aim_interfaces/include/auto_aim_interfaces/auto_aim_interfaces/msg/detail/judge_system_data__type_support.hpp
[0.597s] -- Up-to-date symlink: /home/xinzhu/sentry_ws/install/auto_aim_interfaces/include/auto_aim_interfaces/auto_aim_interfaces/msg/detail/measurement__builder.hpp
[0.597s] -- Up-to-date symlink: /home/xinzhu/sentry_ws/install/auto_aim_interfaces/include/auto_aim_interfaces/auto_aim_interfaces/msg/detail/measurement__struct.hpp
[0.597s] -- Up-to-date symlink: /home/xinzhu/sentry_ws/install/auto_aim_interfaces/include/auto_aim_interfaces/auto_aim_interfaces/msg/detail/measurement__traits.hpp
[0.597s] -- Up-to-date symlink: /home/xinzhu/sentry_ws/install/auto_aim_interfaces/include/auto_aim_interfaces/auto_aim_interfaces/msg/detail/measurement__type_support.hpp
[0.597s] -- Up-to-date symlink: /home/xinzhu/sentry_ws/install/auto_aim_interfaces/include/auto_aim_interfaces/auto_aim_interfaces/msg/detail/operator_command__builder.hpp
[0.597s] -- Up-to-date symlink: /home/xinzhu/sentry_ws/install/auto_aim_interfaces/include/auto_aim_interfaces/auto_aim_interfaces/msg/detail/operator_command__struct.hpp
[0.597s] -- Up-to-date symlink: /home/xinzhu/sentry_ws/install/auto_aim_interfaces/include/auto_aim_interfaces/auto_aim_interfaces/msg/detail/operator_command__traits.hpp
[0.597s] -- Up-to-date symlink: /home/xinzhu/sentry_ws/install/auto_aim_interfaces/include/auto_aim_interfaces/auto_aim_interfaces/msg/detail/operator_command__type_support.hpp
[0.597s] -- Up-to-date symlink: /home/xinzhu/sentry_ws/install/auto_aim_interfaces/include/auto_aim_interfaces/auto_aim_interfaces/msg/detail/point2d__builder.hpp
[0.597s] -- Up-to-date symlink: /home/xinzhu/sentry_ws/install/auto_aim_interfaces/include/auto_aim_interfaces/auto_aim_interfaces/msg/detail/point2d__struct.hpp
[0.598s] -- Up-to-date symlink: /home/xinzhu/sentry_ws/install/auto_aim_interfaces/include/auto_aim_interfaces/auto_aim_interfaces/msg/detail/point2d__traits.hpp
[0.598s] -- Up-to-date symlink: /home/xinzhu/sentry_ws/install/auto_aim_interfaces/include/auto_aim_interfaces/auto_aim_interfaces/msg/detail/point2d__type_support.hpp
[0.598s] -- Up-to-date symlink: /home/xinzhu/sentry_ws/install/auto_aim_interfaces/include/auto_aim_interfaces/auto_aim_interfaces/msg/detail/rune_target__builder.hpp
[0.598s] -- Up-to-date symlink: /home/xinzhu/sentry_ws/install/auto_aim_interfaces/include/auto_aim_interfaces/auto_aim_interfaces/msg/detail/rune_target__struct.hpp
[0.598s] -- Up-to-date symlink: /home/xinzhu/sentry_ws/install/auto_aim_interfaces/include/auto_aim_interfaces/auto_aim_interfaces/msg/detail/rune_target__traits.hpp
[0.598s] -- Up-to-date symlink: /home/xinzhu/sentry_ws/install/auto_aim_interfaces/include/auto_aim_interfaces/auto_aim_interfaces/msg/detail/rune_target__type_support.hpp
[0.598s] -- Up-to-date symlink: /home/xinzhu/sentry_ws/install/auto_aim_interfaces/include/auto_aim_interfaces/auto_aim_interfaces/msg/detail/serial_receive_data__builder.hpp
[0.598s] -- Up-to-date symlink: /home/xinzhu/sentry_ws/install/auto_aim_interfaces/include/auto_aim_interfaces/auto_aim_interfaces/msg/detail/serial_receive_data__struct.hpp
[0.598s] -- Up-to-date symlink: /home/xinzhu/sentry_ws/install/auto_aim_interfaces/include/auto_aim_interfaces/auto_aim_interfaces/msg/detail/serial_receive_data__traits.hpp
[0.599s] -- Up-to-date symlink: /home/xinzhu/sentry_ws/install/auto_aim_interfaces/include/auto_aim_interfaces/auto_aim_interfaces/msg/detail/serial_receive_data__type_support.hpp
[0.599s] -- Up-to-date symlink: /home/xinzhu/sentry_ws/install/auto_aim_interfaces/include/auto_aim_interfaces/auto_aim_interfaces/msg/detail/target__builder.hpp
[0.599s] -- Up-to-date symlink: /home/xinzhu/sentry_ws/install/auto_aim_interfaces/include/auto_aim_interfaces/auto_aim_interfaces/msg/detail/target__struct.hpp
[0.599s] -- Up-to-date symlink: /home/xinzhu/sentry_ws/install/auto_aim_interfaces/include/auto_aim_interfaces/auto_aim_interfaces/msg/detail/target__traits.hpp
[0.599s] -- Up-to-date symlink: /home/xinzhu/sentry_ws/install/auto_aim_interfaces/include/auto_aim_interfaces/auto_aim_interfaces/msg/detail/target__type_support.hpp
[0.599s] -- Up-to-date symlink: /home/xinzhu/sentry_ws/install/auto_aim_interfaces/include/auto_aim_interfaces/auto_aim_interfaces/msg/gimbal_cmd.hpp
[0.599s] -- Up-to-date symlink: /home/xinzhu/sentry_ws/install/auto_aim_interfaces/include/auto_aim_interfaces/auto_aim_interfaces/msg/judge_system_data.hpp
[0.599s] -- Up-to-date symlink: /home/xinzhu/sentry_ws/install/auto_aim_interfaces/include/auto_aim_interfaces/auto_aim_interfaces/msg/measurement.hpp
[0.600s] -- Up-to-date symlink: /home/xinzhu/sentry_ws/install/auto_aim_interfaces/include/auto_aim_interfaces/auto_aim_interfaces/msg/operator_command.hpp
[0.600s] -- Up-to-date symlink: /home/xinzhu/sentry_ws/install/auto_aim_interfaces/include/auto_aim_interfaces/auto_aim_interfaces/msg/point2d.hpp
[0.600s] -- Up-to-date symlink: /home/xinzhu/sentry_ws/install/auto_aim_interfaces/include/auto_aim_interfaces/auto_aim_interfaces/msg/rosidl_generator_cpp__visibility_control.hpp
[0.600s] -- Up-to-date symlink: /home/xinzhu/sentry_ws/install/auto_aim_interfaces/include/auto_aim_interfaces/auto_aim_interfaces/msg/rune_target.hpp
[0.600s] -- Up-to-date symlink: /home/xinzhu/sentry_ws/install/auto_aim_interfaces/include/auto_aim_interfaces/auto_aim_interfaces/msg/serial_receive_data.hpp
[0.600s] -- Up-to-date symlink: /home/xinzhu/sentry_ws/install/auto_aim_interfaces/include/auto_aim_interfaces/auto_aim_interfaces/msg/target.hpp
[0.600s] -- Up-to-date symlink: /home/xinzhu/sentry_ws/install/auto_aim_interfaces/include/auto_aim_interfaces/auto_aim_interfaces/srv/detail/set_mode__builder.hpp
[0.600s] -- Up-to-date symlink: /home/xinzhu/sentry_ws/install/auto_aim_interfaces/include/auto_aim_interfaces/auto_aim_interfaces/srv/detail/set_mode__struct.hpp
[0.600s] -- Up-to-date symlink: /home/xinzhu/sentry_ws/install/auto_aim_interfaces/include/auto_aim_interfaces/auto_aim_interfaces/srv/detail/set_mode__traits.hpp
[0.600s] -- Up-to-date symlink: /home/xinzhu/sentry_ws/install/auto_aim_interfaces/include/auto_aim_interfaces/auto_aim_interfaces/srv/detail/set_mode__type_support.hpp
[0.600s] -- Up-to-date symlink: /home/xinzhu/sentry_ws/install/auto_aim_interfaces/include/auto_aim_interfaces/auto_aim_interfaces/srv/set_mode.hpp
[0.601s] -- Up-to-date symlink: /home/xinzhu/sentry_ws/install/auto_aim_interfaces/include/auto_aim_interfaces/auto_aim_interfaces/msg/detail/armor__rosidl_typesupport_fastrtps_cpp.hpp
[0.601s] -- Up-to-date symlink: /home/xinzhu/sentry_ws/install/auto_aim_interfaces/include/auto_aim_interfaces/auto_aim_interfaces/msg/detail/armors__rosidl_typesupport_fastrtps_cpp.hpp
[0.601s] -- Up-to-date symlink: /home/xinzhu/sentry_ws/install/auto_aim_interfaces/include/auto_aim_interfaces/auto_aim_interfaces/msg/detail/chassis_cmd__rosidl_typesupport_fastrtps_cpp.hpp
[0.601s] -- Up-to-date symlink: /home/xinzhu/sentry_ws/install/auto_aim_interfaces/include/auto_aim_interfaces/auto_aim_interfaces/msg/detail/debug_armor__rosidl_typesupport_fastrtps_cpp.hpp
[0.601s] -- Up-to-date symlink: /home/xinzhu/sentry_ws/install/auto_aim_interfaces/include/auto_aim_interfaces/auto_aim_interfaces/msg/detail/debug_armors__rosidl_typesupport_fastrtps_cpp.hpp
[0.601s] -- Up-to-date symlink: /home/xinzhu/sentry_ws/install/auto_aim_interfaces/include/auto_aim_interfaces/auto_aim_interfaces/msg/detail/debug_light__rosidl_typesupport_fastrtps_cpp.hpp
[0.601s] -- Up-to-date symlink: /home/xinzhu/sentry_ws/install/auto_aim_interfaces/include/auto_aim_interfaces/auto_aim_interfaces/msg/detail/debug_lights__rosidl_typesupport_fastrtps_cpp.hpp
[0.602s] -- Up-to-date symlink: /home/xinzhu/sentry_ws/install/auto_aim_interfaces/include/auto_aim_interfaces/auto_aim_interfaces/msg/detail/debug_rune_angle__rosidl_typesupport_fastrtps_cpp.hpp
[0.602s] -- Up-to-date symlink: /home/xinzhu/sentry_ws/install/auto_aim_interfaces/include/auto_aim_interfaces/auto_aim_interfaces/msg/detail/gimbal_cmd__rosidl_typesupport_fastrtps_cpp.hpp
[0.603s] -- Up-to-date symlink: /home/xinzhu/sentry_ws/install/auto_aim_interfaces/include/auto_aim_interfaces/auto_aim_interfaces/msg/detail/judge_system_data__rosidl_typesupport_fastrtps_cpp.hpp
[0.603s] -- Up-to-date symlink: /home/xinzhu/sentry_ws/install/auto_aim_interfaces/include/auto_aim_interfaces/auto_aim_interfaces/msg/detail/measurement__rosidl_typesupport_fastrtps_cpp.hpp
[0.603s] -- Up-to-date symlink: /home/xinzhu/sentry_ws/install/auto_aim_interfaces/include/auto_aim_interfaces/auto_aim_interfaces/msg/detail/operator_command__rosidl_typesupport_fastrtps_cpp.hpp
[0.604s] -- Up-to-date symlink: /home/xinzhu/sentry_ws/install/auto_aim_interfaces/include/auto_aim_interfaces/auto_aim_interfaces/msg/detail/point2d__rosidl_typesupport_fastrtps_cpp.hpp
[0.604s] -- Up-to-date symlink: /home/xinzhu/sentry_ws/install/auto_aim_interfaces/include/auto_aim_interfaces/auto_aim_interfaces/msg/detail/rune_target__rosidl_typesupport_fastrtps_cpp.hpp
[0.605s] -- Up-to-date symlink: /home/xinzhu/sentry_ws/install/auto_aim_interfaces/include/auto_aim_interfaces/auto_aim_interfaces/msg/detail/serial_receive_data__rosidl_typesupport_fastrtps_cpp.hpp
[0.606s] -- Up-to-date symlink: /home/xinzhu/sentry_ws/install/auto_aim_interfaces/include/auto_aim_interfaces/auto_aim_interfaces/msg/detail/target__rosidl_typesupport_fastrtps_cpp.hpp
[0.606s] -- Up-to-date symlink: /home/xinzhu/sentry_ws/install/auto_aim_interfaces/include/auto_aim_interfaces/auto_aim_interfaces/msg/rosidl_typesupport_fastrtps_cpp__visibility_control.h
[0.606s] -- Up-to-date symlink: /home/xinzhu/sentry_ws/install/auto_aim_interfaces/include/auto_aim_interfaces/auto_aim_interfaces/srv/detail/set_mode__rosidl_typesupport_fastrtps_cpp.hpp
[0.606s] -- Up-to-date symlink: /home/xinzhu/sentry_ws/install/auto_aim_interfaces/include/auto_aim_interfaces/auto_aim_interfaces/msg/detail/armor__rosidl_typesupport_introspection_cpp.hpp
[0.607s] -- Up-to-date symlink: /home/xinzhu/sentry_ws/install/auto_aim_interfaces/include/auto_aim_interfaces/auto_aim_interfaces/msg/detail/armors__rosidl_typesupport_introspection_cpp.hpp
[0.607s] -- Up-to-date symlink: /home/xinzhu/sentry_ws/install/auto_aim_interfaces/include/auto_aim_interfaces/auto_aim_interfaces/msg/detail/chassis_cmd__rosidl_typesupport_introspection_cpp.hpp
[0.607s] -- Up-to-date symlink: /home/xinzhu/sentry_ws/install/auto_aim_interfaces/include/auto_aim_interfaces/auto_aim_interfaces/msg/detail/debug_armor__rosidl_typesupport_introspection_cpp.hpp
[0.607s] -- Up-to-date symlink: /home/xinzhu/sentry_ws/install/auto_aim_interfaces/include/auto_aim_interfaces/auto_aim_interfaces/msg/detail/debug_armors__rosidl_typesupport_introspection_cpp.hpp
[0.607s] -- Up-to-date symlink: /home/xinzhu/sentry_ws/install/auto_aim_interfaces/include/auto_aim_interfaces/auto_aim_interfaces/msg/detail/debug_light__rosidl_typesupport_introspection_cpp.hpp
[0.607s] -- Up-to-date symlink: /home/xinzhu/sentry_ws/install/auto_aim_interfaces/include/auto_aim_interfaces/auto_aim_interfaces/msg/detail/debug_lights__rosidl_typesupport_introspection_cpp.hpp
[0.607s] -- Up-to-date symlink: /home/xinzhu/sentry_ws/install/auto_aim_interfaces/include/auto_aim_interfaces/auto_aim_interfaces/msg/detail/debug_rune_angle__rosidl_typesupport_introspection_cpp.hpp
[0.607s] -- Up-to-date symlink: /home/xinzhu/sentry_ws/install/auto_aim_interfaces/include/auto_aim_interfaces/auto_aim_interfaces/msg/detail/gimbal_cmd__rosidl_typesupport_introspection_cpp.hpp
[0.607s] -- Up-to-date symlink: /home/xinzhu/sentry_ws/install/auto_aim_interfaces/include/auto_aim_interfaces/auto_aim_interfaces/msg/detail/judge_system_data__rosidl_typesupport_introspection_cpp.hpp
[0.608s] -- Up-to-date symlink: /home/xinzhu/sentry_ws/install/auto_aim_interfaces/include/auto_aim_interfaces/auto_aim_interfaces/msg/detail/measurement__rosidl_typesupport_introspection_cpp.hpp
[0.608s] -- Up-to-date symlink: /home/xinzhu/sentry_ws/install/auto_aim_interfaces/include/auto_aim_interfaces/auto_aim_interfaces/msg/detail/operator_command__rosidl_typesupport_introspection_cpp.hpp
[0.608s] -- Up-to-date symlink: /home/xinzhu/sentry_ws/install/auto_aim_interfaces/include/auto_aim_interfaces/auto_aim_interfaces/msg/detail/point2d__rosidl_typesupport_introspection_cpp.hpp
[0.608s] -- Up-to-date symlink: /home/xinzhu/sentry_ws/install/auto_aim_interfaces/include/auto_aim_interfaces/auto_aim_interfaces/msg/detail/rune_target__rosidl_typesupport_introspection_cpp.hpp
[0.608s] -- Up-to-date symlink: /home/xinzhu/sentry_ws/install/auto_aim_interfaces/include/auto_aim_interfaces/auto_aim_interfaces/msg/detail/serial_receive_data__rosidl_typesupport_introspection_cpp.hpp
[0.608s] -- Up-to-date symlink: /home/xinzhu/sentry_ws/install/auto_aim_interfaces/include/auto_aim_interfaces/auto_aim_interfaces/msg/detail/target__rosidl_typesupport_introspection_cpp.hpp
[0.608s] -- Up-to-date symlink: /home/xinzhu/sentry_ws/install/auto_aim_interfaces/include/auto_aim_interfaces/auto_aim_interfaces/srv/detail/set_mode__rosidl_typesupport_introspection_cpp.hpp
[0.608s] -- Up-to-date symlink: /home/xinzhu/sentry_ws/install/auto_aim_interfaces/share/auto_aim_interfaces/environment/pythonpath.sh
[0.608s] -- Up-to-date symlink: /home/xinzhu/sentry_ws/install/auto_aim_interfaces/share/auto_aim_interfaces/environment/pythonpath.dsv
[0.608s] -- Up-to-date symlink: /home/xinzhu/sentry_ws/install/auto_aim_interfaces/local/lib/python3.10/dist-packages/auto_aim_interfaces-0.0.0-py3.10.egg-info/PKG-INFO
[0.608s] -- Up-to-date symlink: /home/xinzhu/sentry_ws/install/auto_aim_interfaces/local/lib/python3.10/dist-packages/auto_aim_interfaces-0.0.0-py3.10.egg-info/SOURCES.txt
[0.608s] -- Up-to-date symlink: /home/xinzhu/sentry_ws/install/auto_aim_interfaces/local/lib/python3.10/dist-packages/auto_aim_interfaces-0.0.0-py3.10.egg-info/dependency_links.txt
[0.608s] -- Up-to-date symlink: /home/xinzhu/sentry_ws/install/auto_aim_interfaces/local/lib/python3.10/dist-packages/auto_aim_interfaces-0.0.0-py3.10.egg-info/top_level.txt
[0.608s] -- Up-to-date symlink: /home/xinzhu/sentry_ws/install/auto_aim_interfaces/local/lib/python3.10/dist-packages/auto_aim_interfaces/__init__.py
[0.608s] -- Up-to-date symlink: /home/xinzhu/sentry_ws/install/auto_aim_interfaces/local/lib/python3.10/dist-packages/auto_aim_interfaces/_auto_aim_interfaces_s.ep.rosidl_typesupport_c.c
[0.608s] -- Up-to-date symlink: /home/xinzhu/sentry_ws/install/auto_aim_interfaces/local/lib/python3.10/dist-packages/auto_aim_interfaces/_auto_aim_interfaces_s.ep.rosidl_typesupport_fastrtps_c.c
[0.608s] -- Up-to-date symlink: /home/xinzhu/sentry_ws/install/auto_aim_interfaces/local/lib/python3.10/dist-packages/auto_aim_interfaces/_auto_aim_interfaces_s.ep.rosidl_typesupport_introspection_c.c
[0.609s] -- Up-to-date symlink: /home/xinzhu/sentry_ws/install/auto_aim_interfaces/local/lib/python3.10/dist-packages/auto_aim_interfaces/auto_aim_interfaces_s__rosidl_typesupport_c.cpython-310-x86_64-linux-gnu.so
[0.609s] -- Up-to-date symlink: /home/xinzhu/sentry_ws/install/auto_aim_interfaces/local/lib/python3.10/dist-packages/auto_aim_interfaces/auto_aim_interfaces_s__rosidl_typesupport_fastrtps_c.cpython-310-x86_64-linux-gnu.so
[0.610s] -- Up-to-date symlink: /home/xinzhu/sentry_ws/install/auto_aim_interfaces/local/lib/python3.10/dist-packages/auto_aim_interfaces/auto_aim_interfaces_s__rosidl_typesupport_introspection_c.cpython-310-x86_64-linux-gnu.so
[0.610s] -- Up-to-date symlink: /home/xinzhu/sentry_ws/install/auto_aim_interfaces/local/lib/python3.10/dist-packages/auto_aim_interfaces/libauto_aim_interfaces__rosidl_generator_py.so
[0.610s] -- Up-to-date symlink: /home/xinzhu/sentry_ws/install/auto_aim_interfaces/local/lib/python3.10/dist-packages/auto_aim_interfaces/msg/__init__.py
[0.611s] -- Up-to-date symlink: /home/xinzhu/sentry_ws/install/auto_aim_interfaces/local/lib/python3.10/dist-packages/auto_aim_interfaces/msg/_armor.py
[0.611s] -- Up-to-date symlink: /home/xinzhu/sentry_ws/install/auto_aim_interfaces/local/lib/python3.10/dist-packages/auto_aim_interfaces/msg/_armor_s.c
[0.612s] -- Up-to-date symlink: /home/xinzhu/sentry_ws/install/auto_aim_interfaces/local/lib/python3.10/dist-packages/auto_aim_interfaces/msg/_armors.py
[0.612s] -- Up-to-date symlink: /home/xinzhu/sentry_ws/install/auto_aim_interfaces/local/lib/python3.10/dist-packages/auto_aim_interfaces/msg/_armors_s.c
[0.612s] -- Up-to-date symlink: /home/xinzhu/sentry_ws/install/auto_aim_interfaces/local/lib/python3.10/dist-packages/auto_aim_interfaces/msg/_chassis_cmd.py
[0.612s] -- Up-to-date symlink: /home/xinzhu/sentry_ws/install/auto_aim_interfaces/local/lib/python3.10/dist-packages/auto_aim_interfaces/msg/_chassis_cmd_s.c
[0.612s] -- Up-to-date symlink: /home/xinzhu/sentry_ws/install/auto_aim_interfaces/local/lib/python3.10/dist-packages/auto_aim_interfaces/msg/_debug_armor.py
[0.613s] -- Up-to-date symlink: /home/xinzhu/sentry_ws/install/auto_aim_interfaces/local/lib/python3.10/dist-packages/auto_aim_interfaces/msg/_debug_armor_s.c
[0.614s] -- Up-to-date symlink: /home/xinzhu/sentry_ws/install/auto_aim_interfaces/local/lib/python3.10/dist-packages/auto_aim_interfaces/msg/_debug_armors.py
[0.614s] -- Up-to-date symlink: /home/xinzhu/sentry_ws/install/auto_aim_interfaces/local/lib/python3.10/dist-packages/auto_aim_interfaces/msg/_debug_armors_s.c
[0.614s] -- Up-to-date symlink: /home/xinzhu/sentry_ws/install/auto_aim_interfaces/local/lib/python3.10/dist-packages/auto_aim_interfaces/msg/_debug_light.py
[0.614s] -- Up-to-date symlink: /home/xinzhu/sentry_ws/install/auto_aim_interfaces/local/lib/python3.10/dist-packages/auto_aim_interfaces/msg/_debug_light_s.c
[0.614s] -- Up-to-date symlink: /home/xinzhu/sentry_ws/install/auto_aim_interfaces/local/lib/python3.10/dist-packages/auto_aim_interfaces/msg/_debug_lights.py
[0.615s] -- Up-to-date symlink: /home/xinzhu/sentry_ws/install/auto_aim_interfaces/local/lib/python3.10/dist-packages/auto_aim_interfaces/msg/_debug_lights_s.c
[0.615s] -- Up-to-date symlink: /home/xinzhu/sentry_ws/install/auto_aim_interfaces/local/lib/python3.10/dist-packages/auto_aim_interfaces/msg/_debug_rune_angle.py
[0.615s] -- Up-to-date symlink: /home/xinzhu/sentry_ws/install/auto_aim_interfaces/local/lib/python3.10/dist-packages/auto_aim_interfaces/msg/_debug_rune_angle_s.c
[0.615s] -- Up-to-date symlink: /home/xinzhu/sentry_ws/install/auto_aim_interfaces/local/lib/python3.10/dist-packages/auto_aim_interfaces/msg/_gimbal_cmd.py
[0.615s] -- Up-to-date symlink: /home/xinzhu/sentry_ws/install/auto_aim_interfaces/local/lib/python3.10/dist-packages/auto_aim_interfaces/msg/_gimbal_cmd_s.c
[0.615s] -- Up-to-date symlink: /home/xinzhu/sentry_ws/install/auto_aim_interfaces/local/lib/python3.10/dist-packages/auto_aim_interfaces/msg/_judge_system_data.py
[0.615s] -- Up-to-date symlink: /home/xinzhu/sentry_ws/install/auto_aim_interfaces/local/lib/python3.10/dist-packages/auto_aim_interfaces/msg/_judge_system_data_s.c
[0.615s] -- Up-to-date symlink: /home/xinzhu/sentry_ws/install/auto_aim_interfaces/local/lib/python3.10/dist-packages/auto_aim_interfaces/msg/_measurement.py
[0.616s] -- Up-to-date symlink: /home/xinzhu/sentry_ws/install/auto_aim_interfaces/local/lib/python3.10/dist-packages/auto_aim_interfaces/msg/_measurement_s.c
[0.616s] -- Up-to-date symlink: /home/xinzhu/sentry_ws/install/auto_aim_interfaces/local/lib/python3.10/dist-packages/auto_aim_interfaces/msg/_operator_command.py
[0.616s] -- Up-to-date symlink: /home/xinzhu/sentry_ws/install/auto_aim_interfaces/local/lib/python3.10/dist-packages/auto_aim_interfaces/msg/_operator_command_s.c
[0.616s] -- Up-to-date symlink: /home/xinzhu/sentry_ws/install/auto_aim_interfaces/local/lib/python3.10/dist-packages/auto_aim_interfaces/msg/_point2d.py
[0.617s] -- Up-to-date symlink: /home/xinzhu/sentry_ws/install/auto_aim_interfaces/local/lib/python3.10/dist-packages/auto_aim_interfaces/msg/_point2d_s.c
[0.617s] -- Up-to-date symlink: /home/xinzhu/sentry_ws/install/auto_aim_interfaces/local/lib/python3.10/dist-packages/auto_aim_interfaces/msg/_rune_target.py
[0.617s] -- Up-to-date symlink: /home/xinzhu/sentry_ws/install/auto_aim_interfaces/local/lib/python3.10/dist-packages/auto_aim_interfaces/msg/_rune_target_s.c
[0.617s] -- Up-to-date symlink: /home/xinzhu/sentry_ws/install/auto_aim_interfaces/local/lib/python3.10/dist-packages/auto_aim_interfaces/msg/_serial_receive_data.py
[0.618s] -- Up-to-date symlink: /home/xinzhu/sentry_ws/install/auto_aim_interfaces/local/lib/python3.10/dist-packages/auto_aim_interfaces/msg/_serial_receive_data_s.c
[0.618s] -- Up-to-date symlink: /home/xinzhu/sentry_ws/install/auto_aim_interfaces/local/lib/python3.10/dist-packages/auto_aim_interfaces/msg/_target.py
[0.618s] -- Up-to-date symlink: /home/xinzhu/sentry_ws/install/auto_aim_interfaces/local/lib/python3.10/dist-packages/auto_aim_interfaces/msg/_target_s.c
[0.618s] -- Up-to-date symlink: /home/xinzhu/sentry_ws/install/auto_aim_interfaces/local/lib/python3.10/dist-packages/auto_aim_interfaces/srv/__init__.py
[0.619s] -- Up-to-date symlink: /home/xinzhu/sentry_ws/install/auto_aim_interfaces/local/lib/python3.10/dist-packages/auto_aim_interfaces/srv/_set_mode.py
[0.619s] -- Up-to-date symlink: /home/xinzhu/sentry_ws/install/auto_aim_interfaces/local/lib/python3.10/dist-packages/auto_aim_interfaces/srv/_set_mode_s.c
[0.619s] -- Up-to-date symlink: /home/xinzhu/sentry_ws/install/auto_aim_interfaces/local/lib/python3.10/dist-packages/auto_aim_interfaces/auto_aim_interfaces_s__rosidl_typesupport_fastrtps_c.cpython-310-x86_64-linux-gnu.so
[0.619s] -- Up-to-date symlink: /home/xinzhu/sentry_ws/install/auto_aim_interfaces/local/lib/python3.10/dist-packages/auto_aim_interfaces/auto_aim_interfaces_s__rosidl_typesupport_introspection_c.cpython-310-x86_64-linux-gnu.so
[0.620s] -- Up-to-date symlink: /home/xinzhu/sentry_ws/install/auto_aim_interfaces/local/lib/python3.10/dist-packages/auto_aim_interfaces/auto_aim_interfaces_s__rosidl_typesupport_c.cpython-310-x86_64-linux-gnu.so
[0.620s] -- Up-to-date symlink: /home/xinzhu/sentry_ws/install/auto_aim_interfaces/share/auto_aim_interfaces/msg/Armor.idl
[0.620s] -- Up-to-date symlink: /home/xinzhu/sentry_ws/install/auto_aim_interfaces/share/auto_aim_interfaces/msg/Armors.idl
[0.620s] -- Up-to-date symlink: /home/xinzhu/sentry_ws/install/auto_aim_interfaces/share/auto_aim_interfaces/msg/Target.idl
[0.620s] -- Up-to-date symlink: /home/xinzhu/sentry_ws/install/auto_aim_interfaces/share/auto_aim_interfaces/msg/RuneTarget.idl
[0.620s] -- Up-to-date symlink: /home/xinzhu/sentry_ws/install/auto_aim_interfaces/share/auto_aim_interfaces/msg/Point2d.idl
[0.620s] -- Up-to-date symlink: /home/xinzhu/sentry_ws/install/auto_aim_interfaces/share/auto_aim_interfaces/msg/GimbalCmd.idl
[0.620s] -- Up-to-date symlink: /home/xinzhu/sentry_ws/install/auto_aim_interfaces/share/auto_aim_interfaces/msg/ChassisCmd.idl
[0.620s] -- Up-to-date symlink: /home/xinzhu/sentry_ws/install/auto_aim_interfaces/share/auto_aim_interfaces/msg/DebugLight.idl
[0.620s] -- Up-to-date symlink: /home/xinzhu/sentry_ws/install/auto_aim_interfaces/share/auto_aim_interfaces/msg/DebugLights.idl
[0.620s] -- Up-to-date symlink: /home/xinzhu/sentry_ws/install/auto_aim_interfaces/share/auto_aim_interfaces/msg/DebugArmor.idl
[0.620s] -- Up-to-date symlink: /home/xinzhu/sentry_ws/install/auto_aim_interfaces/share/auto_aim_interfaces/msg/DebugArmors.idl
[0.620s] -- Up-to-date symlink: /home/xinzhu/sentry_ws/install/auto_aim_interfaces/share/auto_aim_interfaces/msg/DebugRuneAngle.idl
[0.620s] -- Up-to-date symlink: /home/xinzhu/sentry_ws/install/auto_aim_interfaces/share/auto_aim_interfaces/msg/Measurement.idl
[0.620s] -- Up-to-date symlink: /home/xinzhu/sentry_ws/install/auto_aim_interfaces/share/auto_aim_interfaces/msg/JudgeSystemData.idl
[0.621s] -- Up-to-date symlink: /home/xinzhu/sentry_ws/install/auto_aim_interfaces/share/auto_aim_interfaces/msg/OperatorCommand.idl
[0.621s] -- Up-to-date symlink: /home/xinzhu/sentry_ws/install/auto_aim_interfaces/share/auto_aim_interfaces/msg/SerialReceiveData.idl
[0.621s] -- Up-to-date symlink: /home/xinzhu/sentry_ws/install/auto_aim_interfaces/share/auto_aim_interfaces/srv/SetMode.idl
[0.621s] -- Up-to-date symlink: /home/xinzhu/sentry_ws/install/auto_aim_interfaces/share/auto_aim_interfaces/msg/Armor.msg
[0.621s] -- Up-to-date symlink: /home/xinzhu/sentry_ws/install/auto_aim_interfaces/share/auto_aim_interfaces/msg/Armors.msg
[0.621s] -- Up-to-date symlink: /home/xinzhu/sentry_ws/install/auto_aim_interfaces/share/auto_aim_interfaces/msg/Target.msg
[0.622s] -- Up-to-date symlink: /home/xinzhu/sentry_ws/install/auto_aim_interfaces/share/auto_aim_interfaces/msg/RuneTarget.msg
[0.623s] -- Up-to-date symlink: /home/xinzhu/sentry_ws/install/auto_aim_interfaces/share/auto_aim_interfaces/msg/Point2d.msg
[0.623s] -- Up-to-date symlink: /home/xinzhu/sentry_ws/install/auto_aim_interfaces/share/auto_aim_interfaces/msg/GimbalCmd.msg
[0.623s] -- Up-to-date symlink: /home/xinzhu/sentry_ws/install/auto_aim_interfaces/share/auto_aim_interfaces/msg/ChassisCmd.msg
[0.625s] -- Up-to-date symlink: /home/xinzhu/sentry_ws/install/auto_aim_interfaces/share/auto_aim_interfaces/msg/DebugLight.msg
[0.625s] -- Up-to-date symlink: /home/xinzhu/sentry_ws/install/auto_aim_interfaces/share/auto_aim_interfaces/msg/DebugLights.msg
[0.626s] -- Up-to-date symlink: /home/xinzhu/sentry_ws/install/auto_aim_interfaces/share/auto_aim_interfaces/msg/DebugArmor.msg
[0.626s] -- Up-to-date symlink: /home/xinzhu/sentry_ws/install/auto_aim_interfaces/share/auto_aim_interfaces/msg/DebugArmors.msg
[0.626s] -- Up-to-date symlink: /home/xinzhu/sentry_ws/install/auto_aim_interfaces/share/auto_aim_interfaces/msg/DebugRuneAngle.msg
[0.626s] -- Up-to-date symlink: /home/xinzhu/sentry_ws/install/auto_aim_interfaces/share/auto_aim_interfaces/msg/Measurement.msg
[0.626s] -- Up-to-date symlink: /home/xinzhu/sentry_ws/install/auto_aim_interfaces/share/auto_aim_interfaces/msg/JudgeSystemData.msg
[0.627s] -- Up-to-date symlink: /home/xinzhu/sentry_ws/install/auto_aim_interfaces/share/auto_aim_interfaces/msg/OperatorCommand.msg
[0.627s] -- Up-to-date symlink: /home/xinzhu/sentry_ws/install/auto_aim_interfaces/share/auto_aim_interfaces/msg/SerialReceiveData.msg
[0.627s] -- Up-to-date symlink: /home/xinzhu/sentry_ws/install/auto_aim_interfaces/share/auto_aim_interfaces/srv/SetMode.srv
[0.627s] -- Up-to-date symlink: /home/xinzhu/sentry_ws/install/auto_aim_interfaces/share/auto_aim_interfaces/srv/SetMode_Request.msg
[0.627s] -- Up-to-date symlink: /home/xinzhu/sentry_ws/install/auto_aim_interfaces/share/auto_aim_interfaces/srv/SetMode_Response.msg
[0.627s] -- Up-to-date symlink: /home/xinzhu/sentry_ws/install/auto_aim_interfaces/share/ament_index/resource_index/package_run_dependencies/auto_aim_interfaces
[0.627s] -- Up-to-date symlink: /home/xinzhu/sentry_ws/install/auto_aim_interfaces/share/ament_index/resource_index/parent_prefix_path/auto_aim_interfaces
[0.628s] -- Up-to-date symlink: /home/xinzhu/sentry_ws/install/auto_aim_interfaces/share/auto_aim_interfaces/environment/ament_prefix_path.sh
[0.629s] -- Up-to-date symlink: /home/xinzhu/sentry_ws/install/auto_aim_interfaces/share/auto_aim_interfaces/environment/ament_prefix_path.dsv
[0.629s] -- Up-to-date symlink: /home/xinzhu/sentry_ws/install/auto_aim_interfaces/share/auto_aim_interfaces/environment/path.sh
[0.629s] -- Up-to-date symlink: /home/xinzhu/sentry_ws/install/auto_aim_interfaces/share/auto_aim_interfaces/environment/path.dsv
[0.629s] -- Up-to-date symlink: /home/xinzhu/sentry_ws/install/auto_aim_interfaces/share/auto_aim_interfaces/local_setup.bash
[0.629s] -- Up-to-date symlink: /home/xinzhu/sentry_ws/install/auto_aim_interfaces/share/auto_aim_interfaces/local_setup.sh
[0.629s] -- Up-to-date symlink: /home/xinzhu/sentry_ws/install/auto_aim_interfaces/share/auto_aim_interfaces/local_setup.zsh
[0.629s] -- Up-to-date symlink: /home/xinzhu/sentry_ws/install/auto_aim_interfaces/share/auto_aim_interfaces/local_setup.dsv
[0.629s] -- Symlinking: /home/xinzhu/sentry_ws/install/auto_aim_interfaces/share/auto_aim_interfaces/package.dsv
[0.630s] -- Up-to-date symlink: /home/xinzhu/sentry_ws/install/auto_aim_interfaces/share/ament_index/resource_index/packages/auto_aim_interfaces
[0.630s] -- Up-to-date symlink: /home/xinzhu/sentry_ws/install/auto_aim_interfaces/share/auto_aim_interfaces/cmake/rosidl_cmake-extras.cmake
[0.630s] -- Up-to-date symlink: /home/xinzhu/sentry_ws/install/auto_aim_interfaces/share/auto_aim_interfaces/cmake/ament_cmake_export_dependencies-extras.cmake
[0.630s] -- Up-to-date symlink: /home/xinzhu/sentry_ws/install/auto_aim_interfaces/share/auto_aim_interfaces/cmake/ament_cmake_export_include_directories-extras.cmake
[0.630s] -- Up-to-date symlink: /home/xinzhu/sentry_ws/install/auto_aim_interfaces/share/auto_aim_interfaces/cmake/ament_cmake_export_libraries-extras.cmake
[0.630s] -- Up-to-date symlink: /home/xinzhu/sentry_ws/install/auto_aim_interfaces/share/auto_aim_interfaces/cmake/ament_cmake_export_targets-extras.cmake
[0.630s] -- Up-to-date symlink: /home/xinzhu/sentry_ws/install/auto_aim_interfaces/share/auto_aim_interfaces/cmake/rosidl_cmake_export_typesupport_targets-extras.cmake
[0.630s] -- Up-to-date symlink: /home/xinzhu/sentry_ws/install/auto_aim_interfaces/share/auto_aim_interfaces/cmake/rosidl_cmake_export_typesupport_libraries-extras.cmake
[0.631s] -- Up-to-date symlink: /home/xinzhu/sentry_ws/install/auto_aim_interfaces/share/auto_aim_interfaces/cmake/auto_aim_interfacesConfig.cmake
[0.631s] -- Up-to-date symlink: /home/xinzhu/sentry_ws/install/auto_aim_interfaces/share/auto_aim_interfaces/cmake/auto_aim_interfacesConfig-version.cmake
[0.631s] -- Up-to-date symlink: /home/xinzhu/sentry_ws/install/auto_aim_interfaces/share/auto_aim_interfaces/package.xml
[0.631s] -- Up-to-date: /home/xinzhu/sentry_ws/install/auto_aim_interfaces/lib/libauto_aim_interfaces__rosidl_generator_c.so
[0.631s] -- Up-to-date: /home/xinzhu/sentry_ws/install/auto_aim_interfaces/lib/libauto_aim_interfaces__rosidl_typesupport_fastrtps_c.so
[0.632s] -- Up-to-date: /home/xinzhu/sentry_ws/install/auto_aim_interfaces/lib/libauto_aim_interfaces__rosidl_typesupport_introspection_c.so
[0.632s] -- Up-to-date: /home/xinzhu/sentry_ws/install/auto_aim_interfaces/lib/libauto_aim_interfaces__rosidl_typesupport_c.so
[0.632s] -- Up-to-date: /home/xinzhu/sentry_ws/install/auto_aim_interfaces/lib/libauto_aim_interfaces__rosidl_typesupport_fastrtps_cpp.so
[0.632s] -- Up-to-date: /home/xinzhu/sentry_ws/install/auto_aim_interfaces/lib/libauto_aim_interfaces__rosidl_typesupport_introspection_cpp.so
[0.632s] -- Up-to-date: /home/xinzhu/sentry_ws/install/auto_aim_interfaces/lib/libauto_aim_interfaces__rosidl_typesupport_cpp.so
[0.636s] Listing '/home/xinzhu/sentry_ws/install/auto_aim_interfaces/local/lib/python3.10/dist-packages/auto_aim_interfaces'...
[0.636s] Listing '/home/xinzhu/sentry_ws/install/auto_aim_interfaces/local/lib/python3.10/dist-packages/auto_aim_interfaces/msg'...
[0.636s] Listing '/home/xinzhu/sentry_ws/install/auto_aim_interfaces/local/lib/python3.10/dist-packages/auto_aim_interfaces/srv'...
[0.636s] -- Up-to-date: /home/xinzhu/sentry_ws/install/auto_aim_interfaces/lib/libauto_aim_interfaces__rosidl_generator_py.so
[0.637s] -- Up-to-date: /home/xinzhu/sentry_ws/install/auto_aim_interfaces/share/auto_aim_interfaces/cmake/export_auto_aim_interfaces__rosidl_generator_cExport.cmake
[0.637s] -- Up-to-date: /home/xinzhu/sentry_ws/install/auto_aim_interfaces/share/auto_aim_interfaces/cmake/export_auto_aim_interfaces__rosidl_generator_cExport-release.cmake
[0.637s] -- Up-to-date: /home/xinzhu/sentry_ws/install/auto_aim_interfaces/share/auto_aim_interfaces/cmake/export_auto_aim_interfaces__rosidl_typesupport_fastrtps_cExport.cmake
[0.637s] -- Up-to-date: /home/xinzhu/sentry_ws/install/auto_aim_interfaces/share/auto_aim_interfaces/cmake/export_auto_aim_interfaces__rosidl_typesupport_fastrtps_cExport-release.cmake
[0.637s] -- Up-to-date: /home/xinzhu/sentry_ws/install/auto_aim_interfaces/share/auto_aim_interfaces/cmake/auto_aim_interfaces__rosidl_typesupport_introspection_cExport.cmake
[0.637s] -- Up-to-date: /home/xinzhu/sentry_ws/install/auto_aim_interfaces/share/auto_aim_interfaces/cmake/auto_aim_interfaces__rosidl_typesupport_introspection_cExport-release.cmake
[0.638s] -- Up-to-date: /home/xinzhu/sentry_ws/install/auto_aim_interfaces/share/auto_aim_interfaces/cmake/auto_aim_interfaces__rosidl_typesupport_cExport.cmake
[0.638s] -- Up-to-date: /home/xinzhu/sentry_ws/install/auto_aim_interfaces/share/auto_aim_interfaces/cmake/auto_aim_interfaces__rosidl_typesupport_cExport-release.cmake
[0.638s] -- Up-to-date: /home/xinzhu/sentry_ws/install/auto_aim_interfaces/share/auto_aim_interfaces/cmake/export_auto_aim_interfaces__rosidl_generator_cppExport.cmake
[0.639s] -- Up-to-date: /home/xinzhu/sentry_ws/install/auto_aim_interfaces/share/auto_aim_interfaces/cmake/export_auto_aim_interfaces__rosidl_typesupport_fastrtps_cppExport.cmake
[0.640s] -- Up-to-date: /home/xinzhu/sentry_ws/install/auto_aim_interfaces/share/auto_aim_interfaces/cmake/export_auto_aim_interfaces__rosidl_typesupport_fastrtps_cppExport-release.cmake
[0.640s] -- Up-to-date: /home/xinzhu/sentry_ws/install/auto_aim_interfaces/share/auto_aim_interfaces/cmake/auto_aim_interfaces__rosidl_typesupport_introspection_cppExport.cmake
[0.640s] -- Up-to-date: /home/xinzhu/sentry_ws/install/auto_aim_interfaces/share/auto_aim_interfaces/cmake/auto_aim_interfaces__rosidl_typesupport_introspection_cppExport-release.cmake
[0.640s] -- Up-to-date: /home/xinzhu/sentry_ws/install/auto_aim_interfaces/share/auto_aim_interfaces/cmake/auto_aim_interfaces__rosidl_typesupport_cppExport.cmake
[0.640s] -- Up-to-date: /home/xinzhu/sentry_ws/install/auto_aim_interfaces/share/auto_aim_interfaces/cmake/auto_aim_interfaces__rosidl_typesupport_cppExport-release.cmake
[0.640s] -- Up-to-date: /home/xinzhu/sentry_ws/install/auto_aim_interfaces/share/auto_aim_interfaces/cmake/export_auto_aim_interfaces__rosidl_generator_pyExport.cmake
[0.641s] -- Up-to-date: /home/xinzhu/sentry_ws/install/auto_aim_interfaces/share/auto_aim_interfaces/cmake/export_auto_aim_interfaces__rosidl_generator_pyExport-release.cmake
[0.670s] Invoked command in '/home/xinzhu/sentry_ws/build/auto_aim_interfaces' returned '0': CMAKE_PREFIX_PATH=${CMAKE_PREFIX_PATH}:/home/xinzhu/Desktop/sentry_ws/install/control_panel:/opt/ros/humble PS1=%F{green}%n@%m%f%F{white}:%f%F{blue}%~%f%F{white}$%f /usr/local/bin/cmake --install /home/xinzhu/sentry_ws/build/auto_aim_interfaces
