[0.128s] Invoking command in '/home/xinzhu/sentry_ws/build/terrain_analysis_ext': CMAKE_PREFIX_PATH=${CMAKE_PREFIX_PATH}:/home/xinzhu/Desktop/sentry_ws/install/control_panel:/opt/ros/humble PS1=%F{green}%n@%m%f%F{white}:%f%F{blue}%~%f%F{white}$%f /usr/local/bin/cmake --build /home/xinzhu/sentry_ws/build/terrain_analysis_ext -- -j16 -l16
[0.157s] [ 25%] Built target PCDSaverNode
[0.158s] [ 50%] Built target terrainAnalysisExt
[0.164s] [ 75%] Built target pathNorm
[0.165s] [100%] Built target PCDPublisherNode
[0.220s] Invoked command in '/home/xinzhu/sentry_ws/build/terrain_analysis_ext' returned '0': CMAKE_PREFIX_PATH=${CMAKE_PREFIX_PATH}:/home/xinzhu/Desktop/sentry_ws/install/control_panel:/opt/ros/humble PS1=%F{green}%n@%m%f%F{white}:%f%F{blue}%~%f%F{white}$%f /usr/local/bin/cmake --build /home/xinzhu/sentry_ws/build/terrain_analysis_ext -- -j16 -l16
[0.221s] Invoking command in '/home/xinzhu/sentry_ws/build/terrain_analysis_ext': CMAKE_PREFIX_PATH=${CMAKE_PREFIX_PATH}:/home/xinzhu/Desktop/sentry_ws/install/control_panel:/opt/ros/humble PS1=%F{green}%n@%m%f%F{white}:%f%F{blue}%~%f%F{white}$%f /usr/local/bin/cmake --install /home/xinzhu/sentry_ws/build/terrain_analysis_ext
[0.243s] -- Install configuration: "Release"
[0.243s] -- Execute custom install script
[0.243s] -- Up-to-date symlink: /home/xinzhu/sentry_ws/install/terrain_analysis_ext/lib/terrain_analysis_ext/terrainAnalysisExt
[0.243s] -- Up-to-date symlink: /home/xinzhu/sentry_ws/install/terrain_analysis_ext/lib/terrain_analysis_ext/PCDPublisherNode
[0.243s] -- Up-to-date symlink: /home/xinzhu/sentry_ws/install/terrain_analysis_ext/lib/terrain_analysis_ext/PCDSaverNode
[0.243s] -- Up-to-date symlink: /home/xinzhu/sentry_ws/install/terrain_analysis_ext/lib/terrain_analysis_ext/pathNorm
[0.244s] -- Up-to-date symlink: /home/xinzhu/sentry_ws/install/terrain_analysis_ext/share/terrain_analysis_ext/launch/pathNorm.launch
[0.244s] -- Up-to-date symlink: /home/xinzhu/sentry_ws/install/terrain_analysis_ext/share/terrain_analysis_ext/launch/pub_analysis_result.launch
[0.244s] -- Up-to-date symlink: /home/xinzhu/sentry_ws/install/terrain_analysis_ext/share/terrain_analysis_ext/launch/save_terrain_analysis_ext.launch
[0.244s] -- Up-to-date symlink: /home/xinzhu/sentry_ws/install/terrain_analysis_ext/share/terrain_analysis_ext/launch/terrain_analysis_ext.launch
[0.244s] -- Up-to-date symlink: /home/xinzhu/sentry_ws/install/terrain_analysis_ext/share/terrain_analysis_ext/launch/terrain_analysis_ext_offline.launch
[0.244s] -- Up-to-date symlink: /home/xinzhu/sentry_ws/install/terrain_analysis_ext/share/terrain_analysis_ext/maps/analysis_result0201.pcd
[0.244s] -- Up-to-date symlink: /home/xinzhu/sentry_ws/install/terrain_analysis_ext/share/terrain_analysis_ext/maps/analysis_result0405.pcd
[0.244s] -- Up-to-date symlink: /home/xinzhu/sentry_ws/install/terrain_analysis_ext/share/terrain_analysis_ext/rviz/offline.rviz
[0.245s] -- Up-to-date symlink: /home/xinzhu/sentry_ws/install/terrain_analysis_ext/share/ament_index/resource_index/package_run_dependencies/terrain_analysis_ext
[0.245s] -- Up-to-date symlink: /home/xinzhu/sentry_ws/install/terrain_analysis_ext/share/ament_index/resource_index/parent_prefix_path/terrain_analysis_ext
[0.245s] -- Up-to-date symlink: /home/xinzhu/sentry_ws/install/terrain_analysis_ext/share/terrain_analysis_ext/environment/ament_prefix_path.sh
[0.245s] -- Up-to-date symlink: /home/xinzhu/sentry_ws/install/terrain_analysis_ext/share/terrain_analysis_ext/environment/ament_prefix_path.dsv
[0.245s] -- Up-to-date symlink: /home/xinzhu/sentry_ws/install/terrain_analysis_ext/share/terrain_analysis_ext/environment/path.sh
[0.245s] -- Up-to-date symlink: /home/xinzhu/sentry_ws/install/terrain_analysis_ext/share/terrain_analysis_ext/environment/path.dsv
[0.245s] -- Up-to-date symlink: /home/xinzhu/sentry_ws/install/terrain_analysis_ext/share/terrain_analysis_ext/local_setup.bash
[0.245s] -- Up-to-date symlink: /home/xinzhu/sentry_ws/install/terrain_analysis_ext/share/terrain_analysis_ext/local_setup.sh
[0.245s] -- Up-to-date symlink: /home/xinzhu/sentry_ws/install/terrain_analysis_ext/share/terrain_analysis_ext/local_setup.zsh
[0.245s] -- Up-to-date symlink: /home/xinzhu/sentry_ws/install/terrain_analysis_ext/share/terrain_analysis_ext/local_setup.dsv
[0.245s] -- Symlinking: /home/xinzhu/sentry_ws/install/terrain_analysis_ext/share/terrain_analysis_ext/package.dsv
[0.245s] -- Up-to-date symlink: /home/xinzhu/sentry_ws/install/terrain_analysis_ext/share/ament_index/resource_index/packages/terrain_analysis_ext
[0.245s] -- Up-to-date symlink: /home/xinzhu/sentry_ws/install/terrain_analysis_ext/share/terrain_analysis_ext/cmake/terrain_analysis_extConfig.cmake
[0.245s] -- Up-to-date symlink: /home/xinzhu/sentry_ws/install/terrain_analysis_ext/share/terrain_analysis_ext/cmake/terrain_analysis_extConfig-version.cmake
[0.245s] -- Up-to-date symlink: /home/xinzhu/sentry_ws/install/terrain_analysis_ext/share/terrain_analysis_ext/package.xml
[0.290s] Invoked command in '/home/xinzhu/sentry_ws/build/terrain_analysis_ext' returned '0': CMAKE_PREFIX_PATH=${CMAKE_PREFIX_PATH}:/home/xinzhu/Desktop/sentry_ws/install/control_panel:/opt/ros/humble PS1=%F{green}%n@%m%f%F{white}:%f%F{blue}%~%f%F{white}$%f /usr/local/bin/cmake --install /home/xinzhu/sentry_ws/build/terrain_analysis_ext
