-- The C compiler identification is GNU 11.4.0
-- The CXX compiler identification is GNU 11.4.0
-- Detecting C compiler ABI info
-- Detecting C compiler ABI info - done
-- Check for working C compiler: /usr/bin/cc - skipped
-- Detecting C compile features
-- Detecting C compile features - done
-- Detecting CXX compiler ABI info
-- Detecting CXX compiler ABI info - done
-- Check for working CXX compiler: /usr/bin/c++ - skipped
-- Detecting CXX compile features
-- Detecting CXX compile features - done
-- Found ament_cmake_auto: 1.3.13 (/opt/ros/humble/share/ament_cmake_auto/cmake)
-- Found Python3: /usr/bin/python3 (found version "3.10.12") found components: Interpreter
-- Override CMake install command with custom implementation using symlinks instead of copying resources
-- Found rosidl_generator_c: 3.1.8 (/opt/ros/humble/share/rosidl_generator_c/cmake)
-- Found rosidl_adapter: 3.1.8 (/opt/ros/humble/share/rosidl_adapter/cmake)
-- Found rosidl_generator_cpp: 3.1.8 (/opt/ros/humble/share/rosidl_generator_cpp/cmake)
-- Using all available rosidl_typesupport_c: rosidl_typesupport_fastrtps_c;rosidl_typesupport_introspection_c
-- Using all available rosidl_typesupport_cpp: rosidl_typesupport_fastrtps_cpp;rosidl_typesupport_introspection_cpp
-- Found rmw_implementation_cmake: 6.1.2 (/opt/ros/humble/share/rmw_implementation_cmake/cmake)
-- Found rmw_fastrtps_cpp: 6.2.10 (/opt/ros/humble/share/rmw_fastrtps_cpp/cmake)
-- Found OpenSSL: /usr/lib/x86_64-linux-gnu/libcrypto.so (found version "3.0.2")
-- Found FastRTPS: /opt/ros/humble/include
-- Using RMW implementation 'rmw_fastrtps_cpp' as default
-- Performing Test CMAKE_HAVE_LIBC_PTHREAD
-- Performing Test CMAKE_HAVE_LIBC_PTHREAD - Success
-- Found Threads: TRUE
-- Found asio_cmake_module: 1.2.0 (/opt/ros/humble/share/asio_cmake_module/cmake)
-- Found ASIO: /usr/include
-- Found eigen3_cmake_module: 0.1.1 (/opt/ros/humble/share/eigen3_cmake_module/cmake)
-- Found Eigen3: TRUE (found version "3.4.0")
-- Ensuring Eigen3 include directory is part of orocos-kdl CMake target
-- Found AMD headers in: /usr/include/suitesparse
-- Found AMD library: /usr/lib/x86_64-linux-gnu/libamd.so
-- Found CAMD headers in: /usr/include/suitesparse
-- Found CAMD library: /usr/lib/x86_64-linux-gnu/libcamd.so
-- Found CCOLAMD headers in: /usr/include/suitesparse
-- Found CCOLAMD library: /usr/lib/x86_64-linux-gnu/libccolamd.so
-- Found CHOLMOD headers in: /usr/include/suitesparse
-- Found CHOLMOD library: /usr/lib/x86_64-linux-gnu/libcholmod.so
-- Found COLAMD headers in: /usr/include/suitesparse
-- Found COLAMD library: /usr/lib/x86_64-linux-gnu/libcolamd.so
-- Found SPQR headers in: /usr/include/suitesparse
-- Found SPQR library: /usr/lib/x86_64-linux-gnu/libspqr.so
-- Found Config headers in: /usr/include/suitesparse
-- Found Config library: /usr/lib/x86_64-linux-gnu/libsuitesparseconfig.so
-- Found Intel Thread Building Blocks (TBB) library (2021.5 / ) include location: . Assuming SuiteSparseQR was compiled with TBB.
-- Looking for shm_open in rt
-- Looking for shm_open in rt - found
-- Adding librt to SuiteSparse_config libraries (required on Linux & Unix [not OSX] if SuiteSparse is compiled with timing).
-- Could NOT find METIS (missing: METIS_INCLUDE_DIR METIS_LIBRARY) 
-- Found ament_lint_auto: 0.12.15 (/opt/ros/humble/share/ament_lint_auto/cmake)
-- Found ament_cmake_gtest: 1.3.13 (/opt/ros/humble/share/ament_cmake_gtest/cmake)
-- Found gtest sources under '/opt/ros/humble/src/gtest_vendor': C++ tests using 'Google Test' will be built
-- Added test 'cppcheck' to perform static code analysis on C / C++ code
-- Configured cppcheck include dirs: /home/xinzhu/sentry_ws/src/rm_hardware_driver/rm_serial_driver/include
-- Configured cppcheck exclude dirs and/or files: 
-- Added test 'lint_cmake' to check CMake code style
-- Added test 'xmllint' to check XML markup files
-- Added test 'clang_format' to check C / C++ code style
-- Configuring done (2.8s)
-- Generating done (0.1s)
-- Build files have been written to: /home/xinzhu/sentry_ws/build/rm_serial_driver
[  5%] [32mBuilding CXX object CMakeFiles/rm_serial_driver.dir/src/protocol/default_protocol.cpp.o[0m
[ 11%] [32mBuilding CXX object CMakeFiles/rm_serial_driver.dir/src/virtual_serial_node.cpp.o[0m
[ 17%] [32mBuilding CXX object CMakeFiles/rm_serial_driver.dir/src/transporter_driver/uart_transporter.cpp.o[0m
[ 23%] [32mBuilding CXX object CMakeFiles/rm_serial_driver.dir/src/serial_driver_node.cpp.o[0m
[ 29%] [32mBuilding CXX object CMakeFiles/rm_serial_driver.dir/src/protocol/sentry_protocol.cpp.o[0m
[ 35%] [32mBuilding CXX object CMakeFiles/rm_serial_driver.dir/src/protocol/infantry_protocol.cpp.o[0m
[ 41%] [32m[1mLinking CXX shared library librm_serial_driver.so[0m
[ 41%] Built target rm_serial_driver
[ 47%] [32mBuilding CXX object gtest/CMakeFiles/gtest.dir/src/gtest-all.cc.o[0m
[ 52%] [32m[1mLinking CXX static library libgtest.a[0m
[ 52%] Built target gtest
[ 58%] [32mBuilding CXX object gtest/CMakeFiles/gtest_main.dir/src/gtest_main.cc.o[0m
[ 64%] [32m[1mLinking CXX static library libgtest_main.a[0m
[ 64%] Built target gtest_main
[ 70%] [32mBuilding CXX object CMakeFiles/virtual_serial_node.dir/rclcpp_components/node_main_virtual_serial_node.cpp.o[0m
[ 76%] [32m[1mLinking CXX executable virtual_serial_node[0m
[ 76%] Built target virtual_serial_node
[ 82%] [32mBuilding CXX object CMakeFiles/rm_serial_driver_node.dir/rclcpp_components/node_main_rm_serial_driver_node.cpp.o[0m
[ 88%] [32mBuilding CXX object CMakeFiles/test_fixed_packet_tool.dir/test/test_fixed_packet_tool.cpp.o[0m
[ 94%] [32m[1mLinking CXX executable rm_serial_driver_node[0m
[ 94%] Built target rm_serial_driver_node
[100%] [32m[1mLinking CXX executable test_fixed_packet_tool[0m
[100%] Built target test_fixed_packet_tool
-- Install configuration: "Release"
-- Execute custom install script
-- Symlinking: /home/xinzhu/sentry_ws/install/rm_serial_driver/lib/rm_serial_driver/rm_serial_driver_node
-- Symlinking: /home/xinzhu/sentry_ws/install/rm_serial_driver/lib/rm_serial_driver/virtual_serial_node
-- Symlinking: /home/xinzhu/sentry_ws/install/rm_serial_driver/include/rm_serial_driver/fixed_packet.hpp
-- Symlinking: /home/xinzhu/sentry_ws/install/rm_serial_driver/include/rm_serial_driver/fixed_packet_tool.hpp
-- Symlinking: /home/xinzhu/sentry_ws/install/rm_serial_driver/include/rm_serial_driver/protocol.hpp
-- Symlinking: /home/xinzhu/sentry_ws/install/rm_serial_driver/include/rm_serial_driver/protocol/default_protocol.hpp
-- Symlinking: /home/xinzhu/sentry_ws/install/rm_serial_driver/include/rm_serial_driver/protocol/infantry_protocol.hpp
-- Symlinking: /home/xinzhu/sentry_ws/install/rm_serial_driver/include/rm_serial_driver/protocol/sentry_protocol.hpp
-- Symlinking: /home/xinzhu/sentry_ws/install/rm_serial_driver/include/rm_serial_driver/protocol_factory.hpp
-- Symlinking: /home/xinzhu/sentry_ws/install/rm_serial_driver/include/rm_serial_driver/serial_driver_node.hpp
-- Symlinking: /home/xinzhu/sentry_ws/install/rm_serial_driver/include/rm_serial_driver/transporter_interface.hpp
-- Symlinking: /home/xinzhu/sentry_ws/install/rm_serial_driver/include/rm_serial_driver/uart_transporter.hpp
-- Symlinking: /home/xinzhu/sentry_ws/install/rm_serial_driver/share/rm_serial_driver/environment/library_path.sh
-- Symlinking: /home/xinzhu/sentry_ws/install/rm_serial_driver/share/rm_serial_driver/environment/library_path.dsv
-- Symlinking: /home/xinzhu/sentry_ws/install/rm_serial_driver/lib/librm_serial_driver.so
-- Symlinking: /home/xinzhu/sentry_ws/install/rm_serial_driver/share/ament_index/resource_index/package_run_dependencies/rm_serial_driver
-- Symlinking: /home/xinzhu/sentry_ws/install/rm_serial_driver/share/ament_index/resource_index/parent_prefix_path/rm_serial_driver
-- Symlinking: /home/xinzhu/sentry_ws/install/rm_serial_driver/share/rm_serial_driver/environment/ament_prefix_path.sh
-- Symlinking: /home/xinzhu/sentry_ws/install/rm_serial_driver/share/rm_serial_driver/environment/ament_prefix_path.dsv
-- Symlinking: /home/xinzhu/sentry_ws/install/rm_serial_driver/share/rm_serial_driver/environment/path.sh
-- Symlinking: /home/xinzhu/sentry_ws/install/rm_serial_driver/share/rm_serial_driver/environment/path.dsv
-- Symlinking: /home/xinzhu/sentry_ws/install/rm_serial_driver/share/rm_serial_driver/local_setup.bash
-- Symlinking: /home/xinzhu/sentry_ws/install/rm_serial_driver/share/rm_serial_driver/local_setup.sh
-- Symlinking: /home/xinzhu/sentry_ws/install/rm_serial_driver/share/rm_serial_driver/local_setup.zsh
-- Symlinking: /home/xinzhu/sentry_ws/install/rm_serial_driver/share/rm_serial_driver/local_setup.dsv
-- Symlinking: /home/xinzhu/sentry_ws/install/rm_serial_driver/share/rm_serial_driver/package.dsv
-- Symlinking: /home/xinzhu/sentry_ws/install/rm_serial_driver/share/ament_index/resource_index/packages/rm_serial_driver
-- Symlinking: /home/xinzhu/sentry_ws/install/rm_serial_driver/share/ament_index/resource_index/rclcpp_components/rm_serial_driver
-- Symlinking: /home/xinzhu/sentry_ws/install/rm_serial_driver/share/rm_serial_driver/cmake/ament_cmake_export_dependencies-extras.cmake
-- Symlinking: /home/xinzhu/sentry_ws/install/rm_serial_driver/share/rm_serial_driver/cmake/ament_cmake_export_include_directories-extras.cmake
-- Symlinking: /home/xinzhu/sentry_ws/install/rm_serial_driver/share/rm_serial_driver/cmake/ament_cmake_export_libraries-extras.cmake
-- Symlinking: /home/xinzhu/sentry_ws/install/rm_serial_driver/share/rm_serial_driver/cmake/rm_serial_driverConfig.cmake
-- Symlinking: /home/xinzhu/sentry_ws/install/rm_serial_driver/share/rm_serial_driver/cmake/rm_serial_driverConfig-version.cmake
-- Symlinking: /home/xinzhu/sentry_ws/install/rm_serial_driver/share/rm_serial_driver/package.xml
