[0.232s] Invoking command in '/home/xinzhu/sentry_ws/build/rm_robot_description': CMAKE_PREFIX_PATH=${CMAKE_PREFIX_PATH}:/home/xinzhu/Desktop/sentry_ws/install/control_panel:/opt/ros/humble PS1=%F{green}%n@%m%f%F{white}:%f%F{blue}%~%f%F{white}$%f /usr/local/bin/cmake /home/xinzhu/sentry_ws/src/rm_robot_description -DAMENT_CMAKE_SYMLINK_INSTALL=1 -DCMAKE_INSTALL_PREFIX=/home/xinzhu/sentry_ws/install/rm_robot_description
[0.261s] -- Found ament_cmake: 1.3.13 (/opt/ros/humble/share/ament_cmake/cmake)
[0.262s] [0mCMake Deprecation Warning at CMakeLists.txt:1 (cmake_minimum_required):
[0.262s]   Compatibility with CMake < 3.10 will be removed from a future version of
[0.262s]   CMake.
[0.262s] 
[0.262s]   Update the VERSION argument <min> value.  Or, use the <min>...<max> syntax
[0.262s]   to tell CMake that the project requires at least <min> but has been updated
[0.262s]   to work with policies introduced by <max> or earlier.
[0.262s] 
[0.262s] [0m
[0.477s] -- Override CMake install command with custom implementation using symlinks instead of copying resources
[0.487s] -- Found ament_lint_auto: 0.12.15 (/opt/ros/humble/share/ament_lint_auto/cmake)
[0.584s] -- Added test 'lint_cmake' to check CMake code style
[0.584s] -- Added test 'xmllint' to check XML markup files
[0.589s] -- Configuring done (0.4s)
[0.594s] -- Generating done (0.0s)
[0.598s] -- Build files have been written to: /home/xinzhu/sentry_ws/build/rm_robot_description
[0.600s] Invoked command in '/home/xinzhu/sentry_ws/build/rm_robot_description' returned '0': CMAKE_PREFIX_PATH=${CMAKE_PREFIX_PATH}:/home/xinzhu/Desktop/sentry_ws/install/control_panel:/opt/ros/humble PS1=%F{green}%n@%m%f%F{white}:%f%F{blue}%~%f%F{white}$%f /usr/local/bin/cmake /home/xinzhu/sentry_ws/src/rm_robot_description -DAMENT_CMAKE_SYMLINK_INSTALL=1 -DCMAKE_INSTALL_PREFIX=/home/xinzhu/sentry_ws/install/rm_robot_description
[0.602s] Invoking command in '/home/xinzhu/sentry_ws/build/rm_robot_description': CMAKE_PREFIX_PATH=${CMAKE_PREFIX_PATH}:/home/xinzhu/Desktop/sentry_ws/install/control_panel:/opt/ros/humble PS1=%F{green}%n@%m%f%F{white}:%f%F{blue}%~%f%F{white}$%f /usr/local/bin/cmake --build /home/xinzhu/sentry_ws/build/rm_robot_description -- -j16 -l16
[0.745s] Invoked command in '/home/xinzhu/sentry_ws/build/rm_robot_description' returned '0': CMAKE_PREFIX_PATH=${CMAKE_PREFIX_PATH}:/home/xinzhu/Desktop/sentry_ws/install/control_panel:/opt/ros/humble PS1=%F{green}%n@%m%f%F{white}:%f%F{blue}%~%f%F{white}$%f /usr/local/bin/cmake --build /home/xinzhu/sentry_ws/build/rm_robot_description -- -j16 -l16
[0.748s] Invoking command in '/home/xinzhu/sentry_ws/build/rm_robot_description': CMAKE_PREFIX_PATH=${CMAKE_PREFIX_PATH}:/home/xinzhu/Desktop/sentry_ws/install/control_panel:/opt/ros/humble PS1=%F{green}%n@%m%f%F{white}:%f%F{blue}%~%f%F{white}$%f /usr/local/bin/cmake --install /home/xinzhu/sentry_ws/build/rm_robot_description
[0.812s] -- Install configuration: "Release"
[0.812s] -- Execute custom install script
[0.812s] -- Up-to-date symlink: /home/xinzhu/sentry_ws/install/rm_robot_description/share/rm_robot_description/urdf/rm_gimbal.urdf.xacro
[0.813s] -- Up-to-date symlink: /home/xinzhu/sentry_ws/install/rm_robot_description/share/rm_robot_description/urdf/robot.urdf
[0.813s] -- Up-to-date symlink: /home/xinzhu/sentry_ws/install/rm_robot_description/share/rm_robot_description/urdf/sentry.urdf.xacro
[0.813s] -- Up-to-date symlink: /home/xinzhu/sentry_ws/install/rm_robot_description/share/ament_index/resource_index/package_run_dependencies/rm_robot_description
[0.813s] -- Up-to-date symlink: /home/xinzhu/sentry_ws/install/rm_robot_description/share/ament_index/resource_index/parent_prefix_path/rm_robot_description
[0.813s] -- Up-to-date symlink: /home/xinzhu/sentry_ws/install/rm_robot_description/share/rm_robot_description/environment/ament_prefix_path.sh
[0.813s] -- Up-to-date symlink: /home/xinzhu/sentry_ws/install/rm_robot_description/share/rm_robot_description/environment/ament_prefix_path.dsv
[0.813s] -- Up-to-date symlink: /home/xinzhu/sentry_ws/install/rm_robot_description/share/rm_robot_description/environment/path.sh
[0.813s] -- Up-to-date symlink: /home/xinzhu/sentry_ws/install/rm_robot_description/share/rm_robot_description/environment/path.dsv
[0.813s] -- Up-to-date symlink: /home/xinzhu/sentry_ws/install/rm_robot_description/share/rm_robot_description/local_setup.bash
[0.813s] -- Up-to-date symlink: /home/xinzhu/sentry_ws/install/rm_robot_description/share/rm_robot_description/local_setup.sh
[0.813s] -- Up-to-date symlink: /home/xinzhu/sentry_ws/install/rm_robot_description/share/rm_robot_description/local_setup.zsh
[0.813s] -- Up-to-date symlink: /home/xinzhu/sentry_ws/install/rm_robot_description/share/rm_robot_description/local_setup.dsv
[0.813s] -- Symlinking: /home/xinzhu/sentry_ws/install/rm_robot_description/share/rm_robot_description/package.dsv
[0.813s] -- Up-to-date symlink: /home/xinzhu/sentry_ws/install/rm_robot_description/share/ament_index/resource_index/packages/rm_robot_description
[0.813s] -- Up-to-date symlink: /home/xinzhu/sentry_ws/install/rm_robot_description/share/rm_robot_description/cmake/rm_robot_descriptionConfig.cmake
[0.813s] -- Up-to-date symlink: /home/xinzhu/sentry_ws/install/rm_robot_description/share/rm_robot_description/cmake/rm_robot_descriptionConfig-version.cmake
[0.813s] -- Up-to-date symlink: /home/xinzhu/sentry_ws/install/rm_robot_description/share/rm_robot_description/package.xml
[0.829s] Invoked command in '/home/xinzhu/sentry_ws/build/rm_robot_description' returned '0': CMAKE_PREFIX_PATH=${CMAKE_PREFIX_PATH}:/home/xinzhu/Desktop/sentry_ws/install/control_panel:/opt/ros/humble PS1=%F{green}%n@%m%f%F{white}:%f%F{blue}%~%f%F{white}$%f /usr/local/bin/cmake --install /home/xinzhu/sentry_ws/build/rm_robot_description
