[0.237s] Invoking command in '/home/xinzhu/sentry_ws/build/sentry_description': CMAKE_PREFIX_PATH=${CMAKE_PREFIX_PATH}:/home/xinzhu/Desktop/sentry_ws/install/control_panel:/opt/ros/humble PS1=%F{green}%n@%m%f%F{white}:%f%F{blue}%~%f%F{white}$%f /usr/local/bin/cmake /home/xinzhu/sentry_ws/src/sentry_description -DAMENT_CMAKE_SYMLINK_INSTALL=1 -DCMAKE_INSTALL_PREFIX=/home/xinzhu/sentry_ws/install/sentry_description
[0.499s] -- Found ament_cmake: 1.3.13 (/opt/ros/humble/share/ament_cmake/cmake)
[0.499s] -- Override CMake install command with custom implementation using symlinks instead of copying resources
[0.499s] -- Found ament_lint_auto: 0.12.15 (/opt/ros/humble/share/ament_lint_auto/cmake)
[0.499s] [0mCMake Deprecation Warning at CMakeLists.txt:1 (cmake_minimum_required):
[0.499s]   Compatibility with CMake < 3.10 will be removed from a future version of
[0.501s]   CMake.
[0.501s] 
[0.501s]   Update the VERSION argument <min> value.  Or, use the <min>...<max> syntax
[0.501s]   to tell CMake that the project requires at least <min> but has been updated
[0.501s]   to work with policies introduced by <max> or earlier.
[0.502s] 
[0.502s] [0m
[0.561s] -- Added test 'copyright' to check source files copyright and LICENSE
[0.564s] -- Added test 'flake8' to check Python code syntax and style conventions
[0.564s] -- Added test 'lint_cmake' to check CMake code style
[0.565s] -- Added test 'pep257' to check Python code against some of the docstring style conventions in PEP 257
[0.565s] -- Added test 'xmllint' to check XML markup files
[0.567s] -- Configuring done (0.3s)
[0.574s] -- Generating done (0.0s)
[0.576s] -- Build files have been written to: /home/xinzhu/sentry_ws/build/sentry_description
[0.580s] Invoked command in '/home/xinzhu/sentry_ws/build/sentry_description' returned '0': CMAKE_PREFIX_PATH=${CMAKE_PREFIX_PATH}:/home/xinzhu/Desktop/sentry_ws/install/control_panel:/opt/ros/humble PS1=%F{green}%n@%m%f%F{white}:%f%F{blue}%~%f%F{white}$%f /usr/local/bin/cmake /home/xinzhu/sentry_ws/src/sentry_description -DAMENT_CMAKE_SYMLINK_INSTALL=1 -DCMAKE_INSTALL_PREFIX=/home/xinzhu/sentry_ws/install/sentry_description
[0.582s] Invoking command in '/home/xinzhu/sentry_ws/build/sentry_description': CMAKE_PREFIX_PATH=${CMAKE_PREFIX_PATH}:/home/xinzhu/Desktop/sentry_ws/install/control_panel:/opt/ros/humble PS1=%F{green}%n@%m%f%F{white}:%f%F{blue}%~%f%F{white}$%f /usr/local/bin/cmake --build /home/xinzhu/sentry_ws/build/sentry_description -- -j16 -l16
[0.733s] Invoked command in '/home/xinzhu/sentry_ws/build/sentry_description' returned '0': CMAKE_PREFIX_PATH=${CMAKE_PREFIX_PATH}:/home/xinzhu/Desktop/sentry_ws/install/control_panel:/opt/ros/humble PS1=%F{green}%n@%m%f%F{white}:%f%F{blue}%~%f%F{white}$%f /usr/local/bin/cmake --build /home/xinzhu/sentry_ws/build/sentry_description -- -j16 -l16
[0.734s] Invoking command in '/home/xinzhu/sentry_ws/build/sentry_description': CMAKE_PREFIX_PATH=${CMAKE_PREFIX_PATH}:/home/xinzhu/Desktop/sentry_ws/install/control_panel:/opt/ros/humble PS1=%F{green}%n@%m%f%F{white}:%f%F{blue}%~%f%F{white}$%f /usr/local/bin/cmake --install /home/xinzhu/sentry_ws/build/sentry_description
[0.760s] -- Install configuration: "Release"
[0.760s] -- Execute custom install script
[0.760s] -- Up-to-date symlink: /home/xinzhu/sentry_ws/install/sentry_description/share/sentry_description/launch/view_model.launch.py
[0.760s] -- Up-to-date symlink: /home/xinzhu/sentry_ws/install/sentry_description/share/sentry_description/launch/view_model.rviz
[0.761s] -- Up-to-date symlink: /home/xinzhu/sentry_ws/install/sentry_description/share/sentry_description/meshes/base_link.STL
[0.761s] -- Up-to-date symlink: /home/xinzhu/sentry_ws/install/sentry_description/share/sentry_description/meshes/camera_link.STL
[0.761s] -- Up-to-date symlink: /home/xinzhu/sentry_ws/install/sentry_description/share/sentry_description/meshes/gimbal_odom.STL
[0.761s] -- Up-to-date symlink: /home/xinzhu/sentry_ws/install/sentry_description/share/sentry_description/meshes/lidar_link.STL
[0.761s] -- Up-to-date symlink: /home/xinzhu/sentry_ws/install/sentry_description/share/sentry_description/meshes/pitch_link.STL
[0.761s] -- Up-to-date symlink: /home/xinzhu/sentry_ws/install/sentry_description/share/sentry_description/meshes/shoot_link.STL
[0.761s] -- Up-to-date symlink: /home/xinzhu/sentry_ws/install/sentry_description/share/sentry_description/meshes/yaw_link.STL
[0.761s] -- Up-to-date symlink: /home/xinzhu/sentry_ws/install/sentry_description/share/sentry_description/urdf/sentry_description.urdf
[0.761s] -- Up-to-date symlink: /home/xinzhu/sentry_ws/install/sentry_description/share/ament_index/resource_index/package_run_dependencies/sentry_description
[0.761s] -- Up-to-date symlink: /home/xinzhu/sentry_ws/install/sentry_description/share/ament_index/resource_index/parent_prefix_path/sentry_description
[0.761s] -- Up-to-date symlink: /home/xinzhu/sentry_ws/install/sentry_description/share/sentry_description/environment/ament_prefix_path.sh
[0.761s] -- Up-to-date symlink: /home/xinzhu/sentry_ws/install/sentry_description/share/sentry_description/environment/ament_prefix_path.dsv
[0.761s] -- Up-to-date symlink: /home/xinzhu/sentry_ws/install/sentry_description/share/sentry_description/environment/path.sh
[0.761s] -- Up-to-date symlink: /home/xinzhu/sentry_ws/install/sentry_description/share/sentry_description/environment/path.dsv
[0.761s] -- Up-to-date symlink: /home/xinzhu/sentry_ws/install/sentry_description/share/sentry_description/local_setup.bash
[0.761s] -- Up-to-date symlink: /home/xinzhu/sentry_ws/install/sentry_description/share/sentry_description/local_setup.sh
[0.761s] -- Up-to-date symlink: /home/xinzhu/sentry_ws/install/sentry_description/share/sentry_description/local_setup.zsh
[0.761s] -- Up-to-date symlink: /home/xinzhu/sentry_ws/install/sentry_description/share/sentry_description/local_setup.dsv
[0.761s] -- Symlinking: /home/xinzhu/sentry_ws/install/sentry_description/share/sentry_description/package.dsv
[0.761s] -- Up-to-date symlink: /home/xinzhu/sentry_ws/install/sentry_description/share/ament_index/resource_index/packages/sentry_description
[0.761s] -- Up-to-date symlink: /home/xinzhu/sentry_ws/install/sentry_description/share/sentry_description/cmake/sentry_descriptionConfig.cmake
[0.761s] -- Up-to-date symlink: /home/xinzhu/sentry_ws/install/sentry_description/share/sentry_description/cmake/sentry_descriptionConfig-version.cmake
[0.762s] -- Up-to-date symlink: /home/xinzhu/sentry_ws/install/sentry_description/share/sentry_description/package.xml
[0.792s] Invoked command in '/home/xinzhu/sentry_ws/build/sentry_description' returned '0': CMAKE_PREFIX_PATH=${CMAKE_PREFIX_PATH}:/home/xinzhu/Desktop/sentry_ws/install/control_panel:/opt/ros/humble PS1=%F{green}%n@%m%f%F{white}:%f%F{blue}%~%f%F{white}$%f /usr/local/bin/cmake --install /home/xinzhu/sentry_ws/build/sentry_description
