[  1%] Built target rm_interfaces__cpp
[  1%] Built target ament_cmake_python_symlink_rm_interfaces
[ 12%] Built target rm_interfaces__rosidl_generator_c
[ 24%] Built target rm_interfaces__rosidl_typesupport_cpp
[ 35%] Built target rm_interfaces__rosidl_typesupport_fastrtps_cpp
[ 46%] Built target rm_interfaces__rosidl_typesupport_c
[ 58%] Built target rm_interfaces__rosidl_typesupport_introspection_cpp
[ 69%] Built target rm_interfaces__rosidl_typesupport_fastrtps_c
[ 81%] Built target rm_interfaces__rosidl_typesupport_introspection_c
[ 81%] Built target rm_interfaces
[ 82%] Built target rm_interfaces__py
[ 92%] Built target rm_interfaces__rosidl_generator_py
[ 94%] Built target rm_interfaces__rosidl_typesupport_fastrtps_c__pyext
[ 97%] Built target rm_interfaces__rosidl_typesupport_introspection_c__pyext
[100%] Built target rm_interfaces__rosidl_typesupport_c__pyext
running egg_info
writing rm_interfaces.egg-info/PKG-INFO
writing dependency_links to rm_interfaces.egg-info/dependency_links.txt
writing top-level names to rm_interfaces.egg-info/top_level.txt
reading manifest file 'rm_interfaces.egg-info/SOURCES.txt'
writing manifest file 'rm_interfaces.egg-info/SOURCES.txt'
[100%] Built target ament_cmake_python_build_rm_interfaces_egg
-- Install configuration: "Release"
-- Execute custom install script
-- Up-to-date symlink: /home/xinzhu/sentry_ws/install/rm_interfaces/share/ament_index/resource_index/rosidl_interfaces/rm_interfaces
-- Up-to-date symlink: /home/xinzhu/sentry_ws/install/rm_interfaces/include/rm_interfaces/rm_interfaces/msg/chassis_cmd.h
-- Up-to-date symlink: /home/xinzhu/sentry_ws/install/rm_interfaces/include/rm_interfaces/rm_interfaces/msg/detail/chassis_cmd__functions.h
-- Up-to-date symlink: /home/xinzhu/sentry_ws/install/rm_interfaces/include/rm_interfaces/rm_interfaces/msg/detail/chassis_cmd__struct.h
-- Up-to-date symlink: /home/xinzhu/sentry_ws/install/rm_interfaces/include/rm_interfaces/rm_interfaces/msg/detail/chassis_cmd__type_support.h
-- Up-to-date symlink: /home/xinzhu/sentry_ws/install/rm_interfaces/include/rm_interfaces/rm_interfaces/msg/detail/game_state__functions.h
-- Up-to-date symlink: /home/xinzhu/sentry_ws/install/rm_interfaces/include/rm_interfaces/rm_interfaces/msg/detail/game_state__struct.h
-- Up-to-date symlink: /home/xinzhu/sentry_ws/install/rm_interfaces/include/rm_interfaces/rm_interfaces/msg/detail/game_state__type_support.h
-- Up-to-date symlink: /home/xinzhu/sentry_ws/install/rm_interfaces/include/rm_interfaces/rm_interfaces/msg/detail/gimbal__functions.h
-- Up-to-date symlink: /home/xinzhu/sentry_ws/install/rm_interfaces/include/rm_interfaces/rm_interfaces/msg/detail/gimbal__struct.h
-- Up-to-date symlink: /home/xinzhu/sentry_ws/install/rm_interfaces/include/rm_interfaces/rm_interfaces/msg/detail/gimbal__type_support.h
-- Up-to-date symlink: /home/xinzhu/sentry_ws/install/rm_interfaces/include/rm_interfaces/rm_interfaces/msg/detail/gimbal_cmd__functions.h
-- Up-to-date symlink: /home/xinzhu/sentry_ws/install/rm_interfaces/include/rm_interfaces/rm_interfaces/msg/detail/gimbal_cmd__struct.h
-- Up-to-date symlink: /home/xinzhu/sentry_ws/install/rm_interfaces/include/rm_interfaces/rm_interfaces/msg/detail/gimbal_cmd__type_support.h
-- Up-to-date symlink: /home/xinzhu/sentry_ws/install/rm_interfaces/include/rm_interfaces/rm_interfaces/msg/detail/robot_mode__functions.h
-- Up-to-date symlink: /home/xinzhu/sentry_ws/install/rm_interfaces/include/rm_interfaces/rm_interfaces/msg/detail/robot_mode__struct.h
-- Up-to-date symlink: /home/xinzhu/sentry_ws/install/rm_interfaces/include/rm_interfaces/rm_interfaces/msg/detail/robot_mode__type_support.h
-- Up-to-date symlink: /home/xinzhu/sentry_ws/install/rm_interfaces/include/rm_interfaces/rm_interfaces/msg/detail/sentry_cmd__functions.h
-- Up-to-date symlink: /home/xinzhu/sentry_ws/install/rm_interfaces/include/rm_interfaces/rm_interfaces/msg/detail/sentry_cmd__struct.h
-- Up-to-date symlink: /home/xinzhu/sentry_ws/install/rm_interfaces/include/rm_interfaces/rm_interfaces/msg/detail/sentry_cmd__type_support.h
-- Up-to-date symlink: /home/xinzhu/sentry_ws/install/rm_interfaces/include/rm_interfaces/rm_interfaces/msg/detail/shoot_cmd__functions.h
-- Up-to-date symlink: /home/xinzhu/sentry_ws/install/rm_interfaces/include/rm_interfaces/rm_interfaces/msg/detail/shoot_cmd__struct.h
-- Up-to-date symlink: /home/xinzhu/sentry_ws/install/rm_interfaces/include/rm_interfaces/rm_interfaces/msg/detail/shoot_cmd__type_support.h
-- Up-to-date symlink: /home/xinzhu/sentry_ws/install/rm_interfaces/include/rm_interfaces/rm_interfaces/msg/game_state.h
-- Up-to-date symlink: /home/xinzhu/sentry_ws/install/rm_interfaces/include/rm_interfaces/rm_interfaces/msg/gimbal.h
-- Up-to-date symlink: /home/xinzhu/sentry_ws/install/rm_interfaces/include/rm_interfaces/rm_interfaces/msg/gimbal_cmd.h
-- Up-to-date symlink: /home/xinzhu/sentry_ws/install/rm_interfaces/include/rm_interfaces/rm_interfaces/msg/robot_mode.h
-- Up-to-date symlink: /home/xinzhu/sentry_ws/install/rm_interfaces/include/rm_interfaces/rm_interfaces/msg/rosidl_generator_c__visibility_control.h
-- Up-to-date symlink: /home/xinzhu/sentry_ws/install/rm_interfaces/include/rm_interfaces/rm_interfaces/msg/sentry_cmd.h
-- Up-to-date symlink: /home/xinzhu/sentry_ws/install/rm_interfaces/include/rm_interfaces/rm_interfaces/msg/shoot_cmd.h
-- Up-to-date symlink: /home/xinzhu/sentry_ws/install/rm_interfaces/share/rm_interfaces/environment/library_path.sh
-- Up-to-date symlink: /home/xinzhu/sentry_ws/install/rm_interfaces/share/rm_interfaces/environment/library_path.dsv
-- Up-to-date symlink: /home/xinzhu/sentry_ws/install/rm_interfaces/include/rm_interfaces/rm_interfaces/msg/detail/chassis_cmd__rosidl_typesupport_fastrtps_c.h
-- Up-to-date symlink: /home/xinzhu/sentry_ws/install/rm_interfaces/include/rm_interfaces/rm_interfaces/msg/detail/game_state__rosidl_typesupport_fastrtps_c.h
-- Up-to-date symlink: /home/xinzhu/sentry_ws/install/rm_interfaces/include/rm_interfaces/rm_interfaces/msg/detail/gimbal__rosidl_typesupport_fastrtps_c.h
-- Up-to-date symlink: /home/xinzhu/sentry_ws/install/rm_interfaces/include/rm_interfaces/rm_interfaces/msg/detail/gimbal_cmd__rosidl_typesupport_fastrtps_c.h
-- Up-to-date symlink: /home/xinzhu/sentry_ws/install/rm_interfaces/include/rm_interfaces/rm_interfaces/msg/detail/robot_mode__rosidl_typesupport_fastrtps_c.h
-- Up-to-date symlink: /home/xinzhu/sentry_ws/install/rm_interfaces/include/rm_interfaces/rm_interfaces/msg/detail/sentry_cmd__rosidl_typesupport_fastrtps_c.h
-- Up-to-date symlink: /home/xinzhu/sentry_ws/install/rm_interfaces/include/rm_interfaces/rm_interfaces/msg/detail/shoot_cmd__rosidl_typesupport_fastrtps_c.h
-- Up-to-date symlink: /home/xinzhu/sentry_ws/install/rm_interfaces/include/rm_interfaces/rm_interfaces/msg/rosidl_typesupport_fastrtps_c__visibility_control.h
-- Up-to-date symlink: /home/xinzhu/sentry_ws/install/rm_interfaces/include/rm_interfaces/rm_interfaces/msg/detail/chassis_cmd__rosidl_typesupport_introspection_c.h
-- Up-to-date symlink: /home/xinzhu/sentry_ws/install/rm_interfaces/include/rm_interfaces/rm_interfaces/msg/detail/game_state__rosidl_typesupport_introspection_c.h
-- Up-to-date symlink: /home/xinzhu/sentry_ws/install/rm_interfaces/include/rm_interfaces/rm_interfaces/msg/detail/gimbal__rosidl_typesupport_introspection_c.h
-- Up-to-date symlink: /home/xinzhu/sentry_ws/install/rm_interfaces/include/rm_interfaces/rm_interfaces/msg/detail/gimbal_cmd__rosidl_typesupport_introspection_c.h
-- Up-to-date symlink: /home/xinzhu/sentry_ws/install/rm_interfaces/include/rm_interfaces/rm_interfaces/msg/detail/robot_mode__rosidl_typesupport_introspection_c.h
-- Up-to-date symlink: /home/xinzhu/sentry_ws/install/rm_interfaces/include/rm_interfaces/rm_interfaces/msg/detail/sentry_cmd__rosidl_typesupport_introspection_c.h
-- Up-to-date symlink: /home/xinzhu/sentry_ws/install/rm_interfaces/include/rm_interfaces/rm_interfaces/msg/detail/shoot_cmd__rosidl_typesupport_introspection_c.h
-- Up-to-date symlink: /home/xinzhu/sentry_ws/install/rm_interfaces/include/rm_interfaces/rm_interfaces/msg/rosidl_typesupport_introspection_c__visibility_control.h
-- Up-to-date symlink: /home/xinzhu/sentry_ws/install/rm_interfaces/include/rm_interfaces/rm_interfaces/msg/chassis_cmd.hpp
-- Up-to-date symlink: /home/xinzhu/sentry_ws/install/rm_interfaces/include/rm_interfaces/rm_interfaces/msg/detail/chassis_cmd__builder.hpp
-- Up-to-date symlink: /home/xinzhu/sentry_ws/install/rm_interfaces/include/rm_interfaces/rm_interfaces/msg/detail/chassis_cmd__struct.hpp
-- Up-to-date symlink: /home/xinzhu/sentry_ws/install/rm_interfaces/include/rm_interfaces/rm_interfaces/msg/detail/chassis_cmd__traits.hpp
-- Up-to-date symlink: /home/xinzhu/sentry_ws/install/rm_interfaces/include/rm_interfaces/rm_interfaces/msg/detail/chassis_cmd__type_support.hpp
-- Up-to-date symlink: /home/xinzhu/sentry_ws/install/rm_interfaces/include/rm_interfaces/rm_interfaces/msg/detail/game_state__builder.hpp
-- Up-to-date symlink: /home/xinzhu/sentry_ws/install/rm_interfaces/include/rm_interfaces/rm_interfaces/msg/detail/game_state__struct.hpp
-- Up-to-date symlink: /home/xinzhu/sentry_ws/install/rm_interfaces/include/rm_interfaces/rm_interfaces/msg/detail/game_state__traits.hpp
-- Up-to-date symlink: /home/xinzhu/sentry_ws/install/rm_interfaces/include/rm_interfaces/rm_interfaces/msg/detail/game_state__type_support.hpp
-- Up-to-date symlink: /home/xinzhu/sentry_ws/install/rm_interfaces/include/rm_interfaces/rm_interfaces/msg/detail/gimbal__builder.hpp
-- Up-to-date symlink: /home/xinzhu/sentry_ws/install/rm_interfaces/include/rm_interfaces/rm_interfaces/msg/detail/gimbal__struct.hpp
-- Up-to-date symlink: /home/xinzhu/sentry_ws/install/rm_interfaces/include/rm_interfaces/rm_interfaces/msg/detail/gimbal__traits.hpp
-- Up-to-date symlink: /home/xinzhu/sentry_ws/install/rm_interfaces/include/rm_interfaces/rm_interfaces/msg/detail/gimbal__type_support.hpp
-- Up-to-date symlink: /home/xinzhu/sentry_ws/install/rm_interfaces/include/rm_interfaces/rm_interfaces/msg/detail/gimbal_cmd__builder.hpp
-- Up-to-date symlink: /home/xinzhu/sentry_ws/install/rm_interfaces/include/rm_interfaces/rm_interfaces/msg/detail/gimbal_cmd__struct.hpp
-- Up-to-date symlink: /home/xinzhu/sentry_ws/install/rm_interfaces/include/rm_interfaces/rm_interfaces/msg/detail/gimbal_cmd__traits.hpp
-- Up-to-date symlink: /home/xinzhu/sentry_ws/install/rm_interfaces/include/rm_interfaces/rm_interfaces/msg/detail/gimbal_cmd__type_support.hpp
-- Up-to-date symlink: /home/xinzhu/sentry_ws/install/rm_interfaces/include/rm_interfaces/rm_interfaces/msg/detail/robot_mode__builder.hpp
-- Up-to-date symlink: /home/xinzhu/sentry_ws/install/rm_interfaces/include/rm_interfaces/rm_interfaces/msg/detail/robot_mode__struct.hpp
-- Up-to-date symlink: /home/xinzhu/sentry_ws/install/rm_interfaces/include/rm_interfaces/rm_interfaces/msg/detail/robot_mode__traits.hpp
-- Up-to-date symlink: /home/xinzhu/sentry_ws/install/rm_interfaces/include/rm_interfaces/rm_interfaces/msg/detail/robot_mode__type_support.hpp
-- Up-to-date symlink: /home/xinzhu/sentry_ws/install/rm_interfaces/include/rm_interfaces/rm_interfaces/msg/detail/sentry_cmd__builder.hpp
-- Up-to-date symlink: /home/xinzhu/sentry_ws/install/rm_interfaces/include/rm_interfaces/rm_interfaces/msg/detail/sentry_cmd__struct.hpp
-- Up-to-date symlink: /home/xinzhu/sentry_ws/install/rm_interfaces/include/rm_interfaces/rm_interfaces/msg/detail/sentry_cmd__traits.hpp
-- Up-to-date symlink: /home/xinzhu/sentry_ws/install/rm_interfaces/include/rm_interfaces/rm_interfaces/msg/detail/sentry_cmd__type_support.hpp
-- Up-to-date symlink: /home/xinzhu/sentry_ws/install/rm_interfaces/include/rm_interfaces/rm_interfaces/msg/detail/shoot_cmd__builder.hpp
-- Up-to-date symlink: /home/xinzhu/sentry_ws/install/rm_interfaces/include/rm_interfaces/rm_interfaces/msg/detail/shoot_cmd__struct.hpp
-- Up-to-date symlink: /home/xinzhu/sentry_ws/install/rm_interfaces/include/rm_interfaces/rm_interfaces/msg/detail/shoot_cmd__traits.hpp
-- Up-to-date symlink: /home/xinzhu/sentry_ws/install/rm_interfaces/include/rm_interfaces/rm_interfaces/msg/detail/shoot_cmd__type_support.hpp
-- Up-to-date symlink: /home/xinzhu/sentry_ws/install/rm_interfaces/include/rm_interfaces/rm_interfaces/msg/game_state.hpp
-- Up-to-date symlink: /home/xinzhu/sentry_ws/install/rm_interfaces/include/rm_interfaces/rm_interfaces/msg/gimbal.hpp
-- Up-to-date symlink: /home/xinzhu/sentry_ws/install/rm_interfaces/include/rm_interfaces/rm_interfaces/msg/gimbal_cmd.hpp
-- Up-to-date symlink: /home/xinzhu/sentry_ws/install/rm_interfaces/include/rm_interfaces/rm_interfaces/msg/robot_mode.hpp
-- Up-to-date symlink: /home/xinzhu/sentry_ws/install/rm_interfaces/include/rm_interfaces/rm_interfaces/msg/rosidl_generator_cpp__visibility_control.hpp
-- Up-to-date symlink: /home/xinzhu/sentry_ws/install/rm_interfaces/include/rm_interfaces/rm_interfaces/msg/sentry_cmd.hpp
-- Up-to-date symlink: /home/xinzhu/sentry_ws/install/rm_interfaces/include/rm_interfaces/rm_interfaces/msg/shoot_cmd.hpp
-- Up-to-date symlink: /home/xinzhu/sentry_ws/install/rm_interfaces/include/rm_interfaces/rm_interfaces/msg/detail/chassis_cmd__rosidl_typesupport_fastrtps_cpp.hpp
-- Up-to-date symlink: /home/xinzhu/sentry_ws/install/rm_interfaces/include/rm_interfaces/rm_interfaces/msg/detail/game_state__rosidl_typesupport_fastrtps_cpp.hpp
-- Up-to-date symlink: /home/xinzhu/sentry_ws/install/rm_interfaces/include/rm_interfaces/rm_interfaces/msg/detail/gimbal__rosidl_typesupport_fastrtps_cpp.hpp
-- Up-to-date symlink: /home/xinzhu/sentry_ws/install/rm_interfaces/include/rm_interfaces/rm_interfaces/msg/detail/gimbal_cmd__rosidl_typesupport_fastrtps_cpp.hpp
-- Up-to-date symlink: /home/xinzhu/sentry_ws/install/rm_interfaces/include/rm_interfaces/rm_interfaces/msg/detail/robot_mode__rosidl_typesupport_fastrtps_cpp.hpp
-- Up-to-date symlink: /home/xinzhu/sentry_ws/install/rm_interfaces/include/rm_interfaces/rm_interfaces/msg/detail/sentry_cmd__rosidl_typesupport_fastrtps_cpp.hpp
-- Up-to-date symlink: /home/xinzhu/sentry_ws/install/rm_interfaces/include/rm_interfaces/rm_interfaces/msg/detail/shoot_cmd__rosidl_typesupport_fastrtps_cpp.hpp
-- Up-to-date symlink: /home/xinzhu/sentry_ws/install/rm_interfaces/include/rm_interfaces/rm_interfaces/msg/rosidl_typesupport_fastrtps_cpp__visibility_control.h
-- Up-to-date symlink: /home/xinzhu/sentry_ws/install/rm_interfaces/include/rm_interfaces/rm_interfaces/msg/detail/chassis_cmd__rosidl_typesupport_introspection_cpp.hpp
-- Up-to-date symlink: /home/xinzhu/sentry_ws/install/rm_interfaces/include/rm_interfaces/rm_interfaces/msg/detail/game_state__rosidl_typesupport_introspection_cpp.hpp
-- Up-to-date symlink: /home/xinzhu/sentry_ws/install/rm_interfaces/include/rm_interfaces/rm_interfaces/msg/detail/gimbal__rosidl_typesupport_introspection_cpp.hpp
-- Up-to-date symlink: /home/xinzhu/sentry_ws/install/rm_interfaces/include/rm_interfaces/rm_interfaces/msg/detail/gimbal_cmd__rosidl_typesupport_introspection_cpp.hpp
-- Up-to-date symlink: /home/xinzhu/sentry_ws/install/rm_interfaces/include/rm_interfaces/rm_interfaces/msg/detail/robot_mode__rosidl_typesupport_introspection_cpp.hpp
-- Up-to-date symlink: /home/xinzhu/sentry_ws/install/rm_interfaces/include/rm_interfaces/rm_interfaces/msg/detail/sentry_cmd__rosidl_typesupport_introspection_cpp.hpp
-- Up-to-date symlink: /home/xinzhu/sentry_ws/install/rm_interfaces/include/rm_interfaces/rm_interfaces/msg/detail/shoot_cmd__rosidl_typesupport_introspection_cpp.hpp
-- Up-to-date symlink: /home/xinzhu/sentry_ws/install/rm_interfaces/share/rm_interfaces/environment/pythonpath.sh
-- Up-to-date symlink: /home/xinzhu/sentry_ws/install/rm_interfaces/share/rm_interfaces/environment/pythonpath.dsv
-- Up-to-date symlink: /home/xinzhu/sentry_ws/install/rm_interfaces/local/lib/python3.10/dist-packages/rm_interfaces-0.0.1-py3.10.egg-info/PKG-INFO
-- Up-to-date symlink: /home/xinzhu/sentry_ws/install/rm_interfaces/local/lib/python3.10/dist-packages/rm_interfaces-0.0.1-py3.10.egg-info/SOURCES.txt
-- Up-to-date symlink: /home/xinzhu/sentry_ws/install/rm_interfaces/local/lib/python3.10/dist-packages/rm_interfaces-0.0.1-py3.10.egg-info/dependency_links.txt
-- Up-to-date symlink: /home/xinzhu/sentry_ws/install/rm_interfaces/local/lib/python3.10/dist-packages/rm_interfaces-0.0.1-py3.10.egg-info/top_level.txt
-- Up-to-date symlink: /home/xinzhu/sentry_ws/install/rm_interfaces/local/lib/python3.10/dist-packages/rm_interfaces/__init__.py
-- Up-to-date symlink: /home/xinzhu/sentry_ws/install/rm_interfaces/local/lib/python3.10/dist-packages/rm_interfaces/_rm_interfaces_s.ep.rosidl_typesupport_c.c
-- Up-to-date symlink: /home/xinzhu/sentry_ws/install/rm_interfaces/local/lib/python3.10/dist-packages/rm_interfaces/_rm_interfaces_s.ep.rosidl_typesupport_fastrtps_c.c
-- Up-to-date symlink: /home/xinzhu/sentry_ws/install/rm_interfaces/local/lib/python3.10/dist-packages/rm_interfaces/_rm_interfaces_s.ep.rosidl_typesupport_introspection_c.c
-- Up-to-date symlink: /home/xinzhu/sentry_ws/install/rm_interfaces/local/lib/python3.10/dist-packages/rm_interfaces/librm_interfaces__rosidl_generator_py.so
-- Up-to-date symlink: /home/xinzhu/sentry_ws/install/rm_interfaces/local/lib/python3.10/dist-packages/rm_interfaces/msg/__init__.py
-- Up-to-date symlink: /home/xinzhu/sentry_ws/install/rm_interfaces/local/lib/python3.10/dist-packages/rm_interfaces/msg/_chassis_cmd.py
-- Up-to-date symlink: /home/xinzhu/sentry_ws/install/rm_interfaces/local/lib/python3.10/dist-packages/rm_interfaces/msg/_chassis_cmd_s.c
-- Up-to-date symlink: /home/xinzhu/sentry_ws/install/rm_interfaces/local/lib/python3.10/dist-packages/rm_interfaces/msg/_game_state.py
-- Up-to-date symlink: /home/xinzhu/sentry_ws/install/rm_interfaces/local/lib/python3.10/dist-packages/rm_interfaces/msg/_game_state_s.c
-- Up-to-date symlink: /home/xinzhu/sentry_ws/install/rm_interfaces/local/lib/python3.10/dist-packages/rm_interfaces/msg/_gimbal.py
-- Up-to-date symlink: /home/xinzhu/sentry_ws/install/rm_interfaces/local/lib/python3.10/dist-packages/rm_interfaces/msg/_gimbal_cmd.py
-- Up-to-date symlink: /home/xinzhu/sentry_ws/install/rm_interfaces/local/lib/python3.10/dist-packages/rm_interfaces/msg/_gimbal_cmd_s.c
-- Up-to-date symlink: /home/xinzhu/sentry_ws/install/rm_interfaces/local/lib/python3.10/dist-packages/rm_interfaces/msg/_gimbal_s.c
-- Up-to-date symlink: /home/xinzhu/sentry_ws/install/rm_interfaces/local/lib/python3.10/dist-packages/rm_interfaces/msg/_robot_mode.py
-- Up-to-date symlink: /home/xinzhu/sentry_ws/install/rm_interfaces/local/lib/python3.10/dist-packages/rm_interfaces/msg/_robot_mode_s.c
-- Up-to-date symlink: /home/xinzhu/sentry_ws/install/rm_interfaces/local/lib/python3.10/dist-packages/rm_interfaces/msg/_sentry_cmd.py
-- Up-to-date symlink: /home/xinzhu/sentry_ws/install/rm_interfaces/local/lib/python3.10/dist-packages/rm_interfaces/msg/_sentry_cmd_s.c
-- Up-to-date symlink: /home/xinzhu/sentry_ws/install/rm_interfaces/local/lib/python3.10/dist-packages/rm_interfaces/msg/_shoot_cmd.py
-- Up-to-date symlink: /home/xinzhu/sentry_ws/install/rm_interfaces/local/lib/python3.10/dist-packages/rm_interfaces/msg/_shoot_cmd_s.c
-- Up-to-date symlink: /home/xinzhu/sentry_ws/install/rm_interfaces/local/lib/python3.10/dist-packages/rm_interfaces/rm_interfaces_s__rosidl_typesupport_c.cpython-310-x86_64-linux-gnu.so
-- Up-to-date symlink: /home/xinzhu/sentry_ws/install/rm_interfaces/local/lib/python3.10/dist-packages/rm_interfaces/rm_interfaces_s__rosidl_typesupport_fastrtps_c.cpython-310-x86_64-linux-gnu.so
-- Up-to-date symlink: /home/xinzhu/sentry_ws/install/rm_interfaces/local/lib/python3.10/dist-packages/rm_interfaces/rm_interfaces_s__rosidl_typesupport_introspection_c.cpython-310-x86_64-linux-gnu.so
-- Up-to-date symlink: /home/xinzhu/sentry_ws/install/rm_interfaces/local/lib/python3.10/dist-packages/rm_interfaces/rm_interfaces_s__rosidl_typesupport_fastrtps_c.cpython-310-x86_64-linux-gnu.so
-- Up-to-date symlink: /home/xinzhu/sentry_ws/install/rm_interfaces/local/lib/python3.10/dist-packages/rm_interfaces/rm_interfaces_s__rosidl_typesupport_introspection_c.cpython-310-x86_64-linux-gnu.so
-- Up-to-date symlink: /home/xinzhu/sentry_ws/install/rm_interfaces/local/lib/python3.10/dist-packages/rm_interfaces/rm_interfaces_s__rosidl_typesupport_c.cpython-310-x86_64-linux-gnu.so
-- Up-to-date symlink: /home/xinzhu/sentry_ws/install/rm_interfaces/share/rm_interfaces/msg/GameState.idl
-- Up-to-date symlink: /home/xinzhu/sentry_ws/install/rm_interfaces/share/rm_interfaces/msg/SentryCmd.idl
-- Up-to-date symlink: /home/xinzhu/sentry_ws/install/rm_interfaces/share/rm_interfaces/msg/ChassisCmd.idl
-- Up-to-date symlink: /home/xinzhu/sentry_ws/install/rm_interfaces/share/rm_interfaces/msg/Gimbal.idl
-- Up-to-date symlink: /home/xinzhu/sentry_ws/install/rm_interfaces/share/rm_interfaces/msg/GimbalCmd.idl
-- Up-to-date symlink: /home/xinzhu/sentry_ws/install/rm_interfaces/share/rm_interfaces/msg/ShootCmd.idl
-- Up-to-date symlink: /home/xinzhu/sentry_ws/install/rm_interfaces/share/rm_interfaces/msg/RobotMode.idl
-- Up-to-date symlink: /home/xinzhu/sentry_ws/install/rm_interfaces/share/rm_interfaces/referee/GameState.msg
-- Up-to-date symlink: /home/xinzhu/sentry_ws/install/rm_interfaces/share/rm_interfaces/referee/SentryCmd.msg
-- Up-to-date symlink: /home/xinzhu/sentry_ws/install/rm_interfaces/share/rm_interfaces/msg/ChassisCmd.msg
-- Up-to-date symlink: /home/xinzhu/sentry_ws/install/rm_interfaces/share/rm_interfaces/msg/Gimbal.msg
-- Up-to-date symlink: /home/xinzhu/sentry_ws/install/rm_interfaces/share/rm_interfaces/msg/GimbalCmd.msg
-- Up-to-date symlink: /home/xinzhu/sentry_ws/install/rm_interfaces/share/rm_interfaces/msg/ShootCmd.msg
-- Up-to-date symlink: /home/xinzhu/sentry_ws/install/rm_interfaces/share/rm_interfaces/msg/RobotMode.msg
-- Up-to-date symlink: /home/xinzhu/sentry_ws/install/rm_interfaces/share/ament_index/resource_index/package_run_dependencies/rm_interfaces
-- Up-to-date symlink: /home/xinzhu/sentry_ws/install/rm_interfaces/share/ament_index/resource_index/parent_prefix_path/rm_interfaces
-- Up-to-date symlink: /home/xinzhu/sentry_ws/install/rm_interfaces/share/rm_interfaces/environment/ament_prefix_path.sh
-- Up-to-date symlink: /home/xinzhu/sentry_ws/install/rm_interfaces/share/rm_interfaces/environment/ament_prefix_path.dsv
-- Up-to-date symlink: /home/xinzhu/sentry_ws/install/rm_interfaces/share/rm_interfaces/environment/path.sh
-- Up-to-date symlink: /home/xinzhu/sentry_ws/install/rm_interfaces/share/rm_interfaces/environment/path.dsv
-- Up-to-date symlink: /home/xinzhu/sentry_ws/install/rm_interfaces/share/rm_interfaces/local_setup.bash
-- Up-to-date symlink: /home/xinzhu/sentry_ws/install/rm_interfaces/share/rm_interfaces/local_setup.sh
-- Up-to-date symlink: /home/xinzhu/sentry_ws/install/rm_interfaces/share/rm_interfaces/local_setup.zsh
-- Up-to-date symlink: /home/xinzhu/sentry_ws/install/rm_interfaces/share/rm_interfaces/local_setup.dsv
-- Symlinking: /home/xinzhu/sentry_ws/install/rm_interfaces/share/rm_interfaces/package.dsv
-- Up-to-date symlink: /home/xinzhu/sentry_ws/install/rm_interfaces/share/ament_index/resource_index/packages/rm_interfaces
-- Up-to-date symlink: /home/xinzhu/sentry_ws/install/rm_interfaces/share/rm_interfaces/cmake/rosidl_cmake-extras.cmake
-- Up-to-date symlink: /home/xinzhu/sentry_ws/install/rm_interfaces/share/rm_interfaces/cmake/ament_cmake_export_dependencies-extras.cmake
-- Up-to-date symlink: /home/xinzhu/sentry_ws/install/rm_interfaces/share/rm_interfaces/cmake/ament_cmake_export_include_directories-extras.cmake
-- Up-to-date symlink: /home/xinzhu/sentry_ws/install/rm_interfaces/share/rm_interfaces/cmake/ament_cmake_export_libraries-extras.cmake
-- Up-to-date symlink: /home/xinzhu/sentry_ws/install/rm_interfaces/share/rm_interfaces/cmake/ament_cmake_export_targets-extras.cmake
-- Up-to-date symlink: /home/xinzhu/sentry_ws/install/rm_interfaces/share/rm_interfaces/cmake/rosidl_cmake_export_typesupport_targets-extras.cmake
-- Up-to-date symlink: /home/xinzhu/sentry_ws/install/rm_interfaces/share/rm_interfaces/cmake/rosidl_cmake_export_typesupport_libraries-extras.cmake
-- Up-to-date symlink: /home/xinzhu/sentry_ws/install/rm_interfaces/share/rm_interfaces/cmake/rm_interfacesConfig.cmake
-- Up-to-date symlink: /home/xinzhu/sentry_ws/install/rm_interfaces/share/rm_interfaces/cmake/rm_interfacesConfig-version.cmake
-- Up-to-date symlink: /home/xinzhu/sentry_ws/install/rm_interfaces/share/rm_interfaces/package.xml
-- Up-to-date: /home/xinzhu/sentry_ws/install/rm_interfaces/lib/librm_interfaces__rosidl_generator_c.so
-- Up-to-date: /home/xinzhu/sentry_ws/install/rm_interfaces/lib/librm_interfaces__rosidl_typesupport_fastrtps_c.so
-- Up-to-date: /home/xinzhu/sentry_ws/install/rm_interfaces/lib/librm_interfaces__rosidl_typesupport_introspection_c.so
-- Up-to-date: /home/xinzhu/sentry_ws/install/rm_interfaces/lib/librm_interfaces__rosidl_typesupport_c.so
-- Up-to-date: /home/xinzhu/sentry_ws/install/rm_interfaces/lib/librm_interfaces__rosidl_typesupport_fastrtps_cpp.so
-- Up-to-date: /home/xinzhu/sentry_ws/install/rm_interfaces/lib/librm_interfaces__rosidl_typesupport_introspection_cpp.so
-- Up-to-date: /home/xinzhu/sentry_ws/install/rm_interfaces/lib/librm_interfaces__rosidl_typesupport_cpp.so
Listing '/home/xinzhu/sentry_ws/install/rm_interfaces/local/lib/python3.10/dist-packages/rm_interfaces'...
Listing '/home/xinzhu/sentry_ws/install/rm_interfaces/local/lib/python3.10/dist-packages/rm_interfaces/msg'...
-- Up-to-date: /home/xinzhu/sentry_ws/install/rm_interfaces/lib/librm_interfaces__rosidl_generator_py.so
-- Up-to-date: /home/xinzhu/sentry_ws/install/rm_interfaces/share/rm_interfaces/cmake/export_rm_interfaces__rosidl_generator_cExport.cmake
-- Up-to-date: /home/xinzhu/sentry_ws/install/rm_interfaces/share/rm_interfaces/cmake/export_rm_interfaces__rosidl_generator_cExport-release.cmake
-- Up-to-date: /home/xinzhu/sentry_ws/install/rm_interfaces/share/rm_interfaces/cmake/export_rm_interfaces__rosidl_typesupport_fastrtps_cExport.cmake
-- Up-to-date: /home/xinzhu/sentry_ws/install/rm_interfaces/share/rm_interfaces/cmake/export_rm_interfaces__rosidl_typesupport_fastrtps_cExport-release.cmake
-- Up-to-date: /home/xinzhu/sentry_ws/install/rm_interfaces/share/rm_interfaces/cmake/rm_interfaces__rosidl_typesupport_introspection_cExport.cmake
-- Up-to-date: /home/xinzhu/sentry_ws/install/rm_interfaces/share/rm_interfaces/cmake/rm_interfaces__rosidl_typesupport_introspection_cExport-release.cmake
-- Up-to-date: /home/xinzhu/sentry_ws/install/rm_interfaces/share/rm_interfaces/cmake/rm_interfaces__rosidl_typesupport_cExport.cmake
-- Up-to-date: /home/xinzhu/sentry_ws/install/rm_interfaces/share/rm_interfaces/cmake/rm_interfaces__rosidl_typesupport_cExport-release.cmake
-- Up-to-date: /home/xinzhu/sentry_ws/install/rm_interfaces/share/rm_interfaces/cmake/export_rm_interfaces__rosidl_generator_cppExport.cmake
-- Up-to-date: /home/xinzhu/sentry_ws/install/rm_interfaces/share/rm_interfaces/cmake/export_rm_interfaces__rosidl_typesupport_fastrtps_cppExport.cmake
-- Up-to-date: /home/xinzhu/sentry_ws/install/rm_interfaces/share/rm_interfaces/cmake/export_rm_interfaces__rosidl_typesupport_fastrtps_cppExport-release.cmake
-- Up-to-date: /home/xinzhu/sentry_ws/install/rm_interfaces/share/rm_interfaces/cmake/rm_interfaces__rosidl_typesupport_introspection_cppExport.cmake
-- Up-to-date: /home/xinzhu/sentry_ws/install/rm_interfaces/share/rm_interfaces/cmake/rm_interfaces__rosidl_typesupport_introspection_cppExport-release.cmake
-- Up-to-date: /home/xinzhu/sentry_ws/install/rm_interfaces/share/rm_interfaces/cmake/rm_interfaces__rosidl_typesupport_cppExport.cmake
-- Up-to-date: /home/xinzhu/sentry_ws/install/rm_interfaces/share/rm_interfaces/cmake/rm_interfaces__rosidl_typesupport_cppExport-release.cmake
-- Up-to-date: /home/xinzhu/sentry_ws/install/rm_interfaces/share/rm_interfaces/cmake/export_rm_interfaces__rosidl_generator_pyExport.cmake
-- Up-to-date: /home/xinzhu/sentry_ws/install/rm_interfaces/share/rm_interfaces/cmake/export_rm_interfaces__rosidl_generator_pyExport-release.cmake
