-- Found ament_cmake_auto: 1.3.13 (/opt/ros/humble/share/ament_cmake_auto/cmake)
-- Override CMake install command with custom implementation using symlinks instead of copying resources
[33mCMake Warning (dev) at /usr/local/share/cmake-3.31/Modules/FindOpenGL.cmake:415 (message):
  Policy CMP0072 is not set: FindOpenGL prefers GLVND by default when
  available.  Run "cmake --help-policy CMP0072" for policy details.  Use the
  cmake_policy command to set the policy and suppress this warning.

  FindOpenGL found both a legacy GL library:

    OPENGL_gl_LIBRARY: /usr/lib/x86_64-linux-gnu/libGL.so

  and GLVND libraries for OpenGL and GLX:

    OPENGL_opengl_LIBRARY: /usr/lib/x86_64-linux-gnu/libOpenGL.so
    OPENGL_glx_LIBRARY: /usr/lib/x86_64-linux-gnu/libGLX.so

  OpenGL_GL_PREFERENCE has not been set to "GLVND" or "LEGACY", so for
  compatibility with CMake 3.10 and below the legacy GL library will be used.
Call Stack (most recent call first):
  /usr/local/share/cmake-3.31/Modules/CMakeFindDependencyMacro.cmake:76 (find_package)
  /usr/local/lib/cmake/g2o/g2oConfig.cmake:6 (find_dependency)
  CMakeLists.txt:28 (find_package)
This warning is for project developers.  Use -Wno-dev to suppress it.
[0m
-- Found rosidl_generator_c: 3.1.8 (/opt/ros/humble/share/rosidl_generator_c/cmake)
-- Found rosidl_adapter: 3.1.8 (/opt/ros/humble/share/rosidl_adapter/cmake)
-- Found rosidl_generator_cpp: 3.1.8 (/opt/ros/humble/share/rosidl_generator_cpp/cmake)
-- Using all available rosidl_typesupport_c: rosidl_typesupport_fastrtps_c;rosidl_typesupport_introspection_c
-- Using all available rosidl_typesupport_cpp: rosidl_typesupport_fastrtps_cpp;rosidl_typesupport_introspection_cpp
-- Found rmw_implementation_cmake: 6.1.2 (/opt/ros/humble/share/rmw_implementation_cmake/cmake)
-- Found rmw_fastrtps_cpp: 6.2.10 (/opt/ros/humble/share/rmw_fastrtps_cpp/cmake)
-- Using RMW implementation 'rmw_fastrtps_cpp' as default
-- Found eigen3_cmake_module: 0.1.1 (/opt/ros/humble/share/eigen3_cmake_module/cmake)
-- Ensuring Eigen3 include directory is part of orocos-kdl CMake target
-- Found AMD headers in: /usr/include/suitesparse
-- Found AMD library: /usr/lib/x86_64-linux-gnu/libamd.so
-- Found CAMD headers in: /usr/include/suitesparse
-- Found CAMD library: /usr/lib/x86_64-linux-gnu/libcamd.so
-- Found CCOLAMD headers in: /usr/include/suitesparse
-- Found CCOLAMD library: /usr/lib/x86_64-linux-gnu/libccolamd.so
-- Found CHOLMOD headers in: /usr/include/suitesparse
-- Found CHOLMOD library: /usr/lib/x86_64-linux-gnu/libcholmod.so
-- Found COLAMD headers in: /usr/include/suitesparse
-- Found COLAMD library: /usr/lib/x86_64-linux-gnu/libcolamd.so
-- Found SPQR headers in: /usr/include/suitesparse
-- Found SPQR library: /usr/lib/x86_64-linux-gnu/libspqr.so
-- Found Config headers in: /usr/include/suitesparse
-- Found Config library: /usr/lib/x86_64-linux-gnu/libsuitesparseconfig.so
-- Found Intel Thread Building Blocks (TBB) library (2021.5 / ) include location: . Assuming SuiteSparseQR was compiled with TBB.
-- Adding librt to SuiteSparse_config libraries (required on Linux & Unix [not OSX] if SuiteSparse is compiled with timing).
-- Could NOT find METIS (missing: METIS_INCLUDE_DIR METIS_LIBRARY) 
-- Found ament_lint_auto: 0.12.15 (/opt/ros/humble/share/ament_lint_auto/cmake)
-- Found gtest sources under '/opt/ros/humble/src/gtest_vendor': C++ tests using 'Google Test' will be built
[0mCMake Deprecation Warning at /opt/ros/humble/src/gtest_vendor/CMakeLists.txt:2 (cmake_minimum_required):
  Compatibility with CMake < 3.10 will be removed from a future version of
  CMake.

  Update the VERSION argument <min> value.  Or, use the <min>...<max> syntax
  to tell CMake that the project requires at least <min> but has been updated
  to work with policies introduced by <max> or earlier.

[0m
[0mIn this package, headers install destination is set to `include` by ament_auto_package. It is recommended to install `include/armor_detector` instead and will be the default behavior of ament_auto_package from ROS 2 Kilted Kaiju. On distributions before Kilted, ament_auto_package behaves the same way when you use USE_SCOPED_HEADER_INSTALL_DIR option.[0m
-- Added test 'cppcheck' to perform static code analysis on C / C++ code
-- Configured cppcheck include dirs: /home/xinzhu/sentry_ws/src/rm_auto_aim/armor_detector/include
-- Configured cppcheck exclude dirs and/or files: 
-- Added test 'xmllint' to check XML markup files
-- Added test 'clang_format' to check C / C++ code style
-- Configuring done (0.9s)
-- Generating done (0.0s)
-- Build files have been written to: /home/xinzhu/sentry_ws/build/armor_detector
[ 12%] Built target gtest_main
[ 25%] Built target gtest
[ 37%] Built target armor_detector_node
[ 87%] Built target armor_detector
[100%] Built target test_detector
-- Install configuration: "Release"
-- Execute custom install script
-- Up-to-date symlink: /home/xinzhu/sentry_ws/install/armor_detector/lib/armor_detector/armor_detector_node
-- Up-to-date symlink: /home/xinzhu/sentry_ws/install/armor_detector/include/armor_detector/armor_detector.hpp
-- Up-to-date symlink: /home/xinzhu/sentry_ws/install/armor_detector/include/armor_detector/armor_detector_node.hpp
-- Up-to-date symlink: /home/xinzhu/sentry_ws/install/armor_detector/include/armor_detector/armor_pose_estimator.hpp
-- Up-to-date symlink: /home/xinzhu/sentry_ws/install/armor_detector/include/armor_detector/ba_solver.hpp
-- Up-to-date symlink: /home/xinzhu/sentry_ws/install/armor_detector/include/armor_detector/graph_optimizer.hpp
-- Up-to-date symlink: /home/xinzhu/sentry_ws/install/armor_detector/include/armor_detector/light_corner_corrector.hpp
-- Up-to-date symlink: /home/xinzhu/sentry_ws/install/armor_detector/include/armor_detector/number_classifier.hpp
-- Up-to-date symlink: /home/xinzhu/sentry_ws/install/armor_detector/include/armor_detector/types.hpp
-- Up-to-date symlink: /home/xinzhu/sentry_ws/install/armor_detector/share/armor_detector/environment/library_path.sh
-- Up-to-date symlink: /home/xinzhu/sentry_ws/install/armor_detector/share/armor_detector/environment/library_path.dsv
-- Up-to-date symlink: /home/xinzhu/sentry_ws/install/armor_detector/lib/libarmor_detector.so
-- Up-to-date symlink: /home/xinzhu/sentry_ws/install/armor_detector/share/armor_detector/docs/BA.png
-- Up-to-date symlink: /home/xinzhu/sentry_ws/install/armor_detector/share/armor_detector/docs/blue.png
-- Up-to-date symlink: /home/xinzhu/sentry_ws/install/armor_detector/share/armor_detector/docs/classify.png
-- Up-to-date symlink: /home/xinzhu/sentry_ws/install/armor_detector/share/armor_detector/docs/gray_bin.png
-- Up-to-date symlink: /home/xinzhu/sentry_ws/install/armor_detector/share/armor_detector/docs/hsv_bin.png
-- Up-to-date symlink: /home/xinzhu/sentry_ws/install/armor_detector/share/armor_detector/docs/model.svg
-- Up-to-date symlink: /home/xinzhu/sentry_ws/install/armor_detector/share/armor_detector/docs/num_bin.png
-- Up-to-date symlink: /home/xinzhu/sentry_ws/install/armor_detector/share/armor_detector/docs/num_raw.png
-- Up-to-date symlink: /home/xinzhu/sentry_ws/install/armor_detector/share/armor_detector/docs/num_roi.png
-- Up-to-date symlink: /home/xinzhu/sentry_ws/install/armor_detector/share/armor_detector/docs/num_warp.png
-- Up-to-date symlink: /home/xinzhu/sentry_ws/install/armor_detector/share/armor_detector/docs/origin1.png
-- Up-to-date symlink: /home/xinzhu/sentry_ws/install/armor_detector/share/armor_detector/docs/origin2.png
-- Up-to-date symlink: /home/xinzhu/sentry_ws/install/armor_detector/share/armor_detector/docs/pca1.png
-- Up-to-date symlink: /home/xinzhu/sentry_ws/install/armor_detector/share/armor_detector/docs/pca2.png
-- Up-to-date symlink: /home/xinzhu/sentry_ws/install/armor_detector/share/armor_detector/docs/raw.png
-- Up-to-date symlink: /home/xinzhu/sentry_ws/install/armor_detector/share/armor_detector/docs/red.png
-- Up-to-date symlink: /home/xinzhu/sentry_ws/install/armor_detector/share/armor_detector/docs/test.png
-- Up-to-date symlink: /home/xinzhu/sentry_ws/install/armor_detector/share/armor_detector/model/label.txt
-- Up-to-date symlink: /home/xinzhu/sentry_ws/install/armor_detector/share/armor_detector/model/lenet.onnx
-- Up-to-date symlink: /home/xinzhu/sentry_ws/install/armor_detector/share/armor_detector/model/mlp.onnx
-- Up-to-date symlink: /home/xinzhu/sentry_ws/install/armor_detector/share/ament_index/resource_index/package_run_dependencies/armor_detector
-- Up-to-date symlink: /home/xinzhu/sentry_ws/install/armor_detector/share/ament_index/resource_index/parent_prefix_path/armor_detector
-- Up-to-date symlink: /home/xinzhu/sentry_ws/install/armor_detector/share/armor_detector/environment/ament_prefix_path.sh
-- Up-to-date symlink: /home/xinzhu/sentry_ws/install/armor_detector/share/armor_detector/environment/ament_prefix_path.dsv
-- Up-to-date symlink: /home/xinzhu/sentry_ws/install/armor_detector/share/armor_detector/environment/path.sh
-- Up-to-date symlink: /home/xinzhu/sentry_ws/install/armor_detector/share/armor_detector/environment/path.dsv
-- Up-to-date symlink: /home/xinzhu/sentry_ws/install/armor_detector/share/armor_detector/local_setup.bash
-- Up-to-date symlink: /home/xinzhu/sentry_ws/install/armor_detector/share/armor_detector/local_setup.sh
-- Up-to-date symlink: /home/xinzhu/sentry_ws/install/armor_detector/share/armor_detector/local_setup.zsh
-- Up-to-date symlink: /home/xinzhu/sentry_ws/install/armor_detector/share/armor_detector/local_setup.dsv
-- Symlinking: /home/xinzhu/sentry_ws/install/armor_detector/share/armor_detector/package.dsv
-- Up-to-date symlink: /home/xinzhu/sentry_ws/install/armor_detector/share/ament_index/resource_index/packages/armor_detector
-- Up-to-date symlink: /home/xinzhu/sentry_ws/install/armor_detector/share/ament_index/resource_index/rclcpp_components/armor_detector
-- Up-to-date symlink: /home/xinzhu/sentry_ws/install/armor_detector/share/armor_detector/cmake/ament_cmake_export_dependencies-extras.cmake
-- Up-to-date symlink: /home/xinzhu/sentry_ws/install/armor_detector/share/armor_detector/cmake/ament_cmake_export_include_directories-extras.cmake
-- Up-to-date symlink: /home/xinzhu/sentry_ws/install/armor_detector/share/armor_detector/cmake/ament_cmake_export_libraries-extras.cmake
-- Up-to-date symlink: /home/xinzhu/sentry_ws/install/armor_detector/share/armor_detector/cmake/armor_detectorConfig.cmake
-- Up-to-date symlink: /home/xinzhu/sentry_ws/install/armor_detector/share/armor_detector/cmake/armor_detectorConfig-version.cmake
-- Up-to-date symlink: /home/xinzhu/sentry_ws/install/armor_detector/share/armor_detector/package.xml
