[0.031s] Invoking command in '/home/xinzhu/sentry_ws/build/armor_detector': AMENT_PREFIX_PATH=/home/xinzhu/sentry_ws/install/rm_utils:/home/xinzhu/sentry_ws/install/auto_aim_interfaces:${AMENT_PREFIX_PATH} CMAKE_PREFIX_PATH=/home/xinzhu/sentry_ws/install/rm_utils:/home/xinzhu/sentry_ws/install/auto_aim_interfaces:/home/xinzhu/Desktop/sentry_ws/install/terrain_analysis_ext:/home/xinzhu/Desktop/sentry_ws/install/terrain_analysis:/home/xinzhu/Desktop/sentry_ws/install/sentry_description:/home/xinzhu/Desktop/sentry_ws/install/sentry_bringup:/home/xinzhu/Desktop/sentry_ws/install/sensor_scan_generation:/home/xinzhu/Desktop/sentry_ws/install/rm_bringup:/home/xinzhu/Desktop/sentry_ws/install/rm_serial_driver:/home/xinzhu/Desktop/sentry_ws/install/rm_camera_driver:/home/xinzhu/Desktop/sentry_ws/install/rm_auto_aim:/home/xinzhu/Desktop/sentry_ws/install/armor_solver:/home/xinzhu/Desktop/sentry_ws/install/armor_detector:/home/xinzhu/Desktop/sentry_ws/install/rm_utils:/home/xinzhu/Desktop/sentry_ws/install/rm_robot_description:/home/xinzhu/Desktop/sentry_ws/install/rm_decision_cpp:/home/xinzhu/Desktop/sentry_ws/install/cmd_chassis:/home/xinzhu/Desktop/sentry_ws/install/rm_interfaces:/home/xinzhu/Desktop/sentry_ws/install/fast_lio:/home/xinzhu/Desktop/sentry_ws/install/livox_ros_driver2:/home/xinzhu/Desktop/sentry_ws/install/icp_relocalization:/home/xinzhu/Desktop/sentry_ws/install/costmap_intensity:/home/xinzhu/Desktop/sentry_ws/install/behaviortree_cpp:/home/xinzhu/Desktop/sentry_ws/install/behavior_ext_plugins:/home/xinzhu/Desktop/sentry_ws/install/auto_aim_interfaces:/home/xinzhu/Desktop/sentry_ws/install/control_panel:/opt/ros/humble LD_LIBRARY_PATH=/home/xinzhu/sentry_ws/install/rm_utils/lib:/home/xinzhu/sentry_ws/install/auto_aim_interfaces/lib:${LD_LIBRARY_PATH} PS1=%F{green}%n@%m%f%F{white}:%f%F{blue}%~%f%F{white}$%f PYTHONPATH=/home/xinzhu/sentry_ws/install/auto_aim_interfaces/local/lib/python3.10/dist-packages:${PYTHONPATH} /usr/local/bin/cmake /home/xinzhu/sentry_ws/src/rm_auto_aim/armor_detector -DAMENT_CMAKE_SYMLINK_INSTALL=1 -DCMAKE_INSTALL_PREFIX=/home/xinzhu/sentry_ws/install/armor_detector
[0.044s] -- Found ament_cmake_auto: 1.3.13 (/opt/ros/humble/share/ament_cmake_auto/cmake)
[0.237s] -- Override CMake install command with custom implementation using symlinks instead of copying resources
[0.255s] [33mCMake Warning (dev) at /usr/local/share/cmake-3.31/Modules/FindOpenGL.cmake:415 (message):
[0.255s]   Policy CMP0072 is not set: FindOpenGL prefers GLVND by default when
[0.255s]   available.  Run "cmake --help-policy CMP0072" for policy details.  Use the
[0.256s]   cmake_policy command to set the policy and suppress this warning.
[0.256s] 
[0.256s]   FindOpenGL found both a legacy GL library:
[0.256s] 
[0.256s]     OPENGL_gl_LIBRARY: /usr/lib/x86_64-linux-gnu/libGL.so
[0.256s] 
[0.256s]   and GLVND libraries for OpenGL and GLX:
[0.256s] 
[0.256s]     OPENGL_opengl_LIBRARY: /usr/lib/x86_64-linux-gnu/libOpenGL.so
[0.256s]     OPENGL_glx_LIBRARY: /usr/lib/x86_64-linux-gnu/libGLX.so
[0.256s] 
[0.256s]   OpenGL_GL_PREFERENCE has not been set to "GLVND" or "LEGACY", so for
[0.256s]   compatibility with CMake 3.10 and below the legacy GL library will be used.
[0.256s] Call Stack (most recent call first):
[0.256s]   /usr/local/share/cmake-3.31/Modules/CMakeFindDependencyMacro.cmake:76 (find_package)
[0.256s]   /usr/local/lib/cmake/g2o/g2oConfig.cmake:6 (find_dependency)
[0.256s]   CMakeLists.txt:28 (find_package)
[0.256s] This warning is for project developers.  Use -Wno-dev to suppress it.
[0.256s] [0m
[0.354s] -- Found rosidl_generator_c: 3.1.8 (/opt/ros/humble/share/rosidl_generator_c/cmake)
[0.356s] -- Found rosidl_adapter: 3.1.8 (/opt/ros/humble/share/rosidl_adapter/cmake)
[0.361s] -- Found rosidl_generator_cpp: 3.1.8 (/opt/ros/humble/share/rosidl_generator_cpp/cmake)
[0.371s] -- Using all available rosidl_typesupport_c: rosidl_typesupport_fastrtps_c;rosidl_typesupport_introspection_c
[0.382s] -- Using all available rosidl_typesupport_cpp: rosidl_typesupport_fastrtps_cpp;rosidl_typesupport_introspection_cpp
[0.413s] -- Found rmw_implementation_cmake: 6.1.2 (/opt/ros/humble/share/rmw_implementation_cmake/cmake)
[0.415s] -- Found rmw_fastrtps_cpp: 6.2.10 (/opt/ros/humble/share/rmw_fastrtps_cpp/cmake)
[0.506s] -- Using RMW implementation 'rmw_fastrtps_cpp' as default
[0.742s] -- Found eigen3_cmake_module: 0.1.1 (/opt/ros/humble/share/eigen3_cmake_module/cmake)
[0.743s] -- Ensuring Eigen3 include directory is part of orocos-kdl CMake target
[0.869s] -- Found AMD headers in: /usr/include/suitesparse
[0.869s] -- Found AMD library: /usr/lib/x86_64-linux-gnu/libamd.so
[0.869s] -- Found CAMD headers in: /usr/include/suitesparse
[0.869s] -- Found CAMD library: /usr/lib/x86_64-linux-gnu/libcamd.so
[0.869s] -- Found CCOLAMD headers in: /usr/include/suitesparse
[0.869s] -- Found CCOLAMD library: /usr/lib/x86_64-linux-gnu/libccolamd.so
[0.869s] -- Found CHOLMOD headers in: /usr/include/suitesparse
[0.869s] -- Found CHOLMOD library: /usr/lib/x86_64-linux-gnu/libcholmod.so
[0.869s] -- Found COLAMD headers in: /usr/include/suitesparse
[0.869s] -- Found COLAMD library: /usr/lib/x86_64-linux-gnu/libcolamd.so
[0.870s] -- Found SPQR headers in: /usr/include/suitesparse
[0.870s] -- Found SPQR library: /usr/lib/x86_64-linux-gnu/libspqr.so
[0.870s] -- Found Config headers in: /usr/include/suitesparse
[0.870s] -- Found Config library: /usr/lib/x86_64-linux-gnu/libsuitesparseconfig.so
[0.870s] -- Found Intel Thread Building Blocks (TBB) library (2021.5 / ) include location: . Assuming SuiteSparseQR was compiled with TBB.
[0.870s] -- Adding librt to SuiteSparse_config libraries (required on Linux & Unix [not OSX] if SuiteSparse is compiled with timing).
[0.875s] -- Could NOT find METIS (missing: METIS_INCLUDE_DIR METIS_LIBRARY) 
[0.894s] -- Found ament_lint_auto: 0.12.15 (/opt/ros/humble/share/ament_lint_auto/cmake)
[0.899s] -- Found gtest sources under '/opt/ros/humble/src/gtest_vendor': C++ tests using 'Google Test' will be built
[0.900s] [0mCMake Deprecation Warning at /opt/ros/humble/src/gtest_vendor/CMakeLists.txt:2 (cmake_minimum_required):
[0.900s]   Compatibility with CMake < 3.10 will be removed from a future version of
[0.900s]   CMake.
[0.900s] 
[0.900s]   Update the VERSION argument <min> value.  Or, use the <min>...<max> syntax
[0.900s]   to tell CMake that the project requires at least <min> but has been updated
[0.900s]   to work with policies introduced by <max> or earlier.
[0.900s] 
[0.900s] [0m
[0.903s] [0mIn this package, headers install destination is set to `include` by ament_auto_package. It is recommended to install `include/armor_detector` instead and will be the default behavior of ament_auto_package from ROS 2 Kilted Kaiju. On distributions before Kilted, ament_auto_package behaves the same way when you use USE_SCOPED_HEADER_INSTALL_DIR option.[0m
[0.910s] -- Added test 'cppcheck' to perform static code analysis on C / C++ code
[0.910s] -- Configured cppcheck include dirs: /home/xinzhu/sentry_ws/src/rm_auto_aim/armor_detector/include
[0.910s] -- Configured cppcheck exclude dirs and/or files: 
[0.911s] -- Added test 'xmllint' to check XML markup files
[0.912s] -- Added test 'clang_format' to check C / C++ code style
[0.916s] -- Configuring done (0.9s)
[0.953s] -- Generating done (0.0s)
[0.958s] -- Build files have been written to: /home/xinzhu/sentry_ws/build/armor_detector
[0.968s] Invoked command in '/home/xinzhu/sentry_ws/build/armor_detector' returned '0': AMENT_PREFIX_PATH=/home/xinzhu/sentry_ws/install/rm_utils:/home/xinzhu/sentry_ws/install/auto_aim_interfaces:${AMENT_PREFIX_PATH} CMAKE_PREFIX_PATH=/home/xinzhu/sentry_ws/install/rm_utils:/home/xinzhu/sentry_ws/install/auto_aim_interfaces:/home/xinzhu/Desktop/sentry_ws/install/terrain_analysis_ext:/home/xinzhu/Desktop/sentry_ws/install/terrain_analysis:/home/xinzhu/Desktop/sentry_ws/install/sentry_description:/home/xinzhu/Desktop/sentry_ws/install/sentry_bringup:/home/xinzhu/Desktop/sentry_ws/install/sensor_scan_generation:/home/xinzhu/Desktop/sentry_ws/install/rm_bringup:/home/xinzhu/Desktop/sentry_ws/install/rm_serial_driver:/home/xinzhu/Desktop/sentry_ws/install/rm_camera_driver:/home/xinzhu/Desktop/sentry_ws/install/rm_auto_aim:/home/xinzhu/Desktop/sentry_ws/install/armor_solver:/home/xinzhu/Desktop/sentry_ws/install/armor_detector:/home/xinzhu/Desktop/sentry_ws/install/rm_utils:/home/xinzhu/Desktop/sentry_ws/install/rm_robot_description:/home/xinzhu/Desktop/sentry_ws/install/rm_decision_cpp:/home/xinzhu/Desktop/sentry_ws/install/cmd_chassis:/home/xinzhu/Desktop/sentry_ws/install/rm_interfaces:/home/xinzhu/Desktop/sentry_ws/install/fast_lio:/home/xinzhu/Desktop/sentry_ws/install/livox_ros_driver2:/home/xinzhu/Desktop/sentry_ws/install/icp_relocalization:/home/xinzhu/Desktop/sentry_ws/install/costmap_intensity:/home/xinzhu/Desktop/sentry_ws/install/behaviortree_cpp:/home/xinzhu/Desktop/sentry_ws/install/behavior_ext_plugins:/home/xinzhu/Desktop/sentry_ws/install/auto_aim_interfaces:/home/xinzhu/Desktop/sentry_ws/install/control_panel:/opt/ros/humble LD_LIBRARY_PATH=/home/xinzhu/sentry_ws/install/rm_utils/lib:/home/xinzhu/sentry_ws/install/auto_aim_interfaces/lib:${LD_LIBRARY_PATH} PS1=%F{green}%n@%m%f%F{white}:%f%F{blue}%~%f%F{white}$%f PYTHONPATH=/home/xinzhu/sentry_ws/install/auto_aim_interfaces/local/lib/python3.10/dist-packages:${PYTHONPATH} /usr/local/bin/cmake /home/xinzhu/sentry_ws/src/rm_auto_aim/armor_detector -DAMENT_CMAKE_SYMLINK_INSTALL=1 -DCMAKE_INSTALL_PREFIX=/home/xinzhu/sentry_ws/install/armor_detector
[0.970s] Invoking command in '/home/xinzhu/sentry_ws/build/armor_detector': AMENT_PREFIX_PATH=/home/xinzhu/sentry_ws/install/rm_utils:/home/xinzhu/sentry_ws/install/auto_aim_interfaces:${AMENT_PREFIX_PATH} CMAKE_PREFIX_PATH=/home/xinzhu/sentry_ws/install/rm_utils:/home/xinzhu/sentry_ws/install/auto_aim_interfaces:/home/xinzhu/Desktop/sentry_ws/install/terrain_analysis_ext:/home/xinzhu/Desktop/sentry_ws/install/terrain_analysis:/home/xinzhu/Desktop/sentry_ws/install/sentry_description:/home/xinzhu/Desktop/sentry_ws/install/sentry_bringup:/home/xinzhu/Desktop/sentry_ws/install/sensor_scan_generation:/home/xinzhu/Desktop/sentry_ws/install/rm_bringup:/home/xinzhu/Desktop/sentry_ws/install/rm_serial_driver:/home/xinzhu/Desktop/sentry_ws/install/rm_camera_driver:/home/xinzhu/Desktop/sentry_ws/install/rm_auto_aim:/home/xinzhu/Desktop/sentry_ws/install/armor_solver:/home/xinzhu/Desktop/sentry_ws/install/armor_detector:/home/xinzhu/Desktop/sentry_ws/install/rm_utils:/home/xinzhu/Desktop/sentry_ws/install/rm_robot_description:/home/xinzhu/Desktop/sentry_ws/install/rm_decision_cpp:/home/xinzhu/Desktop/sentry_ws/install/cmd_chassis:/home/xinzhu/Desktop/sentry_ws/install/rm_interfaces:/home/xinzhu/Desktop/sentry_ws/install/fast_lio:/home/xinzhu/Desktop/sentry_ws/install/livox_ros_driver2:/home/xinzhu/Desktop/sentry_ws/install/icp_relocalization:/home/xinzhu/Desktop/sentry_ws/install/costmap_intensity:/home/xinzhu/Desktop/sentry_ws/install/behaviortree_cpp:/home/xinzhu/Desktop/sentry_ws/install/behavior_ext_plugins:/home/xinzhu/Desktop/sentry_ws/install/auto_aim_interfaces:/home/xinzhu/Desktop/sentry_ws/install/control_panel:/opt/ros/humble LD_LIBRARY_PATH=/home/xinzhu/sentry_ws/install/rm_utils/lib:/home/xinzhu/sentry_ws/install/auto_aim_interfaces/lib:${LD_LIBRARY_PATH} PS1=%F{green}%n@%m%f%F{white}:%f%F{blue}%~%f%F{white}$%f PYTHONPATH=/home/xinzhu/sentry_ws/install/auto_aim_interfaces/local/lib/python3.10/dist-packages:${PYTHONPATH} /usr/local/bin/cmake --build /home/xinzhu/sentry_ws/build/armor_detector -- -j16 -l16
[0.995s] [ 12%] Built target gtest_main
[0.995s] [ 25%] Built target gtest
[0.999s] [ 37%] Built target armor_detector_node
[1.022s] [ 87%] Built target armor_detector
[1.041s] [100%] Built target test_detector
[1.046s] Invoked command in '/home/xinzhu/sentry_ws/build/armor_detector' returned '0': AMENT_PREFIX_PATH=/home/xinzhu/sentry_ws/install/rm_utils:/home/xinzhu/sentry_ws/install/auto_aim_interfaces:${AMENT_PREFIX_PATH} CMAKE_PREFIX_PATH=/home/xinzhu/sentry_ws/install/rm_utils:/home/xinzhu/sentry_ws/install/auto_aim_interfaces:/home/xinzhu/Desktop/sentry_ws/install/terrain_analysis_ext:/home/xinzhu/Desktop/sentry_ws/install/terrain_analysis:/home/xinzhu/Desktop/sentry_ws/install/sentry_description:/home/xinzhu/Desktop/sentry_ws/install/sentry_bringup:/home/xinzhu/Desktop/sentry_ws/install/sensor_scan_generation:/home/xinzhu/Desktop/sentry_ws/install/rm_bringup:/home/xinzhu/Desktop/sentry_ws/install/rm_serial_driver:/home/xinzhu/Desktop/sentry_ws/install/rm_camera_driver:/home/xinzhu/Desktop/sentry_ws/install/rm_auto_aim:/home/xinzhu/Desktop/sentry_ws/install/armor_solver:/home/xinzhu/Desktop/sentry_ws/install/armor_detector:/home/xinzhu/Desktop/sentry_ws/install/rm_utils:/home/xinzhu/Desktop/sentry_ws/install/rm_robot_description:/home/xinzhu/Desktop/sentry_ws/install/rm_decision_cpp:/home/xinzhu/Desktop/sentry_ws/install/cmd_chassis:/home/xinzhu/Desktop/sentry_ws/install/rm_interfaces:/home/xinzhu/Desktop/sentry_ws/install/fast_lio:/home/xinzhu/Desktop/sentry_ws/install/livox_ros_driver2:/home/xinzhu/Desktop/sentry_ws/install/icp_relocalization:/home/xinzhu/Desktop/sentry_ws/install/costmap_intensity:/home/xinzhu/Desktop/sentry_ws/install/behaviortree_cpp:/home/xinzhu/Desktop/sentry_ws/install/behavior_ext_plugins:/home/xinzhu/Desktop/sentry_ws/install/auto_aim_interfaces:/home/xinzhu/Desktop/sentry_ws/install/control_panel:/opt/ros/humble LD_LIBRARY_PATH=/home/xinzhu/sentry_ws/install/rm_utils/lib:/home/xinzhu/sentry_ws/install/auto_aim_interfaces/lib:${LD_LIBRARY_PATH} PS1=%F{green}%n@%m%f%F{white}:%f%F{blue}%~%f%F{white}$%f PYTHONPATH=/home/xinzhu/sentry_ws/install/auto_aim_interfaces/local/lib/python3.10/dist-packages:${PYTHONPATH} /usr/local/bin/cmake --build /home/xinzhu/sentry_ws/build/armor_detector -- -j16 -l16
[1.047s] Invoking command in '/home/xinzhu/sentry_ws/build/armor_detector': AMENT_PREFIX_PATH=/home/xinzhu/sentry_ws/install/rm_utils:/home/xinzhu/sentry_ws/install/auto_aim_interfaces:${AMENT_PREFIX_PATH} CMAKE_PREFIX_PATH=/home/xinzhu/sentry_ws/install/rm_utils:/home/xinzhu/sentry_ws/install/auto_aim_interfaces:/home/xinzhu/Desktop/sentry_ws/install/terrain_analysis_ext:/home/xinzhu/Desktop/sentry_ws/install/terrain_analysis:/home/xinzhu/Desktop/sentry_ws/install/sentry_description:/home/xinzhu/Desktop/sentry_ws/install/sentry_bringup:/home/xinzhu/Desktop/sentry_ws/install/sensor_scan_generation:/home/xinzhu/Desktop/sentry_ws/install/rm_bringup:/home/xinzhu/Desktop/sentry_ws/install/rm_serial_driver:/home/xinzhu/Desktop/sentry_ws/install/rm_camera_driver:/home/xinzhu/Desktop/sentry_ws/install/rm_auto_aim:/home/xinzhu/Desktop/sentry_ws/install/armor_solver:/home/xinzhu/Desktop/sentry_ws/install/armor_detector:/home/xinzhu/Desktop/sentry_ws/install/rm_utils:/home/xinzhu/Desktop/sentry_ws/install/rm_robot_description:/home/xinzhu/Desktop/sentry_ws/install/rm_decision_cpp:/home/xinzhu/Desktop/sentry_ws/install/cmd_chassis:/home/xinzhu/Desktop/sentry_ws/install/rm_interfaces:/home/xinzhu/Desktop/sentry_ws/install/fast_lio:/home/xinzhu/Desktop/sentry_ws/install/livox_ros_driver2:/home/xinzhu/Desktop/sentry_ws/install/icp_relocalization:/home/xinzhu/Desktop/sentry_ws/install/costmap_intensity:/home/xinzhu/Desktop/sentry_ws/install/behaviortree_cpp:/home/xinzhu/Desktop/sentry_ws/install/behavior_ext_plugins:/home/xinzhu/Desktop/sentry_ws/install/auto_aim_interfaces:/home/xinzhu/Desktop/sentry_ws/install/control_panel:/opt/ros/humble LD_LIBRARY_PATH=/home/xinzhu/sentry_ws/install/rm_utils/lib:/home/xinzhu/sentry_ws/install/auto_aim_interfaces/lib:${LD_LIBRARY_PATH} PS1=%F{green}%n@%m%f%F{white}:%f%F{blue}%~%f%F{white}$%f PYTHONPATH=/home/xinzhu/sentry_ws/install/auto_aim_interfaces/local/lib/python3.10/dist-packages:${PYTHONPATH} /usr/local/bin/cmake --install /home/xinzhu/sentry_ws/build/armor_detector
[1.050s] -- Install configuration: "Release"
[1.051s] -- Execute custom install script
[1.051s] -- Up-to-date symlink: /home/xinzhu/sentry_ws/install/armor_detector/lib/armor_detector/armor_detector_node
[1.052s] -- Up-to-date symlink: /home/xinzhu/sentry_ws/install/armor_detector/include/armor_detector/armor_detector.hpp
[1.052s] -- Up-to-date symlink: /home/xinzhu/sentry_ws/install/armor_detector/include/armor_detector/armor_detector_node.hpp
[1.052s] -- Up-to-date symlink: /home/xinzhu/sentry_ws/install/armor_detector/include/armor_detector/armor_pose_estimator.hpp
[1.053s] -- Up-to-date symlink: /home/xinzhu/sentry_ws/install/armor_detector/include/armor_detector/ba_solver.hpp
[1.053s] -- Up-to-date symlink: /home/xinzhu/sentry_ws/install/armor_detector/include/armor_detector/graph_optimizer.hpp
[1.053s] -- Up-to-date symlink: /home/xinzhu/sentry_ws/install/armor_detector/include/armor_detector/light_corner_corrector.hpp
[1.054s] -- Up-to-date symlink: /home/xinzhu/sentry_ws/install/armor_detector/include/armor_detector/number_classifier.hpp
[1.054s] -- Up-to-date symlink: /home/xinzhu/sentry_ws/install/armor_detector/include/armor_detector/types.hpp
[1.054s] -- Up-to-date symlink: /home/xinzhu/sentry_ws/install/armor_detector/share/armor_detector/environment/library_path.sh
[1.054s] -- Up-to-date symlink: /home/xinzhu/sentry_ws/install/armor_detector/share/armor_detector/environment/library_path.dsv
[1.055s] -- Up-to-date symlink: /home/xinzhu/sentry_ws/install/armor_detector/lib/libarmor_detector.so
[1.055s] -- Up-to-date symlink: /home/xinzhu/sentry_ws/install/armor_detector/share/armor_detector/docs/BA.png
[1.056s] -- Up-to-date symlink: /home/xinzhu/sentry_ws/install/armor_detector/share/armor_detector/docs/blue.png
[1.056s] -- Up-to-date symlink: /home/xinzhu/sentry_ws/install/armor_detector/share/armor_detector/docs/classify.png
[1.056s] -- Up-to-date symlink: /home/xinzhu/sentry_ws/install/armor_detector/share/armor_detector/docs/gray_bin.png
[1.056s] -- Up-to-date symlink: /home/xinzhu/sentry_ws/install/armor_detector/share/armor_detector/docs/hsv_bin.png
[1.056s] -- Up-to-date symlink: /home/xinzhu/sentry_ws/install/armor_detector/share/armor_detector/docs/model.svg
[1.056s] -- Up-to-date symlink: /home/xinzhu/sentry_ws/install/armor_detector/share/armor_detector/docs/num_bin.png
[1.057s] -- Up-to-date symlink: /home/xinzhu/sentry_ws/install/armor_detector/share/armor_detector/docs/num_raw.png
[1.057s] -- Up-to-date symlink: /home/xinzhu/sentry_ws/install/armor_detector/share/armor_detector/docs/num_roi.png
[1.057s] -- Up-to-date symlink: /home/xinzhu/sentry_ws/install/armor_detector/share/armor_detector/docs/num_warp.png
[1.057s] -- Up-to-date symlink: /home/xinzhu/sentry_ws/install/armor_detector/share/armor_detector/docs/origin1.png
[1.057s] -- Up-to-date symlink: /home/xinzhu/sentry_ws/install/armor_detector/share/armor_detector/docs/origin2.png
[1.058s] -- Up-to-date symlink: /home/xinzhu/sentry_ws/install/armor_detector/share/armor_detector/docs/pca1.png
[1.058s] -- Up-to-date symlink: /home/xinzhu/sentry_ws/install/armor_detector/share/armor_detector/docs/pca2.png
[1.058s] -- Up-to-date symlink: /home/xinzhu/sentry_ws/install/armor_detector/share/armor_detector/docs/raw.png
[1.058s] -- Up-to-date symlink: /home/xinzhu/sentry_ws/install/armor_detector/share/armor_detector/docs/red.png
[1.058s] -- Up-to-date symlink: /home/xinzhu/sentry_ws/install/armor_detector/share/armor_detector/docs/test.png
[1.059s] -- Up-to-date symlink: /home/xinzhu/sentry_ws/install/armor_detector/share/armor_detector/model/label.txt
[1.059s] -- Up-to-date symlink: /home/xinzhu/sentry_ws/install/armor_detector/share/armor_detector/model/lenet.onnx
[1.059s] -- Up-to-date symlink: /home/xinzhu/sentry_ws/install/armor_detector/share/armor_detector/model/mlp.onnx
[1.060s] -- Up-to-date symlink: /home/xinzhu/sentry_ws/install/armor_detector/share/ament_index/resource_index/package_run_dependencies/armor_detector
[1.061s] -- Up-to-date symlink: /home/xinzhu/sentry_ws/install/armor_detector/share/ament_index/resource_index/parent_prefix_path/armor_detector
[1.061s] -- Up-to-date symlink: /home/xinzhu/sentry_ws/install/armor_detector/share/armor_detector/environment/ament_prefix_path.sh
[1.061s] -- Up-to-date symlink: /home/xinzhu/sentry_ws/install/armor_detector/share/armor_detector/environment/ament_prefix_path.dsv
[1.061s] -- Up-to-date symlink: /home/xinzhu/sentry_ws/install/armor_detector/share/armor_detector/environment/path.sh
[1.061s] -- Up-to-date symlink: /home/xinzhu/sentry_ws/install/armor_detector/share/armor_detector/environment/path.dsv
[1.062s] -- Up-to-date symlink: /home/xinzhu/sentry_ws/install/armor_detector/share/armor_detector/local_setup.bash
[1.062s] -- Up-to-date symlink: /home/xinzhu/sentry_ws/install/armor_detector/share/armor_detector/local_setup.sh
[1.062s] -- Up-to-date symlink: /home/xinzhu/sentry_ws/install/armor_detector/share/armor_detector/local_setup.zsh
[1.062s] -- Up-to-date symlink: /home/xinzhu/sentry_ws/install/armor_detector/share/armor_detector/local_setup.dsv
[1.062s] -- Symlinking: /home/xinzhu/sentry_ws/install/armor_detector/share/armor_detector/package.dsv
[1.066s] -- Up-to-date symlink: /home/xinzhu/sentry_ws/install/armor_detector/share/ament_index/resource_index/packages/armor_detector
[1.066s] -- Up-to-date symlink: /home/xinzhu/sentry_ws/install/armor_detector/share/ament_index/resource_index/rclcpp_components/armor_detector
[1.066s] -- Up-to-date symlink: /home/xinzhu/sentry_ws/install/armor_detector/share/armor_detector/cmake/ament_cmake_export_dependencies-extras.cmake
[1.066s] -- Up-to-date symlink: /home/xinzhu/sentry_ws/install/armor_detector/share/armor_detector/cmake/ament_cmake_export_include_directories-extras.cmake
[1.066s] -- Up-to-date symlink: /home/xinzhu/sentry_ws/install/armor_detector/share/armor_detector/cmake/ament_cmake_export_libraries-extras.cmake
[1.066s] -- Up-to-date symlink: /home/xinzhu/sentry_ws/install/armor_detector/share/armor_detector/cmake/armor_detectorConfig.cmake
[1.066s] -- Up-to-date symlink: /home/xinzhu/sentry_ws/install/armor_detector/share/armor_detector/cmake/armor_detectorConfig-version.cmake
[1.066s] -- Up-to-date symlink: /home/xinzhu/sentry_ws/install/armor_detector/share/armor_detector/package.xml
[1.068s] Invoked command in '/home/xinzhu/sentry_ws/build/armor_detector' returned '0': AMENT_PREFIX_PATH=/home/xinzhu/sentry_ws/install/rm_utils:/home/xinzhu/sentry_ws/install/auto_aim_interfaces:${AMENT_PREFIX_PATH} CMAKE_PREFIX_PATH=/home/xinzhu/sentry_ws/install/rm_utils:/home/xinzhu/sentry_ws/install/auto_aim_interfaces:/home/xinzhu/Desktop/sentry_ws/install/terrain_analysis_ext:/home/xinzhu/Desktop/sentry_ws/install/terrain_analysis:/home/xinzhu/Desktop/sentry_ws/install/sentry_description:/home/xinzhu/Desktop/sentry_ws/install/sentry_bringup:/home/xinzhu/Desktop/sentry_ws/install/sensor_scan_generation:/home/xinzhu/Desktop/sentry_ws/install/rm_bringup:/home/xinzhu/Desktop/sentry_ws/install/rm_serial_driver:/home/xinzhu/Desktop/sentry_ws/install/rm_camera_driver:/home/xinzhu/Desktop/sentry_ws/install/rm_auto_aim:/home/xinzhu/Desktop/sentry_ws/install/armor_solver:/home/xinzhu/Desktop/sentry_ws/install/armor_detector:/home/xinzhu/Desktop/sentry_ws/install/rm_utils:/home/xinzhu/Desktop/sentry_ws/install/rm_robot_description:/home/xinzhu/Desktop/sentry_ws/install/rm_decision_cpp:/home/xinzhu/Desktop/sentry_ws/install/cmd_chassis:/home/xinzhu/Desktop/sentry_ws/install/rm_interfaces:/home/xinzhu/Desktop/sentry_ws/install/fast_lio:/home/xinzhu/Desktop/sentry_ws/install/livox_ros_driver2:/home/xinzhu/Desktop/sentry_ws/install/icp_relocalization:/home/xinzhu/Desktop/sentry_ws/install/costmap_intensity:/home/xinzhu/Desktop/sentry_ws/install/behaviortree_cpp:/home/xinzhu/Desktop/sentry_ws/install/behavior_ext_plugins:/home/xinzhu/Desktop/sentry_ws/install/auto_aim_interfaces:/home/xinzhu/Desktop/sentry_ws/install/control_panel:/opt/ros/humble LD_LIBRARY_PATH=/home/xinzhu/sentry_ws/install/rm_utils/lib:/home/xinzhu/sentry_ws/install/auto_aim_interfaces/lib:${LD_LIBRARY_PATH} PS1=%F{green}%n@%m%f%F{white}:%f%F{blue}%~%f%F{white}$%f PYTHONPATH=/home/xinzhu/sentry_ws/install/auto_aim_interfaces/local/lib/python3.10/dist-packages:${PYTHONPATH} /usr/local/bin/cmake --install /home/xinzhu/sentry_ws/build/armor_detector
