[0mCMake Deprecation Warning at CMakeLists.txt:1 (cmake_minimum_required):
  Compatibility with CMake < 3.10 will be removed from a future version of
  CMake.

  Update the VERSION argument <min> value.  Or, use the <min>...<max> syntax
  to tell CMake that the project requires at least <min> but has been updated
  to work with policies introduced by <max> or earlier.

[0m
-- Found ament_cmake_auto: 1.3.14 (/opt/ros/humble/share/ament_cmake_auto/cmake)
-- Override CMake install command with custom implementation using symlinks instead of copying resources
-- Found ament_lint_auto: 0.12.15 (/opt/ros/humble/share/ament_lint_auto/cmake)
-- Configuring done (0.2s)
-- Generating done (0.0s)
-- Build files have been written to: /home/xinzhu/sentry_ws/build/rm_bringup
-- Install configuration: "Release"
-- Execute custom install script
-- Up-to-date symlink: /home/xinzhu/sentry_ws/install/rm_bringup/share/rm_bringup/launch/bringup.launch.py
-- Symlinking: /home/xinzhu/sentry_ws/install/rm_bringup/share/rm_bringup/launch/bringup_auto_aim.launch.py
-- Up-to-date symlink: /home/xinzhu/sentry_ws/install/rm_bringup/share/rm_bringup/launch/bringup_navigation.launch.py
-- Up-to-date symlink: /home/xinzhu/sentry_ws/install/rm_bringup/share/rm_bringup/config/camera_info.yaml
-- Up-to-date symlink: /home/xinzhu/sentry_ws/install/rm_bringup/share/rm_bringup/config/launch_params.yaml
-- Up-to-date symlink: /home/xinzhu/sentry_ws/install/rm_bringup/share/rm_bringup/config/node_params/armor_detector_params.yaml
-- Up-to-date symlink: /home/xinzhu/sentry_ws/install/rm_bringup/share/rm_bringup/config/node_params/armor_solver_params.yaml
-- Up-to-date symlink: /home/xinzhu/sentry_ws/install/rm_bringup/share/rm_bringup/config/node_params/camera_driver_params.yaml
-- Up-to-date symlink: /home/xinzhu/sentry_ws/install/rm_bringup/share/rm_bringup/config/node_params/rune_detector_params.yaml
-- Up-to-date symlink: /home/xinzhu/sentry_ws/install/rm_bringup/share/rm_bringup/config/node_params/rune_solver_params.yaml
-- Up-to-date symlink: /home/xinzhu/sentry_ws/install/rm_bringup/share/rm_bringup/config/node_params/serial_driver_params.yaml
-- Up-to-date symlink: /home/xinzhu/sentry_ws/install/rm_bringup/share/rm_bringup/config/node_params/video_player_params.yaml
-- Up-to-date symlink: /home/xinzhu/sentry_ws/install/rm_bringup/share/rm_bringup/config/node_params/virtual_serial_params.yaml
-- Up-to-date symlink: /home/xinzhu/sentry_ws/install/rm_bringup/share/ament_index/resource_index/package_run_dependencies/rm_bringup
-- Up-to-date symlink: /home/xinzhu/sentry_ws/install/rm_bringup/share/ament_index/resource_index/parent_prefix_path/rm_bringup
-- Up-to-date symlink: /home/xinzhu/sentry_ws/install/rm_bringup/share/rm_bringup/environment/ament_prefix_path.sh
-- Up-to-date symlink: /home/xinzhu/sentry_ws/install/rm_bringup/share/rm_bringup/environment/ament_prefix_path.dsv
-- Up-to-date symlink: /home/xinzhu/sentry_ws/install/rm_bringup/share/rm_bringup/environment/path.sh
-- Up-to-date symlink: /home/xinzhu/sentry_ws/install/rm_bringup/share/rm_bringup/environment/path.dsv
-- Up-to-date symlink: /home/xinzhu/sentry_ws/install/rm_bringup/share/rm_bringup/local_setup.bash
-- Up-to-date symlink: /home/xinzhu/sentry_ws/install/rm_bringup/share/rm_bringup/local_setup.sh
-- Up-to-date symlink: /home/xinzhu/sentry_ws/install/rm_bringup/share/rm_bringup/local_setup.zsh
-- Up-to-date symlink: /home/xinzhu/sentry_ws/install/rm_bringup/share/rm_bringup/local_setup.dsv
-- Symlinking: /home/xinzhu/sentry_ws/install/rm_bringup/share/rm_bringup/package.dsv
-- Up-to-date symlink: /home/xinzhu/sentry_ws/install/rm_bringup/share/ament_index/resource_index/packages/rm_bringup
-- Up-to-date symlink: /home/xinzhu/sentry_ws/install/rm_bringup/share/rm_bringup/cmake/rm_bringupConfig.cmake
-- Up-to-date symlink: /home/xinzhu/sentry_ws/install/rm_bringup/share/rm_bringup/cmake/rm_bringupConfig-version.cmake
-- Up-to-date symlink: /home/xinzhu/sentry_ws/install/rm_bringup/share/rm_bringup/package.xml
