[0.023s] Invoking command in '/home/xinzhu/sentry_ws/build/rm_bringup': AMENT_PREFIX_PATH=/home/xinzhu/sentry_ws/install/rm_auto_aim:/home/xinzhu/sentry_ws/install/rm_serial_driver:/home/xinzhu/sentry_ws/install/armor_solver:/home/xinzhu/sentry_ws/install/armor_detector:/home/xinzhu/sentry_ws/install/rm_utils:/home/xinzhu/sentry_ws/install/rm_interfaces:/home/xinzhu/sentry_ws/install/auto_aim_interfaces:${AMENT_PREFIX_PATH} CMAKE_PREFIX_PATH=/home/xinzhu/sentry_ws/install/rm_auto_aim:/home/xinzhu/sentry_ws/install/rm_serial_driver:/home/xinzhu/sentry_ws/install/armor_solver:/home/xinzhu/sentry_ws/install/armor_detector:/home/xinzhu/sentry_ws/install/rm_utils:/home/xinzhu/sentry_ws/install/rm_interfaces:/home/xinzhu/sentry_ws/install/auto_aim_interfaces:/home/xinzhu/Desktop/sentry_ws/install/sentry_description:/home/xinzhu/Desktop/sentry_ws/install/sentry_bringup:/home/xinzhu/Desktop/sentry_ws/install/sensor_scan_generation:/home/xinzhu/Desktop/sentry_ws/install/rm_rune:/home/xinzhu/Desktop/sentry_ws/install/rune_solver:/home/xinzhu/Desktop/sentry_ws/install/rune_detector:/home/xinzhu/Desktop/sentry_ws/install/rm_serial_driver:/home/xinzhu/Desktop/sentry_ws/install/rm_auto_aim:/home/xinzhu/Desktop/sentry_ws/install/armor_solver:/home/xinzhu/Desktop/sentry_ws/install/armor_detector:/home/xinzhu/Desktop/sentry_ws/install/rm_utils:/home/xinzhu/Desktop/sentry_ws/install/rm_robot_description:/home/xinzhu/Desktop/sentry_ws/install/rm_interfaces:/home/xinzhu/Desktop/sentry_ws/install/livox_ros_driver2:/home/xinzhu/Desktop/sentry_ws/install/costmap_intensity:/home/xinzhu/Desktop/sentry_ws/install/behavior_ext_plugins:/home/xinzhu/Desktop/sentry_ws/install/auto_aim_interfaces:/home/xinzhu/Desktop/sentry_ws/install/control_panel:/opt/ros/humble LD_LIBRARY_PATH=/home/xinzhu/sentry_ws/install/rm_serial_driver/lib:/home/xinzhu/sentry_ws/install/armor_solver/lib:/home/xinzhu/sentry_ws/install/armor_detector/lib:/home/xinzhu/sentry_ws/install/rm_utils/lib:/home/xinzhu/sentry_ws/install/rm_interfaces/lib:/home/xinzhu/sentry_ws/install/auto_aim_interfaces/lib:${LD_LIBRARY_PATH} PS1=%F{green}%n@%m%f%F{white}:%f%F{blue}%~%f%F{white}$%f PYTHONPATH=/home/xinzhu/sentry_ws/install/rm_interfaces/local/lib/python3.10/dist-packages:/home/xinzhu/sentry_ws/install/auto_aim_interfaces/local/lib/python3.10/dist-packages:${PYTHONPATH} /usr/local/bin/cmake --build /home/xinzhu/sentry_ws/build/rm_bringup -- -j16 -l16
[0.035s] [0mCMake Deprecation Warning at CMakeLists.txt:1 (cmake_minimum_required):
[0.035s]   Compatibility with CMake < 3.10 will be removed from a future version of
[0.035s]   CMake.
[0.035s] 
[0.035s]   Update the VERSION argument <min> value.  Or, use the <min>...<max> syntax
[0.035s]   to tell CMake that the project requires at least <min> but has been updated
[0.035s]   to work with policies introduced by <max> or earlier.
[0.035s] 
[0.035s] [0m
[0.043s] -- Found ament_cmake_auto: 1.3.14 (/opt/ros/humble/share/ament_cmake_auto/cmake)
[0.173s] -- Override CMake install command with custom implementation using symlinks instead of copying resources
[0.178s] -- Found ament_lint_auto: 0.12.15 (/opt/ros/humble/share/ament_lint_auto/cmake)
[0.232s] -- Configuring done (0.2s)
[0.246s] -- Generating done (0.0s)
[0.246s] -- Build files have been written to: /home/xinzhu/sentry_ws/build/rm_bringup
[0.255s] Invoked command in '/home/xinzhu/sentry_ws/build/rm_bringup' returned '0': AMENT_PREFIX_PATH=/home/xinzhu/sentry_ws/install/rm_auto_aim:/home/xinzhu/sentry_ws/install/rm_serial_driver:/home/xinzhu/sentry_ws/install/armor_solver:/home/xinzhu/sentry_ws/install/armor_detector:/home/xinzhu/sentry_ws/install/rm_utils:/home/xinzhu/sentry_ws/install/rm_interfaces:/home/xinzhu/sentry_ws/install/auto_aim_interfaces:${AMENT_PREFIX_PATH} CMAKE_PREFIX_PATH=/home/xinzhu/sentry_ws/install/rm_auto_aim:/home/xinzhu/sentry_ws/install/rm_serial_driver:/home/xinzhu/sentry_ws/install/armor_solver:/home/xinzhu/sentry_ws/install/armor_detector:/home/xinzhu/sentry_ws/install/rm_utils:/home/xinzhu/sentry_ws/install/rm_interfaces:/home/xinzhu/sentry_ws/install/auto_aim_interfaces:/home/xinzhu/Desktop/sentry_ws/install/sentry_description:/home/xinzhu/Desktop/sentry_ws/install/sentry_bringup:/home/xinzhu/Desktop/sentry_ws/install/sensor_scan_generation:/home/xinzhu/Desktop/sentry_ws/install/rm_rune:/home/xinzhu/Desktop/sentry_ws/install/rune_solver:/home/xinzhu/Desktop/sentry_ws/install/rune_detector:/home/xinzhu/Desktop/sentry_ws/install/rm_serial_driver:/home/xinzhu/Desktop/sentry_ws/install/rm_auto_aim:/home/xinzhu/Desktop/sentry_ws/install/armor_solver:/home/xinzhu/Desktop/sentry_ws/install/armor_detector:/home/xinzhu/Desktop/sentry_ws/install/rm_utils:/home/xinzhu/Desktop/sentry_ws/install/rm_robot_description:/home/xinzhu/Desktop/sentry_ws/install/rm_interfaces:/home/xinzhu/Desktop/sentry_ws/install/livox_ros_driver2:/home/xinzhu/Desktop/sentry_ws/install/costmap_intensity:/home/xinzhu/Desktop/sentry_ws/install/behavior_ext_plugins:/home/xinzhu/Desktop/sentry_ws/install/auto_aim_interfaces:/home/xinzhu/Desktop/sentry_ws/install/control_panel:/opt/ros/humble LD_LIBRARY_PATH=/home/xinzhu/sentry_ws/install/rm_serial_driver/lib:/home/xinzhu/sentry_ws/install/armor_solver/lib:/home/xinzhu/sentry_ws/install/armor_detector/lib:/home/xinzhu/sentry_ws/install/rm_utils/lib:/home/xinzhu/sentry_ws/install/rm_interfaces/lib:/home/xinzhu/sentry_ws/install/auto_aim_interfaces/lib:${LD_LIBRARY_PATH} PS1=%F{green}%n@%m%f%F{white}:%f%F{blue}%~%f%F{white}$%f PYTHONPATH=/home/xinzhu/sentry_ws/install/rm_interfaces/local/lib/python3.10/dist-packages:/home/xinzhu/sentry_ws/install/auto_aim_interfaces/local/lib/python3.10/dist-packages:${PYTHONPATH} /usr/local/bin/cmake --build /home/xinzhu/sentry_ws/build/rm_bringup -- -j16 -l16
[0.256s] Invoking command in '/home/xinzhu/sentry_ws/build/rm_bringup': AMENT_PREFIX_PATH=/home/xinzhu/sentry_ws/install/rm_auto_aim:/home/xinzhu/sentry_ws/install/rm_serial_driver:/home/xinzhu/sentry_ws/install/armor_solver:/home/xinzhu/sentry_ws/install/armor_detector:/home/xinzhu/sentry_ws/install/rm_utils:/home/xinzhu/sentry_ws/install/rm_interfaces:/home/xinzhu/sentry_ws/install/auto_aim_interfaces:${AMENT_PREFIX_PATH} CMAKE_PREFIX_PATH=/home/xinzhu/sentry_ws/install/rm_auto_aim:/home/xinzhu/sentry_ws/install/rm_serial_driver:/home/xinzhu/sentry_ws/install/armor_solver:/home/xinzhu/sentry_ws/install/armor_detector:/home/xinzhu/sentry_ws/install/rm_utils:/home/xinzhu/sentry_ws/install/rm_interfaces:/home/xinzhu/sentry_ws/install/auto_aim_interfaces:/home/xinzhu/Desktop/sentry_ws/install/sentry_description:/home/xinzhu/Desktop/sentry_ws/install/sentry_bringup:/home/xinzhu/Desktop/sentry_ws/install/sensor_scan_generation:/home/xinzhu/Desktop/sentry_ws/install/rm_rune:/home/xinzhu/Desktop/sentry_ws/install/rune_solver:/home/xinzhu/Desktop/sentry_ws/install/rune_detector:/home/xinzhu/Desktop/sentry_ws/install/rm_serial_driver:/home/xinzhu/Desktop/sentry_ws/install/rm_auto_aim:/home/xinzhu/Desktop/sentry_ws/install/armor_solver:/home/xinzhu/Desktop/sentry_ws/install/armor_detector:/home/xinzhu/Desktop/sentry_ws/install/rm_utils:/home/xinzhu/Desktop/sentry_ws/install/rm_robot_description:/home/xinzhu/Desktop/sentry_ws/install/rm_interfaces:/home/xinzhu/Desktop/sentry_ws/install/livox_ros_driver2:/home/xinzhu/Desktop/sentry_ws/install/costmap_intensity:/home/xinzhu/Desktop/sentry_ws/install/behavior_ext_plugins:/home/xinzhu/Desktop/sentry_ws/install/auto_aim_interfaces:/home/xinzhu/Desktop/sentry_ws/install/control_panel:/opt/ros/humble LD_LIBRARY_PATH=/home/xinzhu/sentry_ws/install/rm_serial_driver/lib:/home/xinzhu/sentry_ws/install/armor_solver/lib:/home/xinzhu/sentry_ws/install/armor_detector/lib:/home/xinzhu/sentry_ws/install/rm_utils/lib:/home/xinzhu/sentry_ws/install/rm_interfaces/lib:/home/xinzhu/sentry_ws/install/auto_aim_interfaces/lib:${LD_LIBRARY_PATH} PS1=%F{green}%n@%m%f%F{white}:%f%F{blue}%~%f%F{white}$%f PYTHONPATH=/home/xinzhu/sentry_ws/install/rm_interfaces/local/lib/python3.10/dist-packages:/home/xinzhu/sentry_ws/install/auto_aim_interfaces/local/lib/python3.10/dist-packages:${PYTHONPATH} /usr/local/bin/cmake --install /home/xinzhu/sentry_ws/build/rm_bringup
[0.258s] -- Install configuration: "Release"
[0.258s] -- Execute custom install script
[0.258s] -- Up-to-date symlink: /home/xinzhu/sentry_ws/install/rm_bringup/share/rm_bringup/launch/bringup.launch.py
[0.258s] -- Symlinking: /home/xinzhu/sentry_ws/install/rm_bringup/share/rm_bringup/launch/bringup_auto_aim.launch.py
[0.261s] -- Up-to-date symlink: /home/xinzhu/sentry_ws/install/rm_bringup/share/rm_bringup/launch/bringup_navigation.launch.py
[0.261s] -- Up-to-date symlink: /home/xinzhu/sentry_ws/install/rm_bringup/share/rm_bringup/config/camera_info.yaml
[0.261s] -- Up-to-date symlink: /home/xinzhu/sentry_ws/install/rm_bringup/share/rm_bringup/config/launch_params.yaml
[0.261s] -- Up-to-date symlink: /home/xinzhu/sentry_ws/install/rm_bringup/share/rm_bringup/config/node_params/armor_detector_params.yaml
[0.261s] -- Up-to-date symlink: /home/xinzhu/sentry_ws/install/rm_bringup/share/rm_bringup/config/node_params/armor_solver_params.yaml
[0.261s] -- Up-to-date symlink: /home/xinzhu/sentry_ws/install/rm_bringup/share/rm_bringup/config/node_params/camera_driver_params.yaml
[0.261s] -- Up-to-date symlink: /home/xinzhu/sentry_ws/install/rm_bringup/share/rm_bringup/config/node_params/rune_detector_params.yaml
[0.261s] -- Up-to-date symlink: /home/xinzhu/sentry_ws/install/rm_bringup/share/rm_bringup/config/node_params/rune_solver_params.yaml
[0.261s] -- Up-to-date symlink: /home/xinzhu/sentry_ws/install/rm_bringup/share/rm_bringup/config/node_params/serial_driver_params.yaml
[0.261s] -- Up-to-date symlink: /home/xinzhu/sentry_ws/install/rm_bringup/share/rm_bringup/config/node_params/video_player_params.yaml
[0.261s] -- Up-to-date symlink: /home/xinzhu/sentry_ws/install/rm_bringup/share/rm_bringup/config/node_params/virtual_serial_params.yaml
[0.262s] -- Up-to-date symlink: /home/xinzhu/sentry_ws/install/rm_bringup/share/ament_index/resource_index/package_run_dependencies/rm_bringup
[0.262s] -- Up-to-date symlink: /home/xinzhu/sentry_ws/install/rm_bringup/share/ament_index/resource_index/parent_prefix_path/rm_bringup
[0.262s] -- Up-to-date symlink: /home/xinzhu/sentry_ws/install/rm_bringup/share/rm_bringup/environment/ament_prefix_path.sh
[0.262s] -- Up-to-date symlink: /home/xinzhu/sentry_ws/install/rm_bringup/share/rm_bringup/environment/ament_prefix_path.dsv
[0.262s] -- Up-to-date symlink: /home/xinzhu/sentry_ws/install/rm_bringup/share/rm_bringup/environment/path.sh
[0.262s] -- Up-to-date symlink: /home/xinzhu/sentry_ws/install/rm_bringup/share/rm_bringup/environment/path.dsv
[0.262s] -- Up-to-date symlink: /home/xinzhu/sentry_ws/install/rm_bringup/share/rm_bringup/local_setup.bash
[0.262s] -- Up-to-date symlink: /home/xinzhu/sentry_ws/install/rm_bringup/share/rm_bringup/local_setup.sh
[0.262s] -- Up-to-date symlink: /home/xinzhu/sentry_ws/install/rm_bringup/share/rm_bringup/local_setup.zsh
[0.262s] -- Up-to-date symlink: /home/xinzhu/sentry_ws/install/rm_bringup/share/rm_bringup/local_setup.dsv
[0.263s] -- Symlinking: /home/xinzhu/sentry_ws/install/rm_bringup/share/rm_bringup/package.dsv
[0.265s] -- Up-to-date symlink: /home/xinzhu/sentry_ws/install/rm_bringup/share/ament_index/resource_index/packages/rm_bringup
[0.265s] -- Up-to-date symlink: /home/xinzhu/sentry_ws/install/rm_bringup/share/rm_bringup/cmake/rm_bringupConfig.cmake
[0.265s] -- Up-to-date symlink: /home/xinzhu/sentry_ws/install/rm_bringup/share/rm_bringup/cmake/rm_bringupConfig-version.cmake
[0.265s] -- Up-to-date symlink: /home/xinzhu/sentry_ws/install/rm_bringup/share/rm_bringup/package.xml
[0.266s] Invoked command in '/home/xinzhu/sentry_ws/build/rm_bringup' returned '0': AMENT_PREFIX_PATH=/home/xinzhu/sentry_ws/install/rm_auto_aim:/home/xinzhu/sentry_ws/install/rm_serial_driver:/home/xinzhu/sentry_ws/install/armor_solver:/home/xinzhu/sentry_ws/install/armor_detector:/home/xinzhu/sentry_ws/install/rm_utils:/home/xinzhu/sentry_ws/install/rm_interfaces:/home/xinzhu/sentry_ws/install/auto_aim_interfaces:${AMENT_PREFIX_PATH} CMAKE_PREFIX_PATH=/home/xinzhu/sentry_ws/install/rm_auto_aim:/home/xinzhu/sentry_ws/install/rm_serial_driver:/home/xinzhu/sentry_ws/install/armor_solver:/home/xinzhu/sentry_ws/install/armor_detector:/home/xinzhu/sentry_ws/install/rm_utils:/home/xinzhu/sentry_ws/install/rm_interfaces:/home/xinzhu/sentry_ws/install/auto_aim_interfaces:/home/xinzhu/Desktop/sentry_ws/install/sentry_description:/home/xinzhu/Desktop/sentry_ws/install/sentry_bringup:/home/xinzhu/Desktop/sentry_ws/install/sensor_scan_generation:/home/xinzhu/Desktop/sentry_ws/install/rm_rune:/home/xinzhu/Desktop/sentry_ws/install/rune_solver:/home/xinzhu/Desktop/sentry_ws/install/rune_detector:/home/xinzhu/Desktop/sentry_ws/install/rm_serial_driver:/home/xinzhu/Desktop/sentry_ws/install/rm_auto_aim:/home/xinzhu/Desktop/sentry_ws/install/armor_solver:/home/xinzhu/Desktop/sentry_ws/install/armor_detector:/home/xinzhu/Desktop/sentry_ws/install/rm_utils:/home/xinzhu/Desktop/sentry_ws/install/rm_robot_description:/home/xinzhu/Desktop/sentry_ws/install/rm_interfaces:/home/xinzhu/Desktop/sentry_ws/install/livox_ros_driver2:/home/xinzhu/Desktop/sentry_ws/install/costmap_intensity:/home/xinzhu/Desktop/sentry_ws/install/behavior_ext_plugins:/home/xinzhu/Desktop/sentry_ws/install/auto_aim_interfaces:/home/xinzhu/Desktop/sentry_ws/install/control_panel:/opt/ros/humble LD_LIBRARY_PATH=/home/xinzhu/sentry_ws/install/rm_serial_driver/lib:/home/xinzhu/sentry_ws/install/armor_solver/lib:/home/xinzhu/sentry_ws/install/armor_detector/lib:/home/xinzhu/sentry_ws/install/rm_utils/lib:/home/xinzhu/sentry_ws/install/rm_interfaces/lib:/home/xinzhu/sentry_ws/install/auto_aim_interfaces/lib:${LD_LIBRARY_PATH} PS1=%F{green}%n@%m%f%F{white}:%f%F{blue}%~%f%F{white}$%f PYTHONPATH=/home/xinzhu/sentry_ws/install/rm_interfaces/local/lib/python3.10/dist-packages:/home/xinzhu/sentry_ws/install/auto_aim_interfaces/local/lib/python3.10/dist-packages:${PYTHONPATH} /usr/local/bin/cmake --install /home/xinzhu/sentry_ws/build/rm_bringup
