[0.051s] Invoking command in '/home/xinzhu/sentry_ws/build/behavior_ext_plugins': CMAKE_PREFIX_PATH=${CMAKE_PREFIX_PATH}:/home/xinzhu/Desktop/sentry_ws/install/control_panel:/opt/ros/humble PS1=%F{green}%n@%m%f%F{white}:%f%F{blue}%~%f%F{white}$%f /usr/local/bin/cmake --build /home/xinzhu/sentry_ws/build/behavior_ext_plugins -- -j16 -l16
[0.366s] [100%] Built target behavior_ext_plugins_lib
[0.404s] Invoked command in '/home/xinzhu/sentry_ws/build/behavior_ext_plugins' returned '0': CMAKE_PREFIX_PATH=${CMAKE_PREFIX_PATH}:/home/xinzhu/Desktop/sentry_ws/install/control_panel:/opt/ros/humble PS1=%F{green}%n@%m%f%F{white}:%f%F{blue}%~%f%F{white}$%f /usr/local/bin/cmake --build /home/xinzhu/sentry_ws/build/behavior_ext_plugins -- -j16 -l16
[0.405s] Invoking command in '/home/xinzhu/sentry_ws/build/behavior_ext_plugins': CMAKE_PREFIX_PATH=${CMAKE_PREFIX_PATH}:/home/xinzhu/Desktop/sentry_ws/install/control_panel:/opt/ros/humble PS1=%F{green}%n@%m%f%F{white}:%f%F{blue}%~%f%F{white}$%f /usr/local/bin/cmake --install /home/xinzhu/sentry_ws/build/behavior_ext_plugins
[0.431s] -- Install configuration: "Release"
[0.431s] -- Execute custom install script
[0.431s] -- Up-to-date symlink: /home/xinzhu/sentry_ws/install/behavior_ext_plugins/share/behavior_ext_plugins//behavior_ext_plugins.xml
[0.431s] -- Up-to-date symlink: /home/xinzhu/sentry_ws/install/behavior_ext_plugins/lib/libbehavior_ext_plugins_lib.so
[0.432s] -- Up-to-date symlink: /home/xinzhu/sentry_ws/install/behavior_ext_plugins/include//behavior_ext_plugins/back_up_twz_free_action.hpp
[0.432s] -- Up-to-date symlink: /home/xinzhu/sentry_ws/install/behavior_ext_plugins/share/behavior_ext_plugins/behavior_ext_plugins.xml
[0.432s] -- Up-to-date symlink: /home/xinzhu/sentry_ws/install/behavior_ext_plugins/share/behavior_ext_plugins/environment/library_path.sh
[0.432s] -- Up-to-date symlink: /home/xinzhu/sentry_ws/install/behavior_ext_plugins/share/behavior_ext_plugins/environment/library_path.dsv
[0.432s] -- Up-to-date symlink: /home/xinzhu/sentry_ws/install/behavior_ext_plugins/share/ament_index/resource_index/package_run_dependencies/behavior_ext_plugins
[0.432s] -- Up-to-date symlink: /home/xinzhu/sentry_ws/install/behavior_ext_plugins/share/ament_index/resource_index/parent_prefix_path/behavior_ext_plugins
[0.432s] -- Up-to-date symlink: /home/xinzhu/sentry_ws/install/behavior_ext_plugins/share/behavior_ext_plugins/environment/ament_prefix_path.sh
[0.432s] -- Up-to-date symlink: /home/xinzhu/sentry_ws/install/behavior_ext_plugins/share/behavior_ext_plugins/environment/ament_prefix_path.dsv
[0.432s] -- Up-to-date symlink: /home/xinzhu/sentry_ws/install/behavior_ext_plugins/share/behavior_ext_plugins/environment/path.sh
[0.432s] -- Up-to-date symlink: /home/xinzhu/sentry_ws/install/behavior_ext_plugins/share/behavior_ext_plugins/environment/path.dsv
[0.432s] -- Up-to-date symlink: /home/xinzhu/sentry_ws/install/behavior_ext_plugins/share/behavior_ext_plugins/local_setup.bash
[0.432s] -- Up-to-date symlink: /home/xinzhu/sentry_ws/install/behavior_ext_plugins/share/behavior_ext_plugins/local_setup.sh
[0.432s] -- Up-to-date symlink: /home/xinzhu/sentry_ws/install/behavior_ext_plugins/share/behavior_ext_plugins/local_setup.zsh
[0.435s] -- Up-to-date symlink: /home/xinzhu/sentry_ws/install/behavior_ext_plugins/share/behavior_ext_plugins/local_setup.dsv
[0.435s] -- Symlinking: /home/xinzhu/sentry_ws/install/behavior_ext_plugins/share/behavior_ext_plugins/package.dsv
[0.436s] -- Up-to-date symlink: /home/xinzhu/sentry_ws/install/behavior_ext_plugins/share/ament_index/resource_index/packages/behavior_ext_plugins
[0.436s] -- Up-to-date symlink: /home/xinzhu/sentry_ws/install/behavior_ext_plugins/share/ament_index/resource_index/nav2_core__pluginlib__plugin/behavior_ext_plugins
[0.436s] -- Up-to-date symlink: /home/xinzhu/sentry_ws/install/behavior_ext_plugins/share/behavior_ext_plugins/cmake/ament_cmake_export_dependencies-extras.cmake
[0.436s] -- Up-to-date symlink: /home/xinzhu/sentry_ws/install/behavior_ext_plugins/share/behavior_ext_plugins/cmake/ament_cmake_export_include_directories-extras.cmake
[0.436s] -- Up-to-date symlink: /home/xinzhu/sentry_ws/install/behavior_ext_plugins/share/behavior_ext_plugins/cmake/ament_cmake_export_libraries-extras.cmake
[0.436s] -- Up-to-date symlink: /home/xinzhu/sentry_ws/install/behavior_ext_plugins/share/behavior_ext_plugins/cmake/behavior_ext_pluginsConfig.cmake
[0.436s] -- Up-to-date symlink: /home/xinzhu/sentry_ws/install/behavior_ext_plugins/share/behavior_ext_plugins/cmake/behavior_ext_pluginsConfig-version.cmake
[0.438s] -- Up-to-date symlink: /home/xinzhu/sentry_ws/install/behavior_ext_plugins/share/behavior_ext_plugins/package.xml
[0.511s] Invoked command in '/home/xinzhu/sentry_ws/build/behavior_ext_plugins' returned '0': CMAKE_PREFIX_PATH=${CMAKE_PREFIX_PATH}:/home/xinzhu/Desktop/sentry_ws/install/control_panel:/opt/ros/humble PS1=%F{green}%n@%m%f%F{white}:%f%F{blue}%~%f%F{white}$%f /usr/local/bin/cmake --install /home/xinzhu/sentry_ws/build/behavior_ext_plugins
