[0.009s] Invoking command in '/home/xinzhu/sentry_ws/build/daheng_simple_driver': CMAKE_PREFIX_PATH=${CMAKE_PREFIX_PATH}:/home/xinzhu/sentry_ws/install/control_panel:/home/xinzhu/Desktop/sentry_ws/install/control_panel:/opt/ros/humble PS1=%F{green}%n@%m%f%F{white}:%f%F{blue}%~%f%F{white}$%f /usr/local/bin/cmake /home/xinzhu/sentry_ws/src/daheng_simple_driver -DCMAKE_INSTALL_PREFIX=/home/xinzhu/sentry_ws/install/daheng_simple_driver
[0.012s] [0mCMake Deprecation Warning at CMakeLists.txt:1 (cmake_minimum_required):
[0.012s]   Compatibility with CMake < 3.10 will be removed from a future version of
[0.012s]   CMake.
[0.012s] 
[0.012s]   Update the VERSION argument <min> value.  Or, use the <min>...<max> syntax
[0.012s]   to tell CMake that the project requires at least <min> but has been updated
[0.012s]   to work with policies introduced by <max> or earlier.
[0.012s] 
[0.012s] [0m
[0.050s] -- The C compiler identification is GNU 11.4.0
[0.096s] -- The CXX compiler identification is GNU 11.4.0
[0.101s] -- Detecting C compiler ABI info
[0.150s] -- Detecting C compiler ABI info - done
[0.164s] -- Check for working C compiler: /usr/bin/cc - skipped
[0.164s] -- Detecting C compile features
[0.165s] -- Detecting C compile features - done
[0.176s] -- Detecting CXX compiler ABI info
[0.227s] -- Detecting CXX compiler ABI info - done
[0.238s] -- Check for working CXX compiler: /usr/bin/c++ - skipped
[0.238s] -- Detecting CXX compile features
[0.239s] -- Detecting CXX compile features - done
[0.247s] -- Found ament_cmake: 1.3.14 (/opt/ros/humble/share/ament_cmake/cmake)
[0.349s] -- Found Python3: /usr/bin/python3 (found version "3.10.12") found components: Interpreter
[0.422s] -- Found rclcpp: 16.0.19 (/opt/ros/humble/share/rclcpp/cmake)
[0.463s] -- Found rosidl_generator_c: 3.1.8 (/opt/ros/humble/share/rosidl_generator_c/cmake)
[0.468s] -- Found rosidl_adapter: 3.1.8 (/opt/ros/humble/share/rosidl_adapter/cmake)
[0.476s] -- Found rosidl_generator_cpp: 3.1.8 (/opt/ros/humble/share/rosidl_generator_cpp/cmake)
[0.486s] -- Using all available rosidl_typesupport_c: rosidl_typesupport_fastrtps_c;rosidl_typesupport_introspection_c
[0.501s] -- Using all available rosidl_typesupport_cpp: rosidl_typesupport_fastrtps_cpp;rosidl_typesupport_introspection_cpp
[0.543s] -- Found rmw_implementation_cmake: 6.1.2 (/opt/ros/humble/share/rmw_implementation_cmake/cmake)
[0.547s] -- Found rmw_fastrtps_cpp: 6.2.10 (/opt/ros/humble/share/rmw_fastrtps_cpp/cmake)
[0.624s] -- Found OpenSSL: /usr/lib/x86_64-linux-gnu/libcrypto.so (found version "3.0.2")
[0.649s] -- Found FastRTPS: /opt/ros/humble/include
[0.680s] -- Using RMW implementation 'rmw_fastrtps_cpp' as default
[0.689s] -- Performing Test CMAKE_HAVE_LIBC_PTHREAD
[0.736s] -- Performing Test CMAKE_HAVE_LIBC_PTHREAD - Success
[0.737s] -- Found Threads: TRUE
[0.782s] -- Found sensor_msgs: 4.9.1 (/opt/ros/humble/share/sensor_msgs/cmake)
[0.808s] -- Found cv_bridge: 3.2.1 (/opt/ros/humble/share/cv_bridge/cmake)
[0.815s] -- Found OpenCV: /usr/local (found version "4.7.0")
[0.857s] -- Configuring done (0.8s)
[0.864s] -- Generating done (0.0s)
[0.865s] -- Build files have been written to: /home/xinzhu/sentry_ws/build/daheng_simple_driver
[0.872s] Invoked command in '/home/xinzhu/sentry_ws/build/daheng_simple_driver' returned '0': CMAKE_PREFIX_PATH=${CMAKE_PREFIX_PATH}:/home/xinzhu/sentry_ws/install/control_panel:/home/xinzhu/Desktop/sentry_ws/install/control_panel:/opt/ros/humble PS1=%F{green}%n@%m%f%F{white}:%f%F{blue}%~%f%F{white}$%f /usr/local/bin/cmake /home/xinzhu/sentry_ws/src/daheng_simple_driver -DCMAKE_INSTALL_PREFIX=/home/xinzhu/sentry_ws/install/daheng_simple_driver
[0.874s] Invoking command in '/home/xinzhu/sentry_ws/build/daheng_simple_driver': CMAKE_PREFIX_PATH=${CMAKE_PREFIX_PATH}:/home/xinzhu/sentry_ws/install/control_panel:/home/xinzhu/Desktop/sentry_ws/install/control_panel:/opt/ros/humble PS1=%F{green}%n@%m%f%F{white}:%f%F{blue}%~%f%F{white}$%f /usr/local/bin/cmake --build /home/xinzhu/sentry_ws/build/daheng_simple_driver -- -j16 -l16
[0.900s] [ 50%] [32mBuilding CXX object CMakeFiles/driver_node.dir/src/driver_node.cpp.o[0m
[2.555s] In file included from [01m[K/home/xinzhu/Documents/Galaxy_Linux-x86/Galaxy_camera/inc/GxIAPI.h:12[m[K,
[2.555s]                  from [01m[K/home/xinzhu/sentry_ws/src/daheng_simple_driver/src/driver_node.cpp:6[m[K:
[2.555s] [01m[K/home/xinzhu/Documents/Galaxy_Linux-x86/Galaxy_camera/inc/GXDef.h:173:1:[m[K [01;35m[Kwarning: [m[K‘[01m[Ktypedef[m[K’ was ignored in this declaration
[2.555s]   173 | [01;35m[Ktypedef[m[K enum GX_IP_CONFIGURE_MODE_LIST
[2.555s]       | [01;35m[K^~~~~~~[m[K
[4.058s] [100%] [32m[1mLinking CXX executable driver_node[0m
[4.107s] /usr/bin/ld: 找不到 -lGxIAPI: 没有那个文件或目录
[4.108s] /usr/bin/ld: 找不到 -lDxImageProc: 没有那个文件或目录
[4.214s] collect2: error: ld returned 1 exit status
[4.214s] gmake[2]: *** [CMakeFiles/driver_node.dir/build.make:194：driver_node] 错误 1
[4.214s] gmake[1]: *** [CMakeFiles/Makefile2:153：CMakeFiles/driver_node.dir/all] 错误 2
[4.215s] gmake: *** [Makefile:146：all] 错误 2
[4.216s] Invoked command in '/home/xinzhu/sentry_ws/build/daheng_simple_driver' returned '2': CMAKE_PREFIX_PATH=${CMAKE_PREFIX_PATH}:/home/xinzhu/sentry_ws/install/control_panel:/home/xinzhu/Desktop/sentry_ws/install/control_panel:/opt/ros/humble PS1=%F{green}%n@%m%f%F{white}:%f%F{blue}%~%f%F{white}$%f /usr/local/bin/cmake --build /home/xinzhu/sentry_ws/build/daheng_simple_driver -- -j16 -l16
