[0.010s] Invoking command in '/home/xinzhu/sentry_ws/build/daheng4ros': CMAKE_PREFIX_PATH=${CMAKE_PREFIX_PATH}:/home/xinzhu/sentry_ws/install/control_panel:/home/xinzhu/Desktop/sentry_ws/install/control_panel:/opt/ros/humble PS1=%F{green}%n@%m%f%F{white}:%f%F{blue}%~%f%F{white}$%f /usr/local/bin/cmake --build /home/xinzhu/sentry_ws/build/daheng4ros -- -j16 -l16
[0.019s] [0mCMake Deprecation Warning at CMakeLists.txt:1 (cmake_minimum_required):
[0.019s]   Compatibility with CMake < 3.10 will be removed from a future version of
[0.019s]   CMake.
[0.019s] 
[0.019s]   Update the VERSION argument <min> value.  Or, use the <min>...<max> syntax
[0.019s]   to tell CMake that the project requires at least <min> but has been updated
[0.019s]   to work with policies introduced by <max> or earlier.
[0.019s] 
[0.019s] [0m
[0.022s] -- Found ament_cmake: 1.3.14 (/opt/ros/humble/share/ament_cmake/cmake)
[0.159s] -- Found rclcpp: 16.0.18 (/opt/ros/humble/share/rclcpp/cmake)
[0.177s] -- Found rosidl_generator_c: 3.1.8 (/opt/ros/humble/share/rosidl_generator_c/cmake)
[0.179s] -- Found rosidl_adapter: 3.1.8 (/opt/ros/humble/share/rosidl_adapter/cmake)
[0.182s] -- Found rosidl_generator_cpp: 3.1.8 (/opt/ros/humble/share/rosidl_generator_cpp/cmake)
[0.189s] -- Using all available rosidl_typesupport_c: rosidl_typesupport_fastrtps_c;rosidl_typesupport_introspection_c
[0.197s] -- Using all available rosidl_typesupport_cpp: rosidl_typesupport_fastrtps_cpp;rosidl_typesupport_introspection_cpp
[0.219s] -- Found rmw_implementation_cmake: 6.1.2 (/opt/ros/humble/share/rmw_implementation_cmake/cmake)
[0.221s] -- Found rmw_fastrtps_cpp: 6.2.10 (/opt/ros/humble/share/rmw_fastrtps_cpp/cmake)
[0.296s] -- Using RMW implementation 'rmw_fastrtps_cpp' as default
[0.331s] -- Found image_transport: 3.1.12 (/opt/ros/humble/share/image_transport/cmake)
[0.367s] -- Found cv_bridge: 3.2.1 (/opt/ros/humble/share/cv_bridge/cmake)
[0.377s] -- Found ament_lint_auto: 0.12.15 (/opt/ros/humble/share/ament_lint_auto/cmake)
[0.419s] -- Added test 'cppcheck' to perform static code analysis on C / C++ code
[0.420s] -- Configured cppcheck include dirs: /home/xinzhu/sentry_ws/src/daheng4ros/include
[0.420s] -- Configured cppcheck exclude dirs and/or files: 
[0.420s] -- Added test 'flake8' to check Python code syntax and style conventions
[0.421s] -- Added test 'lint_cmake' to check CMake code style
[0.421s] -- Added test 'pep257' to check Python code against some of the docstring style conventions in PEP 257
[0.422s] -- Added test 'uncrustify' to check C / C++ code style
[0.422s] -- Configured uncrustify additional arguments: 
[0.422s] -- Added test 'xmllint' to check XML markup files
[0.423s] -- Configuring done (0.4s)
[0.525s] -- Generating done (0.1s)
[0.530s] -- Build files have been written to: /home/xinzhu/sentry_ws/build/daheng4ros
[0.551s] [ 25%] [32mBuilding CXX object CMakeFiles/daheng_cam.dir/src/camera.cpp.o[0m
[0.880s] [ 50%] [32m[1mLinking CXX shared library libdaheng_cam.so[0m
[0.918s] [ 50%] Built target daheng_cam
[0.933s] [ 75%] [32mBuilding CXX object CMakeFiles/image_publisher.dir/src/image_publisher.cpp.o[0m
[0.980s] [01m[K/home/xinzhu/sentry_ws/src/daheng4ros/src/image_publisher.cpp:3:10:[m[K [01;31m[Kfatal error: [m[Kcv_bridge/cv_bridge.hpp: 没有那个文件或目录
[0.980s]     3 | #include [01;31m[K<cv_bridge/cv_bridge.hpp>[m[K
[0.980s]       |          [01;31m[K^~~~~~~~~~~~~~~~~~~~~~~~~[m[K
[0.980s] compilation terminated.
[0.981s] gmake[2]: *** [CMakeFiles/image_publisher.dir/build.make:79：CMakeFiles/image_publisher.dir/src/image_publisher.cpp.o] 错误 1
[0.981s] gmake[1]: *** [CMakeFiles/Makefile2:188：CMakeFiles/image_publisher.dir/all] 错误 2
[0.981s] gmake: *** [Makefile:146：all] 错误 2
[0.982s] Invoked command in '/home/xinzhu/sentry_ws/build/daheng4ros' returned '2': CMAKE_PREFIX_PATH=${CMAKE_PREFIX_PATH}:/home/xinzhu/sentry_ws/install/control_panel:/home/xinzhu/Desktop/sentry_ws/install/control_panel:/opt/ros/humble PS1=%F{green}%n@%m%f%F{white}:%f%F{blue}%~%f%F{white}$%f /usr/local/bin/cmake --build /home/xinzhu/sentry_ws/build/daheng4ros -- -j16 -l16
