[0.076s] Invoking command in '/home/xinzhu/sentry_ws/build/fast_lio': AMENT_PREFIX_PATH=/home/xinzhu/sentry_ws/install/livox_ros_driver2:${AMENT_PREFIX_PATH} CMAKE_PREFIX_PATH=/home/xinzhu/sentry_ws/install/livox_ros_driver2:/home/xinzhu/Desktop/sentry_ws/install/terrain_analysis_ext:/home/xinzhu/Desktop/sentry_ws/install/terrain_analysis:/home/xinzhu/Desktop/sentry_ws/install/sentry_description:/home/xinzhu/Desktop/sentry_ws/install/sentry_bringup:/home/xinzhu/Desktop/sentry_ws/install/sensor_scan_generation:/home/xinzhu/Desktop/sentry_ws/install/rm_bringup:/home/xinzhu/Desktop/sentry_ws/install/rm_serial_driver:/home/xinzhu/Desktop/sentry_ws/install/rm_camera_driver:/home/xinzhu/Desktop/sentry_ws/install/rm_auto_aim:/home/xinzhu/Desktop/sentry_ws/install/armor_solver:/home/xinzhu/Desktop/sentry_ws/install/armor_detector:/home/xinzhu/Desktop/sentry_ws/install/rm_utils:/home/xinzhu/Desktop/sentry_ws/install/rm_robot_description:/home/xinzhu/Desktop/sentry_ws/install/rm_decision_cpp:/home/xinzhu/Desktop/sentry_ws/install/cmd_chassis:/home/xinzhu/Desktop/sentry_ws/install/rm_interfaces:/home/xinzhu/Desktop/sentry_ws/install/fast_lio:/home/xinzhu/Desktop/sentry_ws/install/livox_ros_driver2:/home/xinzhu/Desktop/sentry_ws/install/icp_relocalization:/home/xinzhu/Desktop/sentry_ws/install/costmap_intensity:/home/xinzhu/Desktop/sentry_ws/install/behaviortree_cpp:/home/xinzhu/Desktop/sentry_ws/install/behavior_ext_plugins:/home/xinzhu/Desktop/sentry_ws/install/auto_aim_interfaces:/home/xinzhu/Desktop/sentry_ws/install/control_panel:/opt/ros/humble LD_LIBRARY_PATH=/home/xinzhu/sentry_ws/install/livox_ros_driver2/lib:${LD_LIBRARY_PATH} PS1=%F{green}%n@%m%f%F{white}:%f%F{blue}%~%f%F{white}$%f PYTHONPATH=/home/xinzhu/sentry_ws/install/livox_ros_driver2/local/lib/python3.10/dist-packages:${PYTHONPATH} /usr/local/bin/cmake --build /home/xinzhu/sentry_ws/build/fast_lio -- -j16 -l16
[0.109s] [  2%] Built target fast_lio__cpp
[0.109s] [ 11%] Built target fast_lio__rosidl_generator_c
[0.113s] [ 11%] Built target ament_cmake_python_symlink_fast_lio
[0.123s] [ 20%] Built target fast_lio__rosidl_typesupport_introspection_c
[0.123s] [ 28%] Built target fast_lio__rosidl_typesupport_cpp
[0.123s] [ 37%] Built target fast_lio__rosidl_typesupport_introspection_cpp
[0.129s] [ 45%] Built target fast_lio__rosidl_typesupport_c
[0.131s] [ 54%] Built target fast_lio__rosidl_typesupport_fastrtps_c
[0.131s] [ 62%] Built target fast_lio__rosidl_typesupport_fastrtps_cpp
[0.141s] [ 62%] Built target fast_lio
[0.163s] [ 65%] Built target fast_lio__py
[0.172s] [ 71%] Built target fast_lio__rosidl_generator_py
[0.185s] [ 77%] Built target fast_lio__rosidl_typesupport_fastrtps_c__pyext
[0.188s] [ 82%] Built target fast_lio__rosidl_typesupport_c__pyext
[0.188s] [ 88%] Built target fast_lio__rosidl_typesupport_introspection_c__pyext
[0.199s] [100%] Built target fastlio_mapping
[0.367s] running egg_info
[0.367s] writing fast_lio.egg-info/PKG-INFO
[0.367s] writing dependency_links to fast_lio.egg-info/dependency_links.txt
[0.367s] writing top-level names to fast_lio.egg-info/top_level.txt
[0.369s] reading manifest file 'fast_lio.egg-info/SOURCES.txt'
[0.369s] writing manifest file 'fast_lio.egg-info/SOURCES.txt'
[0.391s] [100%] Built target ament_cmake_python_build_fast_lio_egg
[0.397s] Invoked command in '/home/xinzhu/sentry_ws/build/fast_lio' returned '0': AMENT_PREFIX_PATH=/home/xinzhu/sentry_ws/install/livox_ros_driver2:${AMENT_PREFIX_PATH} CMAKE_PREFIX_PATH=/home/xinzhu/sentry_ws/install/livox_ros_driver2:/home/xinzhu/Desktop/sentry_ws/install/terrain_analysis_ext:/home/xinzhu/Desktop/sentry_ws/install/terrain_analysis:/home/xinzhu/Desktop/sentry_ws/install/sentry_description:/home/xinzhu/Desktop/sentry_ws/install/sentry_bringup:/home/xinzhu/Desktop/sentry_ws/install/sensor_scan_generation:/home/xinzhu/Desktop/sentry_ws/install/rm_bringup:/home/xinzhu/Desktop/sentry_ws/install/rm_serial_driver:/home/xinzhu/Desktop/sentry_ws/install/rm_camera_driver:/home/xinzhu/Desktop/sentry_ws/install/rm_auto_aim:/home/xinzhu/Desktop/sentry_ws/install/armor_solver:/home/xinzhu/Desktop/sentry_ws/install/armor_detector:/home/xinzhu/Desktop/sentry_ws/install/rm_utils:/home/xinzhu/Desktop/sentry_ws/install/rm_robot_description:/home/xinzhu/Desktop/sentry_ws/install/rm_decision_cpp:/home/xinzhu/Desktop/sentry_ws/install/cmd_chassis:/home/xinzhu/Desktop/sentry_ws/install/rm_interfaces:/home/xinzhu/Desktop/sentry_ws/install/fast_lio:/home/xinzhu/Desktop/sentry_ws/install/livox_ros_driver2:/home/xinzhu/Desktop/sentry_ws/install/icp_relocalization:/home/xinzhu/Desktop/sentry_ws/install/costmap_intensity:/home/xinzhu/Desktop/sentry_ws/install/behaviortree_cpp:/home/xinzhu/Desktop/sentry_ws/install/behavior_ext_plugins:/home/xinzhu/Desktop/sentry_ws/install/auto_aim_interfaces:/home/xinzhu/Desktop/sentry_ws/install/control_panel:/opt/ros/humble LD_LIBRARY_PATH=/home/xinzhu/sentry_ws/install/livox_ros_driver2/lib:${LD_LIBRARY_PATH} PS1=%F{green}%n@%m%f%F{white}:%f%F{blue}%~%f%F{white}$%f PYTHONPATH=/home/xinzhu/sentry_ws/install/livox_ros_driver2/local/lib/python3.10/dist-packages:${PYTHONPATH} /usr/local/bin/cmake --build /home/xinzhu/sentry_ws/build/fast_lio -- -j16 -l16
[0.399s] Invoking command in '/home/xinzhu/sentry_ws/build/fast_lio': AMENT_PREFIX_PATH=/home/xinzhu/sentry_ws/install/livox_ros_driver2:${AMENT_PREFIX_PATH} CMAKE_PREFIX_PATH=/home/xinzhu/sentry_ws/install/livox_ros_driver2:/home/xinzhu/Desktop/sentry_ws/install/terrain_analysis_ext:/home/xinzhu/Desktop/sentry_ws/install/terrain_analysis:/home/xinzhu/Desktop/sentry_ws/install/sentry_description:/home/xinzhu/Desktop/sentry_ws/install/sentry_bringup:/home/xinzhu/Desktop/sentry_ws/install/sensor_scan_generation:/home/xinzhu/Desktop/sentry_ws/install/rm_bringup:/home/xinzhu/Desktop/sentry_ws/install/rm_serial_driver:/home/xinzhu/Desktop/sentry_ws/install/rm_camera_driver:/home/xinzhu/Desktop/sentry_ws/install/rm_auto_aim:/home/xinzhu/Desktop/sentry_ws/install/armor_solver:/home/xinzhu/Desktop/sentry_ws/install/armor_detector:/home/xinzhu/Desktop/sentry_ws/install/rm_utils:/home/xinzhu/Desktop/sentry_ws/install/rm_robot_description:/home/xinzhu/Desktop/sentry_ws/install/rm_decision_cpp:/home/xinzhu/Desktop/sentry_ws/install/cmd_chassis:/home/xinzhu/Desktop/sentry_ws/install/rm_interfaces:/home/xinzhu/Desktop/sentry_ws/install/fast_lio:/home/xinzhu/Desktop/sentry_ws/install/livox_ros_driver2:/home/xinzhu/Desktop/sentry_ws/install/icp_relocalization:/home/xinzhu/Desktop/sentry_ws/install/costmap_intensity:/home/xinzhu/Desktop/sentry_ws/install/behaviortree_cpp:/home/xinzhu/Desktop/sentry_ws/install/behavior_ext_plugins:/home/xinzhu/Desktop/sentry_ws/install/auto_aim_interfaces:/home/xinzhu/Desktop/sentry_ws/install/control_panel:/opt/ros/humble LD_LIBRARY_PATH=/home/xinzhu/sentry_ws/install/livox_ros_driver2/lib:${LD_LIBRARY_PATH} PS1=%F{green}%n@%m%f%F{white}:%f%F{blue}%~%f%F{white}$%f PYTHONPATH=/home/xinzhu/sentry_ws/install/livox_ros_driver2/local/lib/python3.10/dist-packages:${PYTHONPATH} /usr/local/bin/cmake --install /home/xinzhu/sentry_ws/build/fast_lio
[0.404s] -- Install configuration: "Release"
[0.405s] -- Execute custom install script
[0.405s] -- Up-to-date symlink: /home/xinzhu/sentry_ws/install/fast_lio/share/ament_index/resource_index/rosidl_interfaces/fast_lio
[0.406s] -- Up-to-date symlink: /home/xinzhu/sentry_ws/install/fast_lio/include/fast_lio/fast_lio/msg/detail/pose6_d__functions.h
[0.406s] -- Up-to-date symlink: /home/xinzhu/sentry_ws/install/fast_lio/include/fast_lio/fast_lio/msg/detail/pose6_d__struct.h
[0.406s] -- Up-to-date symlink: /home/xinzhu/sentry_ws/install/fast_lio/include/fast_lio/fast_lio/msg/detail/pose6_d__type_support.h
[0.406s] -- Up-to-date symlink: /home/xinzhu/sentry_ws/install/fast_lio/include/fast_lio/fast_lio/msg/pose6_d.h
[0.406s] -- Up-to-date symlink: /home/xinzhu/sentry_ws/install/fast_lio/include/fast_lio/fast_lio/msg/rosidl_generator_c__visibility_control.h
[0.406s] -- Up-to-date symlink: /home/xinzhu/sentry_ws/install/fast_lio/share/fast_lio/environment/library_path.sh
[0.406s] -- Up-to-date symlink: /home/xinzhu/sentry_ws/install/fast_lio/share/fast_lio/environment/library_path.dsv
[0.407s] -- Up-to-date symlink: /home/xinzhu/sentry_ws/install/fast_lio/include/fast_lio/fast_lio/msg/detail/pose6_d__rosidl_typesupport_fastrtps_c.h
[0.407s] -- Up-to-date symlink: /home/xinzhu/sentry_ws/install/fast_lio/include/fast_lio/fast_lio/msg/rosidl_typesupport_fastrtps_c__visibility_control.h
[0.407s] -- Up-to-date symlink: /home/xinzhu/sentry_ws/install/fast_lio/include/fast_lio/fast_lio/msg/detail/pose6_d__builder.hpp
[0.407s] -- Up-to-date symlink: /home/xinzhu/sentry_ws/install/fast_lio/include/fast_lio/fast_lio/msg/detail/pose6_d__struct.hpp
[0.407s] -- Up-to-date symlink: /home/xinzhu/sentry_ws/install/fast_lio/include/fast_lio/fast_lio/msg/detail/pose6_d__traits.hpp
[0.407s] -- Up-to-date symlink: /home/xinzhu/sentry_ws/install/fast_lio/include/fast_lio/fast_lio/msg/detail/pose6_d__type_support.hpp
[0.408s] -- Up-to-date symlink: /home/xinzhu/sentry_ws/install/fast_lio/include/fast_lio/fast_lio/msg/pose6_d.hpp
[0.408s] -- Up-to-date symlink: /home/xinzhu/sentry_ws/install/fast_lio/include/fast_lio/fast_lio/msg/rosidl_generator_cpp__visibility_control.hpp
[0.408s] -- Up-to-date symlink: /home/xinzhu/sentry_ws/install/fast_lio/include/fast_lio/fast_lio/msg/detail/pose6_d__rosidl_typesupport_fastrtps_cpp.hpp
[0.408s] -- Up-to-date symlink: /home/xinzhu/sentry_ws/install/fast_lio/include/fast_lio/fast_lio/msg/rosidl_typesupport_fastrtps_cpp__visibility_control.h
[0.409s] -- Up-to-date symlink: /home/xinzhu/sentry_ws/install/fast_lio/include/fast_lio/fast_lio/msg/detail/pose6_d__rosidl_typesupport_introspection_c.h
[0.409s] -- Up-to-date symlink: /home/xinzhu/sentry_ws/install/fast_lio/include/fast_lio/fast_lio/msg/rosidl_typesupport_introspection_c__visibility_control.h
[0.409s] -- Up-to-date symlink: /home/xinzhu/sentry_ws/install/fast_lio/include/fast_lio/fast_lio/msg/detail/pose6_d__rosidl_typesupport_introspection_cpp.hpp
[0.409s] -- Up-to-date symlink: /home/xinzhu/sentry_ws/install/fast_lio/share/fast_lio/environment/pythonpath.sh
[0.411s] -- Up-to-date symlink: /home/xinzhu/sentry_ws/install/fast_lio/share/fast_lio/environment/pythonpath.dsv
[0.411s] -- Up-to-date symlink: /home/xinzhu/sentry_ws/install/fast_lio/local/lib/python3.10/dist-packages/fast_lio-0.0.0-py3.10.egg-info/PKG-INFO
[0.411s] -- Up-to-date symlink: /home/xinzhu/sentry_ws/install/fast_lio/local/lib/python3.10/dist-packages/fast_lio-0.0.0-py3.10.egg-info/SOURCES.txt
[0.411s] -- Up-to-date symlink: /home/xinzhu/sentry_ws/install/fast_lio/local/lib/python3.10/dist-packages/fast_lio-0.0.0-py3.10.egg-info/dependency_links.txt
[0.411s] -- Up-to-date symlink: /home/xinzhu/sentry_ws/install/fast_lio/local/lib/python3.10/dist-packages/fast_lio-0.0.0-py3.10.egg-info/top_level.txt
[0.411s] -- Up-to-date symlink: /home/xinzhu/sentry_ws/install/fast_lio/local/lib/python3.10/dist-packages/fast_lio/__init__.py
[0.411s] -- Up-to-date symlink: /home/xinzhu/sentry_ws/install/fast_lio/local/lib/python3.10/dist-packages/fast_lio/_fast_lio_s.ep.rosidl_typesupport_c.c
[0.411s] -- Up-to-date symlink: /home/xinzhu/sentry_ws/install/fast_lio/local/lib/python3.10/dist-packages/fast_lio/_fast_lio_s.ep.rosidl_typesupport_fastrtps_c.c
[0.411s] -- Up-to-date symlink: /home/xinzhu/sentry_ws/install/fast_lio/local/lib/python3.10/dist-packages/fast_lio/_fast_lio_s.ep.rosidl_typesupport_introspection_c.c
[0.411s] -- Up-to-date symlink: /home/xinzhu/sentry_ws/install/fast_lio/local/lib/python3.10/dist-packages/fast_lio/fast_lio_s__rosidl_typesupport_c.cpython-310-x86_64-linux-gnu.so
[0.411s] -- Up-to-date symlink: /home/xinzhu/sentry_ws/install/fast_lio/local/lib/python3.10/dist-packages/fast_lio/fast_lio_s__rosidl_typesupport_fastrtps_c.cpython-310-x86_64-linux-gnu.so
[0.412s] -- Up-to-date symlink: /home/xinzhu/sentry_ws/install/fast_lio/local/lib/python3.10/dist-packages/fast_lio/fast_lio_s__rosidl_typesupport_introspection_c.cpython-310-x86_64-linux-gnu.so
[0.412s] -- Up-to-date symlink: /home/xinzhu/sentry_ws/install/fast_lio/local/lib/python3.10/dist-packages/fast_lio/libfast_lio__rosidl_generator_py.so
[0.412s] -- Up-to-date symlink: /home/xinzhu/sentry_ws/install/fast_lio/local/lib/python3.10/dist-packages/fast_lio/msg/__init__.py
[0.412s] -- Up-to-date symlink: /home/xinzhu/sentry_ws/install/fast_lio/local/lib/python3.10/dist-packages/fast_lio/msg/_pose6_d.py
[0.412s] -- Up-to-date symlink: /home/xinzhu/sentry_ws/install/fast_lio/local/lib/python3.10/dist-packages/fast_lio/msg/_pose6_d_s.c
[0.412s] -- Up-to-date symlink: /home/xinzhu/sentry_ws/install/fast_lio/local/lib/python3.10/dist-packages/fast_lio/fast_lio_s__rosidl_typesupport_fastrtps_c.cpython-310-x86_64-linux-gnu.so
[0.412s] -- Up-to-date symlink: /home/xinzhu/sentry_ws/install/fast_lio/local/lib/python3.10/dist-packages/fast_lio/fast_lio_s__rosidl_typesupport_introspection_c.cpython-310-x86_64-linux-gnu.so
[0.413s] -- Up-to-date symlink: /home/xinzhu/sentry_ws/install/fast_lio/local/lib/python3.10/dist-packages/fast_lio/fast_lio_s__rosidl_typesupport_c.cpython-310-x86_64-linux-gnu.so
[0.413s] -- Up-to-date symlink: /home/xinzhu/sentry_ws/install/fast_lio/share/fast_lio/msg/Pose6D.idl
[0.413s] -- Up-to-date symlink: /home/xinzhu/sentry_ws/install/fast_lio/share/fast_lio/msg/Pose6D.msg
[0.413s] -- Up-to-date symlink: /home/xinzhu/sentry_ws/install/fast_lio/lib/fast_lio/fastlio_mapping
[0.413s] -- Up-to-date symlink: /home/xinzhu/sentry_ws/install/fast_lio/share/fast_lio/config/mid360.yaml
[0.413s] -- Up-to-date symlink: /home/xinzhu/sentry_ws/install/fast_lio/share/fast_lio/config/mid360_pri.yaml
[0.413s] -- Up-to-date symlink: /home/xinzhu/sentry_ws/install/fast_lio/share/fast_lio/launch/mapping.launch.py
[0.413s] -- Up-to-date symlink: /home/xinzhu/sentry_ws/install/fast_lio/share/fast_lio/rviz_cfg/loam_livox.rviz
[0.414s] -- Up-to-date symlink: /home/xinzhu/sentry_ws/install/fast_lio/share/ament_index/resource_index/package_run_dependencies/fast_lio
[0.414s] -- Up-to-date symlink: /home/xinzhu/sentry_ws/install/fast_lio/share/ament_index/resource_index/parent_prefix_path/fast_lio
[0.414s] -- Up-to-date symlink: /home/xinzhu/sentry_ws/install/fast_lio/share/fast_lio/environment/ament_prefix_path.sh
[0.414s] -- Up-to-date symlink: /home/xinzhu/sentry_ws/install/fast_lio/share/fast_lio/environment/ament_prefix_path.dsv
[0.414s] -- Up-to-date symlink: /home/xinzhu/sentry_ws/install/fast_lio/share/fast_lio/environment/path.sh
[0.414s] -- Up-to-date symlink: /home/xinzhu/sentry_ws/install/fast_lio/share/fast_lio/environment/path.dsv
[0.414s] -- Up-to-date symlink: /home/xinzhu/sentry_ws/install/fast_lio/share/fast_lio/local_setup.bash
[0.415s] -- Up-to-date symlink: /home/xinzhu/sentry_ws/install/fast_lio/share/fast_lio/local_setup.sh
[0.415s] -- Up-to-date symlink: /home/xinzhu/sentry_ws/install/fast_lio/share/fast_lio/local_setup.zsh
[0.415s] -- Up-to-date symlink: /home/xinzhu/sentry_ws/install/fast_lio/share/fast_lio/local_setup.dsv
[0.415s] -- Symlinking: /home/xinzhu/sentry_ws/install/fast_lio/share/fast_lio/package.dsv
[0.418s] -- Up-to-date symlink: /home/xinzhu/sentry_ws/install/fast_lio/share/ament_index/resource_index/packages/fast_lio
[0.419s] -- Up-to-date symlink: /home/xinzhu/sentry_ws/install/fast_lio/share/fast_lio/cmake/rosidl_cmake-extras.cmake
[0.419s] -- Up-to-date symlink: /home/xinzhu/sentry_ws/install/fast_lio/share/fast_lio/cmake/ament_cmake_export_include_directories-extras.cmake
[0.419s] -- Up-to-date symlink: /home/xinzhu/sentry_ws/install/fast_lio/share/fast_lio/cmake/ament_cmake_export_libraries-extras.cmake
[0.419s] -- Up-to-date symlink: /home/xinzhu/sentry_ws/install/fast_lio/share/fast_lio/cmake/ament_cmake_export_targets-extras.cmake
[0.419s] -- Up-to-date symlink: /home/xinzhu/sentry_ws/install/fast_lio/share/fast_lio/cmake/rosidl_cmake_export_typesupport_targets-extras.cmake
[0.420s] -- Up-to-date symlink: /home/xinzhu/sentry_ws/install/fast_lio/share/fast_lio/cmake/ament_cmake_export_dependencies-extras.cmake
[0.420s] -- Up-to-date symlink: /home/xinzhu/sentry_ws/install/fast_lio/share/fast_lio/cmake/rosidl_cmake_export_typesupport_libraries-extras.cmake
[0.420s] -- Up-to-date symlink: /home/xinzhu/sentry_ws/install/fast_lio/share/fast_lio/cmake/fast_lioConfig.cmake
[0.420s] -- Up-to-date symlink: /home/xinzhu/sentry_ws/install/fast_lio/share/fast_lio/cmake/fast_lioConfig-version.cmake
[0.420s] -- Up-to-date symlink: /home/xinzhu/sentry_ws/install/fast_lio/share/fast_lio/package.xml
[0.420s] -- Up-to-date: /home/xinzhu/sentry_ws/install/fast_lio/lib/libfast_lio__rosidl_generator_c.so
[0.420s] -- Up-to-date: /home/xinzhu/sentry_ws/install/fast_lio/lib/libfast_lio__rosidl_typesupport_fastrtps_c.so
[0.421s] -- Up-to-date: /home/xinzhu/sentry_ws/install/fast_lio/lib/libfast_lio__rosidl_typesupport_fastrtps_cpp.so
[0.421s] -- Up-to-date: /home/xinzhu/sentry_ws/install/fast_lio/lib/libfast_lio__rosidl_typesupport_introspection_c.so
[0.421s] -- Up-to-date: /home/xinzhu/sentry_ws/install/fast_lio/lib/libfast_lio__rosidl_typesupport_c.so
[0.421s] -- Up-to-date: /home/xinzhu/sentry_ws/install/fast_lio/lib/libfast_lio__rosidl_typesupport_introspection_cpp.so
[0.421s] -- Up-to-date: /home/xinzhu/sentry_ws/install/fast_lio/lib/libfast_lio__rosidl_typesupport_cpp.so
[0.450s] Listing '/home/xinzhu/sentry_ws/install/fast_lio/local/lib/python3.10/dist-packages/fast_lio'...
[0.450s] Listing '/home/xinzhu/sentry_ws/install/fast_lio/local/lib/python3.10/dist-packages/fast_lio/msg'...
[0.454s] -- Up-to-date: /home/xinzhu/sentry_ws/install/fast_lio/lib/libfast_lio__rosidl_generator_py.so
[0.454s] -- Up-to-date: /home/xinzhu/sentry_ws/install/fast_lio/share/fast_lio/cmake/export_fast_lio__rosidl_generator_cExport.cmake
[0.454s] -- Up-to-date: /home/xinzhu/sentry_ws/install/fast_lio/share/fast_lio/cmake/export_fast_lio__rosidl_generator_cExport-release.cmake
[0.455s] -- Up-to-date: /home/xinzhu/sentry_ws/install/fast_lio/share/fast_lio/cmake/export_fast_lio__rosidl_typesupport_fastrtps_cExport.cmake
[0.455s] -- Up-to-date: /home/xinzhu/sentry_ws/install/fast_lio/share/fast_lio/cmake/export_fast_lio__rosidl_typesupport_fastrtps_cExport-release.cmake
[0.455s] -- Up-to-date: /home/xinzhu/sentry_ws/install/fast_lio/share/fast_lio/cmake/export_fast_lio__rosidl_generator_cppExport.cmake
[0.455s] -- Up-to-date: /home/xinzhu/sentry_ws/install/fast_lio/share/fast_lio/cmake/export_fast_lio__rosidl_typesupport_fastrtps_cppExport.cmake
[0.455s] -- Up-to-date: /home/xinzhu/sentry_ws/install/fast_lio/share/fast_lio/cmake/export_fast_lio__rosidl_typesupport_fastrtps_cppExport-release.cmake
[0.455s] -- Up-to-date: /home/xinzhu/sentry_ws/install/fast_lio/share/fast_lio/cmake/fast_lio__rosidl_typesupport_introspection_cExport.cmake
[0.455s] -- Up-to-date: /home/xinzhu/sentry_ws/install/fast_lio/share/fast_lio/cmake/fast_lio__rosidl_typesupport_introspection_cExport-release.cmake
[0.455s] -- Up-to-date: /home/xinzhu/sentry_ws/install/fast_lio/share/fast_lio/cmake/fast_lio__rosidl_typesupport_cExport.cmake
[0.455s] -- Up-to-date: /home/xinzhu/sentry_ws/install/fast_lio/share/fast_lio/cmake/fast_lio__rosidl_typesupport_cExport-release.cmake
[0.455s] -- Up-to-date: /home/xinzhu/sentry_ws/install/fast_lio/share/fast_lio/cmake/fast_lio__rosidl_typesupport_introspection_cppExport.cmake
[0.455s] -- Up-to-date: /home/xinzhu/sentry_ws/install/fast_lio/share/fast_lio/cmake/fast_lio__rosidl_typesupport_introspection_cppExport-release.cmake
[0.455s] -- Up-to-date: /home/xinzhu/sentry_ws/install/fast_lio/share/fast_lio/cmake/fast_lio__rosidl_typesupport_cppExport.cmake
[0.455s] -- Up-to-date: /home/xinzhu/sentry_ws/install/fast_lio/share/fast_lio/cmake/fast_lio__rosidl_typesupport_cppExport-release.cmake
[0.455s] -- Up-to-date: /home/xinzhu/sentry_ws/install/fast_lio/share/fast_lio/cmake/export_fast_lio__rosidl_generator_pyExport.cmake
[0.455s] -- Up-to-date: /home/xinzhu/sentry_ws/install/fast_lio/share/fast_lio/cmake/export_fast_lio__rosidl_generator_pyExport-release.cmake
[0.457s] Invoked command in '/home/xinzhu/sentry_ws/build/fast_lio' returned '0': AMENT_PREFIX_PATH=/home/xinzhu/sentry_ws/install/livox_ros_driver2:${AMENT_PREFIX_PATH} CMAKE_PREFIX_PATH=/home/xinzhu/sentry_ws/install/livox_ros_driver2:/home/xinzhu/Desktop/sentry_ws/install/terrain_analysis_ext:/home/xinzhu/Desktop/sentry_ws/install/terrain_analysis:/home/xinzhu/Desktop/sentry_ws/install/sentry_description:/home/xinzhu/Desktop/sentry_ws/install/sentry_bringup:/home/xinzhu/Desktop/sentry_ws/install/sensor_scan_generation:/home/xinzhu/Desktop/sentry_ws/install/rm_bringup:/home/xinzhu/Desktop/sentry_ws/install/rm_serial_driver:/home/xinzhu/Desktop/sentry_ws/install/rm_camera_driver:/home/xinzhu/Desktop/sentry_ws/install/rm_auto_aim:/home/xinzhu/Desktop/sentry_ws/install/armor_solver:/home/xinzhu/Desktop/sentry_ws/install/armor_detector:/home/xinzhu/Desktop/sentry_ws/install/rm_utils:/home/xinzhu/Desktop/sentry_ws/install/rm_robot_description:/home/xinzhu/Desktop/sentry_ws/install/rm_decision_cpp:/home/xinzhu/Desktop/sentry_ws/install/cmd_chassis:/home/xinzhu/Desktop/sentry_ws/install/rm_interfaces:/home/xinzhu/Desktop/sentry_ws/install/fast_lio:/home/xinzhu/Desktop/sentry_ws/install/livox_ros_driver2:/home/xinzhu/Desktop/sentry_ws/install/icp_relocalization:/home/xinzhu/Desktop/sentry_ws/install/costmap_intensity:/home/xinzhu/Desktop/sentry_ws/install/behaviortree_cpp:/home/xinzhu/Desktop/sentry_ws/install/behavior_ext_plugins:/home/xinzhu/Desktop/sentry_ws/install/auto_aim_interfaces:/home/xinzhu/Desktop/sentry_ws/install/control_panel:/opt/ros/humble LD_LIBRARY_PATH=/home/xinzhu/sentry_ws/install/livox_ros_driver2/lib:${LD_LIBRARY_PATH} PS1=%F{green}%n@%m%f%F{white}:%f%F{blue}%~%f%F{white}$%f PYTHONPATH=/home/xinzhu/sentry_ws/install/livox_ros_driver2/local/lib/python3.10/dist-packages:${PYTHONPATH} /usr/local/bin/cmake --install /home/xinzhu/sentry_ws/build/fast_lio
