-- Found ament_cmake: 1.3.13 (/opt/ros/humble/share/ament_cmake/cmake)
-- Override CMake install command with custom implementation using symlinks instead of copying resources
-- Found rclcpp: 16.0.18 (/opt/ros/humble/share/rclcpp/cmake)
-- Found rosidl_generator_c: 3.1.8 (/opt/ros/humble/share/rosidl_generator_c/cmake)
-- Found rosidl_adapter: 3.1.8 (/opt/ros/humble/share/rosidl_adapter/cmake)
-- Found rosidl_generator_cpp: 3.1.8 (/opt/ros/humble/share/rosidl_generator_cpp/cmake)
-- Using all available rosidl_typesupport_c: rosidl_typesupport_fastrtps_c;rosidl_typesupport_introspection_c
-- Using all available rosidl_typesupport_cpp: rosidl_typesupport_fastrtps_cpp;rosidl_typesupport_introspection_cpp
-- Found rmw_implementation_cmake: 6.1.2 (/opt/ros/humble/share/rmw_implementation_cmake/cmake)
-- Found rmw_fastrtps_cpp: 6.2.10 (/opt/ros/humble/share/rmw_fastrtps_cpp/cmake)
-- Using RMW implementation 'rmw_fastrtps_cpp' as default
-- Found auto_aim_interfaces: 0.0.0 (/home/xinzhu/sentry_ws/install/auto_aim_interfaces/share/auto_aim_interfaces/cmake)
-- Found rm_interfaces: 0.0.1 (/home/xinzhu/sentry_ws/install/rm_interfaces/share/rm_interfaces/cmake)
-- Found rclcpp_components: 16.0.18 (/opt/ros/humble/share/rclcpp_components/cmake)
-- Found nav2_msgs: 1.1.20 (/opt/ros/humble/share/nav2_msgs/cmake)
-- Found nav2_util: 1.1.20 (/opt/ros/humble/share/nav2_util/cmake)
-- Found eigen3_cmake_module: 0.1.1 (/opt/ros/humble/share/eigen3_cmake_module/cmake)
-- Ensuring Eigen3 include directory is part of orocos-kdl CMake target
-- Found behaviortree_cpp: 4.5.1 (/home/xinzhu/sentry_ws/install/behaviortree_cpp/share/behaviortree_cpp/cmake)
-- Found sensor_msgs: 4.9.1 (/opt/ros/humble/share/sensor_msgs/cmake)
-- Found visualization_msgs: 4.9.1 (/opt/ros/humble/share/visualization_msgs/cmake)
-- Found pcl_conversions: 2.4.5 (/opt/ros/humble/share/pcl_conversions/cmake)
[33mCMake Warning (dev) at /usr/lib/x86_64-linux-gnu/cmake/pcl/PCLConfig.cmake:146 (find_package):
  Policy CMP0144 is not set: find_package uses upper-case <PACKAGENAME>_ROOT
  variables.  Run "cmake --help-policy CMP0144" for policy details.  Use the
  cmake_policy command to set the policy and suppress this warning.

  CMake variable EIGEN_ROOT is set to:

    /usr/include/eigen3

  For compatibility, find_package is ignoring the variable, but code in a
  .cmake module might still use it.
Call Stack (most recent call first):
  /usr/lib/x86_64-linux-gnu/cmake/pcl/PCLConfig.cmake:299 (find_eigen)
  /usr/lib/x86_64-linux-gnu/cmake/pcl/PCLConfig.cmake:543 (find_external_library)
  /opt/ros/humble/share/pcl_conversions/cmake/ament_cmake_export_dependencies-extras.cmake:21 (find_package)
  /opt/ros/humble/share/pcl_conversions/cmake/pcl_conversionsConfig.cmake:41 (include)
  CMakeLists.txt:24 (find_package)
This warning is for project developers.  Use -Wno-dev to suppress it.
[0m
-- Eigen found (include: /usr/include/eigen3, version: 3.4.0)
[33mCMake Warning (dev) at /usr/lib/x86_64-linux-gnu/cmake/pcl/PCLConfig.cmake:128 (find_package):
  Policy CMP0167 is not set: The FindBoost module is removed.  Run "cmake
  --help-policy CMP0167" for policy details.  Use the cmake_policy command to
  set the policy and suppress this warning.

Call Stack (most recent call first):
  /usr/lib/x86_64-linux-gnu/cmake/pcl/PCLConfig.cmake:297 (find_boost)
  /usr/lib/x86_64-linux-gnu/cmake/pcl/PCLConfig.cmake:543 (find_external_library)
  /opt/ros/humble/share/pcl_conversions/cmake/ament_cmake_export_dependencies-extras.cmake:21 (find_package)
  /opt/ros/humble/share/pcl_conversions/cmake/pcl_conversionsConfig.cmake:41 (include)
  CMakeLists.txt:24 (find_package)
This warning is for project developers.  Use -Wno-dev to suppress it.
[0m
[33mCMake Warning (dev) at /usr/lib/x86_64-linux-gnu/cmake/pcl/Modules/FindFLANN.cmake:44 (find_package):
  Policy CMP0144 is not set: find_package uses upper-case <PACKAGENAME>_ROOT
  variables.  Run "cmake --help-policy CMP0144" for policy details.  Use the
  cmake_policy command to set the policy and suppress this warning.

  CMake variable FLANN_ROOT is set to:

    /usr

  For compatibility, find_package is ignoring the variable, but code in a
  .cmake module might still use it.
Call Stack (most recent call first):
  /usr/lib/x86_64-linux-gnu/cmake/pcl/PCLConfig.cmake:256 (find_package)
  /usr/lib/x86_64-linux-gnu/cmake/pcl/PCLConfig.cmake:301 (find_flann)
  /usr/lib/x86_64-linux-gnu/cmake/pcl/PCLConfig.cmake:543 (find_external_library)
  /opt/ros/humble/share/pcl_conversions/cmake/ament_cmake_export_dependencies-extras.cmake:21 (find_package)
  /opt/ros/humble/share/pcl_conversions/cmake/pcl_conversionsConfig.cmake:41 (include)
  CMakeLists.txt:24 (find_package)
This warning is for project developers.  Use -Wno-dev to suppress it.
[0m
-- FLANN found (include: /usr/include, lib: /usr/lib/x86_64-linux-gnu/libflann_cpp.so)
-- OpenNI found (version: 1.5.4.0, include: /usr/include/ni, lib: /usr/lib/libOpenNI.so;libusb::libusb)
-- OpenNI2 found (version: 2.2.0.33, include: /usr/include/openni2, lib: /usr/lib/x86_64-linux-gnu/libOpenNI2.so;libusb::libusb)
[33mCMake Warning (dev) at /usr/lib/x86_64-linux-gnu/cmake/pcl/PCLConfig.cmake:128 (find_package):
  Policy CMP0167 is not set: The FindBoost module is removed.  Run "cmake
  --help-policy CMP0167" for policy details.  Use the cmake_policy command to
  set the policy and suppress this warning.

Call Stack (most recent call first):
  /usr/lib/x86_64-linux-gnu/cmake/pcl/PCLConfig.cmake:297 (find_boost)
  /usr/lib/x86_64-linux-gnu/cmake/pcl/PCLConfig.cmake:543 (find_external_library)
  /opt/ros/humble/share/pcl_conversions/cmake/ament_cmake_export_dependencies-extras.cmake:21 (find_package)
  /opt/ros/humble/share/pcl_conversions/cmake/pcl_conversionsConfig.cmake:41 (include)
  CMakeLists.txt:24 (find_package)
This warning is for project developers.  Use -Wno-dev to suppress it.
[0m
-- Eigen found (include: /usr/include/eigen3, version: 3.4.0)
-- OpenNI found (version: 1.5.4.0, include: /usr/include/ni, lib: /usr/lib/libOpenNI.so;libusb::libusb)
-- OpenNI2 found (version: 2.2.0.33, include: /usr/include/openni2, lib: /usr/lib/x86_64-linux-gnu/libOpenNI2.so;libusb::libusb)
-- Found Qhull version 8.0.2
-- OpenNI found (version: 1.5.4.0, include: /usr/include/ni, lib: /usr/lib/libOpenNI.so;libusb::libusb)
-- Found pcl_ros: 2.4.5 (/opt/ros/humble/share/pcl_ros/cmake)
[33mCMake Warning (dev) at CMakeLists.txt:26 (find_package):
  Policy CMP0074 is not set: find_package uses <PackageName>_ROOT variables.
  Run "cmake --help-policy CMP0074" for policy details.  Use the cmake_policy
  command to set the policy and suppress this warning.

  CMake variable PCL_ROOT is set to:

    /usr

  For compatibility, CMake is ignoring the variable.
This warning is for project developers.  Use -Wno-dev to suppress it.
[0m
-- Configuring done (2.0s)
-- Generating done (0.1s)
-- Build files have been written to: /home/xinzhu/sentry_ws/build/rm_decision_cpp
[ 48%] Built target rm_decision_cpp
[100%] Built target tree_exec_node
-- Install configuration: "Release"
-- Execute custom install script
-- Up-to-date symlink: /home/xinzhu/sentry_ws/install/rm_decision_cpp/lib/librm_decision_cpp.so
-- Up-to-date symlink: /home/xinzhu/sentry_ws/install/rm_decision_cpp/lib/rm_decision_cpp/tree_exec_node
-- Up-to-date symlink: /home/xinzhu/sentry_ws/install/rm_decision_cpp/share/rm_decision_cpp/launch/run.launch.py
-- Up-to-date symlink: /home/xinzhu/sentry_ws/install/rm_decision_cpp/share/rm_decision_cpp/config/node_params.yaml
-- Up-to-date symlink: /home/xinzhu/sentry_ws/install/rm_decision_cpp/include/rm_decision_cpp/behaviors/align_chassis.hpp
-- Up-to-date symlink: /home/xinzhu/sentry_ws/install/rm_decision_cpp/include/rm_decision_cpp/behaviors/anti_autoaim.hpp
-- Up-to-date symlink: /home/xinzhu/sentry_ws/install/rm_decision_cpp/include/rm_decision_cpp/behaviors/attack.hpp
-- Up-to-date symlink: /home/xinzhu/sentry_ws/install/rm_decision_cpp/include/rm_decision_cpp/behaviors/chassis_type.hpp
-- Up-to-date symlink: /home/xinzhu/sentry_ws/install/rm_decision_cpp/include/rm_decision_cpp/behaviors/control_gimbal.hpp
-- Up-to-date symlink: /home/xinzhu/sentry_ws/install/rm_decision_cpp/include/rm_decision_cpp/behaviors/is_in_position.hpp
-- Up-to-date symlink: /home/xinzhu/sentry_ws/install/rm_decision_cpp/include/rm_decision_cpp/behaviors/mode_publisher.hpp
-- Up-to-date symlink: /home/xinzhu/sentry_ws/install/rm_decision_cpp/include/rm_decision_cpp/behaviors/nav2pose.hpp
-- Up-to-date symlink: /home/xinzhu/sentry_ws/install/rm_decision_cpp/include/rm_decision_cpp/behaviors/sentry_cmd.hpp
-- Up-to-date symlink: /home/xinzhu/sentry_ws/install/rm_decision_cpp/include/rm_decision_cpp/behaviors/spin.hpp
-- Up-to-date symlink: /home/xinzhu/sentry_ws/install/rm_decision_cpp/include/rm_decision_cpp/behaviors/topics2blackboard.hpp
-- Up-to-date symlink: /home/xinzhu/sentry_ws/install/rm_decision_cpp/include/rm_decision_cpp/custume_types.hpp
-- Up-to-date symlink: /home/xinzhu/sentry_ws/install/rm_decision_cpp/share/ament_index/resource_index/package_run_dependencies/rm_decision_cpp
-- Up-to-date symlink: /home/xinzhu/sentry_ws/install/rm_decision_cpp/share/ament_index/resource_index/parent_prefix_path/rm_decision_cpp
-- Up-to-date symlink: /home/xinzhu/sentry_ws/install/rm_decision_cpp/share/rm_decision_cpp/environment/ament_prefix_path.sh
-- Up-to-date symlink: /home/xinzhu/sentry_ws/install/rm_decision_cpp/share/rm_decision_cpp/environment/ament_prefix_path.dsv
-- Up-to-date symlink: /home/xinzhu/sentry_ws/install/rm_decision_cpp/share/rm_decision_cpp/environment/path.sh
-- Up-to-date symlink: /home/xinzhu/sentry_ws/install/rm_decision_cpp/share/rm_decision_cpp/environment/path.dsv
-- Up-to-date symlink: /home/xinzhu/sentry_ws/install/rm_decision_cpp/share/rm_decision_cpp/local_setup.bash
-- Up-to-date symlink: /home/xinzhu/sentry_ws/install/rm_decision_cpp/share/rm_decision_cpp/local_setup.sh
-- Up-to-date symlink: /home/xinzhu/sentry_ws/install/rm_decision_cpp/share/rm_decision_cpp/local_setup.zsh
-- Up-to-date symlink: /home/xinzhu/sentry_ws/install/rm_decision_cpp/share/rm_decision_cpp/local_setup.dsv
-- Symlinking: /home/xinzhu/sentry_ws/install/rm_decision_cpp/share/rm_decision_cpp/package.dsv
-- Up-to-date symlink: /home/xinzhu/sentry_ws/install/rm_decision_cpp/share/ament_index/resource_index/packages/rm_decision_cpp
-- Up-to-date symlink: /home/xinzhu/sentry_ws/install/rm_decision_cpp/share/rm_decision_cpp/cmake/rm_decision_cppConfig.cmake
-- Up-to-date symlink: /home/xinzhu/sentry_ws/install/rm_decision_cpp/share/rm_decision_cpp/cmake/rm_decision_cppConfig-version.cmake
-- Up-to-date symlink: /home/xinzhu/sentry_ws/install/rm_decision_cpp/share/rm_decision_cpp/package.xml
