[0.024s] Invoking command in '/home/xinzhu/sentry_ws/build/rm_decision_cpp': AMENT_PREFIX_PATH=/home/xinzhu/sentry_ws/install/rm_interfaces:/home/xinzhu/sentry_ws/install/behaviortree_cpp:/home/xinzhu/sentry_ws/install/auto_aim_interfaces:${AMENT_PREFIX_PATH} CMAKE_PREFIX_PATH=/home/xinzhu/sentry_ws/install/rm_interfaces:/home/xinzhu/sentry_ws/install/behaviortree_cpp:/home/xinzhu/sentry_ws/install/auto_aim_interfaces:/home/xinzhu/Desktop/sentry_ws/install/terrain_analysis_ext:/home/xinzhu/Desktop/sentry_ws/install/terrain_analysis:/home/xinzhu/Desktop/sentry_ws/install/sentry_description:/home/xinzhu/Desktop/sentry_ws/install/sentry_bringup:/home/xinzhu/Desktop/sentry_ws/install/sensor_scan_generation:/home/xinzhu/Desktop/sentry_ws/install/rm_bringup:/home/xinzhu/Desktop/sentry_ws/install/rm_serial_driver:/home/xinzhu/Desktop/sentry_ws/install/rm_camera_driver:/home/xinzhu/Desktop/sentry_ws/install/rm_auto_aim:/home/xinzhu/Desktop/sentry_ws/install/armor_solver:/home/xinzhu/Desktop/sentry_ws/install/armor_detector:/home/xinzhu/Desktop/sentry_ws/install/rm_utils:/home/xinzhu/Desktop/sentry_ws/install/rm_robot_description:/home/xinzhu/Desktop/sentry_ws/install/rm_decision_cpp:/home/xinzhu/Desktop/sentry_ws/install/cmd_chassis:/home/xinzhu/Desktop/sentry_ws/install/rm_interfaces:/home/xinzhu/Desktop/sentry_ws/install/fast_lio:/home/xinzhu/Desktop/sentry_ws/install/livox_ros_driver2:/home/xinzhu/Desktop/sentry_ws/install/icp_relocalization:/home/xinzhu/Desktop/sentry_ws/install/costmap_intensity:/home/xinzhu/Desktop/sentry_ws/install/behaviortree_cpp:/home/xinzhu/Desktop/sentry_ws/install/behavior_ext_plugins:/home/xinzhu/Desktop/sentry_ws/install/auto_aim_interfaces:/home/xinzhu/Desktop/sentry_ws/install/control_panel:/opt/ros/humble LD_LIBRARY_PATH=/home/xinzhu/sentry_ws/install/rm_interfaces/lib:/home/xinzhu/sentry_ws/install/behaviortree_cpp/lib:/home/xinzhu/sentry_ws/install/auto_aim_interfaces/lib:${LD_LIBRARY_PATH} PATH=/home/xinzhu/sentry_ws/install/behaviortree_cpp/bin:${PATH} PS1=%F{green}%n@%m%f%F{white}:%f%F{blue}%~%f%F{white}$%f PYTHONPATH=/home/xinzhu/sentry_ws/install/rm_interfaces/local/lib/python3.10/dist-packages:/home/xinzhu/sentry_ws/install/auto_aim_interfaces/local/lib/python3.10/dist-packages:${PYTHONPATH} /usr/local/bin/cmake /home/xinzhu/sentry_ws/src/rm_decision_cpp -DAMENT_CMAKE_SYMLINK_INSTALL=1 -DCMAKE_INSTALL_PREFIX=/home/xinzhu/sentry_ws/install/rm_decision_cpp
[0.037s] -- Found ament_cmake: 1.3.13 (/opt/ros/humble/share/ament_cmake/cmake)
[0.220s] -- Override CMake install command with custom implementation using symlinks instead of copying resources
[0.225s] -- Found rclcpp: 16.0.18 (/opt/ros/humble/share/rclcpp/cmake)
[0.257s] -- Found rosidl_generator_c: 3.1.8 (/opt/ros/humble/share/rosidl_generator_c/cmake)
[0.259s] -- Found rosidl_adapter: 3.1.8 (/opt/ros/humble/share/rosidl_adapter/cmake)
[0.268s] -- Found rosidl_generator_cpp: 3.1.8 (/opt/ros/humble/share/rosidl_generator_cpp/cmake)
[0.281s] -- Using all available rosidl_typesupport_c: rosidl_typesupport_fastrtps_c;rosidl_typesupport_introspection_c
[0.296s] -- Using all available rosidl_typesupport_cpp: rosidl_typesupport_fastrtps_cpp;rosidl_typesupport_introspection_cpp
[0.325s] -- Found rmw_implementation_cmake: 6.1.2 (/opt/ros/humble/share/rmw_implementation_cmake/cmake)
[0.328s] -- Found rmw_fastrtps_cpp: 6.2.10 (/opt/ros/humble/share/rmw_fastrtps_cpp/cmake)
[0.436s] -- Using RMW implementation 'rmw_fastrtps_cpp' as default
[0.482s] -- Found auto_aim_interfaces: 0.0.0 (/home/xinzhu/sentry_ws/install/auto_aim_interfaces/share/auto_aim_interfaces/cmake)
[0.512s] -- Found rm_interfaces: 0.0.1 (/home/xinzhu/sentry_ws/install/rm_interfaces/share/rm_interfaces/cmake)
[0.567s] -- Found rclcpp_components: 16.0.18 (/opt/ros/humble/share/rclcpp_components/cmake)
[0.587s] -- Found nav2_msgs: 1.1.20 (/opt/ros/humble/share/nav2_msgs/cmake)
[0.629s] -- Found nav2_util: 1.1.20 (/opt/ros/humble/share/nav2_util/cmake)
[0.673s] -- Found eigen3_cmake_module: 0.1.1 (/opt/ros/humble/share/eigen3_cmake_module/cmake)
[0.675s] -- Ensuring Eigen3 include directory is part of orocos-kdl CMake target
[0.716s] -- Found behaviortree_cpp: 4.5.1 (/home/xinzhu/sentry_ws/install/behaviortree_cpp/share/behaviortree_cpp/cmake)
[0.717s] -- Found sensor_msgs: 4.9.1 (/opt/ros/humble/share/sensor_msgs/cmake)
[0.735s] -- Found visualization_msgs: 4.9.1 (/opt/ros/humble/share/visualization_msgs/cmake)
[0.754s] -- Found pcl_conversions: 2.4.5 (/opt/ros/humble/share/pcl_conversions/cmake)
[0.779s] [33mCMake Warning (dev) at /usr/lib/x86_64-linux-gnu/cmake/pcl/PCLConfig.cmake:146 (find_package):
[0.779s]   Policy CMP0144 is not set: find_package uses upper-case <PACKAGENAME>_ROOT
[0.780s]   variables.  Run "cmake --help-policy CMP0144" for policy details.  Use the
[0.780s]   cmake_policy command to set the policy and suppress this warning.
[0.780s] 
[0.780s]   CMake variable EIGEN_ROOT is set to:
[0.780s] 
[0.780s]     /usr/include/eigen3
[0.780s] 
[0.780s]   For compatibility, find_package is ignoring the variable, but code in a
[0.780s]   .cmake module might still use it.
[0.780s] Call Stack (most recent call first):
[0.780s]   /usr/lib/x86_64-linux-gnu/cmake/pcl/PCLConfig.cmake:299 (find_eigen)
[0.780s]   /usr/lib/x86_64-linux-gnu/cmake/pcl/PCLConfig.cmake:543 (find_external_library)
[0.780s]   /opt/ros/humble/share/pcl_conversions/cmake/ament_cmake_export_dependencies-extras.cmake:21 (find_package)
[0.780s]   /opt/ros/humble/share/pcl_conversions/cmake/pcl_conversionsConfig.cmake:41 (include)
[0.780s]   CMakeLists.txt:24 (find_package)
[0.780s] This warning is for project developers.  Use -Wno-dev to suppress it.
[0.780s] [0m
[0.785s] -- Eigen found (include: /usr/include/eigen3, version: 3.4.0)
[0.785s] [33mCMake Warning (dev) at /usr/lib/x86_64-linux-gnu/cmake/pcl/PCLConfig.cmake:128 (find_package):
[0.785s]   Policy CMP0167 is not set: The FindBoost module is removed.  Run "cmake
[0.785s]   --help-policy CMP0167" for policy details.  Use the cmake_policy command to
[0.785s]   set the policy and suppress this warning.
[0.785s] 
[0.786s] Call Stack (most recent call first):
[0.786s]   /usr/lib/x86_64-linux-gnu/cmake/pcl/PCLConfig.cmake:297 (find_boost)
[0.786s]   /usr/lib/x86_64-linux-gnu/cmake/pcl/PCLConfig.cmake:543 (find_external_library)
[0.786s]   /opt/ros/humble/share/pcl_conversions/cmake/ament_cmake_export_dependencies-extras.cmake:21 (find_package)
[0.786s]   /opt/ros/humble/share/pcl_conversions/cmake/pcl_conversionsConfig.cmake:41 (include)
[0.786s]   CMakeLists.txt:24 (find_package)
[0.786s] This warning is for project developers.  Use -Wno-dev to suppress it.
[0.786s] [0m
[0.797s] [33mCMake Warning (dev) at /usr/lib/x86_64-linux-gnu/cmake/pcl/Modules/FindFLANN.cmake:44 (find_package):
[0.797s]   Policy CMP0144 is not set: find_package uses upper-case <PACKAGENAME>_ROOT
[0.797s]   variables.  Run "cmake --help-policy CMP0144" for policy details.  Use the
[0.797s]   cmake_policy command to set the policy and suppress this warning.
[0.797s] 
[0.797s]   CMake variable FLANN_ROOT is set to:
[0.797s] 
[0.797s]     /usr
[0.798s] 
[0.798s]   For compatibility, find_package is ignoring the variable, but code in a
[0.798s]   .cmake module might still use it.
[0.798s] Call Stack (most recent call first):
[0.798s]   /usr/lib/x86_64-linux-gnu/cmake/pcl/PCLConfig.cmake:256 (find_package)
[0.798s]   /usr/lib/x86_64-linux-gnu/cmake/pcl/PCLConfig.cmake:301 (find_flann)
[0.798s]   /usr/lib/x86_64-linux-gnu/cmake/pcl/PCLConfig.cmake:543 (find_external_library)
[0.798s]   /opt/ros/humble/share/pcl_conversions/cmake/ament_cmake_export_dependencies-extras.cmake:21 (find_package)
[0.798s]   /opt/ros/humble/share/pcl_conversions/cmake/pcl_conversionsConfig.cmake:41 (include)
[0.798s]   CMakeLists.txt:24 (find_package)
[0.798s] This warning is for project developers.  Use -Wno-dev to suppress it.
[0.798s] [0m
[0.818s] -- FLANN found (include: /usr/include, lib: /usr/lib/x86_64-linux-gnu/libflann_cpp.so)
[1.146s] -- OpenNI found (version: 1.5.4.0, include: /usr/include/ni, lib: /usr/lib/libOpenNI.so;libusb::libusb)
[1.153s] -- OpenNI2 found (version: 2.2.0.33, include: /usr/include/openni2, lib: /usr/lib/x86_64-linux-gnu/libOpenNI2.so;libusb::libusb)
[1.340s] [33mCMake Warning (dev) at /usr/lib/x86_64-linux-gnu/cmake/pcl/PCLConfig.cmake:128 (find_package):
[1.340s]   Policy CMP0167 is not set: The FindBoost module is removed.  Run "cmake
[1.340s]   --help-policy CMP0167" for policy details.  Use the cmake_policy command to
[1.340s]   set the policy and suppress this warning.
[1.340s] 
[1.340s] Call Stack (most recent call first):
[1.340s]   /usr/lib/x86_64-linux-gnu/cmake/pcl/PCLConfig.cmake:297 (find_boost)
[1.341s]   /usr/lib/x86_64-linux-gnu/cmake/pcl/PCLConfig.cmake:543 (find_external_library)
[1.341s]   /opt/ros/humble/share/pcl_conversions/cmake/ament_cmake_export_dependencies-extras.cmake:21 (find_package)
[1.341s]   /opt/ros/humble/share/pcl_conversions/cmake/pcl_conversionsConfig.cmake:41 (include)
[1.341s]   CMakeLists.txt:24 (find_package)
[1.341s] This warning is for project developers.  Use -Wno-dev to suppress it.
[1.341s] [0m
[1.351s] -- Eigen found (include: /usr/include/eigen3, version: 3.4.0)
[1.356s] -- OpenNI found (version: 1.5.4.0, include: /usr/include/ni, lib: /usr/lib/libOpenNI.so;libusb::libusb)
[1.361s] -- OpenNI2 found (version: 2.2.0.33, include: /usr/include/openni2, lib: /usr/lib/x86_64-linux-gnu/libOpenNI2.so;libusb::libusb)
[1.548s] -- Found Qhull version 8.0.2
[1.735s] -- OpenNI found (version: 1.5.4.0, include: /usr/include/ni, lib: /usr/lib/libOpenNI.so;libusb::libusb)
[1.920s] -- Found pcl_ros: 2.4.5 (/opt/ros/humble/share/pcl_ros/cmake)
[1.930s] [33mCMake Warning (dev) at CMakeLists.txt:26 (find_package):
[1.930s]   Policy CMP0074 is not set: find_package uses <PackageName>_ROOT variables.
[1.930s]   Run "cmake --help-policy CMP0074" for policy details.  Use the cmake_policy
[1.930s]   command to set the policy and suppress this warning.
[1.930s] 
[1.930s]   CMake variable PCL_ROOT is set to:
[1.930s] 
[1.930s]     /usr
[1.930s] 
[1.930s]   For compatibility, CMake is ignoring the variable.
[1.930s] This warning is for project developers.  Use -Wno-dev to suppress it.
[1.930s] [0m
[2.053s] -- Configuring done (2.0s)
[2.142s] -- Generating done (0.1s)
[2.149s] -- Build files have been written to: /home/xinzhu/sentry_ws/build/rm_decision_cpp
[2.164s] Invoked command in '/home/xinzhu/sentry_ws/build/rm_decision_cpp' returned '0': AMENT_PREFIX_PATH=/home/xinzhu/sentry_ws/install/rm_interfaces:/home/xinzhu/sentry_ws/install/behaviortree_cpp:/home/xinzhu/sentry_ws/install/auto_aim_interfaces:${AMENT_PREFIX_PATH} CMAKE_PREFIX_PATH=/home/xinzhu/sentry_ws/install/rm_interfaces:/home/xinzhu/sentry_ws/install/behaviortree_cpp:/home/xinzhu/sentry_ws/install/auto_aim_interfaces:/home/xinzhu/Desktop/sentry_ws/install/terrain_analysis_ext:/home/xinzhu/Desktop/sentry_ws/install/terrain_analysis:/home/xinzhu/Desktop/sentry_ws/install/sentry_description:/home/xinzhu/Desktop/sentry_ws/install/sentry_bringup:/home/xinzhu/Desktop/sentry_ws/install/sensor_scan_generation:/home/xinzhu/Desktop/sentry_ws/install/rm_bringup:/home/xinzhu/Desktop/sentry_ws/install/rm_serial_driver:/home/xinzhu/Desktop/sentry_ws/install/rm_camera_driver:/home/xinzhu/Desktop/sentry_ws/install/rm_auto_aim:/home/xinzhu/Desktop/sentry_ws/install/armor_solver:/home/xinzhu/Desktop/sentry_ws/install/armor_detector:/home/xinzhu/Desktop/sentry_ws/install/rm_utils:/home/xinzhu/Desktop/sentry_ws/install/rm_robot_description:/home/xinzhu/Desktop/sentry_ws/install/rm_decision_cpp:/home/xinzhu/Desktop/sentry_ws/install/cmd_chassis:/home/xinzhu/Desktop/sentry_ws/install/rm_interfaces:/home/xinzhu/Desktop/sentry_ws/install/fast_lio:/home/xinzhu/Desktop/sentry_ws/install/livox_ros_driver2:/home/xinzhu/Desktop/sentry_ws/install/icp_relocalization:/home/xinzhu/Desktop/sentry_ws/install/costmap_intensity:/home/xinzhu/Desktop/sentry_ws/install/behaviortree_cpp:/home/xinzhu/Desktop/sentry_ws/install/behavior_ext_plugins:/home/xinzhu/Desktop/sentry_ws/install/auto_aim_interfaces:/home/xinzhu/Desktop/sentry_ws/install/control_panel:/opt/ros/humble LD_LIBRARY_PATH=/home/xinzhu/sentry_ws/install/rm_interfaces/lib:/home/xinzhu/sentry_ws/install/behaviortree_cpp/lib:/home/xinzhu/sentry_ws/install/auto_aim_interfaces/lib:${LD_LIBRARY_PATH} PATH=/home/xinzhu/sentry_ws/install/behaviortree_cpp/bin:${PATH} PS1=%F{green}%n@%m%f%F{white}:%f%F{blue}%~%f%F{white}$%f PYTHONPATH=/home/xinzhu/sentry_ws/install/rm_interfaces/local/lib/python3.10/dist-packages:/home/xinzhu/sentry_ws/install/auto_aim_interfaces/local/lib/python3.10/dist-packages:${PYTHONPATH} /usr/local/bin/cmake /home/xinzhu/sentry_ws/src/rm_decision_cpp -DAMENT_CMAKE_SYMLINK_INSTALL=1 -DCMAKE_INSTALL_PREFIX=/home/xinzhu/sentry_ws/install/rm_decision_cpp
[2.166s] Invoking command in '/home/xinzhu/sentry_ws/build/rm_decision_cpp': AMENT_PREFIX_PATH=/home/xinzhu/sentry_ws/install/rm_interfaces:/home/xinzhu/sentry_ws/install/behaviortree_cpp:/home/xinzhu/sentry_ws/install/auto_aim_interfaces:${AMENT_PREFIX_PATH} CMAKE_PREFIX_PATH=/home/xinzhu/sentry_ws/install/rm_interfaces:/home/xinzhu/sentry_ws/install/behaviortree_cpp:/home/xinzhu/sentry_ws/install/auto_aim_interfaces:/home/xinzhu/Desktop/sentry_ws/install/terrain_analysis_ext:/home/xinzhu/Desktop/sentry_ws/install/terrain_analysis:/home/xinzhu/Desktop/sentry_ws/install/sentry_description:/home/xinzhu/Desktop/sentry_ws/install/sentry_bringup:/home/xinzhu/Desktop/sentry_ws/install/sensor_scan_generation:/home/xinzhu/Desktop/sentry_ws/install/rm_bringup:/home/xinzhu/Desktop/sentry_ws/install/rm_serial_driver:/home/xinzhu/Desktop/sentry_ws/install/rm_camera_driver:/home/xinzhu/Desktop/sentry_ws/install/rm_auto_aim:/home/xinzhu/Desktop/sentry_ws/install/armor_solver:/home/xinzhu/Desktop/sentry_ws/install/armor_detector:/home/xinzhu/Desktop/sentry_ws/install/rm_utils:/home/xinzhu/Desktop/sentry_ws/install/rm_robot_description:/home/xinzhu/Desktop/sentry_ws/install/rm_decision_cpp:/home/xinzhu/Desktop/sentry_ws/install/cmd_chassis:/home/xinzhu/Desktop/sentry_ws/install/rm_interfaces:/home/xinzhu/Desktop/sentry_ws/install/fast_lio:/home/xinzhu/Desktop/sentry_ws/install/livox_ros_driver2:/home/xinzhu/Desktop/sentry_ws/install/icp_relocalization:/home/xinzhu/Desktop/sentry_ws/install/costmap_intensity:/home/xinzhu/Desktop/sentry_ws/install/behaviortree_cpp:/home/xinzhu/Desktop/sentry_ws/install/behavior_ext_plugins:/home/xinzhu/Desktop/sentry_ws/install/auto_aim_interfaces:/home/xinzhu/Desktop/sentry_ws/install/control_panel:/opt/ros/humble LD_LIBRARY_PATH=/home/xinzhu/sentry_ws/install/rm_interfaces/lib:/home/xinzhu/sentry_ws/install/behaviortree_cpp/lib:/home/xinzhu/sentry_ws/install/auto_aim_interfaces/lib:${LD_LIBRARY_PATH} PATH=/home/xinzhu/sentry_ws/install/behaviortree_cpp/bin:${PATH} PS1=%F{green}%n@%m%f%F{white}:%f%F{blue}%~%f%F{white}$%f PYTHONPATH=/home/xinzhu/sentry_ws/install/rm_interfaces/local/lib/python3.10/dist-packages:/home/xinzhu/sentry_ws/install/auto_aim_interfaces/local/lib/python3.10/dist-packages:${PYTHONPATH} /usr/local/bin/cmake --build /home/xinzhu/sentry_ws/build/rm_decision_cpp -- -j16 -l16
[2.242s] [ 48%] Built target rm_decision_cpp
[2.250s] [100%] Built target tree_exec_node
[2.256s] Invoked command in '/home/xinzhu/sentry_ws/build/rm_decision_cpp' returned '0': AMENT_PREFIX_PATH=/home/xinzhu/sentry_ws/install/rm_interfaces:/home/xinzhu/sentry_ws/install/behaviortree_cpp:/home/xinzhu/sentry_ws/install/auto_aim_interfaces:${AMENT_PREFIX_PATH} CMAKE_PREFIX_PATH=/home/xinzhu/sentry_ws/install/rm_interfaces:/home/xinzhu/sentry_ws/install/behaviortree_cpp:/home/xinzhu/sentry_ws/install/auto_aim_interfaces:/home/xinzhu/Desktop/sentry_ws/install/terrain_analysis_ext:/home/xinzhu/Desktop/sentry_ws/install/terrain_analysis:/home/xinzhu/Desktop/sentry_ws/install/sentry_description:/home/xinzhu/Desktop/sentry_ws/install/sentry_bringup:/home/xinzhu/Desktop/sentry_ws/install/sensor_scan_generation:/home/xinzhu/Desktop/sentry_ws/install/rm_bringup:/home/xinzhu/Desktop/sentry_ws/install/rm_serial_driver:/home/xinzhu/Desktop/sentry_ws/install/rm_camera_driver:/home/xinzhu/Desktop/sentry_ws/install/rm_auto_aim:/home/xinzhu/Desktop/sentry_ws/install/armor_solver:/home/xinzhu/Desktop/sentry_ws/install/armor_detector:/home/xinzhu/Desktop/sentry_ws/install/rm_utils:/home/xinzhu/Desktop/sentry_ws/install/rm_robot_description:/home/xinzhu/Desktop/sentry_ws/install/rm_decision_cpp:/home/xinzhu/Desktop/sentry_ws/install/cmd_chassis:/home/xinzhu/Desktop/sentry_ws/install/rm_interfaces:/home/xinzhu/Desktop/sentry_ws/install/fast_lio:/home/xinzhu/Desktop/sentry_ws/install/livox_ros_driver2:/home/xinzhu/Desktop/sentry_ws/install/icp_relocalization:/home/xinzhu/Desktop/sentry_ws/install/costmap_intensity:/home/xinzhu/Desktop/sentry_ws/install/behaviortree_cpp:/home/xinzhu/Desktop/sentry_ws/install/behavior_ext_plugins:/home/xinzhu/Desktop/sentry_ws/install/auto_aim_interfaces:/home/xinzhu/Desktop/sentry_ws/install/control_panel:/opt/ros/humble LD_LIBRARY_PATH=/home/xinzhu/sentry_ws/install/rm_interfaces/lib:/home/xinzhu/sentry_ws/install/behaviortree_cpp/lib:/home/xinzhu/sentry_ws/install/auto_aim_interfaces/lib:${LD_LIBRARY_PATH} PATH=/home/xinzhu/sentry_ws/install/behaviortree_cpp/bin:${PATH} PS1=%F{green}%n@%m%f%F{white}:%f%F{blue}%~%f%F{white}$%f PYTHONPATH=/home/xinzhu/sentry_ws/install/rm_interfaces/local/lib/python3.10/dist-packages:/home/xinzhu/sentry_ws/install/auto_aim_interfaces/local/lib/python3.10/dist-packages:${PYTHONPATH} /usr/local/bin/cmake --build /home/xinzhu/sentry_ws/build/rm_decision_cpp -- -j16 -l16
[2.258s] Invoking command in '/home/xinzhu/sentry_ws/build/rm_decision_cpp': AMENT_PREFIX_PATH=/home/xinzhu/sentry_ws/install/rm_interfaces:/home/xinzhu/sentry_ws/install/behaviortree_cpp:/home/xinzhu/sentry_ws/install/auto_aim_interfaces:${AMENT_PREFIX_PATH} CMAKE_PREFIX_PATH=/home/xinzhu/sentry_ws/install/rm_interfaces:/home/xinzhu/sentry_ws/install/behaviortree_cpp:/home/xinzhu/sentry_ws/install/auto_aim_interfaces:/home/xinzhu/Desktop/sentry_ws/install/terrain_analysis_ext:/home/xinzhu/Desktop/sentry_ws/install/terrain_analysis:/home/xinzhu/Desktop/sentry_ws/install/sentry_description:/home/xinzhu/Desktop/sentry_ws/install/sentry_bringup:/home/xinzhu/Desktop/sentry_ws/install/sensor_scan_generation:/home/xinzhu/Desktop/sentry_ws/install/rm_bringup:/home/xinzhu/Desktop/sentry_ws/install/rm_serial_driver:/home/xinzhu/Desktop/sentry_ws/install/rm_camera_driver:/home/xinzhu/Desktop/sentry_ws/install/rm_auto_aim:/home/xinzhu/Desktop/sentry_ws/install/armor_solver:/home/xinzhu/Desktop/sentry_ws/install/armor_detector:/home/xinzhu/Desktop/sentry_ws/install/rm_utils:/home/xinzhu/Desktop/sentry_ws/install/rm_robot_description:/home/xinzhu/Desktop/sentry_ws/install/rm_decision_cpp:/home/xinzhu/Desktop/sentry_ws/install/cmd_chassis:/home/xinzhu/Desktop/sentry_ws/install/rm_interfaces:/home/xinzhu/Desktop/sentry_ws/install/fast_lio:/home/xinzhu/Desktop/sentry_ws/install/livox_ros_driver2:/home/xinzhu/Desktop/sentry_ws/install/icp_relocalization:/home/xinzhu/Desktop/sentry_ws/install/costmap_intensity:/home/xinzhu/Desktop/sentry_ws/install/behaviortree_cpp:/home/xinzhu/Desktop/sentry_ws/install/behavior_ext_plugins:/home/xinzhu/Desktop/sentry_ws/install/auto_aim_interfaces:/home/xinzhu/Desktop/sentry_ws/install/control_panel:/opt/ros/humble LD_LIBRARY_PATH=/home/xinzhu/sentry_ws/install/rm_interfaces/lib:/home/xinzhu/sentry_ws/install/behaviortree_cpp/lib:/home/xinzhu/sentry_ws/install/auto_aim_interfaces/lib:${LD_LIBRARY_PATH} PATH=/home/xinzhu/sentry_ws/install/behaviortree_cpp/bin:${PATH} PS1=%F{green}%n@%m%f%F{white}:%f%F{blue}%~%f%F{white}$%f PYTHONPATH=/home/xinzhu/sentry_ws/install/rm_interfaces/local/lib/python3.10/dist-packages:/home/xinzhu/sentry_ws/install/auto_aim_interfaces/local/lib/python3.10/dist-packages:${PYTHONPATH} /usr/local/bin/cmake --install /home/xinzhu/sentry_ws/build/rm_decision_cpp
[2.260s] -- Install configuration: "Release"
[2.260s] -- Execute custom install script
[2.261s] -- Up-to-date symlink: /home/xinzhu/sentry_ws/install/rm_decision_cpp/lib/librm_decision_cpp.so
[2.264s] -- Up-to-date symlink: /home/xinzhu/sentry_ws/install/rm_decision_cpp/lib/rm_decision_cpp/tree_exec_node
[2.268s] -- Up-to-date symlink: /home/xinzhu/sentry_ws/install/rm_decision_cpp/share/rm_decision_cpp/launch/run.launch.py
[2.269s] -- Up-to-date symlink: /home/xinzhu/sentry_ws/install/rm_decision_cpp/share/rm_decision_cpp/config/node_params.yaml
[2.269s] -- Up-to-date symlink: /home/xinzhu/sentry_ws/install/rm_decision_cpp/include/rm_decision_cpp/behaviors/align_chassis.hpp
[2.270s] -- Up-to-date symlink: /home/xinzhu/sentry_ws/install/rm_decision_cpp/include/rm_decision_cpp/behaviors/anti_autoaim.hpp
[2.270s] -- Up-to-date symlink: /home/xinzhu/sentry_ws/install/rm_decision_cpp/include/rm_decision_cpp/behaviors/attack.hpp
[2.270s] -- Up-to-date symlink: /home/xinzhu/sentry_ws/install/rm_decision_cpp/include/rm_decision_cpp/behaviors/chassis_type.hpp
[2.270s] -- Up-to-date symlink: /home/xinzhu/sentry_ws/install/rm_decision_cpp/include/rm_decision_cpp/behaviors/control_gimbal.hpp
[2.270s] -- Up-to-date symlink: /home/xinzhu/sentry_ws/install/rm_decision_cpp/include/rm_decision_cpp/behaviors/is_in_position.hpp
[2.270s] -- Up-to-date symlink: /home/xinzhu/sentry_ws/install/rm_decision_cpp/include/rm_decision_cpp/behaviors/mode_publisher.hpp
[2.271s] -- Up-to-date symlink: /home/xinzhu/sentry_ws/install/rm_decision_cpp/include/rm_decision_cpp/behaviors/nav2pose.hpp
[2.271s] -- Up-to-date symlink: /home/xinzhu/sentry_ws/install/rm_decision_cpp/include/rm_decision_cpp/behaviors/sentry_cmd.hpp
[2.271s] -- Up-to-date symlink: /home/xinzhu/sentry_ws/install/rm_decision_cpp/include/rm_decision_cpp/behaviors/spin.hpp
[2.271s] -- Up-to-date symlink: /home/xinzhu/sentry_ws/install/rm_decision_cpp/include/rm_decision_cpp/behaviors/topics2blackboard.hpp
[2.271s] -- Up-to-date symlink: /home/xinzhu/sentry_ws/install/rm_decision_cpp/include/rm_decision_cpp/custume_types.hpp
[2.271s] -- Up-to-date symlink: /home/xinzhu/sentry_ws/install/rm_decision_cpp/share/ament_index/resource_index/package_run_dependencies/rm_decision_cpp
[2.271s] -- Up-to-date symlink: /home/xinzhu/sentry_ws/install/rm_decision_cpp/share/ament_index/resource_index/parent_prefix_path/rm_decision_cpp
[2.271s] -- Up-to-date symlink: /home/xinzhu/sentry_ws/install/rm_decision_cpp/share/rm_decision_cpp/environment/ament_prefix_path.sh
[2.271s] -- Up-to-date symlink: /home/xinzhu/sentry_ws/install/rm_decision_cpp/share/rm_decision_cpp/environment/ament_prefix_path.dsv
[2.272s] -- Up-to-date symlink: /home/xinzhu/sentry_ws/install/rm_decision_cpp/share/rm_decision_cpp/environment/path.sh
[2.272s] -- Up-to-date symlink: /home/xinzhu/sentry_ws/install/rm_decision_cpp/share/rm_decision_cpp/environment/path.dsv
[2.272s] -- Up-to-date symlink: /home/xinzhu/sentry_ws/install/rm_decision_cpp/share/rm_decision_cpp/local_setup.bash
[2.272s] -- Up-to-date symlink: /home/xinzhu/sentry_ws/install/rm_decision_cpp/share/rm_decision_cpp/local_setup.sh
[2.272s] -- Up-to-date symlink: /home/xinzhu/sentry_ws/install/rm_decision_cpp/share/rm_decision_cpp/local_setup.zsh
[2.272s] -- Up-to-date symlink: /home/xinzhu/sentry_ws/install/rm_decision_cpp/share/rm_decision_cpp/local_setup.dsv
[2.272s] -- Symlinking: /home/xinzhu/sentry_ws/install/rm_decision_cpp/share/rm_decision_cpp/package.dsv
[2.276s] -- Up-to-date symlink: /home/xinzhu/sentry_ws/install/rm_decision_cpp/share/ament_index/resource_index/packages/rm_decision_cpp
[2.276s] -- Up-to-date symlink: /home/xinzhu/sentry_ws/install/rm_decision_cpp/share/rm_decision_cpp/cmake/rm_decision_cppConfig.cmake
[2.276s] -- Up-to-date symlink: /home/xinzhu/sentry_ws/install/rm_decision_cpp/share/rm_decision_cpp/cmake/rm_decision_cppConfig-version.cmake
[2.276s] -- Up-to-date symlink: /home/xinzhu/sentry_ws/install/rm_decision_cpp/share/rm_decision_cpp/package.xml
[2.278s] Invoked command in '/home/xinzhu/sentry_ws/build/rm_decision_cpp' returned '0': AMENT_PREFIX_PATH=/home/xinzhu/sentry_ws/install/rm_interfaces:/home/xinzhu/sentry_ws/install/behaviortree_cpp:/home/xinzhu/sentry_ws/install/auto_aim_interfaces:${AMENT_PREFIX_PATH} CMAKE_PREFIX_PATH=/home/xinzhu/sentry_ws/install/rm_interfaces:/home/xinzhu/sentry_ws/install/behaviortree_cpp:/home/xinzhu/sentry_ws/install/auto_aim_interfaces:/home/xinzhu/Desktop/sentry_ws/install/terrain_analysis_ext:/home/xinzhu/Desktop/sentry_ws/install/terrain_analysis:/home/xinzhu/Desktop/sentry_ws/install/sentry_description:/home/xinzhu/Desktop/sentry_ws/install/sentry_bringup:/home/xinzhu/Desktop/sentry_ws/install/sensor_scan_generation:/home/xinzhu/Desktop/sentry_ws/install/rm_bringup:/home/xinzhu/Desktop/sentry_ws/install/rm_serial_driver:/home/xinzhu/Desktop/sentry_ws/install/rm_camera_driver:/home/xinzhu/Desktop/sentry_ws/install/rm_auto_aim:/home/xinzhu/Desktop/sentry_ws/install/armor_solver:/home/xinzhu/Desktop/sentry_ws/install/armor_detector:/home/xinzhu/Desktop/sentry_ws/install/rm_utils:/home/xinzhu/Desktop/sentry_ws/install/rm_robot_description:/home/xinzhu/Desktop/sentry_ws/install/rm_decision_cpp:/home/xinzhu/Desktop/sentry_ws/install/cmd_chassis:/home/xinzhu/Desktop/sentry_ws/install/rm_interfaces:/home/xinzhu/Desktop/sentry_ws/install/fast_lio:/home/xinzhu/Desktop/sentry_ws/install/livox_ros_driver2:/home/xinzhu/Desktop/sentry_ws/install/icp_relocalization:/home/xinzhu/Desktop/sentry_ws/install/costmap_intensity:/home/xinzhu/Desktop/sentry_ws/install/behaviortree_cpp:/home/xinzhu/Desktop/sentry_ws/install/behavior_ext_plugins:/home/xinzhu/Desktop/sentry_ws/install/auto_aim_interfaces:/home/xinzhu/Desktop/sentry_ws/install/control_panel:/opt/ros/humble LD_LIBRARY_PATH=/home/xinzhu/sentry_ws/install/rm_interfaces/lib:/home/xinzhu/sentry_ws/install/behaviortree_cpp/lib:/home/xinzhu/sentry_ws/install/auto_aim_interfaces/lib:${LD_LIBRARY_PATH} PATH=/home/xinzhu/sentry_ws/install/behaviortree_cpp/bin:${PATH} PS1=%F{green}%n@%m%f%F{white}:%f%F{blue}%~%f%F{white}$%f PYTHONPATH=/home/xinzhu/sentry_ws/install/rm_interfaces/local/lib/python3.10/dist-packages:/home/xinzhu/sentry_ws/install/auto_aim_interfaces/local/lib/python3.10/dist-packages:${PYTHONPATH} /usr/local/bin/cmake --install /home/xinzhu/sentry_ws/build/rm_decision_cpp
