[0.026s] Invoking command in '/home/xinzhu/sentry_ws/build/rm_serial_driver': AMENT_PREFIX_PATH=/home/xinzhu/sentry_ws/install/rm_utils:/home/xinzhu/sentry_ws/install/rm_interfaces:/home/xinzhu/sentry_ws/install/auto_aim_interfaces:${AMENT_PREFIX_PATH} CMAKE_PREFIX_PATH=/home/xinzhu/sentry_ws/install/rm_utils:/home/xinzhu/sentry_ws/install/rm_interfaces:/home/xinzhu/sentry_ws/install/auto_aim_interfaces:/home/xinzhu/Desktop/sentry_ws/install/sentry_description:/home/xinzhu/Desktop/sentry_ws/install/sentry_bringup:/home/xinzhu/Desktop/sentry_ws/install/sensor_scan_generation:/home/xinzhu/Desktop/sentry_ws/install/rm_rune:/home/xinzhu/Desktop/sentry_ws/install/rune_solver:/home/xinzhu/Desktop/sentry_ws/install/rune_detector:/home/xinzhu/Desktop/sentry_ws/install/rm_serial_driver:/home/xinzhu/Desktop/sentry_ws/install/rm_auto_aim:/home/xinzhu/Desktop/sentry_ws/install/armor_solver:/home/xinzhu/Desktop/sentry_ws/install/armor_detector:/home/xinzhu/Desktop/sentry_ws/install/rm_utils:/home/xinzhu/Desktop/sentry_ws/install/rm_robot_description:/home/xinzhu/Desktop/sentry_ws/install/rm_interfaces:/home/xinzhu/Desktop/sentry_ws/install/livox_ros_driver2:/home/xinzhu/Desktop/sentry_ws/install/costmap_intensity:/home/xinzhu/Desktop/sentry_ws/install/behavior_ext_plugins:/home/xinzhu/Desktop/sentry_ws/install/auto_aim_interfaces:/home/xinzhu/Desktop/sentry_ws/install/control_panel:/opt/ros/humble LD_LIBRARY_PATH=/home/xinzhu/sentry_ws/install/rm_utils/lib:/home/xinzhu/sentry_ws/install/rm_interfaces/lib:/home/xinzhu/sentry_ws/install/auto_aim_interfaces/lib:${LD_LIBRARY_PATH} PS1=%F{green}%n@%m%f%F{white}:%f%F{blue}%~%f%F{white}$%f PYTHONPATH=/home/xinzhu/sentry_ws/install/rm_interfaces/local/lib/python3.10/dist-packages:/home/xinzhu/sentry_ws/install/auto_aim_interfaces/local/lib/python3.10/dist-packages:${PYTHONPATH} /usr/local/bin/cmake --build /home/xinzhu/sentry_ws/build/rm_serial_driver -- -j16 -l16
[0.096s] [ 11%] Built target gtest_main
[0.098s] [ 23%] Built target gtest
[0.101s] [ 35%] Built target rm_serial_driver_node
[0.103s] [ 47%] Built target virtual_serial_node
[0.143s] [ 88%] Built target rm_serial_driver
[0.166s] [100%] Built target test_fixed_packet_tool
[0.170s] Invoked command in '/home/xinzhu/sentry_ws/build/rm_serial_driver' returned '0': AMENT_PREFIX_PATH=/home/xinzhu/sentry_ws/install/rm_utils:/home/xinzhu/sentry_ws/install/rm_interfaces:/home/xinzhu/sentry_ws/install/auto_aim_interfaces:${AMENT_PREFIX_PATH} CMAKE_PREFIX_PATH=/home/xinzhu/sentry_ws/install/rm_utils:/home/xinzhu/sentry_ws/install/rm_interfaces:/home/xinzhu/sentry_ws/install/auto_aim_interfaces:/home/xinzhu/Desktop/sentry_ws/install/sentry_description:/home/xinzhu/Desktop/sentry_ws/install/sentry_bringup:/home/xinzhu/Desktop/sentry_ws/install/sensor_scan_generation:/home/xinzhu/Desktop/sentry_ws/install/rm_rune:/home/xinzhu/Desktop/sentry_ws/install/rune_solver:/home/xinzhu/Desktop/sentry_ws/install/rune_detector:/home/xinzhu/Desktop/sentry_ws/install/rm_serial_driver:/home/xinzhu/Desktop/sentry_ws/install/rm_auto_aim:/home/xinzhu/Desktop/sentry_ws/install/armor_solver:/home/xinzhu/Desktop/sentry_ws/install/armor_detector:/home/xinzhu/Desktop/sentry_ws/install/rm_utils:/home/xinzhu/Desktop/sentry_ws/install/rm_robot_description:/home/xinzhu/Desktop/sentry_ws/install/rm_interfaces:/home/xinzhu/Desktop/sentry_ws/install/livox_ros_driver2:/home/xinzhu/Desktop/sentry_ws/install/costmap_intensity:/home/xinzhu/Desktop/sentry_ws/install/behavior_ext_plugins:/home/xinzhu/Desktop/sentry_ws/install/auto_aim_interfaces:/home/xinzhu/Desktop/sentry_ws/install/control_panel:/opt/ros/humble LD_LIBRARY_PATH=/home/xinzhu/sentry_ws/install/rm_utils/lib:/home/xinzhu/sentry_ws/install/rm_interfaces/lib:/home/xinzhu/sentry_ws/install/auto_aim_interfaces/lib:${LD_LIBRARY_PATH} PS1=%F{green}%n@%m%f%F{white}:%f%F{blue}%~%f%F{white}$%f PYTHONPATH=/home/xinzhu/sentry_ws/install/rm_interfaces/local/lib/python3.10/dist-packages:/home/xinzhu/sentry_ws/install/auto_aim_interfaces/local/lib/python3.10/dist-packages:${PYTHONPATH} /usr/local/bin/cmake --build /home/xinzhu/sentry_ws/build/rm_serial_driver -- -j16 -l16
[0.173s] Invoking command in '/home/xinzhu/sentry_ws/build/rm_serial_driver': AMENT_PREFIX_PATH=/home/xinzhu/sentry_ws/install/rm_utils:/home/xinzhu/sentry_ws/install/rm_interfaces:/home/xinzhu/sentry_ws/install/auto_aim_interfaces:${AMENT_PREFIX_PATH} CMAKE_PREFIX_PATH=/home/xinzhu/sentry_ws/install/rm_utils:/home/xinzhu/sentry_ws/install/rm_interfaces:/home/xinzhu/sentry_ws/install/auto_aim_interfaces:/home/xinzhu/Desktop/sentry_ws/install/sentry_description:/home/xinzhu/Desktop/sentry_ws/install/sentry_bringup:/home/xinzhu/Desktop/sentry_ws/install/sensor_scan_generation:/home/xinzhu/Desktop/sentry_ws/install/rm_rune:/home/xinzhu/Desktop/sentry_ws/install/rune_solver:/home/xinzhu/Desktop/sentry_ws/install/rune_detector:/home/xinzhu/Desktop/sentry_ws/install/rm_serial_driver:/home/xinzhu/Desktop/sentry_ws/install/rm_auto_aim:/home/xinzhu/Desktop/sentry_ws/install/armor_solver:/home/xinzhu/Desktop/sentry_ws/install/armor_detector:/home/xinzhu/Desktop/sentry_ws/install/rm_utils:/home/xinzhu/Desktop/sentry_ws/install/rm_robot_description:/home/xinzhu/Desktop/sentry_ws/install/rm_interfaces:/home/xinzhu/Desktop/sentry_ws/install/livox_ros_driver2:/home/xinzhu/Desktop/sentry_ws/install/costmap_intensity:/home/xinzhu/Desktop/sentry_ws/install/behavior_ext_plugins:/home/xinzhu/Desktop/sentry_ws/install/auto_aim_interfaces:/home/xinzhu/Desktop/sentry_ws/install/control_panel:/opt/ros/humble LD_LIBRARY_PATH=/home/xinzhu/sentry_ws/install/rm_utils/lib:/home/xinzhu/sentry_ws/install/rm_interfaces/lib:/home/xinzhu/sentry_ws/install/auto_aim_interfaces/lib:${LD_LIBRARY_PATH} PS1=%F{green}%n@%m%f%F{white}:%f%F{blue}%~%f%F{white}$%f PYTHONPATH=/home/xinzhu/sentry_ws/install/rm_interfaces/local/lib/python3.10/dist-packages:/home/xinzhu/sentry_ws/install/auto_aim_interfaces/local/lib/python3.10/dist-packages:${PYTHONPATH} /usr/local/bin/cmake --install /home/xinzhu/sentry_ws/build/rm_serial_driver
[0.179s] -- Install configuration: "Release"
[0.188s] -- Execute custom install script
[0.188s] -- Up-to-date symlink: /home/xinzhu/sentry_ws/install/rm_serial_driver/lib/rm_serial_driver/rm_serial_driver_node
[0.189s] -- Up-to-date symlink: /home/xinzhu/sentry_ws/install/rm_serial_driver/lib/rm_serial_driver/virtual_serial_node
[0.189s] -- Up-to-date symlink: /home/xinzhu/sentry_ws/install/rm_serial_driver/include/rm_serial_driver/fixed_packet.hpp
[0.189s] -- Up-to-date symlink: /home/xinzhu/sentry_ws/install/rm_serial_driver/include/rm_serial_driver/fixed_packet_tool.hpp
[0.189s] -- Up-to-date symlink: /home/xinzhu/sentry_ws/install/rm_serial_driver/include/rm_serial_driver/protocol.hpp
[0.189s] -- Up-to-date symlink: /home/xinzhu/sentry_ws/install/rm_serial_driver/include/rm_serial_driver/protocol/default_protocol.hpp
[0.190s] -- Up-to-date symlink: /home/xinzhu/sentry_ws/install/rm_serial_driver/include/rm_serial_driver/protocol/infantry_protocol.hpp
[0.190s] -- Up-to-date symlink: /home/xinzhu/sentry_ws/install/rm_serial_driver/include/rm_serial_driver/protocol/sentry_protocol.hpp
[0.190s] -- Up-to-date symlink: /home/xinzhu/sentry_ws/install/rm_serial_driver/include/rm_serial_driver/protocol_factory.hpp
[0.190s] -- Up-to-date symlink: /home/xinzhu/sentry_ws/install/rm_serial_driver/include/rm_serial_driver/serial_driver_node.hpp
[0.190s] -- Up-to-date symlink: /home/xinzhu/sentry_ws/install/rm_serial_driver/include/rm_serial_driver/transporter_interface.hpp
[0.190s] -- Up-to-date symlink: /home/xinzhu/sentry_ws/install/rm_serial_driver/include/rm_serial_driver/uart_transporter.hpp
[0.190s] -- Up-to-date symlink: /home/xinzhu/sentry_ws/install/rm_serial_driver/share/rm_serial_driver/environment/library_path.sh
[0.190s] -- Up-to-date symlink: /home/xinzhu/sentry_ws/install/rm_serial_driver/share/rm_serial_driver/environment/library_path.dsv
[0.191s] -- Up-to-date symlink: /home/xinzhu/sentry_ws/install/rm_serial_driver/lib/librm_serial_driver.so
[0.191s] -- Up-to-date symlink: /home/xinzhu/sentry_ws/install/rm_serial_driver/share/ament_index/resource_index/package_run_dependencies/rm_serial_driver
[0.192s] -- Up-to-date symlink: /home/xinzhu/sentry_ws/install/rm_serial_driver/share/ament_index/resource_index/parent_prefix_path/rm_serial_driver
[0.192s] -- Up-to-date symlink: /home/xinzhu/sentry_ws/install/rm_serial_driver/share/rm_serial_driver/environment/ament_prefix_path.sh
[0.192s] -- Up-to-date symlink: /home/xinzhu/sentry_ws/install/rm_serial_driver/share/rm_serial_driver/environment/ament_prefix_path.dsv
[0.192s] -- Up-to-date symlink: /home/xinzhu/sentry_ws/install/rm_serial_driver/share/rm_serial_driver/environment/path.sh
[0.192s] -- Up-to-date symlink: /home/xinzhu/sentry_ws/install/rm_serial_driver/share/rm_serial_driver/environment/path.dsv
[0.192s] -- Up-to-date symlink: /home/xinzhu/sentry_ws/install/rm_serial_driver/share/rm_serial_driver/local_setup.bash
[0.192s] -- Up-to-date symlink: /home/xinzhu/sentry_ws/install/rm_serial_driver/share/rm_serial_driver/local_setup.sh
[0.193s] -- Up-to-date symlink: /home/xinzhu/sentry_ws/install/rm_serial_driver/share/rm_serial_driver/local_setup.zsh
[0.193s] -- Up-to-date symlink: /home/xinzhu/sentry_ws/install/rm_serial_driver/share/rm_serial_driver/local_setup.dsv
[0.193s] -- Symlinking: /home/xinzhu/sentry_ws/install/rm_serial_driver/share/rm_serial_driver/package.dsv
[0.197s] -- Up-to-date symlink: /home/xinzhu/sentry_ws/install/rm_serial_driver/share/ament_index/resource_index/packages/rm_serial_driver
[0.197s] -- Up-to-date symlink: /home/xinzhu/sentry_ws/install/rm_serial_driver/share/ament_index/resource_index/rclcpp_components/rm_serial_driver
[0.197s] -- Up-to-date symlink: /home/xinzhu/sentry_ws/install/rm_serial_driver/share/rm_serial_driver/cmake/ament_cmake_export_dependencies-extras.cmake
[0.197s] -- Up-to-date symlink: /home/xinzhu/sentry_ws/install/rm_serial_driver/share/rm_serial_driver/cmake/ament_cmake_export_include_directories-extras.cmake
[0.197s] -- Up-to-date symlink: /home/xinzhu/sentry_ws/install/rm_serial_driver/share/rm_serial_driver/cmake/ament_cmake_export_libraries-extras.cmake
[0.197s] -- Up-to-date symlink: /home/xinzhu/sentry_ws/install/rm_serial_driver/share/rm_serial_driver/cmake/rm_serial_driverConfig.cmake
[0.197s] -- Up-to-date symlink: /home/xinzhu/sentry_ws/install/rm_serial_driver/share/rm_serial_driver/cmake/rm_serial_driverConfig-version.cmake
[0.197s] -- Up-to-date symlink: /home/xinzhu/sentry_ws/install/rm_serial_driver/share/rm_serial_driver/package.xml
[0.200s] Invoked command in '/home/xinzhu/sentry_ws/build/rm_serial_driver' returned '0': AMENT_PREFIX_PATH=/home/xinzhu/sentry_ws/install/rm_utils:/home/xinzhu/sentry_ws/install/rm_interfaces:/home/xinzhu/sentry_ws/install/auto_aim_interfaces:${AMENT_PREFIX_PATH} CMAKE_PREFIX_PATH=/home/xinzhu/sentry_ws/install/rm_utils:/home/xinzhu/sentry_ws/install/rm_interfaces:/home/xinzhu/sentry_ws/install/auto_aim_interfaces:/home/xinzhu/Desktop/sentry_ws/install/sentry_description:/home/xinzhu/Desktop/sentry_ws/install/sentry_bringup:/home/xinzhu/Desktop/sentry_ws/install/sensor_scan_generation:/home/xinzhu/Desktop/sentry_ws/install/rm_rune:/home/xinzhu/Desktop/sentry_ws/install/rune_solver:/home/xinzhu/Desktop/sentry_ws/install/rune_detector:/home/xinzhu/Desktop/sentry_ws/install/rm_serial_driver:/home/xinzhu/Desktop/sentry_ws/install/rm_auto_aim:/home/xinzhu/Desktop/sentry_ws/install/armor_solver:/home/xinzhu/Desktop/sentry_ws/install/armor_detector:/home/xinzhu/Desktop/sentry_ws/install/rm_utils:/home/xinzhu/Desktop/sentry_ws/install/rm_robot_description:/home/xinzhu/Desktop/sentry_ws/install/rm_interfaces:/home/xinzhu/Desktop/sentry_ws/install/livox_ros_driver2:/home/xinzhu/Desktop/sentry_ws/install/costmap_intensity:/home/xinzhu/Desktop/sentry_ws/install/behavior_ext_plugins:/home/xinzhu/Desktop/sentry_ws/install/auto_aim_interfaces:/home/xinzhu/Desktop/sentry_ws/install/control_panel:/opt/ros/humble LD_LIBRARY_PATH=/home/xinzhu/sentry_ws/install/rm_utils/lib:/home/xinzhu/sentry_ws/install/rm_interfaces/lib:/home/xinzhu/sentry_ws/install/auto_aim_interfaces/lib:${LD_LIBRARY_PATH} PS1=%F{green}%n@%m%f%F{white}:%f%F{blue}%~%f%F{white}$%f PYTHONPATH=/home/xinzhu/sentry_ws/install/rm_interfaces/local/lib/python3.10/dist-packages:/home/xinzhu/sentry_ws/install/auto_aim_interfaces/local/lib/python3.10/dist-packages:${PYTHONPATH} /usr/local/bin/cmake --install /home/xinzhu/sentry_ws/build/rm_serial_driver
