[0mCMake Deprecation Warning at CMakeLists.txt:1 (cmake_minimum_required):
  Compatibility with CMake < 3.10 will be removed from a future version of
  CMake.

  Update the VERSION argument <min> value.  Or, use the <min>...<max> syntax
  to tell CMake that the project requires at least <min> but has been updated
  to work with policies introduced by <max> or earlier.

[0m
-- Found ament_cmake: 1.3.14 (/opt/ros/humble/share/ament_cmake/cmake)
-- Override CMake install command with custom implementation using symlinks instead of copying resources
-- Found rclcpp: 16.0.18 (/opt/ros/humble/share/rclcpp/cmake)
-- Found rosidl_generator_c: 3.1.8 (/opt/ros/humble/share/rosidl_generator_c/cmake)
-- Found rosidl_adapter: 3.1.8 (/opt/ros/humble/share/rosidl_adapter/cmake)
-- Found rosidl_generator_cpp: 3.1.8 (/opt/ros/humble/share/rosidl_generator_cpp/cmake)
-- Using all available rosidl_typesupport_c: rosidl_typesupport_fastrtps_c;rosidl_typesupport_introspection_c
-- Using all available rosidl_typesupport_cpp: rosidl_typesupport_fastrtps_cpp;rosidl_typesupport_introspection_cpp
-- Found rmw_implementation_cmake: 6.1.2 (/opt/ros/humble/share/rmw_implementation_cmake/cmake)
-- Found rmw_fastrtps_cpp: 6.2.10 (/opt/ros/humble/share/rmw_fastrtps_cpp/cmake)
-- Using RMW implementation 'rmw_fastrtps_cpp' as default
-- Found eigen3_cmake_module: 0.1.1 (/opt/ros/humble/share/eigen3_cmake_module/cmake)
-- Found geometry_msgs: 4.9.1 (/opt/ros/humble/share/geometry_msgs/cmake)
-- Found AMD headers in: /usr/include/suitesparse
-- Found AMD library: /usr/lib/x86_64-linux-gnu/libamd.so
-- Found CAMD headers in: /usr/include/suitesparse
-- Found CAMD library: /usr/lib/x86_64-linux-gnu/libcamd.so
-- Found CCOLAMD headers in: /usr/include/suitesparse
-- Found CCOLAMD library: /usr/lib/x86_64-linux-gnu/libccolamd.so
-- Found CHOLMOD headers in: /usr/include/suitesparse
-- Found CHOLMOD library: /usr/lib/x86_64-linux-gnu/libcholmod.so
-- Found COLAMD headers in: /usr/include/suitesparse
-- Found COLAMD library: /usr/lib/x86_64-linux-gnu/libcolamd.so
-- Found SPQR headers in: /usr/include/suitesparse
-- Found SPQR library: /usr/lib/x86_64-linux-gnu/libspqr.so
-- Found Config headers in: /usr/include/suitesparse
-- Found Config library: /usr/lib/x86_64-linux-gnu/libsuitesparseconfig.so
-- Found Intel Thread Building Blocks (TBB) library (2021.5 / ) include location: . Assuming SuiteSparseQR was compiled with TBB.
-- Adding librt to SuiteSparse_config libraries (required on Linux & Unix [not OSX] if SuiteSparse is compiled with timing).
-- Could NOT find METIS (missing: METIS_INCLUDE_DIR METIS_LIBRARY) 
-- Found required Ceres dependency: Eigen version 3.4.0 in /usr/share/eigen3/cmake
-- Found required Ceres dependency: glog
-- Found required Ceres dependency: gflags
-- Found Ceres version: 2.2.0 installed in: /usr/local with components: [EigenSparse, SparseLinearAlgebraLibrary, LAPACK, SuiteSparse, SchurSpecializations]
-- Found ament_lint_auto: 0.12.15 (/opt/ros/humble/share/ament_lint_auto/cmake)
-- Added test 'cppcheck' to perform static code analysis on C / C++ code
-- Configured cppcheck include dirs: /home/xinzhu/sentry_ws/src/rm_utils/include
-- Configured cppcheck exclude dirs and/or files: 
-- Added test 'lint_cmake' to check CMake code style
-- Added test 'xmllint' to check XML markup files
-- Configuring done (0.5s)
-- Generating done (0.0s)
-- Build files have been written to: /home/xinzhu/sentry_ws/build/rm_utils
[  8%] [32mBuilding CXX object CMakeFiles/fytlogger.dir/src/logger/logger_pool.cpp.o[0m
[ 25%] [32mBuilding CXX object CMakeFiles/fytlogger.dir/src/logger/writer.cpp.o[0m
[ 25%] [32mBuilding CXX object CMakeFiles/fytlogger.dir/src/logger/logger_impl.cpp.o[0m
[ 41%] [32mBuilding CXX object CMakeFiles/rm_utils.dir/src/math/pnp_solver.cpp.o[0m
[ 41%] [32mBuilding CXX object CMakeFiles/rm_utils.dir/src/math/trajectory_compensator.cpp.o[0m
[ 50%] [32mBuilding CXX object CMakeFiles/rm_utils.dir/src/math/utils.cpp.o[0m
[ 58%] [32mBuilding CXX object CMakeFiles/rm_utils.dir/src/math/manual_compensator.cpp.o[0m
[ 66%] [32mBuilding CXX object CMakeFiles/rm_utils.dir/src/math/extended_kalman_filter.cpp.o[0m
[ 75%] [32mBuilding CXX object CMakeFiles/rm_utils.dir/src/url_resolver.cpp.o[0m
[ 83%] [32mBuilding CXX object CMakeFiles/rm_utils.dir/src/heartbeat.cpp.o[0m
[ 91%] [32m[1mLinking CXX shared library libfytlogger.so[0m
[ 91%] Built target fytlogger
[100%] [32m[1mLinking CXX shared library librm_utils.so[0m
[100%] Built target rm_utils
-- Install configuration: "Release"
-- Execute custom install script
-- Up-to-date symlink: /home/xinzhu/sentry_ws/install/rm_utils/include/rm_utils/assert.hpp
-- Up-to-date symlink: /home/xinzhu/sentry_ws/install/rm_utils/include/rm_utils/common.hpp
-- Up-to-date symlink: /home/xinzhu/sentry_ws/install/rm_utils/include/rm_utils/heartbeat.hpp
-- Up-to-date symlink: /home/xinzhu/sentry_ws/install/rm_utils/include/rm_utils/logger/README.md
-- Up-to-date symlink: /home/xinzhu/sentry_ws/install/rm_utils/include/rm_utils/logger/exception.hpp
-- Up-to-date symlink: /home/xinzhu/sentry_ws/install/rm_utils/include/rm_utils/logger/impl/global_mutex.hpp
-- Up-to-date symlink: /home/xinzhu/sentry_ws/install/rm_utils/include/rm_utils/logger/impl/logger_impl.hpp
-- Up-to-date symlink: /home/xinzhu/sentry_ws/install/rm_utils/include/rm_utils/logger/impl/writer.hpp
-- Up-to-date symlink: /home/xinzhu/sentry_ws/install/rm_utils/include/rm_utils/logger/log.hpp
-- Up-to-date symlink: /home/xinzhu/sentry_ws/install/rm_utils/include/rm_utils/logger/logger_pool.hpp
-- Up-to-date symlink: /home/xinzhu/sentry_ws/install/rm_utils/include/rm_utils/logger/types.hpp
-- Up-to-date symlink: /home/xinzhu/sentry_ws/install/rm_utils/include/rm_utils/math/extended_kalman_filter.hpp
-- Up-to-date symlink: /home/xinzhu/sentry_ws/install/rm_utils/include/rm_utils/math/manual_compensator.hpp
-- Up-to-date symlink: /home/xinzhu/sentry_ws/install/rm_utils/include/rm_utils/math/particle_filter.hpp
-- Up-to-date symlink: /home/xinzhu/sentry_ws/install/rm_utils/include/rm_utils/math/pnp_solver.hpp
-- Up-to-date symlink: /home/xinzhu/sentry_ws/install/rm_utils/include/rm_utils/math/trajectory_compensator.hpp
-- Up-to-date symlink: /home/xinzhu/sentry_ws/install/rm_utils/include/rm_utils/math/utils.hpp
-- Up-to-date symlink: /home/xinzhu/sentry_ws/install/rm_utils/include/rm_utils/url_resolver.hpp
-- Up-to-date symlink: /home/xinzhu/sentry_ws/install/rm_utils/share/rm_utils/environment/library_path.sh
-- Up-to-date symlink: /home/xinzhu/sentry_ws/install/rm_utils/share/rm_utils/environment/library_path.dsv
-- Up-to-date symlink: /home/xinzhu/sentry_ws/install/rm_utils/share/ament_index/resource_index/package_run_dependencies/rm_utils
-- Up-to-date symlink: /home/xinzhu/sentry_ws/install/rm_utils/share/ament_index/resource_index/parent_prefix_path/rm_utils
-- Up-to-date symlink: /home/xinzhu/sentry_ws/install/rm_utils/share/rm_utils/environment/ament_prefix_path.sh
-- Up-to-date symlink: /home/xinzhu/sentry_ws/install/rm_utils/share/rm_utils/environment/ament_prefix_path.dsv
-- Up-to-date symlink: /home/xinzhu/sentry_ws/install/rm_utils/share/rm_utils/environment/path.sh
-- Up-to-date symlink: /home/xinzhu/sentry_ws/install/rm_utils/share/rm_utils/environment/path.dsv
-- Up-to-date symlink: /home/xinzhu/sentry_ws/install/rm_utils/share/rm_utils/local_setup.bash
-- Up-to-date symlink: /home/xinzhu/sentry_ws/install/rm_utils/share/rm_utils/local_setup.sh
-- Up-to-date symlink: /home/xinzhu/sentry_ws/install/rm_utils/share/rm_utils/local_setup.zsh
-- Up-to-date symlink: /home/xinzhu/sentry_ws/install/rm_utils/share/rm_utils/local_setup.dsv
-- Symlinking: /home/xinzhu/sentry_ws/install/rm_utils/share/rm_utils/package.dsv
-- Up-to-date symlink: /home/xinzhu/sentry_ws/install/rm_utils/share/ament_index/resource_index/packages/rm_utils
-- Up-to-date symlink: /home/xinzhu/sentry_ws/install/rm_utils/share/rm_utils/cmake/ament_cmake_export_targets-extras.cmake
-- Up-to-date symlink: /home/xinzhu/sentry_ws/install/rm_utils/share/rm_utils/cmake/ament_cmake_export_dependencies-extras.cmake
-- Up-to-date symlink: /home/xinzhu/sentry_ws/install/rm_utils/share/rm_utils/cmake/rm_utilsConfig.cmake
-- Up-to-date symlink: /home/xinzhu/sentry_ws/install/rm_utils/share/rm_utils/cmake/rm_utilsConfig-version.cmake
-- Up-to-date symlink: /home/xinzhu/sentry_ws/install/rm_utils/share/rm_utils/package.xml
-- Installing: /home/xinzhu/sentry_ws/install/rm_utils/lib/librm_utils.so
-- Set non-toolchain portion of runtime path of "/home/xinzhu/sentry_ws/install/rm_utils/lib/librm_utils.so" to ""
-- Installing: /home/xinzhu/sentry_ws/install/rm_utils/lib/libfytlogger.so
-- Up-to-date: /home/xinzhu/sentry_ws/install/rm_utils/share/rm_utils/cmake/rm_utilsExport.cmake
-- Up-to-date: /home/xinzhu/sentry_ws/install/rm_utils/share/rm_utils/cmake/rm_utilsExport-release.cmake
-- Up-to-date: /home/xinzhu/sentry_ws/install/rm_utils/share/rm_utils/cmake/fytloggerExport.cmake
-- Up-to-date: /home/xinzhu/sentry_ws/install/rm_utils/share/rm_utils/cmake/fytloggerExport-release.cmake
