[0.171s] Invoking command in '/home/xinzhu/sentry_ws/build/rm_robot_description': CMAKE_PREFIX_PATH=${CMAKE_PREFIX_PATH}:/home/xinzhu/Desktop/sentry_ws/install/control_panel:/opt/ros/humble PS1=%F{green}%n@%m%f%F{white}:%f%F{blue}%~%f%F{white}$%f /usr/local/bin/cmake /home/xinzhu/sentry_ws/src/rm_robot_description -DCMAKE_BUILD_TYPE=Release -DAMENT_CMAKE_SYMLINK_INSTALL=1 -DCMAKE_INSTALL_PREFIX=/home/xinzhu/sentry_ws/install/rm_robot_description
[0.178s] [0mCMake Deprecation Warning at CMakeLists.txt:1 (cmake_minimum_required):
[0.179s]   Compatibility with CMake < 3.10 will be removed from a future version of
[0.179s]   CMake.
[0.179s] 
[0.179s]   Update the VERSION argument <min> value.  Or, use the <min>...<max> syntax
[0.179s]   to tell CMake that the project requires at least <min> but has been updated
[0.179s]   to work with policies introduced by <max> or earlier.
[0.179s] 
[0.179s] [0m
[0.199s] -- The C compiler identification is GNU 11.4.0
[0.255s] -- The CXX compiler identification is GNU 11.4.0
[0.262s] -- Detecting C compiler ABI info
[0.312s] -- Detecting C compiler ABI info - done
[0.329s] -- Check for working C compiler: /usr/bin/cc - skipped
[0.329s] -- Detecting C compile features
[0.330s] -- Detecting C compile features - done
[0.339s] -- Detecting CXX compiler ABI info
[0.394s] -- Detecting CXX compiler ABI info - done
[0.407s] -- Check for working CXX compiler: /usr/bin/c++ - skipped
[0.408s] -- Detecting CXX compile features
[0.408s] -- Detecting CXX compile features - done
[0.417s] -- Found ament_cmake: 1.3.13 (/opt/ros/humble/share/ament_cmake/cmake)
[0.541s] -- Found Python3: /usr/bin/python3 (found version "3.10.12") found components: Interpreter
[0.591s] -- Override CMake install command with custom implementation using symlinks instead of copying resources
[0.627s] -- Found ament_lint_auto: 0.12.15 (/opt/ros/humble/share/ament_lint_auto/cmake)
[0.716s] -- Added test 'lint_cmake' to check CMake code style
[0.718s] -- Added test 'xmllint' to check XML markup files
[0.720s] -- Configuring done (0.5s)
[0.724s] -- Generating done (0.0s)
[0.725s] -- Build files have been written to: /home/xinzhu/sentry_ws/build/rm_robot_description
[0.730s] Invoked command in '/home/xinzhu/sentry_ws/build/rm_robot_description' returned '0': CMAKE_PREFIX_PATH=${CMAKE_PREFIX_PATH}:/home/xinzhu/Desktop/sentry_ws/install/control_panel:/opt/ros/humble PS1=%F{green}%n@%m%f%F{white}:%f%F{blue}%~%f%F{white}$%f /usr/local/bin/cmake /home/xinzhu/sentry_ws/src/rm_robot_description -DCMAKE_BUILD_TYPE=Release -DAMENT_CMAKE_SYMLINK_INSTALL=1 -DCMAKE_INSTALL_PREFIX=/home/xinzhu/sentry_ws/install/rm_robot_description
[0.732s] Invoking command in '/home/xinzhu/sentry_ws/build/rm_robot_description': CMAKE_PREFIX_PATH=${CMAKE_PREFIX_PATH}:/home/xinzhu/Desktop/sentry_ws/install/control_panel:/opt/ros/humble PS1=%F{green}%n@%m%f%F{white}:%f%F{blue}%~%f%F{white}$%f /usr/local/bin/cmake --build /home/xinzhu/sentry_ws/build/rm_robot_description -- -j16 -l16
[0.745s] Invoked command in '/home/xinzhu/sentry_ws/build/rm_robot_description' returned '0': CMAKE_PREFIX_PATH=${CMAKE_PREFIX_PATH}:/home/xinzhu/Desktop/sentry_ws/install/control_panel:/opt/ros/humble PS1=%F{green}%n@%m%f%F{white}:%f%F{blue}%~%f%F{white}$%f /usr/local/bin/cmake --build /home/xinzhu/sentry_ws/build/rm_robot_description -- -j16 -l16
[0.749s] Invoking command in '/home/xinzhu/sentry_ws/build/rm_robot_description': CMAKE_PREFIX_PATH=${CMAKE_PREFIX_PATH}:/home/xinzhu/Desktop/sentry_ws/install/control_panel:/opt/ros/humble PS1=%F{green}%n@%m%f%F{white}:%f%F{blue}%~%f%F{white}$%f /usr/local/bin/cmake --install /home/xinzhu/sentry_ws/build/rm_robot_description
[0.751s] -- Install configuration: "Release"
[0.752s] -- Execute custom install script
[0.752s] -- Symlinking: /home/xinzhu/sentry_ws/install/rm_robot_description/share/rm_robot_description/urdf/rm_gimbal.urdf.xacro
[0.755s] -- Symlinking: /home/xinzhu/sentry_ws/install/rm_robot_description/share/rm_robot_description/urdf/robot.urdf
[0.757s] -- Symlinking: /home/xinzhu/sentry_ws/install/rm_robot_description/share/rm_robot_description/urdf/sentry.urdf.xacro
[0.760s] -- Symlinking: /home/xinzhu/sentry_ws/install/rm_robot_description/share/ament_index/resource_index/package_run_dependencies/rm_robot_description
[0.762s] -- Symlinking: /home/xinzhu/sentry_ws/install/rm_robot_description/share/ament_index/resource_index/parent_prefix_path/rm_robot_description
[0.765s] -- Symlinking: /home/xinzhu/sentry_ws/install/rm_robot_description/share/rm_robot_description/environment/ament_prefix_path.sh
[0.767s] -- Symlinking: /home/xinzhu/sentry_ws/install/rm_robot_description/share/rm_robot_description/environment/ament_prefix_path.dsv
[0.770s] -- Symlinking: /home/xinzhu/sentry_ws/install/rm_robot_description/share/rm_robot_description/environment/path.sh
[0.772s] -- Symlinking: /home/xinzhu/sentry_ws/install/rm_robot_description/share/rm_robot_description/environment/path.dsv
[0.775s] -- Symlinking: /home/xinzhu/sentry_ws/install/rm_robot_description/share/rm_robot_description/local_setup.bash
[0.777s] -- Symlinking: /home/xinzhu/sentry_ws/install/rm_robot_description/share/rm_robot_description/local_setup.sh
[0.780s] -- Symlinking: /home/xinzhu/sentry_ws/install/rm_robot_description/share/rm_robot_description/local_setup.zsh
[0.782s] -- Symlinking: /home/xinzhu/sentry_ws/install/rm_robot_description/share/rm_robot_description/local_setup.dsv
[0.785s] -- Symlinking: /home/xinzhu/sentry_ws/install/rm_robot_description/share/rm_robot_description/package.dsv
[0.788s] -- Symlinking: /home/xinzhu/sentry_ws/install/rm_robot_description/share/ament_index/resource_index/packages/rm_robot_description
[0.791s] -- Symlinking: /home/xinzhu/sentry_ws/install/rm_robot_description/share/rm_robot_description/cmake/rm_robot_descriptionConfig.cmake
[0.793s] -- Symlinking: /home/xinzhu/sentry_ws/install/rm_robot_description/share/rm_robot_description/cmake/rm_robot_descriptionConfig-version.cmake
[0.796s] -- Symlinking: /home/xinzhu/sentry_ws/install/rm_robot_description/share/rm_robot_description/package.xml
[0.800s] Invoked command in '/home/xinzhu/sentry_ws/build/rm_robot_description' returned '0': CMAKE_PREFIX_PATH=${CMAKE_PREFIX_PATH}:/home/xinzhu/Desktop/sentry_ws/install/control_panel:/opt/ros/humble PS1=%F{green}%n@%m%f%F{white}:%f%F{blue}%~%f%F{white}$%f /usr/local/bin/cmake --install /home/xinzhu/sentry_ws/build/rm_robot_description
