[0.008s] Invoking command in '/home/xinzhu/sentry_ws/build/daheng_simple_driver': CMAKE_PREFIX_PATH=${CMAKE_PREFIX_PATH}:/home/xinzhu/sentry_ws/install/control_panel:/home/xinzhu/Desktop/sentry_ws/install/control_panel:/opt/ros/humble PS1=%F{green}%n@%m%f%F{white}:%f%F{blue}%~%f%F{white}$%f /usr/local/bin/cmake /home/xinzhu/sentry_ws/src/daheng_simple_driver -DCMAKE_VERBOSE_MAKEFILE=ON -DCMAKE_INSTALL_PREFIX=/home/xinzhu/sentry_ws/install/daheng_simple_driver
[0.012s] [0mCMake Deprecation Warning at CMakeLists.txt:1 (cmake_minimum_required):
[0.012s]   Compatibility with CMake < 3.10 will be removed from a future version of
[0.012s]   CMake.
[0.012s] 
[0.012s]   Update the VERSION argument <min> value.  Or, use the <min>...<max> syntax
[0.012s]   to tell CMake that the project requires at least <min> but has been updated
[0.012s]   to work with policies introduced by <max> or earlier.
[0.012s] 
[0.012s] [0m
[0.048s] -- The C compiler identification is GNU 11.4.0
[0.090s] -- The CXX compiler identification is GNU 11.4.0
[0.096s] -- Detecting C compiler ABI info
[0.145s] -- Detecting C compiler ABI info - done
[0.156s] -- Check for working C compiler: /usr/bin/cc - skipped
[0.156s] -- Detecting C compile features
[0.157s] -- Detecting C compile features - done
[0.167s] -- Detecting CXX compiler ABI info
[0.225s] -- Detecting CXX compiler ABI info - done
[0.238s] -- Check for working CXX compiler: /usr/bin/c++ - skipped
[0.238s] -- Detecting CXX compile features
[0.238s] -- Detecting CXX compile features - done
[0.254s] -- Found ament_cmake: 1.3.14 (/opt/ros/humble/share/ament_cmake/cmake)
[0.351s] -- Found Python3: /usr/bin/python3 (found version "3.10.12") found components: Interpreter
[0.425s] -- Found rclcpp: 16.0.19 (/opt/ros/humble/share/rclcpp/cmake)
[0.468s] -- Found rosidl_generator_c: 3.1.8 (/opt/ros/humble/share/rosidl_generator_c/cmake)
[0.473s] -- Found rosidl_adapter: 3.1.8 (/opt/ros/humble/share/rosidl_adapter/cmake)
[0.482s] -- Found rosidl_generator_cpp: 3.1.8 (/opt/ros/humble/share/rosidl_generator_cpp/cmake)
[0.493s] -- Using all available rosidl_typesupport_c: rosidl_typesupport_fastrtps_c;rosidl_typesupport_introspection_c
[0.508s] -- Using all available rosidl_typesupport_cpp: rosidl_typesupport_fastrtps_cpp;rosidl_typesupport_introspection_cpp
[0.550s] -- Found rmw_implementation_cmake: 6.1.2 (/opt/ros/humble/share/rmw_implementation_cmake/cmake)
[0.554s] -- Found rmw_fastrtps_cpp: 6.2.10 (/opt/ros/humble/share/rmw_fastrtps_cpp/cmake)
[0.628s] -- Found OpenSSL: /usr/lib/x86_64-linux-gnu/libcrypto.so (found version "3.0.2")
[0.654s] -- Found FastRTPS: /opt/ros/humble/include
[0.688s] -- Using RMW implementation 'rmw_fastrtps_cpp' as default
[0.697s] -- Performing Test CMAKE_HAVE_LIBC_PTHREAD
[0.751s] -- Performing Test CMAKE_HAVE_LIBC_PTHREAD - Success
[0.752s] -- Found Threads: TRUE
[0.796s] -- Found sensor_msgs: 4.9.1 (/opt/ros/humble/share/sensor_msgs/cmake)
[0.823s] -- Found cv_bridge: 3.2.1 (/opt/ros/humble/share/cv_bridge/cmake)
[0.829s] -- Found OpenCV: /usr/local (found version "4.7.0")
[0.872s] -- Configuring done (0.9s)
[0.880s] -- Generating done (0.0s)
[0.882s] -- Build files have been written to: /home/xinzhu/sentry_ws/build/daheng_simple_driver
[0.888s] Invoked command in '/home/xinzhu/sentry_ws/build/daheng_simple_driver' returned '0': CMAKE_PREFIX_PATH=${CMAKE_PREFIX_PATH}:/home/xinzhu/sentry_ws/install/control_panel:/home/xinzhu/Desktop/sentry_ws/install/control_panel:/opt/ros/humble PS1=%F{green}%n@%m%f%F{white}:%f%F{blue}%~%f%F{white}$%f /usr/local/bin/cmake /home/xinzhu/sentry_ws/src/daheng_simple_driver -DCMAKE_VERBOSE_MAKEFILE=ON -DCMAKE_INSTALL_PREFIX=/home/xinzhu/sentry_ws/install/daheng_simple_driver
[0.890s] Invoking command in '/home/xinzhu/sentry_ws/build/daheng_simple_driver': CMAKE_PREFIX_PATH=${CMAKE_PREFIX_PATH}:/home/xinzhu/sentry_ws/install/control_panel:/home/xinzhu/Desktop/sentry_ws/install/control_panel:/opt/ros/humble PS1=%F{green}%n@%m%f%F{white}:%f%F{blue}%~%f%F{white}$%f /usr/local/bin/cmake --build /home/xinzhu/sentry_ws/build/daheng_simple_driver -- -j16 -l16
[0.893s] Change Dir: '/home/xinzhu/sentry_ws/build/daheng_simple_driver'
[0.893s] 
[0.893s] Run Build Command(s): /usr/local/bin/cmake -E env VERBOSE=1 /usr/bin/gmake -f Makefile -j16 -l16
[0.896s] /usr/local/bin/cmake -S/home/xinzhu/sentry_ws/src/daheng_simple_driver -B/home/xinzhu/sentry_ws/build/daheng_simple_driver --check-build-system CMakeFiles/Makefile.cmake 0
[0.902s] /usr/local/bin/cmake -E cmake_progress_start /home/xinzhu/sentry_ws/build/daheng_simple_driver/CMakeFiles /home/xinzhu/sentry_ws/build/daheng_simple_driver//CMakeFiles/progress.marks
[0.903s] /usr/bin/gmake  -f CMakeFiles/Makefile2 all
[0.904s] gmake[1]: 进入目录“/home/xinzhu/sentry_ws/build/daheng_simple_driver”
[0.904s] /usr/bin/gmake  -f CMakeFiles/driver_node.dir/build.make CMakeFiles/driver_node.dir/depend
[0.906s] gmake[2]: 进入目录“/home/xinzhu/sentry_ws/build/daheng_simple_driver”
[0.906s] cd /home/xinzhu/sentry_ws/build/daheng_simple_driver && /usr/local/bin/cmake -E cmake_depends "Unix Makefiles" /home/xinzhu/sentry_ws/src/daheng_simple_driver /home/xinzhu/sentry_ws/src/daheng_simple_driver /home/xinzhu/sentry_ws/build/daheng_simple_driver /home/xinzhu/sentry_ws/build/daheng_simple_driver /home/xinzhu/sentry_ws/build/daheng_simple_driver/CMakeFiles/driver_node.dir/DependInfo.cmake "--color="
[0.910s] gmake[2]: 离开目录“/home/xinzhu/sentry_ws/build/daheng_simple_driver”
[0.910s] /usr/bin/gmake  -f CMakeFiles/driver_node.dir/build.make CMakeFiles/driver_node.dir/build
[0.911s] gmake[2]: 进入目录“/home/xinzhu/sentry_ws/build/daheng_simple_driver”
[0.914s] [ 50%] [32mBuilding CXX object CMakeFiles/driver_node.dir/src/driver_node.cpp.o[0m
[0.915s] /usr/bin/c++ -DDEFAULT_RMW_IMPLEMENTATION=rmw_fastrtps_cpp -DFASTCDR_DYN_LINK -DRCUTILS_ENABLE_FAULT_INJECTION -I/opt/ros/humble/include -I/home/xinzhu/Documents/Galaxy_Linux-x86/Galaxy_camera/inc -isystem /opt/ros/humble/include/rclcpp -isystem /opt/ros/humble/include/sensor_msgs -isystem /opt/ros/humble/include/cv_bridge -isystem /opt/ros/humble/include/ament_index_cpp -isystem /opt/ros/humble/include/libstatistics_collector -isystem /opt/ros/humble/include/builtin_interfaces -isystem /opt/ros/humble/include/rosidl_runtime_c -isystem /opt/ros/humble/include/rcutils -isystem /opt/ros/humble/include/rosidl_typesupport_interface -isystem /opt/ros/humble/include/fastcdr -isystem /opt/ros/humble/include/rosidl_runtime_cpp -isystem /opt/ros/humble/include/rosidl_typesupport_fastrtps_cpp -isystem /opt/ros/humble/include/rmw -isystem /opt/ros/humble/include/rosidl_typesupport_fastrtps_c -isystem /opt/ros/humble/include/rosidl_typesupport_introspection_c -isystem /opt/ros/humble/include/rosidl_typesupport_introspection_cpp -isystem /opt/ros/humble/include/rcl -isystem /opt/ros/humble/include/rcl_interfaces -isystem /opt/ros/humble/include/rcl_logging_interface -isystem /opt/ros/humble/include/rcl_yaml_param_parser -isystem /opt/ros/humble/include/libyaml_vendor -isystem /opt/ros/humble/include/tracetools -isystem /opt/ros/humble/include/rcpputils -isystem /opt/ros/humble/include/statistics_msgs -isystem /opt/ros/humble/include/rosgraph_msgs -isystem /opt/ros/humble/include/rosidl_typesupport_cpp -isystem /opt/ros/humble/include/rosidl_typesupport_c -isystem /opt/ros/humble/include/geometry_msgs -isystem /opt/ros/humble/include/std_msgs -isystem /usr/local/include/opencv4 -std=gnu++17 -MD -MT CMakeFiles/driver_node.dir/src/driver_node.cpp.o -MF CMakeFiles/driver_node.dir/src/driver_node.cpp.o.d -o CMakeFiles/driver_node.dir/src/driver_node.cpp.o -c /home/xinzhu/sentry_ws/src/daheng_simple_driver/src/driver_node.cpp
[2.535s] In file included from [01m[K/home/xinzhu/Documents/Galaxy_Linux-x86/Galaxy_camera/inc/GxIAPI.h:12[m[K,
[2.535s]                  from [01m[K/home/xinzhu/sentry_ws/src/daheng_simple_driver/src/driver_node.cpp:7[m[K:
[2.535s] [01m[K/home/xinzhu/Documents/Galaxy_Linux-x86/Galaxy_camera/inc/GXDef.h:173:1:[m[K [01;35m[Kwarning: [m[K‘[01m[Ktypedef[m[K’ was ignored in this declaration
[2.535s]   173 | [01;35m[Ktypedef[m[K enum GX_IP_CONFIGURE_MODE_LIST
[2.536s]       | [01;35m[K^~~~~~~[m[K
[2.547s] [01m[K/home/xinzhu/sentry_ws/src/daheng_simple_driver/src/driver_node.cpp:[m[K In member function ‘[01m[Kvoid DahengSimpleDriver::grabLoop()[m[K’:
[2.547s] [01m[K/home/xinzhu/sentry_ws/src/daheng_simple_driver/src/driver_node.cpp:89:52:[m[K [01;31m[Kerror: [m[Kinvalid conversion from ‘[01m[Kint[m[K’ to ‘[01m[KGX_FRAME_DATA*[m[K’ [[01;31m[K]8;;https://gcc.gnu.org/onlinedocs/gcc/Warning-Options.html#index-fpermissive-fpermissive]8;;[m[K]
[2.547s]    89 |             GX_STATUS status = GXGetImage(device_, [01;31m[K1000[m[K, &frame);
[2.547s]       |                                                    [01;31m[K^~~~[m[K
[2.547s]       |                                                    [01;31m[K|[m[K
[2.547s]       |                                                    [01;31m[Kint[m[K
[2.547s] In file included from [01m[K/home/xinzhu/sentry_ws/src/daheng_simple_driver/src/driver_node.cpp:7[m[K:
[2.547s] [01m[K/home/xinzhu/Documents/Galaxy_Linux-x86/Galaxy_camera/inc/GxIAPI.h:1635:57:[m[K [01;36m[Knote: [m[K  initializing argument 2 of ‘[01m[KGX_STATUS GXGetImage(GX_DEV_HANDLE, GX_FRAME_DATA*, uint32_t)[m[K’
[2.547s]  1635 | GX_API GXGetImage(GX_DEV_HANDLE hDevice, [01;36m[KGX_FRAME_DATA *pFrameData[m[K, uint32_t nTimeout);
[2.547s]       |                                          [01;36m[K~~~~~~~~~~~~~~~^~~~~~~~~~[m[K
[2.547s] [01m[K/home/xinzhu/sentry_ws/src/daheng_simple_driver/src/driver_node.cpp:89:58:[m[K [01;31m[Kerror: [m[Kinvalid conversion from ‘[01m[KGX_FRAME_DATA*[m[K’ to ‘[01m[Kuint32_t[m[K’ {aka ‘[01m[Kunsigned int[m[K’} [[01;31m[K]8;;https://gcc.gnu.org/onlinedocs/gcc/Warning-Options.html#index-fpermissive-fpermissive]8;;[m[K]
[2.547s]    89 |             GX_STATUS status = GXGetImage(device_, 1000, [01;31m[K&frame[m[K);
[2.547s]       |                                                          [01;31m[K^~~~~~[m[K
[2.547s]       |                                                          [01;31m[K|[m[K
[2.547s]       |                                                          [01;31m[KGX_FRAME_DATA*[m[K
[2.547s] In file included from [01m[K/home/xinzhu/sentry_ws/src/daheng_simple_driver/src/driver_node.cpp:7[m[K:
[2.547s] [01m[K/home/xinzhu/Documents/Galaxy_Linux-x86/Galaxy_camera/inc/GxIAPI.h:1635:78:[m[K [01;36m[Knote: [m[K  initializing argument 3 of ‘[01m[KGX_STATUS GXGetImage(GX_DEV_HANDLE, GX_FRAME_DATA*, uint32_t)[m[K’
[2.547s]  1635 | e(GX_DEV_HANDLE hDevice, GX_FRAME_DATA *pFrameData, [01;36m[Kuint32_t nTimeout[m[K);
[2.547s]       |                                                     [01;36m[K~~~~~~~~~^~~~~~~~[m[K
[2.547s] 
[2.555s] [01m[K/home/xinzhu/sentry_ws/src/daheng_simple_driver/src/driver_node.cpp:100:13:[m[K [01;31m[Kerror: [m[K‘[01m[KGXFreeImage[m[K’ was not declared in this scope; did you mean ‘[01m[KGXGetImage[m[K’?
[2.555s]   100 |             [01;31m[KGXFreeImage[m[K(&frame);
[2.555s]       |             [01;31m[K^~~~~~~~~~~[m[K
[2.555s]       |             [32m[KGXGetImage[m[K
[3.472s] gmake[2]: *** [CMakeFiles/driver_node.dir/build.make:82：CMakeFiles/driver_node.dir/src/driver_node.cpp.o] 错误 1
[3.472s] gmake[2]: 离开目录“/home/xinzhu/sentry_ws/build/daheng_simple_driver”
[3.472s] gmake[1]: 离开目录“/home/xinzhu/sentry_ws/build/daheng_simple_driver”
[3.472s] gmake[1]: *** [CMakeFiles/Makefile2:156：CMakeFiles/driver_node.dir/all] 错误 2
[3.472s] gmake: *** [Makefile:149：all] 错误 2
[3.473s] 
[3.475s] Invoked command in '/home/xinzhu/sentry_ws/build/daheng_simple_driver' returned '2': CMAKE_PREFIX_PATH=${CMAKE_PREFIX_PATH}:/home/xinzhu/sentry_ws/install/control_panel:/home/xinzhu/Desktop/sentry_ws/install/control_panel:/opt/ros/humble PS1=%F{green}%n@%m%f%F{white}:%f%F{blue}%~%f%F{white}$%f /usr/local/bin/cmake --build /home/xinzhu/sentry_ws/build/daheng_simple_driver -- -j16 -l16
