[0.016s] Invoking command in '/home/xinzhu/sentry_ws/build/armor_solver': AMENT_PREFIX_PATH=/home/xinzhu/sentry_ws/install/rm_utils:/home/xinzhu/sentry_ws/install/auto_aim_interfaces:${AMENT_PREFIX_PATH} CMAKE_PREFIX_PATH=/home/xinzhu/sentry_ws/install/rm_utils:/home/xinzhu/sentry_ws/install/auto_aim_interfaces:/home/xinzhu/Desktop/sentry_ws/install/sentry_description:/home/xinzhu/Desktop/sentry_ws/install/sentry_bringup:/home/xinzhu/Desktop/sentry_ws/install/sensor_scan_generation:/home/xinzhu/Desktop/sentry_ws/install/rm_rune:/home/xinzhu/Desktop/sentry_ws/install/rune_solver:/home/xinzhu/Desktop/sentry_ws/install/rune_detector:/home/xinzhu/Desktop/sentry_ws/install/rm_serial_driver:/home/xinzhu/Desktop/sentry_ws/install/rm_auto_aim:/home/xinzhu/Desktop/sentry_ws/install/armor_solver:/home/xinzhu/Desktop/sentry_ws/install/armor_detector:/home/xinzhu/Desktop/sentry_ws/install/rm_utils:/home/xinzhu/Desktop/sentry_ws/install/rm_robot_description:/home/xinzhu/Desktop/sentry_ws/install/rm_interfaces:/home/xinzhu/Desktop/sentry_ws/install/livox_ros_driver2:/home/xinzhu/Desktop/sentry_ws/install/costmap_intensity:/home/xinzhu/Desktop/sentry_ws/install/behavior_ext_plugins:/home/xinzhu/Desktop/sentry_ws/install/auto_aim_interfaces:/home/xinzhu/Desktop/sentry_ws/install/control_panel:/opt/ros/humble LD_LIBRARY_PATH=/home/xinzhu/sentry_ws/install/rm_utils/lib:/home/xinzhu/sentry_ws/install/auto_aim_interfaces/lib:${LD_LIBRARY_PATH} PS1=%F{green}%n@%m%f%F{white}:%f%F{blue}%~%f%F{white}$%f PYTHONPATH=/home/xinzhu/sentry_ws/install/auto_aim_interfaces/local/lib/python3.10/dist-packages:${PYTHONPATH} /usr/local/bin/cmake --build /home/xinzhu/sentry_ws/build/armor_solver -- -j16 -l16
[0.060s] [ 33%] Built target armor_solver_node
[0.094s] [100%] Built target armor_solver
[0.099s] Invoked command in '/home/xinzhu/sentry_ws/build/armor_solver' returned '0': AMENT_PREFIX_PATH=/home/xinzhu/sentry_ws/install/rm_utils:/home/xinzhu/sentry_ws/install/auto_aim_interfaces:${AMENT_PREFIX_PATH} CMAKE_PREFIX_PATH=/home/xinzhu/sentry_ws/install/rm_utils:/home/xinzhu/sentry_ws/install/auto_aim_interfaces:/home/xinzhu/Desktop/sentry_ws/install/sentry_description:/home/xinzhu/Desktop/sentry_ws/install/sentry_bringup:/home/xinzhu/Desktop/sentry_ws/install/sensor_scan_generation:/home/xinzhu/Desktop/sentry_ws/install/rm_rune:/home/xinzhu/Desktop/sentry_ws/install/rune_solver:/home/xinzhu/Desktop/sentry_ws/install/rune_detector:/home/xinzhu/Desktop/sentry_ws/install/rm_serial_driver:/home/xinzhu/Desktop/sentry_ws/install/rm_auto_aim:/home/xinzhu/Desktop/sentry_ws/install/armor_solver:/home/xinzhu/Desktop/sentry_ws/install/armor_detector:/home/xinzhu/Desktop/sentry_ws/install/rm_utils:/home/xinzhu/Desktop/sentry_ws/install/rm_robot_description:/home/xinzhu/Desktop/sentry_ws/install/rm_interfaces:/home/xinzhu/Desktop/sentry_ws/install/livox_ros_driver2:/home/xinzhu/Desktop/sentry_ws/install/costmap_intensity:/home/xinzhu/Desktop/sentry_ws/install/behavior_ext_plugins:/home/xinzhu/Desktop/sentry_ws/install/auto_aim_interfaces:/home/xinzhu/Desktop/sentry_ws/install/control_panel:/opt/ros/humble LD_LIBRARY_PATH=/home/xinzhu/sentry_ws/install/rm_utils/lib:/home/xinzhu/sentry_ws/install/auto_aim_interfaces/lib:${LD_LIBRARY_PATH} PS1=%F{green}%n@%m%f%F{white}:%f%F{blue}%~%f%F{white}$%f PYTHONPATH=/home/xinzhu/sentry_ws/install/auto_aim_interfaces/local/lib/python3.10/dist-packages:${PYTHONPATH} /usr/local/bin/cmake --build /home/xinzhu/sentry_ws/build/armor_solver -- -j16 -l16
[0.103s] Invoking command in '/home/xinzhu/sentry_ws/build/armor_solver': AMENT_PREFIX_PATH=/home/xinzhu/sentry_ws/install/rm_utils:/home/xinzhu/sentry_ws/install/auto_aim_interfaces:${AMENT_PREFIX_PATH} CMAKE_PREFIX_PATH=/home/xinzhu/sentry_ws/install/rm_utils:/home/xinzhu/sentry_ws/install/auto_aim_interfaces:/home/xinzhu/Desktop/sentry_ws/install/sentry_description:/home/xinzhu/Desktop/sentry_ws/install/sentry_bringup:/home/xinzhu/Desktop/sentry_ws/install/sensor_scan_generation:/home/xinzhu/Desktop/sentry_ws/install/rm_rune:/home/xinzhu/Desktop/sentry_ws/install/rune_solver:/home/xinzhu/Desktop/sentry_ws/install/rune_detector:/home/xinzhu/Desktop/sentry_ws/install/rm_serial_driver:/home/xinzhu/Desktop/sentry_ws/install/rm_auto_aim:/home/xinzhu/Desktop/sentry_ws/install/armor_solver:/home/xinzhu/Desktop/sentry_ws/install/armor_detector:/home/xinzhu/Desktop/sentry_ws/install/rm_utils:/home/xinzhu/Desktop/sentry_ws/install/rm_robot_description:/home/xinzhu/Desktop/sentry_ws/install/rm_interfaces:/home/xinzhu/Desktop/sentry_ws/install/livox_ros_driver2:/home/xinzhu/Desktop/sentry_ws/install/costmap_intensity:/home/xinzhu/Desktop/sentry_ws/install/behavior_ext_plugins:/home/xinzhu/Desktop/sentry_ws/install/auto_aim_interfaces:/home/xinzhu/Desktop/sentry_ws/install/control_panel:/opt/ros/humble LD_LIBRARY_PATH=/home/xinzhu/sentry_ws/install/rm_utils/lib:/home/xinzhu/sentry_ws/install/auto_aim_interfaces/lib:${LD_LIBRARY_PATH} PS1=%F{green}%n@%m%f%F{white}:%f%F{blue}%~%f%F{white}$%f PYTHONPATH=/home/xinzhu/sentry_ws/install/auto_aim_interfaces/local/lib/python3.10/dist-packages:${PYTHONPATH} /usr/local/bin/cmake --install /home/xinzhu/sentry_ws/build/armor_solver
[0.107s] -- Install configuration: "Release"
[0.110s] -- Execute custom install script
[0.110s] -- Up-to-date symlink: /home/xinzhu/sentry_ws/install/armor_solver/lib/armor_solver/armor_solver_node
[0.110s] -- Up-to-date symlink: /home/xinzhu/sentry_ws/install/armor_solver/include/armor_solver/armor_solver.hpp
[0.110s] -- Up-to-date symlink: /home/xinzhu/sentry_ws/install/armor_solver/include/armor_solver/armor_solver_node.hpp
[0.110s] -- Up-to-date symlink: /home/xinzhu/sentry_ws/install/armor_solver/include/armor_solver/armor_tracker.hpp
[0.111s] -- Up-to-date symlink: /home/xinzhu/sentry_ws/install/armor_solver/include/armor_solver/motion_model.hpp
[0.111s] -- Up-to-date symlink: /home/xinzhu/sentry_ws/install/armor_solver/share/armor_solver/environment/library_path.sh
[0.111s] -- Up-to-date symlink: /home/xinzhu/sentry_ws/install/armor_solver/share/armor_solver/environment/library_path.dsv
[0.112s] -- Up-to-date symlink: /home/xinzhu/sentry_ws/install/armor_solver/lib/libarmor_solver.so
[0.112s] -- Up-to-date symlink: /home/xinzhu/sentry_ws/install/armor_solver/share/ament_index/resource_index/package_run_dependencies/armor_solver
[0.112s] -- Up-to-date symlink: /home/xinzhu/sentry_ws/install/armor_solver/share/ament_index/resource_index/parent_prefix_path/armor_solver
[0.112s] -- Up-to-date symlink: /home/xinzhu/sentry_ws/install/armor_solver/share/armor_solver/environment/ament_prefix_path.sh
[0.113s] -- Up-to-date symlink: /home/xinzhu/sentry_ws/install/armor_solver/share/armor_solver/environment/ament_prefix_path.dsv
[0.113s] -- Up-to-date symlink: /home/xinzhu/sentry_ws/install/armor_solver/share/armor_solver/environment/path.sh
[0.113s] -- Up-to-date symlink: /home/xinzhu/sentry_ws/install/armor_solver/share/armor_solver/environment/path.dsv
[0.113s] -- Up-to-date symlink: /home/xinzhu/sentry_ws/install/armor_solver/share/armor_solver/local_setup.bash
[0.113s] -- Up-to-date symlink: /home/xinzhu/sentry_ws/install/armor_solver/share/armor_solver/local_setup.sh
[0.113s] -- Up-to-date symlink: /home/xinzhu/sentry_ws/install/armor_solver/share/armor_solver/local_setup.zsh
[0.113s] -- Up-to-date symlink: /home/xinzhu/sentry_ws/install/armor_solver/share/armor_solver/local_setup.dsv
[0.113s] -- Symlinking: /home/xinzhu/sentry_ws/install/armor_solver/share/armor_solver/package.dsv
[0.116s] -- Up-to-date symlink: /home/xinzhu/sentry_ws/install/armor_solver/share/ament_index/resource_index/packages/armor_solver
[0.116s] -- Up-to-date symlink: /home/xinzhu/sentry_ws/install/armor_solver/share/ament_index/resource_index/rclcpp_components/armor_solver
[0.116s] -- Up-to-date symlink: /home/xinzhu/sentry_ws/install/armor_solver/share/armor_solver/cmake/ament_cmake_export_dependencies-extras.cmake
[0.116s] -- Up-to-date symlink: /home/xinzhu/sentry_ws/install/armor_solver/share/armor_solver/cmake/ament_cmake_export_include_directories-extras.cmake
[0.116s] -- Up-to-date symlink: /home/xinzhu/sentry_ws/install/armor_solver/share/armor_solver/cmake/ament_cmake_export_libraries-extras.cmake
[0.116s] -- Up-to-date symlink: /home/xinzhu/sentry_ws/install/armor_solver/share/armor_solver/cmake/armor_solverConfig.cmake
[0.117s] -- Up-to-date symlink: /home/xinzhu/sentry_ws/install/armor_solver/share/armor_solver/cmake/armor_solverConfig-version.cmake
[0.117s] -- Up-to-date symlink: /home/xinzhu/sentry_ws/install/armor_solver/share/armor_solver/package.xml
[0.118s] Invoked command in '/home/xinzhu/sentry_ws/build/armor_solver' returned '0': AMENT_PREFIX_PATH=/home/xinzhu/sentry_ws/install/rm_utils:/home/xinzhu/sentry_ws/install/auto_aim_interfaces:${AMENT_PREFIX_PATH} CMAKE_PREFIX_PATH=/home/xinzhu/sentry_ws/install/rm_utils:/home/xinzhu/sentry_ws/install/auto_aim_interfaces:/home/xinzhu/Desktop/sentry_ws/install/sentry_description:/home/xinzhu/Desktop/sentry_ws/install/sentry_bringup:/home/xinzhu/Desktop/sentry_ws/install/sensor_scan_generation:/home/xinzhu/Desktop/sentry_ws/install/rm_rune:/home/xinzhu/Desktop/sentry_ws/install/rune_solver:/home/xinzhu/Desktop/sentry_ws/install/rune_detector:/home/xinzhu/Desktop/sentry_ws/install/rm_serial_driver:/home/xinzhu/Desktop/sentry_ws/install/rm_auto_aim:/home/xinzhu/Desktop/sentry_ws/install/armor_solver:/home/xinzhu/Desktop/sentry_ws/install/armor_detector:/home/xinzhu/Desktop/sentry_ws/install/rm_utils:/home/xinzhu/Desktop/sentry_ws/install/rm_robot_description:/home/xinzhu/Desktop/sentry_ws/install/rm_interfaces:/home/xinzhu/Desktop/sentry_ws/install/livox_ros_driver2:/home/xinzhu/Desktop/sentry_ws/install/costmap_intensity:/home/xinzhu/Desktop/sentry_ws/install/behavior_ext_plugins:/home/xinzhu/Desktop/sentry_ws/install/auto_aim_interfaces:/home/xinzhu/Desktop/sentry_ws/install/control_panel:/opt/ros/humble LD_LIBRARY_PATH=/home/xinzhu/sentry_ws/install/rm_utils/lib:/home/xinzhu/sentry_ws/install/auto_aim_interfaces/lib:${LD_LIBRARY_PATH} PS1=%F{green}%n@%m%f%F{white}:%f%F{blue}%~%f%F{white}$%f PYTHONPATH=/home/xinzhu/sentry_ws/install/auto_aim_interfaces/local/lib/python3.10/dist-packages:${PYTHONPATH} /usr/local/bin/cmake --install /home/xinzhu/sentry_ws/build/armor_solver
