-- Found ament_cmake: 1.3.13 (/opt/ros/humble/share/ament_cmake/cmake)
-- Override CMake install command with custom implementation using symlinks instead of copying resources
-- Found geometry_msgs: 4.9.1 (/opt/ros/humble/share/geometry_msgs/cmake)
-- Found rosidl_generator_c: 3.1.8 (/opt/ros/humble/share/rosidl_generator_c/cmake)
-- Found rosidl_adapter: 3.1.8 (/opt/ros/humble/share/rosidl_adapter/cmake)
-- Found rosidl_generator_cpp: 3.1.8 (/opt/ros/humble/share/rosidl_generator_cpp/cmake)
-- Using all available rosidl_typesupport_c: rosidl_typesupport_fastrtps_c;rosidl_typesupport_introspection_c
-- Using all available rosidl_typesupport_cpp: rosidl_typesupport_fastrtps_cpp;rosidl_typesupport_introspection_cpp
-- Found laser_geometry: 2.4.1 (/opt/ros/humble/share/laser_geometry/cmake)
-- Found rmw_implementation_cmake: 6.1.2 (/opt/ros/humble/share/rmw_implementation_cmake/cmake)
-- Found rmw_fastrtps_cpp: 6.2.10 (/opt/ros/humble/share/rmw_fastrtps_cpp/cmake)
-- Using RMW implementation 'rmw_fastrtps_cpp' as default
-- Found map_msgs: 2.1.0 (/opt/ros/humble/share/map_msgs/cmake)
-- Found message_filters: 4.3.14 (/opt/ros/humble/share/message_filters/cmake)
-- Found nav2_common: 1.1.20 (/opt/ros/humble/share/nav2_common/cmake)
-- Found nav2_msgs: 1.1.20 (/opt/ros/humble/share/nav2_msgs/cmake)
-- Found nav2_util: 1.1.20 (/opt/ros/humble/share/nav2_util/cmake)
-- Ensuring Eigen3 include directory is part of orocos-kdl CMake target
-- Found nav2_voxel_grid: 1.1.20 (/opt/ros/humble/share/nav2_voxel_grid/cmake)
-- Found nav2_costmap_2d: 1.1.20 (/opt/ros/humble/share/nav2_costmap_2d/cmake)
-- Configuring done (1.0s)
-- Generating done (0.2s)
-- Build files have been written to: /home/xinzhu/sentry_ws/build/costmap_intensity
[100%] Built target costmap_intensity_core
-- Install configuration: "Release"
-- Execute custom install script
-- Up-to-date symlink: /home/xinzhu/sentry_ws/install/costmap_intensity/lib/libcostmap_intensity_core.so
-- Up-to-date symlink: /home/xinzhu/sentry_ws/install/costmap_intensity/share/costmap_intensity//costmap_intensity.xml
-- Up-to-date symlink: /home/xinzhu/sentry_ws/install/costmap_intensity/share/ament_index/resource_index/package_run_dependencies/costmap_intensity
-- Up-to-date symlink: /home/xinzhu/sentry_ws/install/costmap_intensity/share/ament_index/resource_index/parent_prefix_path/costmap_intensity
-- Up-to-date symlink: /home/xinzhu/sentry_ws/install/costmap_intensity/share/costmap_intensity/environment/ament_prefix_path.sh
-- Up-to-date symlink: /home/xinzhu/sentry_ws/install/costmap_intensity/share/costmap_intensity/environment/ament_prefix_path.dsv
-- Up-to-date symlink: /home/xinzhu/sentry_ws/install/costmap_intensity/share/costmap_intensity/environment/path.sh
-- Up-to-date symlink: /home/xinzhu/sentry_ws/install/costmap_intensity/share/costmap_intensity/environment/path.dsv
-- Up-to-date symlink: /home/xinzhu/sentry_ws/install/costmap_intensity/share/costmap_intensity/local_setup.bash
-- Up-to-date symlink: /home/xinzhu/sentry_ws/install/costmap_intensity/share/costmap_intensity/local_setup.sh
-- Up-to-date symlink: /home/xinzhu/sentry_ws/install/costmap_intensity/share/costmap_intensity/local_setup.zsh
-- Up-to-date symlink: /home/xinzhu/sentry_ws/install/costmap_intensity/share/costmap_intensity/local_setup.dsv
-- Symlinking: /home/xinzhu/sentry_ws/install/costmap_intensity/share/costmap_intensity/package.dsv
-- Up-to-date symlink: /home/xinzhu/sentry_ws/install/costmap_intensity/share/ament_index/resource_index/packages/costmap_intensity
-- Up-to-date symlink: /home/xinzhu/sentry_ws/install/costmap_intensity/share/ament_index/resource_index/nav2_costmap_2d__pluginlib__plugin/costmap_intensity
-- Up-to-date symlink: /home/xinzhu/sentry_ws/install/costmap_intensity/share/costmap_intensity/cmake/costmap_intensityConfig.cmake
-- Up-to-date symlink: /home/xinzhu/sentry_ws/install/costmap_intensity/share/costmap_intensity/cmake/costmap_intensityConfig-version.cmake
-- Up-to-date symlink: /home/xinzhu/sentry_ws/install/costmap_intensity/share/costmap_intensity/package.xml
