[0.231s] Invoking command in '/home/xinzhu/sentry_ws/build/costmap_intensity': CMAKE_PREFIX_PATH=${CMAKE_PREFIX_PATH}:/home/xinzhu/Desktop/sentry_ws/install/control_panel:/opt/ros/humble PS1=%F{green}%n@%m%f%F{white}:%f%F{blue}%~%f%F{white}$%f /usr/local/bin/cmake /home/xinzhu/sentry_ws/src/nav2_plugins/costmap_intensity -DAMENT_CMAKE_SYMLINK_INSTALL=1 -DCMAKE_INSTALL_PREFIX=/home/xinzhu/sentry_ws/install/costmap_intensity
[0.263s] -- Found ament_cmake: 1.3.13 (/opt/ros/humble/share/ament_cmake/cmake)
[0.263s] [0mCMake Deprecation Warning at CMakeLists.txt:1 (cmake_minimum_required):
[0.263s]   Compatibility with CMake < 3.10 will be removed from a future version of
[0.263s]   CMake.
[0.264s] 
[0.264s]   Update the VERSION argument <min> value.  Or, use the <min>...<max> syntax
[0.264s]   to tell CMake that the project requires at least <min> but has been updated
[0.264s]   to work with policies introduced by <max> or earlier.
[0.264s] 
[0.264s] [0m
[0.490s] -- Override CMake install command with custom implementation using symlinks instead of copying resources
[0.499s] -- Found geometry_msgs: 4.9.1 (/opt/ros/humble/share/geometry_msgs/cmake)
[0.531s] -- Found rosidl_generator_c: 3.1.8 (/opt/ros/humble/share/rosidl_generator_c/cmake)
[0.533s] -- Found rosidl_adapter: 3.1.8 (/opt/ros/humble/share/rosidl_adapter/cmake)
[0.540s] -- Found rosidl_generator_cpp: 3.1.8 (/opt/ros/humble/share/rosidl_generator_cpp/cmake)
[0.554s] -- Using all available rosidl_typesupport_c: rosidl_typesupport_fastrtps_c;rosidl_typesupport_introspection_c
[0.571s] -- Using all available rosidl_typesupport_cpp: rosidl_typesupport_fastrtps_cpp;rosidl_typesupport_introspection_cpp
[0.624s] -- Found laser_geometry: 2.4.1 (/opt/ros/humble/share/laser_geometry/cmake)
[0.673s] -- Found rmw_implementation_cmake: 6.1.2 (/opt/ros/humble/share/rmw_implementation_cmake/cmake)
[0.680s] -- Found rmw_fastrtps_cpp: 6.2.10 (/opt/ros/humble/share/rmw_fastrtps_cpp/cmake)
[0.790s] -- Using RMW implementation 'rmw_fastrtps_cpp' as default
[0.860s] -- Found map_msgs: 2.1.0 (/opt/ros/humble/share/map_msgs/cmake)
[0.917s] -- Found message_filters: 4.3.14 (/opt/ros/humble/share/message_filters/cmake)
[0.921s] -- Found nav2_common: 1.1.20 (/opt/ros/humble/share/nav2_common/cmake)
[0.922s] -- Found nav2_msgs: 1.1.20 (/opt/ros/humble/share/nav2_msgs/cmake)
[0.979s] -- Found nav2_util: 1.1.20 (/opt/ros/humble/share/nav2_util/cmake)
[1.053s] -- Ensuring Eigen3 include directory is part of orocos-kdl CMake target
[1.098s] -- Found nav2_voxel_grid: 1.1.20 (/opt/ros/humble/share/nav2_voxel_grid/cmake)
[1.101s] -- Found nav2_costmap_2d: 1.1.20 (/opt/ros/humble/share/nav2_costmap_2d/cmake)
[1.286s] -- Configuring done (1.0s)
[1.445s] -- Generating done (0.2s)
[1.449s] -- Build files have been written to: /home/xinzhu/sentry_ws/build/costmap_intensity
[1.460s] Invoked command in '/home/xinzhu/sentry_ws/build/costmap_intensity' returned '0': CMAKE_PREFIX_PATH=${CMAKE_PREFIX_PATH}:/home/xinzhu/Desktop/sentry_ws/install/control_panel:/opt/ros/humble PS1=%F{green}%n@%m%f%F{white}:%f%F{blue}%~%f%F{white}$%f /usr/local/bin/cmake /home/xinzhu/sentry_ws/src/nav2_plugins/costmap_intensity -DAMENT_CMAKE_SYMLINK_INSTALL=1 -DCMAKE_INSTALL_PREFIX=/home/xinzhu/sentry_ws/install/costmap_intensity
[1.461s] Invoking command in '/home/xinzhu/sentry_ws/build/costmap_intensity': CMAKE_PREFIX_PATH=${CMAKE_PREFIX_PATH}:/home/xinzhu/Desktop/sentry_ws/install/control_panel:/opt/ros/humble PS1=%F{green}%n@%m%f%F{white}:%f%F{blue}%~%f%F{white}$%f /usr/local/bin/cmake --build /home/xinzhu/sentry_ws/build/costmap_intensity -- -j16 -l16
[1.503s] [100%] Built target costmap_intensity_core
[1.507s] Invoked command in '/home/xinzhu/sentry_ws/build/costmap_intensity' returned '0': CMAKE_PREFIX_PATH=${CMAKE_PREFIX_PATH}:/home/xinzhu/Desktop/sentry_ws/install/control_panel:/opt/ros/humble PS1=%F{green}%n@%m%f%F{white}:%f%F{blue}%~%f%F{white}$%f /usr/local/bin/cmake --build /home/xinzhu/sentry_ws/build/costmap_intensity -- -j16 -l16
[1.509s] Invoking command in '/home/xinzhu/sentry_ws/build/costmap_intensity': CMAKE_PREFIX_PATH=${CMAKE_PREFIX_PATH}:/home/xinzhu/Desktop/sentry_ws/install/control_panel:/opt/ros/humble PS1=%F{green}%n@%m%f%F{white}:%f%F{blue}%~%f%F{white}$%f /usr/local/bin/cmake --install /home/xinzhu/sentry_ws/build/costmap_intensity
[1.512s] -- Install configuration: "Release"
[1.512s] -- Execute custom install script
[1.512s] -- Up-to-date symlink: /home/xinzhu/sentry_ws/install/costmap_intensity/lib/libcostmap_intensity_core.so
[1.513s] -- Up-to-date symlink: /home/xinzhu/sentry_ws/install/costmap_intensity/share/costmap_intensity//costmap_intensity.xml
[1.513s] -- Up-to-date symlink: /home/xinzhu/sentry_ws/install/costmap_intensity/share/ament_index/resource_index/package_run_dependencies/costmap_intensity
[1.513s] -- Up-to-date symlink: /home/xinzhu/sentry_ws/install/costmap_intensity/share/ament_index/resource_index/parent_prefix_path/costmap_intensity
[1.514s] -- Up-to-date symlink: /home/xinzhu/sentry_ws/install/costmap_intensity/share/costmap_intensity/environment/ament_prefix_path.sh
[1.514s] -- Up-to-date symlink: /home/xinzhu/sentry_ws/install/costmap_intensity/share/costmap_intensity/environment/ament_prefix_path.dsv
[1.514s] -- Up-to-date symlink: /home/xinzhu/sentry_ws/install/costmap_intensity/share/costmap_intensity/environment/path.sh
[1.515s] -- Up-to-date symlink: /home/xinzhu/sentry_ws/install/costmap_intensity/share/costmap_intensity/environment/path.dsv
[1.515s] -- Up-to-date symlink: /home/xinzhu/sentry_ws/install/costmap_intensity/share/costmap_intensity/local_setup.bash
[1.515s] -- Up-to-date symlink: /home/xinzhu/sentry_ws/install/costmap_intensity/share/costmap_intensity/local_setup.sh
[1.515s] -- Up-to-date symlink: /home/xinzhu/sentry_ws/install/costmap_intensity/share/costmap_intensity/local_setup.zsh
[1.515s] -- Up-to-date symlink: /home/xinzhu/sentry_ws/install/costmap_intensity/share/costmap_intensity/local_setup.dsv
[1.516s] -- Symlinking: /home/xinzhu/sentry_ws/install/costmap_intensity/share/costmap_intensity/package.dsv
[1.519s] -- Up-to-date symlink: /home/xinzhu/sentry_ws/install/costmap_intensity/share/ament_index/resource_index/packages/costmap_intensity
[1.519s] -- Up-to-date symlink: /home/xinzhu/sentry_ws/install/costmap_intensity/share/ament_index/resource_index/nav2_costmap_2d__pluginlib__plugin/costmap_intensity
[1.520s] -- Up-to-date symlink: /home/xinzhu/sentry_ws/install/costmap_intensity/share/costmap_intensity/cmake/costmap_intensityConfig.cmake
[1.520s] -- Up-to-date symlink: /home/xinzhu/sentry_ws/install/costmap_intensity/share/costmap_intensity/cmake/costmap_intensityConfig-version.cmake
[1.520s] -- Up-to-date symlink: /home/xinzhu/sentry_ws/install/costmap_intensity/share/costmap_intensity/package.xml
[1.522s] Invoked command in '/home/xinzhu/sentry_ws/build/costmap_intensity' returned '0': CMAKE_PREFIX_PATH=${CMAKE_PREFIX_PATH}:/home/xinzhu/Desktop/sentry_ws/install/control_panel:/opt/ros/humble PS1=%F{green}%n@%m%f%F{white}:%f%F{blue}%~%f%F{white}$%f /usr/local/bin/cmake --install /home/xinzhu/sentry_ws/build/costmap_intensity
