[0.239s] Invoking command in '/home/xinzhu/sentry_ws/build/terrain_analysis': CMAKE_PREFIX_PATH=${CMAKE_PREFIX_PATH}:/home/xinzhu/Desktop/sentry_ws/install/control_panel:/opt/ros/humble PS1=%F{green}%n@%m%f%F{white}:%f%F{blue}%~%f%F{white}$%f /usr/local/bin/cmake /home/xinzhu/sentry_ws/src/autonomous_exploration_development_environment/src/terrain_analysis -DAMENT_CMAKE_SYMLINK_INSTALL=1 -DCMAKE_INSTALL_PREFIX=/home/xinzhu/sentry_ws/install/terrain_analysis
[0.576s] -- Found ament_cmake: 1.3.13 (/opt/ros/humble/share/ament_cmake/cmake)
[0.576s] -- Override CMake install command with custom implementation using symlinks instead of copying resources
[0.576s] -- Found rclcpp: 16.0.18 (/opt/ros/humble/share/rclcpp/cmake)
[0.576s] -- Found rosidl_generator_c: 3.1.8 (/opt/ros/humble/share/rosidl_generator_c/cmake)
[0.576s] -- Found rosidl_adapter: 3.1.8 (/opt/ros/humble/share/rosidl_adapter/cmake)
[0.576s] -- Found rosidl_generator_cpp: 3.1.8 (/opt/ros/humble/share/rosidl_generator_cpp/cmake)
[0.578s] [0mCMake Deprecation Warning at CMakeLists.txt:1 (cmake_minimum_required):
[0.578s]   Compatibility with CMake < 3.10 will be removed from a future version of
[0.578s]   CMake.
[0.578s] 
[0.578s]   Update the VERSION argument <min> value.  Or, use the <min>...<max> syntax
[0.578s]   to tell CMake that the project requires at least <min> but has been updated
[0.578s]   to work with policies introduced by <max> or earlier.
[0.578s] 
[0.578s] [0m
[0.588s] -- Using all available rosidl_typesupport_c: rosidl_typesupport_fastrtps_c;rosidl_typesupport_introspection_c
[0.606s] -- Using all available rosidl_typesupport_cpp: rosidl_typesupport_fastrtps_cpp;rosidl_typesupport_introspection_cpp
[0.662s] -- Found rmw_implementation_cmake: 6.1.2 (/opt/ros/humble/share/rmw_implementation_cmake/cmake)
[0.666s] -- Found rmw_fastrtps_cpp: 6.2.10 (/opt/ros/humble/share/rmw_fastrtps_cpp/cmake)
[0.811s] -- Using RMW implementation 'rmw_fastrtps_cpp' as default
[0.904s] -- Found nav_msgs: 4.9.1 (/opt/ros/humble/share/nav_msgs/cmake)
[0.960s] -- Found sensor_msgs: 4.9.1 (/opt/ros/humble/share/sensor_msgs/cmake)
[0.993s] -- Found tf2_ros: 0.25.19 (/opt/ros/humble/share/tf2_ros/cmake)
[1.150s] -- Found tf2_geometry_msgs: 0.25.19 (/opt/ros/humble/share/tf2_geometry_msgs/cmake)
[1.155s] -- Found eigen3_cmake_module: 0.1.1 (/opt/ros/humble/share/eigen3_cmake_module/cmake)
[1.157s] -- Ensuring Eigen3 include directory is part of orocos-kdl CMake target
[1.160s] -- Found pcl_conversions: 2.4.5 (/opt/ros/humble/share/pcl_conversions/cmake)
[1.211s] [33mCMake Warning (dev) at /usr/lib/x86_64-linux-gnu/cmake/pcl/PCLConfig.cmake:146 (find_package):
[1.211s]   Policy CMP0144 is not set: find_package uses upper-case <PACKAGENAME>_ROOT
[1.211s]   variables.  Run "cmake --help-policy CMP0144" for policy details.  Use the
[1.211s]   cmake_policy command to set the policy and suppress this warning.
[1.211s] 
[1.211s]   CMake variable EIGEN_ROOT is set to:
[1.212s] 
[1.212s]     /usr/include/eigen3
[1.212s] 
[1.212s]   For compatibility, find_package is ignoring the variable, but code in a
[1.212s]   .cmake module might still use it.
[1.212s] Call Stack (most recent call first):
[1.212s]   /usr/lib/x86_64-linux-gnu/cmake/pcl/PCLConfig.cmake:299 (find_eigen)
[1.212s]   /usr/lib/x86_64-linux-gnu/cmake/pcl/PCLConfig.cmake:543 (find_external_library)
[1.212s]   /opt/ros/humble/share/pcl_conversions/cmake/ament_cmake_export_dependencies-extras.cmake:21 (find_package)
[1.212s]   /opt/ros/humble/share/pcl_conversions/cmake/pcl_conversionsConfig.cmake:41 (include)
[1.212s]   CMakeLists.txt:28 (find_package)
[1.212s] This warning is for project developers.  Use -Wno-dev to suppress it.
[1.212s] [0m
[1.218s] -- Eigen found (include: /usr/include/eigen3, version: 3.4.0)
[1.218s] [33mCMake Warning (dev) at /usr/lib/x86_64-linux-gnu/cmake/pcl/PCLConfig.cmake:128 (find_package):
[1.218s]   Policy CMP0167 is not set: The FindBoost module is removed.  Run "cmake
[1.218s]   --help-policy CMP0167" for policy details.  Use the cmake_policy command to
[1.218s]   set the policy and suppress this warning.
[1.218s] 
[1.218s] Call Stack (most recent call first):
[1.218s]   /usr/lib/x86_64-linux-gnu/cmake/pcl/PCLConfig.cmake:297 (find_boost)
[1.219s]   /usr/lib/x86_64-linux-gnu/cmake/pcl/PCLConfig.cmake:543 (find_external_library)
[1.219s]   /opt/ros/humble/share/pcl_conversions/cmake/ament_cmake_export_dependencies-extras.cmake:21 (find_package)
[1.219s]   /opt/ros/humble/share/pcl_conversions/cmake/pcl_conversionsConfig.cmake:41 (include)
[1.219s]   CMakeLists.txt:28 (find_package)
[1.219s] This warning is for project developers.  Use -Wno-dev to suppress it.
[1.219s] [0m
[1.232s] [33mCMake Warning (dev) at /usr/lib/x86_64-linux-gnu/cmake/pcl/Modules/FindFLANN.cmake:44 (find_package):
[1.232s]   Policy CMP0144 is not set: find_package uses upper-case <PACKAGENAME>_ROOT
[1.232s]   variables.  Run "cmake --help-policy CMP0144" for policy details.  Use the
[1.232s]   cmake_policy command to set the policy and suppress this warning.
[1.232s] 
[1.232s]   CMake variable FLANN_ROOT is set to:
[1.232s] 
[1.232s]     /usr
[1.232s] 
[1.232s]   For compatibility, find_package is ignoring the variable, but code in a
[1.232s]   .cmake module might still use it.
[1.232s] Call Stack (most recent call first):
[1.232s]   /usr/lib/x86_64-linux-gnu/cmake/pcl/PCLConfig.cmake:256 (find_package)
[1.232s]   /usr/lib/x86_64-linux-gnu/cmake/pcl/PCLConfig.cmake:301 (find_flann)
[1.232s]   /usr/lib/x86_64-linux-gnu/cmake/pcl/PCLConfig.cmake:543 (find_external_library)
[1.232s]   /opt/ros/humble/share/pcl_conversions/cmake/ament_cmake_export_dependencies-extras.cmake:21 (find_package)
[1.232s]   /opt/ros/humble/share/pcl_conversions/cmake/pcl_conversionsConfig.cmake:41 (include)
[1.232s]   CMakeLists.txt:28 (find_package)
[1.232s] This warning is for project developers.  Use -Wno-dev to suppress it.
[1.232s] [0m
[1.269s] -- FLANN found (include: /usr/include, lib: /usr/lib/x86_64-linux-gnu/libflann_cpp.so)
[1.736s] -- OpenNI found (version: 1.5.4.0, include: /usr/include/ni, lib: /usr/lib/libOpenNI.so;libusb::libusb)
[1.741s] -- OpenNI2 found (version: 2.2.0.33, include: /usr/include/openni2, lib: /usr/lib/x86_64-linux-gnu/libOpenNI2.so;libusb::libusb)
[1.956s] [33mCMake Warning (dev) at /usr/lib/x86_64-linux-gnu/cmake/pcl/PCLConfig.cmake:128 (find_package):
[1.956s]   Policy CMP0167 is not set: The FindBoost module is removed.  Run "cmake
[1.956s]   --help-policy CMP0167" for policy details.  Use the cmake_policy command to
[1.956s]   set the policy and suppress this warning.
[1.956s] 
[1.956s] Call Stack (most recent call first):
[1.956s]   /usr/lib/x86_64-linux-gnu/cmake/pcl/PCLConfig.cmake:297 (find_boost)
[1.956s]   /usr/lib/x86_64-linux-gnu/cmake/pcl/PCLConfig.cmake:543 (find_external_library)
[1.956s]   /opt/ros/humble/share/pcl_conversions/cmake/ament_cmake_export_dependencies-extras.cmake:21 (find_package)
[1.956s]   /opt/ros/humble/share/pcl_conversions/cmake/pcl_conversionsConfig.cmake:41 (include)
[1.956s]   CMakeLists.txt:28 (find_package)
[1.957s] This warning is for project developers.  Use -Wno-dev to suppress it.
[1.957s] [0m
[1.967s] -- Eigen found (include: /usr/include/eigen3, version: 3.4.0)
[1.974s] -- OpenNI found (version: 1.5.4.0, include: /usr/include/ni, lib: /usr/lib/libOpenNI.so;libusb::libusb)
[1.981s] -- OpenNI2 found (version: 2.2.0.33, include: /usr/include/openni2, lib: /usr/lib/x86_64-linux-gnu/libOpenNI2.so;libusb::libusb)
[2.202s] -- Found Qhull version 8.0.2
[2.461s] -- OpenNI found (version: 1.5.4.0, include: /usr/include/ni, lib: /usr/lib/libOpenNI.so;libusb::libusb)
[2.698s] -- Found pcl_ros: 2.4.5 (/opt/ros/humble/share/pcl_ros/cmake)
[2.798s] -- Found ament_lint_auto: 0.12.15 (/opt/ros/humble/share/ament_lint_auto/cmake)
[2.861s] -- Added test 'copyright' to check source files copyright and LICENSE
[2.862s] -- Added test 'cppcheck' to perform static code analysis on C / C++ code
[2.863s] -- Configured cppcheck include dirs: 
[2.863s] -- Configured cppcheck exclude dirs and/or files: 
[2.865s] -- Added test 'cpplint' to check C / C++ code against the Google style
[2.865s] -- Configured cpplint exclude dirs and/or files: 
[2.865s] -- Added test 'lint_cmake' to check CMake code style
[2.867s] -- Added test 'uncrustify' to check C / C++ code style
[2.867s] -- Configured uncrustify additional arguments: 
[2.867s] -- Added test 'xmllint' to check XML markup files
[2.868s] -- Configuring done (2.6s)
[2.959s] -- Generating done (0.1s)
[2.964s] -- Build files have been written to: /home/xinzhu/sentry_ws/build/terrain_analysis
[2.978s] Invoked command in '/home/xinzhu/sentry_ws/build/terrain_analysis' returned '0': CMAKE_PREFIX_PATH=${CMAKE_PREFIX_PATH}:/home/xinzhu/Desktop/sentry_ws/install/control_panel:/opt/ros/humble PS1=%F{green}%n@%m%f%F{white}:%f%F{blue}%~%f%F{white}$%f /usr/local/bin/cmake /home/xinzhu/sentry_ws/src/autonomous_exploration_development_environment/src/terrain_analysis -DAMENT_CMAKE_SYMLINK_INSTALL=1 -DCMAKE_INSTALL_PREFIX=/home/xinzhu/sentry_ws/install/terrain_analysis
[2.980s] Invoking command in '/home/xinzhu/sentry_ws/build/terrain_analysis': CMAKE_PREFIX_PATH=${CMAKE_PREFIX_PATH}:/home/xinzhu/Desktop/sentry_ws/install/control_panel:/opt/ros/humble PS1=%F{green}%n@%m%f%F{white}:%f%F{blue}%~%f%F{white}$%f /usr/local/bin/cmake --build /home/xinzhu/sentry_ws/build/terrain_analysis -- -j16 -l16
[3.017s] [ 50%] Built target exchangeField
[3.025s] [100%] Built target terrainAnalysis
[3.029s] Invoked command in '/home/xinzhu/sentry_ws/build/terrain_analysis' returned '0': CMAKE_PREFIX_PATH=${CMAKE_PREFIX_PATH}:/home/xinzhu/Desktop/sentry_ws/install/control_panel:/opt/ros/humble PS1=%F{green}%n@%m%f%F{white}:%f%F{blue}%~%f%F{white}$%f /usr/local/bin/cmake --build /home/xinzhu/sentry_ws/build/terrain_analysis -- -j16 -l16
[3.031s] Invoking command in '/home/xinzhu/sentry_ws/build/terrain_analysis': CMAKE_PREFIX_PATH=${CMAKE_PREFIX_PATH}:/home/xinzhu/Desktop/sentry_ws/install/control_panel:/opt/ros/humble PS1=%F{green}%n@%m%f%F{white}:%f%F{blue}%~%f%F{white}$%f /usr/local/bin/cmake --install /home/xinzhu/sentry_ws/build/terrain_analysis
[3.034s] -- Install configuration: "Release"
[3.034s] -- Execute custom install script
[3.035s] -- Up-to-date symlink: /home/xinzhu/sentry_ws/install/terrain_analysis/lib/terrain_analysis/terrainAnalysis
[3.035s] -- Up-to-date symlink: /home/xinzhu/sentry_ws/install/terrain_analysis/lib/terrain_analysis/exchangeField
[3.035s] -- Up-to-date symlink: /home/xinzhu/sentry_ws/install/terrain_analysis/share/terrain_analysis/launch/exchangeFiled.launch
[3.036s] -- Up-to-date symlink: /home/xinzhu/sentry_ws/install/terrain_analysis/share/terrain_analysis/launch/terrain_analysis.launch
[3.036s] -- Up-to-date symlink: /home/xinzhu/sentry_ws/install/terrain_analysis/share/ament_index/resource_index/package_run_dependencies/terrain_analysis
[3.036s] -- Up-to-date symlink: /home/xinzhu/sentry_ws/install/terrain_analysis/share/ament_index/resource_index/parent_prefix_path/terrain_analysis
[3.037s] -- Up-to-date symlink: /home/xinzhu/sentry_ws/install/terrain_analysis/share/terrain_analysis/environment/ament_prefix_path.sh
[3.037s] -- Up-to-date symlink: /home/xinzhu/sentry_ws/install/terrain_analysis/share/terrain_analysis/environment/ament_prefix_path.dsv
[3.037s] -- Up-to-date symlink: /home/xinzhu/sentry_ws/install/terrain_analysis/share/terrain_analysis/environment/path.sh
[3.037s] -- Up-to-date symlink: /home/xinzhu/sentry_ws/install/terrain_analysis/share/terrain_analysis/environment/path.dsv
[3.038s] -- Up-to-date symlink: /home/xinzhu/sentry_ws/install/terrain_analysis/share/terrain_analysis/local_setup.bash
[3.038s] -- Up-to-date symlink: /home/xinzhu/sentry_ws/install/terrain_analysis/share/terrain_analysis/local_setup.sh
[3.038s] -- Up-to-date symlink: /home/xinzhu/sentry_ws/install/terrain_analysis/share/terrain_analysis/local_setup.zsh
[3.038s] -- Up-to-date symlink: /home/xinzhu/sentry_ws/install/terrain_analysis/share/terrain_analysis/local_setup.dsv
[3.038s] -- Symlinking: /home/xinzhu/sentry_ws/install/terrain_analysis/share/terrain_analysis/package.dsv
[3.042s] -- Up-to-date symlink: /home/xinzhu/sentry_ws/install/terrain_analysis/share/ament_index/resource_index/packages/terrain_analysis
[3.042s] -- Up-to-date symlink: /home/xinzhu/sentry_ws/install/terrain_analysis/share/terrain_analysis/cmake/terrain_analysisConfig.cmake
[3.042s] -- Up-to-date symlink: /home/xinzhu/sentry_ws/install/terrain_analysis/share/terrain_analysis/cmake/terrain_analysisConfig-version.cmake
[3.043s] -- Up-to-date symlink: /home/xinzhu/sentry_ws/install/terrain_analysis/share/terrain_analysis/package.xml
[3.044s] Invoked command in '/home/xinzhu/sentry_ws/build/terrain_analysis' returned '0': CMAKE_PREFIX_PATH=${CMAKE_PREFIX_PATH}:/home/xinzhu/Desktop/sentry_ws/install/control_panel:/opt/ros/humble PS1=%F{green}%n@%m%f%F{white}:%f%F{blue}%~%f%F{white}$%f /usr/local/bin/cmake --install /home/xinzhu/sentry_ws/build/terrain_analysis
