[0.177s] Invoking command in '/home/xinzhu/sentry_ws/build/sensor_scan_generation': CMAKE_PREFIX_PATH=${CMAKE_PREFIX_PATH}:/home/xinzhu/Desktop/sentry_ws/install/control_panel:/opt/ros/humble PS1=%F{green}%n@%m%f%F{white}:%f%F{blue}%~%f%F{white}$%f /usr/local/bin/cmake /home/xinzhu/sentry_ws/src/autonomous_exploration_development_environment/src/sensor_scan_generation -DCMAKE_BUILD_TYPE=Release -DAMENT_CMAKE_SYMLINK_INSTALL=1 -DCMAKE_INSTALL_PREFIX=/home/xinzhu/sentry_ws/install/sensor_scan_generation
[0.178s] [0mCMake Deprecation Warning at CMakeLists.txt:1 (cmake_minimum_required):
[0.178s]   Compatibility with CMake < 3.10 will be removed from a future version of
[0.178s]   CMake.
[0.178s] 
[0.178s]   Update the VERSION argument <min> value.  Or, use the <min>...<max> syntax
[0.178s]   to tell CMake that the project requires at least <min> but has been updated
[0.178s]   to work with policies introduced by <max> or earlier.
[0.178s] 
[0.178s] [0m
[0.212s] -- The C compiler identification is GNU 11.4.0
[0.276s] -- The CXX compiler identification is GNU 11.4.0
[0.285s] -- Detecting C compiler ABI info
[0.342s] -- Detecting C compiler ABI info - done
[0.362s] -- Check for working C compiler: /usr/bin/cc - skipped
[0.362s] -- Detecting C compile features
[0.363s] -- Detecting C compile features - done
[0.375s] -- Detecting CXX compiler ABI info
[0.441s] -- Detecting CXX compiler ABI info - done
[0.455s] -- Check for working CXX compiler: /usr/bin/c++ - skipped
[0.455s] -- Detecting CXX compile features
[0.456s] -- Detecting CXX compile features - done
[0.466s] -- Found ament_cmake: 1.3.13 (/opt/ros/humble/share/ament_cmake/cmake)
[0.597s] -- Found Python3: /usr/bin/python3 (found version "3.10.12") found components: Interpreter
[0.672s] -- Override CMake install command with custom implementation using symlinks instead of copying resources
[0.719s] -- Found rclcpp: 16.0.18 (/opt/ros/humble/share/rclcpp/cmake)
[0.766s] -- Found rosidl_generator_c: 3.1.8 (/opt/ros/humble/share/rosidl_generator_c/cmake)
[0.772s] -- Found rosidl_adapter: 3.1.8 (/opt/ros/humble/share/rosidl_adapter/cmake)
[0.781s] -- Found rosidl_generator_cpp: 3.1.8 (/opt/ros/humble/share/rosidl_generator_cpp/cmake)
[0.794s] -- Using all available rosidl_typesupport_c: rosidl_typesupport_fastrtps_c;rosidl_typesupport_introspection_c
[0.812s] -- Using all available rosidl_typesupport_cpp: rosidl_typesupport_fastrtps_cpp;rosidl_typesupport_introspection_cpp
[0.860s] -- Found rmw_implementation_cmake: 6.1.2 (/opt/ros/humble/share/rmw_implementation_cmake/cmake)
[0.864s] -- Found rmw_fastrtps_cpp: 6.2.10 (/opt/ros/humble/share/rmw_fastrtps_cpp/cmake)
[0.958s] -- Found OpenSSL: /usr/lib/x86_64-linux-gnu/libcrypto.so (found version "3.0.2")
[1.005s] -- Found FastRTPS: /opt/ros/humble/include
[1.056s] -- Using RMW implementation 'rmw_fastrtps_cpp' as default
[1.067s] -- Performing Test CMAKE_HAVE_LIBC_PTHREAD
[1.124s] -- Performing Test CMAKE_HAVE_LIBC_PTHREAD - Success
[1.125s] -- Found Threads: TRUE
[1.212s] -- Found nav_msgs: 4.9.1 (/opt/ros/humble/share/nav_msgs/cmake)
[1.279s] -- Found sensor_msgs: 4.9.1 (/opt/ros/humble/share/sensor_msgs/cmake)
[1.320s] -- Found tf2_ros: 0.25.19 (/opt/ros/humble/share/tf2_ros/cmake)
[1.562s] -- Found tf2_geometry_msgs: 0.25.19 (/opt/ros/humble/share/tf2_geometry_msgs/cmake)
[1.627s] -- Found eigen3_cmake_module: 0.1.1 (/opt/ros/humble/share/eigen3_cmake_module/cmake)
[1.633s] -- Found Eigen3: TRUE (found version "3.4.0")
[1.634s] -- Ensuring Eigen3 include directory is part of orocos-kdl CMake target
[1.653s] -- Found pcl_conversions: 2.4.5 (/opt/ros/humble/share/pcl_conversions/cmake)
[1.831s] [33mCMake Warning (dev) at /usr/lib/x86_64-linux-gnu/cmake/pcl/PCLConfig.cmake:146 (find_package):
[1.831s]   Policy CMP0144 is not set: find_package uses upper-case <PACKAGENAME>_ROOT
[1.831s]   variables.  Run "cmake --help-policy CMP0144" for policy details.  Use the
[1.831s]   cmake_policy command to set the policy and suppress this warning.
[1.831s] 
[1.831s]   CMake variable EIGEN_ROOT is set to:
[1.831s] 
[1.831s]     /usr/include/eigen3
[1.831s] 
[1.832s]   For compatibility, find_package is ignoring the variable, but code in a
[1.832s]   .cmake module might still use it.
[1.832s] Call Stack (most recent call first):
[1.832s]   /usr/lib/x86_64-linux-gnu/cmake/pcl/PCLConfig.cmake:299 (find_eigen)
[1.832s]   /usr/lib/x86_64-linux-gnu/cmake/pcl/PCLConfig.cmake:543 (find_external_library)
[1.832s]   /opt/ros/humble/share/pcl_conversions/cmake/ament_cmake_export_dependencies-extras.cmake:21 (find_package)
[1.832s]   /opt/ros/humble/share/pcl_conversions/cmake/pcl_conversionsConfig.cmake:41 (include)
[1.832s]   CMakeLists.txt:28 (find_package)
[1.832s] This warning is for project developers.  Use -Wno-dev to suppress it.
[1.832s] [0m
[1.837s] -- Checking for module 'eigen3'
[1.862s] --   Found eigen3, version 3.4.0
[1.934s] -- Found Eigen: /usr/include/eigen3 (Required is at least version "3.1")
[1.934s] -- Eigen found (include: /usr/include/eigen3, version: 3.4.0)
[1.934s] [33mCMake Warning (dev) at /usr/lib/x86_64-linux-gnu/cmake/pcl/PCLConfig.cmake:128 (find_package):
[1.935s]   Policy CMP0167 is not set: The FindBoost module is removed.  Run "cmake
[1.935s]   --help-policy CMP0167" for policy details.  Use the cmake_policy command to
[1.935s]   set the policy and suppress this warning.
[1.935s] 
[1.935s] Call Stack (most recent call first):
[1.935s]   /usr/lib/x86_64-linux-gnu/cmake/pcl/PCLConfig.cmake:297 (find_boost)
[1.935s]   /usr/lib/x86_64-linux-gnu/cmake/pcl/PCLConfig.cmake:543 (find_external_library)
[1.935s]   /opt/ros/humble/share/pcl_conversions/cmake/ament_cmake_export_dependencies-extras.cmake:21 (find_package)
[1.935s]   /opt/ros/humble/share/pcl_conversions/cmake/pcl_conversionsConfig.cmake:41 (include)
[1.935s]   CMakeLists.txt:28 (find_package)
[1.936s] This warning is for project developers.  Use -Wno-dev to suppress it.
[1.936s] [0m
[2.028s] [33mCMake Warning (dev) at /usr/lib/x86_64-linux-gnu/cmake/pcl/Modules/FindFLANN.cmake:44 (find_package):
[2.028s]   Policy CMP0144 is not set: find_package uses upper-case <PACKAGENAME>_ROOT
[2.028s]   variables.  Run "cmake --help-policy CMP0144" for policy details.  Use the
[2.028s]   cmake_policy command to set the policy and suppress this warning.
[2.028s] 
[2.028s]   CMake variable FLANN_ROOT is set to:
[2.028s] 
[2.028s]     /usr
[2.028s] 
[2.028s]   For compatibility, find_package is ignoring the variable, but code in a
[2.028s]   .cmake module might still use it.
[2.028s] Call Stack (most recent call first):
[2.028s]   /usr/lib/x86_64-linux-gnu/cmake/pcl/PCLConfig.cmake:256 (find_package)
[2.028s]   /usr/lib/x86_64-linux-gnu/cmake/pcl/PCLConfig.cmake:301 (find_flann)
[2.028s]   /usr/lib/x86_64-linux-gnu/cmake/pcl/PCLConfig.cmake:543 (find_external_library)
[2.028s]   /opt/ros/humble/share/pcl_conversions/cmake/ament_cmake_export_dependencies-extras.cmake:21 (find_package)
[2.028s]   /opt/ros/humble/share/pcl_conversions/cmake/pcl_conversionsConfig.cmake:41 (include)
[2.028s]   CMakeLists.txt:28 (find_package)
[2.028s] This warning is for project developers.  Use -Wno-dev to suppress it.
[2.029s] [0m
[2.056s] -- Checking for module 'flann'
[2.086s] --   Found flann, version 1.9.1
[2.208s] -- Found FLANN: /usr/lib/x86_64-linux-gnu/libflann_cpp.so
[2.208s] -- FLANN found (include: /usr/include, lib: /usr/lib/x86_64-linux-gnu/libflann_cpp.so)
[5.617s] -- Checking for module 'libusb-1.0'
[5.662s] --   Found libusb-1.0, version 1.0.25
[5.778s] -- Found libusb: /usr/lib/x86_64-linux-gnu/libusb-1.0.so
[5.784s] -- OpenNI found (version: 1.5.4.0, include: /usr/include/ni, lib: /usr/lib/libOpenNI.so;libusb::libusb)
[5.957s] -- OpenNI2 found (version: 2.2.0.33, include: /usr/include/openni2, lib: /usr/lib/x86_64-linux-gnu/libOpenNI2.so;libusb::libusb)
[7.052s] [33mCMake Warning (dev) at /usr/lib/x86_64-linux-gnu/cmake/pcl/PCLConfig.cmake:128 (find_package):
[7.052s]   Policy CMP0167 is not set: The FindBoost module is removed.  Run "cmake
[7.052s]   --help-policy CMP0167" for policy details.  Use the cmake_policy command to
[7.052s]   set the policy and suppress this warning.
[7.052s] 
[7.052s] Call Stack (most recent call first):
[7.052s]   /usr/lib/x86_64-linux-gnu/cmake/pcl/PCLConfig.cmake:297 (find_boost)
[7.052s]   /usr/lib/x86_64-linux-gnu/cmake/pcl/PCLConfig.cmake:543 (find_external_library)
[7.052s]   /opt/ros/humble/share/pcl_conversions/cmake/ament_cmake_export_dependencies-extras.cmake:21 (find_package)
[7.052s]   /opt/ros/humble/share/pcl_conversions/cmake/pcl_conversionsConfig.cmake:41 (include)
[7.052s]   CMakeLists.txt:28 (find_package)
[7.052s] This warning is for project developers.  Use -Wno-dev to suppress it.
[7.052s] [0m
[7.091s] -- Eigen found (include: /usr/include/eigen3, version: 3.4.0)
[7.106s] -- OpenNI found (version: 1.5.4.0, include: /usr/include/ni, lib: /usr/lib/libOpenNI.so;libusb::libusb)
[7.126s] -- OpenNI2 found (version: 2.2.0.33, include: /usr/include/openni2, lib: /usr/lib/x86_64-linux-gnu/libOpenNI2.so;libusb::libusb)
[8.101s] -- Found Qhull version 8.0.2
[9.245s] -- OpenNI found (version: 1.5.4.0, include: /usr/include/ni, lib: /usr/lib/libOpenNI.so;libusb::libusb)
[10.415s] -- Found PCL_COMMON: /usr/lib/x86_64-linux-gnu/libpcl_common.so
[10.422s] -- Found PCL_KDTREE: /usr/lib/x86_64-linux-gnu/libpcl_kdtree.so
[10.434s] -- Found PCL_OCTREE: /usr/lib/x86_64-linux-gnu/libpcl_octree.so
[10.440s] -- Found PCL_SEARCH: /usr/lib/x86_64-linux-gnu/libpcl_search.so
[10.450s] -- Found PCL_SAMPLE_CONSENSUS: /usr/lib/x86_64-linux-gnu/libpcl_sample_consensus.so
[10.450s] -- Found PCL_FILTERS: /usr/lib/x86_64-linux-gnu/libpcl_filters.so
[10.460s] -- Found PCL_2D: /usr/include/pcl-1.12
[10.460s] -- Found PCL_GEOMETRY: /usr/include/pcl-1.12
[10.470s] -- Found PCL_IO: /usr/lib/x86_64-linux-gnu/libpcl_io.so
[10.480s] -- Found PCL_FEATURES: /usr/lib/x86_64-linux-gnu/libpcl_features.so
[10.486s] -- Found PCL_ML: /usr/lib/x86_64-linux-gnu/libpcl_ml.so
[10.490s] -- Found PCL_SEGMENTATION: /usr/lib/x86_64-linux-gnu/libpcl_segmentation.so
[10.500s] -- Found PCL_VISUALIZATION: /usr/lib/x86_64-linux-gnu/libpcl_visualization.so
[10.510s] -- Found PCL_SURFACE: /usr/lib/x86_64-linux-gnu/libpcl_surface.so
[10.521s] -- Found PCL_REGISTRATION: /usr/lib/x86_64-linux-gnu/libpcl_registration.so
[10.526s] -- Found PCL_KEYPOINTS: /usr/lib/x86_64-linux-gnu/libpcl_keypoints.so
[10.537s] -- Found PCL_TRACKING: /usr/lib/x86_64-linux-gnu/libpcl_tracking.so
[10.545s] -- Found PCL_RECOGNITION: /usr/lib/x86_64-linux-gnu/libpcl_recognition.so
[10.555s] -- Found PCL_STEREO: /usr/lib/x86_64-linux-gnu/libpcl_stereo.so
[10.558s] -- Found PCL_APPS: /usr/lib/x86_64-linux-gnu/libpcl_apps.so
[10.566s] -- Found PCL_IN_HAND_SCANNER: /usr/include/pcl-1.12
[10.568s] -- Found PCL_MODELER: /usr/include/pcl-1.12
[10.577s] -- Found PCL_POINT_CLOUD_EDITOR: /usr/include/pcl-1.12
[10.586s] -- Found PCL_OUTOFCORE: /usr/lib/x86_64-linux-gnu/libpcl_outofcore.so
[10.586s] -- Found PCL_PEOPLE: /usr/lib/x86_64-linux-gnu/libpcl_people.so
[10.620s] -- Found pcl_ros: 2.4.5 (/opt/ros/humble/share/pcl_ros/cmake)
[10.818s] -- Found ament_lint_auto: 0.12.15 (/opt/ros/humble/share/ament_lint_auto/cmake)
[11.340s] -- Added test 'copyright' to check source files copyright and LICENSE
[11.360s] -- Added test 'cppcheck' to perform static code analysis on C / C++ code
[11.361s] -- Configured cppcheck include dirs: 
[11.361s] -- Configured cppcheck exclude dirs and/or files: 
[11.383s] -- Added test 'cpplint' to check C / C++ code against the Google style
[11.383s] -- Configured cpplint exclude dirs and/or files: 
[11.383s] -- Added test 'lint_cmake' to check CMake code style
[11.401s] -- Added test 'uncrustify' to check C / C++ code style
[11.401s] -- Configured uncrustify additional arguments: 
[11.411s] -- Added test 'xmllint' to check XML markup files
[11.421s] -- Configuring done (11.2s)
[11.800s] -- Generating done (0.4s)
[11.835s] -- Build files have been written to: /home/xinzhu/sentry_ws/build/sensor_scan_generation
[11.984s] Invoked command in '/home/xinzhu/sentry_ws/build/sensor_scan_generation' returned '0': CMAKE_PREFIX_PATH=${CMAKE_PREFIX_PATH}:/home/xinzhu/Desktop/sentry_ws/install/control_panel:/opt/ros/humble PS1=%F{green}%n@%m%f%F{white}:%f%F{blue}%~%f%F{white}$%f /usr/local/bin/cmake /home/xinzhu/sentry_ws/src/autonomous_exploration_development_environment/src/sensor_scan_generation -DCMAKE_BUILD_TYPE=Release -DAMENT_CMAKE_SYMLINK_INSTALL=1 -DCMAKE_INSTALL_PREFIX=/home/xinzhu/sentry_ws/install/sensor_scan_generation
[11.984s] Invoking command in '/home/xinzhu/sentry_ws/build/sensor_scan_generation': CMAKE_PREFIX_PATH=${CMAKE_PREFIX_PATH}:/home/xinzhu/Desktop/sentry_ws/install/control_panel:/opt/ros/humble PS1=%F{green}%n@%m%f%F{white}:%f%F{blue}%~%f%F{white}$%f /usr/local/bin/cmake --build /home/xinzhu/sentry_ws/build/sensor_scan_generation -- -j16 -l16
[12.108s] [ 50%] [32mBuilding CXX object CMakeFiles/sensorScanGeneration.dir/src/sensorScanGeneration.cpp.o[0m
[39.578s] [100%] [32m[1mLinking CXX executable sensorScanGeneration[0m
[40.407s] [100%] Built target sensorScanGeneration
[40.413s] Invoked command in '/home/xinzhu/sentry_ws/build/sensor_scan_generation' returned '0': CMAKE_PREFIX_PATH=${CMAKE_PREFIX_PATH}:/home/xinzhu/Desktop/sentry_ws/install/control_panel:/opt/ros/humble PS1=%F{green}%n@%m%f%F{white}:%f%F{blue}%~%f%F{white}$%f /usr/local/bin/cmake --build /home/xinzhu/sentry_ws/build/sensor_scan_generation -- -j16 -l16
[40.414s] Invoking command in '/home/xinzhu/sentry_ws/build/sensor_scan_generation': CMAKE_PREFIX_PATH=${CMAKE_PREFIX_PATH}:/home/xinzhu/Desktop/sentry_ws/install/control_panel:/opt/ros/humble PS1=%F{green}%n@%m%f%F{white}:%f%F{blue}%~%f%F{white}$%f /usr/local/bin/cmake --install /home/xinzhu/sentry_ws/build/sensor_scan_generation
[40.418s] -- Install configuration: "Release"
[40.418s] -- Execute custom install script
[40.418s] -- Symlinking: /home/xinzhu/sentry_ws/install/sensor_scan_generation/lib/sensor_scan_generation/sensorScanGeneration
[40.422s] -- Symlinking: /home/xinzhu/sentry_ws/install/sensor_scan_generation/share/sensor_scan_generation/launch/sensor_scan_generation.launch
[40.426s] -- Symlinking: /home/xinzhu/sentry_ws/install/sensor_scan_generation/share/ament_index/resource_index/package_run_dependencies/sensor_scan_generation
[40.430s] -- Symlinking: /home/xinzhu/sentry_ws/install/sensor_scan_generation/share/ament_index/resource_index/parent_prefix_path/sensor_scan_generation
[40.435s] -- Symlinking: /home/xinzhu/sentry_ws/install/sensor_scan_generation/share/sensor_scan_generation/environment/ament_prefix_path.sh
[40.440s] -- Symlinking: /home/xinzhu/sentry_ws/install/sensor_scan_generation/share/sensor_scan_generation/environment/ament_prefix_path.dsv
[40.445s] -- Symlinking: /home/xinzhu/sentry_ws/install/sensor_scan_generation/share/sensor_scan_generation/environment/path.sh
[40.449s] -- Symlinking: /home/xinzhu/sentry_ws/install/sensor_scan_generation/share/sensor_scan_generation/environment/path.dsv
[40.454s] -- Symlinking: /home/xinzhu/sentry_ws/install/sensor_scan_generation/share/sensor_scan_generation/local_setup.bash
[40.459s] -- Symlinking: /home/xinzhu/sentry_ws/install/sensor_scan_generation/share/sensor_scan_generation/local_setup.sh
[40.464s] -- Symlinking: /home/xinzhu/sentry_ws/install/sensor_scan_generation/share/sensor_scan_generation/local_setup.zsh
[40.469s] -- Symlinking: /home/xinzhu/sentry_ws/install/sensor_scan_generation/share/sensor_scan_generation/local_setup.dsv
[40.474s] -- Symlinking: /home/xinzhu/sentry_ws/install/sensor_scan_generation/share/sensor_scan_generation/package.dsv
[40.479s] -- Symlinking: /home/xinzhu/sentry_ws/install/sensor_scan_generation/share/ament_index/resource_index/packages/sensor_scan_generation
[40.484s] -- Symlinking: /home/xinzhu/sentry_ws/install/sensor_scan_generation/share/sensor_scan_generation/cmake/sensor_scan_generationConfig.cmake
[40.489s] -- Symlinking: /home/xinzhu/sentry_ws/install/sensor_scan_generation/share/sensor_scan_generation/cmake/sensor_scan_generationConfig-version.cmake
[40.494s] -- Symlinking: /home/xinzhu/sentry_ws/install/sensor_scan_generation/share/sensor_scan_generation/package.xml
[40.500s] Invoked command in '/home/xinzhu/sentry_ws/build/sensor_scan_generation' returned '0': CMAKE_PREFIX_PATH=${CMAKE_PREFIX_PATH}:/home/xinzhu/Desktop/sentry_ws/install/control_panel:/opt/ros/humble PS1=%F{green}%n@%m%f%F{white}:%f%F{blue}%~%f%F{white}$%f /usr/local/bin/cmake --install /home/xinzhu/sentry_ws/build/sensor_scan_generation
