[0.107s] Invoking command in '/home/xinzhu/sentry_ws/build/sentry_description': CMAKE_PREFIX_PATH=${CMAKE_PREFIX_PATH}:/home/xinzhu/sentry_ws/install/control_panel:/home/xinzhu/Desktop/sentry_ws/install/control_panel:/opt/ros/humble PS1=%F{green}%n@%m%f%F{white}:%f%F{blue}%~%f%F{white}$%f /usr/local/bin/cmake --build /home/xinzhu/sentry_ws/build/sentry_description -- -j16 -l16
[0.165s] Invoked command in '/home/xinzhu/sentry_ws/build/sentry_description' returned '0': CMAKE_PREFIX_PATH=${CMAKE_PREFIX_PATH}:/home/xinzhu/sentry_ws/install/control_panel:/home/xinzhu/Desktop/sentry_ws/install/control_panel:/opt/ros/humble PS1=%F{green}%n@%m%f%F{white}:%f%F{blue}%~%f%F{white}$%f /usr/local/bin/cmake --build /home/xinzhu/sentry_ws/build/sentry_description -- -j16 -l16
[0.167s] Invoking command in '/home/xinzhu/sentry_ws/build/sentry_description': CMAKE_PREFIX_PATH=${CMAKE_PREFIX_PATH}:/home/xinzhu/sentry_ws/install/control_panel:/home/xinzhu/Desktop/sentry_ws/install/control_panel:/opt/ros/humble PS1=%F{green}%n@%m%f%F{white}:%f%F{blue}%~%f%F{white}$%f /usr/local/bin/cmake --install /home/xinzhu/sentry_ws/build/sentry_description
[0.171s] -- Install configuration: "Release"
[0.187s] -- Execute custom install script
[0.187s] -- Up-to-date symlink: /home/xinzhu/sentry_ws/install/sentry_description/share/sentry_description/launch/view_model.launch.py
[0.187s] -- Up-to-date symlink: /home/xinzhu/sentry_ws/install/sentry_description/share/sentry_description/launch/view_model.rviz
[0.187s] -- Up-to-date symlink: /home/xinzhu/sentry_ws/install/sentry_description/share/sentry_description/meshes/base_link.STL
[0.187s] -- Up-to-date symlink: /home/xinzhu/sentry_ws/install/sentry_description/share/sentry_description/meshes/camera_link.STL
[0.187s] -- Up-to-date symlink: /home/xinzhu/sentry_ws/install/sentry_description/share/sentry_description/meshes/gimbal_odom.STL
[0.188s] -- Up-to-date symlink: /home/xinzhu/sentry_ws/install/sentry_description/share/sentry_description/meshes/lidar_link.STL
[0.188s] -- Up-to-date symlink: /home/xinzhu/sentry_ws/install/sentry_description/share/sentry_description/meshes/pitch_link.STL
[0.188s] -- Up-to-date symlink: /home/xinzhu/sentry_ws/install/sentry_description/share/sentry_description/meshes/shoot_link.STL
[0.188s] -- Up-to-date symlink: /home/xinzhu/sentry_ws/install/sentry_description/share/sentry_description/meshes/yaw_link.STL
[0.188s] -- Up-to-date symlink: /home/xinzhu/sentry_ws/install/sentry_description/share/sentry_description/urdf/sentry_description.urdf
[0.188s] -- Up-to-date symlink: /home/xinzhu/sentry_ws/install/sentry_description/share/ament_index/resource_index/package_run_dependencies/sentry_description
[0.189s] -- Up-to-date symlink: /home/xinzhu/sentry_ws/install/sentry_description/share/ament_index/resource_index/parent_prefix_path/sentry_description
[0.189s] -- Up-to-date symlink: /home/xinzhu/sentry_ws/install/sentry_description/share/sentry_description/environment/ament_prefix_path.sh
[0.189s] -- Up-to-date symlink: /home/xinzhu/sentry_ws/install/sentry_description/share/sentry_description/environment/ament_prefix_path.dsv
[0.189s] -- Up-to-date symlink: /home/xinzhu/sentry_ws/install/sentry_description/share/sentry_description/environment/path.sh
[0.189s] -- Up-to-date symlink: /home/xinzhu/sentry_ws/install/sentry_description/share/sentry_description/environment/path.dsv
[0.189s] -- Up-to-date symlink: /home/xinzhu/sentry_ws/install/sentry_description/share/sentry_description/local_setup.bash
[0.189s] -- Up-to-date symlink: /home/xinzhu/sentry_ws/install/sentry_description/share/sentry_description/local_setup.sh
[0.189s] -- Up-to-date symlink: /home/xinzhu/sentry_ws/install/sentry_description/share/sentry_description/local_setup.zsh
[0.189s] -- Up-to-date symlink: /home/xinzhu/sentry_ws/install/sentry_description/share/sentry_description/local_setup.dsv
[0.189s] -- Symlinking: /home/xinzhu/sentry_ws/install/sentry_description/share/sentry_description/package.dsv
[0.189s] -- Up-to-date symlink: /home/xinzhu/sentry_ws/install/sentry_description/share/ament_index/resource_index/packages/sentry_description
[0.189s] -- Up-to-date symlink: /home/xinzhu/sentry_ws/install/sentry_description/share/sentry_description/cmake/sentry_descriptionConfig.cmake
[0.189s] -- Up-to-date symlink: /home/xinzhu/sentry_ws/install/sentry_description/share/sentry_description/cmake/sentry_descriptionConfig-version.cmake
[0.190s] -- Up-to-date symlink: /home/xinzhu/sentry_ws/install/sentry_description/share/sentry_description/package.xml
[0.197s] Invoked command in '/home/xinzhu/sentry_ws/build/sentry_description' returned '0': CMAKE_PREFIX_PATH=${CMAKE_PREFIX_PATH}:/home/xinzhu/sentry_ws/install/control_panel:/home/xinzhu/Desktop/sentry_ws/install/control_panel:/opt/ros/humble PS1=%F{green}%n@%m%f%F{white}:%f%F{blue}%~%f%F{white}$%f /usr/local/bin/cmake --install /home/xinzhu/sentry_ws/build/sentry_description
