[0.015s] Invoking command in '/home/xinzhu/sentry_ws/build/terrain_analysis_ext': CMAKE_PREFIX_PATH=${CMAKE_PREFIX_PATH}:/home/xinzhu/Desktop/sentry_ws/install/control_panel:/opt/ros/humble PS1=%F{green}%n@%m%f%F{white}:%f%F{blue}%~%f%F{white}$%f /usr/local/bin/cmake /home/xinzhu/sentry_ws/src/autonomous_exploration_development_environment/src/terrain_analysis_ext -DCMAKE_BUILD_TYPE=Release -DAMENT_CMAKE_SYMLINK_INSTALL=1 -DCMAKE_INSTALL_PREFIX=/home/xinzhu/sentry_ws/install/terrain_analysis_ext
[0.026s] [0mCMake Deprecation Warning at CMakeLists.txt:1 (cmake_minimum_required):
[0.027s]   Compatibility with CMake < 3.10 will be removed from a future version of
[0.027s]   CMake.
[0.027s] 
[0.027s]   Update the VERSION argument <min> value.  Or, use the <min>...<max> syntax
[0.027s]   to tell CMake that the project requires at least <min> but has been updated
[0.027s]   to work with policies introduced by <max> or earlier.
[0.027s] 
[0.027s] [0m
[0.143s] -- The C compiler identification is GNU 11.4.0
[0.319s] -- The CXX compiler identification is GNU 11.4.0
[0.337s] -- Detecting C compiler ABI info
[0.509s] -- Detecting C compiler ABI info - done
[0.569s] -- Check for working C compiler: /usr/bin/cc - skipped
[0.569s] -- Detecting C compile features
[0.569s] -- Detecting C compile features - done
[0.600s] -- Detecting CXX compiler ABI info
[0.847s] -- Detecting CXX compiler ABI info - done
[0.888s] -- Check for working CXX compiler: /usr/bin/c++ - skipped
[0.889s] -- Detecting CXX compile features
[0.890s] -- Detecting CXX compile features - done
[0.914s] -- Found ament_cmake: 1.3.13 (/opt/ros/humble/share/ament_cmake/cmake)
[1.303s] -- Found Python3: /usr/bin/python3 (found version "3.10.12") found components: Interpreter
[1.421s] -- Override CMake install command with custom implementation using symlinks instead of copying resources
[1.486s] -- Found rclcpp: 16.0.18 (/opt/ros/humble/share/rclcpp/cmake)
[1.660s] -- Found rosidl_generator_c: 3.1.8 (/opt/ros/humble/share/rosidl_generator_c/cmake)
[1.684s] -- Found rosidl_adapter: 3.1.8 (/opt/ros/humble/share/rosidl_adapter/cmake)
[1.713s] -- Found rosidl_generator_cpp: 3.1.8 (/opt/ros/humble/share/rosidl_generator_cpp/cmake)
[1.761s] -- Using all available rosidl_typesupport_c: rosidl_typesupport_fastrtps_c;rosidl_typesupport_introspection_c
[1.828s] -- Using all available rosidl_typesupport_cpp: rosidl_typesupport_fastrtps_cpp;rosidl_typesupport_introspection_cpp
[2.013s] -- Found rmw_implementation_cmake: 6.1.2 (/opt/ros/humble/share/rmw_implementation_cmake/cmake)
[2.027s] -- Found rmw_fastrtps_cpp: 6.2.10 (/opt/ros/humble/share/rmw_fastrtps_cpp/cmake)
[2.296s] -- Found OpenSSL: /usr/lib/x86_64-linux-gnu/libcrypto.so (found version "3.0.2")
[2.392s] -- Found FastRTPS: /opt/ros/humble/include
[2.505s] -- Using RMW implementation 'rmw_fastrtps_cpp' as default
[2.524s] -- Performing Test CMAKE_HAVE_LIBC_PTHREAD
[2.718s] -- Performing Test CMAKE_HAVE_LIBC_PTHREAD - Success
[2.722s] -- Found Threads: TRUE
[2.903s] -- Found nav_msgs: 4.9.1 (/opt/ros/humble/share/nav_msgs/cmake)
[2.983s] -- Found sensor_msgs: 4.9.1 (/opt/ros/humble/share/sensor_msgs/cmake)
[3.030s] -- Found tf2_ros: 0.25.19 (/opt/ros/humble/share/tf2_ros/cmake)
[3.291s] -- Found tf2_geometry_msgs: 0.25.19 (/opt/ros/humble/share/tf2_geometry_msgs/cmake)
[3.321s] -- Found eigen3_cmake_module: 0.1.1 (/opt/ros/humble/share/eigen3_cmake_module/cmake)
[3.321s] -- Found Eigen3: TRUE (found version "3.4.0")
[3.321s] -- Ensuring Eigen3 include directory is part of orocos-kdl CMake target
[3.328s] -- Found pcl_conversions: 2.4.5 (/opt/ros/humble/share/pcl_conversions/cmake)
[3.384s] [33mCMake Warning (dev) at /usr/lib/x86_64-linux-gnu/cmake/pcl/PCLConfig.cmake:146 (find_package):
[3.384s]   Policy CMP0144 is not set: find_package uses upper-case <PACKAGENAME>_ROOT
[3.384s]   variables.  Run "cmake --help-policy CMP0144" for policy details.  Use the
[3.385s]   cmake_policy command to set the policy and suppress this warning.
[3.385s] 
[3.385s]   CMake variable EIGEN_ROOT is set to:
[3.385s] 
[3.385s]     /usr/include/eigen3
[3.385s] 
[3.385s]   For compatibility, find_package is ignoring the variable, but code in a
[3.385s]   .cmake module might still use it.
[3.387s] Call Stack (most recent call first):
[3.387s]   /usr/lib/x86_64-linux-gnu/cmake/pcl/PCLConfig.cmake:299 (find_eigen)
[3.387s]   /usr/lib/x86_64-linux-gnu/cmake/pcl/PCLConfig.cmake:543 (find_external_library)
[3.387s]   /opt/ros/humble/share/pcl_conversions/cmake/ament_cmake_export_dependencies-extras.cmake:21 (find_package)
[3.387s]   /opt/ros/humble/share/pcl_conversions/cmake/pcl_conversionsConfig.cmake:41 (include)
[3.388s]   CMakeLists.txt:28 (find_package)
[3.388s] This warning is for project developers.  Use -Wno-dev to suppress it.
[3.388s] [0m
[3.402s] -- Checking for module 'eigen3'
[3.447s] --   Found eigen3, version 3.4.0
[3.549s] -- Found Eigen: /usr/include/eigen3 (Required is at least version "3.1")
[3.549s] -- Eigen found (include: /usr/include/eigen3, version: 3.4.0)
[3.549s] [33mCMake Warning (dev) at /usr/lib/x86_64-linux-gnu/cmake/pcl/PCLConfig.cmake:128 (find_package):
[3.550s]   Policy CMP0167 is not set: The FindBoost module is removed.  Run "cmake
[3.550s]   --help-policy CMP0167" for policy details.  Use the cmake_policy command to
[3.550s]   set the policy and suppress this warning.
[3.550s] 
[3.550s] Call Stack (most recent call first):
[3.550s]   /usr/lib/x86_64-linux-gnu/cmake/pcl/PCLConfig.cmake:297 (find_boost)
[3.550s]   /usr/lib/x86_64-linux-gnu/cmake/pcl/PCLConfig.cmake:543 (find_external_library)
[3.550s]   /opt/ros/humble/share/pcl_conversions/cmake/ament_cmake_export_dependencies-extras.cmake:21 (find_package)
[3.550s]   /opt/ros/humble/share/pcl_conversions/cmake/pcl_conversionsConfig.cmake:41 (include)
[3.550s]   CMakeLists.txt:28 (find_package)
[3.550s] This warning is for project developers.  Use -Wno-dev to suppress it.
[3.550s] [0m
[3.682s] [33mCMake Warning (dev) at /usr/lib/x86_64-linux-gnu/cmake/pcl/Modules/FindFLANN.cmake:44 (find_package):
[3.682s]   Policy CMP0144 is not set: find_package uses upper-case <PACKAGENAME>_ROOT
[3.682s]   variables.  Run "cmake --help-policy CMP0144" for policy details.  Use the
[3.682s]   cmake_policy command to set the policy and suppress this warning.
[3.682s] 
[3.682s]   CMake variable FLANN_ROOT is set to:
[3.683s] 
[3.683s]     /usr
[3.683s] 
[3.683s]   For compatibility, find_package is ignoring the variable, but code in a
[3.683s]   .cmake module might still use it.
[3.683s] Call Stack (most recent call first):
[3.683s]   /usr/lib/x86_64-linux-gnu/cmake/pcl/PCLConfig.cmake:256 (find_package)
[3.683s]   /usr/lib/x86_64-linux-gnu/cmake/pcl/PCLConfig.cmake:301 (find_flann)
[3.683s]   /usr/lib/x86_64-linux-gnu/cmake/pcl/PCLConfig.cmake:543 (find_external_library)
[3.683s]   /opt/ros/humble/share/pcl_conversions/cmake/ament_cmake_export_dependencies-extras.cmake:21 (find_package)
[3.683s]   /opt/ros/humble/share/pcl_conversions/cmake/pcl_conversionsConfig.cmake:41 (include)
[3.683s]   CMakeLists.txt:28 (find_package)
[3.683s] This warning is for project developers.  Use -Wno-dev to suppress it.
[3.683s] [0m
[3.732s] -- Checking for module 'flann'
[3.769s] --   Found flann, version 1.9.1
[3.919s] -- Found FLANN: /usr/lib/x86_64-linux-gnu/libflann_cpp.so
[3.920s] -- FLANN found (include: /usr/include, lib: /usr/lib/x86_64-linux-gnu/libflann_cpp.so)
[7.558s] -- Checking for module 'libusb-1.0'
[7.615s] --   Found libusb-1.0, version 1.0.25
[7.756s] -- Found libusb: /usr/lib/x86_64-linux-gnu/libusb-1.0.so
[7.763s] -- OpenNI found (version: 1.5.4.0, include: /usr/include/ni, lib: /usr/lib/libOpenNI.so;libusb::libusb)
[7.977s] -- OpenNI2 found (version: 2.2.0.33, include: /usr/include/openni2, lib: /usr/lib/x86_64-linux-gnu/libOpenNI2.so;libusb::libusb)
[9.480s] [33mCMake Warning (dev) at /usr/lib/x86_64-linux-gnu/cmake/pcl/PCLConfig.cmake:128 (find_package):
[9.480s]   Policy CMP0167 is not set: The FindBoost module is removed.  Run "cmake
[9.480s]   --help-policy CMP0167" for policy details.  Use the cmake_policy command to
[9.480s]   set the policy and suppress this warning.
[9.480s] 
[9.480s] Call Stack (most recent call first):
[9.481s]   /usr/lib/x86_64-linux-gnu/cmake/pcl/PCLConfig.cmake:297 (find_boost)
[9.481s]   /usr/lib/x86_64-linux-gnu/cmake/pcl/PCLConfig.cmake:543 (find_external_library)
[9.481s]   /opt/ros/humble/share/pcl_conversions/cmake/ament_cmake_export_dependencies-extras.cmake:21 (find_package)
[9.481s]   /opt/ros/humble/share/pcl_conversions/cmake/pcl_conversionsConfig.cmake:41 (include)
[9.491s]   CMakeLists.txt:28 (find_package)
[9.491s] This warning is for project developers.  Use -Wno-dev to suppress it.
[9.491s] [0m
[9.562s] -- Eigen found (include: /usr/include/eigen3, version: 3.4.0)
[9.600s] -- OpenNI found (version: 1.5.4.0, include: /usr/include/ni, lib: /usr/lib/libOpenNI.so;libusb::libusb)
[9.639s] -- OpenNI2 found (version: 2.2.0.33, include: /usr/include/openni2, lib: /usr/lib/x86_64-linux-gnu/libOpenNI2.so;libusb::libusb)
[11.085s] -- Found Qhull version 8.0.2
[12.233s] -- OpenNI found (version: 1.5.4.0, include: /usr/include/ni, lib: /usr/lib/libOpenNI.so;libusb::libusb)
[13.518s] -- Found PCL_COMMON: /usr/lib/x86_64-linux-gnu/libpcl_common.so
[13.527s] -- Found PCL_KDTREE: /usr/lib/x86_64-linux-gnu/libpcl_kdtree.so
[13.529s] -- Found PCL_OCTREE: /usr/lib/x86_64-linux-gnu/libpcl_octree.so
[13.537s] -- Found PCL_SEARCH: /usr/lib/x86_64-linux-gnu/libpcl_search.so
[13.546s] -- Found PCL_SAMPLE_CONSENSUS: /usr/lib/x86_64-linux-gnu/libpcl_sample_consensus.so
[13.554s] -- Found PCL_FILTERS: /usr/lib/x86_64-linux-gnu/libpcl_filters.so
[13.555s] -- Found PCL_2D: /usr/include/pcl-1.12
[13.556s] -- Found PCL_GEOMETRY: /usr/include/pcl-1.12
[13.558s] -- Found PCL_IO: /usr/lib/x86_64-linux-gnu/libpcl_io.so
[13.560s] -- Found PCL_FEATURES: /usr/lib/x86_64-linux-gnu/libpcl_features.so
[13.568s] -- Found PCL_ML: /usr/lib/x86_64-linux-gnu/libpcl_ml.so
[13.571s] -- Found PCL_SEGMENTATION: /usr/lib/x86_64-linux-gnu/libpcl_segmentation.so
[13.578s] -- Found PCL_VISUALIZATION: /usr/lib/x86_64-linux-gnu/libpcl_visualization.so
[13.582s] -- Found PCL_SURFACE: /usr/lib/x86_64-linux-gnu/libpcl_surface.so
[13.587s] -- Found PCL_REGISTRATION: /usr/lib/x86_64-linux-gnu/libpcl_registration.so
[13.592s] -- Found PCL_KEYPOINTS: /usr/lib/x86_64-linux-gnu/libpcl_keypoints.so
[13.601s] -- Found PCL_TRACKING: /usr/lib/x86_64-linux-gnu/libpcl_tracking.so
[13.603s] -- Found PCL_RECOGNITION: /usr/lib/x86_64-linux-gnu/libpcl_recognition.so
[13.609s] -- Found PCL_STEREO: /usr/lib/x86_64-linux-gnu/libpcl_stereo.so
[13.614s] -- Found PCL_APPS: /usr/lib/x86_64-linux-gnu/libpcl_apps.so
[13.618s] -- Found PCL_IN_HAND_SCANNER: /usr/include/pcl-1.12
[13.619s] -- Found PCL_MODELER: /usr/include/pcl-1.12
[13.620s] -- Found PCL_POINT_CLOUD_EDITOR: /usr/include/pcl-1.12
[13.626s] -- Found PCL_OUTOFCORE: /usr/lib/x86_64-linux-gnu/libpcl_outofcore.so
[13.631s] -- Found PCL_PEOPLE: /usr/lib/x86_64-linux-gnu/libpcl_people.so
[13.649s] -- Found pcl_ros: 2.4.5 (/opt/ros/humble/share/pcl_ros/cmake)
[13.698s] [33mCMake Warning (dev) at CMakeLists.txt:30 (find_package):
[13.698s]   Policy CMP0074 is not set: find_package uses <PackageName>_ROOT variables.
[13.698s]   Run "cmake --help-policy CMP0074" for policy details.  Use the cmake_policy
[13.698s]   command to set the policy and suppress this warning.
[13.699s] 
[13.699s]   CMake variable PCL_ROOT is set to:
[13.699s] 
[13.699s]     /usr
[13.699s] 
[13.699s]   For compatibility, CMake is ignoring the variable.
[13.699s] This warning is for project developers.  Use -Wno-dev to suppress it.
[13.699s] [0m
[14.012s] -- Found ament_lint_auto: 0.12.15 (/opt/ros/humble/share/ament_lint_auto/cmake)
[14.294s] -- Added test 'copyright' to check source files copyright and LICENSE
[14.302s] -- Added test 'cppcheck' to perform static code analysis on C / C++ code
[14.302s] -- Configured cppcheck include dirs: 
[14.302s] -- Configured cppcheck exclude dirs and/or files: 
[14.307s] -- Added test 'cpplint' to check C / C++ code against the Google style
[14.308s] -- Configured cpplint exclude dirs and/or files: 
[14.312s] -- Added test 'lint_cmake' to check CMake code style
[14.318s] -- Added test 'uncrustify' to check C / C++ code style
[14.318s] -- Configured uncrustify additional arguments: 
[14.320s] -- Added test 'xmllint' to check XML markup files
[14.327s] -- Configuring done (14.3s)
[14.590s] -- Generating done (0.3s)
[14.613s] -- Build files have been written to: /home/xinzhu/sentry_ws/build/terrain_analysis_ext
[14.652s] Invoked command in '/home/xinzhu/sentry_ws/build/terrain_analysis_ext' returned '0': CMAKE_PREFIX_PATH=${CMAKE_PREFIX_PATH}:/home/xinzhu/Desktop/sentry_ws/install/control_panel:/opt/ros/humble PS1=%F{green}%n@%m%f%F{white}:%f%F{blue}%~%f%F{white}$%f /usr/local/bin/cmake /home/xinzhu/sentry_ws/src/autonomous_exploration_development_environment/src/terrain_analysis_ext -DCMAKE_BUILD_TYPE=Release -DAMENT_CMAKE_SYMLINK_INSTALL=1 -DCMAKE_INSTALL_PREFIX=/home/xinzhu/sentry_ws/install/terrain_analysis_ext
[14.653s] Invoking command in '/home/xinzhu/sentry_ws/build/terrain_analysis_ext': CMAKE_PREFIX_PATH=${CMAKE_PREFIX_PATH}:/home/xinzhu/Desktop/sentry_ws/install/control_panel:/opt/ros/humble PS1=%F{green}%n@%m%f%F{white}:%f%F{blue}%~%f%F{white}$%f /usr/local/bin/cmake --build /home/xinzhu/sentry_ws/build/terrain_analysis_ext -- -j16 -l16
[14.727s] [ 12%] [32mBuilding CXX object CMakeFiles/terrainAnalysisExt.dir/src/terrainAnalysisExt.cpp.o[0m
[46.214s] [ 25%] [32m[1mLinking CXX executable terrainAnalysisExt[0m
[46.966s] [ 25%] Built target terrainAnalysisExt
[46.976s] [ 37%] [32mBuilding CXX object CMakeFiles/pathNorm.dir/src/pathNorm.cpp.o[0m
[51.759s] [01m[K/home/xinzhu/sentry_ws/src/autonomous_exploration_development_environment/src/terrain_analysis_ext/src/pathNorm.cpp:[m[K In member function ‘[01m[Kvoid PointCloudProcessingNode::stateestimation_callback(nav_msgs::msg::Odometry_<std::allocator<void> >::SharedPtr)[m[K’:
[51.759s] [01m[K/home/xinzhu/sentry_ws/src/autonomous_exploration_development_environment/src/terrain_analysis_ext/src/pathNorm.cpp:207:76:[m[K [01;35m[Kwarning: [m[Kunused parameter ‘[01m[Kmsg[m[K’ [[01;35m[K]8;;https://gcc.gnu.org/onlinedocs/gcc/Warning-Options.html#index-Wunused-parameter-Wunused-parameter]8;;[m[K]
[51.759s]   207 |     void stateestimation_callback([01;35m[Kconst nav_msgs::msg::Odometry::SharedPtr msg[m[K)
[51.759s]       |                                   [01;35m[K~~~~~~~~~~~~~~~~~~~~~~~~~~~~~~~~~~~~~~~~~^~~[m[K
[70.221s] [ 50%] [32m[1mLinking CXX executable pathNorm[0m
[71.948s] [ 50%] Built target pathNorm
[71.961s] [ 62%] [32mBuilding CXX object CMakeFiles/PCDSaverNode.dir/src/PCDSaverNode.cpp.o[0m
[81.780s] [ 75%] [32m[1mLinking CXX executable PCDSaverNode[0m
[82.187s] [ 75%] Built target PCDSaverNode
[82.200s] [ 87%] [32mBuilding CXX object CMakeFiles/PCDPublisherNode.dir/src/PCDPublisherNode.cpp.o[0m
[98.222s] [100%] [32m[1mLinking CXX executable PCDPublisherNode[0m
[98.654s] [100%] Built target PCDPublisherNode
[98.660s] Invoked command in '/home/xinzhu/sentry_ws/build/terrain_analysis_ext' returned '0': CMAKE_PREFIX_PATH=${CMAKE_PREFIX_PATH}:/home/xinzhu/Desktop/sentry_ws/install/control_panel:/opt/ros/humble PS1=%F{green}%n@%m%f%F{white}:%f%F{blue}%~%f%F{white}$%f /usr/local/bin/cmake --build /home/xinzhu/sentry_ws/build/terrain_analysis_ext -- -j16 -l16
[98.662s] Invoking command in '/home/xinzhu/sentry_ws/build/terrain_analysis_ext': CMAKE_PREFIX_PATH=${CMAKE_PREFIX_PATH}:/home/xinzhu/Desktop/sentry_ws/install/control_panel:/opt/ros/humble PS1=%F{green}%n@%m%f%F{white}:%f%F{blue}%~%f%F{white}$%f /usr/local/bin/cmake --install /home/xinzhu/sentry_ws/build/terrain_analysis_ext
[98.665s] -- Install configuration: "Release"
[98.666s] -- Execute custom install script
[98.666s] -- Symlinking: /home/xinzhu/sentry_ws/install/terrain_analysis_ext/lib/terrain_analysis_ext/terrainAnalysisExt
[98.671s] -- Symlinking: /home/xinzhu/sentry_ws/install/terrain_analysis_ext/lib/terrain_analysis_ext/PCDPublisherNode
[98.674s] -- Symlinking: /home/xinzhu/sentry_ws/install/terrain_analysis_ext/lib/terrain_analysis_ext/PCDSaverNode
[98.679s] -- Symlinking: /home/xinzhu/sentry_ws/install/terrain_analysis_ext/lib/terrain_analysis_ext/pathNorm
[98.684s] -- Symlinking: /home/xinzhu/sentry_ws/install/terrain_analysis_ext/share/terrain_analysis_ext/launch/pathNorm.launch
[98.688s] -- Symlinking: /home/xinzhu/sentry_ws/install/terrain_analysis_ext/share/terrain_analysis_ext/launch/pub_analysis_result.launch
[98.692s] -- Symlinking: /home/xinzhu/sentry_ws/install/terrain_analysis_ext/share/terrain_analysis_ext/launch/save_terrain_analysis_ext.launch
[98.697s] -- Symlinking: /home/xinzhu/sentry_ws/install/terrain_analysis_ext/share/terrain_analysis_ext/launch/terrain_analysis_ext.launch
[98.701s] -- Symlinking: /home/xinzhu/sentry_ws/install/terrain_analysis_ext/share/terrain_analysis_ext/launch/terrain_analysis_ext_offline.launch
[98.706s] -- Symlinking: /home/xinzhu/sentry_ws/install/terrain_analysis_ext/share/terrain_analysis_ext/maps/analysis_result0201.pcd
[98.709s] -- Symlinking: /home/xinzhu/sentry_ws/install/terrain_analysis_ext/share/terrain_analysis_ext/maps/analysis_result0405.pcd
[98.714s] -- Symlinking: /home/xinzhu/sentry_ws/install/terrain_analysis_ext/share/terrain_analysis_ext/rviz/offline.rviz
[98.718s] -- Symlinking: /home/xinzhu/sentry_ws/install/terrain_analysis_ext/share/ament_index/resource_index/package_run_dependencies/terrain_analysis_ext
[98.721s] -- Symlinking: /home/xinzhu/sentry_ws/install/terrain_analysis_ext/share/ament_index/resource_index/parent_prefix_path/terrain_analysis_ext
[98.726s] -- Symlinking: /home/xinzhu/sentry_ws/install/terrain_analysis_ext/share/terrain_analysis_ext/environment/ament_prefix_path.sh
[98.731s] -- Symlinking: /home/xinzhu/sentry_ws/install/terrain_analysis_ext/share/terrain_analysis_ext/environment/ament_prefix_path.dsv
[98.735s] -- Symlinking: /home/xinzhu/sentry_ws/install/terrain_analysis_ext/share/terrain_analysis_ext/environment/path.sh
[98.738s] -- Symlinking: /home/xinzhu/sentry_ws/install/terrain_analysis_ext/share/terrain_analysis_ext/environment/path.dsv
[98.742s] -- Symlinking: /home/xinzhu/sentry_ws/install/terrain_analysis_ext/share/terrain_analysis_ext/local_setup.bash
[98.746s] -- Symlinking: /home/xinzhu/sentry_ws/install/terrain_analysis_ext/share/terrain_analysis_ext/local_setup.sh
[98.750s] -- Symlinking: /home/xinzhu/sentry_ws/install/terrain_analysis_ext/share/terrain_analysis_ext/local_setup.zsh
[98.754s] -- Symlinking: /home/xinzhu/sentry_ws/install/terrain_analysis_ext/share/terrain_analysis_ext/local_setup.dsv
[98.757s] -- Symlinking: /home/xinzhu/sentry_ws/install/terrain_analysis_ext/share/terrain_analysis_ext/package.dsv
[98.762s] -- Symlinking: /home/xinzhu/sentry_ws/install/terrain_analysis_ext/share/ament_index/resource_index/packages/terrain_analysis_ext
[98.765s] -- Symlinking: /home/xinzhu/sentry_ws/install/terrain_analysis_ext/share/terrain_analysis_ext/cmake/terrain_analysis_extConfig.cmake
[98.768s] -- Symlinking: /home/xinzhu/sentry_ws/install/terrain_analysis_ext/share/terrain_analysis_ext/cmake/terrain_analysis_extConfig-version.cmake
[98.772s] -- Symlinking: /home/xinzhu/sentry_ws/install/terrain_analysis_ext/share/terrain_analysis_ext/package.xml
[98.777s] Invoked command in '/home/xinzhu/sentry_ws/build/terrain_analysis_ext' returned '0': CMAKE_PREFIX_PATH=${CMAKE_PREFIX_PATH}:/home/xinzhu/Desktop/sentry_ws/install/control_panel:/opt/ros/humble PS1=%F{green}%n@%m%f%F{white}:%f%F{blue}%~%f%F{white}$%f /usr/local/bin/cmake --install /home/xinzhu/sentry_ws/build/terrain_analysis_ext
