[0mCMake Deprecation Warning at CMakeLists.txt:1 (cmake_minimum_required):
  Compatibility with CMake < 3.10 will be removed from a future version of
  CMake.

  Update the VERSION argument <min> value.  Or, use the <min>...<max> syntax
  to tell CMake that the project requires at least <min> but has been updated
  to work with policies introduced by <max> or earlier.

[0m
-- The C compiler identification is GNU 11.4.0
-- The CXX compiler identification is GNU 11.4.0
-- Detecting C compiler ABI info
-- Detecting C compiler ABI info - done
-- Check for working C compiler: /usr/bin/cc - skipped
-- Detecting C compile features
-- Detecting C compile features - done
-- Detecting CXX compiler ABI info
-- Detecting CXX compiler ABI info - done
-- Check for working CXX compiler: /usr/bin/c++ - skipped
-- Detecting CXX compile features
-- Detecting CXX compile features - done
-- Found ament_cmake: 1.3.13 (/opt/ros/humble/share/ament_cmake/cmake)
-- Found Python3: /usr/bin/python3 (found version "3.10.12") found components: Interpreter
-- Override CMake install command with custom implementation using symlinks instead of copying resources
-- Found nav2_bringup: 1.1.20 (/opt/ros/humble/share/nav2_bringup/cmake)
-- Found ament_lint_auto: 0.12.15 (/opt/ros/humble/share/ament_lint_auto/cmake)
-- Added test 'flake8' to check Python code syntax and style conventions
-- Added test 'lint_cmake' to check CMake code style
-- Added test 'pep257' to check Python code against some of the docstring style conventions in PEP 257
-- Added test 'xmllint' to check XML markup files
-- Configuring done (0.7s)
-- Generating done (0.0s)
-- Build files have been written to: /home/xinzhu/sentry_ws/build/sentry_bringup
-- Install configuration: "Release"
-- Execute custom install script
-- Symlinking: /home/xinzhu/sentry_ws/install/sentry_bringup/share/sentry_bringup/launch/bringup_all_in_one.launch.py
-- Symlinking: /home/xinzhu/sentry_ws/install/sentry_bringup/share/sentry_bringup/launch/bringup_without_relocalization.py
-- Symlinking: /home/xinzhu/sentry_ws/install/sentry_bringup/share/sentry_bringup/launch/mapping.launch.py
-- Symlinking: /home/xinzhu/sentry_ws/install/sentry_bringup/share/sentry_bringup/launch/navigation.launch.py
-- Symlinking: /home/xinzhu/sentry_ws/install/sentry_bringup/share/sentry_bringup/launch/octomap_server_intensity.launch.py
-- Symlinking: /home/xinzhu/sentry_ws/install/sentry_bringup/share/sentry_bringup/launch/relocalization.launch.py
-- Symlinking: /home/xinzhu/sentry_ws/install/sentry_bringup/share/sentry_bringup/launch/view_map.py
-- Symlinking: /home/xinzhu/sentry_ws/install/sentry_bringup/share/sentry_bringup/maps/GlobalMap.pcd
-- Symlinking: /home/xinzhu/sentry_ws/install/sentry_bringup/share/sentry_bringup/maps/GlobalMap2.pcd
-- Symlinking: /home/xinzhu/sentry_ws/install/sentry_bringup/share/sentry_bringup/maps/RMUC2024_2.pcd
-- Symlinking: /home/xinzhu/sentry_ws/install/sentry_bringup/share/sentry_bringup/maps/RMUL.png
-- Symlinking: /home/xinzhu/sentry_ws/install/sentry_bringup/share/sentry_bringup/maps/RMUL.yaml
-- Symlinking: /home/xinzhu/sentry_ws/install/sentry_bringup/share/sentry_bringup/maps/map.pcd
-- Symlinking: /home/xinzhu/sentry_ws/install/sentry_bringup/share/sentry_bringup/maps/rmuc2024.png
-- Symlinking: /home/xinzhu/sentry_ws/install/sentry_bringup/share/sentry_bringup/maps/rmuc2024.yaml
-- Symlinking: /home/xinzhu/sentry_ws/install/sentry_bringup/share/sentry_bringup/maps/test_map.png
-- Symlinking: /home/xinzhu/sentry_ws/install/sentry_bringup/share/sentry_bringup/maps/test_map.yaml
-- Symlinking: /home/xinzhu/sentry_ws/install/sentry_bringup/share/sentry_bringup/params/fast_lio_mapping_param.yaml
-- Symlinking: /home/xinzhu/sentry_ws/install/sentry_bringup/share/sentry_bringup/params/fast_lio_relocalization_param.yaml
-- Symlinking: /home/xinzhu/sentry_ws/install/sentry_bringup/share/sentry_bringup/params/fast_lio_sam_mapping_param.yaml
-- Symlinking: /home/xinzhu/sentry_ws/install/sentry_bringup/share/sentry_bringup/params/nav2_params.yaml
-- Symlinking: /home/xinzhu/sentry_ws/install/sentry_bringup/share/sentry_bringup/params/segmentation_params.yaml
-- Symlinking: /home/xinzhu/sentry_ws/install/sentry_bringup/share/sentry_bringup/behavior_tree/nav_to_pose_with_consistent_replanning_and_if_path_becomes_invalid.xml
-- Symlinking: /home/xinzhu/sentry_ws/install/sentry_bringup/share/sentry_bringup/behavior_tree/navigate_through_pose_w_replanning_and_recovery.xml
-- Symlinking: /home/xinzhu/sentry_ws/install/sentry_bringup/share/sentry_bringup/behavior_tree/navigate_to_pose_w_replanning_and_recovery.xml
-- Symlinking: /home/xinzhu/sentry_ws/install/sentry_bringup/share/sentry_bringup/behavior_tree/navigate_to_pose_w_replanning_goal_patience_and_recovery.xml
-- Symlinking: /home/xinzhu/sentry_ws/install/sentry_bringup/share/sentry_bringup/behavior_tree/navigate_w_recovery_and_replanning_only_if_path_becomes_invalid.xml
-- Symlinking: /home/xinzhu/sentry_ws/install/sentry_bringup/share/sentry_bringup/rviz/compare.rviz
-- Symlinking: /home/xinzhu/sentry_ws/install/sentry_bringup/share/sentry_bringup/rviz/loam_livox.rviz
-- Symlinking: /home/xinzhu/sentry_ws/install/sentry_bringup/share/sentry_bringup/rviz/nav2_default_view.rviz
-- Symlinking: /home/xinzhu/sentry_ws/install/sentry_bringup/share/ament_index/resource_index/package_run_dependencies/sentry_bringup
-- Symlinking: /home/xinzhu/sentry_ws/install/sentry_bringup/share/ament_index/resource_index/parent_prefix_path/sentry_bringup
-- Symlinking: /home/xinzhu/sentry_ws/install/sentry_bringup/share/sentry_bringup/environment/ament_prefix_path.sh
-- Symlinking: /home/xinzhu/sentry_ws/install/sentry_bringup/share/sentry_bringup/environment/ament_prefix_path.dsv
-- Symlinking: /home/xinzhu/sentry_ws/install/sentry_bringup/share/sentry_bringup/environment/path.sh
-- Symlinking: /home/xinzhu/sentry_ws/install/sentry_bringup/share/sentry_bringup/environment/path.dsv
-- Symlinking: /home/xinzhu/sentry_ws/install/sentry_bringup/share/sentry_bringup/local_setup.bash
-- Symlinking: /home/xinzhu/sentry_ws/install/sentry_bringup/share/sentry_bringup/local_setup.sh
-- Symlinking: /home/xinzhu/sentry_ws/install/sentry_bringup/share/sentry_bringup/local_setup.zsh
-- Symlinking: /home/xinzhu/sentry_ws/install/sentry_bringup/share/sentry_bringup/local_setup.dsv
-- Symlinking: /home/xinzhu/sentry_ws/install/sentry_bringup/share/sentry_bringup/package.dsv
-- Symlinking: /home/xinzhu/sentry_ws/install/sentry_bringup/share/ament_index/resource_index/packages/sentry_bringup
-- Symlinking: /home/xinzhu/sentry_ws/install/sentry_bringup/share/sentry_bringup/cmake/sentry_bringupConfig.cmake
-- Symlinking: /home/xinzhu/sentry_ws/install/sentry_bringup/share/sentry_bringup/cmake/sentry_bringupConfig-version.cmake
-- Symlinking: /home/xinzhu/sentry_ws/install/sentry_bringup/share/sentry_bringup/package.xml
